----------------------setting up as----------------------------
----------------------setting up as----------------------------
----------------------setting up as----------------------------
----------------------setting up as----------------------------
Unrenormalised bag is -  [ 1.55114   1.512895  1.555642  1.50854   1.584835]
Unrenormalised bare ratios is -  [[-21.438699]
 [-21.405287]
 [-21.442041]
 [-21.389137]]
ZA -  0.71273    ZP -  0.6945
Renormalised B is- 
[ 0.53306264  0.83835826  0.08415093 -0.7440333   1.59478313]
(0, 0, 0) (5,) (5,)
(0, 0, 1) (5,) (5,)
(0, 0, 2) (5,) (5,)
(0, 1, 0) (5,) (5,)
(0, 1, 1) (5,) (5,)
(0, 1, 2) (5,) (5,)
(0, 2, 0) (5,) (5,)
(0, 2, 1) (5,) (5,)
(0, 2, 2) (5,) (5,)
Renormalised R is- 
