----------------------setting up as----------------------------
----------------------setting up as----------------------------
----------------------setting up as----------------------------
----------------------setting up as----------------------------
24 ms SUSY gg
Unrenormalised bag is -  [ 1.531126  1.184277 -1.791854  0.945944  0.489873]
Unrenormalised bare ratios is -  [[-21.395342 -21.323851 -21.438699 ..., -21.42395  -21.301824 -21.405902]
 [ 32.387562  32.279551  32.458398 ...,  32.469014  32.271109  32.418288]
 [-17.220644 -17.180836 -17.23766  ..., -17.379827 -17.277187 -17.271899]
 [ -8.862963  -8.846121  -8.872476 ...,  -8.945566  -8.890274  -8.894053]]
data/Zms_boot_mu_match_24cubed_gg_block.out
Z matrix is - 
[[ 0.920215  0.        0.        0.        0.      ]
 [ 0.        1.050434  0.281974  0.        0.      ]
 [ 0.        0.056536  0.953475  0.        0.      ]
 [ 0.        0.        0.        0.933499 -0.02688 ]
 [ 0.        0.        0.       -0.330651  1.161232]]
Renormalised B is- 
[ 0.52836192  0.54868567  0.96789863  0.86285501  0.58247319]
Renormalised R is- 
[  0.99437596 -17.16435261   6.08758451  32.09335864   7.20990399]
-----Interpolating non-physical mass data-----
Interpolate dR/dms to the near physical point data
-----Interpolating non-physical mass data-----
Interpolate dR/dms to the near physical point data
(5, 3, 1, 501) (5, 3, 1, 501) (501,) (1, 3, 4, 1, 501)
0
[[ 0.00850192]
 [ 0.00851048]
 [ 0.00922499]]
1
[[ 0.16511044]
 [ 0.173525  ]
 [ 0.18176847]] [[-0.14699259]
 [-0.1394006 ]
 [-0.13909533]]
2
[[-0.05820299]
 [-0.06128087]
 [-0.06427084]] [[ 0.05213443]
 [ 0.04932042]
 [ 0.04899199]]
3
[[-0.31133096]
 [-0.31546904]
 [-0.32880382]] [[ 0.27345304]
 [ 0.25344713]
 [ 0.24921609]]
4
[[-0.07038494]
 [-0.07234061]
 [-0.0766743 ]] [[ 0.06168627]
 [ 0.05775042]
 [ 0.0578657 ]]
Interpolated B is -  [[ 0.53201489]
 [ 0.55137979]
 [ 0.97183303]
 [ 0.86639791]
 [ 0.58761936]]
Interpolated B is -  [[ 0.53255018]
 [ 0.57947991]
 [ 1.02322526]
 [ 0.87791369]
 [ 0.6039465 ]]
32 ms SUSY gg
Unrenormalised bag is -  [ 1.494694  1.202869 -1.837128  0.907511  0.458776]
Unrenormalised bare ratios is -  [[-25.125635 -25.043168 -25.038251 ..., -25.028875 -24.923587 -25.114861]
 [ 38.287211  38.137487  38.10305  ...,  38.172154  37.97357   38.267258]
 [-19.01485  -18.905824 -18.819727 ..., -18.964935 -18.867802 -18.94673 ]
 [ -9.598064  -9.555677  -9.515797 ...,  -9.573961  -9.53175   -9.579905]]
data/Zms_boot_mu_match_32cubed_gg_block.out
Z matrix is - 
[[ 0.945261  0.        0.        0.        0.      ]
 [ 0.        1.0474    0.278183  0.        0.      ]
 [ 0.        0.043911  0.873855  0.        0.      ]
 [ 0.        0.        0.        0.865954 -0.012447]
 [ 0.        0.        0.       -0.326269  1.210841]]
Renormalised B is- 
[ 0.52982848  0.53692814  0.89597919  0.89044084  0.64421132]
Renormalised R is- 
[  1.02231611 -17.61548911   5.87790824  34.97325803   8.4682829 ]
-----Interpolating non-physical mass data-----
Interpolate dR/dms to the near physical point data
-----Interpolating non-physical mass data-----
Interpolate dR/dms to the near physical point data
(5, 3, 1, 501) (5, 3, 1, 501) (501,) (1, 3, 3, 1, 501)
0
[[ 0.00844567]
 [ 0.00864352]
 [ 0.00868849]]
1
[[ 0.16048404]
 [ 0.16279893]
 [ 0.1644903 ]] [[-0.14651161]
 [-0.1486816 ]
 [-0.14546119]]
2
[[-0.05357185]
 [-0.05420741]
 [-0.05477689]] [[ 0.04894705]
 [ 0.04952829]
 [ 0.04837745]]
3
[[-0.31945538]
 [-0.32150754]
 [-0.32157656]] [[ 0.28983609]
 [ 0.2957376 ]
 [ 0.2845776 ]]
4
[[-0.07694287]
 [-0.07807846]
 [-0.07868004]] [[ 0.07009389]
 [ 0.07171988]
 [ 0.06964952]]
Interpolated B is -  [[ 0.5284949 ]
 [ 0.53593013]
 [ 0.89450545]
 [ 0.88900721]
 [ 0.64236925]]
Interpolated B is -  [[ 0.54087559]
 [ 0.54366062]
 [ 0.9051175 ]
 [ 0.89471815]
 [ 0.65184985]]
Interpolated B is -  [[ 0.54368975]
 [ 0.54930888]
 [ 0.91462641]
 [ 0.89491021]
 [ 0.65687227]]
48 ms SUSY gg
Unrenormalised bag is -  [[ 1.55547701  1.55757778  1.55362159 ...,  1.5598041   1.55646184
   1.55742327]
 [ 1.22580799  1.22666295  1.22750156 ...,  1.22727901  1.22685875
   1.22644856]
 [-1.86547726 -1.86677924 -1.8678765  ..., -1.86694583 -1.86659135
  -1.86617962]
 [ 0.96107359  0.96078683  0.96008066 ...,  0.96052682  0.96087227
   0.96112814]
 [ 0.49515669  0.49498506  0.49461602 ...,  0.49480345  0.49504743
   0.49513115]]
Unrenormalised bare ratios is -  [[-23.320056   -23.26213436 -23.333959   ..., -23.25488322 -23.3141627
  -23.28736511]
 [ 35.49050983  35.40023346  35.50647587 ...,  35.37570546  35.4685722
   35.43416867]
 [-18.27854849 -18.21654545 -18.24633115 ..., -18.19446715 -18.25215609
  -18.24681984]
 [ -9.41735237  -9.38455152  -9.39975583 ...,  -9.37283193  -9.40358238
   -9.39991398]]
data/Zms_boot_mu_match_24cubed_gg_block.out
Z matrix is - 
[[ 0.920215  0.        0.        0.        0.      ]
 [ 0.        1.050434  0.281974  0.        0.      ]
 [ 0.        0.056536  0.953475  0.        0.      ]
 [ 0.        0.        0.        0.933499 -0.02688 ]
 [ 0.        0.        0.       -0.330651  1.161232]]
Renormalised B is- 
[ 0.53743659  0.55753725  0.98831617  0.8988526   0.60087626]
Renormalised R is- 
[  1.01619427 -18.5309628    6.56979909  35.85556819   7.98979707]
Interpolating physical pt data to true strange physical point
Interpolating physical pt data to true strange physical point
(5, 1, 1, 501) (5, 1, 1, 501) (501,) (1, 1, 2, 1, 501)
0
[[ 0.00857736]]
1
[[ 0.16682356]] [[-0.16014951]]
2
[[-0.05915106]] [[ 0.05677922]]
3
[[-0.32275128]] [[ 0.31005769]]
4
[[-0.07186052]] [[ 0.06906212]]
Interpolated B is -  [[ 0.53673559]
 [ 0.55710072]
 [ 0.98766321]
 [ 0.89817932]
 [ 0.59993841]]
64 ms SUSY gg
Unrenormalised bag is -  [[ 1.50983843  1.4994198   1.49292605 ...,  1.50126416  1.48978841
   1.49653838]
 [ 1.22125555  1.215269    1.20608145 ...,  1.21334216  1.21217694
   1.21093375]
 [-1.86729716 -1.8575678  -1.84388862 ..., -1.85457716 -1.85304505
  -1.851134  ]
 [ 0.88713639  0.882251    0.87701784 ...,  0.88278688  0.87860248
   0.88037091]
 [ 0.44833232  0.44579453  0.44318866 ...,  0.44609351  0.44404573
   0.44488451]]
Unrenormalised bare ratios is -  [[-26.02469587 -26.0435717  -26.03112909 ..., -26.02355119 -26.0888811
  -26.01830341]
 [ 39.85576774  39.87450589  39.86038076 ...,  39.83905727  39.94611175
   39.83975599]
 [-19.28125277 -19.28981647 -19.27712286 ..., -19.30113502 -19.30027811
  -19.27835546]
 [ -9.762003    -9.76543758  -9.7599914  ...,  -9.77116924  -9.77129263
   -9.76056549]]
data/Zms_boot_mu_match_32cubed_gg_block.out
Z matrix is - 
[[ 0.945261  0.        0.        0.        0.      ]
 [ 0.        1.0474    0.278183  0.        0.      ]
 [ 0.        0.043911  0.873855  0.        0.      ]
 [ 0.        0.        0.        0.865954 -0.012447]
 [ 0.        0.        0.       -0.326269  1.210841]]
Renormalised B is- 
[ 0.53048226  0.52087219  0.86954452  0.89725728  0.64812633]
Renormalised R is- 
[  1.06323312 -18.64101181   6.21123163  37.87403226   9.09337928]
Interpolating physical pt data to true strange physical point
Interpolating physical pt data to true strange physical point
(5, 1, 1, 501) (5, 1, 1, 501) (501,) (1, 1, 2, 1, 501)
0
[[ 0.00834545]]
1
[[ 0.15416401]] [[-0.1591291]]
2
[[-0.05152057]] [[ 0.05309417]]
3
[[-0.31927317]] [[ 0.32413352]]
4
[[-0.07633721]] [[ 0.07722558]]
Interpolated B is -  [[ 0.52222369]
 [ 0.51482464]
 [ 0.8602545 ]
 [ 0.88850014]
 [ 0.63731279]]
