----------------------setting up as----------------------------
----------------------setting up as----------------------------
----------------------setting up as----------------------------
----------------------setting up as----------------------------
Unrenormalised bag is -  [ 1.531126  0.496292  0.994842 -1.850662  1.293366]
Unrenormalised bare ratios is -  [-21.405902  25.826351 -14.211968  -6.838131]
ZA -  0.71273    ZP -  0.6945
Renormalised B is- 
[ 0.52618466 -1.10264723 -5.62017246 -0.46668955  0.62929307]
(5, 3, 3, 501)
-----Interpolating non-physical mass data-----
Interpolate dR/dms to the near physical point data
24  - dy/dms =  [-109.44298501   -2.82593099   -0.14024838]
-----Interpolating non-physical mass data-----
Interpolate dR/dms to the near physical point data
24  - dy/dms =  [ 17.09057659  15.81708077  13.5778284 ]
(5, 3, 501) (5, 3, 501) (501,) (1, 3, 4, 501)
Interpolated B is -  [ 0.49084626 -0.09260145 -1.68297163 -0.34009071  0.82541907]
Interpolated B is -  [ 0.22528834  0.89991693  0.96416319 -0.28164721 -0.29239555]
Unrenormalised bag is -  [ 1.494694  1.22968  -1.848958  0.935717  0.471236]
Unrenormalised bare ratios is -  [-25.114861 -16.10451  -20.130616 -16.7623  ]
ZA -  0.74404    ZP -  0.694
Renormalised B is- 
[ 0.52764529  0.54204338  0.87530797  0.83157755  0.67264668]
(5, 3, 2, 501)
-----Interpolating non-physical mass data-----
Interpolate dR/dms to the near physical point data
32  - dy/dms =  [ -20.60355997  193.77823777   75.64417095]
-----Interpolating non-physical mass data-----
Interpolate dR/dms to the near physical point data
32  - dy/dms =  [ 24.36942361  23.51415934  22.14250538]
(5, 3, 501) (5, 3, 501) (501,) (1, 3, 3, 501)
Interpolated B is -  [ 0.53856518  0.5725141   1.19137252  0.9616849   0.89927699]
Interpolated B is -  [-0.75123115  0.89775055 -0.03748544 -0.17479483  0.95916536]
Interpolated B is -  [ 0.12186214 -1.27427489 -5.97506686 -0.74521625  1.78126688]
ZA -  0.71273    ZP -  0.6945
Renormalised B is- 
[ 0.53522194  0.5459258   0.93050751  0.83366825  0.60778382]
(5, 1, 1, 501)
Interpolating physical pt data to true strange physical point
uninterpolated value is  [[ 0.53522194]]
interpolated physical value is [ 0.57757559]
Interpolating physical pt data to true strange physical point
uninterpolated value is  [[ 1.01619427]]
interpolated physical value is [ 1.0089828]
(5, 1, 501) (5, 1, 501) (501,) (1, 1, 2, 501)
Interpolated B is -  [ 0.57757559  0.56220317  1.00351448  0.82778529  0.50132854]
ZA -  0.74404    ZP -  0.694
Renormalised B is- 
[ 0.52829638  0.50995878  0.82062292  0.83284876  0.65522292]
(5, 1, 1, 501)
Interpolating physical pt data to true strange physical point
uninterpolated value is  [[ 0.52829638]]
interpolated physical value is [ 0.66455271]
Interpolating physical pt data to true strange physical point
uninterpolated value is  [[ 1.06323312]]
interpolated physical value is [ 0.98379219]
(5, 1, 501) (5, 1, 501) (501,) (1, 1, 2, 501)
Interpolated B is -  [ 0.66455271  1.81354715  6.45024034  3.0320414   2.22078742]
----------------------setting up as----------------------------
----------------------setting up as----------------------------
----------------------setting up as----------------------------
----------------------setting up as----------------------------
Unrenormalised bag is -  [ 1.531126  0.496292  0.994842 -1.850662  1.293366]
Unrenormalised bare ratios is -  [-21.405902  25.826351 -14.211968  -6.838131]
ZA -  0.71273    ZP -  0.6945
Renormalised B is- 
[ 0.52618466  0.62929307 -0.46668955 -1.10264723  1.90903625]
(5, 3, 3, 501)
-----Interpolating non-physical mass data-----
Interpolate dR/dms to the near physical point data
24  - dy/dms =  [-109.44298501   -2.82593099   -0.14024838]
-----Interpolating non-physical mass data-----
Interpolate dR/dms to the near physical point data
24  - dy/dms =  [ 17.09057659  15.81708077  13.5778284 ]
(5, 3, 501) (5, 3, 501) (501,) (1, 3, 4, 501)
Interpolated B is -  [ 0.49084626  0.82541907 -0.34009071 -0.09260145  0.99216125]
Interpolated B is -  [ 0.22528834 -0.29239555 -0.28164721  0.89991693  0.61035107]
Unrenormalised bag is -  [ 1.494694  1.22968  -1.848958  0.935717  0.471236]
Unrenormalised bare ratios is -  [-25.114861 -16.10451  -20.130616 -16.7623  ]
ZA -  0.74404    ZP -  0.694
Renormalised B is- 
[ 0.52764529  0.67264668  0.83157755  0.54204338  0.31986699]
(5, 3, 2, 501)
-----Interpolating non-physical mass data-----
Interpolate dR/dms to the near physical point data
32  - dy/dms =  [ -20.60355997  193.77823777   75.64417095]
-----Interpolating non-physical mass data-----
Interpolate dR/dms to the near physical point data
32  - dy/dms =  [ 24.36942361  23.51415934  22.14250538]
(5, 3, 501) (5, 3, 501) (501,) (1, 3, 3, 501)
Interpolated B is -  [ 0.53856518  0.89927699  0.9616849   0.5725141   0.15994183]
Interpolated B is -  [-0.75123115  0.95916536 -0.17479483  0.89775055  1.52124121]
Interpolated B is -  [ 0.12186214  1.78126688 -0.74521625 -1.27427489  1.85958642]
ZA -  0.71273    ZP -  0.6945
Renormalised B is- 
[ 0.53522194  0.60778382  0.83366825  0.5459258   0.28953799]
(5, 1, 1, 501)
Interpolating physical pt data to true strange physical point
uninterpolated value is  [[ 0.53522194]]
interpolated physical value is [ 0.57757559]
Interpolating physical pt data to true strange physical point
uninterpolated value is  [[ 1.01619427]]
interpolated physical value is [ 1.0089828]
(5, 1, 501) (5, 1, 501) (501,) (1, 1, 2, 501)
Interpolated B is -  [ 0.57757559  0.50132854  0.82778529  0.56220317  0.27772708]
ZA -  0.74404    ZP -  0.694
Renormalised B is- 
[ 0.52829638  0.65522292  0.83284876  0.50995878  0.30284936]
(5, 1, 1, 501)
Interpolating physical pt data to true strange physical point
uninterpolated value is  [[ 0.52829638]]
interpolated physical value is [ 0.66455271]
Interpolating physical pt data to true strange physical point
uninterpolated value is  [[ 1.06323312]]
interpolated physical value is [ 0.98379219]
(5, 1, 501) (5, 1, 501) (501,) (1, 1, 2, 501)
Interpolated B is -  [ 0.66455271  2.22078742  3.0320414   1.81354715 -1.27758165]
----------------------setting up as----------------------------
----------------------setting up as----------------------------
----------------------setting up as----------------------------
----------------------setting up as----------------------------
Unrenormalised bag is -  [ 1.531126  0.496292  0.994842 -1.850662  1.293366]
Unrenormalised bare ratios is -  [-21.405902  25.826351 -14.211968  -6.838131]
ZA -  0.71273    ZP -  0.6945
Renormalised B is- 
[ 0.52836192 -1.11365499 -6.12351172 -0.5142794   0.63336697]
(5, 3, 3, 501)
-----Interpolating non-physical mass data-----
Interpolate dR/dms to the near physical point data
24  - dy/dms =  [-109.89584117   -2.8376242    -0.14082871]
-----Interpolating non-physical mass data-----
Interpolate dR/dms to the near physical point data
24  - dy/dms =  [ 17.09057659  15.81708077  13.5778284 ]
(5, 3, 501) (5, 3, 501) (501,) (1, 3, 4, 501)
Interpolated B is -  [ 0.4928773  -0.0981399  -1.86264431 -0.38272021  0.82999466]
Interpolated B is -  [ 0.22622055  0.91918936  0.99818557 -0.29766848 -0.2971035 ]
Unrenormalised bag is -  [ 1.494694  1.22968  -1.848958  0.935717  0.471236]
Unrenormalised bare ratios is -  [-25.114861 -16.10451  -20.130616 -16.7623  ]
ZA -  0.74404    ZP -  0.694
Renormalised B is- 
[ 0.52982848  0.55476498  0.92951232  0.89752822  0.66690126]
(5, 3, 2, 501)
-----Interpolating non-physical mass data-----
Interpolate dR/dms to the near physical point data
32  - dy/dms =  [ -20.68880935  194.58001543   75.9571566 ]
-----Interpolating non-physical mass data-----
Interpolate dR/dms to the near physical point data
32  - dy/dms =  [ 24.36942361  23.51415934  22.14250538]
(5, 3, 501) (5, 3, 501) (501,) (1, 3, 3, 501)
Interpolated B is -  [ 0.54079355  0.5849172   1.27594316  1.03667884  0.89273514]
Interpolated B is -  [-0.75433945  0.92458092 -0.0999595  -0.20021954  0.96130217]
Interpolated B is -  [ 0.12236635 -1.28900862 -6.5035232  -0.82936402  1.78842836]
ZA -  0.71273    ZP -  0.6945
Renormalised B is- 
[ 0.53743659  0.55854922  0.99011004  0.90048408  0.6019669 ]
(5, 1, 1, 501)
Interpolating physical pt data to true strange physical point
uninterpolated value is  [[ 0.53743659]]
interpolated physical value is [ 0.57996549]
Interpolating physical pt data to true strange physical point
uninterpolated value is  [[ 1.01619427]]
interpolated physical value is [ 1.0089828]
(5, 1, 501) (5, 1, 501) (501,) (1, 1, 2, 501)
Interpolated B is -  [ 0.57996549  0.57500146  1.06982565  0.89558302  0.49515994]
ZA -  0.74404    ZP -  0.694
Renormalised B is- 
[ 0.53048226  0.5219385   0.87132461  0.8990941   0.64945315]
(5, 1, 1, 501)
Interpolating physical pt data to true strange physical point
uninterpolated value is  [[ 0.53048226]]
interpolated physical value is [ 0.66730236]
Interpolating physical pt data to true strange physical point
uninterpolated value is  [[ 1.06323312]]
interpolated physical value is [ 0.98379219]
(5, 1, 501) (5, 1, 501) (501,) (1, 1, 2, 501)
Interpolated B is -  [ 0.66730236  1.84246996  6.99211906  3.27494119  2.19964322]
----------------------setting up as----------------------------
----------------------setting up as----------------------------
----------------------setting up as----------------------------
----------------------setting up as----------------------------
Unrenormalised bag is -  [ 1.531126  0.496292  0.994842 -1.850662  1.293366]
Unrenormalised bare ratios is -  [-21.405902  25.826351 -14.211968  -6.838131]
ZA -  0.71273    ZP -  0.6945
Renormalised B is- 
[ 0.52836192  0.63336697 -0.5142794  -1.11365499  2.22624949]
(5, 3, 3, 501)
-----Interpolating non-physical mass data-----
Interpolate dR/dms to the near physical point data
24  - dy/dms =  [-109.89584117   -2.8376242    -0.14082871]
-----Interpolating non-physical mass data-----
Interpolate dR/dms to the near physical point data
24  - dy/dms =  [ 17.09057659  15.81708077  13.5778284 ]
(5, 3, 501) (5, 3, 501) (501,) (1, 3, 4, 501)
Interpolated B is -  [ 0.4928773   0.82999466 -0.38272021 -0.0981399   1.13850045]
Interpolated B is -  [ 0.22622055 -0.2971035  -0.29766848  0.91918936  0.63078317]
Unrenormalised bag is -  [ 1.494694  1.22968  -1.848958  0.935717  0.471236]
Unrenormalised bare ratios is -  [-25.114861 -16.10451  -20.130616 -16.7623  ]
ZA -  0.74404    ZP -  0.694
Renormalised B is- 
[ 0.52982848  0.66690126  0.89752822  0.55476498  0.30493341]
(5, 3, 2, 501)
-----Interpolating non-physical mass data-----
Interpolate dR/dms to the near physical point data
32  - dy/dms =  [ -20.68880935  194.58001543   75.9571566 ]
-----Interpolating non-physical mass data-----
Interpolate dR/dms to the near physical point data
32  - dy/dms =  [ 24.36942361  23.51415934  22.14250538]
(5, 3, 501) (5, 3, 501) (501,) (1, 3, 3, 501)
Interpolated B is -  [ 0.54079355  0.89273514  1.03667884  0.5849172   0.12423323]
Interpolated B is -  [-0.75433945  0.96130217 -0.20021954  0.92458092  1.60760786]
Interpolated B is -  [ 0.12236635  1.78842836 -0.82936402 -1.28900862  2.18733443]
ZA -  0.71273    ZP -  0.6945
Renormalised B is- 
[ 0.53743659  0.6019669   0.90048408  0.55854922  0.27084201]
(5, 1, 1, 501)
Interpolating physical pt data to true strange physical point
uninterpolated value is  [[ 0.53743659]]
interpolated physical value is [ 0.57996549]
Interpolating physical pt data to true strange physical point
uninterpolated value is  [[ 1.01619427]]
interpolated physical value is [ 1.0089828]
(5, 1, 501) (5, 1, 501) (501,) (1, 1, 2, 501)
Interpolated B is -  [ 0.57996549  0.49515994  0.89558302  0.57500146  0.2542585 ]
ZA -  0.74404    ZP -  0.694
Renormalised B is- 
[ 0.53048226  0.64945315  0.8990941   0.5219385   0.28901442]
(5, 1, 1, 501)
Interpolating physical pt data to true strange physical point
uninterpolated value is  [[ 0.53048226]]
interpolated physical value is [ 0.66730236]
Interpolating physical pt data to true strange physical point
uninterpolated value is  [[ 1.06323312]]
interpolated physical value is [ 0.98379219]
(5, 1, 501) (5, 1, 501) (501,) (1, 1, 2, 501)
Interpolated B is -  [ 0.66730236  2.19964322  3.27494119  1.84246996 -1.59062944]
