----------------------setting up as----------------------------
----------------------setting up as----------------------------
----------------------setting up as----------------------------
----------------------setting up as----------------------------
Reading 2pts...
Done

Reading 3pts...
Done

-----Interpolating non-physical mass data-----
Interpolate dR/dms to the near physical point data
-----Interpolating non-physical mass data-----
Interpolate dR/dms to the near physical point data
(5, 3, 1, 501) (5, 3, 1, 501) (501,) (1, 3, 4, 1, 501)
0
[[ 0.00875821]
 [ 0.00876703]
 [ 0.00950307]]
1
[[ 0.13907681]
 [ 0.14296648]
 [ 0.15156246]] [[-0.12188183]
 [-0.11411963]
 [-0.1143741 ]]
2
[[-0.33087406]
 [-0.33525427]
 [-0.34940332]] [[ 0.29061241]
 [ 0.26934115]
 [ 0.26482613]]
3
[[ 0.17543004]
 [ 0.18437042]
 [ 0.19312903]] [[-0.15617499]
 [-0.14810887]
 [-0.14778474]]
4
[[ 0.05149394]
 [ 0.05387996]
 [ 0.05627145]] [[-0.04516313]
 [-0.04308942]
 [-0.04346553]]
Reading 2pts...
Done

Reading 3pts...
Done

-----Interpolating non-physical mass data-----
Interpolate dR/dms to the near physical point data
-----Interpolating non-physical mass data-----
Interpolate dR/dms to the near physical point data
(5, 3, 1, 501) (5, 3, 1, 501) (501,) (1, 3, 3, 1, 501)
0
[[ 0.00866658]
 [ 0.00886961]
 [ 0.00891576]]
1
[[ 0.15256548]
 [ 0.15483022]
 [ 0.15603498]] [[-0.13896284]
 [-0.14219042]
 [-0.13809863]]
2
[[-0.33733633]
 [-0.33949304]
 [-0.3395565 ]] [[ 0.30599289]
 [ 0.31222018]
 [ 0.30042795]]
3
[[ 0.16913089]
 [ 0.17157063]
 [ 0.17335313]] [[-0.15437447]
 [-0.15666105]
 [-0.15326788]]
4
[[ 0.05600955]
 [ 0.057108  ]
 [ 0.05768795]] [[-0.05103941]
 [-0.05209966]
 [-0.0511365 ]]
 Reading Physical point Bag data...
Done

 Reading Physical point Mass data...
Done

Done

2 24
Interpolating physical pt data to true strange physical point
Interpolating physical pt data to true strange physical point
(5, 1, 1, 501) (5, 1, 1, 501) (501,) (1, 1, 2, 1, 501)
0
[[ 0.00883593]]
1
[[ 0.14196492]] [[-0.1364333]]
2
[[-0.34303037]] [[ 0.32952926]]
3
[[ 0.1772499]] [[-0.17015383]]
4
[[ 0.05129412]] [[-0.04925168]]
 Reading Physical point Bag data...
Done

 Reading Physical point Mass data...
Done

Done

3 32
Interpolating physical pt data to true strange physical point
Interpolating physical pt data to true strange physical point
(5, 1, 1, 501) (5, 1, 1, 501) (501,) (1, 1, 2, 1, 501)
0
[[ 0.00854915]]
1
[[ 0.15138978]] [[-0.15897347]]
2
[[-0.33728549]] [[ 0.35444795]]
3
[[ 0.16245412]] [[-0.17068296]]
4
[[ 0.05369522]] [[-0.05635851]]
do log value is -  0
---Doing Global Fitting---
Scheme -  ms   Basis -  Lattice   Kinematics -  qq
Doing  R
Channel -  0
---Fitting Results---
parameters: 
p0 -  0.965658772976  +/-  0.780623263662
p1 -  1.90876474545  +/-  0.749459878288
p2 -  0.0889939212261  +/-  0.710913574064


chisq -  17.2187095862  +/-  8.337031273
chisq/dof -  2.45981565517 +/- 1.19100446757
---continuum point is: yp =  0.979591343485  +/-  0.0145117322582
Saving  ./plots/linear/R1_Lattice_ms_qq .pdf
Scheme -  ms   Basis -  Lattice   Kinematics -  qq
Doing  R
Channel -  1
---Fitting Results---
parameters: 
p0 -  -21.6481076924  +/-  39.2990293875
p1 -  74.1539561563  +/-  38.8906828935
p2 -  17.4669232056  +/-  39.4581748017


chisq -  10.8411140042  +/-  7.95602801713
chisq/dof -  1.54873057203 +/- 1.13657543102
---continuum point is: yp =  -21.1068386727  +/-  0.288484365514
Saving  ./plots/linear/R2_Lattice_ms_qq .pdf
Scheme -  ms   Basis -  Lattice   Kinematics -  qq
Doing  R
Channel -  2
---Fitting Results---
parameters: 
p0 -  45.0658081314  +/-  96.7988082956
p1 -  -185.162125927  +/-  95.8130595004
p2 -  -20.3933790381  +/-  98.2726490098


chisq -  9.06287387642  +/-  7.34246766361
chisq/dof -  1.29469626806 +/- 1.04892395194
---continuum point is: yp =  43.7142615978  +/-  0.647636012585
Saving  ./plots/linear/R3_Lattice_ms_qq .pdf
Scheme -  ms   Basis -  Lattice   Kinematics -  qq
Doing  R
Channel -  3
---Fitting Results---
parameters: 
p0 -  -20.3953429901  +/-  36.6167540057
p1 -  66.256080537  +/-  35.9837990616
p2 -  2.43132134337  +/-  36.8461933765


chisq -  5.32346361276  +/-  5.79392951595
chisq/dof -  0.760494801823 +/- 0.827704216565
---continuum point is: yp =  -19.9117226194  +/-  0.317450907651
Saving  ./plots/linear/R4_Lattice_ms_qq .pdf
Scheme -  ms   Basis -  Lattice   Kinematics -  qq
Doing  R
Channel -  4
---Fitting Results---
parameters: 
p0 -  -7.66883409875  +/-  12.0385793743
p1 -  21.590174432  +/-  11.8319123752
p2 -  5.95371733018  +/-  11.7038068827


chisq -  8.17799424878  +/-  6.96690849127
chisq/dof -  1.16828489268 +/- 0.995272641611
---continuum point is: yp =  -7.51124179813  +/-  0.103799587659
Saving  ./plots/linear/R5_Lattice_ms_qq .pdf
do log value is -  0
---Doing Global Fitting---
Scheme -  ms   Basis -  Lattice   Kinematics -  qq
Doing  B
Channel -  0
---Fitting Results---
parameters: 
p0 -  0.51258350647  +/-  0.1965105968
p1 -  0.600465237969  +/-  0.209525502578
p2 -  0.108156674388  +/-  0.232357622038


chisq -  21.6755054276  +/-  10.3070089273
chisq/dof -  3.09650077536 +/- 1.47242984676
---continuum point is: yp =  0.516966458474  +/-  0.00360794597326
Saving  ./plots/linear/B1_Lattice_ms_qq .pdf
Scheme -  ms   Basis -  Lattice   Kinematics -  qq
Doing  B
Channel -  1
---Fitting Results---
parameters: 
p0 -  0.674771389945  +/-  0.394899203087
p1 -  0.458618912516  +/-  0.396134923524
p2 -  -0.254706721299  +/-  0.395724728928


chisq -  26.607834477  +/-  11.0090988747
chisq/dof -  3.80111921099 +/- 1.57272841067
---continuum point is: yp =  0.678118968713  +/-  0.00344078095642
Saving  ./plots/linear/B2_Lattice_ms_qq .pdf
Scheme -  ms   Basis -  Lattice   Kinematics -  qq
Doing  B
Channel -  2
---Fitting Results---
parameters: 
p0 -  0.922772482167  +/-  0.442519852732
p1 -  0.117982800938  +/-  0.402253384644
p2 -  0.092392897995  +/-  0.373344793511


chisq -  13.8419428605  +/-  8.04180650709
chisq/dof -  1.97742040864 +/- 1.14882950101
---continuum point is: yp =  0.923633669329  +/-  0.00517333587052
Saving  ./plots/linear/B3_Lattice_ms_qq .pdf
Scheme -  ms   Basis -  Lattice   Kinematics -  qq
Doing  B
Channel -  3
---Fitting Results---
parameters: 
p0 -  0.4805964228  +/-  0.274441766944
p1 -  1.03540559931  +/-  0.27931858646
p2 -  0.313527507943  +/-  0.298314045252


chisq -  12.9208859817  +/-  7.69351686003
chisq/dof -  1.84584085452 +/- 1.09907383715
---continuum point is: yp =  0.488154117667  +/-  0.00303062930783
Saving  ./plots/linear/B4_Lattice_ms_qq .pdf
Scheme -  ms   Basis -  Lattice   Kinematics -  qq
Doing  B
Channel -  4
---Fitting Results---
parameters: 
p0 -  0.312166976397  +/-  0.274391998859
p1 -  0.590755441643  +/-  0.272718929813
p2 -  -0.0909582151142  +/-  0.288562484946


chisq -  23.0147133403  +/-  9.58957638371
chisq/dof -  3.28781619147 +/- 1.36993948339
---continuum point is: yp =  0.316479054071  +/-  0.00167896113302
Saving  ./plots/linear/B5_Lattice_ms_qq .pdf
do log value is -  1
---Doing Global Fitting---
Scheme -  ms   Basis -  Lattice   Kinematics -  qq
Doing  R
Channel -  0
---Fitting Results---
parameters: 
p0 -  0.995330449816  +/-  2.70014474006
p1 -  6.16901808483  +/-  2.68845428379
p2 -  0.0632782916969  +/-  2.64207171065


chisq -  8.77729594713  +/-  5.99393557275
chisq/dof -  1.25389942102 +/- 0.856276510393
---continuum point is: yp =  0.986742912693  +/-  0.0142671459339
Saving  ./plots/chiral/R1_Lattice_ms_qq .pdf
Scheme -  ms   Basis -  Lattice   Kinematics -  qq
Doing  R
Channel -  1
---Fitting Results---
parameters: 
p0 -  -22.3061744242  +/-  18.379556706
p1 -  -20.8207790422  +/-  18.7423943566
p2 -  17.9908451416  +/-  17.8558283677


chisq -  5.93047242993  +/-  6.15450133544
chisq/dof -  0.847210347133 +/- 0.879214476492
---continuum point is: yp =  -21.2565539824  +/-  0.282357391663
Saving  ./plots/chiral/R2_Lattice_ms_qq .pdf
Scheme -  ms   Basis -  Lattice   Kinematics -  qq
Doing  R
Channel -  2
---Fitting Results---
parameters: 
p0 -  46.4335549122  +/-  27.3339086735
p1 -  12.3755489252  +/-  27.3996862235
p2 -  -21.4667922141  +/-  26.8318424563


chisq -  6.22641090067  +/-  6.33407544926
chisq/dof -  0.889487271525 +/- 0.904867921323
---continuum point is: yp =  44.0225884544  +/-  0.633571410929
Saving  ./plots/chiral/R3_Lattice_ms_qq .pdf
Scheme -  ms   Basis -  Lattice   Kinematics -  qq
Doing  R
Channel -  3
---Fitting Results---
parameters: 
p0 -  -21.4638706495  +/-  37.1033742979
p1 -  -85.832698067  +/-  37.51435523
p2 -  3.32953276452  +/-  36.0605048974


chisq -  6.2576735114  +/-  6.1113293344
chisq/dof -  0.893953358771 +/- 0.873047047772
---continuum point is: yp =  -20.1633471551  +/-  0.307931055301
Saving  ./plots/chiral/R4_Lattice_ms_qq .pdf
Scheme -  ms   Basis -  Lattice   Kinematics -  qq
Doing  R
Channel -  4
---Fitting Results---
parameters: 
p0 -  -8.06954703721  +/-  17.1239010939
p1 -  -35.6482879751  +/-  17.4207997155
p2 -  6.2906073822  +/-  17.0763677196


chisq -  5.17994210911  +/-  5.6707873094
chisq/dof -  0.739991729873 +/- 0.810112472771
---continuum point is: yp =  -7.60526457774  +/-  0.100547857853
Saving  ./plots/chiral/R5_Lattice_ms_qq .pdf
do log value is -  1
---Doing Global Fitting---
Scheme -  ms   Basis -  Lattice   Kinematics -  qq
Doing  B
Channel -  0
---Fitting Results---
parameters: 
p0 -  0.507706025642  +/-  0.315703062213
p1 -  -0.115395754271  +/-  0.273308399456
p2 -  0.112103023609  +/-  0.235189942354


chisq -  23.7575277042  +/-  10.7223294047
chisq/dof -  3.39393252917 +/- 1.53176134353
---continuum point is: yp =  0.515980149986  +/-  0.00360187183459
Saving  ./plots/chiral/B1_Lattice_ms_qq .pdf
Scheme -  ms   Basis -  Lattice   Kinematics -  qq
Doing  B
Channel -  1
---Fitting Results---
parameters: 
p0 -  0.667733696438  +/-  0.555837009229
p1 -  -0.477412347444  +/-  0.513710385041
p2 -  -0.247742873897  +/-  0.475287973116


chisq -  34.3440106561  +/-  12.4570480922
chisq/dof -  4.90628723658 +/- 1.77957829889
---continuum point is: yp =  0.676238842799  +/-  0.00345335197276
Saving  ./plots/chiral/B2_Lattice_ms_qq .pdf
Scheme -  ms   Basis -  Lattice   Kinematics -  qq
Doing  B
Channel -  2
---Fitting Results---
parameters: 
p0 -  0.912994626476  +/-  0.941517991583
p1 -  -1.15877257368  +/-  0.881175963944
p2 -  0.102318185636  +/-  0.840999724781


chisq -  16.9491465349  +/-  8.92104878895
chisq/dof -  2.42130664784 +/- 1.27443554128
---continuum point is: yp =  0.920930280825  +/-  0.00516721253718
Saving  ./plots/chiral/B3_Lattice_ms_qq .pdf
Scheme -  ms   Basis -  Lattice   Kinematics -  qq
Doing  B
Channel -  3
---Fitting Results---
parameters: 
p0 -  0.485637767543  +/-  0.595901363023
p1 -  1.71914336961  +/-  0.600125245359
p2 -  0.308644091013  +/-  0.618541431999


chisq -  16.0350078983  +/-  8.6939893726
chisq/dof -  2.29071541404 +/- 1.2419984818
---continuum point is: yp =  0.489466074503  +/-  0.00303009822121
Saving  ./plots/chiral/B4_Lattice_ms_qq .pdf
Scheme -  ms   Basis -  Lattice   Kinematics -  qq
Doing  B
Channel -  4
---Fitting Results---
parameters: 
p0 -  0.315315163316  +/-  0.462060642337
p1 -  1.03719760408  +/-  0.459793979729
p2 -  -0.0938030906517  +/-  0.478565383234


chisq -  24.4571535856  +/-  10.1183032978
chisq/dof -  3.49387908366 +/- 1.44547189969
---continuum point is: yp =  0.317224103036  +/-  0.00167721174077
Saving  ./plots/chiral/B5_Lattice_ms_qq .pdf
