----------------------setting up as----------------------------
----------------------setting up as----------------------------
----------------------setting up as----------------------------
----------------------setting up as----------------------------
24 MOM SUSY qq
Unrenormalised bag is -  [ 1.531126  1.184277 -1.791854  0.945944  0.489873]
Unrenormalised bare ratios is -  [[-21.395342 -21.323851 -21.438699 ..., -21.42395  -21.301824 -21.405902]
 [ 32.387562  32.279551  32.458398 ...,  32.469014  32.271109  32.418288]
 [-17.220644 -17.180836 -17.23766  ..., -17.379827 -17.277187 -17.271899]
 [ -8.862963  -8.846121  -8.872476 ...,  -8.945566  -8.890274  -8.894053]]
data/ZMOM_boot_mu_match_24cubed_qq_block.out
Z matrix is - 
[[ 0.956451  0.        0.        0.        0.      ]
 [ 0.        1.049965  0.282206  0.        0.      ]
 [ 0.        0.061294  0.98888   0.        0.      ]
 [ 0.        0.        0.        1.027146 -0.040576]
 [ 0.        0.        0.       -0.281005  1.16703 ]]
Renormalised B is- 
[ 0.54916762  0.60034735  1.01850428  0.89326572  0.58172423]
Renormalised R is- 
[  0.99437596 -15.84584034   2.89162839  27.04853923  10.65040118]
-----Interpolating non-physical mass data-----
Interpolate dR/dms to the near physical point data
24  - dy/dms =  [[ 1.63577087]
 [ 1.78814768]
 [ 1.53481196]]
Interpolated dy/dms =  [ 1.82152486]
-----Interpolating non-physical mass data-----
Interpolate dR/dms to the near physical point data
24  - dy/dms =  [[ 17.09057659]
 [ 15.81708077]
 [ 13.5778284 ]]
Interpolated dy/dms =  [ 18.01326238]
(5, 3, 1, 501) (5, 3, 1, 501) (501,) (1, 3, 4, 1, 501)
0
[[ 0.00883671]
 [ 0.0088456 ]
 [ 0.00958825]]
1
[[ 0.18065553]
 [ 0.18986446]
 [ 0.19888565]] [[-0.14104528]
 [-0.1337075 ]
 [-0.13331845]]
2
[[-0.06124787]
 [-0.06448269]
 [-0.06762602]] [[ 0.02574026]
 [ 0.02426148]
 [ 0.0239371 ]]
3
[[-0.32230191]
 [-0.32658056]
 [-0.34037845]] [[ 0.23943385]
 [ 0.22166715]
 [ 0.21749977]]
4
[[-0.07029472]
 [-0.07224874]
 [-0.07657799]] [[ 0.09457776]
 [ 0.08824259]
 [ 0.08786201]]
Interpolated B is -  [[ 0.55296444]
 [ 0.60329202]
 [ 1.02267419]
 [ 0.89692876]
 [ 0.58686612]]
Interpolated B is -  [[ 0.55352081]
 [ 0.63404488]
 [ 1.07668702]
 [ 0.90883575]
 [ 0.60317951]]
32 MOM SUSY qq
Unrenormalised bag is -  [ 1.494694  1.202869 -1.837128  0.907511  0.458776]
Unrenormalised bare ratios is -  [[-25.125635 -25.043168 -25.038251 ..., -25.028875 -24.923587 -25.114861]
 [ 38.287211  38.137487  38.10305  ...,  38.172154  37.97357   38.267258]
 [-19.01485  -18.905824 -18.819727 ..., -18.964935 -18.867802 -18.94673 ]
 [ -9.598064  -9.555677  -9.515797 ...,  -9.573961  -9.53175   -9.579905]]
data/ZMOM_boot_mu_match_32cubed_qq_block.out
Z matrix is - 
[[ 0.97868   0.        0.        0.        0.      ]
 [ 0.        1.047955  0.278064  0.        0.      ]
 [ 0.        0.047297  0.900244  0.        0.      ]
 [ 0.        0.        0.        0.945122 -0.025057]
 [ 0.        0.        0.       -0.278169  1.208091]]
Renormalised B is- 
[ 0.54856017  0.58251078  0.93689605  0.91609418  0.64510371]
Renormalised R is- 
[  1.02231611 -15.92173536   2.16411724  28.69096362  12.80105357]
-----Interpolating non-physical mass data-----
Interpolate dR/dms to the near physical point data
32  - dy/dms =  [[ 2.60514829]
 [ 2.70622147]
 [ 2.53725237]]
Interpolated dy/dms =  [ 2.83130821]
-----Interpolating non-physical mass data-----
Interpolate dR/dms to the near physical point data
32  - dy/dms =  [[ 24.36942361]
 [ 23.51415934]
 [ 22.14250538]]
Interpolated dy/dms =  [ 26.47174774]
(5, 3, 1, 501) (5, 3, 1, 501) (501,) (1, 3, 3, 1, 501)
0
[[ 0.00874426]
 [ 0.00894911]
 [ 0.00899567]]
1
[[ 0.17410859]
 [ 0.1766174 ]
 [ 0.17845245]] [[-0.13713209]
 [-0.1391001 ]
 [-0.13605298]]
2
[[-0.0560179 ]
 [-0.05668764]
 [-0.05728294]] [[ 0.01870813]
 [ 0.01880979]
 [ 0.01830707]]
3
[[-0.32865918]
 [-0.33076791]
 [-0.33083659]] [[ 0.24621738]
 [ 0.25114118]
 [ 0.24137747]]
4
[[-0.07704952]
 [-0.07818627]
 [-0.07878831]] [[ 0.10975076]
 [ 0.11218655]
 [ 0.10859662]]
Interpolated B is -  [[ 0.54717944]
 [ 0.58142877]
 [ 0.93534779]
 [ 0.91462033]
 [ 0.64325961]]
Interpolated B is -  [[ 0.55999784]
 [ 0.58980684]
 [ 0.94653062]
 [ 0.92048868]
 [ 0.65274992]]
Interpolated B is -  [[ 0.5629115 ]
 [ 0.59593492]
 [ 0.95647063]
 [ 0.92067978]
 [ 0.65777617]]
48 MOM SUSY qq
Unrenormalised bag is -  [[ 1.55547701  1.55757778  1.55362159 ...,  1.5598041   1.55646184
   1.55742327]
 [ 1.22580799  1.22666295  1.22750156 ...,  1.22727901  1.22685875
   1.22644856]
 [-1.86547726 -1.86677924 -1.8678765  ..., -1.86694583 -1.86659135
  -1.86617962]
 [ 0.96107359  0.96078683  0.96008066 ...,  0.96052682  0.96087227
   0.96112814]
 [ 0.49515669  0.49498506  0.49461602 ...,  0.49480345  0.49504743
   0.49513115]]
Unrenormalised bare ratios is -  [[-23.320056   -23.26213436 -23.333959   ..., -23.25488322 -23.3141627
  -23.28736511]
 [ 35.49050983  35.40023346  35.50647587 ...,  35.37570546  35.4685722
   35.43416867]
 [-18.27854849 -18.21654545 -18.24633115 ..., -18.19446715 -18.25215609
  -18.24681984]
 [ -9.41735237  -9.38455152  -9.39975583 ...,  -9.37283193  -9.40358238
   -9.39991398]]
data/ZMOM_boot_mu_match_24cubed_qq_block.out
Z matrix is - 
[[ 0.956451  0.        0.        0.        0.      ]
 [ 0.        1.049965  0.282206  0.        0.      ]
 [ 0.        0.061294  0.98888   0.        0.      ]
 [ 0.        0.        0.        1.027146 -0.040576]
 [ 0.        0.        0.       -0.281005  1.16703 ]]
Renormalised B is- 
[ 0.55859964  0.6100507   1.03981437  0.93054213  0.60009864]
Renormalised R is- 
[  1.01619427 -17.10643277   3.11892881  30.24653652  11.83532082]
Interpolating physical pt data to true strange physical point
uninterpolated value is  [[[ 0.55859964]]]
interpolated physical value is [[ 0.55787103]]
Interpolating physical pt data to true strange physical point
uninterpolated value is  [[[ 1.01619427]]]
interpolated physical value is [[ 1.00898897]]
(5, 1, 1, 501) (5, 1, 1, 501) (501,) (1, 1, 2, 1, 501)
0
[[ 0.00891512]]
1
[[ 0.18253652]] [[-0.15366044]]
2
[[-0.06223298]] [[ 0.02801759]]
3
[[-0.33413035]] [[ 0.27186603]]
4
[[-0.07176747]] [[ 0.10634569]]
Interpolated B is -  [[ 0.55787103]
 [ 0.60957352]
 [ 1.03912296]
 [ 0.92984596]
 [ 0.59916158]]
64 MOM SUSY qq
Unrenormalised bag is -  [[ 1.50983843  1.4994198   1.49292605 ...,  1.50126416  1.48978841
   1.49653838]
 [ 1.22125555  1.215269    1.20608145 ...,  1.21334216  1.21217694
   1.21093375]
 [-1.86729716 -1.8575678  -1.84388862 ..., -1.85457716 -1.85304505
  -1.851134  ]
 [ 0.88713639  0.882251    0.87701784 ...,  0.88278688  0.87860248
   0.88037091]
 [ 0.44833232  0.44579453  0.44318866 ...,  0.44609351  0.44404573
   0.44488451]]
Unrenormalised bare ratios is -  [[-26.02469587 -26.0435717  -26.03112909 ..., -26.02355119 -26.0888811
  -26.01830341]
 [ 39.85576774  39.87450589  39.86038076 ...,  39.83905727  39.94611175
   39.83975599]
 [-19.28125277 -19.28981647 -19.27712286 ..., -19.30113502 -19.30027811
  -19.27835546]
 [ -9.762003    -9.76543758  -9.7599914  ...,  -9.77116924  -9.77129263
   -9.76056549]]
data/ZMOM_boot_mu_match_32cubed_qq_block.out
Z matrix is - 
[[ 0.97868   0.        0.        0.        0.      ]
 [ 0.        1.047955  0.278064  0.        0.      ]
 [ 0.        0.047297  0.900244  0.        0.      ]
 [ 0.        0.        0.        0.945122 -0.025057]
 [ 0.        0.        0.       -0.278169  1.208091]]
Renormalised B is- 
[ 0.54923707  0.56509312  0.90924069  0.92310835  0.64902481]
Renormalised R is- 
[  1.06323312 -16.84489343   2.27964661  31.10430299  13.78728231]
Interpolating physical pt data to true strange physical point
uninterpolated value is  [[[ 0.54923707]]]
interpolated physical value is [[ 0.54068652]]
Interpolating physical pt data to true strange physical point
uninterpolated value is  [[[ 1.06323312]]]
interpolated physical value is [[ 0.98328844]]
(5, 1, 1, 501) (5, 1, 1, 501) (501,) (1, 1, 2, 1, 501)
0
[[ 0.0086405]]
1
[[ 0.16725312]] [[-0.14891233]]
2
[[-0.05387075]] [[ 0.02023378]]
3
[[-0.32847399]] [[ 0.27587721]]
4
[[-0.07644338]] [[ 0.12156156]]
Interpolated B is -  [[ 0.54068652]
 [ 0.5585352 ]
 [ 0.89949621]
 [ 0.91410494]
 [ 0.63819916]]
do log value is -  0
---Doing Global Fitting---
Scheme -  MOM   Basis -  SUSY   Kinematics -  qq   Fit type -  linear
Channel -  1
---Fitting Results---
chisq -  17.2187095862  +/-  8.337031273
chisq/dof -  2.45981565517 +/- 1.19100446757
parameters: 
p0 -  0.965658816264  +/-  0.780623203081
p1 -  1.90876443541  +/-  0.74945991627
p2 -  0.0889937952633  +/-  0.71091358539
---continuum point is: yp =  0.97959138451  +/-  0.0145117329435
Saving  ./plots/linear/R1_SUSY_MOM_qq .pdf
Channel -  2
---Fitting Results---
chisq -  2.27685949369  +/-  4.53945395008
chisq/dof -  0.325265641956 +/- 0.64849342144
parameters: 
p0 -  -17.5140823396  +/-  31.8426911039
p1 -  57.3173492968  +/-  31.4206248696
p2 -  0.0172155416894  +/-  32.2443563759
---continuum point is: yp =  -17.0957080939  +/-  0.27874677291
Saving  ./plots/linear/R2_SUSY_MOM_qq .pdf
Channel -  3
---Fitting Results---
chisq -  1.22435926108  +/-  4.08275168916
chisq/dof -  0.174908465868 +/- 0.583250241308
parameters: 
p0 -  1.4698655731  +/-  5.326951058
p1 -  -7.79185402054  +/-  5.34085575707
p2 -  5.11227775139  +/-  5.73894481422
---continuum point is: yp =  1.41299080328  +/-  0.0463025898703
Saving  ./plots/linear/R3_SUSY_MOM_qq .pdf
Channel -  4
---Fitting Results---
chisq -  2.74657425723  +/-  5.06454186887
chisq/dof -  0.392367751033 +/- 0.723505981267
parameters: 
p0 -  34.8340209375  +/-  76.8542299326
p1 -  -146.687114717  +/-  76.328276167
p2 -  -10.821944023  +/-  78.5210990761
---continuum point is: yp =  33.7633135214  +/-  0.511645520036
Saving  ./plots/linear/R4_SUSY_MOM_qq .pdf
Channel -  5
---Fitting Results---
chisq -  5.32657588187  +/-  6.33533688346
chisq/dof -  0.760939411696 +/- 0.905048126208
parameters: 
p0 -  17.0500672135  +/-  31.1459723088
p1 -  -58.9582599476  +/-  30.907333591
p2 -  -14.4696374481  +/-  31.2652066807
---continuum point is: yp =  16.619715534  +/-  0.224108025922
Saving  ./plots/linear/R5_SUSY_MOM_qq .pdf
do log value is -  0
---Doing Global Fitting---
Scheme -  MOM   Basis -  SUSY   Kinematics -  qq   Fit type -  linear
Channel -  1
---Fitting Results---
chisq -  20.6250874023  +/-  10.1098981223
chisq/dof -  2.94644105747 +/- 1.44427116032
parameters: 
p0 -  0.521031899012  +/-  0.195659197063
p1 -  0.555267587994  +/-  0.207696738901
p2 -  0.0986265175066  +/-  0.223634306319
---continuum point is: yp =  0.525084941609  +/-  0.00468375010751
Saving  ./plots/linear/B1_SUSY_MOM_qq .pdf
Channel -  2
---Fitting Results---
chisq -  11.9542885269  +/-  7.34538766163
chisq/dof -  1.70775550384 +/- 1.04934109452
parameters: 
p0 -  0.496772036443  +/-  0.253354405551
p1 -  1.03431203212  +/-  0.265367547678
p2 -  0.317983364593  +/-  0.296299146799
---continuum point is: yp =  0.504321749078  +/-  0.00374975909327
Saving  ./plots/linear/B2_SUSY_MOM_qq .pdf
Channel -  3
---Fitting Results---
chisq -  8.97279065903  +/-  6.59113342857
chisq/dof -  1.281827237 +/- 0.941590489795
parameters: 
p0 -  0.731733269619  +/-  0.281213632635
p1 -  1.63863392353  +/-  0.323049315574
p2 -  0.888804493352  +/-  0.369737341032
---continuum point is: yp =  0.743694084975  +/-  0.006518931063
Saving  ./plots/linear/B3_SUSY_MOM_qq .pdf
Channel -  4
---Fitting Results---
chisq -  13.8563836857  +/-  8.10591751977
chisq/dof -  1.97948338368 +/- 1.15798821711
parameters: 
p0 -  0.899959712947  +/-  0.451944280981
p1 -  0.106618049836  +/-  0.398814865697
p2 -  0.0867799980724  +/-  0.35921203506
---continuum point is: yp =  0.900737945833  +/-  0.0058547917097
Saving  ./plots/linear/B4_SUSY_MOM_qq .pdf
Channel -  5
---Fitting Results---
chisq -  26.4931078559  +/-  11.0214513556
chisq/dof -  3.78472969371 +/- 1.5744930508
parameters: 
p0 -  0.680996445908  +/-  0.398812552779
p1 -  0.459493713988  +/-  0.397937064371
p2 -  -0.253744555915  +/-  0.39845353412
---continuum point is: yp =  0.68435041008  +/-  0.00407702361577
Saving  ./plots/linear/B5_SUSY_MOM_qq .pdf
do log value is -  1
---Doing Global Fitting---
Scheme -  MOM   Basis -  SUSY   Kinematics -  qq   Fit type -  chiral
Channel -  1
---Fitting Results---
chisq -  8.77729594713  +/-  5.99393557275
chisq/dof -  1.25389942102 +/- 0.856276510392
parameters: 
p0 -  0.995330468246  +/-  2.70014472741
p1 -  6.16901803218  +/-  2.68845426851
p2 -  0.0632782393137  +/-  2.64207169978
---continuum point is: yp =  0.986742929745  +/-  0.0142671483566
Saving  ./plots/chiral/R1_SUSY_MOM_qq .pdf
Channel -  2
---Fitting Results---
chisq -  4.16668898532  +/-  5.38660202987
chisq/dof -  0.595241283616 +/- 0.769514575696
parameters: 
p0 -  -18.4280241849  +/-  31.0016822087
p1 -  -73.2766578099  +/-  31.3061799202
p2 -  0.778563852648  +/-  29.9902105387
---continuum point is: yp =  -17.3084109328  +/-  0.270910051728
Saving  ./plots/chiral/R2_SUSY_MOM_qq .pdf
Channel -  3
---Fitting Results---
chisq -  4.45805278264  +/-  5.65696730118
chisq/dof -  0.636864683235 +/- 0.808138185882
parameters: 
p0 -  1.54614384149  +/-  1.45942286784
p1 -  3.15040127983  +/-  1.51326514428
p2 -  5.05036214697  +/-  1.52732771044
---continuum point is: yp =  1.43032575402  +/-  0.0461307371705
Saving  ./plots/chiral/R3_SUSY_MOM_qq .pdf
Channel -  4
---Fitting Results---
chisq -  1.17338084425  +/-  4.14893435274
chisq/dof -  0.167625834893 +/- 0.592704907534
parameters: 
p0 -  35.8851289748  +/-  19.3015349039
p1 -  5.99372813811  +/-  19.3119832119
p2 -  -11.6339360635  +/-  19.3200012699
---continuum point is: yp =  33.9958062064  +/-  0.501065348981
Saving  ./plots/chiral/R4_SUSY_MOM_qq .pdf
Channel -  5
---Fitting Results---
chisq -  1.24160669876  +/-  4.08878337027
chisq/dof -  0.177372385537 +/- 0.584111910039
parameters: 
p0 -  17.5650307512  +/-  14.6666395561
p1 -  15.85241106  +/-  14.9636099245
p2 -  -14.8732091631  +/-  14.2817077642
---continuum point is: yp =  16.7345424673  +/-  0.219467094589
Saving  ./plots/chiral/R5_SUSY_MOM_qq .pdf
do log value is -  1
---Doing Global Fitting---
Scheme -  MOM   Basis -  SUSY   Kinematics -  qq   Fit type -  chiral
Channel -  1
---Fitting Results---
chisq -  23.0968200729  +/-  10.611267974
chisq/dof -  3.2995457247 +/- 1.51589542486
parameters: 
p0 -  0.515450208109  +/-  0.338832538748
p1 -  -0.163248324268  +/-  0.283060191109
p2 -  0.104349555671  +/-  0.256114308926
---continuum point is: yp =  0.523514099528  +/-  0.00466017662466
Saving  ./plots/chiral/B1_SUSY_MOM_qq .pdf
Channel -  2
---Fitting Results---
chisq -  14.4599408568  +/-  8.1814133959
chisq/dof -  2.06570583669 +/- 1.16877334227
parameters: 
p0 -  0.502648469037  +/-  0.581488420886
p1 -  1.73298285814  +/-  0.592993194947
p2 -  0.311131254274  +/-  0.62341090538
---continuum point is: yp =  0.506272347907  +/-  0.00377526537878
Saving  ./plots/chiral/B2_SUSY_MOM_qq .pdf
Channel -  3
---Fitting Results---
chisq -  11.0673136351  +/-  7.33339415135
chisq/dof -  1.58104480501 +/- 1.04762773591
parameters: 
p0 -  0.739802147272  +/-  0.7776818993
p1 -  2.67298704396  +/-  0.813893865085
p2 -  0.880339575838  +/-  0.85389268577
---continuum point is: yp =  0.746029002458  +/-  0.00654916527579
Saving  ./plots/chiral/B3_SUSY_MOM_qq .pdf
Channel -  4
---Fitting Results---
chisq -  17.0262632316  +/-  8.98125072418
chisq/dof -  2.4323233188 +/- 1.28303581774
parameters: 
p0 -  0.889532135352  +/-  0.938871717229
p1 -  -1.12530802186  +/-  0.86195124414
p2 -  0.09891391694  +/-  0.805723183907
---continuum point is: yp =  0.897290760974  +/-  0.00583361388872
Saving  ./plots/chiral/B4_SUSY_MOM_qq .pdf
Channel -  5
---Fitting Results---
chisq -  34.1252338957  +/-  12.4341705906
chisq/dof -  4.87503341368 +/- 1.77631008437
parameters: 
p0 -  0.673189689964  +/-  0.5688704169
p1 -  -0.474714645641  +/-  0.517122772909
p2 -  -0.244776963979  +/-  0.46740313906
---continuum point is: yp =  0.681812496001  +/-  0.00407487676329
Saving  ./plots/chiral/B5_SUSY_MOM_qq .pdf
----------------------setting up as----------------------------
----------------------setting up as----------------------------
----------------------setting up as----------------------------
----------------------setting up as----------------------------
24 MOM Lattice qq
Unrenormalised bag is -  [ 1.531126  1.184277 -1.791854  0.945944  0.489873]
Unrenormalised bare ratios is -  [[-21.395342 -21.323851 -21.438699 ..., -21.42395  -21.301824 -21.405902]
 [ 32.387562  32.279551  32.458398 ...,  32.469014  32.271109  32.418288]
 [-17.220644 -17.180836 -17.23766  ..., -17.379827 -17.277187 -17.271899]
 [ -8.862963  -8.846121  -8.872476 ...,  -8.945566  -8.890274  -8.894053]]
data/ZMOM_boot_mu_match_24cubed_qq_block.out
Z matrix is - 
[[ 0.956451  0.        0.        0.        0.      ]
 [ 0.        1.049965  0.282206  0.        0.      ]
 [ 0.        0.061294  0.98888   0.        0.      ]
 [ 0.        0.        0.        1.027146 -0.040576]
 [ 0.        0.        0.       -0.281005  1.16703 ]]
Renormalised B is- 
[ 0.54916762  0.58172423  0.89326572  0.60034735  0.32157606]
Renormalised R is- 
[  0.99437596 -21.30080236  27.04853923 -15.84584034 -10.06258356]
-----Interpolating non-physical mass data-----
Interpolate dR/dms to the near physical point data
24  - dy/dms =  [[ 1.63577087]
 [ 1.78814768]
 [ 1.53481196]]
Interpolated dy/dms =  [ 1.82152486]
-----Interpolating non-physical mass data-----
Interpolate dR/dms to the near physical point data
24  - dy/dms =  [[ 17.09057659]
 [ 15.81708077]
 [ 13.5778284 ]]
Interpolated dy/dms =  [ 18.01326238]
(5, 3, 1, 501) (5, 3, 1, 501) (501,) (1, 3, 4, 1, 501)
0
[[ 0.00883671]
 [ 0.0088456 ]
 [ 0.00958825]]
1
[[ 0.14058944]
 [ 0.14449747]
 [ 0.15315598]] [[-0.18915551]
 [-0.17648518]
 [-0.17572403]]
2
[[-0.32230191]
 [-0.32658056]
 [-0.34037845]] [[ 0.23943385]
 [ 0.22166715]
 [ 0.21749977]]
3
[[ 0.18065553]
 [ 0.18986446]
 [ 0.19888565]] [[-0.14104528]
 [-0.1337075 ]
 [-0.13331845]]
4
[[ 0.05815976]
 [ 0.06089908]
 [ 0.06363361]] [[-0.08956479]
 [-0.08518449]
 [-0.08544422]]
Interpolated B is -  [[ 0.55296444]
 [ 0.58686612]
 [ 0.89692876]
 [ 0.60329202]
 [ 0.32370369]]
Interpolated B is -  [[ 0.55352081]
 [ 0.60317951]
 [ 0.90883575]
 [ 0.63404488]
 [ 0.33895012]]
32 MOM Lattice qq
Unrenormalised bag is -  [ 1.494694  1.202869 -1.837128  0.907511  0.458776]
Unrenormalised bare ratios is -  [[-25.125635 -25.043168 -25.038251 ..., -25.028875 -24.923587 -25.114861]
 [ 38.287211  38.137487  38.10305  ...,  38.172154  37.97357   38.267258]
 [-19.01485  -18.905824 -18.819727 ..., -18.964935 -18.867802 -18.94673 ]
 [ -9.598064  -9.555677  -9.515797 ...,  -9.573961  -9.53175   -9.579905]]
data/ZMOM_boot_mu_match_32cubed_qq_block.out
Z matrix is - 
[[ 0.97868   0.        0.        0.        0.      ]
 [ 0.        1.047955  0.278064  0.        0.      ]
 [ 0.        0.047297  0.900244  0.        0.      ]
 [ 0.        0.        0.        0.945122 -0.025057]
 [ 0.        0.        0.       -0.278169  1.208091]]
Renormalised B is- 
[ 0.54856017  0.64510371  0.91609418  0.58251078  0.34625393]
Renormalised R is- 
[  1.02231611 -25.60210714  28.69096362 -15.92173536 -11.59350087]
-----Interpolating non-physical mass data-----
Interpolate dR/dms to the near physical point data
32  - dy/dms =  [[ 2.60514829]
 [ 2.70622147]
 [ 2.53725237]]
Interpolated dy/dms =  [ 2.83130821]
-----Interpolating non-physical mass data-----
Interpolate dR/dms to the near physical point data
32  - dy/dms =  [[ 24.36942361]
 [ 23.51415934]
 [ 22.14250538]]
Interpolated dy/dms =  [ 26.47174774]
(5, 3, 1, 501) (5, 3, 1, 501) (501,) (1, 3, 3, 1, 501)
0
[[ 0.00874426]
 [ 0.00894911]
 [ 0.00899567]]
1
[[ 0.15409904]
 [ 0.15637254]
 [ 0.15757663]] [[-0.21950151]
 [-0.2243731 ]
 [-0.21719325]]
2
[[-0.32865918]
 [-0.33076791]
 [-0.33083659]] [[ 0.24621738]
 [ 0.25114118]
 [ 0.24137747]]
3
[[ 0.17410859]
 [ 0.1766174 ]
 [ 0.17845245]] [[-0.13713209]
 [-0.1391001 ]
 [-0.13605298]]
4
[[ 0.0620728 ]
 [ 0.06324213]
 [ 0.06388657]] [[-0.09971583]
 [-0.10148053]
 [-0.09943883]]
Interpolated B is -  [[ 0.54717944]
 [ 0.64325961]
 [ 0.91462033]
 [ 0.58142877]
 [ 0.34548276]]
Interpolated B is -  [[ 0.55999784]
 [ 0.65274992]
 [ 0.92048868]
 [ 0.58980684]
 [ 0.35199098]]
Interpolated B is -  [[ 0.5629115 ]
 [ 0.65777617]
 [ 0.92067978]
 [ 0.59593492]
 [ 0.35557779]]
48 MOM Lattice qq
Unrenormalised bag is -  [[ 1.55547701  1.55757778  1.55362159 ...,  1.5598041   1.55646184
   1.55742327]
 [ 1.22580799  1.22666295  1.22750156 ...,  1.22727901  1.22685875
   1.22644856]
 [-1.86547726 -1.86677924 -1.8678765  ..., -1.86694583 -1.86659135
  -1.86617962]
 [ 0.96107359  0.96078683  0.96008066 ...,  0.96052682  0.96087227
   0.96112814]
 [ 0.49515669  0.49498506  0.49461602 ...,  0.49480345  0.49504743
   0.49513115]]
Unrenormalised bare ratios is -  [[-23.320056   -23.26213436 -23.333959   ..., -23.25488322 -23.3141627
  -23.28736511]
 [ 35.49050983  35.40023346  35.50647587 ...,  35.37570546  35.4685722
   35.43416867]
 [-18.27854849 -18.21654545 -18.24633115 ..., -18.19446715 -18.25215609
  -18.24681984]
 [ -9.41735237  -9.38455152  -9.39975583 ...,  -9.37283193  -9.40358238
   -9.39991398]]
data/ZMOM_boot_mu_match_24cubed_qq_block.out
Z matrix is - 
[[ 0.956451  0.        0.        0.        0.      ]
 [ 0.        1.049965  0.282206  0.        0.      ]
 [ 0.        0.061294  0.98888   0.        0.      ]
 [ 0.        0.        0.        1.027146 -0.040576]
 [ 0.        0.        0.       -0.281005  1.16703 ]]
Renormalised B is- 
[ 0.55859964  0.60009864  0.93054213  0.6100507   0.3235416 ]
Renormalised R is- 
[  1.01619427 -23.67064164  30.24653652 -17.10643277 -10.86857515]
Interpolating physical pt data to true strange physical point
uninterpolated value is  [[[ 0.55859964]]]
interpolated physical value is [[ 0.55787103]]
Interpolating physical pt data to true strange physical point
uninterpolated value is  [[[ 1.01619427]]]
interpolated physical value is [[ 1.00898897]]
(5, 1, 1, 501) (5, 1, 1, 501) (501,) (1, 1, 2, 1, 501)
0
[[ 0.00891512]]
1
[[ 0.14353494]] [[-0.21269137]]
2
[[-0.33413035]] [[ 0.27186603]]
3
[[ 0.18253652]] [[-0.15366044]]
4
[[ 0.05807098]] [[-0.09762526]]
Interpolated B is -  [[ 0.55787103]
 [ 0.59916158]
 [ 0.92984596]
 [ 0.60957352]
 [ 0.32320959]]
64 MOM Lattice qq
Unrenormalised bag is -  [[ 1.50983843  1.4994198   1.49292605 ...,  1.50126416  1.48978841
   1.49653838]
 [ 1.22125555  1.215269    1.20608145 ...,  1.21334216  1.21217694
   1.21093375]
 [-1.86729716 -1.8575678  -1.84388862 ..., -1.85457716 -1.85304505
  -1.851134  ]
 [ 0.88713639  0.882251    0.87701784 ...,  0.88278688  0.87860248
   0.88037091]
 [ 0.44833232  0.44579453  0.44318866 ...,  0.44609351  0.44404573
   0.44488451]]
Unrenormalised bare ratios is -  [[-26.02469587 -26.0435717  -26.03112909 ..., -26.02355119 -26.0888811
  -26.01830341]
 [ 39.85576774  39.87450589  39.86038076 ...,  39.83905727  39.94611175
   39.83975599]
 [-19.28125277 -19.28981647 -19.27712286 ..., -19.30113502 -19.30027811
  -19.27835546]
 [ -9.762003    -9.76543758  -9.7599914  ...,  -9.77116924  -9.77129263
   -9.76056549]]
data/ZMOM_boot_mu_match_32cubed_qq_block.out
Z matrix is - 
[[ 0.97868   0.        0.        0.        0.      ]
 [ 0.        1.047955  0.278064  0.        0.      ]
 [ 0.        0.047297  0.900244  0.        0.      ]
 [ 0.        0.        0.        0.945122 -0.025057]
 [ 0.        0.        0.       -0.278169  1.208091]]
Renormalised B is- 
[ 0.54923707  0.64902481  0.92310835  0.56509312  0.33566141]
Renormalised R is- 
[  1.06323312 -27.57456463  31.10430299 -16.84489343 -12.28560021]
Interpolating physical pt data to true strange physical point
uninterpolated value is  [[[ 0.54923707]]]
interpolated physical value is [[ 0.54068652]]
Interpolating physical pt data to true strange physical point
uninterpolated value is  [[[ 1.06323312]]]
interpolated physical value is [[ 0.98328844]]
(5, 1, 1, 501) (5, 1, 1, 501) (501,) (1, 1, 2, 1, 501)
0
[[ 0.0086405]]
1
[[ 0.15288677]] [[-0.24312311]]
2
[[-0.32847399]] [[ 0.27587721]]
3
[[ 0.16725312]] [[-0.14891233]]
4
[[ 0.05951415]] [[-0.10843575]]
Interpolated B is -  [[ 0.54068652]
 [ 0.63819916]
 [ 0.91410494]
 [ 0.5585352 ]
 [ 0.33124195]]
do log value is -  0
---Doing Global Fitting---
Scheme -  MOM   Basis -  Lattice   Kinematics -  qq   Fit type -  linear
Channel -  1
---Fitting Results---
chisq -  17.2187095862  +/-  8.337031273
chisq/dof -  2.45981565517 +/- 1.19100446757
parameters: 
p0 -  0.965658816264  +/-  0.780623203081
p1 -  1.90876443541  +/-  0.74945991627
p2 -  0.0889937952633  +/-  0.71091358539
---continuum point is: yp =  0.97959138451  +/-  0.0145117329435
Saving  ./plots/linear/R1_Lattice_MOM_qq .pdf
Channel -  2
---Fitting Results---
chisq -  5.32657588187  +/-  6.33533688346
chisq/dof -  0.760939411696 +/- 0.905048126208
parameters: 
p0 -  -34.1001343693  +/-  62.2919450063
p1 -  117.916519294  +/-  61.814666428
p2 -  28.9392747452  +/-  62.5304134269
---continuum point is: yp =  -33.2394310148  +/-  0.448216052323
Saving  ./plots/linear/R2_Lattice_MOM_qq .pdf
Channel -  3
---Fitting Results---
chisq -  2.74657425723  +/-  5.06454186887
chisq/dof -  0.392367751033 +/- 0.723505981267
parameters: 
p0 -  34.8340209375  +/-  76.8542299326
p1 -  -146.687114717  +/-  76.328276167
p2 -  -10.821944023  +/-  78.5210990761
---continuum point is: yp =  33.7633135214  +/-  0.511645520036
Saving  ./plots/linear/R3_Lattice_MOM_qq .pdf
Channel -  4
---Fitting Results---
chisq -  2.27685949369  +/-  4.53945395008
chisq/dof -  0.325265641956 +/- 0.64849342144
parameters: 
p0 -  -17.5140823396  +/-  31.8426911039
p1 -  57.3173492968  +/-  31.4206248696
p2 -  0.0172155416894  +/-  32.2443563759
---continuum point is: yp =  -17.0957080939  +/-  0.27874677291
Saving  ./plots/linear/R4_Lattice_MOM_qq .pdf
Channel -  5
---Fitting Results---
chisq -  4.95961366075  +/-  5.84377041449
chisq/dof -  0.708516237249 +/- 0.834824344928
parameters: 
p0 -  -14.5752589896  +/-  23.1560150025
p1 -  41.7822579247  +/-  22.8253602627
p2 -  10.2433935242  +/-  22.7075107186
---continuum point is: yp =  -14.2702794179  +/-  0.1995096904
Saving  ./plots/linear/R5_Lattice_MOM_qq .pdf
do log value is -  0
---Doing Global Fitting---
Scheme -  MOM   Basis -  Lattice   Kinematics -  qq   Fit type -  linear
Channel -  1
---Fitting Results---
chisq -  20.6250874023  +/-  10.1098981223
chisq/dof -  2.94644105747 +/- 1.44427116032
parameters: 
p0 -  0.521031899012  +/-  0.195659197063
p1 -  0.555267587994  +/-  0.207696738901
p2 -  0.0986265175066  +/-  0.223634306319
---continuum point is: yp =  0.525084941609  +/-  0.00468375010751
Saving  ./plots/linear/B1_Lattice_MOM_qq .pdf
Channel -  2
---Fitting Results---
chisq -  26.4931078559  +/-  11.0214513556
chisq/dof -  3.78472969371 +/- 1.5744930508
parameters: 
p0 -  0.680996445908  +/-  0.398812552779
p1 -  0.459493713988  +/-  0.397937064371
p2 -  -0.253744555915  +/-  0.39845353412
---continuum point is: yp =  0.68435041008  +/-  0.00407702361577
Saving  ./plots/linear/B2_Lattice_MOM_qq .pdf
Channel -  3
---Fitting Results---
chisq -  13.8563836857  +/-  8.10591751977
chisq/dof -  1.97948338368 +/- 1.15798821711
parameters: 
p0 -  0.899959712947  +/-  0.451944280981
p1 -  0.106618049836  +/-  0.398814865697
p2 -  0.0867799980724  +/-  0.35921203506
---continuum point is: yp =  0.900737945833  +/-  0.0058547917097
Saving  ./plots/linear/B3_Lattice_MOM_qq .pdf
Channel -  4
---Fitting Results---
chisq -  11.9542885269  +/-  7.34538766163
chisq/dof -  1.70775550384 +/- 1.04934109452
parameters: 
p0 -  0.496772036443  +/-  0.253354405551
p1 -  1.03431203212  +/-  0.265367547678
p2 -  0.317983364593  +/-  0.296299146799
---continuum point is: yp =  0.504321749078  +/-  0.00374975909327
Saving  ./plots/linear/B4_Lattice_MOM_qq .pdf
Channel -  5
---Fitting Results---
chisq -  20.6221148012  +/-  9.11324167585
chisq/dof -  2.94601640017 +/- 1.30189166798
parameters: 
p0 -  0.33954988783  +/-  0.271657826938
p1 -  0.634199414362  +/-  0.272082092482
p2 -  -0.0608550723509  +/-  0.290625078216
---continuum point is: yp =  0.344179074364  +/-  0.00222572538599
Saving  ./plots/linear/B5_Lattice_MOM_qq .pdf
do log value is -  1
---Doing Global Fitting---
Scheme -  MOM   Basis -  Lattice   Kinematics -  qq   Fit type -  chiral
Channel -  1
---Fitting Results---
chisq -  8.77729594713  +/-  5.99393557275
chisq/dof -  1.25389942102 +/- 0.856276510392
parameters: 
p0 -  0.995330468246  +/-  2.70014472741
p1 -  6.16901803218  +/-  2.68845426851
p2 -  0.0632782393137  +/-  2.64207169978
---continuum point is: yp =  0.986742929745  +/-  0.0142671483566
Saving  ./plots/chiral/R1_Lattice_MOM_qq .pdf
Channel -  2
---Fitting Results---
chisq -  1.24160669876  +/-  4.08878337027
chisq/dof -  0.177372385537 +/- 0.584111910039
parameters: 
p0 -  -35.1300614853  +/-  29.3332789666
p1 -  -31.7048219149  +/-  29.9272197357
p2 -  29.7464182613  +/-  28.5634156914
---continuum point is: yp =  -33.469084917  +/-  0.438934192888
Saving  ./plots/chiral/R2_Lattice_MOM_qq .pdf
Channel -  3
---Fitting Results---
chisq -  1.17338084425  +/-  4.14893435274
chisq/dof -  0.167625834893 +/- 0.592704907534
parameters: 
p0 -  35.8851289748  +/-  19.3015349039
p1 -  5.99372813811  +/-  19.3119832119
p2 -  -11.6339360635  +/-  19.3200012699
---continuum point is: yp =  33.9958062064  +/-  0.501065348981
Saving  ./plots/chiral/R3_Lattice_MOM_qq .pdf
Channel -  4
---Fitting Results---
chisq -  4.16668898532  +/-  5.38660202987
chisq/dof -  0.595241283616 +/- 0.769514575696
parameters: 
p0 -  -18.4280241849  +/-  31.0016822087
p1 -  -73.2766578099  +/-  31.3061799202
p2 -  0.778563852648  +/-  29.9902105387
---continuum point is: yp =  -17.3084109328  +/-  0.270910051728
Saving  ./plots/chiral/R4_Lattice_MOM_qq .pdf
Channel -  5
---Fitting Results---
chisq -  3.977245835  +/-  5.28460762064
chisq/dof -  0.568177976428 +/- 0.754943945806
parameters: 
p0 -  -15.334707332  +/-  31.8906724083
p1 -  -66.9858040646  +/-  32.3975989643
p2 -  10.8777159807  +/-  31.6183005757
---continuum point is: yp =  -14.4468952733  +/-  0.193287813556
Saving  ./plots/chiral/R5_Lattice_MOM_qq .pdf
do log value is -  1
---Doing Global Fitting---
Scheme -  MOM   Basis -  Lattice   Kinematics -  qq   Fit type -  chiral
Channel -  1
---Fitting Results---
chisq -  23.0968200729  +/-  10.611267974
chisq/dof -  3.2995457247 +/- 1.51589542486
parameters: 
p0 -  0.515450208109  +/-  0.338832538748
p1 -  -0.163248324268  +/-  0.283060191109
p2 -  0.104349555671  +/-  0.256114308926
---continuum point is: yp =  0.523514099528  +/-  0.00466017662466
Saving  ./plots/chiral/B1_Lattice_MOM_qq .pdf
Channel -  2
---Fitting Results---
chisq -  34.1252338957  +/-  12.4341705906
chisq/dof -  4.87503341368 +/- 1.77631008437
parameters: 
p0 -  0.673189689964  +/-  0.5688704169
p1 -  -0.474714645641  +/-  0.517122772909
p2 -  -0.244776963979  +/-  0.46740313906
---continuum point is: yp =  0.681812496001  +/-  0.00407487676329
Saving  ./plots/chiral/B2_Lattice_MOM_qq .pdf
Channel -  3
---Fitting Results---
chisq -  17.0262632316  +/-  8.98125072418
chisq/dof -  2.4323233188 +/- 1.28303581774
parameters: 
p0 -  0.889532135352  +/-  0.938871717229
p1 -  -1.12530802186  +/-  0.86195124414
p2 -  0.09891391694  +/-  0.805723183907
---continuum point is: yp =  0.897290760974  +/-  0.00583361388872
Saving  ./plots/chiral/B3_Lattice_MOM_qq .pdf
Channel -  4
---Fitting Results---
chisq -  14.4599408568  +/-  8.1814133959
chisq/dof -  2.06570583669 +/- 1.16877334227
parameters: 
p0 -  0.502648469037  +/-  0.581488420886
p1 -  1.73298285814  +/-  0.592993194947
p2 -  0.311131254274  +/-  0.62341090538
---continuum point is: yp =  0.506272347907  +/-  0.00377526537878
Saving  ./plots/chiral/B4_Lattice_MOM_qq .pdf
Channel -  5
---Fitting Results---
chisq -  21.8436353342  +/-  9.58654322818
chisq/dof -  3.12051933346 +/- 1.36950617545
parameters: 
p0 -  0.343433209395  +/-  0.474430361577
p1 -  1.11428233277  +/-  0.474720380304
p2 -  -0.0651950724703  +/-  0.497003814152
---continuum point is: yp =  0.345399919726  +/-  0.0022401491356
Saving  ./plots/chiral/B5_Lattice_MOM_qq .pdf
----------------------setting up as----------------------------
----------------------setting up as----------------------------
----------------------setting up as----------------------------
----------------------setting up as----------------------------
24 ms SUSY qq
Unrenormalised bag is -  [ 1.531126  1.184277 -1.791854  0.945944  0.489873]
Unrenormalised bare ratios is -  [[-21.395342 -21.323851 -21.438699 ..., -21.42395  -21.301824 -21.405902]
 [ 32.387562  32.279551  32.458398 ...,  32.469014  32.271109  32.418288]
 [-17.220644 -17.180836 -17.23766  ..., -17.379827 -17.277187 -17.271899]
 [ -8.862963  -8.846121  -8.872476 ...,  -8.945566  -8.890274  -8.894053]]
data/Zms_boot_mu_match_24cubed_qq_block.out
Z matrix is - 
[[ 0.947955  0.        0.        0.        0.      ]
 [ 0.        1.051161  0.287449  0.        0.      ]
 [ 0.        0.069378  1.019458  0.        0.      ]
 [ 0.        0.        0.        0.991513 -0.027976]
 [ 0.        0.        0.       -0.355589  1.239301]]
Renormalised B is- 
[ 0.54428946  0.58297903  1.03051168  0.91703457  0.57543348]
Renormalised R is- 
[  0.99437596 -14.6464318    1.79556049  28.21306266  10.62183102]
-----Interpolating non-physical mass data-----
Interpolate dR/dms to the near physical point data
24  - dy/dms =  [[ 1.62124058]
 [ 1.77226385]
 [ 1.52117847]]
Interpolated dy/dms =  [ 1.80534455]
-----Interpolating non-physical mass data-----
Interpolate dR/dms to the near physical point data
24  - dy/dms =  [[ 17.09057659]
 [ 15.81708077]
 [ 13.5778284 ]]
Interpolated dy/dms =  [ 18.01326238]
(5, 3, 1, 501) (5, 3, 1, 501) (501,) (1, 3, 4, 1, 501)
0
[[ 0.00875821]
 [ 0.00876703]
 [ 0.00950307]]
1
[[ 0.17543004]
 [ 0.18437042]
 [ 0.19312903]] [[-0.12921142]
 [-0.12246891]
 [-0.12207553]]
2
[[-0.06196803]
 [-0.06524523]
 [-0.06842879]] [[ 0.01584233]
 [ 0.01485913]
 [ 0.01452697]]
3
[[-0.33087406]
 [-0.33525427]
 [-0.34940332]] [[ 0.24752583]
 [ 0.22916329]
 [ 0.2248636 ]]
4
[[-0.0695384 ]
 [-0.07148324]
 [-0.07578123]] [[ 0.09348932]
 [ 0.08723419]
 [ 0.08687119]]
Interpolated B is -  [[ 0.54805255]
 [ 0.58584171]
 [ 1.03469896]
 [ 0.92078407]
 [ 0.5805519 ]]
Interpolated B is -  [[ 0.54860397]
 [ 0.61569775]
 [ 1.08941939]
 [ 0.93297369]
 [ 0.59678866]]
32 ms SUSY qq
Unrenormalised bag is -  [ 1.494694  1.202869 -1.837128  0.907511  0.458776]
Unrenormalised bare ratios is -  [[-25.125635 -25.043168 -25.038251 ..., -25.028875 -24.923587 -25.114861]
 [ 38.287211  38.137487  38.10305  ...,  38.172154  37.97357   38.267258]
 [-19.01485  -18.905824 -18.819727 ..., -18.964935 -18.867802 -18.94673 ]
 [ -9.598064  -9.555677  -9.515797 ...,  -9.573961  -9.53175   -9.579905]]
data/Zms_boot_mu_match_32cubed_qq_block.out
Z matrix is - 
[[ 0.969986  0.        0.        0.        0.      ]
 [ 0.        1.049078  0.282855  0.        0.      ]
 [ 0.        0.054959  0.928208  0.        0.      ]
 [ 0.        0.        0.        0.912145 -0.012556]
 [ 0.        0.        0.       -0.347973  1.281952]]
Renormalised B is- 
[ 0.5436871   0.56585776  0.94596608  0.94027736  0.6386925 ]
Renormalised R is- 
[  1.02231611 -14.70113546   1.0041679   29.94914152  12.77614147]
-----Interpolating non-physical mass data-----
Interpolate dR/dms to the near physical point data
32  - dy/dms =  [[ 2.58200573]
 [ 2.68218104]
 [ 2.51471295]]
Interpolated dy/dms =  [ 2.80615658]
-----Interpolating non-physical mass data-----
Interpolate dR/dms to the near physical point data
32  - dy/dms =  [[ 24.36942361]
 [ 23.51415934]
 [ 22.14250538]]
Interpolated dy/dms =  [ 26.47174774]
(5, 3, 1, 501) (5, 3, 1, 501) (501,) (1, 3, 3, 1, 501)
0
[[ 0.00866658]
 [ 0.00886961]
 [ 0.00891576]]
1
[[ 0.16913089]
 [ 0.17157063]
 [ 0.17335313]] [[-0.12550351]
 [-0.12728255]
 [-0.12448229]]
2
[[-0.05656067]
 [-0.05723132]
 [-0.05783259]] [[ 0.00864979]
 [ 0.00858528]
 [ 0.00829468]]
3
[[-0.33733633]
 [-0.33949304]
 [-0.3395565 ]] [[ 0.25473076]
 [ 0.2598266 ]
 [ 0.24973097]]
4
[[-0.07628274]
 [-0.07741511]
 [-0.07801749]] [[ 0.10856311]
 [ 0.11097486]
 [ 0.10743111]]
Interpolated B is -  [[ 0.54231863]
 [ 0.56480594]
 [ 0.94441063]
 [ 0.93876782]
 [ 0.63685803]]
Interpolated B is -  [[ 0.55502316]
 [ 0.57295337]
 [ 0.95560863]
 [ 0.94476968]
 [ 0.64631178]]
Interpolated B is -  [[ 0.55791093]
 [ 0.57890594]
 [ 0.96564827]
 [ 0.94494628]
 [ 0.65134082]]
48 ms SUSY qq
Unrenormalised bag is -  [[ 1.55547701  1.55757778  1.55362159 ...,  1.5598041   1.55646184
   1.55742327]
 [ 1.22580799  1.22666295  1.22750156 ...,  1.22727901  1.22685875
   1.22644856]
 [-1.86547726 -1.86677924 -1.8678765  ..., -1.86694583 -1.86659135
  -1.86617962]
 [ 0.96107359  0.96078683  0.96008066 ...,  0.96052682  0.96087227
   0.96112814]
 [ 0.49515669  0.49498506  0.49461602 ...,  0.49480345  0.49504743
   0.49513115]]
Unrenormalised bare ratios is -  [[-23.320056   -23.26213436 -23.333959   ..., -23.25488322 -23.3141627
  -23.28736511]
 [ 35.49050983  35.40023346  35.50647587 ...,  35.37570546  35.4685722
   35.43416867]
 [-18.27854849 -18.21654545 -18.24633115 ..., -18.19446715 -18.25215609
  -18.24681984]
 [ -9.41735237  -9.38455152  -9.39975583 ...,  -9.37283193  -9.40358238
   -9.39991398]]
data/Zms_boot_mu_match_24cubed_qq_block.out
Z matrix is - 
[[ 0.947955  0.        0.        0.        0.      ]
 [ 0.        1.051161  0.287449  0.        0.      ]
 [ 0.        0.069378  1.019458  0.        0.      ]
 [ 0.        0.        0.        0.991513 -0.027976]
 [ 0.        0.        0.       -0.355589  1.239301]]
Renormalised B is- 
[ 0.55363769  0.59238289  1.05225966  0.95532645  0.5935404 ]
Renormalised R is- 
[  1.01619427 -15.81120385   1.93525769  31.54823784  11.80278754]
Interpolating physical pt data to true strange physical point
uninterpolated value is  [[[ 0.55363769]]]
interpolated physical value is [[ 0.55291555]]
Interpolating physical pt data to true strange physical point
uninterpolated value is  [[[ 1.01619427]]]
interpolated physical value is [[ 1.00898897]]
(5, 1, 1, 501) (5, 1, 1, 501) (501,) (1, 1, 2, 1, 501)
0
[[ 0.00883593]]
1
[[ 0.1772499]] [[-0.14076452]]
2
[[-0.06297812]] [[ 0.01723093]]
3
[[-0.34303037]] [[ 0.28104706]]
4
[[-0.07098246]] [[ 0.10511095]]
Interpolated B is -  [[ 0.55291555]
 [ 0.59191905]
 [ 1.05156469]
 [ 0.95461367]
 [ 0.59260784]]
64 ms SUSY qq
Unrenormalised bag is -  [[ 1.50983843  1.4994198   1.49292605 ...,  1.50126416  1.48978841
   1.49653838]
 [ 1.22125555  1.215269    1.20608145 ...,  1.21334216  1.21217694
   1.21093375]
 [-1.86729716 -1.8575678  -1.84388862 ..., -1.85457716 -1.85304505
  -1.851134  ]
 [ 0.88713639  0.882251    0.87701784 ...,  0.88278688  0.87860248
   0.88037091]
 [ 0.44833232  0.44579453  0.44318866 ...,  0.44609351  0.44404573
   0.44488451]]
Unrenormalised bare ratios is -  [[-26.02469587 -26.0435717  -26.03112909 ..., -26.02355119 -26.0888811
  -26.01830341]
 [ 39.85576774  39.87450589  39.86038076 ...,  39.83905727  39.94611175
   39.83975599]
 [-19.28125277 -19.28981647 -19.27712286 ..., -19.30113502 -19.30027811
  -19.27835546]
 [ -9.762003    -9.76543758  -9.7599914  ...,  -9.77116924  -9.77129263
   -9.76056549]]
data/Zms_boot_mu_match_32cubed_qq_block.out
Z matrix is - 
[[ 0.969986  0.        0.        0.        0.      ]
 [ 0.        1.049078  0.282855  0.        0.      ]
 [ 0.        0.054959  0.928208  0.        0.      ]
 [ 0.        0.        0.        0.912145 -0.012556]
 [ 0.        0.        0.       -0.347973  1.281952]]
Renormalised B is- 
[ 0.54435798  0.54893666  0.91805756  0.94748076  0.64256364]
Renormalised R is- 
[  1.06323312 -15.5521926    1.05104022  32.46763246  13.75957322]
Interpolating physical pt data to true strange physical point
uninterpolated value is  [[[ 0.54435798]]]
interpolated physical value is [[ 0.53588339]]
Interpolating physical pt data to true strange physical point
uninterpolated value is  [[[ 1.06323312]]]
interpolated physical value is [[ 0.98328844]]
(5, 1, 1, 501) (5, 1, 1, 501) (501,) (1, 1, 2, 1, 501)
0
[[ 0.00856374]]
1
[[ 0.16247029]] [[-0.13627443]]
2
[[-0.0543951]] [[ 0.00929933]]
3
[[-0.33715306]] [[ 0.28540563]]
4
[[-0.07567655]] [[ 0.12023254]]
Interpolated B is -  [[ 0.53588339]
 [ 0.54256312]
 [ 0.90825139]
 [ 0.93825779]
 [ 0.63179711]]
do log value is -  0
---Doing Global Fitting---
Scheme -  ms   Basis -  SUSY   Kinematics -  qq   Fit type -  linear
Channel -  1
---Fitting Results---
chisq -  17.2187095862  +/-  8.337031273
chisq/dof -  2.45981565517 +/- 1.19100446757
parameters: 
p0 -  0.965658772976  +/-  0.780623263662
p1 -  1.90876474545  +/-  0.749459878288
p2 -  0.0889939212261  +/-  0.710913574064
---continuum point is: yp =  0.979591343485  +/-  0.0145117322582
Saving  ./plots/linear/R1_SUSY_ms_qq .pdf
Channel -  2
---Fitting Results---
chisq -  2.25067913974  +/-  4.52656137062
chisq/dof -  0.321525591392 +/- 0.646651624374
parameters: 
p0 -  -16.1531503388  +/-  29.4236653948
p1 -  52.9638708092  +/-  29.03495424
p2 -  -0.0887245949811  +/-  29.8112176745
---continuum point is: yp =  -15.7665532654  +/-  0.257555695639
Saving  ./plots/linear/R2_SUSY_ms_qq .pdf
Channel -  3
---Fitting Results---
chisq -  3.85915036755  +/-  5.65019709118
chisq/dof -  0.551307195364 +/- 0.807171013026
parameters: 
p0 -  0.121130006269  +/-  3.67743402811
p1 -  -3.63111917504  +/-  3.73777207654
p2 -  5.51967435441  +/-  4.006352777
---continuum point is: yp =  0.0946255226472  +/-  0.0291751446314
Saving  ./plots/linear/R3_SUSY_ms_qq .pdf
Channel -  4
---Fitting Results---
chisq -  2.75884573014  +/-  5.0709670011
chisq/dof -  0.394120818592 +/- 0.7244238573
parameters: 
p0 -  36.3861972064  +/-  80.189940968
p1 -  -153.064645889  +/-  79.6401800545
p2 -  -11.4454639137  +/-  81.9199847956
---continuum point is: yp =  35.2689385309  +/-  0.533994865773
Saving  ./plots/linear/R4_SUSY_ms_qq .pdf
Channel -  5
---Fitting Results---
chisq -  5.34560817651  +/-  6.34416046899
chisq/dof -  0.76365831093 +/- 0.906308638427
parameters: 
p0 -  17.0244310381  +/-  31.0609003456
p1 -  -58.7853929399  +/-  30.8230205487
p2 -  -14.4939044315  +/-  31.1766770976
---continuum point is: yp =  16.59534116  +/-  0.223654885863
Saving  ./plots/linear/R5_SUSY_ms_qq .pdf
do log value is -  0
---Doing Global Fitting---
Scheme -  ms   Basis -  SUSY   Kinematics -  qq   Fit type -  linear
Channel -  1
---Fitting Results---
chisq -  20.625029118  +/-  10.1098851454
chisq/dof -  2.94643273114 +/- 1.44426930648
parameters: 
p0 -  0.516402985222  +/-  0.193920080946
p1 -  0.550335475731  +/-  0.205850721339
p2 -  0.0977524404667  +/-  0.221646761828
---continuum point is: yp =  0.520420027048  +/-  0.00464214271414
Saving  ./plots/linear/B1_SUSY_ms_qq .pdf
Channel -  2
---Fitting Results---
chisq -  11.9780916897  +/-  7.35103897569
chisq/dof -  1.71115595566 +/- 1.0501484251
parameters: 
p0 -  0.482829863973  +/-  0.246740060338
p1 -  1.00485371129  +/-  0.258335460082
p2 -  0.307432025824  +/-  0.288372495937
---continuum point is: yp =  0.49016455266  +/-  0.00364123412523
Saving  ./plots/linear/B2_SUSY_ms_qq .pdf
Channel -  3
---Fitting Results---
chisq -  8.87939176867  +/-  6.56570873681
chisq/dof -  1.26848453838 +/- 0.937958390973
parameters: 
p0 -  0.736079543856  +/-  0.281013769719
p1 -  1.65359935921  +/-  0.324104922996
p2 -  0.912744314731  +/-  0.370744963854
---continuum point is: yp =  0.748149595821  +/-  0.00660703498074
Saving  ./plots/linear/B3_SUSY_ms_qq .pdf
Channel -  4
---Fitting Results---
chisq -  13.8290612255  +/-  8.09847448025
chisq/dof -  1.97558017507 +/- 1.15692492575
parameters: 
p0 -  0.923534809544  +/-  0.464043384591
p1 -  0.107804804211  +/-  0.409400391715
p2 -  0.0903085498983  +/-  0.368668665039
---continuum point is: yp =  0.924321704859  +/-  0.0060107301801
Saving  ./plots/linear/B4_SUSY_ms_qq .pdf
Channel -  5
---Fitting Results---
chisq -  26.6204654637  +/-  11.0472348403
chisq/dof -  3.80292363767 +/- 1.57817640576
parameters: 
p0 -  0.67476517764  +/-  0.396721480098
p1 -  0.458701750236  +/-  0.396172314905
p2 -  -0.254689726419  +/-  0.396951599732
---continuum point is: yp =  0.678113361062  +/-  0.00403947797877
Saving  ./plots/linear/B5_SUSY_ms_qq .pdf
do log value is -  1
---Doing Global Fitting---
Scheme -  ms   Basis -  SUSY   Kinematics -  qq   Fit type -  chiral
Channel -  1
---Fitting Results---
chisq -  8.77729594713  +/-  5.99393557275
chisq/dof -  1.25389942102 +/- 0.856276510393
parameters: 
p0 -  0.995330449816  +/-  2.70014474006
p1 -  6.16901808483  +/-  2.68845428379
p2 -  0.0632782916969  +/-  2.64207171065
---continuum point is: yp =  0.986742912693  +/-  0.0142671459339
Saving  ./plots/chiral/R1_SUSY_ms_qq .pdf
Channel -  2
---Fitting Results---
chisq -  4.1939035206  +/-  5.40199203696
chisq/dof -  0.599129074371 +/- 0.771713148137
parameters: 
p0 -  -16.9959990685  +/-  28.5174646658
p1 -  -67.4813068523  +/-  28.792976713
p2 -  0.613266766713  +/-  27.5692076119
---continuum point is: yp =  -15.962652083  +/-  0.250335793735
Saving  ./plots/chiral/R2_SUSY_ms_qq .pdf
Channel -  3
---Fitting Results---
chisq -  4.54470154591  +/-  5.92058352
chisq/dof -  0.649243077987 +/- 0.845797645714
parameters: 
p0 -  0.125979323719  +/-  3.37948497068
p1 -  -2.72597330486  +/-  3.50764901501
p2 -  5.5184362236  +/-  3.62956284939
---continuum point is: yp =  0.0947712389441  +/-  0.0295522904058
Saving  ./plots/chiral/R3_SUSY_ms_qq .pdf
Channel -  4
---Fitting Results---
chisq -  1.17441132267  +/-  4.14905677529
chisq/dof -  0.167773046096 +/- 0.59272239647
parameters: 
p0 -  37.4841352646  +/-  20.2014706294
p1 -  6.42048836201  +/-  20.2163517855
p2 -  -12.2936759818  +/-  20.2060533599
---continuum point is: yp =  35.5117917058  +/-  0.522945513209
Saving  ./plots/chiral/R4_SUSY_ms_qq .pdf
Channel -  5
---Fitting Results---
chisq -  1.24100773514  +/-  4.08774945805
chisq/dof -  0.177286819305 +/- 0.583964208294
parameters: 
p0 -  17.5386284926  +/-  14.684428625
p1 -  15.9133134012  +/-  14.9824251422
p2 -  -14.89692547  +/-  14.3004774943
---continuum point is: yp =  16.7100069968  +/-  0.219026265141
Saving  ./plots/chiral/R5_SUSY_ms_qq .pdf
do log value is -  1
---Doing Global Fitting---
Scheme -  ms   Basis -  SUSY   Kinematics -  qq   Fit type -  chiral
Channel -  1
---Fitting Results---
chisq -  23.0967562205  +/-  10.6112545657
chisq/dof -  3.29953660293 +/- 1.51589350938
parameters: 
p0 -  0.510870902837  +/-  0.335821995646
p1 -  -0.161797382196  +/-  0.280545126515
p2 -  0.103424579356  +/-  0.253838282867
---continuum point is: yp =  0.518863158525  +/-  0.00461877934164
Saving  ./plots/chiral/B1_SUSY_ms_qq .pdf
Channel -  2
---Fitting Results---
chisq -  14.484170167  +/-  8.18692771794
chisq/dof -  2.06916716671 +/- 1.16956110256
parameters: 
p0 -  0.488543169027  +/-  0.565547847639
p1 -  1.68390285401  +/-  0.576661865016
p2 -  0.300767181792  +/-  0.606230141928
---continuum point is: yp =  0.492062076571  +/-  0.00366604447377
Saving  ./plots/chiral/B2_SUSY_ms_qq .pdf
Channel -  3
---Fitting Results---
chisq -  10.9491266174  +/-  7.3010210591
chisq/dof -  1.56416094534 +/- 1.04300300844
parameters: 
p0 -  0.744170256489  +/-  0.779730288139
p1 -  2.6943506064  +/-  0.817031302312
p2 -  0.904301069747  +/-  0.856865408097
---continuum point is: yp =  0.750474615603  +/-  0.00663712151862
Saving  ./plots/chiral/B3_SUSY_ms_qq .pdf
Channel -  4
---Fitting Results---
chisq -  16.9835600161  +/-  8.97090458901
chisq/dof -  2.42622285944 +/- 1.28155779843
parameters: 
p0 -  0.912836903733  +/-  0.964273831447
p1 -  -1.15642366054  +/-  0.885337958889
p2 -  0.102752304652  +/-  0.827672458667
---continuum point is: yp =  0.920786871322  +/-  0.00598894743529
Saving  ./plots/chiral/B4_SUSY_ms_qq .pdf
Channel -  5
---Fitting Results---
chisq -  34.2724210768  +/-  12.459673481
chisq/dof -  4.89606015383 +/- 1.77995335443
parameters: 
p0 -  0.667038919306  +/-  0.563047414458
p1 -  -0.467077447128  +/-  0.511855422643
p2 -  -0.245829476171  +/-  0.462605467449
---continuum point is: yp =  0.675607027295  +/-  0.00403748926153
Saving  ./plots/chiral/B5_SUSY_ms_qq .pdf
----------------------setting up as----------------------------
----------------------setting up as----------------------------
----------------------setting up as----------------------------
----------------------setting up as----------------------------
24 ms Lattice qq
Unrenormalised bag is -  [ 1.531126  1.184277 -1.791854  0.945944  0.489873]
Unrenormalised bare ratios is -  [[-21.395342 -21.323851 -21.438699 ..., -21.42395  -21.301824 -21.405902]
 [ 32.387562  32.279551  32.458398 ...,  32.469014  32.271109  32.418288]
 [-17.220644 -17.180836 -17.23766  ..., -17.379827 -17.277187 -17.271899]
 [ -8.862963  -8.846121  -8.872476 ...,  -8.945566  -8.890274  -8.894053]]
data/Zms_boot_mu_match_24cubed_qq_block.out
Z matrix is - 
[[ 0.947955  0.        0.        0.        0.      ]
 [ 0.        1.051161  0.287449  0.        0.      ]
 [ 0.        0.069378  1.019458  0.        0.      ]
 [ 0.        0.        0.        0.991513 -0.027976]
 [ 0.        0.        0.       -0.355589  1.239301]]
Renormalised B is- 
[ 0.54428946  0.57543348  0.91703457  0.58297903  0.28462393]
Renormalised R is- 
[  0.99437596 -21.24366204  28.21306266 -14.6464318  -11.05531082]
-----Interpolating non-physical mass data-----
Interpolate dR/dms to the near physical point data
24  - dy/dms =  [[ 1.62124058]
 [ 1.77226385]
 [ 1.52117847]]
Interpolated dy/dms =  [ 1.80534455]
-----Interpolating non-physical mass data-----
Interpolate dR/dms to the near physical point data
24  - dy/dms =  [[ 17.09057659]
 [ 15.81708077]
 [ 13.5778284 ]]
Interpolated dy/dms =  [ 18.01326238]
(5, 3, 1, 501) (5, 3, 1, 501) (501,) (1, 3, 4, 1, 501)
0
[[ 0.00875821]
 [ 0.00876703]
 [ 0.00950307]]
1
[[ 0.13907681]
 [ 0.14296648]
 [ 0.15156246]] [[-0.18697865]
 [-0.17446838]
 [-0.17374239]]
2
[[-0.33087406]
 [-0.33525427]
 [-0.34940332]] [[ 0.24752583]
 [ 0.22916329]
 [ 0.2248636 ]]
3
[[ 0.17543004]
 [ 0.18437042]
 [ 0.19312903]] [[-0.12921142]
 [-0.12246891]
 [-0.12207553]]
4
[[ 0.05149394]
 [ 0.05387996]
 [ 0.05627145]] [[-0.09752682]
 [-0.0927506 ]
 [-0.09302156]]
Interpolated B is -  [[ 0.54805255]
 [ 0.5805519 ]
 [ 0.92078407]
 [ 0.58584171]
 [ 0.28660329]]
Interpolated B is -  [[ 0.54860397]
 [ 0.59678866]
 [ 0.93297369]
 [ 0.61569775]
 [ 0.29988335]]
32 ms Lattice qq
Unrenormalised bag is -  [ 1.494694  1.202869 -1.837128  0.907511  0.458776]
Unrenormalised bare ratios is -  [[-25.125635 -25.043168 -25.038251 ..., -25.028875 -24.923587 -25.114861]
 [ 38.287211  38.137487  38.10305  ...,  38.172154  37.97357   38.267258]
 [-19.01485  -18.905824 -18.819727 ..., -18.964935 -18.867802 -18.94673 ]
 [ -9.598064  -9.555677  -9.515797 ...,  -9.573961  -9.53175   -9.579905]]
data/Zms_boot_mu_match_32cubed_qq_block.out
Z matrix is - 
[[ 0.969986  0.        0.        0.        0.      ]
 [ 0.        1.049078  0.282855  0.        0.      ]
 [ 0.        0.054959  0.928208  0.        0.      ]
 [ 0.        0.        0.        0.912145 -0.012556]
 [ 0.        0.        0.       -0.347973  1.281952]]
Renormalised B is- 
[ 0.5436871   0.6386925   0.94027736  0.56585776  0.31245221]
Renormalised R is- 
[  1.02231611 -25.55228293  29.94914152 -14.70113546 -12.69279966]
-----Interpolating non-physical mass data-----
Interpolate dR/dms to the near physical point data
32  - dy/dms =  [[ 2.58200573]
 [ 2.68218104]
 [ 2.51471295]]
Interpolated dy/dms =  [ 2.80615658]
-----Interpolating non-physical mass data-----
Interpolate dR/dms to the near physical point data
32  - dy/dms =  [[ 24.36942361]
 [ 23.51415934]
 [ 22.14250538]]
Interpolated dy/dms =  [ 26.47174774]
(5, 3, 1, 501) (5, 3, 1, 501) (501,) (1, 3, 3, 1, 501)
0
[[ 0.00866658]
 [ 0.00886961]
 [ 0.00891576]]
1
[[ 0.15256548]
 [ 0.15483022]
 [ 0.15603498]] [[-0.21712621]
 [-0.22194972]
 [-0.21486223]]
2
[[-0.33733633]
 [-0.33949304]
 [-0.3395565 ]] [[ 0.25473076]
 [ 0.2598266 ]
 [ 0.24973097]]
3
[[ 0.16913089]
 [ 0.17157063]
 [ 0.17335313]] [[-0.12550351]
 [-0.12728255]
 [-0.12448229]]
4
[[ 0.05600955]
 [ 0.057108  ]
 [ 0.05768795]] [[-0.10820392]
 [-0.11011199]
 [-0.10789292]]
Interpolated B is -  [[ 0.54231863]
 [ 0.63685803]
 [ 0.93876782]
 [ 0.56480594]
 [ 0.31173615]]
Interpolated B is -  [[ 0.55502316]
 [ 0.64631178]
 [ 0.94476968]
 [ 0.57295337]
 [ 0.31784986]]
Interpolated B is -  [[ 0.55791093]
 [ 0.65134082]
 [ 0.94494628]
 [ 0.57890594]
 [ 0.32107772]]
48 ms Lattice qq
Unrenormalised bag is -  [[ 1.55547701  1.55757778  1.55362159 ...,  1.5598041   1.55646184
   1.55742327]
 [ 1.22580799  1.22666295  1.22750156 ...,  1.22727901  1.22685875
   1.22644856]
 [-1.86547726 -1.86677924 -1.8678765  ..., -1.86694583 -1.86659135
  -1.86617962]
 [ 0.96107359  0.96078683  0.96008066 ...,  0.96052682  0.96087227
   0.96112814]
 [ 0.49515669  0.49498506  0.49461602 ...,  0.49480345  0.49504743
   0.49513115]]
Unrenormalised bare ratios is -  [[-23.320056   -23.26213436 -23.333959   ..., -23.25488322 -23.3141627
  -23.28736511]
 [ 35.49050983  35.40023346  35.50647587 ...,  35.37570546  35.4685722
   35.43416867]
 [-18.27854849 -18.21654545 -18.24633115 ..., -18.19446715 -18.25215609
  -18.24681984]
 [ -9.41735237  -9.38455152  -9.39975583 ...,  -9.37283193  -9.40358238
   -9.39991398]]
data/Zms_boot_mu_match_24cubed_qq_block.out
Z matrix is - 
[[ 0.947955  0.        0.        0.        0.      ]
 [ 0.        1.051161  0.287449  0.        0.      ]
 [ 0.        0.069378  1.019458  0.        0.      ]
 [ 0.        0.        0.        0.991513 -0.027976]
 [ 0.        0.        0.       -0.355589  1.239301]]
Renormalised B is- 
[ 0.55363769  0.5935404   0.95532645  0.59238289  0.28579837]
Renormalised R is- 
[  1.01619427 -23.60557508  31.54823784 -15.81120385 -11.94068848]
Interpolating physical pt data to true strange physical point
uninterpolated value is  [[[ 0.55363769]]]
interpolated physical value is [[ 0.55291555]]
Interpolating physical pt data to true strange physical point
uninterpolated value is  [[[ 1.01619427]]]
interpolated physical value is [[ 1.00898897]]
(5, 1, 1, 501) (5, 1, 1, 501) (501,) (1, 1, 2, 1, 501)
0
[[ 0.00883593]]
1
[[ 0.14196492]] [[-0.21022189]]
2
[[-0.34303037]] [[ 0.28104706]]
3
[[ 0.1772499]] [[-0.14076452]]
4
[[ 0.05129412]] [[-0.10630268]]
Interpolated B is -  [[ 0.55291555]
 [ 0.59260784]
 [ 0.95461367]
 [ 0.59191905]
 [ 0.28549115]]
64 ms Lattice qq
Unrenormalised bag is -  [[ 1.50983843  1.4994198   1.49292605 ...,  1.50126416  1.48978841
   1.49653838]
 [ 1.22125555  1.215269    1.20608145 ...,  1.21334216  1.21217694
   1.21093375]
 [-1.86729716 -1.8575678  -1.84388862 ..., -1.85457716 -1.85304505
  -1.851134  ]
 [ 0.88713639  0.882251    0.87701784 ...,  0.88278688  0.87860248
   0.88037091]
 [ 0.44833232  0.44579453  0.44318866 ...,  0.44609351  0.44404573
   0.44488451]]
Unrenormalised bare ratios is -  [[-26.02469587 -26.0435717  -26.03112909 ..., -26.02355119 -26.0888811
  -26.01830341]
 [ 39.85576774  39.87450589  39.86038076 ...,  39.83905727  39.94611175
   39.83975599]
 [-19.28125277 -19.28981647 -19.27712286 ..., -19.30113502 -19.30027811
  -19.27835546]
 [ -9.762003    -9.76543758  -9.7599914  ...,  -9.77116924  -9.77129263
   -9.76056549]]
data/Zms_boot_mu_match_32cubed_qq_block.out
Z matrix is - 
[[ 0.969986  0.        0.        0.        0.      ]
 [ 0.        1.049078  0.282855  0.        0.      ]
 [ 0.        0.054959  0.928208  0.        0.      ]
 [ 0.        0.        0.        0.912145 -0.012556]
 [ 0.        0.        0.       -0.347973  1.281952]]
Renormalised B is- 
[ 0.54435798  0.64256364  0.94748076  0.54893666  0.30285605]
Renormalised R is- 
[  1.06323312 -27.51914644  32.46763246 -15.5521926  -13.45011217]
Interpolating physical pt data to true strange physical point
uninterpolated value is  [[[ 0.54435798]]]
interpolated physical value is [[ 0.53588339]]
Interpolating physical pt data to true strange physical point
uninterpolated value is  [[[ 1.06323312]]]
interpolated physical value is [[ 0.98328844]]
(5, 1, 1, 501) (5, 1, 1, 501) (501,) (1, 1, 2, 1, 501)
0
[[ 0.00856374]]
1
[[ 0.15135309]] [[-0.24046508]]
2
[[-0.33715306]] [[ 0.28540563]]
3
[[ 0.16247029]] [[-0.13627443]]
4
[[ 0.05368272]] [[-0.117663]]
Interpolated B is -  [[ 0.53588339]
 [ 0.63179711]
 [ 0.93825779]
 [ 0.54256312]
 [ 0.29878556]]
do log value is -  0
---Doing Global Fitting---
Scheme -  ms   Basis -  Lattice   Kinematics -  qq   Fit type -  linear
Channel -  1
---Fitting Results---
chisq -  17.2187095862  +/-  8.337031273
chisq/dof -  2.45981565517 +/- 1.19100446757
parameters: 
p0 -  0.965658772976  +/-  0.780623263662
p1 -  1.90876474545  +/-  0.749459878288
p2 -  0.0889939212261  +/-  0.710913574064
---continuum point is: yp =  0.979591343485  +/-  0.0145117322582
Saving  ./plots/linear/R1_Lattice_ms_qq .pdf
Channel -  2
---Fitting Results---
chisq -  5.34560817651  +/-  6.34416046899
chisq/dof -  0.76365831093 +/- 0.906308638427
parameters: 
p0 -  -34.0488620919  +/-  62.1218005945
p1 -  117.57078602  +/-  61.6460411412
p2 -  28.9878089055  +/-  62.353353987
---continuum point is: yp =  -33.1906823345  +/-  0.447309772838
Saving  ./plots/linear/R2_Lattice_ms_qq .pdf
Channel -  3
---Fitting Results---
chisq -  2.75884573014  +/-  5.0709670011
chisq/dof -  0.394120818592 +/- 0.7244238573
parameters: 
p0 -  36.3861972064  +/-  80.189940968
p1 -  -153.064645889  +/-  79.6401800545
p2 -  -11.4454639137  +/-  81.9199847956
---continuum point is: yp =  35.2689385309  +/-  0.533994865773
Saving  ./plots/linear/R3_Lattice_ms_qq .pdf
Channel -  4
---Fitting Results---
chisq -  2.25067913974  +/-  4.52656137062
chisq/dof -  0.321525591392 +/- 0.646651624374
parameters: 
p0 -  -16.1531503388  +/-  29.4236653948
p1 -  52.9638708092  +/-  29.03495424
p2 -  -0.0887245949811  +/-  29.8112176745
---continuum point is: yp =  -15.7665532654  +/-  0.257555695639
Saving  ./plots/linear/R4_Lattice_ms_qq .pdf
Channel -  5
---Fitting Results---
chisq -  4.87074942407  +/-  5.8037906349
chisq/dof -  0.695821346296 +/- 0.829112947842
parameters: 
p0 -  -15.9095484531  +/-  25.3358881251
p1 -  45.7382773551  +/-  24.9732759176
p2 -  10.9469025834  +/-  24.8618769837
---continuum point is: yp =  -15.5756928663  +/-  0.218388368474
Saving  ./plots/linear/R5_Lattice_ms_qq .pdf
do log value is -  0
---Doing Global Fitting---
Scheme -  ms   Basis -  Lattice   Kinematics -  qq   Fit type -  linear
Channel -  1
---Fitting Results---
chisq -  20.625029118  +/-  10.1098851454
chisq/dof -  2.94643273114 +/- 1.44426930648
parameters: 
p0 -  0.516402985222  +/-  0.193920080946
p1 -  0.550335475731  +/-  0.205850721339
p2 -  0.0977524404667  +/-  0.221646761828
---continuum point is: yp =  0.520420027048  +/-  0.00464214271414
Saving  ./plots/linear/B1_Lattice_ms_qq .pdf
Channel -  2
---Fitting Results---
chisq -  26.6204654637  +/-  11.0472348403
chisq/dof -  3.80292363767 +/- 1.57817640576
parameters: 
p0 -  0.67476517764  +/-  0.396721480098
p1 -  0.458701750236  +/-  0.396172314905
p2 -  -0.254689726419  +/-  0.396951599732
---continuum point is: yp =  0.678113361062  +/-  0.00403947797877
Saving  ./plots/linear/B2_Lattice_ms_qq .pdf
Channel -  3
---Fitting Results---
chisq -  13.8290612255  +/-  8.09847448025
chisq/dof -  1.97558017507 +/- 1.15692492575
parameters: 
p0 -  0.923534809544  +/-  0.464043384591
p1 -  0.107804804211  +/-  0.409400391715
p2 -  0.0903085498983  +/-  0.368668665039
---continuum point is: yp =  0.924321704859  +/-  0.0060107301801
Saving  ./plots/linear/B3_Lattice_ms_qq .pdf
Channel -  4
---Fitting Results---
chisq -  11.9780916897  +/-  7.35103897569
chisq/dof -  1.71115595566 +/- 1.0501484251
parameters: 
p0 -  0.482829863973  +/-  0.246740060338
p1 -  1.00485371129  +/-  0.258335460082
p2 -  0.307432025824  +/-  0.288372495937
---continuum point is: yp =  0.49016455266  +/-  0.00364123412523
Saving  ./plots/linear/B4_Lattice_ms_qq .pdf
Channel -  5
---Fitting Results---
chisq -  22.1629931898  +/-  9.38309924409
chisq/dof -  3.16614188426 +/- 1.34044274916
parameters: 
p0 -  0.313363131958  +/-  0.26499668688
p1 -  0.574411960945  +/-  0.265007263078
p2 -  -0.0942237200568  +/-  0.282464928878
---continuum point is: yp =  0.317555914315  +/-  0.00204595517608
Saving  ./plots/linear/B5_Lattice_ms_qq .pdf
do log value is -  1
---Doing Global Fitting---
Scheme -  ms   Basis -  Lattice   Kinematics -  qq   Fit type -  chiral
Channel -  1
---Fitting Results---
chisq -  8.77729594713  +/-  5.99393557275
chisq/dof -  1.25389942102 +/- 0.856276510393
parameters: 
p0 -  0.995330449816  +/-  2.70014474006
p1 -  6.16901808483  +/-  2.68845428379
p2 -  0.0632782916969  +/-  2.64207171065
---continuum point is: yp =  0.986742912693  +/-  0.0142671459339
Saving  ./plots/chiral/R1_Lattice_ms_qq .pdf
Channel -  2
---Fitting Results---
chisq -  1.24100773514  +/-  4.08774945805
chisq/dof -  0.177286819305 +/- 0.583964208294
parameters: 
p0 -  -35.0772569795  +/-  29.368857331
p1 -  -31.8266269812  +/-  29.9648503186
p2 -  29.7938509349  +/-  28.6009549652
---continuum point is: yp =  -33.4200139895  +/-  0.438052531142
Saving  ./plots/chiral/R2_Lattice_ms_qq .pdf
Channel -  3
---Fitting Results---
chisq -  1.17441132267  +/-  4.14905677529
chisq/dof -  0.167773046096 +/- 0.59272239647
parameters: 
p0 -  37.4841352646  +/-  20.2014706294
p1 -  6.42048836201  +/-  20.2163517855
p2 -  -12.2936759818  +/-  20.2060533599
---continuum point is: yp =  35.5117917058  +/-  0.522945513209
Saving  ./plots/chiral/R3_Lattice_ms_qq .pdf
Channel -  4
---Fitting Results---
chisq -  4.1939035206  +/-  5.40199203696
chisq/dof -  0.599129074371 +/- 0.771713148137
parameters: 
p0 -  -16.9959990685  +/-  28.5174646658
p1 -  -67.4813068523  +/-  28.792976713
p2 -  0.613266766713  +/-  27.5692076119
---continuum point is: yp =  -15.962652083  +/-  0.250335793735
Saving  ./plots/chiral/R4_Lattice_ms_qq .pdf
Channel -  5
---Fitting Results---
chisq -  3.97895985432  +/-  5.28512551168
chisq/dof -  0.568422836332 +/- 0.75501793024
parameters: 
p0 -  -16.7385504541  +/-  34.6697552588
p1 -  -72.9846025242  +/-  35.217601902
p2 -  11.6392706616  +/-  34.3607362386
---continuum point is: yp =  -15.7684873407  +/-  0.211572308115
Saving  ./plots/chiral/R5_Lattice_ms_qq .pdf
do log value is -  1
---Doing Global Fitting---
Scheme -  ms   Basis -  Lattice   Kinematics -  qq   Fit type -  chiral
Channel -  1
---Fitting Results---
chisq -  23.0967562205  +/-  10.6112545657
chisq/dof -  3.29953660293 +/- 1.51589350938
parameters: 
p0 -  0.510870902837  +/-  0.335821995646
p1 -  -0.161797382196  +/-  0.280545126515
p2 -  0.103424579356  +/-  0.253838282867
---continuum point is: yp =  0.518863158525  +/-  0.00461877934164
Saving  ./plots/chiral/B1_Lattice_ms_qq .pdf
Channel -  2
---Fitting Results---
chisq -  34.2724210768  +/-  12.459673481
chisq/dof -  4.89606015383 +/- 1.77995335443
parameters: 
p0 -  0.667038919306  +/-  0.563047414458
p1 -  -0.467077447128  +/-  0.511855422643
p2 -  -0.245829476171  +/-  0.462605467449
---continuum point is: yp =  0.675607027295  +/-  0.00403748926153
Saving  ./plots/chiral/B2_Lattice_ms_qq .pdf
Channel -  3
---Fitting Results---
chisq -  16.9835600161  +/-  8.97090458901
chisq/dof -  2.42622285944 +/- 1.28155779843
parameters: 
p0 -  0.912836903733  +/-  0.964273831447
p1 -  -1.15642366054  +/-  0.885337958889
p2 -  0.102752304652  +/-  0.827672458667
---continuum point is: yp =  0.920786871322  +/-  0.00598894743529
Saving  ./plots/chiral/B3_Lattice_ms_qq .pdf
Channel -  4
---Fitting Results---
chisq -  14.484170167  +/-  8.18692771794
chisq/dof -  2.06916716671 +/- 1.16956110256
parameters: 
p0 -  0.488543169027  +/-  0.565547847639
p1 -  1.68390285401  +/-  0.576661865016
p2 -  0.300767181792  +/-  0.606230141928
---continuum point is: yp =  0.492062076571  +/-  0.00366604447377
Saving  ./plots/chiral/B4_Lattice_ms_qq .pdf
Channel -  5
---Fitting Results---
chisq -  23.0620719824  +/-  9.78806447271
chisq/dof -  3.29458171177 +/- 1.39829492467
parameters: 
p0 -  0.31686318214  +/-  0.449316102216
p1 -  1.0184488213  +/-  0.449112079949
p2 -  -0.0980011502958  +/-  0.470453707811
---continuum point is: yp =  0.318607473212  +/-  0.00205839504995
Saving  ./plots/chiral/B5_Lattice_ms_qq .pdf
