----------------------setting up as----------------------------
----------------------setting up as----------------------------
----------------------setting up as----------------------------
----------------------setting up as----------------------------
Unrenormalised bag is -  [ 1.55114   1.512895  1.555642  1.50854   1.584835]
Unrenormalised bare ratios is -  [[-21.438699]
 [-21.405287]
 [-21.442041]
 [-21.389137]]
ZA -  0.71273    ZP -  0.6945
Renormalised B is- 
[ 0.53306264  0.83835826  0.08415093 -0.7440333   1.59478313]
(0, 0, 0, 0) (5,) (5,)
(0, 1, 0, 0) (5,) (5,)
(0, 2, 0, 0) (5,) (5,)
Renormalised R is- 
[  0.99362713 -15.52948503  -3.93111527 -26.71292797  12.59878124]
(5, 3, 1, 3, 1)
-----Interpolating non-physical mass data-----
m_val_s   [0.03, 0.035, 0.04]
data   [[[[[ 0.53306264]
    [ 0.52654584]
    [ 0.52418044]]]


  [[[ 0.54189604]
    [ 0.53459261]
    [ 0.52097995]]]


  [[[ 0.5306883 ]
    [ 0.54127436]
    [ 0.51642131]]]]



 [[[[ 0.83835826]
    [ 0.82807003]
    [ 0.86539067]]]


  [[[ 0.85473159]
    [ 0.87219865]
    [ 0.84620277]]]


  [[[ 0.84543116]
    [ 0.8540944 ]
    [ 0.85946267]]]]



 [[[[ 0.08415093]
    [ 0.1607563 ]
    [ 0.18666073]]]


  [[[ 0.21982243]
    [ 0.25308622]
    [ 0.15770465]]]


  [[[ 0.206495  ]
    [ 0.25408696]
    [ 0.23681633]]]]



 [[[[-0.7440333 ]
    [-0.73124775]
    [-0.74627172]]]


  [[[-0.7266272 ]
    [-0.7228075 ]
    [-0.73784443]]]


  [[[-0.7160762 ]
    [-0.73655423]
    [-0.74105567]]]]



 [[[[ 1.59478313]
    [ 1.61216286]
    [ 1.61926612]]]


  [[[ 1.61333028]
    [ 1.59780458]
    [ 1.57821475]]]


  [[[ 1.60164014]
    [ 1.6003908 ]
    [ 1.57446151]]]]]
[0.5330626395825]
0 0
1 0
