----------------------setting up as----------------------------
----------------------setting up as----------------------------
----------------------setting up as----------------------------
----------------------setting up as----------------------------
24 MOM SUSY gg
Unrenormalised bag is -  [ 1.531126  1.184277 -1.791854  0.945944  0.489873]
Unrenormalised bare ratios is -  [[-21.395342 -21.323851 -21.438699 ..., -21.42395  -21.301824 -21.405902]
 [ 32.387562  32.279551  32.458398 ...,  32.469014  32.271109  32.418288]
 [-17.220644 -17.180836 -17.23766  ..., -17.379827 -17.277187 -17.271899]
 [ -8.862963  -8.846121  -8.872476 ...,  -8.945566  -8.890274  -8.894053]]
ZA -  0.71273    ZP -  0.6945
data/ZMOM_boot_mu_match_24cubed_gg_block.out
Z matrix is - 
[[ 0.916423  0.        0.        0.        0.      ]
 [ 0.        1.049363  0.277324  0.        0.      ]
 [ 0.        0.03677   0.872494  0.        0.      ]
 [ 0.        0.        0.        0.91754  -0.036247]
 [ 0.        0.        0.       -0.250958  1.042388]]
Renormalised B is- 
[ 0.52618466  0.5372424   0.91143797  0.80033592  0.58911002]
Renormalised R is- 
[  0.99437596 -14.77379945   2.69671858  24.24939478  11.53993007]
-----Interpolating non-physical mass data-----
Interpolate dR/dms to the near physical point data
24  - dy/dms =  [[ 1.56731296]
 [ 1.71331271]
 [ 1.47057923]]
Interpolated dy/dms =  [ 1.74529305]
-----Interpolating non-physical mass data-----
Interpolate dR/dms to the near physical point data
24  - dy/dms =  [[ 17.09057659]
 [ 15.81708077]
 [ 13.5778284 ]]
Interpolated dy/dms =  [ 18.01326238]
(5, 3, 1, 501) (5, 3, 1, 501) (501,) (1, 3, 4, 1, 501)
0
[[ 0.00846689]
 [ 0.00847541]
 [ 0.00918697]]
1
[[ 0.16166609]
 [ 0.16990704]
 [ 0.17797997]] [[-0.12599948]
 [-0.11944445]
 [-0.11909693]]
2
[[-0.05480943]
 [-0.05770419]
 [-0.06051708]] [[ 0.02300061]
 [ 0.02167928]
 [ 0.02138954]]
3
[[-0.28878272]
 [-0.29265068]
 [-0.30505794]] [[ 0.20565585]
 [ 0.19035811]
 [ 0.18670918]]
4
[[-0.07118351]
 [-0.07315085]
 [-0.07752013]] [[ 0.09817864]
 [ 0.09158051]
 [ 0.09114509]]
Interpolated B is -  [[ 0.52982258]
 [ 0.53987754]
 [ 0.91516961]
 [ 0.80364875]
 [ 0.59428633]]
Interpolated B is -  [[ 0.53035566]
 [ 0.56739785]
 [ 0.9635044 ]
 [ 0.81441284]
 [ 0.61071097]]
32 MOM SUSY gg
Unrenormalised bag is -  [ 1.494694  1.202869 -1.837128  0.907511  0.458776]
Unrenormalised bare ratios is -  [[-25.125635 -25.043168 -25.038251 ..., -25.028875 -24.923587 -25.114861]
 [ 38.287211  38.137487  38.10305  ...,  38.172154  37.97357   38.267258]
 [-19.01485  -18.905824 -18.819727 ..., -18.964935 -18.867802 -18.94673 ]
 [ -9.598064  -9.555677  -9.515797 ...,  -9.573961  -9.53175   -9.579905]]
ZA -  0.74404    ZP -  0.694
data/ZMOM_boot_mu_match_32cubed_gg_block.out
Z matrix is - 
[[ 0.941366  0.        0.        0.        0.      ]
 [ 0.        1.046389  0.273906  0.        0.      ]
 [ 0.        0.025208  0.799351  0.        0.      ]
 [ 0.        0.        0.        0.851317 -0.022528]
 [ 0.        0.        0.       -0.250365  1.087692]]
Renormalised B is- 
[ 0.52764529  0.52567706  0.84558311  0.82653138  0.65125528]
Renormalised R is- 
[  1.02231611 -14.91197618   2.02974453  25.74872218  13.74609429]
-----Interpolating non-physical mass data-----
Interpolate dR/dms to the near physical point data
32  - dy/dms =  [[ 2.50582216]
 [ 2.60304173]
 [ 2.44051489]]
Interpolated dy/dms =  [ 2.7233593]
-----Interpolating non-physical mass data-----
Interpolate dR/dms to the near physical point data
32  - dy/dms =  [[ 24.36942361]
 [ 23.51415934]
 [ 22.14250538]]
Interpolated dy/dms =  [ 26.47174774]
(5, 3, 1, 501) (5, 3, 1, 501) (501,) (1, 3, 3, 1, 501)
0
[[ 0.00841087]
 [ 0.00860791]
 [ 0.00865269]]
1
[[ 0.15712137]
 [ 0.15938541]
 [ 0.16104142]] [[-0.12353829]
 [-0.12531128]
 [-0.12256624]]
2
[[-0.0505582 ]
 [-0.05116274]
 [-0.05170003]] [[ 0.01687739]
 [ 0.01696942]
 [ 0.01651608]]
3
[[-0.29652437]
 [-0.29844783]
 [-0.29852886]] [[ 0.21254856]
 [ 0.21678646]
 [ 0.20831804]]
4
[[-0.07778512]
 [-0.07892693]
 [-0.07952944]] [[ 0.11336265]
 [ 0.1158719 ]
 [ 0.11214263]]
Interpolated B is -  [[ 0.52631721]
 [ 0.52470062]
 [ 0.84418564]
 [ 0.82519287]
 [ 0.64940084]]
Interpolated B is -  [[ 0.53864688]
 [ 0.5322613 ]
 [ 0.85427985]
 [ 0.83054564]
 [ 0.65893344]]
Interpolated B is -  [[ 0.54144945]
 [ 0.53779148]
 [ 0.86325103]
 [ 0.83077114]
 [ 0.66396361]]
48 MOM SUSY gg
Unrenormalised bag is -  [[ 1.55547701  1.55757778  1.55362159 ...,  1.5598041   1.55646184
   1.55742327]
 [ 1.22580799  1.22666295  1.22750156 ...,  1.22727901  1.22685875
   1.22644856]
 [-1.86547726 -1.86677924 -1.8678765  ..., -1.86694583 -1.86659135
  -1.86617962]
 [ 0.96107359  0.96078683  0.96008066 ...,  0.96052682  0.96087227
   0.96112814]
 [ 0.49515669  0.49498506  0.49461602 ...,  0.49480345  0.49504743
   0.49513115]]
Unrenormalised bare ratios is -  [[-23.320056   -23.26213436 -23.333959   ..., -23.25488322 -23.3141627
  -23.28736511]
 [ 35.49050983  35.40023346  35.50647587 ...,  35.37570546  35.4685722
   35.43416867]
 [-18.27854849 -18.21654545 -18.24633115 ..., -18.19446715 -18.25215609
  -18.24681984]
 [ -9.41735237  -9.38455152  -9.39975583 ...,  -9.37283193  -9.40358238
   -9.39991398]]
ZA -  0.71273    ZP -  0.6945
data/ZMOM_boot_mu_match_24cubed_gg_block.out
Z matrix is - 
[[ 0.916423  0.        0.        0.        0.      ]
 [ 0.        1.049363  0.277324  0.        0.      ]
 [ 0.        0.03677   0.872494  0.        0.      ]
 [ 0.        0.        0.        0.91754  -0.036247]
 [ 0.        0.        0.       -0.250958  1.042388]]
Renormalised B is- 
[ 0.53522194  0.5459258   0.93050751  0.83366825  0.60778382]
Renormalised R is- 
[  1.01619427 -15.94910756   2.90869905  27.12069985  12.82629475]
Interpolating physical pt data to true strange physical point
uninterpolated value is  [[[ 0.53522194]]]
interpolated physical value is [[ 0.53452382]]
Interpolating physical pt data to true strange physical point
uninterpolated value is  [[[ 1.01619427]]]
interpolated physical value is [[ 1.00898897]]
(5, 1, 1, 501) (5, 1, 1, 501) (501,) (1, 1, 2, 1, 501)
0
[[ 0.00854202]]
1
[[ 0.16334937]] [[-0.13726893]]
2
[[-0.05569096]] [[ 0.02503556]]
3
[[-0.29934383]] [[ 0.23356993]]
4
[[-0.07268722]] [[ 0.11042786]]
Interpolated B is -  [[ 0.53452382]
 [ 0.54549877]
 [ 0.92988878]
 [ 0.8330391 ]
 [ 0.60684029]]
64 MOM SUSY gg
Unrenormalised bag is -  [[ 1.50983843  1.4994198   1.49292605 ...,  1.50126416  1.48978841
   1.49653838]
 [ 1.22125555  1.215269    1.20608145 ...,  1.21334216  1.21217694
   1.21093375]
 [-1.86729716 -1.8575678  -1.84388862 ..., -1.85457716 -1.85304505
  -1.851134  ]
 [ 0.88713639  0.882251    0.87701784 ...,  0.88278688  0.87860248
   0.88037091]
 [ 0.44833232  0.44579453  0.44318866 ...,  0.44609351  0.44404573
   0.44488451]]
Unrenormalised bare ratios is -  [[-26.02469587 -26.0435717  -26.03112909 ..., -26.02355119 -26.0888811
  -26.01830341]
 [ 39.85576774  39.87450589  39.86038076 ...,  39.83905727  39.94611175
   39.83975599]
 [-19.28125277 -19.28981647 -19.27712286 ..., -19.30113502 -19.30027811
  -19.27835546]
 [ -9.762003    -9.76543758  -9.7599914  ...,  -9.77116924  -9.77129263
   -9.76056549]]
ZA -  0.74404    ZP -  0.694
data/ZMOM_boot_mu_match_32cubed_gg_block.out
Z matrix is - 
[[ 0.941366  0.        0.        0.        0.      ]
 [ 0.        1.046389  0.273906  0.        0.      ]
 [ 0.        0.025208  0.799351  0.        0.      ]
 [ 0.        0.        0.        0.851317 -0.022528]
 [ 0.        0.        0.       -0.250365  1.087692]]
Renormalised B is- 
[ 0.52829638  0.50995878  0.82062292  0.83284876  0.65522292]
Renormalised R is- 
[  1.06323312 -15.77659078   2.13812086  27.91949447  14.8077478 ]
Interpolating physical pt data to true strange physical point
uninterpolated value is  [[[ 0.52829638]]]
interpolated physical value is [[ 0.52007183]]
Interpolating physical pt data to true strange physical point
uninterpolated value is  [[[ 1.06323312]]]
interpolated physical value is [[ 0.98328844]]
(5, 1, 1, 501) (5, 1, 1, 501) (501,) (1, 1, 2, 1, 501)
0
[[ 0.00831107]]
1
[[ 0.15093476]] [[-0.13415079]]
2
[[-0.04862029]] [[ 0.0182539]]
3
[[-0.29633877]] [[ 0.23822629]]
4
[[-0.07717827]] [[ 0.12560138]]
Interpolated B is -  [[ 0.52007183]
 [ 0.50404068]
 [ 0.81182771]
 [ 0.82467638]
 [ 0.64433448]]
do log value is -  0
---Doing Global Fitting---
Scheme -  MOM   Basis -  SUSY   Kinematics -  gg   Fit type -  linear
Channel -  1
---Fitting Results---
chisq -  17.2187095862  +/-  8.337031273
chisq/dof -  2.45981565517 +/- 1.19100446757
parameters: 
p0 -  0.965658772313  +/-  0.780623200523
p1 -  1.90876476622  +/-  0.749459960542
p2 -  0.0889939222561  +/-  0.710913607372
---continuum point is: yp =  0.979591342974  +/-  0.014511731149
Saving  ./plots/linear/R1_SUSY_MOM_gg .pdf
Channel -  2
---Fitting Results---
chisq -  2.32997876127  +/-  4.56830762312
chisq/dof -  0.332854108752 +/- 0.652615374732
parameters: 
p0 -  -16.4865292372  +/-  29.8072743046
p1 -  53.7132323099  +/-  29.4089255214
p2 -  0.482164754766  +/-  30.1540635057
---continuum point is: yp =  -16.0944623792  +/-  0.260776003335
Saving  ./plots/linear/R2_SUSY_MOM_gg .pdf
Channel -  3
---Fitting Results---
chisq -  1.21364102202  +/-  4.07350450025
chisq/dof -  0.17337728886 +/- 0.581929214322
parameters: 
p0 -  1.3975714322  +/-  4.96624826577
p1 -  -7.31313156951  +/-  4.97716173493
p2 -  4.68835701387  +/-  5.34736078998
---continuum point is: yp =  1.34419098211  +/-  0.0432199986345
Saving  ./plots/linear/R3_SUSY_MOM_gg .pdf
Channel -  4
---Fitting Results---
chisq -  2.77167217446  +/-  5.07733358568
chisq/dof -  0.395953167779 +/- 0.725333369383
parameters: 
p0 -  31.3029449259  +/-  69.0958396837
p1 -  -131.923551907  +/-  68.6217554203
p2 -  -9.90060778421  +/-  70.5783988202
Uncaught exception. Entering post mortem debugging
Running 'cont' or 'step' will restart the program
(Pdb) 