----------------------setting up as----------------------------
----------------------setting up as----------------------------
----------------------setting up as----------------------------
----------------------setting up as----------------------------
Reading 2pts...
Done

Reading 3pts...
Done

Z matrix is - 
[[ 0.947955  0.        0.        0.        0.      ]
 [ 0.        1.051161  0.287449  0.        0.      ]
 [ 0.        0.069378  1.019458  0.        0.      ]
 [ 0.        0.        0.        0.991513 -0.027976]
 [ 0.        0.        0.       -0.355589  1.239301]]
Renormalised B is- 
[ 0.54428946  0.58297903  1.03051168  0.91703457  0.57543348]
Renormalised B is- 
[ 0.54428946  0.58297903  1.03051168  0.91703457  0.57543348]
Renormalised B is- 
[ 0.54428946  0.58297903  1.03051168  0.91703457  0.57543348]
Renormalised B is- 
[ 0.54428946  0.58297903  1.03051168  0.91703457  0.57543348]
Renormalised B is- 
[ 0.54428946  0.58297903  1.03051168  0.91703457  0.57543348]
Renormalised B is- 
[ 0.54428946  0.58297903  1.03051168  0.91703457  0.57543348]
Renormalised B is- 
[ 0.54428946  0.58297903  1.03051168  0.91703457  0.57543348]
Renormalised B is- 
[ 0.54428946  0.58297903  1.03051168  0.91703457  0.57543348]
Renormalised B is- 
[ 0.54428946  0.58297903  1.03051168  0.91703457  0.57543348]
-----Interpolating non-physical mass data-----
Interpolate dR/dms to the near physical point data
-----Interpolating non-physical mass data-----
Interpolate dR/dms to the near physical point data
(5, 3, 1, 501) (5, 3, 1, 501) (501,) (1, 3, 4, 1, 501)
0
[[ 0.00875821]
 [ 0.00876703]
 [ 0.00950307]]
1
[[ 0.17543004]
 [ 0.18437042]
 [ 0.19312903]] [[-0.15617499]
 [-0.14810887]
 [-0.14778474]]
2
[[-0.06196803]
 [-0.06524523]
 [-0.06842879]] [[ 0.05550594]
 [ 0.05250971]
 [ 0.0521596 ]]
3
[[-0.33087406]
 [-0.33525427]
 [-0.34940332]] [[ 0.29061241]
 [ 0.26934115]
 [ 0.26482613]]
4
[[-0.0695384 ]
 [-0.07148324]
 [-0.07578123]] [[ 0.06094091]
 [ 0.05705981]
 [ 0.05718705]]
Reading 2pts...
Done

Reading 3pts...
Done

Z matrix is - 
[[ 0.969986  0.        0.        0.        0.      ]
 [ 0.        1.049078  0.282855  0.        0.      ]
 [ 0.        0.054959  0.928208  0.        0.      ]
 [ 0.        0.        0.        0.912145 -0.012556]
 [ 0.        0.        0.       -0.347973  1.281952]]
Renormalised B is- 
[ 0.5436871   0.56585776  0.94596608  0.94027736  0.6386925 ]
Renormalised B is- 
[ 0.5436871   0.56585776  0.94596608  0.94027736  0.6386925 ]
Renormalised B is- 
[ 0.5436871   0.56585776  0.94596608  0.94027736  0.6386925 ]
Renormalised B is- 
[ 0.5436871   0.56585776  0.94596608  0.94027736  0.6386925 ]
Renormalised B is- 
[ 0.5436871   0.56585776  0.94596608  0.94027736  0.6386925 ]
Renormalised B is- 
[ 0.5436871   0.56585776  0.94596608  0.94027736  0.6386925 ]
-----Interpolating non-physical mass data-----
Interpolate dR/dms to the near physical point data
-----Interpolating non-physical mass data-----
Interpolate dR/dms to the near physical point data
(5, 3, 1, 501) (5, 3, 1, 501) (501,) (1, 3, 3, 1, 501)
0
[[ 0.00866658]
 [ 0.00886961]
 [ 0.00891576]]
1
[[ 0.16913089]
 [ 0.17157063]
 [ 0.17335313]] [[-0.15437447]
 [-0.15666105]
 [-0.15326788]]
2
[[-0.05656067]
 [-0.05723132]
 [-0.05783259]] [[ 0.05166753]
 [ 0.0522807 ]
 [ 0.05106569]]
3
[[-0.33733633]
 [-0.33949304]
 [-0.3395565 ]] [[ 0.30599289]
 [ 0.31222018]
 [ 0.30042795]]
4
[[-0.07628274]
 [-0.07741511]
 [-0.07801749]] [[ 0.06948142]
 [ 0.07109521]
 [ 0.06904932]]
 Reading Physical point Bag data...
Unrenormalised bag is -  [[ 1.55547701  1.55757778  1.55362159 ...,  1.5598041   1.55646184
   1.55742327]
 [ 1.22580799  1.22666295  1.22750156 ...,  1.22727901  1.22685875
   1.22644856]
 [-1.86547726 -1.86677924 -1.8678765  ..., -1.86694583 -1.86659135
  -1.86617962]
 [ 0.96107359  0.96078683  0.96008066 ...,  0.96052682  0.96087227
   0.96112814]
 [ 0.49515669  0.49498506  0.49461602 ...,  0.49480345  0.49504743
   0.49513115]]
Done

 Reading Physical point Mass data...
Done

Done

Z matrix is - 
[[ 0.947955  0.        0.        0.        0.      ]
 [ 0.        1.051161  0.287449  0.        0.      ]
 [ 0.        0.069378  1.019458  0.        0.      ]
 [ 0.        0.        0.        0.991513 -0.027976]
 [ 0.        0.        0.       -0.355589  1.239301]]
Renormalised B is- 
[ 0.55363769  0.59238289  1.05225966  0.95532645  0.5935404 ]
Interpolating physical pt data to true strange physical point
Interpolating physical pt data to true strange physical point
(5, 1, 1, 501) (5, 1, 1, 501) (501,) (1, 1, 2, 1, 501)
0
[[ 0.00883593]]
1
[[ 0.1772499]] [[-0.17015383]]
2
[[-0.06297812]] [[ 0.06045107]]
3
[[-0.34303037]] [[ 0.32952926]]
4
[[-0.07098246]] [[ 0.06821665]]
 Reading Physical point Bag data...
Unrenormalised bag is -  [[ 1.50983843  1.4994198   1.49292605 ...,  1.50126416  1.48978841
   1.49653838]
 [ 1.22125555  1.215269    1.20608145 ...,  1.21334216  1.21217694
   1.21093375]
 [-1.86729716 -1.8575678  -1.84388862 ..., -1.85457716 -1.85304505
  -1.851134  ]
 [ 0.88713639  0.882251    0.87701784 ...,  0.88278688  0.87860248
   0.88037091]
 [ 0.44833232  0.44579453  0.44318866 ...,  0.44609351  0.44404573
   0.44488451]]
Done

 Reading Physical point Mass data...
Done

Done

Z matrix is - 
[[ 0.969986  0.        0.        0.        0.      ]
 [ 0.        1.049078  0.282855  0.        0.      ]
 [ 0.        0.054959  0.928208  0.        0.      ]
 [ 0.        0.        0.        0.912145 -0.012556]
 [ 0.        0.        0.       -0.347973  1.281952]]
Renormalised B is- 
[ 0.54435798  0.54893666  0.91805756  0.94748076  0.64256364]
Interpolating physical pt data to true strange physical point
Interpolating physical pt data to true strange physical point
(5, 1, 1, 501) (5, 1, 1, 501) (501,) (1, 1, 2, 1, 501)
0
[[ 0.00856374]]
1
[[ 0.16247029]] [[-0.16766918]]
2
[[-0.0543951]] [[ 0.05604497]]
3
[[-0.33715306]] [[ 0.34222093]]
4
[[-0.07567655]] [[ 0.076539]]
do log value is -  0
---Doing Global Fitting---
Scheme -  ms   Basis -  SUSY   Kinematics -  qq   Fit type -  linear
Channel -  1
---Fitting Results---
chisq -  17.2187095862  +/-  8.337031273
chisq/dof -  2.45981565517 +/- 1.19100446757
parameters: 
p0 -  0.965658772976  +/-  0.780623263662
p1 -  1.90876474545  +/-  0.749459878288
p2 -  0.0889939212261  +/-  0.710913574064
---continuum point is: yp =  0.979591343485  +/-  0.0145117322582
Saving  ./plots/linear/R1_SUSY_ms_qq .pdf
Channel -  2
---Fitting Results---
chisq -  2.51331320052  +/-  4.66401848167
chisq/dof -  0.359044742932 +/- 0.666288354524
parameters: 
p0 -  -20.2654144812  +/-  36.0608853445
p1 -  65.1140989825  +/-  35.5688678368
p2 -  2.08979505891  +/-  36.3584339704
---continuum point is: yp =  -19.790129731  +/-  0.315123911691
Saving  ./plots/linear/R2_SUSY_ms_qq .pdf
Channel -  3
---Fitting Results---
chisq -  1.70699148555  +/-  4.24074263024
chisq/dof -  0.243855926506 +/- 0.605820375749
parameters: 
p0 -  6.31469188974  +/-  12.3005728415
p1 -  -21.8987264505  +/-  12.1554910712
p2 -  1.88827128389  +/-  12.6266521422
---continuum point is: yp =  6.15484738765  +/-  0.108048898488
Saving  ./plots/linear/R3_SUSY_ms_qq .pdf
Channel -  4
---Fitting Results---
chisq -  3.14211297071  +/-  5.2705851788
chisq/dof -  0.448873281529 +/- 0.752940739829
parameters: 
p0 -  44.5758920723  +/-  94.691280824
p1 -  -180.959262295  +/-  94.0107009061
p2 -  -19.1256030822  +/-  96.4145580228
---continuum point is: yp =  43.2550233339  +/-  0.637996357519
Saving  ./plots/linear/R4_SUSY_ms_qq .pdf
Channel -  5
---Fitting Results---
chisq -  4.83523131598  +/-  6.11131751998
chisq/dof -  0.690747330854 +/- 0.873045359998
parameters: 
p0 -  10.7094675474  +/-  19.191828746
p1 -  -36.1662610265  +/-  19.0464327503
p2 -  -8.43236094688  +/-  19.3231586596
---continuum point is: yp =  10.4454805983  +/-  0.141741751124
Saving  ./plots/linear/R5_SUSY_ms_qq .pdf
do log value is -  0
---Doing Global Fitting---
Scheme -  ms   Basis -  SUSY   Kinematics -  qq   Fit type -  linear
Channel -  1
---Fitting Results---
chisq -  20.625029118  +/-  10.1098851454
chisq/dof -  2.94643273114 +/- 1.44426930648
parameters: 
p0 -  0.516402985222  +/-  0.193920080946
p1 -  0.550335475731  +/-  0.205850721339
p2 -  0.0977524404667  +/-  0.221646761828
---continuum point is: yp =  0.520420027048  +/-  0.00464214271414
Saving  ./plots/linear/B1_SUSY_ms_qq .pdf
Channel -  2
---Fitting Results---
chisq -  11.9780916897  +/-  7.35103897569
chisq/dof -  1.71115595566 +/- 1.0501484251
parameters: 
p0 -  0.482829863973  +/-  0.246740060338
p1 -  1.00485371129  +/-  0.258335460082
p2 -  0.307432025824  +/-  0.288372495937
---continuum point is: yp =  0.49016455266  +/-  0.00364123412523
Saving  ./plots/linear/B2_SUSY_ms_qq .pdf
Channel -  3
---Fitting Results---
chisq -  8.87939176867  +/-  6.56570873681
chisq/dof -  1.26848453838 +/- 0.937958390973
parameters: 
p0 -  0.736079543856  +/-  0.281013769719
p1 -  1.65359935921  +/-  0.324104922996
p2 -  0.912744314731  +/-  0.370744963854
---continuum point is: yp =  0.748149595821  +/-  0.00660703498074
Saving  ./plots/linear/B3_SUSY_ms_qq .pdf
Channel -  4
---Fitting Results---
chisq -  13.8290612255  +/-  8.09847448025
chisq/dof -  1.97558017507 +/- 1.15692492575
parameters: 
p0 -  0.923534809544  +/-  0.464043384591
p1 -  0.107804804211  +/-  0.409400391715
p2 -  0.0903085498983  +/-  0.368668665039
---continuum point is: yp =  0.924321704859  +/-  0.0060107301801
Saving  ./plots/linear/B4_SUSY_ms_qq .pdf
Channel -  5
---Fitting Results---
chisq -  26.6204654637  +/-  11.0472348403
chisq/dof -  3.80292363767 +/- 1.57817640576
parameters: 
p0 -  0.67476517764  +/-  0.396721480098
p1 -  0.458701750236  +/-  0.396172314905
p2 -  -0.254689726419  +/-  0.396951599732
---continuum point is: yp =  0.678113361062  +/-  0.00403947797877
Saving  ./plots/linear/B5_SUSY_ms_qq .pdf
do log value is -  1
---Doing Global Fitting---
Scheme -  ms   Basis -  SUSY   Kinematics -  qq   Fit type -  chiral
Channel -  1
---Fitting Results---
chisq -  8.77729594713  +/-  5.99393557275
chisq/dof -  1.25389942102 +/- 0.856276510393
parameters: 
p0 -  0.995330449816  +/-  2.70014474006
p1 -  6.16901808483  +/-  2.68845428379
p2 -  0.0632782916969  +/-  2.64207171065
---continuum point is: yp =  0.986742912693  +/-  0.0142671459339
Saving  ./plots/chiral/R1_SUSY_ms_qq .pdf
Channel -  2
---Fitting Results---
chisq -  4.1383745509  +/-  5.36994076388
chisq/dof -  0.591196364415 +/- 0.76713439484
parameters: 
p0 -  -21.3227569064  +/-  37.0864500862
p1 -  -86.0104237316  +/-  37.4903778115
p2 -  2.97093764187  +/-  36.0359393104
---continuum point is: yp =  -20.0361999511  +/-  0.306007189954
Saving  ./plots/chiral/R2_SUSY_ms_qq .pdf
Channel -  3
---Fitting Results---
chisq -  4.45194689064  +/-  5.54796833535
chisq/dof -  0.635992412949 +/- 0.792566905049
parameters: 
p0 -  6.64394839498  +/-  10.0365414762
p1 -  25.173815044  +/-  10.091575697
p2 -  1.61488167043  +/-  9.53057757707
---continuum point is: yp =  6.23120110085  +/-  0.105332212083
Saving  ./plots/chiral/R3_SUSY_ms_qq .pdf
Channel -  4
---Fitting Results---
chisq -  1.17625681599  +/-  4.13134056391
chisq/dof -  0.168036687998 +/- 0.590191509131
parameters: 
p0 -  45.9209741675  +/-  26.528593873
p1 -  14.4602325948  +/-  26.7087556116
p2 -  -20.1670661139  +/-  26.0513726798
---continuum point is: yp =  43.5528362352  +/-  0.624589532467
Saving  ./plots/chiral/R4_SUSY_ms_qq .pdf
Channel -  5
---Fitting Results---
chisq -  0.930990323662  +/-  3.88417362236
chisq/dof -  0.132998617666 +/- 0.554881946052
parameters: 
p0 -  11.033164965  +/-  9.10475237461
p1 -  10.8243144617  +/-  9.29238844038
p2 -  -8.68667737463  +/-  8.84197660879
---continuum point is: yp =  10.517836103  +/-  0.138800653175
Saving  ./plots/chiral/R5_SUSY_ms_qq .pdf
do log value is -  1
---Doing Global Fitting---
Scheme -  ms   Basis -  SUSY   Kinematics -  qq   Fit type -  chiral
Channel -  1
---Fitting Results---
chisq -  23.0967562205  +/-  10.6112545657
chisq/dof -  3.29953660293 +/- 1.51589350938
parameters: 
p0 -  0.510870902837  +/-  0.335821995646
p1 -  -0.161797382196  +/-  0.280545126515
p2 -  0.103424579356  +/-  0.253838282867
---continuum point is: yp =  0.518863158525  +/-  0.00461877934164
Saving  ./plots/chiral/B1_SUSY_ms_qq .pdf
Channel -  2
---Fitting Results---
chisq -  14.484170167  +/-  8.18692771794
chisq/dof -  2.06916716671 +/- 1.16956110256
parameters: 
p0 -  0.488543169027  +/-  0.565547847639
p1 -  1.68390285401  +/-  0.576661865016
p2 -  0.300767181792  +/-  0.606230141928
---continuum point is: yp =  0.492062076571  +/-  0.00366604447377
Saving  ./plots/chiral/B2_SUSY_ms_qq .pdf
Channel -  3
---Fitting Results---
chisq -  10.9491266174  +/-  7.3010210591
chisq/dof -  1.56416094534 +/- 1.04300300844
parameters: 
p0 -  0.744170256489  +/-  0.779730288139
p1 -  2.6943506064  +/-  0.817031302312
p2 -  0.904301069747  +/-  0.856865408097
---continuum point is: yp =  0.750474615603  +/-  0.00663712151862
Saving  ./plots/chiral/B3_SUSY_ms_qq .pdf
Channel -  4
---Fitting Results---
chisq -  16.9835600161  +/-  8.97090458901
chisq/dof -  2.42622285944 +/- 1.28155779843
parameters: 
p0 -  0.912836903733  +/-  0.964273831447
p1 -  -1.15642366054  +/-  0.885337958889
p2 -  0.102752304652  +/-  0.827672458667
---continuum point is: yp =  0.920786871322  +/-  0.00598894743529
Saving  ./plots/chiral/B4_SUSY_ms_qq .pdf
Channel -  5
---Fitting Results---
chisq -  34.2724210768  +/-  12.459673481
chisq/dof -  4.89606015383 +/- 1.77995335443
parameters: 
p0 -  0.667038919306  +/-  0.563047414458
p1 -  -0.467077447128  +/-  0.511855422643
p2 -  -0.245829476171  +/-  0.462605467449
---continuum point is: yp =  0.675607027295  +/-  0.00403748926153
Saving  ./plots/chiral/B5_SUSY_ms_qq .pdf
