----------------------setting up as----------------------------
----------------------setting up as----------------------------
----------------------setting up as----------------------------
----------------------setting up as----------------------------
24 MOM SUSY gg
0.005 0.005 0.03
0.005 0.005 0.035
0.005 0.005 0.04
0.005 0.005 0.005
0.01 0.01 0.03
0.01 0.01 0.035
0.01 0.01 0.04
0.01 0.01 0.01
0.02 0.02 0.03
0.02 0.02 0.035
0.02 0.02 0.04
0.02 0.02 0.02
Unrenormalised bag is -  [ 1.55114   1.512895  1.555642  1.50854   1.584835]
Unrenormalised bare ratios is -  [[-21.438699]
 [-21.405287]
 [-21.442041]
 [-21.389137]]
