----------------------setting up as----------------------------
----------------------setting up as----------------------------
----------------------setting up as----------------------------
----------------------setting up as----------------------------
Reading 2pts...
Done

Reading 3pts...
Done

Z matrix is - 
[[ 0.947955  0.        0.        0.        0.      ]
 [ 0.        1.051161  0.287449  0.        0.      ]
 [ 0.        0.069378  1.019458  0.        0.      ]
 [ 0.        0.        0.        0.991513 -0.027976]
 [ 0.        0.        0.       -0.355589  1.239301]]
-----Interpolating non-physical mass data-----
Interpolate dR/dms to the near physical point data
-----Interpolating non-physical mass data-----
Interpolate dR/dms to the near physical point data
(5, 3, 1, 501) (5, 3, 1, 501) (501,) (1, 3, 4, 1, 501)
0
[[ 0.00875821]
 [ 0.00876703]
 [ 0.00950307]]
1
[[ 0.13907681]
 [ 0.14296648]
 [ 0.15156246]] [[-0.12188183]
 [-0.11411963]
 [-0.1143741 ]]
2
[[-0.33087406]
 [-0.33525427]
 [-0.34940332]] [[ 0.29061241]
 [ 0.26934115]
 [ 0.26482613]]
3
[[ 0.17543004]
 [ 0.18437042]
 [ 0.19312903]] [[-0.15617499]
 [-0.14810887]
 [-0.14778474]]
4
[[ 0.05149394]
 [ 0.05387996]
 [ 0.05627145]] [[-0.04516313]
 [-0.04308942]
 [-0.04346553]]
Reading 2pts...
Done

Reading 3pts...
Done

Z matrix is - 
[[ 0.969986  0.        0.        0.        0.      ]
 [ 0.        1.049078  0.282855  0.        0.      ]
 [ 0.        0.054959  0.928208  0.        0.      ]
 [ 0.        0.        0.        0.912145 -0.012556]
 [ 0.        0.        0.       -0.347973  1.281952]]
-----Interpolating non-physical mass data-----
Interpolate dR/dms to the near physical point data
-----Interpolating non-physical mass data-----
Interpolate dR/dms to the near physical point data
(5, 3, 1, 501) (5, 3, 1, 501) (501,) (1, 3, 3, 1, 501)
0
[[ 0.00866658]
 [ 0.00886961]
 [ 0.00891576]]
1
[[ 0.15256548]
 [ 0.15483022]
 [ 0.15603498]] [[-0.13896284]
 [-0.14219042]
 [-0.13809863]]
2
[[-0.33733633]
 [-0.33949304]
 [-0.3395565 ]] [[ 0.30599289]
 [ 0.31222018]
 [ 0.30042795]]
3
[[ 0.16913089]
 [ 0.17157063]
 [ 0.17335313]] [[-0.15437447]
 [-0.15666105]
 [-0.15326788]]
4
[[ 0.05600955]
 [ 0.057108  ]
 [ 0.05768795]] [[-0.05103941]
 [-0.05209966]
 [-0.0511365 ]]
 Reading Physical point Bag data...
Unrenormalised bag is -  [[ 1.55547701  1.55757778  1.55362159 ...,  1.5598041   1.55646184
   1.55742327]
 [ 1.22580799  1.22666295  1.22750156 ...,  1.22727901  1.22685875
   1.22644856]
 [-1.86547726 -1.86677924 -1.8678765  ..., -1.86694583 -1.86659135
  -1.86617962]
 [ 0.96107359  0.96078683  0.96008066 ...,  0.96052682  0.96087227
   0.96112814]
 [ 0.49515669  0.49498506  0.49461602 ...,  0.49480345  0.49504743
   0.49513115]]
Done

 Reading Physical point Mass data...
Done

Done

Z matrix is - 
[[ 0.947955  0.        0.        0.        0.      ]
 [ 0.        1.051161  0.287449  0.        0.      ]
 [ 0.        0.069378  1.019458  0.        0.      ]
 [ 0.        0.        0.        0.991513 -0.027976]
 [ 0.        0.        0.       -0.355589  1.239301]]
Interpolating physical pt data to true strange physical point
Interpolating physical pt data to true strange physical point
(5, 1, 1, 501) (5, 1, 1, 501) (501,) (1, 1, 2, 1, 501)
0
[[ 0.00883593]]
1
[[ 0.14196492]] [[-0.1364333]]
2
[[-0.34303037]] [[ 0.32952926]]
3
[[ 0.1772499]] [[-0.17015383]]
4
[[ 0.05129412]] [[-0.04925168]]
 Reading Physical point Bag data...
Unrenormalised bag is -  [[ 1.50983843  1.4994198   1.49292605 ...,  1.50126416  1.48978841
   1.49653838]
 [ 1.22125555  1.215269    1.20608145 ...,  1.21334216  1.21217694
   1.21093375]
 [-1.86729716 -1.8575678  -1.84388862 ..., -1.85457716 -1.85304505
  -1.851134  ]
 [ 0.88713639  0.882251    0.87701784 ...,  0.88278688  0.87860248
   0.88037091]
 [ 0.44833232  0.44579453  0.44318866 ...,  0.44609351  0.44404573
   0.44488451]]
Done

 Reading Physical point Mass data...
Done

Done

Z matrix is - 
[[ 0.969986  0.        0.        0.        0.      ]
 [ 0.        1.049078  0.282855  0.        0.      ]
 [ 0.        0.054959  0.928208  0.        0.      ]
 [ 0.        0.        0.        0.912145 -0.012556]
 [ 0.        0.        0.       -0.347973  1.281952]]
Interpolating physical pt data to true strange physical point
Interpolating physical pt data to true strange physical point
(5, 1, 1, 501) (5, 1, 1, 501) (501,) (1, 1, 2, 1, 501)
0
[[ 0.00856374]]
1
[[ 0.15135309]] [[-0.15307801]]
2
[[-0.33715306]] [[ 0.34222093]]
3
[[ 0.16247029]] [[-0.16766918]]
4
[[ 0.05368272]] [[-0.05557389]]
do log value is -  0
---Doing Global Fitting---
Scheme -  ms   Basis -  Lattice   Kinematics -  qq   Fit type -  linear
Channel -  1
---Fitting Results---
chisq -  17.2187095862  +/-  8.337031273
chisq/dof -  2.45981565517 +/- 1.19100446757
parameters: 
p0 -  0.965658772976  +/-  0.780623263662
p1 -  1.90876474545  +/-  0.749459878288
p2 -  0.0889939212261  +/-  0.710913574064
---continuum point is: yp =  0.979591343485  +/-  0.0145117322582
Saving  ./plots/linear/R1_Lattice_ms_qq .pdf
Channel -  2
---Fitting Results---
chisq -  4.83523131598  +/-  6.11131751998
chisq/dof -  0.690747330854 +/- 0.873045359998
parameters: 
p0 -  -21.4189350936  +/-  38.3836575462
p1 -  72.3325220922  +/-  38.0928654309
p2 -  16.8647218866  +/-  38.646317396
---continuum point is: yp =  -20.890961195  +/-  0.283483502549
Saving  ./plots/linear/R2_Lattice_ms_qq .pdf
Channel -  3
---Fitting Results---
chisq -  3.14211297071  +/-  5.2705851788
chisq/dof -  0.448873281529 +/- 0.752940739829
parameters: 
p0 -  44.5758920723  +/-  94.691280824
p1 -  -180.959262295  +/-  94.0107009061
p2 -  -19.1256030822  +/-  96.4145580228
---continuum point is: yp =  43.2550233339  +/-  0.637996357519
Saving  ./plots/linear/R3_Lattice_ms_qq .pdf
Channel -  4
---Fitting Results---
chisq -  2.51331320052  +/-  4.66401848167
chisq/dof -  0.359044742932 +/- 0.666288354524
parameters: 
p0 -  -20.2654144812  +/-  36.0608853445
p1 -  65.1140989825  +/-  35.5688678368
p2 -  2.08979505891  +/-  36.3584339704
---continuum point is: yp =  -19.790129731  +/-  0.315123911691
Saving  ./plots/linear/R4_Lattice_ms_qq .pdf
Channel -  5
---Fitting Results---
chisq -  5.85186728772  +/-  6.21229292773
chisq/dof -  0.835981041103 +/- 0.887470418247
parameters: 
p0 -  -7.6372216322  +/-  11.9146523791
p1 -  21.3430130893  +/-  11.7463404303
p2 -  5.86924359106  +/-  11.595893387
---continuum point is: yp =  -7.48143342652  +/-  0.103161101694
Saving  ./plots/linear/R5_Lattice_ms_qq .pdf
do log value is -  0
---Doing Global Fitting---
Scheme -  ms   Basis -  Lattice   Kinematics -  qq   Fit type -  linear
Channel -  1
---Fitting Results---
chisq -  20.625029118  +/-  10.1098851454
chisq/dof -  2.94643273114 +/- 1.44426930648
parameters: 
p0 -  0.516402985222  +/-  0.193920080946
p1 -  0.550335475731  +/-  0.205850721339
p2 -  0.0977524404667  +/-  0.221646761828
---continuum point is: yp =  0.520420027048  +/-  0.00464214271414
Saving  ./plots/linear/B1_Lattice_ms_qq .pdf
Channel -  2
---Fitting Results---
chisq -  26.6204654637  +/-  11.0472348403
chisq/dof -  3.80292363767 +/- 1.57817640576
parameters: 
p0 -  0.67476517764  +/-  0.396721480098
p1 -  0.458701750236  +/-  0.396172314905
p2 -  -0.254689726419  +/-  0.396951599732
---continuum point is: yp =  0.678113361062  +/-  0.00403947797877
Saving  ./plots/linear/B2_Lattice_ms_qq .pdf
Channel -  3
---Fitting Results---
chisq -  13.8290612255  +/-  8.09847448025
chisq/dof -  1.97558017507 +/- 1.15692492575
parameters: 
p0 -  0.923534809544  +/-  0.464043384591
p1 -  0.107804804211  +/-  0.409400391715
p2 -  0.0903085498983  +/-  0.368668665039
---continuum point is: yp =  0.924321704859  +/-  0.0060107301801
Saving  ./plots/linear/B3_Lattice_ms_qq .pdf
Channel -  4
---Fitting Results---
chisq -  11.9780916897  +/-  7.35103897569
chisq/dof -  1.71115595566 +/- 1.0501484251
parameters: 
p0 -  0.482829863973  +/-  0.246740060338
p1 -  1.00485371129  +/-  0.258335460082
p2 -  0.307432025824  +/-  0.288372495937
---continuum point is: yp =  0.49016455266  +/-  0.00364123412523
Saving  ./plots/linear/B4_Lattice_ms_qq .pdf
Channel -  5
---Fitting Results---
chisq -  22.1629931898  +/-  9.38309924409
chisq/dof -  3.16614188426 +/- 1.34044274916
parameters: 
p0 -  0.313363131958  +/-  0.26499668688
p1 -  0.574411960945  +/-  0.265007263078
p2 -  -0.0942237200568  +/-  0.282464928878
---continuum point is: yp =  0.317555914315  +/-  0.00204595517608
Saving  ./plots/linear/B5_Lattice_ms_qq .pdf
do log value is -  1
---Doing Global Fitting---
Scheme -  ms   Basis -  Lattice   Kinematics -  qq   Fit type -  chiral
Channel -  1
---Fitting Results---
chisq -  8.77729594713  +/-  5.99393557275
chisq/dof -  1.25389942102 +/- 0.856276510393
parameters: 
p0 -  0.995330449816  +/-  2.70014474006
p1 -  6.16901808483  +/-  2.68845428379
p2 -  0.0632782916969  +/-  2.64207171065
---continuum point is: yp =  0.986742912693  +/-  0.0142671459339
Saving  ./plots/chiral/R1_Lattice_ms_qq .pdf
Channel -  2
---Fitting Results---
chisq -  0.930990323661  +/-  3.88417362236
chisq/dof -  0.132998617666 +/- 0.554881946052
parameters: 
p0 -  -22.066329926  +/-  18.2095047068
p1 -  -21.6486288534  +/-  18.5847769652
p2 -  17.3733547328  +/-  17.6839535497
---continuum point is: yp =  -21.0356722018  +/-  0.277601307737
Saving  ./plots/chiral/R2_Lattice_ms_qq .pdf
Channel -  3
---Fitting Results---
chisq -  1.17625681599  +/-  4.13134056391
chisq/dof -  0.168036687998 +/- 0.590191509131
parameters: 
p0 -  45.9209741675  +/-  26.528593873
p1 -  14.4602325948  +/-  26.7087556116
p2 -  -20.1670661139  +/-  26.0513726798
---continuum point is: yp =  43.5528362352  +/-  0.624589532467
Saving  ./plots/chiral/R3_Lattice_ms_qq .pdf
Channel -  4
---Fitting Results---
chisq -  4.1383745509  +/-  5.36994076388
chisq/dof -  0.591196364415 +/- 0.76713439484
parameters: 
p0 -  -21.3227569064  +/-  37.0864500862
p1 -  -86.0104237316  +/-  37.4903778115
p2 -  2.97093764187  +/-  36.0359393104
---continuum point is: yp =  -20.0361999511  +/-  0.306007189954
Saving  ./plots/chiral/R4_Lattice_ms_qq .pdf
Channel -  5
---Fitting Results---
chisq -  3.47539851801  +/-  4.99815103256
chisq/dof -  0.496485502572 +/- 0.71402157608
parameters: 
p0 -  -8.03517339178  +/-  17.0999008158
p1 -  -35.6597008556  +/-  17.4012108207
p2 -  6.20183764169  +/-  17.0526315859
---continuum point is: yp =  -7.57406032361  +/-  0.0999777023372
Saving  ./plots/chiral/R5_Lattice_ms_qq .pdf
do log value is -  1
---Doing Global Fitting---
Scheme -  ms   Basis -  Lattice   Kinematics -  qq   Fit type -  chiral
Channel -  1
---Fitting Results---
chisq -  23.0967562205  +/-  10.6112545657
chisq/dof -  3.29953660293 +/- 1.51589350938
parameters: 
p0 -  0.510870902837  +/-  0.335821995646
p1 -  -0.161797382196  +/-  0.280545126515
p2 -  0.103424579356  +/-  0.253838282867
---continuum point is: yp =  0.518863158525  +/-  0.00461877934164
Saving  ./plots/chiral/B1_Lattice_ms_qq .pdf
Channel -  2
---Fitting Results---
chisq -  34.2724210768  +/-  12.459673481
chisq/dof -  4.89606015383 +/- 1.77995335443
parameters: 
p0 -  0.667038919306  +/-  0.563047414458
p1 -  -0.467077447128  +/-  0.511855422643
p2 -  -0.245829476171  +/-  0.462605467449
---continuum point is: yp =  0.675607027295  +/-  0.00403748926153
Saving  ./plots/chiral/B2_Lattice_ms_qq .pdf
Channel -  3
---Fitting Results---
chisq -  16.9835600161  +/-  8.97090458901
chisq/dof -  2.42622285944 +/- 1.28155779843
parameters: 
p0 -  0.912836903733  +/-  0.964273831447
p1 -  -1.15642366054  +/-  0.885337958889
p2 -  0.102752304652  +/-  0.827672458667
---continuum point is: yp =  0.920786871322  +/-  0.00598894743529
Saving  ./plots/chiral/B3_Lattice_ms_qq .pdf
Channel -  4
---Fitting Results---
chisq -  14.484170167  +/-  8.18692771794
chisq/dof -  2.06916716671 +/- 1.16956110256
parameters: 
p0 -  0.488543169027  +/-  0.565547847639
p1 -  1.68390285401  +/-  0.576661865016
p2 -  0.300767181792  +/-  0.606230141928
---continuum point is: yp =  0.492062076571  +/-  0.00366604447377
Saving  ./plots/chiral/B4_Lattice_ms_qq .pdf
Channel -  5
---Fitting Results---
chisq -  23.0620719824  +/-  9.78806447271
chisq/dof -  3.29458171177 +/- 1.39829492467
parameters: 
p0 -  0.31686318214  +/-  0.449316102216
p1 -  1.0184488213  +/-  0.449112079949
p2 -  -0.0980011502958  +/-  0.470453707811
---continuum point is: yp =  0.318607473212  +/-  0.00205839504995
Saving  ./plots/chiral/B5_Lattice_ms_qq .pdf
