Unrenormalised bag is -  [[[ 1.531126  1.555054  1.576716]
  [ 1.531749  1.557738  1.581581]
  [ 1.663088  1.684956  1.705877]]

 [[ 1.184277  1.202825  1.220224]
  [ 1.210167  1.229645  1.247883]
  [ 1.275432  1.293366  1.310283]]

 [[-1.791854 -1.808926 -1.824416]
  [-1.815853 -1.834158 -1.850662]
  [-1.894977 -1.91044  -1.924432]]

 [[ 0.945944  0.956414  0.966305]
  [ 0.994842  1.004192  1.013316]
  [ 1.041879  1.052129  1.062121]]

 [[ 0.489873  0.496292  0.502361]
  [ 0.51433   0.519895  0.525289]
  [ 0.53788   0.544059  0.550109]]]
Unrenormalised bare ratios is -  [[[-21.405902 -19.100821 -17.262492]
  [-19.30101  -17.41366  -15.874819]
  [-15.975797 -14.713062 -13.643834]]

 [[ 32.418288  28.748994  25.826351]
  [ 29.078955  26.08066   23.639256]
  [ 23.80472   21.798031  20.101117]]

 [[-17.271899 -15.32659  -13.781837]
  [-15.836434 -14.211968 -12.894903]
  [-13.194012 -12.093694 -11.168005]]

 [[ -8.894053  -7.905535  -7.12046 ]
  [ -8.169151  -7.343547  -6.673944]
  [ -6.838131  -6.277431  -5.805662]]]
ZA -  0.71273    ZP -  0.57732
Renormalised B is- 
[ 0.51092373  0.56326745  1.14004816  0.76646157  0.40517198]
-----Interpolating non-physical mass data-----
Interpolate dR/dms to the near physical point data
24  - dy/dms =  [ 1.52185621  1.66362154  1.42792805]
-----Interpolating non-physical mass data-----
Interpolate dR/dms to the near physical point data
24  - dy/dms =  [ 17.09057659  15.81708077  13.5778284 ]
Interpolated B is -  [ 0.51445614  0.5660235   1.14440899  0.76957841  0.41096899]
Interpolated B is -  [ 0.51497376  0.59489195  1.20555072  0.77971374  0.42921329]
Unrenormalised bag is -  [[[ 1.494694  1.530186]
  [ 1.529767  1.566636]
  [ 1.537462  1.572029]]

 [[ 1.202869  1.22968 ]
  [ 1.216509  1.24246 ]
  [ 1.222191  1.247478]]

 [[-1.837128 -1.865461]
  [-1.848958 -1.874886]
  [-1.849507 -1.874272]]

 [[ 0.907511  0.923437]
  [ 0.920516  0.935717]
  [ 0.930001  0.944626]]

 [[ 0.458776  0.467692]
  [ 0.466467  0.475225]
  [ 0.471236  0.479835]]]
Unrenormalised bare ratios is -  [[[-25.114861 -21.519755]
  [-23.302703 -20.130616]
  [-22.065049 -19.249098]]

 [[ 38.267258  32.541059]
  [ 35.416393  30.371114]
  [ 33.397685  28.932602]]

 [[-18.94673  -16.10451 ]
  [-17.547552 -15.095561]
  [-16.7623   -14.52635 ]]

 [[ -9.579905  -8.161821]
  [ -8.886963  -7.662326]
  [ -8.497334  -7.384645]]]
ZA -  0.74404    ZP -  0.57733
Renormalised B is- 
[ 0.51641771  0.58327115  1.0895093   0.84924109  0.53482729]
-----Interpolating non-physical mass data-----
Interpolate dR/dms to the near physical point data
32  - dy/dms =  [ 2.45250164  2.54765251  2.38858402]
-----Interpolating non-physical mass data-----
Interpolate dR/dms to the near physical point data
32  - dy/dms =  [ 24.36942361  23.51415934  22.14250538]
Interpolated B is -  [ 0.51511789  0.58218889  1.08776538  0.84787831  0.5327655 ]
Interpolated B is -  [ 0.5271852   0.59056397  1.10009483  0.85329506  0.54417511]
Interpolated B is -  [ 0.52992813  0.59670057  1.11167865  0.8534509   0.55157561]
ZA -  0.71273    ZP -  0.57732
Renormalised B is- 
[ 0.51969891  0.57241105  1.1657017   0.7985025   0.41322523]
Interpolating physical pt data to true strange physical point
uninterpolated value is  [[ 0.51969891]]
interpolated physical value is [ 0.51904575]
Interpolating physical pt data to true strange physical point
uninterpolated value is  [[ 1.01619427]]
interpolated physical value is [ 1.0089828]
Interpolated B is -  [ 0.51904575  0.57194958  1.16496098  0.79792306  0.41219575]
ZA -  0.74404    ZP -  0.57733
Renormalised B is- 
[ 0.51705494  0.56583293  1.05745474  0.85574783  0.53740505]
Interpolating physical pt data to true strange physical point
uninterpolated value is  [[ 0.51705494]]
interpolated physical value is [ 0.50936012]
Interpolating physical pt data to true strange physical point
uninterpolated value is  [[ 1.06323312]]
interpolated physical value is [ 0.98379219]
Interpolated B is -  [ 0.50936012  0.55925143  1.04624874  0.84720289  0.52564034]
---Doing Global Fitting---
Scheme -  MOM   Basis -  SUSY   Kinematics -  E   Fit type -  linear
---Fitting Results---
chisq -  17.1764573849  +/-  8.31963291578
chisq/dof -  2.45377962641 +/- 1.18851898797
parameters: 
p0 -  [ 0.96586702  1.90717537  0.0884092 ]  +/-  0.0153996339151
p1 -  [-11.25925515  33.50079622   6.85869663]  +/-  0.176379950015
p2 -  [-1.78563523  5.15853199  0.50671711]  +/-  0.0435303526497
---continuum point is: yp =  0.979787985316  +/-  0.0145205051134
Saving  ./plots/linear/R1_SUSY_MOM_E .pdf
---Fitting Results---
chisq -  3.9813124482  +/-  5.40472875679
chisq/dof -  0.568758921172 +/- 0.772104108112
parameters: 
p0 -  [ 0.96586702  1.90717537  0.0884092 ]  +/-  0.167755090045
p1 -  [-11.25925515  33.50079622   6.85869663]  +/-  1.88128259847
p2 -  [-1.78563523  5.15853199  0.50671711]  +/-  0.482176904382
---continuum point is: yp =  -11.014724122  +/-  0.158417330017
Saving  ./plots/linear/R2_SUSY_MOM_E .pdf
---Fitting Results---
chisq -  4.95155390373  +/-  5.71105076772
chisq/dof -  0.707364843391 +/- 0.815864395389
parameters: 
p0 -  [ 0.96586702  1.90717537  0.0884092 ]  +/-  0.0288443585446
p1 -  [-11.25925515  33.50079622   6.85869663]  +/-  0.332020714868
p2 -  [-1.78563523  5.15853199  0.50671711]  +/-  0.0822692337185
---continuum point is: yp =  -1.74798176528  +/-  0.0271854106232
Saving  ./plots/linear/R3_SUSY_MOM_E .pdf
---Fitting Results---
chisq -  7.97970142272  +/-  7.47667397867
chisq/dof -  1.1399573461 +/- 1.06809628267
parameters: 
p0 -  [ 0.96586702  1.90717537  0.0884092 ]  +/-  0.218638854721
p1 -  [-11.25925515  33.50079622   6.85869663]  +/-  2.42684338562
p2 -  [-1.78563523  5.15853199  0.50671711]  +/-  0.628387151082
---continuum point is: yp =  15.5657135925  +/-  0.206936677913
Saving  ./plots/linear/R4_SUSY_MOM_E .pdf
---Fitting Results---
chisq -  4.58468241952  +/-  5.98758300195
chisq/dof -  0.65495463136 +/- 0.855369000278
parameters: 
p0 -  [ 0.96586702  1.90717537  0.0884092 ]  +/-  0.266674373877
p1 -  [-11.25925515  33.50079622   6.85869663]  +/-  3.01909037117
p2 -  [-1.78563523  5.15853199  0.50671711]  +/-  0.763719813695
---continuum point is: yp =  18.3349863184  +/-  0.252157004867
Saving  ./plots/linear/R5_SUSY_MOM_E .pdf
---Doing Global Fitting---
Scheme -  MOM   Basis -  SUSY   Kinematics -  E   Fit type -  linear
---Fitting Results---
chisq -  21.6632863698  +/-  10.3590487971
chisq/dof -  3.09475519568 +/- 1.47986411387
parameters: 
p0 -  [ 0.49863729  0.50458791  0.05047348]  +/-  0.00486725256145
p1 -  [ 0.54357291  0.98437472  0.06628233]  +/-  0.0700360997797
p2 -  [ 0.90348804  1.8262118   0.74783041]  +/-  0.0140729057
---continuum point is: yp =  0.502320408026  +/-  0.00441180194351
Saving  ./plots/linear/B1_SUSY_MOM_E .pdf
---Fitting Results---
chisq -  18.3783901796  +/-  8.79057587941
chisq/dof -  2.62548431137 +/- 1.2557965542
parameters: 
p0 -  [ 0.49863729  0.50458791  0.05047348]  +/-  0.00407875524016
p1 -  [ 0.54357291  0.98437472  0.06628233]  +/-  0.0601212507003
p2 -  [ 0.90348804  1.8262118   0.74783041]  +/-  0.0114918068885
---continuum point is: yp =  0.550758117786  +/-  0.00367857672929
Saving  ./plots/linear/B2_SUSY_MOM_E .pdf
---Fitting Results---
chisq -  11.1734924383  +/-  7.12971799677
chisq/dof -  1.59621320547 +/- 1.0185311424
parameters: 
p0 -  [ 0.49863729  0.50458791  0.05047348]  +/-  0.00830714210569
p1 -  [ 0.54357291  0.98437472  0.06628233]  +/-  0.125300940449
p2 -  [ 0.90348804  1.8262118   0.74783041]  +/-  0.0240342911722
---continuum point is: yp =  0.916818031676  +/-  0.0075171210668
Saving  ./plots/linear/B3_SUSY_MOM_E .pdf
---Fitting Results---
chisq -  22.1619595627  +/-  10.083885805
chisq/dof -  3.16599422324 +/- 1.440555115
parameters: 
p0 -  [ 0.49863729  0.50458791  0.05047348]  +/-  0.00606178891421
p1 -  [ 0.54357291  0.98437472  0.06628233]  +/-  0.0861207417474
p2 -  [ 0.90348804  1.8262118   0.74783041]  +/-  0.0172213679858
---continuum point is: yp =  0.911119049128  +/-  0.00549484140162
Saving  ./plots/linear/B4_SUSY_MOM_E .pdf
---Fitting Results---
chisq -  47.6256872116  +/-  15.1726205411
chisq/dof -  6.80366960165 +/- 2.16751722015
parameters: 
p0 -  [ 0.49863729  0.50458791  0.05047348]  +/-  0.00427995517186
p1 -  [ 0.54357291  0.98437472  0.06628233]  +/-  0.0637658644148
p2 -  [ 0.90348804  1.8262118   0.74783041]  +/-  0.0131602632812
---continuum point is: yp =  0.66066708962  +/-  0.0039178128805
Saving  ./plots/linear/B5_SUSY_MOM_E .pdf
---Doing Global Fitting---
Scheme -  MOM   Basis -  SUSY   Kinematics -  E   Fit type -  chiral
---Fitting Results---
chisq -  8.72545495672  +/-  5.96321080508
chisq/dof -  1.24649356525 +/- 0.851887257869
parameters: 
p0 -  [ 0.99554853  6.16833435  0.06267888]  +/-  0.0154791382335
p1 -  [-11.84513543 -50.50402697   7.3466801 ]  +/-  0.133141487673
p2 -  [-1.87844279 -8.16693734  0.58371088]  +/-  0.042803521083
---continuum point is: yp =  0.986944255287  +/-  0.0142745840328
Saving  ./plots/chiral/R1_SUSY_MOM_E .pdf
---Fitting Results---
chisq -  4.78904797629  +/-  5.71957849575
chisq/dof -  0.684149710898 +/- 0.81708264225
parameters: 
p0 -  [ 0.99554853  6.16833435  0.06267888]  +/-  0.168878793604
p1 -  [-11.84513543 -50.50402697   7.3466801 ]  +/-  1.27686530455
p2 -  [-1.87844279 -8.16693734  0.58371088]  +/-  0.467643412061
---continuum point is: yp =  -11.1503143694  +/-  0.153549714271
Saving  ./plots/chiral/R2_SUSY_MOM_E .pdf
---Fitting Results---
chisq -  1.95756807435  +/-  4.07474384276
chisq/dof -  0.279652582049 +/- 0.582106263251
parameters: 
p0 -  [ 0.99554853  6.16833435  0.06267888]  +/-  0.0291478076626
p1 -  [-11.84513543 -50.50402697   7.3466801 ]  +/-  0.225298457546
p2 -  [-1.87844279 -8.16693734  0.58371088]  +/-  0.0801090875223
---continuum point is: yp =  -1.76940771063  +/-  0.0264517158579
Saving  ./plots/chiral/R3_SUSY_MOM_E .pdf
---Fitting Results---
chisq -  2.95802372153  +/-  5.10284113001
chisq/dof -  0.422574817361 +/- 0.728977304286
parameters: 
p0 -  [ 0.99554853  6.16833435  0.06267888]  +/-  0.219284786076
p1 -  [-11.84513543 -50.50402697   7.3466801 ]  +/-  1.85039329637
p2 -  [-1.87844279 -8.16693734  0.58371088]  +/-  0.615807589978
---continuum point is: yp =  15.6719754458  +/-  0.202870510991
Saving  ./plots/chiral/R4_SUSY_MOM_E .pdf
---Fitting Results---
chisq -  1.09293971741  +/-  4.00628615591
chisq/dof -  0.156134245345 +/- 0.572326593701
parameters: 
p0 -  [ 0.99554853  6.16833435  0.06267888]  +/-  0.267052341508
p1 -  [-11.84513543 -50.50402697   7.3466801 ]  +/-  2.30654433228
p2 -  [-1.87844279 -8.16693734  0.58371088]  +/-  0.747527906658
---continuum point is: yp =  18.461738621  +/-  0.246879533205
Saving  ./plots/chiral/R5_SUSY_MOM_E .pdf
---Doing Global Fitting---
Scheme -  MOM   Basis -  SUSY   Kinematics -  E   Fit type -  chiral
---Fitting Results---
chisq -  24.3302707215  +/-  10.8855884014
chisq/dof -  3.47575296021 +/- 1.55508405734
parameters: 
p0 -  [ 0.4932897  -0.18296999  0.05596654]  +/-  0.00480651988584
p1 -  [ 0.55000267  1.74890362  0.05878431]  +/-  0.0759662986034
p2 -  [ 0.91328599  3.10495548  0.73783231]  +/-  0.014001359546
---continuum point is: yp =  0.500811720321  +/-  0.00438928767639
Saving  ./plots/chiral/B1_SUSY_MOM_E .pdf
---Fitting Results---
chisq -  20.3817184418  +/-  9.38323342034
chisq/dof -  2.91167406312 +/- 1.34046191719
parameters: 
p0 -  [ 0.4932897  -0.18296999  0.05596654]  +/-  0.00414427134393
p1 -  [ 0.55000267  1.74890362  0.05878431]  +/-  0.0553103494581
p2 -  [ 0.91328599  3.10495548  0.73783231]  +/-  0.011594589233
---continuum point is: yp =  0.552892462244  +/-  0.00370929245185
Saving  ./plots/chiral/B2_SUSY_MOM_E .pdf
---Fitting Results---
chisq -  12.9363642653  +/-  7.69881299417
chisq/dof -  1.8480520379 +/- 1.09983042774
parameters: 
p0 -  [ 0.4932897  -0.18296999  0.05596654]  +/-  0.00841470033726
p1 -  [ 0.55000267  1.74890362  0.05878431]  +/-  0.115493513303
p2 -  [ 0.91328599  3.10495548  0.73783231]  +/-  0.0241583915911
---continuum point is: yp =  0.919550802037  +/-  0.0075570097037
Saving  ./plots/chiral/B3_SUSY_MOM_E .pdf
---Fitting Results---
chisq -  26.6184071263  +/-  11.0917531491
chisq/dof -  3.80262958947 +/- 1.58453616415
parameters: 
p0 -  [ 0.4932897  -0.18296999  0.05596654]  +/-  0.00599261662665
p1 -  [ 0.55000267  1.74890362  0.05878431]  +/-  0.0939924245933
p2 -  [ 0.91328599  3.10495548  0.73783231]  +/-  0.017122338332
---continuum point is: yp =  0.907608846929  +/-  0.00547076381374
Saving  ./plots/chiral/B4_SUSY_MOM_E .pdf
---Fitting Results---
chisq -  57.3381862774  +/-  16.4434391408
chisq/dof -  8.1911694682 +/- 2.3490627344
parameters: 
p0 -  [ 0.4932897  -0.18296999  0.05596654]  +/-  0.00424862233306
p1 -  [ 0.55000267  1.74890362  0.05878431]  +/-  0.0686527508645
p2 -  [ 0.91328599  3.10495548  0.73783231]  +/-  0.0131335149954
---continuum point is: yp =  0.658857614816  +/-  0.00391745610466
Saving  ./plots/chiral/B5_SUSY_MOM_E .pdf
Unrenormalised bag is -  [[[ 1.531126  1.555054  1.576716]
  [ 1.531749  1.557738  1.581581]
  [ 1.663088  1.684956  1.705877]]

 [[ 1.184277  1.202825  1.220224]
  [ 1.210167  1.229645  1.247883]
  [ 1.275432  1.293366  1.310283]]

 [[-1.791854 -1.808926 -1.824416]
  [-1.815853 -1.834158 -1.850662]
  [-1.894977 -1.91044  -1.924432]]

 [[ 0.945944  0.956414  0.966305]
  [ 0.994842  1.004192  1.013316]
  [ 1.041879  1.052129  1.062121]]

 [[ 0.489873  0.496292  0.502361]
  [ 0.51433   0.519895  0.525289]
  [ 0.53788   0.544059  0.550109]]]
Unrenormalised bare ratios is -  [[[-21.405902 -19.100821 -17.262492]
  [-19.30101  -17.41366  -15.874819]
  [-15.975797 -14.713062 -13.643834]]

 [[ 32.418288  28.748994  25.826351]
  [ 29.078955  26.08066   23.639256]
  [ 23.80472   21.798031  20.101117]]

 [[-17.271899 -15.32659  -13.781837]
  [-15.836434 -14.211968 -12.894903]
  [-13.194012 -12.093694 -11.168005]]

 [[ -8.894053  -7.905535  -7.12046 ]
  [ -8.169151  -7.343547  -6.673944]
  [ -6.838131  -6.277431  -5.805662]]]
ZA -  0.71273    ZP -  0.57732
Renormalised B is- 
[ 0.51092373  0.40517198  0.76646157  0.56326745  0.17874697]
-----Interpolating non-physical mass data-----
Interpolate dR/dms to the near physical point data
24  - dy/dms =  [ 1.52185621  1.66362154  1.42792805]
-----Interpolating non-physical mass data-----
Interpolate dR/dms to the near physical point data
24  - dy/dms =  [ 17.09057659  15.81708077  13.5778284 ]
Interpolated B is -  [ 0.51445614  0.41096899  0.76957841  0.5660235   0.18043261]
Interpolated B is -  [ 0.51497376  0.42921329  0.77971374  0.59489195  0.1877864 ]
Unrenormalised bag is -  [[[ 1.494694  1.530186]
  [ 1.529767  1.566636]
  [ 1.537462  1.572029]]

 [[ 1.202869  1.22968 ]
  [ 1.216509  1.24246 ]
  [ 1.222191  1.247478]]

 [[-1.837128 -1.865461]
  [-1.848958 -1.874886]
  [-1.849507 -1.874272]]

 [[ 0.907511  0.923437]
  [ 0.920516  0.935717]
  [ 0.930001  0.944626]]

 [[ 0.458776  0.467692]
  [ 0.466467  0.475225]
  [ 0.471236  0.479835]]]
Unrenormalised bare ratios is -  [[[-25.114861 -21.519755]
  [-23.302703 -20.130616]
  [-22.065049 -19.249098]]

 [[ 38.267258  32.541059]
  [ 35.416393  30.371114]
  [ 33.397685  28.932602]]

 [[-18.94673  -16.10451 ]
  [-17.547552 -15.095561]
  [-16.7623   -14.52635 ]]

 [[ -9.579905  -8.161821]
  [ -8.886963  -7.662326]
  [ -8.497334  -7.384645]]]
ZA -  0.74404    ZP -  0.57733
Renormalised B is- 
[ 0.51641771  0.53482729  0.84924109  0.58327115  0.24577904]
-----Interpolating non-physical mass data-----
Interpolate dR/dms to the near physical point data
32  - dy/dms =  [ 2.45250164  2.54765251  2.38858402]
-----Interpolating non-physical mass data-----
Interpolate dR/dms to the near physical point data
32  - dy/dms =  [ 24.36942361  23.51415934  22.14250538]
Interpolated B is -  [ 0.51511789  0.5327655   0.84787831  0.58218889  0.2451379 ]
Interpolated B is -  [ 0.5271852   0.54417511  0.85329506  0.59056397  0.25087673]
Interpolated B is -  [ 0.52992813  0.55157561  0.8534509   0.59670057  0.25338184]
ZA -  0.71273    ZP -  0.57732
Renormalised B is- 
[ 0.51969891  0.41322523  0.7985025   0.57241105  0.17688395]
Interpolating physical pt data to true strange physical point
uninterpolated value is  [[ 0.51969891]]
interpolated physical value is [ 0.51904575]
Interpolating physical pt data to true strange physical point
uninterpolated value is  [[ 1.01619427]]
interpolated physical value is [ 1.0089828]
Interpolated B is -  [ 0.51904575  0.41219575  0.79792306  0.57194958  0.17660856]
ZA -  0.74404    ZP -  0.57733
Renormalised B is- 
[ 0.51705494  0.53740505  0.85574783  0.56583293  0.23808506]
Interpolating physical pt data to true strange physical point
uninterpolated value is  [[ 0.51705494]]
interpolated physical value is [ 0.50936012]
Interpolating physical pt data to true strange physical point
uninterpolated value is  [[ 1.06323312]]
interpolated physical value is [ 0.98379219]
Interpolated B is -  [ 0.50936012  0.52564034  0.84720289  0.55925143  0.23458655]
---Doing Global Fitting---
Scheme -  MOM   Basis -  Lattice   Kinematics -  E   Fit type -  linear
---Fitting Results---
chisq -  17.1764573849  +/-  8.31963291578
chisq/dof -  2.45377962641 +/- 1.18851898797
parameters: 
p0 -  [ 0.96586702  1.90717537  0.0884092 ]  +/-  0.0153996339151
p1 -  [ -37.6433363   133.35100079   28.09221366]  +/-  0.176379950015
p2 -  [ 16.00133936 -59.68081132 -17.17616886]  +/-  0.0435303526497
---continuum point is: yp =  0.979787985316  +/-  0.0145205051134
Saving  ./plots/linear/R1_Lattice_MOM_E .pdf
---Fitting Results---
chisq -  4.58468241952  +/-  5.98758300195
chisq/dof -  0.65495463136 +/- 0.855369000278
parameters: 
p0 -  [ 0.96586702  1.90717537  0.0884092 ]  +/-  0.5333487508
p1 -  [ -37.6433363   133.35100079   28.09221366]  +/-  6.03818074479
p2 -  [ 16.00133936 -59.68081132 -17.17616886]  +/-  1.52743963604
---continuum point is: yp =  -36.6699726505  +/-  0.504314012599
Saving  ./plots/linear/R2_Lattice_MOM_E .pdf
---Fitting Results---
chisq -  7.97970142272  +/-  7.47667397867
chisq/dof -  1.1399573461 +/- 1.06809628267
parameters: 
p0 -  [ 0.96586702  1.90717537  0.0884092 ]  +/-  0.218638854721
p1 -  [ -37.6433363   133.35100079   28.09221366]  +/-  2.42684338562
p2 -  [ 16.00133936 -59.68081132 -17.17616886]  +/-  0.628387151082
---continuum point is: yp =  15.5657135925  +/-  0.206936677913
Saving  ./plots/linear/R3_Lattice_MOM_E .pdf
---Fitting Results---
chisq -  3.9813124482  +/-  5.40472875679
chisq/dof -  0.568758921172 +/- 0.772104108112
parameters: 
p0 -  [ 0.96586702  1.90717537  0.0884092 ]  +/-  0.167755090045
p1 -  [ -37.6433363   133.35100079   28.09221366]  +/-  1.88128259847
p2 -  [ 16.00133936 -59.68081132 -17.17616886]  +/-  0.482176904382
---continuum point is: yp =  -11.014724122  +/-  0.158417330017
Saving  ./plots/linear/R4_Lattice_MOM_E .pdf
---Fitting Results---
chisq -  4.24718489712  +/-  5.50195908762
chisq/dof -  0.606740699589 +/- 0.785994155374
parameters: 
p0 -  [ 0.96586702  1.90717537  0.0884092 ]  +/-  0.222827576238
p1 -  [ -37.6433363   133.35100079   28.09221366]  +/-  2.51909201641
p2 -  [ 16.00133936 -59.68081132 -17.17616886]  +/-  0.639228398747
---continuum point is: yp =  -14.5082347533  +/-  0.210304729953
Saving  ./plots/linear/R5_Lattice_MOM_E .pdf
---Doing Global Fitting---
Scheme -  MOM   Basis -  Lattice   Kinematics -  E   Fit type -  linear
---Fitting Results---
chisq -  21.6632863698  +/-  10.3590487971
chisq/dof -  3.09475519568 +/- 1.47986411387
parameters: 
p0 -  [ 0.49863729  0.50458791  0.05047348]  +/-  0.00486725256145
p1 -  [ 0.65685755  0.52190743 -0.74189067]  +/-  0.0700360997797
p2 -  [ 0.9109853   0.01832397 -0.33923046]  +/-  0.0140729057
---continuum point is: yp =  0.502320408026  +/-  0.00441180194351
Saving  ./plots/linear/B1_Lattice_MOM_E .pdf
---Fitting Results---
chisq -  47.6256872116  +/-  15.1726205411
chisq/dof -  6.80366960165 +/- 2.16751722015
parameters: 
p0 -  [ 0.49863729  0.50458791  0.05047348]  +/-  0.00427995517186
p1 -  [ 0.65685755  0.52190743 -0.74189067]  +/-  0.0637658644148
p2 -  [ 0.9109853   0.01832397 -0.33923046]  +/-  0.0131602632812
---continuum point is: yp =  0.66066708962  +/-  0.0039178128805
Saving  ./plots/linear/B2_Lattice_MOM_E .pdf
---Fitting Results---
chisq -  22.1619595627  +/-  10.083885805
chisq/dof -  3.16599422324 +/- 1.440555115
parameters: 
p0 -  [ 0.49863729  0.50458791  0.05047348]  +/-  0.00606178891421
p1 -  [ 0.65685755  0.52190743 -0.74189067]  +/-  0.0861207417474
p2 -  [ 0.9109853   0.01832397 -0.33923046]  +/-  0.0172213679858
---continuum point is: yp =  0.911119049128  +/-  0.00549484140162
Saving  ./plots/linear/B3_Lattice_MOM_E .pdf
---Fitting Results---
chisq -  18.3783901796  +/-  8.79057587941
chisq/dof -  2.62548431137 +/- 1.2557965542
parameters: 
p0 -  [ 0.49863729  0.50458791  0.05047348]  +/-  0.00407875524016
p1 -  [ 0.65685755  0.52190743 -0.74189067]  +/-  0.0601212507003
p2 -  [ 0.9109853   0.01832397 -0.33923046]  +/-  0.0114918068885
---continuum point is: yp =  0.550758117786  +/-  0.00367857672929
Saving  ./plots/linear/B4_Lattice_MOM_E .pdf
---Fitting Results---
chisq -  43.4642385395  +/-  13.7205021658
chisq/dof -  6.20917693422 +/- 1.96007173796
parameters: 
p0 -  [ 0.49863729  0.50458791  0.05047348]  +/-  0.00213034179931
p1 -  [ 0.65685755  0.52190743 -0.74189067]  +/-  0.0336953183885
p2 -  [ 0.9109853   0.01832397 -0.33923046]  +/-  0.00671948390133
---continuum point is: yp =  0.305805684082  +/-  0.00195509118283
Saving  ./plots/linear/B5_Lattice_MOM_E .pdf
---Doing Global Fitting---
Scheme -  MOM   Basis -  Lattice   Kinematics -  E   Fit type -  chiral
---Fitting Results---
chisq -  8.72545495672  +/-  5.96321080508
chisq/dof -  1.24649356525 +/- 0.851887257869
parameters: 
p0 -  [ 0.99554853  6.16833435  0.06267888]  +/-  0.0154791382335
p1 -  [-38.78048705 -31.78827325  28.98216962]  +/-  0.133141487673
p2 -  [ 16.48307702  10.52360408 -17.5499739 ]  +/-  0.042803521083
---continuum point is: yp =  0.986944255287  +/-  0.0142745840328
Saving  ./plots/chiral/R1_Lattice_MOM_E .pdf
---Fitting Results---
chisq -  1.09293971741  +/-  4.00628615591
chisq/dof -  0.156134245345 +/- 0.572326593701
parameters: 
p0 -  [ 0.99554853  6.16833435  0.06267888]  +/-  0.534104689672
p1 -  [-38.78048705 -31.78827325  28.98216962]  +/-  4.61308870683
p2 -  [ 16.48307702  10.52360408 -17.5499739 ]  +/-  1.49505582381
---continuum point is: yp =  -36.9234772261  +/-  0.493759071722
Saving  ./plots/chiral/R2_Lattice_MOM_E .pdf
---Fitting Results---
chisq -  2.95802372153  +/-  5.10284113001
chisq/dof -  0.422574817361 +/- 0.728977304286
parameters: 
p0 -  [ 0.99554853  6.16833435  0.06267888]  +/-  0.219284786076
p1 -  [-38.78048705 -31.78827325  28.98216962]  +/-  1.85039329637
p2 -  [ 16.48307702  10.52360408 -17.5499739 ]  +/-  0.615807589978
---continuum point is: yp =  15.6719754458  +/-  0.202870510991
Saving  ./plots/chiral/R3_Lattice_MOM_E .pdf
---Fitting Results---
chisq -  4.78904797629  +/-  5.71957849575
chisq/dof -  0.684149710898 +/- 0.81708264225
parameters: 
p0 -  [ 0.99554853  6.16833435  0.06267888]  +/-  0.168878793604
p1 -  [-38.78048705 -31.78827325  28.98216962]  +/-  1.27686530455
p2 -  [ 16.48307702  10.52360408 -17.5499739 ]  +/-  0.467643412061
---continuum point is: yp =  -11.1503143694  +/-  0.153549714271
Saving  ./plots/chiral/R4_Lattice_MOM_E .pdf
---Fitting Results---
chisq -  3.9339775215  +/-  5.23993646724
chisq/dof -  0.561996788785 +/- 0.748562352462
parameters: 
p0 -  [ 0.99554853  6.16833435  0.06267888]  +/-  0.224210473612
p1 -  [-38.78048705 -31.78827325  28.98216962]  +/-  1.70792908441
p2 -  [ 16.48307702  10.52360408 -17.5499739 ]  +/-  0.619685113146
---continuum point is: yp =  -14.6884415835  +/-  0.203749635949
Saving  ./plots/chiral/R5_Lattice_MOM_E .pdf
---Doing Global Fitting---
Scheme -  MOM   Basis -  Lattice   Kinematics -  E   Fit type -  chiral
---Fitting Results---
chisq -  24.3302707215  +/-  10.8855884014
chisq/dof -  3.47575296021 +/- 1.55508405734
parameters: 
p0 -  [ 0.4932897  -0.18296999  0.05596654]  +/-  0.00480651988584
p1 -  [ 0.65001796 -0.38800338 -0.73517339]  +/-  0.0759662986034
p2 -  [ 0.90040785 -1.22845787 -0.32688621]  +/-  0.014001359546
---continuum point is: yp =  0.500811720321  +/-  0.00438928767639
Saving  ./plots/chiral/B1_Lattice_MOM_E .pdf
---Fitting Results---
chisq -  57.3381862774  +/-  16.4434391408
chisq/dof -  8.1911694682 +/- 2.3490627344
parameters: 
p0 -  [ 0.4932897  -0.18296999  0.05596654]  +/-  0.00424862233306
p1 -  [ 0.65001796 -0.38800338 -0.73517339]  +/-  0.0686527508645
p2 -  [ 0.90040785 -1.22845787 -0.32688621]  +/-  0.0131335149954
---continuum point is: yp =  0.658857614816  +/-  0.00391745610466
Saving  ./plots/chiral/B2_Lattice_MOM_E .pdf
---Fitting Results---
chisq -  26.6184071263  +/-  11.0917531491
chisq/dof -  3.80262958947 +/- 1.58453616415
parameters: 
p0 -  [ 0.4932897  -0.18296999  0.05596654]  +/-  0.00599261662665
p1 -  [ 0.65001796 -0.38800338 -0.73517339]  +/-  0.0939924245933
p2 -  [ 0.90040785 -1.22845787 -0.32688621]  +/-  0.017122338332
---continuum point is: yp =  0.907608846929  +/-  0.00547076381374
Saving  ./plots/chiral/B3_Lattice_MOM_E .pdf
---Fitting Results---
chisq -  20.3817184418  +/-  9.38323342034
chisq/dof -  2.91167406312 +/- 1.34046191719
parameters: 
p0 -  [ 0.4932897  -0.18296999  0.05596654]  +/-  0.00414427134393
p1 -  [ 0.65001796 -0.38800338 -0.73517339]  +/-  0.0553103494581
p2 -  [ 0.90040785 -1.22845787 -0.32688621]  +/-  0.011594589233
---continuum point is: yp =  0.552892462244  +/-  0.00370929245185
Saving  ./plots/chiral/B4_Lattice_MOM_E .pdf
---Fitting Results---
chisq -  42.6523122633  +/-  13.9068282612
chisq/dof -  6.09318746619 +/- 1.9866897516
parameters: 
p0 -  [ 0.4932897  -0.18296999  0.05596654]  +/-  0.00216164501755
p1 -  [ 0.65001796 -0.38800338 -0.73517339]  +/-  0.0318425031671
p2 -  [ 0.90040785 -1.22845787 -0.32688621]  +/-  0.00676828099219
---continuum point is: yp =  0.306515521816  +/-  0.00196821466039
Saving  ./plots/chiral/B5_Lattice_MOM_E .pdf
Unrenormalised bag is -  [[[ 1.531126  1.555054  1.576716]
  [ 1.531749  1.557738  1.581581]
  [ 1.663088  1.684956  1.705877]]

 [[ 1.184277  1.202825  1.220224]
  [ 1.210167  1.229645  1.247883]
  [ 1.275432  1.293366  1.310283]]

 [[-1.791854 -1.808926 -1.824416]
  [-1.815853 -1.834158 -1.850662]
  [-1.894977 -1.91044  -1.924432]]

 [[ 0.945944  0.956414  0.966305]
  [ 0.994842  1.004192  1.013316]
  [ 1.041879  1.052129  1.062121]]

 [[ 0.489873  0.496292  0.502361]
  [ 0.51433   0.519895  0.525289]
  [ 0.53788   0.544059  0.550109]]]
Unrenormalised bare ratios is -  [[[-21.405902 -19.100821 -17.262492]
  [-19.30101  -17.41366  -15.874819]
  [-15.975797 -14.713062 -13.643834]]

 [[ 32.418288  28.748994  25.826351]
  [ 29.078955  26.08066   23.639256]
  [ 23.80472   21.798031  20.101117]]

 [[-17.271899 -15.32659  -13.781837]
  [-15.836434 -14.211968 -12.894903]
  [-13.194012 -12.093694 -11.168005]]

 [[ -8.894053  -7.905535  -7.12046 ]
  [ -8.169151  -7.343547  -6.673944]
  [ -6.838131  -6.277431  -5.805662]]]
ZA -  0.71273    ZP -  0.69512
Renormalised B is- 
[ 0.54916762  0.60034735  1.01850428  0.89326572  0.58172423]
-----Interpolating non-physical mass data-----
Interpolate dR/dms to the near physical point data
24  - dy/dms =  [ 1.63577087  1.78814768  1.53481196]
-----Interpolating non-physical mass data-----
Interpolate dR/dms to the near physical point data
24  - dy/dms =  [ 17.09057659  15.81708077  13.5778284 ]
Interpolated B is -  [ 0.55296444  0.60329202  1.02267419  0.89692876  0.58686612]
Interpolated B is -  [ 0.55352081  0.63404488  1.07668702  0.90883575  0.60317951]
Unrenormalised bag is -  [[[ 1.494694  1.530186]
  [ 1.529767  1.566636]
  [ 1.537462  1.572029]]

 [[ 1.202869  1.22968 ]
  [ 1.216509  1.24246 ]
  [ 1.222191  1.247478]]

 [[-1.837128 -1.865461]
  [-1.848958 -1.874886]
  [-1.849507 -1.874272]]

 [[ 0.907511  0.923437]
  [ 0.920516  0.935717]
  [ 0.930001  0.944626]]

 [[ 0.458776  0.467692]
  [ 0.466467  0.475225]
  [ 0.471236  0.479835]]]
Unrenormalised bare ratios is -  [[[-25.114861 -21.519755]
  [-23.302703 -20.130616]
  [-22.065049 -19.249098]]

 [[ 38.267258  32.541059]
  [ 35.416393  30.371114]
  [ 33.397685  28.932602]]

 [[-18.94673  -16.10451 ]
  [-17.547552 -15.095561]
  [-16.7623   -14.52635 ]]

 [[ -9.579905  -8.161821]
  [ -8.886963  -7.662326]
  [ -8.497334  -7.384645]]]
ZA -  0.74404    ZP -  0.69464
Renormalised B is- 
[ 0.54856017  0.58251078  0.93689605  0.91609418  0.64510371]
-----Interpolating non-physical mass data-----
Interpolate dR/dms to the near physical point data
32  - dy/dms =  [ 2.60514829  2.70622147  2.53725237]
-----Interpolating non-physical mass data-----
Interpolate dR/dms to the near physical point data
32  - dy/dms =  [ 24.36942361  23.51415934  22.14250538]
Interpolated B is -  [ 0.54717944  0.58142877  0.93534779  0.91462033  0.64325961]
Interpolated B is -  [ 0.55999784  0.58980684  0.94653062  0.92048868  0.65274992]
Interpolated B is -  [ 0.5629115   0.59593492  0.95647063  0.92067978  0.65777617]
ZA -  0.71273    ZP -  0.69512
Renormalised B is- 
[ 0.55859964  0.6100507   1.03981437  0.93054213  0.60009864]
Interpolating physical pt data to true strange physical point
uninterpolated value is  [[ 0.55859964]]
interpolated physical value is [ 0.55789759]
Interpolating physical pt data to true strange physical point
uninterpolated value is  [[ 1.01619427]]
interpolated physical value is [ 1.0089828]
Interpolated B is -  [ 0.55789759  0.60955771  1.03910913  0.92986152  0.59917511]
ZA -  0.74404    ZP -  0.69464
Renormalised B is- 
[ 0.54923707  0.56509312  0.90924069  0.92310835  0.64902481]
Interpolating physical pt data to true strange physical point
uninterpolated value is  [[ 0.54923707]]
interpolated physical value is [ 0.54106331]
Interpolating physical pt data to true strange physical point
uninterpolated value is  [[ 1.06323312]]
interpolated physical value is [ 0.98379219]
Interpolated B is -  [ 0.54106331  0.55851564  0.89941389  0.91387064  0.63824365]
---Doing Global Fitting---
Scheme -  MOM   Basis -  SUSY   Kinematics -  qq   Fit type -  linear
---Fitting Results---
chisq -  17.1764573849  +/-  8.31963291578
chisq/dof -  2.45377962641 +/- 1.18851898797
parameters: 
p0 -  [ 0.96586703  1.90717534  0.08840916]  +/-  0.0153996331314
p1 -  [ -1.75211165e+01   5.73732547e+01   3.67126082e-02]  +/-  0.176379942494
p2 -  [ 1.47219786 -7.81588516  5.10616623]  +/-  0.0435303504704
---continuum point is: yp =  0.979788000114  +/-  0.0145205044063
Saving  ./plots/linear/R1_SUSY_MOM_qq .pdf
---Fitting Results---
chisq -  2.39497321485  +/-  4.59054358969
chisq/dof -  0.342139030692 +/- 0.655791941384
parameters: 
p0 -  [ 0.96586703  1.90717534  0.08840916]  +/-  0.296849314564
p1 -  [ -1.75211165e+01   5.73732547e+01   3.67126082e-02]  +/-  3.45918130035
p2 -  [ 1.47219786 -7.81588516  5.10616623]  +/-  0.848323211192
---continuum point is: yp =  -17.1023341667  +/-  0.279344481172
Saving  ./plots/linear/R2_SUSY_MOM_qq .pdf
---Fitting Results---
chisq -  1.3632660017  +/-  4.15056444249
chisq/dof -  0.194752285958 +/- 0.592937777499
parameters: 
p0 -  [ 0.96586703  1.90717534  0.08840916]  +/-  0.0498084825827
p1 -  [ -1.75211165e+01   5.73732547e+01   3.67126082e-02]  +/-  0.650992361286
p2 -  [ 1.47219786 -7.81588516  5.10616623]  +/-  0.14218864661
---continuum point is: yp =  1.41514768143  +/-  0.0463963306821
Saving  ./plots/linear/R3_SUSY_MOM_qq .pdf
---Fitting Results---
chisq -  2.70885443672  +/-  5.04618926861
chisq/dof -  0.386979205245 +/- 0.72088418123
parameters: 
p0 -  [ 0.96586703  1.90717534  0.08840916]  +/-  0.543045998239
p1 -  [ -1.75211165e+01   5.73732547e+01   3.67126082e-02]  +/-  6.29771841977
p2 -  [ 1.47219786 -7.81588516  5.10616623]  +/-  1.548180539
---continuum point is: yp =  33.7556448064  +/-  0.512319184012
Saving  ./plots/linear/R4_SUSY_MOM_qq .pdf
---Fitting Results---
chisq -  5.28858767107  +/-  6.32102188892
chisq/dof -  0.755512524439 +/- 0.903003126988
parameters: 
p0 -  [ 0.96586703  1.90717534  0.08840916]  +/-  0.237242089029
p1 -  [ -1.75211165e+01   5.73732547e+01   3.67126082e-02]  +/-  2.67325720737
p2 -  [ 1.47219786 -7.81588516  5.10616623]  +/-  0.680173579048
---continuum point is: yp =  16.6166642452  +/-  0.224408964881
Saving  ./plots/linear/R5_SUSY_MOM_qq .pdf
---Doing Global Fitting---
Scheme -  MOM   Basis -  SUSY   Kinematics -  qq   Fit type -  linear
---Fitting Results---
chisq -  20.42335906  +/-  10.0836237567
chisq/dof -  2.91762272286 +/- 1.44051767953
parameters: 
p0 -  [ 0.52168968  0.54625562  0.09691561]  +/-  0.00517375348932
p1 -  [ 0.49676985  1.03459411  0.31793657]  +/-  0.0746364976017
p2 -  [ 0.73166932  1.63971665  0.88893305]  +/-  0.0149640498521
---continuum point is: yp =  0.525676945682  +/-  0.00468888096038
Saving  ./plots/linear/B1_SUSY_MOM_qq .pdf
---Fitting Results---
chisq -  11.9606335288  +/-  7.3469066709
chisq/dof -  1.70866193269 +/- 1.04955809584
parameters: 
p0 -  [ 0.52168968  0.54625562  0.09691561]  +/-  0.0041530651022
p1 -  [ 0.49676985  1.03459411  0.31793657]  +/-  0.0620629319709
p2 -  [ 0.73166932  1.63971665  0.88893305]  +/-  0.0119280737654
---continuum point is: yp =  0.504321617307  +/-  0.0037504971843
Saving  ./plots/linear/B2_SUSY_MOM_qq .pdf
---Fitting Results---
chisq -  9.0088403201  +/-  6.610447826
chisq/dof -  1.28697718859 +/- 0.944349689429
parameters: 
p0 -  [ 0.52168968  0.54625562  0.09691561]  +/-  0.00720332148732
p1 -  [ 0.49676985  1.03459411  0.31793657]  +/-  0.109456344344
p2 -  [ 0.73166932  1.63971665  0.88893305]  +/-  0.0213687222781
---continuum point is: yp =  0.743638043196  +/-  0.00653146551409
Saving  ./plots/linear/B3_SUSY_MOM_qq .pdf
---Fitting Results---
chisq -  13.9579815727  +/-  8.11610057518
chisq/dof -  1.99399736753 +/- 1.15944293931
parameters: 
p0 -  [ 0.52168968  0.54625562  0.09691561]  +/-  0.00652481687885
p1 -  [ 0.49676985  1.03459411  0.31793657]  +/-  0.0940945720704
p2 -  [ 0.73166932  1.63971665  0.88893305]  +/-  0.0182552197479
---continuum point is: yp =  0.900445757384  +/-  0.00589621859747
Saving  ./plots/linear/B4_SUSY_MOM_qq .pdf
---Fitting Results---
chisq -  26.5038911087  +/-  11.0217059785
chisq/dof -  3.78627015839 +/- 1.5745294255
parameters: 
p0 -  [ 0.52168968  0.54625562  0.09691561]  +/-  0.00453253764562
p1 -  [ 0.49676985  1.03459411  0.31793657]  +/-  0.0672290179595
p2 -  [ 0.73166932  1.63971665  0.88893305]  +/-  0.0127798220051
---continuum point is: yp =  0.684411290541  +/-  0.00409105910798
Saving  ./plots/linear/B5_SUSY_MOM_qq .pdf
---Doing Global Fitting---
Scheme -  MOM   Basis -  SUSY   Kinematics -  qq   Fit type -  chiral
---Fitting Results---
chisq -  8.72545495673  +/-  5.96321080508
chisq/dof -  1.24649356525 +/- 0.851887257869
parameters: 
p0 -  [ 0.99554854  6.16833433  0.06267886]  +/-  0.0154791390892
p1 -  [-18.4358124  -73.27260011   0.79934152]  +/-  0.133141483036
p2 -  [ 1.54868942  3.14345817  5.04392075]  +/-  0.042803518085
---continuum point is: yp =  0.986944261352  +/-  0.0142745847768
Saving  ./plots/chiral/R1_SUSY_MOM_qq .pdf
---Fitting Results---
chisq -  4.24622556458  +/-  5.41327768864
chisq/dof -  0.606603652084 +/- 0.773325384091
parameters: 
p0 -  [ 0.99554854  6.16833433  0.06267886]  +/-  0.299608924755
p1 -  [-18.4358124  -73.27260011   0.79934152]  +/-  2.31877780951
p2 -  [ 1.54868942  3.14345817  5.04392075]  +/-  0.825102820196
---continuum point is: yp =  -17.3154703011  +/-  0.271482968215
Saving  ./plots/chiral/R2_SUSY_MOM_qq .pdf
---Fitting Results---
chisq -  4.55214640037  +/-  5.69230641947
chisq/dof -  0.650306628625 +/- 0.813186631353
parameters: 
p0 -  [ 0.99554854  6.16833433  0.06267886]  +/-  0.0515476528
p1 -  [-18.4358124  -73.27260011   0.79934152]  +/-  0.441593411819
p2 -  [ 1.54868942  3.14345817  5.04392075]  +/-  0.141705871072
---continuum point is: yp =  1.43259210588  +/-  0.0462166847891
Saving  ./plots/chiral/R3_SUSY_MOM_qq .pdf
---Fitting Results---
chisq -  1.15372821797  +/-  4.13633830222
chisq/dof -  0.164818316853 +/- 0.590905471746
parameters: 
p0 -  [ 0.99554854  6.16833433  0.06267886]  +/-  0.543961797151
p1 -  [-18.4358124  -73.27260011   0.79934152]  +/-  4.8062098367
p2 -  [ 1.54868942  3.14345817  5.04392075]  +/-  1.51594397561
---continuum point is: yp =  33.9882323824  +/-  0.501764856093
Saving  ./plots/chiral/R4_SUSY_MOM_qq .pdf
---Fitting Results---
chisq -  1.22341134413  +/-  4.07719721824
chisq/dof -  0.174773049161 +/- 0.582456745463
parameters: 
p0 -  [ 0.99554854  6.16833433  0.06267886]  +/-  0.237660914652
p1 -  [-18.4358124  -73.27260011   0.79934152]  +/-  2.0430755609
p2 -  [ 1.54868942  3.14345817  5.04392075]  +/-  0.665926432891
---continuum point is: yp =  16.7315512477  +/-  0.219777165326
Saving  ./plots/chiral/R5_SUSY_MOM_qq .pdf
---Doing Global Fitting---
Scheme -  MOM   Basis -  SUSY   Kinematics -  qq   Fit type -  chiral
---Fitting Results---
chisq -  22.9705029569  +/-  10.6015557818
chisq/dof -  3.28150042242 +/- 1.51450796883
parameters: 
p0 -  [ 0.51609229 -0.17304049  0.10266968]  +/-  0.00510974302244
p1 -  [ 0.50265087  1.73320562  0.31107203]  +/-  0.0809454471728
p2 -  [ 0.73975626  2.67375483  0.880418  ]  +/-  0.0148903328793
---continuum point is: yp =  0.524096239559  +/-  0.00466546533352
Saving  ./plots/chiral/B1_SUSY_MOM_qq .pdf
---Fitting Results---
chisq -  14.4704325357  +/-  8.1865511826
chisq/dof -  2.06720464796 +/- 1.1695073118
parameters: 
p0 -  [ 0.51609229 -0.17304049  0.10266968]  +/-  0.00421429799402
p1 -  [ 0.50265087  1.73320562  0.31107203]  +/-  0.0571702047694
p2 -  [ 0.73975626  2.67375483  0.880418  ]  +/-  0.0120088151205
---continuum point is: yp =  0.506276331712  +/-  0.00377677059208
Saving  ./plots/chiral/B2_SUSY_MOM_qq .pdf
---Fitting Results---
chisq -  11.1099844965  +/-  7.35720652244
chisq/dof -  1.58714064236 +/- 1.05102950321
parameters: 
p0 -  [ 0.51609229 -0.17304049  0.10266968]  +/-  0.00729403377759
p1 -  [ 0.50265087  1.73320562  0.31107203]  +/-  0.101135735736
p2 -  [ 0.73975626  2.67375483  0.880418  ]  +/-  0.0214626610267
---continuum point is: yp =  0.745989538898  +/-  0.0065635276374
Saving  ./plots/chiral/B3_SUSY_MOM_qq .pdf
---Fitting Results---
chisq -  17.0742558547  +/-  8.98114963064
chisq/dof -  2.43917940782 +/- 1.28302137581
parameters: 
p0 -  [ 0.51609229 -0.17304049  0.10266968]  +/-  0.00645575017003
p1 -  [ 0.50265087  1.73320562  0.31107203]  +/-  0.102775211749
p2 -  [ 0.73975626  2.67375483  0.880418  ]  +/-  0.0181799413217
---continuum point is: yp =  0.896952624242  +/-  0.00587562146811
Saving  ./plots/chiral/B4_SUSY_MOM_qq .pdf
---Fitting Results---
chisq -  34.1535902489  +/-  12.4508691941
chisq/dof -  4.87908432127 +/- 1.77869559916
parameters: 
p0 -  [ 0.51609229 -0.17304049  0.10266968]  +/-  0.00449784222653
p1 -  [ 0.50265087  1.73320562  0.31107203]  +/-  0.0731940456129
p2 -  [ 0.73975626  2.67375483  0.880418  ]  +/-  0.0127543307729
---continuum point is: yp =  0.68185795296  +/-  0.00408901979877
Saving  ./plots/chiral/B5_SUSY_MOM_qq .pdf
Unrenormalised bag is -  [[[ 1.531126  1.555054  1.576716]
  [ 1.531749  1.557738  1.581581]
  [ 1.663088  1.684956  1.705877]]

 [[ 1.184277  1.202825  1.220224]
  [ 1.210167  1.229645  1.247883]
  [ 1.275432  1.293366  1.310283]]

 [[-1.791854 -1.808926 -1.824416]
  [-1.815853 -1.834158 -1.850662]
  [-1.894977 -1.91044  -1.924432]]

 [[ 0.945944  0.956414  0.966305]
  [ 0.994842  1.004192  1.013316]
  [ 1.041879  1.052129  1.062121]]

 [[ 0.489873  0.496292  0.502361]
  [ 0.51433   0.519895  0.525289]
  [ 0.53788   0.544059  0.550109]]]
Unrenormalised bare ratios is -  [[[-21.405902 -19.100821 -17.262492]
  [-19.30101  -17.41366  -15.874819]
  [-15.975797 -14.713062 -13.643834]]

 [[ 32.418288  28.748994  25.826351]
  [ 29.078955  26.08066   23.639256]
  [ 23.80472   21.798031  20.101117]]

 [[-17.271899 -15.32659  -13.781837]
  [-15.836434 -14.211968 -12.894903]
  [-13.194012 -12.093694 -11.168005]]

 [[ -8.894053  -7.905535  -7.12046 ]
  [ -8.169151  -7.343547  -6.673944]
  [ -6.838131  -6.277431  -5.805662]]]
ZA -  0.71273    ZP -  0.69512
Renormalised B is- 
[ 0.54916762  0.58172423  0.89326572  0.60034735  0.32157606]
-----Interpolating non-physical mass data-----
Interpolate dR/dms to the near physical point data
24  - dy/dms =  [ 1.63577087  1.78814768  1.53481196]
-----Interpolating non-physical mass data-----
Interpolate dR/dms to the near physical point data
24  - dy/dms =  [ 17.09057659  15.81708077  13.5778284 ]
Interpolated B is -  [ 0.55296444  0.58686612  0.89692876  0.60329202  0.32370369]
Interpolated B is -  [ 0.55352081  0.60317951  0.90883575  0.63404488  0.33895012]
Unrenormalised bag is -  [[[ 1.494694  1.530186]
  [ 1.529767  1.566636]
  [ 1.537462  1.572029]]

 [[ 1.202869  1.22968 ]
  [ 1.216509  1.24246 ]
  [ 1.222191  1.247478]]

 [[-1.837128 -1.865461]
  [-1.848958 -1.874886]
  [-1.849507 -1.874272]]

 [[ 0.907511  0.923437]
  [ 0.920516  0.935717]
  [ 0.930001  0.944626]]

 [[ 0.458776  0.467692]
  [ 0.466467  0.475225]
  [ 0.471236  0.479835]]]
Unrenormalised bare ratios is -  [[[-25.114861 -21.519755]
  [-23.302703 -20.130616]
  [-22.065049 -19.249098]]

 [[ 38.267258  32.541059]
  [ 35.416393  30.371114]
  [ 33.397685  28.932602]]

 [[-18.94673  -16.10451 ]
  [-17.547552 -15.095561]
  [-16.7623   -14.52635 ]]

 [[ -9.579905  -8.161821]
  [ -8.886963  -7.662326]
  [ -8.497334  -7.384645]]]
ZA -  0.74404    ZP -  0.69464
Renormalised B is- 
[ 0.54856017  0.64510371  0.91609418  0.58251078  0.34625393]
-----Interpolating non-physical mass data-----
Interpolate dR/dms to the near physical point data
32  - dy/dms =  [ 2.60514829  2.70622147  2.53725237]
-----Interpolating non-physical mass data-----
Interpolate dR/dms to the near physical point data
32  - dy/dms =  [ 24.36942361  23.51415934  22.14250538]
Interpolated B is -  [ 0.54717944  0.64325961  0.91462033  0.58142877  0.34548276]
Interpolated B is -  [ 0.55999784  0.65274992  0.92048868  0.58980684  0.35199098]
Interpolated B is -  [ 0.5629115   0.65777617  0.92067978  0.59593492  0.35557779]
ZA -  0.71273    ZP -  0.69512
Renormalised B is- 
[ 0.55859964  0.60009864  0.93054213  0.6100507   0.3235416 ]
Interpolating physical pt data to true strange physical point
uninterpolated value is  [[ 0.55859964]]
interpolated physical value is [ 0.55789759]
Interpolating physical pt data to true strange physical point
uninterpolated value is  [[ 1.01619427]]
interpolated physical value is [ 1.0089828]
Interpolated B is -  [ 0.55789759  0.59917511  0.92986152  0.60955771  0.32319007]
ZA -  0.74404    ZP -  0.69464
Renormalised B is- 
[ 0.54923707  0.64902481  0.92310835  0.56509312  0.33566141]
Interpolating physical pt data to true strange physical point
uninterpolated value is  [[ 0.54923707]]
interpolated physical value is [ 0.54106331]
Interpolating physical pt data to true strange physical point
uninterpolated value is  [[ 1.06323312]]
interpolated physical value is [ 0.98379219]
Interpolated B is -  [ 0.54106331  0.63824365  0.91387064  0.55851564  0.33125013]
---Doing Global Fitting---
Scheme -  MOM   Basis -  Lattice   Kinematics -  qq   Fit type -  linear
---Fitting Results---
chisq -  17.1764573849  +/-  8.31963291578
chisq/dof -  2.45377962641 +/- 1.18851898797
parameters: 
p0 -  [ 0.96586703  1.90717534  0.08840916]  +/-  0.0153996331314
p1 -  [ -34.0936163   117.85958854   28.92297415]  +/-  0.176379942494
p2 -  [  34.82579289 -146.61048674  -10.80142609]  +/-  0.0435303504704
---continuum point is: yp =  0.979788000114  +/-  0.0145205044063
Saving  ./plots/linear/R1_Lattice_MOM_qq .pdf
---Fitting Results---
chisq -  5.28858767107  +/-  6.32102188892
chisq/dof -  0.755512524439 +/- 0.903003126988
parameters: 
p0 -  [ 0.96586703  1.90717534  0.08840916]  +/-  0.474484177055
p1 -  [ -34.0936163   117.85958854   28.92297415]  +/-  5.34651442438
p2 -  [  34.82579289 -146.61048674  -10.80142609]  +/-  1.36034715113
---continuum point is: yp =  -33.2333284944  +/-  0.448817928653
Saving  ./plots/linear/R2_Lattice_MOM_qq .pdf
---Fitting Results---
chisq -  2.70885443672  +/-  5.04618926861
chisq/dof -  0.386979205245 +/- 0.72088418123
parameters: 
p0 -  [ 0.96586703  1.90717534  0.08840916]  +/-  0.543045998239
p1 -  [ -34.0936163   117.85958854   28.92297415]  +/-  6.29771841977
p2 -  [  34.82579289 -146.61048674  -10.80142609]  +/-  1.548180539
---continuum point is: yp =  33.7556448064  +/-  0.512319184012
Saving  ./plots/linear/R3_Lattice_MOM_qq .pdf
---Fitting Results---
chisq -  2.39497321485  +/-  4.59054358969
chisq/dof -  0.342139030692 +/- 0.655791941384
parameters: 
p0 -  [ 0.96586703  1.90717534  0.08840916]  +/-  0.296849314564
p1 -  [ -34.0936163   117.85958854   28.92297415]  +/-  3.45918130035
p2 -  [  34.82579289 -146.61048674  -10.80142609]  +/-  0.848323211192
---continuum point is: yp =  -17.1023341667  +/-  0.279344481172
Saving  ./plots/linear/R4_Lattice_MOM_qq .pdf
---Fitting Results---
chisq -  5.06063145688  +/-  5.87843644426
chisq/dof -  0.722947350982 +/- 0.839776634895
parameters: 
p0 -  [ 0.96586703  1.90717534  0.08840916]  +/-  0.211703824312
p1 -  [ -34.0936163   117.85958854   28.92297415]  +/-  2.3733510566
p2 -  [  34.82579289 -146.61048674  -10.80142609]  +/-  0.608344408896
---continuum point is: yp =  -14.2736118858  +/-  0.199973155166
Saving  ./plots/linear/R5_Lattice_MOM_qq .pdf
---Doing Global Fitting---
Scheme -  MOM   Basis -  Lattice   Kinematics -  qq   Fit type -  linear
---Fitting Results---
chisq -  20.42335906  +/-  10.0836237567
chisq/dof -  2.91762272286 +/- 1.44051767953
parameters: 
p0 -  [ 0.52168968  0.54625562  0.09691561]  +/-  0.00517375348932
p1 -  [ 0.68106561  0.45835911 -0.25388896]  +/-  0.0746364976017
p2 -  [ 0.89963794  0.11067144  0.08771145]  +/-  0.0149640498521
---continuum point is: yp =  0.525676945682  +/-  0.00468888096038
Saving  ./plots/linear/B1_Lattice_MOM_qq .pdf
---Fitting Results---
chisq -  26.5038911087  +/-  11.0217059785
chisq/dof -  3.78627015839 +/- 1.5745294255
parameters: 
p0 -  [ 0.52168968  0.54625562  0.09691561]  +/-  0.00453253764562
p1 -  [ 0.68106561  0.45835911 -0.25388896]  +/-  0.0672290179595
p2 -  [ 0.89963794  0.11067144  0.08771145]  +/-  0.0127798220051
---continuum point is: yp =  0.684411290541  +/-  0.00409105910798
Saving  ./plots/linear/B2_Lattice_MOM_qq .pdf
---Fitting Results---
chisq -  13.9579815727  +/-  8.11610057518
chisq/dof -  1.99399736753 +/- 1.15944293931
parameters: 
p0 -  [ 0.52168968  0.54625562  0.09691561]  +/-  0.00652481687885
p1 -  [ 0.68106561  0.45835911 -0.25388896]  +/-  0.0940945720704
p2 -  [ 0.89963794  0.11067144  0.08771145]  +/-  0.0182552197479
---continuum point is: yp =  0.900445757384  +/-  0.00589621859747
Saving  ./plots/linear/B3_Lattice_MOM_qq .pdf
---Fitting Results---
chisq -  11.9606335288  +/-  7.3469066709
chisq/dof -  1.70866193269 +/- 1.04955809584
parameters: 
p0 -  [ 0.52168968  0.54625562  0.09691561]  +/-  0.0041530651022
p1 -  [ 0.68106561  0.45835911 -0.25388896]  +/-  0.0620629319709
p2 -  [ 0.89963794  0.11067144  0.08771145]  +/-  0.0119280737654
---continuum point is: yp =  0.504321617307  +/-  0.0037504971843
Saving  ./plots/linear/B4_Lattice_MOM_qq .pdf
---Fitting Results---
chisq -  20.5476281986  +/-  9.08720378004
chisq/dof -  2.93537545694 +/- 1.29817196858
parameters: 
p0 -  [ 0.52168968  0.54625562  0.09691561]  +/-  0.00246553487599
p1 -  [ 0.68106561  0.45835911 -0.25388896]  +/-  0.036730364472
p2 -  [ 0.89963794  0.11067144  0.08771145]  +/-  0.00698020715013
---continuum point is: yp =  0.344219784524  +/-  0.00222741605762
Saving  ./plots/linear/B5_Lattice_MOM_qq .pdf
---Doing Global Fitting---
Scheme -  MOM   Basis -  Lattice   Kinematics -  qq   Fit type -  chiral
---Fitting Results---
chisq -  8.72545495673  +/-  5.96321080508
chisq/dof -  1.24649356525 +/- 0.851887257869
parameters: 
p0 -  [ 0.99554854  6.16833433  0.06267886]  +/-  0.0154791390892
p1 -  [-35.12352459 -31.73254328  29.73041839]  +/-  0.133141483036
p2 -  [ 35.87681636   6.03359609 -11.6136373 ]  +/-  0.042803518085
---continuum point is: yp =  0.986944261352  +/-  0.0142745847768
Saving  ./plots/chiral/R1_Lattice_MOM_qq .pdf
---Fitting Results---
chisq -  1.22341134413  +/-  4.07719721824
chisq/dof -  0.174773049161 +/- 0.582456745463
parameters: 
p0 -  [ 0.99554854  6.16833433  0.06267886]  +/-  0.475321836624
p1 -  [-35.12352459 -31.73254328  29.73041839]  +/-  4.08615111199
p2 -  [ 35.87681636   6.03359609 -11.6136373 ]  +/-  1.33185287577
---continuum point is: yp =  -33.4631024995  +/-  0.439554336336
Saving  ./plots/chiral/R2_Lattice_MOM_qq .pdf
---Fitting Results---
chisq -  1.15372821797  +/-  4.13633830222
chisq/dof -  0.164818316853 +/- 0.590905471746
parameters: 
p0 -  [ 0.99554854  6.16833433  0.06267886]  +/-  0.543961797151
p1 -  [-35.12352459 -31.73254328  29.73041839]  +/-  4.8062098367
p2 -  [ 35.87681636   6.03359609 -11.6136373 ]  +/-  1.51594397561
---continuum point is: yp =  33.9882323824  +/-  0.501764856093
Saving  ./plots/chiral/R3_Lattice_MOM_qq .pdf
---Fitting Results---
chisq -  4.24622556458  +/-  5.41327768864
chisq/dof -  0.606603652084 +/- 0.773325384091
parameters: 
p0 -  [ 0.99554854  6.16833433  0.06267886]  +/-  0.299608924755
p1 -  [-35.12352459 -31.73254328  29.73041839]  +/-  2.31877780951
p2 -  [ 35.87681636   6.03359609 -11.6136373 ]  +/-  0.825102820196
---continuum point is: yp =  -17.3154703011  +/-  0.271482968215
Saving  ./plots/chiral/R4_Lattice_MOM_qq .pdf
---Fitting Results---
chisq -  4.04633654712  +/-  5.30944575052
chisq/dof -  0.57804807816 +/- 0.758492250074
parameters: 
p0 -  [ 0.99554854  6.16833433  0.06267886]  +/-  0.213042939512
p1 -  [-35.12352459 -31.73254328  29.73041839]  +/-  1.61742920526
p2 -  [ 35.87681636   6.03359609 -11.6136373 ]  +/-  0.589679814016
---continuum point is: yp =  -14.4504821299  +/-  0.193744554676
Saving  ./plots/chiral/R5_Lattice_MOM_qq .pdf
---Doing Global Fitting---
Scheme -  MOM   Basis -  Lattice   Kinematics -  qq   Fit type -  chiral
---Fitting Results---
chisq -  22.9705029569  +/-  10.6015557818
chisq/dof -  3.28150042242 +/- 1.51450796883
parameters: 
p0 -  [ 0.51609229 -0.17304049  0.10266968]  +/-  0.00510974302244
p1 -  [ 0.67324138 -0.47569603 -0.24487451]  +/-  0.0809454471728
p2 -  [ 0.8891622  -1.12004141  0.09998382]  +/-  0.0148903328793
---continuum point is: yp =  0.524096239559  +/-  0.00466546533352
Saving  ./plots/chiral/B1_Lattice_MOM_qq .pdf
---Fitting Results---
chisq -  34.1535902489  +/-  12.4508691941
chisq/dof -  4.87908432127 +/- 1.77869559916
parameters: 
p0 -  [ 0.51609229 -0.17304049  0.10266968]  +/-  0.00449784222653
p1 -  [ 0.67324138 -0.47569603 -0.24487451]  +/-  0.0731940456129
p2 -  [ 0.8891622  -1.12004141  0.09998382]  +/-  0.0127543307729
---continuum point is: yp =  0.68185795296  +/-  0.00408901979877
Saving  ./plots/chiral/B2_Lattice_MOM_qq .pdf
---Fitting Results---
chisq -  17.0742558547  +/-  8.98114963064
chisq/dof -  2.43917940782 +/- 1.28302137581
parameters: 
p0 -  [ 0.51609229 -0.17304049  0.10266968]  +/-  0.00645575017003
p1 -  [ 0.67324138 -0.47569603 -0.24487451]  +/-  0.102775211749
p2 -  [ 0.8891622  -1.12004141  0.09998382]  +/-  0.0181799413217
---continuum point is: yp =  0.896952624242  +/-  0.00587562146811
Saving  ./plots/chiral/B3_Lattice_MOM_qq .pdf
---Fitting Results---
chisq -  14.4704325357  +/-  8.1865511826
chisq/dof -  2.06720464796 +/- 1.1695073118
parameters: 
p0 -  [ 0.51609229 -0.17304049  0.10266968]  +/-  0.00421429799402
p1 -  [ 0.67324138 -0.47569603 -0.24487451]  +/-  0.0571702047694
p2 -  [ 0.8891622  -1.12004141  0.09998382]  +/-  0.0120088151205
---continuum point is: yp =  0.506276331712  +/-  0.00377677059208
Saving  ./plots/chiral/B4_Lattice_MOM_qq .pdf
---Fitting Results---
chisq -  21.760252164  +/-  9.55812435037
chisq/dof -  3.108607452 +/- 1.36544633577
parameters: 
p0 -  [ 0.51609229 -0.17304049  0.10266968]  +/-  0.00250088316093
p1 -  [ 0.67324138 -0.47569603 -0.24487451]  +/-  0.0339190817735
p2 -  [ 0.8891622  -1.12004141  0.09998382]  +/-  0.007033598394
---continuum point is: yp =  0.345443394119  +/-  0.00224211797223
Saving  ./plots/chiral/B5_Lattice_MOM_qq .pdf
Unrenormalised bag is -  [[[ 1.531126  1.555054  1.576716]
  [ 1.531749  1.557738  1.581581]
  [ 1.663088  1.684956  1.705877]]

 [[ 1.184277  1.202825  1.220224]
  [ 1.210167  1.229645  1.247883]
  [ 1.275432  1.293366  1.310283]]

 [[-1.791854 -1.808926 -1.824416]
  [-1.815853 -1.834158 -1.850662]
  [-1.894977 -1.91044  -1.924432]]

 [[ 0.945944  0.956414  0.966305]
  [ 0.994842  1.004192  1.013316]
  [ 1.041879  1.052129  1.062121]]

 [[ 0.489873  0.496292  0.502361]
  [ 0.51433   0.519895  0.525289]
  [ 0.53788   0.544059  0.550109]]]
Unrenormalised bare ratios is -  [[[-21.405902 -19.100821 -17.262492]
  [-19.30101  -17.41366  -15.874819]
  [-15.975797 -14.713062 -13.643834]]

 [[ 32.418288  28.748994  25.826351]
  [ 29.078955  26.08066   23.639256]
  [ 23.80472   21.798031  20.101117]]

 [[-17.271899 -15.32659  -13.781837]
  [-15.836434 -14.211968 -12.894903]
  [-13.194012 -12.093694 -11.168005]]

 [[ -8.894053  -7.905535  -7.12046 ]
  [ -8.169151  -7.343547  -6.673944]
  [ -6.838131  -6.277431  -5.805662]]]
ZA -  0.71273    ZP -  0.6563
Renormalised B is- 
[ 0.49052684  0.60159134  1.02066181  0.89509241  0.58289959]
-----Interpolating non-physical mass data-----
Interpolate dR/dms to the near physical point data
24  - dy/dms =  [ 1.46110127  1.59720709  1.37092287]
-----Interpolating non-physical mass data-----
Interpolate dR/dms to the near physical point data
24  - dy/dms =  [ 17.09057659  15.81708077  13.5778284 ]
Interpolated B is -  [ 0.49391823  0.60454212  1.02484067  0.89876293  0.58805185]
Interpolated B is -  [ 0.49441519  0.6353587   1.07896766  0.91069425  0.60439815]
Unrenormalised bag is -  [[[ 1.494694  1.530186]
  [ 1.529767  1.566636]
  [ 1.537462  1.572029]]

 [[ 1.202869  1.22968 ]
  [ 1.216509  1.24246 ]
  [ 1.222191  1.247478]]

 [[-1.837128 -1.865461]
  [-1.848958 -1.874886]
  [-1.849507 -1.874272]]

 [[ 0.907511  0.923437]
  [ 0.920516  0.935717]
  [ 0.930001  0.944626]]

 [[ 0.458776  0.467692]
  [ 0.466467  0.475225]
  [ 0.471236  0.479835]]]
Unrenormalised bare ratios is -  [[[-25.114861 -21.519755]
  [-23.302703 -20.130616]
  [-22.065049 -19.249098]]

 [[ 38.267258  32.541059]
  [ 35.416393  30.371114]
  [ 33.397685  28.932602]]

 [[-18.94673  -16.10451 ]
  [-17.547552 -15.095561]
  [-16.7623   -14.52635 ]]

 [[ -9.579905  -8.161821]
  [ -8.886963  -7.662326]
  [ -8.497334  -7.384645]]]
ZA -  0.74404    ZP -  0.6585
Renormalised B is- 
[ 0.49385773  0.58357361  0.93860594  0.91783336  0.64619966]
-----Interpolating non-physical mass data-----
Interpolate dR/dms to the near physical point data
32  - dy/dms =  [ 2.34536282  2.43635698  2.28423748]
-----Interpolating non-physical mass data-----
Interpolate dR/dms to the near physical point data
32  - dy/dms =  [ 24.36942361  23.51415934  22.14250538]
Interpolated B is -  [ 0.49261469  0.58248963  0.93705485  0.91635671  0.64435235]
Interpolated B is -  [ 0.50415484  0.59088298  0.94825812  0.92223623  0.65385928]
Interpolated B is -  [ 0.50677795  0.59702225  0.95821627  0.92242772  0.65889452]
ZA -  0.71273    ZP -  0.6563
Renormalised B is- 
[ 0.49895169  0.6113148   1.04201637  0.93244506  0.60131116]
Interpolating physical pt data to true strange physical point
uninterpolated value is  [[ 0.49895169]]
interpolated physical value is [ 0.49832461]
Interpolating physical pt data to true strange physical point
uninterpolated value is  [[ 1.01619427]]
interpolated physical value is [ 1.0089828]
Interpolated B is -  [ 0.49832461  0.61082078  1.04130962  0.93176305  0.60038577]
ZA -  0.74404    ZP -  0.6585
Renormalised B is- 
[ 0.49446713  0.56612418  0.91090011  0.92486085  0.65012732]
Interpolating physical pt data to true strange physical point
uninterpolated value is  [[ 0.49446713]]
interpolated physical value is [ 0.48710846]
Interpolating physical pt data to true strange physical point
uninterpolated value is  [[ 1.06323312]]
interpolated physical value is [ 0.98379219]
Interpolated B is -  [ 0.48710846  0.55953469  0.90105537  0.91560558  0.63932746]
---Doing Global Fitting---
Scheme -  MOM   Basis -  SUSY   Kinematics -  qg   Fit type -  linear
---Fitting Results---
chisq -  17.1764573849  +/-  8.31963291578
chisq/dof -  2.45377962641 +/- 1.18851898797
parameters: 
p0 -  [ 0.96586702  1.90717532  0.08840919]  +/-  0.01539963484
p1 -  [ -1.75204904e+01   5.73740499e+01   3.12775403e-02]  +/-  0.176379951862
p2 -  [ 1.47177282 -7.81625226  5.10955191]  +/-  0.0435303552756
---continuum point is: yp =  0.979787990432  +/-  0.0145205059964
Saving  ./plots/linear/R1_SUSY_MOM_qg .pdf
---Fitting Results---
chisq -  2.39439893314  +/-  4.59023408253
chisq/dof -  0.342056990448 +/- 0.655747726076
parameters: 
p0 -  [ 0.96586702  1.90717532  0.08840919]  +/-  0.296859313375
p1 -  [ -1.75204904e+01   5.73740499e+01   3.12775403e-02]  +/-  3.45936845564
p2 -  [ 1.47177282 -7.81625226  5.10955191]  +/-  0.848349778948
---continuum point is: yp =  -17.101702323  +/-  0.279353368437
Saving  ./plots/linear/R2_SUSY_MOM_qg .pdf
---Fitting Results---
chisq -  1.36351156063  +/-  4.1507722428
chisq/dof -  0.194787365804 +/- 0.592967463257
parameters: 
p0 -  [ 0.96586702  1.90717532  0.08840919]  +/-  0.0498184736194
p1 -  [ -1.75204904e+01   5.73740499e+01   3.12775403e-02]  +/-  0.651156552365
p2 -  [ 1.47177282 -7.81625226  5.10955191]  +/-  0.142218148045
---continuum point is: yp =  1.41471995948  +/-  0.0464054462491
Saving  ./plots/linear/R3_SUSY_MOM_qg .pdf
---Fitting Results---
chisq -  2.70930263302  +/-  5.04641661507
chisq/dof -  0.387043233288 +/- 0.720916659296
parameters: 
p0 -  [ 0.96586702  1.90717532  0.08840919]  +/-  0.543082564188
p1 -  [ -1.75204904e+01   5.73740499e+01   3.12775403e-02]  +/-  6.29808012661
p2 -  [ 1.47177282 -7.81625226  5.10955191]  +/-  1.54828690644
---continuum point is: yp =  33.758896865  +/-  0.512354104494
Saving  ./plots/linear/R4_SUSY_MOM_qg .pdf
---Fitting Results---
chisq -  5.28842474897  +/-  6.32094273022
chisq/dof -  0.755489249853 +/- 0.902991818602
parameters: 
p0 -  [ 0.96586702  1.90717532  0.08840919]  +/-  0.237239053142
p1 -  [ -1.75204904e+01   5.73740499e+01   3.12775403e-02]  +/-  2.6732254294
p2 -  [ 1.47177282 -7.81625226  5.10955191]  +/-  0.68016471087
---continuum point is: yp =  16.6163869029  +/-  0.224406077447
Saving  ./plots/linear/R5_SUSY_MOM_qg .pdf
---Doing Global Fitting---
Scheme -  MOM   Basis -  SUSY   Kinematics -  qg   Fit type -  linear
---Fitting Results---
chisq -  21.2447721085  +/-  10.2667461774
chisq/dof -  3.03496744407 +/- 1.46667802535
parameters: 
p0 -  [ 0.47447006  0.48562838  0.06119535]  +/-  0.00465553176696
p1 -  [ 0.49749566  1.03667077  0.31950502]  +/-  0.0670457861654
p2 -  [ 0.73264212  1.64306931  0.89254336]  +/-  0.0134615300036
---continuum point is: yp =  0.478014791401  +/-  0.00421964438768
Saving  ./plots/linear/B1_SUSY_MOM_qg .pdf
---Fitting Results---
chisq -  11.9416413485  +/-  7.34239722409
chisq/dof -  1.70594876407 +/- 1.04891388916
parameters: 
p0 -  [ 0.47447006  0.48562838  0.06119535]  +/-  0.00416111164491
p1 -  [ 0.49749566  1.03667077  0.31950502]  +/-  0.0621866941604
p2 -  [ 0.73264212  1.64306931  0.89254336]  +/-  0.0119526698854
---continuum point is: yp =  0.505062591678  +/-  0.00375780685777
Saving  ./plots/linear/B2_SUSY_MOM_qg .pdf
---Fitting Results---
chisq -  8.9956166944  +/-  6.60722124143
chisq/dof -  1.2850880992 +/- 0.943888748775
parameters: 
p0 -  [ 0.47447006  0.48562838  0.06119535]  +/-  0.00721796379218
p1 -  [ 0.49749566  1.03667077  0.31950502]  +/-  0.109687437285
p2 -  [ 0.73264212  1.64306931  0.89254336]  +/-  0.0214167263194
---continuum point is: yp =  0.744635311592  +/-  0.00654487743903
Saving  ./plots/linear/B3_SUSY_MOM_qg .pdf
---Fitting Results---
chisq -  13.9449086334  +/-  8.11273786397
chisq/dof -  1.99212980477 +/- 1.158962552
parameters: 
p0 -  [ 0.47447006  0.48562838  0.06119535]  +/-  0.00653731988377
p1 -  [ 0.49749566  1.03667077  0.31950502]  +/-  0.0942779536904
p2 -  [ 0.73264212  1.64306931  0.89254336]  +/-  0.0182903072709
---continuum point is: yp =  0.901993600321  +/-  0.00590750722781
Saving  ./plots/linear/B4_SUSY_MOM_qg .pdf
---Fitting Results---
chisq -  26.4594067786  +/-  11.0126115303
chisq/dof -  3.77991525409 +/- 1.57323021862
parameters: 
p0 -  [ 0.47447006  0.48562838  0.06119535]  +/-  0.00454004721036
p1 -  [ 0.49749566  1.03667077  0.31950502]  +/-  0.067344849203
p2 -  [ 0.73264212  1.64306931  0.89254336]  +/-  0.01279932384
---continuum point is: yp =  0.685341613047  +/-  0.00409774395474
Saving  ./plots/linear/B5_SUSY_MOM_qg .pdf
---Doing Global Fitting---
Scheme -  MOM   Basis -  SUSY   Kinematics -  qg   Fit type -  chiral
---Fitting Results---
chisq -  8.72545495674  +/-  5.96321080509
chisq/dof -  1.24649356525 +/- 0.85188725787
parameters: 
p0 -  [ 0.99554849  6.16833446  0.06267901]  +/-  0.015479138013
p1 -  [-18.43514799 -73.26709609   0.79386069]  +/-  0.133141478227
p2 -  [ 1.54824237  3.13991795  5.04732488]  +/-  0.0428035210233
---continuum point is: yp =  0.9869442134  +/-  0.0142745838718
Saving  ./plots/chiral/R1_SUSY_MOM_qg .pdf
---Fitting Results---
chisq -  4.24605806244  +/-  5.41318926487
chisq/dof -  0.606579723206 +/- 0.773312752124
parameters: 
p0 -  [ 0.99554849  6.16833446  0.06267901]  +/-  0.299619794576
p1 -  [-18.43514799 -73.26709609   0.79386069]  +/-  2.31889432588
p2 -  [ 1.54824237  3.13991795  5.04732488]  +/-  0.825130521272
---continuum point is: yp =  -17.3148253681  +/-  0.2714922937
Saving  ./plots/chiral/R2_SUSY_MOM_qg .pdf
---Fitting Results---
chisq -  4.55136948353  +/-  5.69202040086
chisq/dof -  0.650195640504 +/- 0.813145771551
parameters: 
p0 -  [ 0.99554849  6.16833446  0.06267901]  +/-  0.0515586337233
p1 -  [-18.43514799 -73.26709609   0.79386069]  +/-  0.44171326931
p2 -  [ 1.54824237  3.13991795  5.04732488]  +/-  0.141736940147
---continuum point is: yp =  1.43215935815  +/-  0.046226331756
Saving  ./plots/chiral/R3_SUSY_MOM_qg .pdf
---Fitting Results---
chisq -  1.15385483025  +/-  4.13640166563
chisq/dof -  0.164836404322 +/- 0.590914523661
parameters: 
p0 -  [ 0.99554849  6.16833446  0.06267901]  +/-  0.543998099784
p1 -  [-18.43514799 -73.26709609   0.79386069]  +/-  4.80648371968
p2 -  [ 1.54824237  3.13991795  5.04732488]  +/-  1.51604738281
---continuum point is: yp =  33.9915057224  +/-  0.501798769272
Saving  ./plots/chiral/R4_SUSY_MOM_qg .pdf
---Fitting Results---
chisq -  1.22339076704  +/-  4.07718531707
chisq/dof -  0.174770109577 +/- 0.582455045296
parameters: 
p0 -  [ 0.99554849  6.16833446  0.06267901]  +/-  0.237657849426
p1 -  [-18.43514799 -73.26709609   0.79386069]  +/-  2.04305101146
p2 -  [ 1.54824237  3.13991795  5.04732488]  +/-  0.665917699095
---continuum point is: yp =  16.7312719906  +/-  0.219774318367
Saving  ./plots/chiral/R5_SUSY_MOM_qg .pdf
---Doing Global Fitting---
Scheme -  MOM   Basis -  SUSY   Kinematics -  qg   Fit type -  chiral
---Fitting Results---
chisq -  23.871574706  +/-  10.7904673917
chisq/dof -  3.410224958 +/- 1.54149534168
parameters: 
p0 -  [ 0.46938089 -0.1685916   0.06642427]  +/-  0.00459760528975
p1 -  [ 0.50338527  1.73630291  0.31263046]  +/-  0.072719982406
p2 -  [ 0.74073978  2.67848237  0.88401707]  +/-  0.0133937954278
---continuum point is: yp =  0.476578549711  +/-  0.00419826457813
Saving  ./plots/chiral/B1_SUSY_MOM_qg .pdf
---Fitting Results---
chisq -  14.453028073  +/-  8.18299720159
chisq/dof -  2.06471829614 +/- 1.16899960023
parameters: 
p0 -  [ 0.46938089 -0.1685916   0.06642427]  +/-  0.00422244296569
p1 -  [ 0.50338527  1.73630291  0.31263046]  +/-  0.0572848544793
p2 -  [ 0.74073978  2.67848237  0.88401707]  +/-  0.0120334805506
---continuum point is: yp =  0.507020157363  +/-  0.00378411269531
Saving  ./plots/chiral/B2_SUSY_MOM_qg .pdf
---Fitting Results---
chisq -  11.0977633518  +/-  7.3547495052
chisq/dof -  1.58539476454 +/- 1.05067850074
parameters: 
p0 -  [ 0.46938089 -0.1685916   0.06642427]  +/-  0.00730882539471
p1 -  [ 0.50338527  1.73630291  0.31263046]  +/-  0.101351598145
p2 -  [ 0.74073978  2.67848237  0.88401707]  +/-  0.0215107250721
---continuum point is: yp =  0.746989910558  +/-  0.00657697266109
Saving  ./plots/chiral/B3_SUSY_MOM_qg .pdf
---Fitting Results---
chisq -  17.0588139514  +/-  8.97746528187
chisq/dof -  2.43697342163 +/- 1.28249504027
parameters: 
p0 -  [ 0.46938089 -0.1685916   0.06642427]  +/-  0.00646812937125
p1 -  [ 0.50338527  1.73630291  0.31263046]  +/-  0.102975273311
p2 -  [ 0.74073978  2.67848237  0.88401707]  +/-  0.0182149417849
---continuum point is: yp =  0.898494399025  +/-  0.00588687928962
Saving  ./plots/chiral/B4_SUSY_MOM_qg .pdf
---Fitting Results---
chisq -  34.1022335034  +/-  12.4415540091
chisq/dof -  4.87174764335 +/- 1.77736485844
parameters: 
p0 -  [ 0.46938089 -0.1685916   0.06642427]  +/-  0.00450531109803
p1 -  [ 0.50338527  1.73630291  0.31263046]  +/-  0.0733207906621
p2 -  [ 0.74073978  2.67848237  0.88401707]  +/-  0.0127738853723
---continuum point is: yp =  0.682784801206  +/-  0.00409571790423
Saving  ./plots/chiral/B5_SUSY_MOM_qg .pdf
Unrenormalised bag is -  [[[ 1.531126  1.555054  1.576716]
  [ 1.531749  1.557738  1.581581]
  [ 1.663088  1.684956  1.705877]]

 [[ 1.184277  1.202825  1.220224]
  [ 1.210167  1.229645  1.247883]
  [ 1.275432  1.293366  1.310283]]

 [[-1.791854 -1.808926 -1.824416]
  [-1.815853 -1.834158 -1.850662]
  [-1.894977 -1.91044  -1.924432]]

 [[ 0.945944  0.956414  0.966305]
  [ 0.994842  1.004192  1.013316]
  [ 1.041879  1.052129  1.062121]]

 [[ 0.489873  0.496292  0.502361]
  [ 0.51433   0.519895  0.525289]
  [ 0.53788   0.544059  0.550109]]]
Unrenormalised bare ratios is -  [[[-21.405902 -19.100821 -17.262492]
  [-19.30101  -17.41366  -15.874819]
  [-15.975797 -14.713062 -13.643834]]

 [[ 32.418288  28.748994  25.826351]
  [ 29.078955  26.08066   23.639256]
  [ 23.80472   21.798031  20.101117]]

 [[-17.271899 -15.32659  -13.781837]
  [-15.836434 -14.211968 -12.894903]
  [-13.194012 -12.093694 -11.168005]]

 [[ -8.894053  -7.905535  -7.12046 ]
  [ -8.169151  -7.343547  -6.673944]
  [ -6.838131  -6.277431  -5.805662]]]
ZA -  0.71273    ZP -  0.6563
Renormalised B is- 
[ 0.49052684  0.58289959  0.89509241  0.60159134  0.32221103]
-----Interpolating non-physical mass data-----
Interpolate dR/dms to the near physical point data
24  - dy/dms =  [ 1.46110127  1.59720709  1.37092287]
-----Interpolating non-physical mass data-----
Interpolate dR/dms to the near physical point data
24  - dy/dms =  [ 17.09057659  15.81708077  13.5778284 ]
Interpolated B is -  [ 0.49391823  0.58805185  0.89876293  0.60454212  0.32434287]
Interpolated B is -  [ 0.49441519  0.60439815  0.91069425  0.6353587   0.33961939]
Unrenormalised bag is -  [[[ 1.494694  1.530186]
  [ 1.529767  1.566636]
  [ 1.537462  1.572029]]

 [[ 1.202869  1.22968 ]
  [ 1.216509  1.24246 ]
  [ 1.222191  1.247478]]

 [[-1.837128 -1.865461]
  [-1.848958 -1.874886]
  [-1.849507 -1.874272]]

 [[ 0.907511  0.923437]
  [ 0.920516  0.935717]
  [ 0.930001  0.944626]]

 [[ 0.458776  0.467692]
  [ 0.466467  0.475225]
  [ 0.471236  0.479835]]]
Unrenormalised bare ratios is -  [[[-25.114861 -21.519755]
  [-23.302703 -20.130616]
  [-22.065049 -19.249098]]

 [[ 38.267258  32.541059]
  [ 35.416393  30.371114]
  [ 33.397685  28.932602]]

 [[-18.94673  -16.10451 ]
  [-17.547552 -15.095561]
  [-16.7623   -14.52635 ]]

 [[ -9.579905  -8.161821]
  [ -8.886963  -7.662326]
  [ -8.497334  -7.384645]]]
ZA -  0.74404    ZP -  0.6585
Renormalised B is- 
[ 0.49385773  0.64619966  0.91783336  0.58357361  0.34688539]
-----Interpolating non-physical mass data-----
Interpolate dR/dms to the near physical point data
32  - dy/dms =  [ 2.34536282  2.43635698  2.28423748]
-----Interpolating non-physical mass data-----
Interpolate dR/dms to the near physical point data
32  - dy/dms =  [ 24.36942361  23.51415934  22.14250538]
Interpolated B is -  [ 0.49261469  0.64435235  0.91635671  0.58248963  0.34611282]
Interpolated B is -  [ 0.50415484  0.65385928  0.92223623  0.59088298  0.35263289]
Interpolated B is -  [ 0.50677795  0.65889452  0.92242772  0.59702225  0.35622624]
ZA -  0.71273    ZP -  0.6563
Renormalised B is- 
[ 0.49895169  0.60131116  0.93244506  0.6113148   0.32418041]
Interpolating physical pt data to true strange physical point
uninterpolated value is  [[ 0.49895169]]
interpolated physical value is [ 0.49832461]
Interpolating physical pt data to true strange physical point
uninterpolated value is  [[ 1.01619427]]
interpolated physical value is [ 1.0089828]
Interpolated B is -  [ 0.49832461  0.60038577  0.93176305  0.61082078  0.32382819]
ZA -  0.74404    ZP -  0.6585
Renormalised B is- 
[ 0.49446713  0.65012732  0.92486085  0.56612418  0.33627356]
Interpolating physical pt data to true strange physical point
uninterpolated value is  [[ 0.49446713]]
interpolated physical value is [ 0.48710846]
Interpolating physical pt data to true strange physical point
uninterpolated value is  [[ 1.06323312]]
interpolated physical value is [ 0.98379219]
Interpolated B is -  [ 0.48710846  0.63932746  0.91560558  0.55953469  0.33185424]
---Doing Global Fitting---
Scheme -  MOM   Basis -  Lattice   Kinematics -  qg   Fit type -  linear
---Fitting Results---
chisq -  17.1764573849  +/-  8.31963291578
chisq/dof -  2.45377962641 +/- 1.18851898797
parameters: 
p0 -  [ 0.96586702  1.90717532  0.08840919]  +/-  0.01539963484
p1 -  [ -34.09305135  117.85817828   28.92173577]  +/-  0.176379951862
p2 -  [  34.82911672 -146.62031825  -10.80702861]  +/-  0.0435303552756
---continuum point is: yp =  0.979787990432  +/-  0.0145205059964
Saving  ./plots/linear/R1_Lattice_MOM_qg .pdf
---Fitting Results---
chisq -  5.28842474897  +/-  6.32094273022
chisq/dof -  0.755489249853 +/- 0.902991818602
parameters: 
p0 -  [ 0.96586702  1.90717532  0.08840919]  +/-  0.474478102984
p1 -  [ -34.09305135  117.85817828   28.92173577]  +/-  5.34645078752
p2 -  [  34.82911672 -146.62031825  -10.80702861]  +/-  1.36032941522
---continuum point is: yp =  -33.2327738442  +/-  0.448812152214
Saving  ./plots/linear/R2_Lattice_MOM_qg .pdf
---Fitting Results---
chisq -  2.70930263302  +/-  5.04641661507
chisq/dof -  0.387043233288 +/- 0.720916659296
parameters: 
p0 -  [ 0.96586702  1.90717532  0.08840919]  +/-  0.543082564188
p1 -  [ -34.09305135  117.85817828   28.92173577]  +/-  6.29808012661
p2 -  [  34.82911672 -146.62031825  -10.80702861]  +/-  1.54828690644
---continuum point is: yp =  33.758896865  +/-  0.512354104494
Saving  ./plots/linear/R3_Lattice_MOM_qg .pdf
---Fitting Results---
chisq -  2.39439893314  +/-  4.59023408253
chisq/dof -  0.342056990448 +/- 0.655747726076
parameters: 
p0 -  [ 0.96586702  1.90717532  0.08840919]  +/-  0.296859313375
p1 -  [ -34.09305135  117.85817828   28.92173577]  +/-  3.45936845564
p2 -  [  34.82911672 -146.62031825  -10.80702861]  +/-  0.848349778948
---continuum point is: yp =  -17.101702323  +/-  0.279353368437
Saving  ./plots/linear/R4_Lattice_MOM_qg .pdf
---Fitting Results---
chisq -  5.06105384797  +/-  5.87862807487
chisq/dof -  0.723007692567 +/- 0.839804010695
parameters: 
p0 -  [ 0.96586702  1.90717532  0.08840919]  +/-  0.211703760503
p1 -  [ -34.09305135  117.85817828   28.92173577]  +/-  2.37334249874
p2 -  [  34.82911672 -146.62031825  -10.80702861]  +/-  0.608344687595
---continuum point is: yp =  -14.2738289639  +/-  0.199973163604
Saving  ./plots/linear/R5_Lattice_MOM_qg .pdf
---Doing Global Fitting---
Scheme -  MOM   Basis -  Lattice   Kinematics -  qg   Fit type -  linear
---Fitting Results---
chisq -  21.2447721085  +/-  10.2667461774
chisq/dof -  3.03496744407 +/- 1.46667802535
parameters: 
p0 -  [ 0.47447006  0.48562838  0.06119535]  +/-  0.00465553176696
p1 -  [ 0.68198793  0.45945584 -0.25304721]  +/-  0.0670457861654
p2 -  [ 0.90118304  0.11104671  0.08876966]  +/-  0.0134615300036
---continuum point is: yp =  0.478014791401  +/-  0.00421964438768
Saving  ./plots/linear/B1_Lattice_MOM_qg .pdf
---Fitting Results---
chisq -  26.4594067786  +/-  11.0126115303
chisq/dof -  3.77991525409 +/- 1.57323021862
parameters: 
p0 -  [ 0.47447006  0.48562838  0.06119535]  +/-  0.00454004721036
p1 -  [ 0.68198793  0.45945584 -0.25304721]  +/-  0.067344849203
p2 -  [ 0.90118304  0.11104671  0.08876966]  +/-  0.01279932384
---continuum point is: yp =  0.685341613047  +/-  0.00409774395474
Saving  ./plots/linear/B2_Lattice_MOM_qg .pdf
---Fitting Results---
chisq -  13.9449086334  +/-  8.11273786397
chisq/dof -  1.99212980477 +/- 1.158962552
parameters: 
p0 -  [ 0.47447006  0.48562838  0.06119535]  +/-  0.00653731988377
p1 -  [ 0.68198793  0.45945584 -0.25304721]  +/-  0.0942779536904
p2 -  [ 0.90118304  0.11104671  0.08876966]  +/-  0.0182903072709
---continuum point is: yp =  0.901993600321  +/-  0.00590750722781
Saving  ./plots/linear/B3_Lattice_MOM_qg .pdf
---Fitting Results---
chisq -  11.9416413485  +/-  7.34239722409
chisq/dof -  1.70594876407 +/- 1.04891388916
parameters: 
p0 -  [ 0.47447006  0.48562838  0.06119535]  +/-  0.00416111164491
p1 -  [ 0.68198793  0.45945584 -0.25304721]  +/-  0.0621866941604
p2 -  [ 0.90118304  0.11104671  0.08876966]  +/-  0.0119526698854
---continuum point is: yp =  0.505062591678  +/-  0.00375780685777
Saving  ./plots/linear/B4_Lattice_MOM_qg .pdf
---Fitting Results---
chisq -  20.5256306529  +/-  9.08257994041
chisq/dof -  2.93223295041 +/- 1.29751142006
parameters: 
p0 -  [ 0.47447006  0.48562838  0.06119535]  +/-  0.00247002240861
p1 -  [ 0.68198793  0.45945584 -0.25304721]  +/-  0.036797818053
p2 -  [ 0.90118304  0.11104671  0.08876966]  +/-  0.00699270162333
---continuum point is: yp =  0.344788833988  +/-  0.00223145784469
Saving  ./plots/linear/B5_Lattice_MOM_qg .pdf
---Doing Global Fitting---
Scheme -  MOM   Basis -  Lattice   Kinematics -  qg   Fit type -  chiral
---Fitting Results---
chisq -  8.72545495674  +/-  5.96321080509
chisq/dof -  1.24649356525 +/- 0.85188725787
parameters: 
p0 -  [ 0.99554849  6.16833446  0.06267901]  +/-  0.015479138013
p1 -  [-35.12294254 -31.73146952  29.72916623]  +/-  0.133141478227
p2 -  [ 35.88023921   6.03837306 -11.61931611]  +/-  0.0428035210233
---continuum point is: yp =  0.9869442134  +/-  0.0142745838718
Saving  ./plots/chiral/R1_Lattice_MOM_qg .pdf
---Fitting Results---
chisq -  1.22339076704  +/-  4.07718531707
chisq/dof -  0.174770109577 +/- 0.582455045296
parameters: 
p0 -  [ 0.99554849  6.16833446  0.06267901]  +/-  0.475315697501
p1 -  [-35.12294254 -31.73146952  29.72916623]  +/-  4.08610206927
p2 -  [ 35.88023921   6.03837306 -11.61931611]  +/-  1.33183539232
---continuum point is: yp =  -33.4625439699  +/-  0.439548635196
Saving  ./plots/chiral/R2_Lattice_MOM_qg .pdf
---Fitting Results---
chisq -  1.15385483025  +/-  4.13640166563
chisq/dof -  0.164836404322 +/- 0.590914523661
parameters: 
p0 -  [ 0.99554849  6.16833446  0.06267901]  +/-  0.543998099784
p1 -  [-35.12294254 -31.73146952  29.72916623]  +/-  4.80648371968
p2 -  [ 35.88023921   6.03837306 -11.61931611]  +/-  1.51604738281
---continuum point is: yp =  33.9915057224  +/-  0.501798769272
Saving  ./plots/chiral/R3_Lattice_MOM_qg .pdf
---Fitting Results---
chisq -  4.24605806244  +/-  5.41318926487
chisq/dof -  0.606579723206 +/- 0.773312752124
parameters: 
p0 -  [ 0.99554849  6.16833446  0.06267901]  +/-  0.299619794576
p1 -  [-35.12294254 -31.73146952  29.72916623]  +/-  2.31889432588
p2 -  [ 35.88023921   6.03837306 -11.61931611]  +/-  0.825130521272
---continuum point is: yp =  -17.3148253681  +/-  0.2714922937
Saving  ./plots/chiral/R4_Lattice_MOM_qg .pdf
---Fitting Results---
chisq -  4.04638504382  +/-  5.30947732045
chisq/dof -  0.57805500626 +/- 0.758496760064
parameters: 
p0 -  [ 0.99554849  6.16833446  0.06267901]  +/-  0.213042924562
p1 -  [-35.12294254 -31.73146952  29.72916623]  +/-  1.61742744566
p2 -  [ 35.88023921   6.03837306 -11.61931611]  +/-  0.589680140424
---continuum point is: yp =  -14.4507017625  +/-  0.193744596559
Saving  ./plots/chiral/R5_Lattice_MOM_qg .pdf
---Doing Global Fitting---
Scheme -  MOM   Basis -  Lattice   Kinematics -  qg   Fit type -  chiral
---Fitting Results---
chisq -  23.871574706  +/-  10.7904673917
chisq/dof -  3.410224958 +/- 1.54149534168
parameters: 
p0 -  [ 0.46938089 -0.1685916   0.06642427]  +/-  0.00459760528975
p1 -  [ 0.67415308 -0.47586342 -0.2440205 ]  +/-  0.072719982406
p2 -  [ 0.89068923 -1.12177846  0.10106332]  +/-  0.0133937954278
---continuum point is: yp =  0.476578549711  +/-  0.00419826457813
Saving  ./plots/chiral/B1_Lattice_MOM_qg .pdf
---Fitting Results---
chisq -  34.1022335034  +/-  12.4415540091
chisq/dof -  4.87174764335 +/- 1.77736485844
parameters: 
p0 -  [ 0.46938089 -0.1685916   0.06642427]  +/-  0.00450531109803
p1 -  [ 0.67415308 -0.47586342 -0.2440205 ]  +/-  0.0733207906621
p2 -  [ 0.89068923 -1.12177846  0.10106332]  +/-  0.0127738853723
---continuum point is: yp =  0.682784801206  +/-  0.00409571790423
Saving  ./plots/chiral/B2_Lattice_MOM_qg .pdf
---Fitting Results---
chisq -  17.0588139514  +/-  8.97746528187
chisq/dof -  2.43697342163 +/- 1.28249504027
parameters: 
p0 -  [ 0.46938089 -0.1685916   0.06642427]  +/-  0.00646812937125
p1 -  [ 0.67415308 -0.47586342 -0.2440205 ]  +/-  0.102975273311
p2 -  [ 0.89068923 -1.12177846  0.10106332]  +/-  0.0182149417849
---continuum point is: yp =  0.898494399025  +/-  0.00588687928962
Saving  ./plots/chiral/B3_Lattice_MOM_qg .pdf
---Fitting Results---
chisq -  14.453028073  +/-  8.18299720159
chisq/dof -  2.06471829614 +/- 1.16899960023
parameters: 
p0 -  [ 0.46938089 -0.1685916   0.06642427]  +/-  0.00422244296569
p1 -  [ 0.67415308 -0.47586342 -0.2440205 ]  +/-  0.0572848544793
p2 -  [ 0.89068923 -1.12177846  0.10106332]  +/-  0.0120334805506
---continuum point is: yp =  0.507020157363  +/-  0.00378411269531
Saving  ./plots/chiral/B4_Lattice_MOM_qg .pdf
---Fitting Results---
chisq -  21.7396473031  +/-  9.55387757084
chisq/dof -  3.10566390044 +/- 1.36483965298
parameters: 
p0 -  [ 0.46938089 -0.1685916   0.06642427]  +/-  0.00250542837048
p1 -  [ 0.67415308 -0.47586342 -0.2440205 ]  +/-  0.0339811363141
p2 -  [ 0.89068923 -1.12177846  0.10106332]  +/-  0.00704616321569
---continuum point is: yp =  0.346014469536  +/-  0.00224618061878
