----------------------setting up as----------------------------
----------------------setting up as----------------------------
----------------------setting up as----------------------------
----------------------setting up as----------------------------
24 ms SUSY gg
Unrenormalised bag is -  [ 1.531126  1.184277 -1.791854  0.945944  0.489873]
Unrenormalised bare ratios is -  [[-21.395342 -21.323851 -21.438699 ..., -21.42395  -21.301824 -21.405902]
 [ 32.387562  32.279551  32.458398 ...,  32.469014  32.271109  32.418288]
 [-17.220644 -17.180836 -17.23766  ..., -17.379827 -17.277187 -17.271899]
 [ -8.862963  -8.846121  -8.872476 ...,  -8.945566  -8.890274  -8.894053]]
-----Interpolating non-physical mass data-----
Interpolate dR/dms to the near physical point data
24  - dy/dms =  [[ 4.5606682 ]
 [ 4.98550768]
 [ 4.27918617]]
Interpolated dy/dms =  [ 5.07856611]
-----Interpolating non-physical mass data-----
Interpolate dR/dms to the near physical point data
24  - dy/dms =  [[ 17.09057659]
 [ 15.81708077]
 [ 13.5778284 ]]
Interpolated dy/dms =  [ 18.01326238]
(5, 3, 1, 501) (5, 3, 1, 501) (501,) (1, 3, 4, 1, 501)
0
[[ 0.0246375 ]
 [ 0.02466229]
 [ 0.02673284]]
1
[[-0.35709943]
 [-0.36497489]
 [-0.38431579]] [[-0.52688106]
 [-0.49131191]
 [-0.48867883]]
2
[[-0.10776661]
 [-0.10923611]
 [-0.11389989]] [[ 0.79603123]
 [ 0.73796989]
 [ 0.72598045]]
3
[[ 0.34158871]
 [ 0.35898657]
 [ 0.37603306]] [[-0.42622404]
 [-0.40422628]
 [-0.40337045]]
4
[[ 0.]
 [ 0.]
 [ 0.]] [[-0.21947499]
 [-0.20870118]
 [-0.20926489]]
Interpolated B is -  [[ 1.54171186]
 [ 1.19251946]
 [-1.79941181]
 [ 0.95060169]
 [ 0.4927287 ]]
Interpolated B is -  [[ 1.54326306]
 [ 1.21881925]
 [-1.82394839]
 [ 0.99901791]
 [ 0.51681328]]
32 ms SUSY gg
Unrenormalised bag is -  [ 1.494694  1.202869 -1.837128  0.907511  0.458776]
Unrenormalised bare ratios is -  [[-25.125635 -25.043168 -25.038251 ..., -25.028875 -24.923587 -25.114861]
 [ 38.287211  38.137487  38.10305  ...,  38.172154  37.97357   38.267258]
 [-19.01485  -18.905824 -18.819727 ..., -18.964935 -18.867802 -18.94673 ]
 [ -9.598064  -9.555677  -9.515797 ...,  -9.573961  -9.53175   -9.579905]]
-----Interpolating non-physical mass data-----
Interpolate dR/dms to the near physical point data
32  - dy/dms =  [[ 7.0984]
 [ 7.3738]
 [ 6.9134]]
Interpolated dy/dms =  [ 7.71463116]
-----Interpolating non-physical mass data-----
Interpolate dR/dms to the near physical point data
32  - dy/dms =  [[ 24.36942361]
 [ 23.51415934]
 [ 22.14250538]]
Interpolated dy/dms =  [ 26.47174774]
(5, 3, 1, 501) (5, 3, 1, 501) (501,) (1, 3, 3, 1, 501)
0
[[ 0.023826  ]
 [ 0.02438416]
 [ 0.02451103]]
1
[[-0.35934757]
 [-0.36345935]
 [-0.3651819 ]] [[-0.59983073]
 [-0.61306999]
 [-0.5932178 ]]
2
[[-0.10984557]
 [-0.11056933]
 [-0.11060959]] [[ 0.91460873]
 [ 0.93328311]
 [ 0.89822956]]
3
[[ 0.3254979 ]
 [ 0.33019873]
 [ 0.333629  ]] [[-0.4544752 ]
 [-0.46121559]
 [-0.45123072]]
4
[[ 0.]
 [ 0.]
 [ 0.]] [[-0.22953292]
 [-0.23356803]
 [-0.22885421]]
Interpolated B is -  [[ 1.49093185]
 [ 1.20002703]
 [-1.8341247 ]
 [ 0.90582284]
 [ 0.4578309 ]]
Interpolated B is -  [[ 1.52585889]
 [ 1.21375819]
 [-1.84620963]
 [ 0.91890469]
 [ 0.46553865]]
Interpolated B is -  [[ 1.5337979 ]
 [ 1.21951058]
 [-1.84688191]
 [ 0.92845075]
 [ 0.47032451]]
48 ms SUSY gg
Unrenormalised bag is -  [[ 1.55547701  1.55757778  1.55362159 ...,  1.5598041   1.55646184
   1.55742327]
 [ 1.22580799  1.22666295  1.22750156 ...,  1.22727901  1.22685875
   1.22644856]
 [-1.86547726 -1.86677924 -1.8678765  ..., -1.86694583 -1.86659135
  -1.86617962]
 [ 0.96107359  0.96078683  0.96008066 ...,  0.96052682  0.96087227
   0.96112814]
 [ 0.49515669  0.49498506  0.49461602 ...,  0.49480345  0.49504743
   0.49513115]]
Unrenormalised bare ratios is -  [[-23.320056   -23.26213436 -23.333959   ..., -23.25488322 -23.3141627
  -23.28736511]
 [ 35.49050983  35.40023346  35.50647587 ...,  35.37570546  35.4685722
   35.43416867]
 [-18.27854849 -18.21654545 -18.24633115 ..., -18.19446715 -18.25215609
  -18.24681984]
 [ -9.41735237  -9.38455152  -9.39975583 ...,  -9.37283193  -9.40358238
   -9.39991398]]
Interpolating physical pt data to true strange physical point
uninterpolated value is  [[[ 1.55742327]]]
interpolated physical value is [[ 1.55539184]]
Interpolating physical pt data to true strange physical point
uninterpolated value is  [[[ 1.01619427]]]
interpolated physical value is [[ 1.00898897]]
(5, 1, 1, 501) (5, 1, 1, 501) (501,) (1, 1, 2, 1, 501)
0
[[ 0.02485611]]
1
[[-0.36680532]] [[-0.59286141]]
2
[[-0.1116795]] [[ 0.90231891]]
3
[[ 0.34510018]] [[-0.46437713]]
4
[[ 0.]] [[-0.23921971]]
Interpolated B is -  [[ 1.55539184]
 [ 1.22493193]
 [-1.86474643]
 [ 0.96037372]
 [ 0.4946786 ]]
64 ms SUSY gg
Unrenormalised bag is -  [[ 1.50328786  1.50021978  1.49073349 ...,  1.49891112  1.49406376
   1.49402816]
 [ 1.21768767  1.21438758  1.20813651 ...,  1.21401807  1.21248286
   1.21129582]
 [-1.86216181 -1.85639799 -1.84712784 ..., -1.85573146 -1.85395225
  -1.8518476 ]
 [ 0.88388738  0.88146122  0.87764092 ...,  0.88278268  0.87955024
   0.88028528]
 [ 0.44681842  0.44543438  0.44362705 ...,  0.44620933  0.44448511
   0.44490857]]
Unrenormalised bare ratios is -  [[-27.0266202  -26.96227548 -27.00766991 ..., -26.98906211 -27.00836066
  -27.01458487]
 [ 41.32925752  41.21400015  41.29248885 ...,  41.25236288  41.29502243
   41.299702  ]
 [-19.62073739 -19.56596908 -19.61910041 ..., -19.62761957 -19.59831638
  -19.6339144 ]
 [ -9.91863653  -9.88849381  -9.91683959 ...,  -9.92066689  -9.90416295
   -9.92335964]]
Interpolating physical pt data to true strange physical point
uninterpolated value is  [[[ 1.49402816]]]
interpolated physical value is [[ 1.47072997]]
Interpolating physical pt data to true strange physical point
uninterpolated value is  [[[ 1.06323312]]]
interpolated physical value is [[ 0.98328844]]
(5, 1, 1, 501) (5, 1, 1, 501) (501,) (1, 1, 2, 1, 501)
0
[[ 0.02350316]]
1
[[-0.35766992]] [[-0.68966385]]
2
[[-0.10980962]] [[ 1.05913518]]
3
[[ 0.31264627]] [[-0.50248502]]
4
[[ 0.]] [[-0.2536316]]
Interpolated B is -  [[ 1.47072997]
 [ 1.19442459]
 [-1.83352442]
 [ 0.87005826]
 [ 0.43936404]]
do log value is -  0
---Doing Global Fitting---
Scheme -  ms   Basis -  SUSY   Kinematics -  gg   Fit type -  linear
Channel -  1
---Fitting Results---
chisq -  29.3946588757  +/-  10.9172540049
chisq/dof -  4.19923698224 +/- 1.55960771499
parameters: 
p0 -  1.00175204362  +/-  0.626812042008
p1 -  1.45321217045  +/-  0.603568050715
p2 -  0.0144152796143  +/-  0.569762798797
---continuum point is: yp =  1.01235941736  +/-  0.0149463944261
Saving  ./plots/linear/R1_SUSY_ms_gg .pdf
Channel -  2
---Fitting Results---
chisq -  6.35112573443  +/-  6.65657503459
chisq/dof -  0.907303676347 +/- 0.950939290656
parameters: 
p0 -  -34.3935157175  +/-  62.7602397981
p1 -  118.455848821  +/-  62.1015224966
p2 -  29.9460878514  +/-  62.6634116052
---continuum point is: yp =  -33.5288756565  +/-  0.454496429165
Saving  ./plots/linear/R2_SUSY_ms_gg .pdf
Channel -  3
---Fitting Results---
chisq -  6.18190580432  +/-  6.63454120546
chisq/dof -  0.883129400617 +/- 0.94779160078
parameters: 
p0 -  52.9625655908  +/-  100.517452952
p1 -  -191.184298285  +/-  99.4776690404
p2 -  -47.2446538265  +/-  100.236440389
---continuum point is: yp =  51.5670616543  +/-  0.701074869337
Saving  ./plots/linear/R3_SUSY_ms_gg .pdf
Channel -  4
---Fitting Results---
chisq -  3.03752180735  +/-  5.01900192864
chisq/dof -  0.433931686764 +/- 0.717000275521
parameters: 
p0 -  -23.8000513451  +/-  38.0171258126
p1 -  68.6280589181  +/-  37.3590086659
p2 -  14.4770598944  +/-  37.4281523577
---continuum point is: yp =  -23.2991172871  +/-  0.333945123263
Saving  ./plots/linear/R4_SUSY_ms_gg .pdf
Channel -  5
---Fitting Results---
chisq -  2.98139473861  +/-  4.98196314328
chisq/dof -  0.425913534088 +/- 0.711709020469
parameters: 
p0 -  -11.8266495295  +/-  18.9915725704
p1 -  34.1529828345  +/-  18.649333784
p2 -  6.18336035964  +/-  18.6730154073
---continuum point is: yp =  -11.5773580217  +/-  0.167996252137
Saving  ./plots/linear/R5_SUSY_ms_gg .pdf
do log value is -  0
---Doing Global Fitting---
Scheme -  ms   Basis -  SUSY   Kinematics -  gg   Fit type -  linear
Channel -  1
---Fitting Results---
chisq -  17.1718509172  +/-  9.16983975209
chisq/dof -  2.4531215596 +/- 1.30997710744
parameters: 
p0 -  1.4120765803  +/-  0.441340535368
p1 -  1.07087679181  +/-  0.42701360121
p2 -  0.412424646993  +/-  0.426953191092
---continuum point is: yp =  1.41989318863  +/-  0.00965457066178
Saving  ./plots/linear/B1_SUSY_ms_gg .pdf
Channel -  2
---Fitting Results---
chisq -  20.3070581842  +/-  9.70037115823
chisq/dof -  2.90100831203 +/- 1.38576730832
parameters: 
p0 -  1.18456030866  +/-  0.54185416
p1 -  0.236776462135  +/-  0.501271917782
p2 -  0.120466933443  +/-  0.456812334896
---continuum point is: yp =  1.18628860166  +/-  0.00643116009628
Saving  ./plots/linear/B2_SUSY_ms_gg .pdf
Channel -  3
---Fitting Results---
chisq -  12.9470321737  +/-  7.91494996786
chisq/dof -  1.84957602481 +/- 1.13070713827
parameters: 
p0 -  -1.83508633513  +/-  1.02101497701
p1 -  0.201970258907  +/-  0.940726147892
p2 -  -0.0957718497701  +/-  0.867729503727
---continuum point is: yp =  -1.83361210166  +/-  0.0100306130178
Saving  ./plots/linear/B3_SUSY_ms_gg .pdf
Channel -  4
---Fitting Results---
chisq -  6.14365879678  +/-  5.56042476463
chisq/dof -  0.877665542397 +/- 0.794346394947
parameters: 
p0 -  0.776621475078  +/-  0.310404855781
p1 -  1.40167317008  +/-  0.323324236052
p2 -  0.525673009997  +/-  0.344265134316
---continuum point is: yp =  0.786852652241  +/-  0.00481885361657
Saving  ./plots/linear/B4_SUSY_ms_gg .pdf
Channel -  5
---Fitting Results---
chisq -  4.41862217574  +/-  4.84618203069
chisq/dof -  0.631231739391 +/- 0.692311718671
parameters: 
p0 -  0.380677984162  +/-  0.166823679372
p1 -  0.757079358152  +/-  0.166353238659
p2 -  0.328248143566  +/-  0.180997807518
---continuum point is: yp =  0.386204103378  +/-  0.00249267591314
Saving  ./plots/linear/B5_SUSY_ms_gg .pdf
do log value is -  1
---Doing Global Fitting---
Scheme -  ms   Basis -  SUSY   Kinematics -  gg   Fit type -  chiral
Channel -  1
---Fitting Results---
chisq -  18.4127100467  +/-  8.60145268907
chisq/dof -  2.63038714953 +/- 1.22877895558
parameters: 
p0 -  1.03277713989  +/-  2.57619106718
p1 -  5.87184175284  +/-  2.56550307946
p2 -  -0.0129337665662  +/-  2.51989843292
---continuum point is: yp =  1.02000324413  +/-  0.0146763080416
Saving  ./plots/chiral/R1_SUSY_ms_gg .pdf
Channel -  2
---Fitting Results---
chisq -  4.49341398844  +/-  5.90103384532
chisq/dof -  0.641916284063 +/- 0.843004835046
parameters: 
p0 -  -36.1410678109  +/-  68.8140468487
p1 -  -138.216942398  +/-  69.8619923824
p2 -  31.2779328091  +/-  67.7295977648
---continuum point is: yp =  -33.9051833166  +/-  0.438821985942
Saving  ./plots/chiral/R2_SUSY_ms_gg .pdf
Channel -  3
---Fitting Results---
chisq -  5.17244926968  +/-  6.26015358027
chisq/dof -  0.73892132424 +/- 0.894307654324
parameters: 
p0 -  55.6468501317  +/-  102.466213941
p1 -  203.994695086  +/-  104.050530268
p2 -  -49.2727888818  +/-  100.839668227
---continuum point is: yp =  52.1398541785  +/-  0.67686501997
Saving  ./plots/chiral/R3_SUSY_ms_gg .pdf
Channel -  4
---Fitting Results---
chisq -  1.84090003319  +/-  4.26531674187
chisq/dof -  0.262985719027 +/- 0.609330963124
parameters: 
p0 -  -24.536973786  +/-  21.4085970377
p1 -  -35.7171329308  +/-  21.901935253
p2 -  15.1074586889  +/-  20.8426929892
---continuum point is: yp =  -23.4759162347  +/-  0.327789901541
Saving  ./plots/chiral/R4_SUSY_ms_gg .pdf
Channel -  5
---Fitting Results---
chisq -  1.55336371946  +/-  4.06273653339
chisq/dof -  0.221909102779 +/- 0.580390933341
parameters: 
p0 -  -12.1932268673  +/-  10.1240895418
p1 -  -17.6945748524  +/-  10.3813235577
p2 -  6.49720821524  +/-  9.89469581367
---continuum point is: yp =  -11.6655552073  +/-  0.16489369792
Saving  ./plots/chiral/R5_SUSY_ms_gg .pdf
do log value is -  1
---Doing Global Fitting---
Scheme -  ms   Basis -  SUSY   Kinematics -  gg   Fit type -  chiral
Channel -  1
---Fitting Results---
chisq -  20.9726678606  +/-  10.0182695488
chisq/dof -  2.99609540865 +/- 1.43118136411
parameters: 
p0 -  1.39882469591  +/-  1.08441705001
p1 -  -0.903913141039  +/-  1.02681572334
p2 -  0.422804271766  +/-  0.914010731661
---continuum point is: yp =  1.41734425635  +/-  0.00963514120761
Saving  ./plots/chiral/B1_SUSY_ms_gg .pdf
Channel -  2
---Fitting Results---
chisq -  12.8802076062  +/-  7.90069853236
chisq/dof -  1.84002965803 +/- 1.12867121891
parameters: 
p0 -  1.197432921  +/-  0.681605849172
p1 -  1.9125668433  +/-  0.711984261494
p2 -  0.107276311897  +/-  0.749509200955
---continuum point is: yp =  1.18989200031  +/-  0.00644325597767
Saving  ./plots/chiral/B2_SUSY_ms_gg .pdf
Channel -  3
---Fitting Results---
chisq -  9.14291137217  +/-  6.72593746668
chisq/dof -  1.30613019602 +/- 0.960848209525
parameters: 
p0 -  -1.85475132862  +/-  0.925390597352
p1 -  -2.3946167029  +/-  0.961792118788
p2 -  -0.0761521420351  +/-  0.996096740136
---continuum point is: yp =  -1.83892613011  +/-  0.0100818527056
Saving  ./plots/chiral/B3_SUSY_ms_gg .pdf
Channel -  4
---Fitting Results---
chisq -  7.83003329512  +/-  6.19803483633
chisq/dof -  1.11857618502 +/- 0.885433548048
parameters: 
p0 -  0.768609398109  +/-  0.255765902327
p1 -  0.319975638331  +/-  0.235658856628
p2 -  0.53350229706  +/-  0.208738814629
---continuum point is: yp =  0.784746222586  +/-  0.00483440794556
Saving  ./plots/chiral/B4_SUSY_ms_gg .pdf
Channel -  5
---Fitting Results---
chisq -  6.25077337818  +/-  5.62191344019
chisq/dof -  0.892967625455 +/- 0.803130491456
parameters: 
p0 -  0.376714456981  +/-  0.0932792443442
p1 -  0.226561766992  +/-  0.0906375829937
p2 -  0.332202213168  +/-  0.0762188111437
---continuum point is: yp =  0.385132518523  +/-  0.00250301659682
Saving  ./plots/chiral/B5_SUSY_ms_gg .pdf
