----------------------setting up as----------------------------
----------------------setting up as----------------------------
----------------------setting up as----------------------------
----------------------setting up as----------------------------
Reading 2pts...
Done

Reading 3pts...
Done

data/Zms_boot_mu_match_24cubed_qq_block.out
Z matrix is - 
[[ 0.947955  0.        0.        0.        0.      ]
 [ 0.        1.051161  0.287449  0.        0.      ]
 [ 0.        0.069378  1.019458  0.        0.      ]
 [ 0.        0.        0.        0.991513 -0.027976]
 [ 0.        0.        0.       -0.355589  1.239301]]
Renormalised B is- 
[ 0.54428946  0.58297903  1.03051168  0.91703457  0.57543348]
Renormalised B is- 
[ 0.54428946  0.58297903  1.03051168  0.91703457  0.57543348]
Renormalised B is- 
[ 0.54428946  0.58297903  1.03051168  0.91703457  0.57543348]
Renormalised B is- 
[ 0.54428946  0.58297903  1.03051168  0.91703457  0.57543348]
Renormalised B is- 
[ 0.54428946  0.58297903  1.03051168  0.91703457  0.57543348]
Renormalised B is- 
[ 0.54428946  0.58297903  1.03051168  0.91703457  0.57543348]
Renormalised B is- 
[ 0.54428946  0.58297903  1.03051168  0.91703457  0.57543348]
Renormalised B is- 
[ 0.54428946  0.58297903  1.03051168  0.91703457  0.57543348]
Renormalised B is- 
[ 0.54428946  0.58297903  1.03051168  0.91703457  0.57543348]
-----Interpolating non-physical mass data-----
Interpolate dR/dms to the near physical point data
-----Interpolating non-physical mass data-----
Interpolate dR/dms to the near physical point data
(5, 3, 1, 501) (5, 3, 1, 501) (501,) (1, 3, 4, 1, 501)
0
[[ 0.00875821]
 [ 0.00876703]
 [ 0.00950307]]
1
[[ 0.17543004]
 [ 0.18437042]
 [ 0.19312903]] [[-0.15617499]
 [-0.14810887]
 [-0.14778474]]
2
[[-0.06196803]
 [-0.06524523]
 [-0.06842879]] [[ 0.05550594]
 [ 0.05250971]
 [ 0.0521596 ]]
3
[[-0.33087406]
 [-0.33525427]
 [-0.34940332]] [[ 0.29061241]
 [ 0.26934115]
 [ 0.26482613]]
4
[[-0.0695384 ]
 [-0.07148324]
 [-0.07578123]] [[ 0.06094091]
 [ 0.05705981]
 [ 0.05718705]]
Reading 2pts...
Done

Reading 3pts...
Done

data/Zms_boot_mu_match_32cubed_qq_block.out
Z matrix is - 
[[ 0.969986  0.        0.        0.        0.      ]
 [ 0.        1.049078  0.282855  0.        0.      ]
 [ 0.        0.054959  0.928208  0.        0.      ]
 [ 0.        0.        0.        0.912145 -0.012556]
 [ 0.        0.        0.       -0.347973  1.281952]]
Renormalised B is- 
[ 0.5436871   0.56585776  0.94596608  0.94027736  0.6386925 ]
Renormalised B is- 
[ 0.5436871   0.56585776  0.94596608  0.94027736  0.6386925 ]
Renormalised B is- 
[ 0.5436871   0.56585776  0.94596608  0.94027736  0.6386925 ]
Renormalised B is- 
[ 0.5436871   0.56585776  0.94596608  0.94027736  0.6386925 ]
Renormalised B is- 
[ 0.5436871   0.56585776  0.94596608  0.94027736  0.6386925 ]
Renormalised B is- 
[ 0.5436871   0.56585776  0.94596608  0.94027736  0.6386925 ]
-----Interpolating non-physical mass data-----
Interpolate dR/dms to the near physical point data
-----Interpolating non-physical mass data-----
Interpolate dR/dms to the near physical point data
(5, 3, 1, 501) (5, 3, 1, 501) (501,) (1, 3, 3, 1, 501)
0
[[ 0.00866658]
 [ 0.00886961]
 [ 0.00891576]]
1
[[ 0.16913089]
 [ 0.17157063]
 [ 0.17335313]] [[-0.15437447]
 [-0.15666105]
 [-0.15326788]]
2
[[-0.05656067]
 [-0.05723132]
 [-0.05783259]] [[ 0.05166753]
 [ 0.0522807 ]
 [ 0.05106569]]
3
[[-0.33733633]
 [-0.33949304]
 [-0.3395565 ]] [[ 0.30599289]
 [ 0.31222018]
 [ 0.30042795]]
4
[[-0.07628274]
 [-0.07741511]
 [-0.07801749]] [[ 0.06948142]
 [ 0.07109521]
 [ 0.06904932]]
 Reading Physical point Bag data...
Unrenormalised bag is -  [[ 1.55547701  1.55757778  1.55362159 ...,  1.5598041   1.55646184
   1.55742327]
 [ 1.22580799  1.22666295  1.22750156 ...,  1.22727901  1.22685875
   1.22644856]
 [-1.86547726 -1.86677924 -1.8678765  ..., -1.86694583 -1.86659135
  -1.86617962]
 [ 0.96107359  0.96078683  0.96008066 ...,  0.96052682  0.96087227
   0.96112814]
 [ 0.49515669  0.49498506  0.49461602 ...,  0.49480345  0.49504743
   0.49513115]]
Done

 Reading Physical point Mass data...
Done

Done

data/Zms_boot_mu_match_24cubed_qq_block.out
Z matrix is - 
[[ 0.947955  0.        0.        0.        0.      ]
 [ 0.        1.051161  0.287449  0.        0.      ]
 [ 0.        0.069378  1.019458  0.        0.      ]
 [ 0.        0.        0.        0.991513 -0.027976]
 [ 0.        0.        0.       -0.355589  1.239301]]
Renormalised B is- 
[ 0.55363769  0.59238289  1.05225966  0.95532645  0.5935404 ]
Interpolating physical pt data to true strange physical point
Interpolating physical pt data to true strange physical point
(5, 1, 1, 501) (5, 1, 1, 501) (501,) (1, 1, 2, 1, 501)
0
[[ 0.00883593]]
1
[[ 0.1772499]] [[-0.17015383]]
2
[[-0.06297812]] [[ 0.06045107]]
3
[[-0.34303037]] [[ 0.32952926]]
4
[[-0.07098246]] [[ 0.06821665]]
 Reading Physical point Bag data...
Unrenormalised bag is -  [[ 1.50983843  1.4994198   1.49292605 ...,  1.50126416  1.48978841
   1.49653838]
 [ 1.22125555  1.215269    1.20608145 ...,  1.21334216  1.21217694
   1.21093375]
 [-1.86729716 -1.8575678  -1.84388862 ..., -1.85457716 -1.85304505
  -1.851134  ]
 [ 0.88713639  0.882251    0.87701784 ...,  0.88278688  0.87860248
   0.88037091]
 [ 0.44833232  0.44579453  0.44318866 ...,  0.44609351  0.44404573
   0.44488451]]
Done

 Reading Physical point Mass data...
Done

Done

data/Zms_boot_mu_match_32cubed_qq_block.out
Z matrix is - 
[[ 0.969986  0.        0.        0.        0.      ]
 [ 0.        1.049078  0.282855  0.        0.      ]
 [ 0.        0.054959  0.928208  0.        0.      ]
 [ 0.        0.        0.        0.912145 -0.012556]
 [ 0.        0.        0.       -0.347973  1.281952]]
Renormalised B is- 
[ 0.54435798  0.54893666  0.91805756  0.94748076  0.64256364]
Interpolating physical pt data to true strange physical point
Interpolating physical pt data to true strange physical point
(5, 1, 1, 501) (5, 1, 1, 501) (501,) (1, 1, 2, 1, 501)
0
[[ 0.00856374]]
1
[[ 0.16247029]] [[-0.16766918]]
2
[[-0.0543951]] [[ 0.05604497]]
3
[[-0.33715306]] [[ 0.34222093]]
4
[[-0.07567655]] [[ 0.076539]]
do log value is -  0
---Doing Global Fitting---
Scheme -  ms   Basis -  SUSY   Kinematics -  qq   Fit type -  linear
Channel -  1
---Fitting Results---
chisq -  17.2187095862  +/-  8.337031273
chisq/dof -  2.45981565517 +/- 1.19100446757
parameters: 
p0 -  0.965658772976  +/-  0.780623263662
p1 -  1.90876474545  +/-  0.749459878288
p2 -  0.0889939212261  +/-  0.710913574064
---continuum point is: yp =  0.979591343485  +/-  0.0145117322582
