----------------------setting up as----------------------------
----------------------setting up as----------------------------
----------------------setting up as----------------------------
----------------------setting up as----------------------------
Reading 2pts...
Done

Reading 3pts...
Done

-----Interpolating non-physical mass data-----
Interpolate dR/dms to the near physical point data
-----Interpolating non-physical mass data-----
Interpolate dR/dms to the near physical point data
(5, 3, 1, 501) (5, 3, 1, 501) (501,) (1, 3, 4, 1, 501)
0
[[ 0.00850192]
 [ 0.00851048]
 [ 0.00922499]]
1
[[ 0.16511044]
 [ 0.173525  ]
 [ 0.18176847]] [[-0.14699259]
 [-0.1394006 ]
 [-0.13909533]]
2
[[-0.05820299]
 [-0.06128087]
 [-0.06427084]] [[ 0.05213443]
 [ 0.04932042]
 [ 0.04899199]]
3
[[-0.31133096]
 [-0.31546904]
 [-0.32880382]] [[ 0.27345304]
 [ 0.25344713]
 [ 0.24921609]]
4
[[-0.07038494]
 [-0.07234061]
 [-0.0766743 ]] [[ 0.06168627]
 [ 0.05775042]
 [ 0.0578657 ]]
Reading 2pts...
Done

Reading 3pts...
Done

-----Interpolating non-physical mass data-----
Interpolate dR/dms to the near physical point data
-----Interpolating non-physical mass data-----
Interpolate dR/dms to the near physical point data
(5, 3, 1, 501) (5, 3, 1, 501) (501,) (1, 3, 3, 1, 501)
0
[[ 0.00844567]
 [ 0.00864352]
 [ 0.00868849]]
1
[[ 0.16048404]
 [ 0.16279893]
 [ 0.1644903 ]] [[-0.14651161]
 [-0.1486816 ]
 [-0.14546119]]
2
[[-0.05357185]
 [-0.05420741]
 [-0.05477689]] [[ 0.04894705]
 [ 0.04952829]
 [ 0.04837745]]
3
[[-0.31945538]
 [-0.32150754]
 [-0.32157656]] [[ 0.28983609]
 [ 0.2957376 ]
 [ 0.2845776 ]]
4
[[-0.07694287]
 [-0.07807846]
 [-0.07868004]] [[ 0.07009389]
 [ 0.07171988]
 [ 0.06964952]]
 Reading Physical point Bag data...
Done

 Reading Physical point Mass data...
Done

Done

Interpolating physical pt data to true strange physical point
Interpolating physical pt data to true strange physical point
(5, 1, 1, 501) (5, 1, 1, 501) (501,) (1, 1, 2, 1, 501)
0
[[ 0.00857736]]
1
[[ 0.16682356]] [[-0.16014951]]
2
[[-0.05915106]] [[ 0.05677922]]
3
[[-0.32275128]] [[ 0.31005769]]
4
[[-0.07186052]] [[ 0.06906212]]
 Reading Physical point Bag data...
Done

 Reading Physical point Mass data...
Done

Done

Interpolating physical pt data to true strange physical point
Interpolating physical pt data to true strange physical point
(5, 1, 1, 501) (5, 1, 1, 501) (501,) (1, 1, 2, 1, 501)
0
[[ 0.00833123]]
1
[[ 0.15414867]] [[-0.16198947]]
2
[[-0.05150701]] [[ 0.0541498]]
3
[[-0.31939841]] [[ 0.33571753]]
4
[[-0.07635584]] [[ 0.08019755]]
do log value is -  0
---Doing Global Fitting---
Scheme -  ms   Basis -  SUSY   Kinematics -  gg
Doing  R
Channel -  0
---Fitting Results---
parameters: 
p0 -  0.965658776051  +/-  0.7806232357
p1 -  1.90876472131  +/-  0.749459976411
p2 -  0.0889939123344  +/-  0.710913621974


chisq -  17.2187095862  +/-  8.337031273
chisq/dof -  2.45981565517 +/- 1.19100446757
---continuum point is: yp =  0.979591346384  +/-  0.0145117328657
Saving  ./plots/linear/R1_SUSY_ms_gg .eps
Scheme -  ms   Basis -  SUSY   Kinematics -  gg
Doing  R
Channel -  1
---Fitting Results---
parameters: 
p0 -  -19.9571241973  +/-  35.6473561862
p1 -  64.5546860999  +/-  35.0290055606
p2 -  2.89741416769  +/-  35.8381606653


chisq -  5.38728143686  +/-  5.82201224303
chisq/dof -  0.769611633838 +/- 0.831716034719
---continuum point is: yp =  -19.4859227473  +/-  0.308887767972
Saving  ./plots/linear/R2_SUSY_ms_gg .eps
Scheme -  ms   Basis -  SUSY   Kinematics -  gg
Doing  R
Channel -  2
---Fitting Results---
parameters: 
p0 -  6.22289038047  +/-  12.1551650333
p1 -  -21.7465797246  +/-  11.9624109011
p2 -  1.50941790659  +/-  12.4335087512


chisq -  4.7642046287  +/-  5.54361137337
chisq/dof -  0.680600661242 +/- 0.79194448191
---continuum point is: yp =  6.06415643692  +/-  0.105689983465
Saving  ./plots/linear/R3_SUSY_ms_gg .eps
Scheme -  ms   Basis -  SUSY   Kinematics -  gg
Doing  R
Channel -  3
---Fitting Results---
parameters: 
p0 -  43.905545841  +/-  93.9862544253
p1 -  -179.810937839  +/-  93.0269531704
p2 -  -20.4325988873  +/-  95.3786717578


chisq -  9.14174720843  +/-  7.36992828054
chisq/dof -  1.30596388692 +/- 1.05284689722
---continuum point is: yp =  42.5930590215  +/-  0.629318768572
Saving  ./plots/linear/R4_SUSY_ms_gg .eps
Scheme -  ms   Basis -  SUSY   Kinematics -  gg
Doing  R
Channel -  4
---Fitting Results---
parameters: 
p0 -  11.1431732808  +/-  20.3666067679
p1 -  -38.4606639853  +/-  20.1541415251
p2 -  -8.67657524343  +/-  20.4718470135


chisq -  10.6024300206  +/-  7.87445867474
chisq/dof -  1.51463286008 +/- 1.12492266782
---continuum point is: yp =  10.8624388874  +/-  0.149218554065
Saving  ./plots/linear/R5_SUSY_ms_gg .eps
do log value is -  0
---Doing Global Fitting---
Scheme -  ms   Basis -  SUSY   Kinematics -  gg
Doing  B
Channel -  0
---Fitting Results---
parameters: 
p0 -  0.502022507524  +/-  0.198076631504
p1 -  0.582397854835  +/-  0.210581545027
p2 -  0.091707875147  +/-  0.232324219992


chisq -  22.1112068722  +/-  10.4005521561
chisq/dof -  3.15874383888 +/- 1.48579316516
---continuum point is: yp =  0.506273580998  +/-  0.00351372735796
Saving  ./plots/linear/B1_SUSY_ms_gg .eps
Scheme -  ms   Basis -  SUSY   Kinematics -  gg
Doing  B
Channel -  1
---Fitting Results---
parameters: 
p0 -  0.461443825871  +/-  0.267830024106
p1 -  0.977212996826  +/-  0.272952353997
p2 -  0.267748979445  +/-  0.290746925208


chisq -  13.6077012978  +/-  7.84877677158
chisq/dof -  1.94395732826 +/- 1.12125382451
---continuum point is: yp =  0.468576757791  +/-  0.00285586684258
Saving  ./plots/linear/B2_SUSY_ms_gg .eps
Scheme -  ms   Basis -  SUSY   Kinematics -  gg
Doing  B
Channel -  2
---Fitting Results---
parameters: 
p0 -  0.703833809888  +/-  0.32307998158
p1 -  1.60087132209  +/-  0.344999164364
p2 -  0.819004417852  +/-  0.364240802939


chisq -  9.9710668458  +/-  6.94305817345
chisq/dof -  1.42443812083 +/- 0.99186545335
---continuum point is: yp =  0.715518986191  +/-  0.00528791415488
Saving  ./plots/linear/B3_SUSY_ms_gg .eps
Scheme -  ms   Basis -  SUSY   Kinematics -  gg
Doing  B
Channel -  3
---Fitting Results---
parameters: 
p0 -  0.880703344121  +/-  0.430773194066
p1 -  0.107549586742  +/-  0.393691926263
p2 -  0.0496428955815  +/-  0.366749601861


chisq -  14.4393607855  +/-  8.19463858083
chisq/dof -  2.0627658265 +/- 1.1706626544
---continuum point is: yp =  0.881488376537  +/-  0.00489363253009
Saving  ./plots/linear/B4_SUSY_ms_gg .eps
Scheme -  ms   Basis -  SUSY   Kinematics -  gg
Doing  B
Channel -  4
---Fitting Results---
parameters: 
p0 -  0.678129807478  +/-  0.391196302577
p1 -  0.461059038946  +/-  0.392061313118
p2 -  -0.242871799895  +/-  0.391541588383


chisq -  26.1255879858  +/-  10.9104328593
chisq/dof -  3.73222685511 +/- 1.55863326561
---continuum point is: yp =  0.681495197364  +/-  0.00346489058623
Saving  ./plots/linear/B5_SUSY_ms_gg .eps
do log value is -  1
---Doing Global Fitting---
Scheme -  ms   Basis -  SUSY   Kinematics -  gg
Doing  R
Channel -  0
---Fitting Results---
parameters: 
p0 -  0.995330449936  +/-  2.70014473932
p1 -  6.1690180878  +/-  2.68845429406
p2 -  0.0632782912024  +/-  2.64207169717


chisq -  8.77729594713  +/-  5.99393557275
chisq/dof -  1.25389942102 +/- 0.856276510393
---continuum point is: yp =  0.986742912828  +/-  0.0142671509289
Saving  ./plots/chiral/R1_SUSY_ms_gg .eps
Scheme -  ms   Basis -  SUSY   Kinematics -  gg
Doing  R
Channel -  1
---Fitting Results---
parameters: 
p0 -  -21.0025422969  +/-  36.6051099507
p1 -  -84.2700808545  +/-  37.0169789818
p2 -  3.77612940041  +/-  35.6054691599


chisq -  6.27616054316  +/-  6.12089804188
chisq/dof -  0.896594363308 +/- 0.874414005983
---continuum point is: yp =  -19.7320311785  +/-  0.299572826555
Saving  ./plots/chiral/R2_SUSY_ms_gg .eps
Scheme -  ms   Basis -  SUSY   Kinematics -  gg
Doing  R
Channel -  2
---Fitting Results---
parameters: 
p0 -  6.5489258637  +/-  9.92101635196
p1 -  24.6406285914  +/-  9.98496384685
p2 -  1.23589369156  +/-  9.44021746389


chisq -  6.77483467953  +/-  6.32976614168
chisq/dof -  0.967833525648 +/- 0.904252305955
---continuum point is: yp =  6.14081788061  +/-  0.102863367735
Saving  ./plots/chiral/R3_SUSY_ms_gg .eps
Scheme -  ms   Basis -  SUSY   Kinematics -  gg
Doing  R
Channel -  3
---Fitting Results---
parameters: 
p0 -  45.2380078587  +/-  26.8562223908
p1 -  12.6449885734  +/-  26.9389433228
p2 -  -21.4784112453  +/-  26.3307811537


chisq -  6.26149706105  +/-  6.34747414472
chisq/dof -  0.894499580151 +/- 0.906782020675
---continuum point is: yp =  42.8934102535  +/-  0.615637920665
Saving  ./plots/chiral/R4_SUSY_ms_gg .eps
Scheme -  ms   Basis -  SUSY   Kinematics -  gg
Doing  R
Channel -  4
---Fitting Results---
parameters: 
p0 -  11.4819230352  +/-  9.25011637345
p1 -  10.4242075814  +/-  9.42958553314
p2 -  -8.94615766627  +/-  8.97614095031


chisq -  5.85647233489  +/-  6.12462202755
chisq/dof -  0.836638904984 +/- 0.874946003936
---continuum point is: yp =  10.939499834  +/-  0.146034570127
Saving  ./plots/chiral/R5_SUSY_ms_gg .eps
do log value is -  1
---Doing Global Fitting---
Scheme -  ms   Basis -  SUSY   Kinematics -  gg
Doing  B
Channel -  0
---Fitting Results---
parameters: 
p0 -  0.497245681596  +/-  0.311607194015
p1 -  -0.118717681199  +/-  0.270422640107
p2 -  0.0955724348849  +/-  0.233502840784


chisq -  24.2255525288  +/-  10.8182247097
chisq/dof -  3.46079321841 +/- 1.54546067281
---continuum point is: yp =  0.505307731186  +/-  0.00350760399293
Saving  ./plots/chiral/B1_SUSY_ms_gg .eps
Scheme -  ms   Basis -  SUSY   Kinematics -  gg
Doing  B
Channel -  1
---Fitting Results---
parameters: 
p0 -  0.466284779512  +/-  0.574351133022
p1 -  1.63369838382  +/-  0.578997791771
p2 -  0.263058663184  +/-  0.596524389026


chisq -  16.6864045575  +/-  8.82057506523
chisq/dof -  2.38377207964 +/- 1.26008215218
---continuum point is: yp =  0.469836905776  +/-  0.00285573113216
Saving  ./plots/chiral/B2_SUSY_ms_gg .eps
Scheme -  ms   Basis -  SUSY   Kinematics -  gg
Doing  B
Channel -  2
---Fitting Results---
parameters: 
p0 -  0.710830996707  +/-  0.802147556594
p1 -  2.60487287562  +/-  0.820983727972
p2 -  0.8129380929  +/-  0.836421936752


chisq -  12.3676399512  +/-  7.75296522547
chisq/dof -  1.76680570732 +/- 1.10756646078
---continuum point is: yp =  0.717080878179  +/-  0.00528462902444
Saving  ./plots/chiral/B3_SUSY_ms_gg .eps
Scheme -  ms   Basis -  SUSY   Kinematics -  gg
Doing  B
Channel -  3
---Fitting Results---
parameters: 
p0 -  0.871369339184  +/-  0.89769013698
p1 -  -1.11098921888  +/-  0.840118179137
p2 -  0.0591212914033  +/-  0.801454257777


chisq -  17.6634361667  +/-  9.09041400056
chisq/dof -  2.52334802381 +/- 1.29863057151
---continuum point is: yp =  0.878906348211  +/-  0.00488738528598
Saving  ./plots/chiral/B4_SUSY_ms_gg .eps
Scheme -  ms   Basis -  SUSY   Kinematics -  gg
Doing  B
Channel -  4
---Fitting Results---
parameters: 
p0 -  0.671050122128  +/-  0.55710168864
p1 -  -0.479543148484  +/-  0.514504156072
p2 -  -0.235853736816  +/-  0.475804592228


chisq -  33.7896328412  +/-  12.3575748819
chisq/dof -  4.82709040588 +/- 1.76536784027
---continuum point is: yp =  0.679599265339  +/-  0.00347760590419
Saving  ./plots/chiral/B5_SUSY_ms_gg .eps
