----------------------setting up as----------------------------
----------------------setting up as----------------------------
----------------------setting up as----------------------------
----------------------setting up as----------------------------
24 MOM SUSY qq
Unrenormalised bag is -  [ 1.531126  1.184277 -1.791854  0.945944  0.489873]
Unrenormalised bare ratios is -  [[-21.395342 -21.323851 -21.438699 ..., -21.42395  -21.301824 -21.405902]
 [ 32.387562  32.279551  32.458398 ...,  32.469014  32.271109  32.418288]
 [-17.220644 -17.180836 -17.23766  ..., -17.379827 -17.277187 -17.271899]
 [ -8.862963  -8.846121  -8.872476 ...,  -8.945566  -8.890274  -8.894053]]
data/ZMOM_boot_mu_match_24cubed_qq_block.out
Z matrix is - 
[[ 0.956451  0.        0.        0.        0.      ]
 [ 0.        1.049965  0.282206  0.        0.      ]
 [ 0.        0.061294  0.98888   0.        0.      ]
 [ 0.        0.        0.        1.027146 -0.040576]
 [ 0.        0.        0.       -0.281005  1.16703 ]]
Renormalised B is- 
[ 0.54916762  0.60034735  1.01850428  0.89326572  0.58172423]
Renormalised R is- 
[  0.99437596 -15.84584034   2.89162839  27.04853923  10.65040118]
-----Interpolating non-physical mass data-----
Interpolate dR/dms to the near physical point data
24  - dy/dms =  [[ 1.63577087]
 [ 1.78814768]
 [ 1.53481196]]
Interpolated dy/dms =  [ 1.82152486]
-----Interpolating non-physical mass data-----
Interpolate dR/dms to the near physical point data
24  - dy/dms =  [[ 17.09057659]
 [ 15.81708077]
 [ 13.5778284 ]]
Interpolated dy/dms =  [ 18.01326238]
(5, 3, 1, 501) (5, 3, 1, 501) (501,) (1, 3, 4, 1, 501)
0
[[ 0.00883671]
 [ 0.0088456 ]
 [ 0.00958825]]
1
[[ 0.18065553]
 [ 0.18986446]
 [ 0.19888565]] [[-0.14104528]
 [-0.1337075 ]
 [-0.13331845]]
2
[[-0.06124787]
 [-0.06448269]
 [-0.06762602]] [[ 0.02574026]
 [ 0.02426148]
 [ 0.0239371 ]]
3
[[-0.32230191]
 [-0.32658056]
 [-0.34037845]] [[ 0.23943385]
 [ 0.22166715]
 [ 0.21749977]]
4
[[-0.07029472]
 [-0.07224874]
 [-0.07657799]] [[ 0.09457776]
 [ 0.08824259]
 [ 0.08786201]]
Interpolated B is -  [[ 0.55296444]
 [ 0.60329202]
 [ 1.02267419]
 [ 0.89692876]
 [ 0.58686612]]
Interpolated B is -  [[ 0.55352081]
 [ 0.63404488]
 [ 1.07668702]
 [ 0.90883575]
 [ 0.60317951]]
32 MOM SUSY qq
Unrenormalised bag is -  [ 1.494694  1.202869 -1.837128  0.907511  0.458776]
Unrenormalised bare ratios is -  [[-25.125635 -25.043168 -25.038251 ..., -25.028875 -24.923587 -25.114861]
 [ 38.287211  38.137487  38.10305  ...,  38.172154  37.97357   38.267258]
 [-19.01485  -18.905824 -18.819727 ..., -18.964935 -18.867802 -18.94673 ]
 [ -9.598064  -9.555677  -9.515797 ...,  -9.573961  -9.53175   -9.579905]]
data/ZMOM_boot_mu_match_32cubed_qq_block.out
Z matrix is - 
[[ 0.97868   0.        0.        0.        0.      ]
 [ 0.        1.047955  0.278064  0.        0.      ]
 [ 0.        0.047297  0.900244  0.        0.      ]
 [ 0.        0.        0.        0.945122 -0.025057]
 [ 0.        0.        0.       -0.278169  1.208091]]
Renormalised B is- 
[ 0.54856017  0.58251078  0.93689605  0.91609418  0.64510371]
Renormalised R is- 
[  1.02231611 -15.92173536   2.16411724  28.69096362  12.80105357]
-----Interpolating non-physical mass data-----
Interpolate dR/dms to the near physical point data
32  - dy/dms =  [[ 2.60514829]
 [ 2.70622147]
 [ 2.53725237]]
Interpolated dy/dms =  [ 2.83130821]
-----Interpolating non-physical mass data-----
Interpolate dR/dms to the near physical point data
32  - dy/dms =  [[ 24.36942361]
 [ 23.51415934]
 [ 22.14250538]]
Interpolated dy/dms =  [ 26.47174774]
(5, 3, 1, 501) (5, 3, 1, 501) (501,) (1, 3, 3, 1, 501)
0
[[ 0.00874426]
 [ 0.00894911]
 [ 0.00899567]]
1
[[ 0.17410859]
 [ 0.1766174 ]
 [ 0.17845245]] [[-0.13713209]
 [-0.1391001 ]
 [-0.13605298]]
2
[[-0.0560179 ]
 [-0.05668764]
 [-0.05728294]] [[ 0.01870813]
 [ 0.01880979]
 [ 0.01830707]]
3
[[-0.32865918]
 [-0.33076791]
 [-0.33083659]] [[ 0.24621738]
 [ 0.25114118]
 [ 0.24137747]]
4
[[-0.07704952]
 [-0.07818627]
 [-0.07878831]] [[ 0.10975076]
 [ 0.11218655]
 [ 0.10859662]]
Interpolated B is -  [[ 0.54717944]
 [ 0.58142877]
 [ 0.93534779]
 [ 0.91462033]
 [ 0.64325961]]
Interpolated B is -  [[ 0.55999784]
 [ 0.58980684]
 [ 0.94653062]
 [ 0.92048868]
 [ 0.65274992]]
Interpolated B is -  [[ 0.5629115 ]
 [ 0.59593492]
 [ 0.95647063]
 [ 0.92067978]
 [ 0.65777617]]
48 MOM SUSY qq
Unrenormalised bag is -  [[ 1.55547701  1.55757778  1.55362159 ...,  1.5598041   1.55646184
   1.55742327]
 [ 1.22580799  1.22666295  1.22750156 ...,  1.22727901  1.22685875
   1.22644856]
 [-1.86547726 -1.86677924 -1.8678765  ..., -1.86694583 -1.86659135
  -1.86617962]
 [ 0.96107359  0.96078683  0.96008066 ...,  0.96052682  0.96087227
   0.96112814]
 [ 0.49515669  0.49498506  0.49461602 ...,  0.49480345  0.49504743
   0.49513115]]
Unrenormalised bare ratios is -  [[-23.320056   -23.26213436 -23.333959   ..., -23.25488322 -23.3141627
  -23.28736511]
 [ 35.49050983  35.40023346  35.50647587 ...,  35.37570546  35.4685722
   35.43416867]
 [-18.27854849 -18.21654545 -18.24633115 ..., -18.19446715 -18.25215609
  -18.24681984]
 [ -9.41735237  -9.38455152  -9.39975583 ...,  -9.37283193  -9.40358238
   -9.39991398]]
data/ZMOM_boot_mu_match_24cubed_qq_block.out
Z matrix is - 
[[ 0.956451  0.        0.        0.        0.      ]
 [ 0.        1.049965  0.282206  0.        0.      ]
 [ 0.        0.061294  0.98888   0.        0.      ]
 [ 0.        0.        0.        1.027146 -0.040576]
 [ 0.        0.        0.       -0.281005  1.16703 ]]
Renormalised B is- 
[ 0.55859964  0.6100507   1.03981437  0.93054213  0.60009864]
Renormalised R is- 
[  1.01619427 -17.10643277   3.11892881  30.24653652  11.83532082]
Interpolating physical pt data to true strange physical point
uninterpolated value is  [[[ 0.55859964]]]
interpolated physical value is [[ 0.55787103]]
Interpolating physical pt data to true strange physical point
uninterpolated value is  [[[ 1.01619427]]]
interpolated physical value is [[ 1.00898897]]
(5, 1, 1, 501) (5, 1, 1, 501) (501,) (1, 1, 2, 1, 501)
0
[[ 0.00891512]]
1
[[ 0.18253652]] [[-0.15366044]]
2
[[-0.06223298]] [[ 0.02801759]]
3
[[-0.33413035]] [[ 0.27186603]]
4
[[-0.07176747]] [[ 0.10634569]]
Interpolated B is -  [[ 0.55787103]
 [ 0.60957352]
 [ 1.03912296]
 [ 0.92984596]
 [ 0.59916158]]
64 MOM SUSY qq
Unrenormalised bag is -  [[ 1.50328786  1.50021978  1.49073349 ...,  1.49891112  1.49406376
   1.49402816]
 [ 1.21768767  1.21438758  1.20813651 ...,  1.21401807  1.21248286
   1.21129582]
 [-1.86216181 -1.85639799 -1.84712784 ..., -1.85573146 -1.85395225
  -1.8518476 ]
 [ 0.88388738  0.88146122  0.87764092 ...,  0.88278268  0.87955024
   0.88028528]
 [ 0.44681842  0.44543438  0.44362705 ...,  0.44620933  0.44448511
   0.44490857]]
Unrenormalised bare ratios is -  [[-27.0266202  -26.96227548 -27.00766991 ..., -26.98906211 -27.00836066
  -27.01458487]
 [ 41.32925752  41.21400015  41.29248885 ...,  41.25236288  41.29502243
   41.299702  ]
 [-19.62073739 -19.56596908 -19.61910041 ..., -19.62761957 -19.59831638
  -19.6339144 ]
 [ -9.91863653  -9.88849381  -9.91683959 ...,  -9.92066689  -9.90416295
   -9.92335964]]
data/ZMOM_boot_mu_match_32cubed_qq_block.out
Z matrix is - 
[[ 0.97868   0.        0.        0.        0.      ]
 [ 0.        1.047955  0.278064  0.        0.      ]
 [ 0.        0.047297  0.900244  0.        0.      ]
 [ 0.        0.        0.        0.945122 -0.025057]
 [ 0.        0.        0.       -0.278169  1.208091]]
Renormalised B is- 
[ 0.5483158   0.565037    0.90900937  0.92346705  0.64918056]
Renormalised R is- 
[  1.06323312 -17.16077615   2.33559671  32.23119628  14.31690375]
Interpolating physical pt data to true strange physical point
uninterpolated value is  [[[ 0.5483158]]]
interpolated physical value is [[ 0.53976525]]
Interpolating physical pt data to true strange physical point
uninterpolated value is  [[[ 1.06323312]]]
interpolated physical value is [[ 0.98328844]]
(5, 1, 1, 501) (5, 1, 1, 501) (501,) (1, 1, 2, 1, 501)
0
[[ 0.00862578]]
1
[[ 0.16723631]] [[-0.15163346]]
2
[[-0.05385689]] [[ 0.02072112]]
3
[[-0.32860288]] [[ 0.28564108]]
4
[[-0.07646204]] [[ 0.12612052]]
Interpolated B is -  [[ 0.53976525]
 [ 0.55847907]
 [ 0.89926489]
 [ 0.91446364]
 [ 0.63835491]]
do log value is -  0
---Doing Global Fitting---
Scheme -  MOM   Basis -  SUSY   Kinematics -  qq   Fit type -  linear
Channel -  1
---Fitting Results---
chisq -  29.3946588757  +/-  10.9172540049
chisq/dof -  4.19923698224 +/- 1.55960771499
parameters: 
p0 -  1.00175204137  +/-  0.626811996626
p1 -  1.45321220112  +/-  0.603568041413
p2 -  0.0144152862063  +/-  0.569762819748
---continuum point is: yp =  1.01235941533  +/-  0.014946395674
Saving  ./plots/linear/R1_SUSY_MOM_qq .pdf
Channel -  2
---Fitting Results---
chisq -  1.45991170293  +/-  4.1395402474
chisq/dof -  0.208558814705 +/- 0.591362892486
parameters: 
p0 -  -17.4165465503  +/-  31.0422378403
p1 -  55.5302913699  +/-  30.5183041381
p2 -  -0.0964713615121  +/-  31.2864520656
---continuum point is: yp =  -17.0112165054  +/-  0.278453845976
Saving  ./plots/linear/R2_SUSY_MOM_qq .pdf
Channel -  3
---Fitting Results---
chisq -  1.28861066965  +/-  4.12044483687
chisq/dof -  0.184087238521 +/- 0.588634976696
parameters: 
p0 -  1.45703584309  +/-  5.1913891088
p1 -  -7.48626747198  +/-  5.19333231019
p2 -  5.11704560746  +/-  5.56637483224
---continuum point is: yp =  1.402391629  +/-  0.0464208087575
Saving  ./plots/linear/R3_SUSY_MOM_qq .pdf
Channel -  4
---Fitting Results---
chisq -  2.87668905421  +/-  5.09763887891
chisq/dof -  0.410955579173 +/- 0.728234125559
parameters: 
p0 -  34.8324817817  +/-  76.2662600024
p1 -  -145.02556785  +/-  75.5059356377
p2 -  -11.0661231712  +/-  77.5303450381
---continuum point is: yp =  33.7739024284  +/-  0.514402060381
Saving  ./plots/linear/R4_SUSY_MOM_qq .pdf
Channel -  5
---Fitting Results---
chisq -  6.29465378022  +/-  6.62313995819
chisq/dof -  0.899236254318 +/- 0.94616285117
parameters: 
p0 -  17.0904254123  +/-  31.1359344389
p1 -  -58.7387549596  +/-  30.8076236936
p2 -  -14.6542821068  +/-  31.1047181763
---continuum point is: yp =  16.6616759569  +/-  0.226256299592
Saving  ./plots/linear/R5_SUSY_MOM_qq .pdf
do log value is -  0
---Doing Global Fitting---
Scheme -  MOM   Basis -  SUSY   Kinematics -  qq   Fit type -  linear
Channel -  1
---Fitting Results---
chisq -  18.9838653379  +/-  9.6027757621
chisq/dof -  2.71198076256 +/- 1.37182510887
parameters: 
p0 -  0.533720672174  +/-  0.2021102949
p1 -  0.377615765122  +/-  0.198437528872
p2 -  0.0664366472319  +/-  0.198809386462
---continuum point is: yp =  0.536476987894  +/-  0.00352556161116
Saving  ./plots/linear/B1_SUSY_MOM_qq .pdf
Channel -  2
---Fitting Results---
chisq -  6.82077084209  +/-  5.78739696736
chisq/dof -  0.974395834584 +/- 0.826770995337
parameters: 
p0 -  0.506662641389  +/-  0.212486992702
p1 -  0.891547555594  +/-  0.221256444677
p2 -  0.292555173461  +/-  0.234128467653
---continuum point is: yp =  0.513170278965  +/-  0.00306266053307
Saving  ./plots/linear/B2_SUSY_MOM_qq .pdf
Channel -  3
---Fitting Results---
chisq -  5.05051291418  +/-  5.2350893297
chisq/dof -  0.721501844883 +/- 0.747869904242
parameters: 
p0 -  0.747177849946  +/-  0.209696445105
p1 -  1.41930560277  +/-  0.236563973915
p2 -  0.848856017666  +/-  0.248024506742
---continuum point is: yp =  0.757537730822  +/-  0.0053282831164
Saving  ./plots/linear/B3_SUSY_MOM_qq .pdf
Channel -  4
---Fitting Results---
chisq -  12.8113136698  +/-  7.87713184517
chisq/dof -  1.83018766712 +/- 1.12530454931
parameters: 
p0 -  0.915477235863  +/-  0.512881080018
p1 -  -0.111279467759  +/-  0.472623170512
p2 -  0.0466296350385  +/-  0.436166763547
---continuum point is: yp =  0.914664978075  +/-  0.0050077865628
Saving  ./plots/linear/B4_SUSY_MOM_qq .pdf
Channel -  5
---Fitting Results---
chisq -  33.2974682458  +/-  12.2892558613
chisq/dof -  4.75678117798 +/- 1.75560798019
parameters: 
p0 -  0.70076818225  +/-  0.424931320262
p1 -  0.1812826384  +/-  0.416152171253
p2 -  -0.3047669103  +/-  0.401031831649
---continuum point is: yp =  0.702091411395  +/-  0.00348650075171
Saving  ./plots/linear/B5_SUSY_MOM_qq .pdf
do log value is -  1
---Doing Global Fitting---
Scheme -  MOM   Basis -  SUSY   Kinematics -  qq   Fit type -  chiral
Channel -  1
---Fitting Results---
chisq -  18.4127100467  +/-  8.60145268907
chisq/dof -  2.63038714953 +/- 1.22877895558
parameters: 
p0 -  1.0327770025  +/-  2.5761910588
p1 -  5.87184230745  +/-  2.56550317493
p2 -  -0.0129333863506  +/-  2.51989843649
---continuum point is: yp =  1.02000311819  +/-  0.0146763076153
Saving  ./plots/chiral/R1_SUSY_MOM_qq .pdf
Channel -  2
---Fitting Results---
chisq -  4.28853252699  +/-  5.474124601
chisq/dof -  0.612647503856 +/- 0.782017800142
parameters: 
p0 -  -18.3254746591  +/-  31.4541711367
p1 -  -74.3352544769  +/-  31.7569457836
p2 -  0.660554926106  +/-  30.4602504377
---continuum point is: yp =  -17.2227953351  +/-  0.270722362285
Saving  ./plots/chiral/R2_SUSY_MOM_qq .pdf
Channel -  3
---Fitting Results---
chisq -  4.9964594993  +/-  5.87189425977
chisq/dof -  0.713779928471 +/- 0.83884203711
parameters: 
p0 -  1.53260424078  +/-  1.46866511556
p1 -  3.3603646321  +/-  1.52065037103
p2 -  5.055840501  +/-  1.51891649864
---continuum point is: yp =  1.4195343236  +/-  0.0462815217363
Saving  ./plots/chiral/R3_SUSY_MOM_qq .pdf
Channel -  4
---Fitting Results---
chisq -  1.62352707143  +/-  4.39382610273
chisq/dof -  0.231932438775 +/- 0.627689443247
parameters: 
p0 -  35.8859975416  +/-  19.3630818239
p1 -  7.63649689226  +/-  19.3066112197
p2 -  -11.8839819655  +/-  19.1317180433
---continuum point is: yp =  34.0086189815  +/-  0.503734449685
Saving  ./plots/chiral/R4_SUSY_MOM_qq .pdf
Channel -  5
---Fitting Results---
chisq -  2.27865465807  +/-  4.6184216704
chisq/dof -  0.325522094011 +/- 0.659774524343
parameters: 
p0 -  17.6081877058  +/-  14.861677291
p1 -  16.2433059158  +/-  15.1524597824
p2 -  -15.0628186907  +/-  14.451998862
---continuum point is: yp =  16.7782278714  +/-  0.221565807963
Saving  ./plots/chiral/R5_SUSY_MOM_qq .pdf
do log value is -  1
---Doing Global Fitting---
Scheme -  MOM   Basis -  SUSY   Kinematics -  qq   Fit type -  chiral
Channel -  1
---Fitting Results---
chisq -  23.0240699602  +/-  10.4639738322
chisq/dof -  3.28915285146 +/- 1.4948534046
parameters: 
p0 -  0.52871354745  +/-  0.416855368651
p1 -  -0.36882338825  +/-  0.394546739896
p2 -  0.0703545589515  +/-  0.353057691599
---continuum point is: yp =  0.535515051041  +/-  0.00351704740828
Saving  ./plots/chiral/B1_SUSY_MOM_qq .pdf
Channel -  2
---Fitting Results---
chisq -  6.9404285423  +/-  5.87325981387
chisq/dof -  0.991489791757 +/- 0.839037116267
parameters: 
p0 -  0.511953770746  +/-  0.543736948465
p1 -  1.61264755698  +/-  0.552651200746
p2 -  0.287468348573  +/-  0.566519980766
---continuum point is: yp =  0.514532203872  +/-  0.00306436240265
Saving  ./plots/chiral/B2_SUSY_MOM_qq .pdf
Channel -  3
---Fitting Results---
chisq -  5.63671116238  +/-  5.50669320079
chisq/dof -  0.805244451769 +/- 0.786670457255
parameters: 
p0 -  0.754523007315  +/-  0.719532944513
p1 -  2.48618226825  +/-  0.742419461559
p2 -  0.842636823788  +/-  0.750725901537
---continuum point is: yp =  0.759121996378  +/-  0.00532845061948
Saving  ./plots/chiral/B3_SUSY_MOM_qq .pdf
Channel -  4
---Fitting Results---
chisq -  18.731015634  +/-  9.39045620525
chisq/dof -  2.67585937629 +/- 1.34149374361
parameters: 
p0 -  0.905811160764  +/-  1.02732770741
p1 -  -1.37846641476  +/-  0.97306561647
p2 -  0.0563848939578  +/-  0.928424437013
---continuum point is: yp =  0.912014225467  +/-  0.00500563977125
Saving  ./plots/chiral/B4_SUSY_MOM_qq .pdf
Channel -  5
---Fitting Results---
chisq -  46.0463303573  +/-  14.332615794
chisq/dof -  6.5780471939 +/- 2.047516542
parameters: 
p0 -  0.693489129395  +/-  0.671948794597
p1 -  -0.791268306244  +/-  0.637437073971
p2 -  -0.297613760986  +/-  0.59259723548
---continuum point is: yp =  0.700165826977  +/-  0.00349669273813
Saving  ./plots/chiral/B5_SUSY_MOM_qq .pdf
