----------------------setting up as----------------------------
----------------------setting up as----------------------------
----------------------setting up as----------------------------
----------------------setting up as----------------------------
Unrenormalised bag is -  [[[ 1.531126  1.555054  1.576716]
  [ 1.531749  1.557738  1.581581]
  [ 1.663088  1.684956  1.705877]]

 [[ 1.184277  1.202825  1.220224]
  [ 1.210167  1.229645  1.247883]
  [ 1.275432  1.293366  1.310283]]

 [[-1.791854 -1.808926 -1.824416]
  [-1.815853 -1.834158 -1.850662]
  [-1.894977 -1.91044  -1.924432]]

 [[ 0.945944  0.956414  0.966305]
  [ 0.994842  1.004192  1.013316]
  [ 1.041879  1.052129  1.062121]]

 [[ 0.489873  0.496292  0.502361]
  [ 0.51433   0.519895  0.525289]
  [ 0.53788   0.544059  0.550109]]]
Unrenormalised bare ratios is -  [[[-21.405902 -19.100821 -17.262492]
  [-19.30101  -17.41366  -15.874819]
  [-15.975797 -14.713062 -13.643834]]

 [[ 32.418288  28.748994  25.826351]
  [ 29.078955  26.08066   23.639256]
  [ 23.80472   21.798031  20.101117]]

 [[-17.271899 -15.32659  -13.781837]
  [-15.836434 -14.211968 -12.894903]
  [-13.194012 -12.093694 -11.168005]]

 [[ -8.894053  -7.905535  -7.12046 ]
  [ -8.169151  -7.343547  -6.673944]
  [ -6.838131  -6.277431  -5.805662]]]
ZA -  0.71273    ZP -  0.6945
Renormalised B is- 
[ 0.52618466  0.5372424   0.91143797  0.80033592  0.58911002]
-----Interpolating non-physical mass data-----
Interpolate dR/dms to the near physical point data
24  - dy/dms =  [ 1.56731296  1.71331271  1.47057923]
-----Interpolating non-physical mass data-----
Interpolate dR/dms to the near physical point data
24  - dy/dms =  [ 17.09057659  15.81708077  13.5778284 ]
Interpolated B is -  [ 0.52982258  0.53987754  0.91516961  0.80364875  0.59428633]
Interpolated B is -  [ 0.53035566  0.56739785  0.9635044   0.81441284  0.61071097]
Unrenormalised bag is -  [[[ 1.494694  1.530186]
  [ 1.529767  1.566636]
  [ 1.537462  1.572029]]

 [[ 1.202869  1.22968 ]
  [ 1.216509  1.24246 ]
  [ 1.222191  1.247478]]

 [[-1.837128 -1.865461]
  [-1.848958 -1.874886]
  [-1.849507 -1.874272]]

 [[ 0.907511  0.923437]
  [ 0.920516  0.935717]
  [ 0.930001  0.944626]]

 [[ 0.458776  0.467692]
  [ 0.466467  0.475225]
  [ 0.471236  0.479835]]]
Unrenormalised bare ratios is -  [[[-25.114861 -21.519755]
  [-23.302703 -20.130616]
  [-22.065049 -19.249098]]

 [[ 38.267258  32.541059]
  [ 35.416393  30.371114]
  [ 33.397685  28.932602]]

 [[-18.94673  -16.10451 ]
  [-17.547552 -15.095561]
  [-16.7623   -14.52635 ]]

 [[ -9.579905  -8.161821]
  [ -8.886963  -7.662326]
  [ -8.497334  -7.384645]]]
ZA -  0.74404    ZP -  0.694
Renormalised B is- 
[ 0.52764529  0.52567706  0.84558311  0.82653138  0.65125528]
-----Interpolating non-physical mass data-----
Interpolate dR/dms to the near physical point data
32  - dy/dms =  [ 2.50582216  2.60304173  2.44051489]
-----Interpolating non-physical mass data-----
Interpolate dR/dms to the near physical point data
32  - dy/dms =  [ 24.36942361  23.51415934  22.14250538]
Interpolated B is -  [ 0.52631721  0.52470062  0.84418564  0.82519287  0.64940084]
Interpolated B is -  [ 0.53864688  0.5322613   0.85427985  0.83054564  0.65893344]
Interpolated B is -  [ 0.54144945  0.53779148  0.86325103  0.83077114  0.66396361]
ZA -  0.71273    ZP -  0.6945
Renormalised B is- 
[ 0.53522194  0.5459258   0.93050751  0.83366825  0.60778382]
Interpolating physical pt data to true strange physical point
uninterpolated value is  [[ 0.53522194]]
interpolated physical value is [ 0.53454927]
Interpolating physical pt data to true strange physical point
uninterpolated value is  [[ 1.01619427]]
interpolated physical value is [ 1.0089828]
Interpolated B is -  [ 0.53454927  0.54548463  0.92987639  0.83305306  0.60685394]
ZA -  0.74404    ZP -  0.694
Renormalised B is- 
[ 0.52829638  0.50995878  0.82062292  0.83284876  0.65522292]
Interpolating physical pt data to true strange physical point
uninterpolated value is  [[ 0.52829638]]
interpolated physical value is [ 0.52043426]
Interpolating physical pt data to true strange physical point
uninterpolated value is  [[ 1.06323312]]
interpolated physical value is [ 0.98379219]
Interpolated B is -  [ 0.52043426  0.50402303  0.81175345  0.82446778  0.64437743]
---Doing Global Fitting---
Scheme -  MOM   Basis -  SUSY   Kinematics -  gg   Fit type -  linear
---Fitting Results---
chisq -  17.1764573849  +/-  8.31963291578
chisq/dof -  2.45377962641 +/- 1.18851898797
parameters: 
p0 -  [ 0.96586702  1.90717537  0.0884092 ]  +/-  0.0153996344864
p1 -  [-16.49309653  53.76520489   0.5003785 ]  +/-  0.176379952667
p2 -  [ 1.3997446  -7.33544104  4.68265851]  +/-  0.043530354049
---continuum point is: yp =  0.979787986746  +/-  0.0145205056047
Saving  ./plots/linear/R1_SUSY_MOM_gg .pdf
---Fitting Results---
chisq -  2.44845146588  +/-  4.61926807207
chisq/dof -  0.349778780839 +/- 0.659895438867
parameters: 
p0 -  [ 0.96586702  1.90717537  0.0884092 ]  +/-  0.277664439892
p1 -  [-16.49309653  53.76520489   0.5003785 ]  +/-  3.22961083839
p2 -  [ 1.3997446  -7.33544104  4.68265851]  +/-  0.793676679686
---continuum point is: yp =  -16.1006503142  +/-  0.261335450667
Saving  ./plots/linear/R2_SUSY_MOM_gg .pdf
---Fitting Results---
chisq -  1.35382706206  +/-  4.14185137466
chisq/dof -  0.193403866008 +/- 0.591693053523
parameters: 
p0 -  [ 0.96586702  1.90717537  0.0884092 ]  +/-  0.0464849897196
p1 -  [-16.49309653  53.76520489   0.5003785 ]  +/-  0.606383949456
p2 -  [ 1.3997446  -7.33544104  4.68265851]  +/-  0.132666233798
---continuum point is: yp =  1.34620130936  +/-  0.0433071873555
Saving  ./plots/linear/R3_SUSY_MOM_gg .pdf
---Fitting Results---
chisq -  2.73311168323  +/-  5.05854568064
chisq/dof -  0.390444526176 +/- 0.722649382948
parameters: 
p0 -  [ 0.96586702  1.90717537  0.0884092 ]  +/-  0.487540782788
p1 -  [-16.49309653  53.76520489   0.5003785 ]  +/-  5.65082998844
p2 -  [ 1.3997446  -7.33544104  4.68265851]  +/-  1.39003474246
---continuum point is: yp =  30.3331056016  +/-  0.45997239078
Saving  ./plots/linear/R4_SUSY_MOM_gg .pdf
---Fitting Results---
chisq -  5.04541141998  +/-  6.20730039159
chisq/dof -  0.720773059996 +/- 0.886757198799
parameters: 
p0 -  [ 0.96586702  1.90717537  0.0884092 ]  +/-  0.254602572501
p1 -  [-16.49309653  53.76520489   0.5003785 ]  +/-  2.87264387845
p2 -  [ 1.3997446  -7.33544104  4.68265851]  +/-  0.729693339171
---continuum point is: yp =  17.7227670276  +/-  0.240804454219
Saving  ./plots/linear/R5_SUSY_MOM_gg .pdf
---Doing Global Fitting---
Scheme -  MOM   Basis -  SUSY   Kinematics -  gg   Fit type -  linear
---Fitting Results---
chisq -  20.8250695048  +/-  10.1735133305
chisq/dof -  2.97500992925 +/- 1.45335904721
parameters: 
p0 -  [ 0.5043316   0.52219415  0.07948192]  +/-  0.00497520045279
p1 -  [ 0.45380988  0.92784774  0.25677537]  +/-  0.0717113212876
p2 -  [ 0.66984683  1.47052529  0.75026568]  +/-  0.0143874677611
---continuum point is: yp =  0.508143230556  +/-  0.00450914197372
Saving  ./plots/linear/B1_SUSY_MOM_gg .pdf
---Fitting Results---
chisq -  12.629152415  +/-  7.50470842891
chisq/dof -  1.80416463071 +/- 1.07210120413
parameters: 
p0 -  [ 0.5043316   0.52219415  0.07948192]  +/-  0.00373418732067
p1 -  [ 0.45380988  0.92784774  0.25677537]  +/-  0.0556970415408
p2 -  [ 0.66984683  1.47052529  0.75026568]  +/-  0.0106821239069
---continuum point is: yp =  0.460582480671  +/-  0.00337100427384
Saving  ./plots/linear/B2_SUSY_MOM_gg .pdf
---Fitting Results---
chisq -  9.40860929799  +/-  6.70793844296
chisq/dof -  1.34408704257 +/- 0.958276920423
parameters: 
p0 -  [ 0.5043316   0.52219415  0.07948192]  +/-  0.00646287439757
p1 -  [ 0.45380988  0.92784774  0.25677537]  +/-  0.0979798168394
p2 -  [ 0.66984683  1.47052529  0.75026568]  +/-  0.0190559090322
---continuum point is: yp =  0.680580574238  +/-  0.00585667149512
Saving  ./plots/linear/B3_SUSY_MOM_gg .pdf
---Fitting Results---
chisq -  14.6175526105  +/-  8.28577626514
chisq/dof -  2.0882218015 +/- 1.18368232359
parameters: 
p0 -  [ 0.5043316   0.52219415  0.07948192]  +/-  0.00587836210432
p1 -  [ 0.45380988  0.92784774  0.25677537]  +/-  0.0846752949246
p2 -  [ 0.66984683  1.47052529  0.75026568]  +/-  0.0164436349444
---continuum point is: yp =  0.819228411022  +/-  0.00531229337568
Saving  ./plots/linear/B4_SUSY_MOM_gg .pdf
---Fitting Results---
chisq -  26.0821127179  +/-  10.9353271501
chisq/dof -  3.72601610256 +/- 1.56218959287
parameters: 
p0 -  [ 0.5043316   0.52219415  0.07948192]  +/-  0.00457136488591
p1 -  [ 0.45380988  0.92784774  0.25677537]  +/-  0.0678230680066
p2 -  [ 0.66984683  1.47052529  0.75026568]  +/-  0.0128742526458
---continuum point is: yp =  0.688710993873  +/-  0.00412531026394
Saving  ./plots/linear/B5_SUSY_MOM_gg .pdf
---Doing Global Fitting---
Scheme -  MOM   Basis -  SUSY   Kinematics -  gg   Fit type -  chiral
---Fitting Results---
chisq -  8.72545495673  +/-  5.96321080508
chisq/dof -  1.24649356525 +/- 0.851887257869
parameters: 
p0 -  [ 0.99554851  6.16833441  0.06267894]  +/-  0.0154791363887
p1 -  [-17.35400945 -69.21836553   1.21812598]  +/-  0.133141457287
p2 -  [ 1.47247462  3.0848616   4.62344625]  +/-  0.0428035161817
---continuum point is: yp =  0.986944236934  +/-  0.01427458251
Saving  ./plots/chiral/R1_SUSY_MOM_gg .pdf
---Fitting Results---
chisq -  4.2612919037  +/-  5.4212131565
chisq/dof -  0.608755986244 +/- 0.774459022357
parameters: 
p0 -  [ 0.99554851  6.16833441  0.06267894]  +/-  0.28018415554
p1 -  [-17.35400945 -69.21836553   1.21812598]  +/-  2.1657248886
p2 -  [ 1.47247462  3.0848616   4.62344625]  +/-  0.771783326335
---continuum point is: yp =  -16.3011993268  +/-  0.253925739332
Saving  ./plots/chiral/R2_SUSY_MOM_gg .pdf
---Fitting Results---
chisq -  4.57669778045  +/-  5.70030119735
chisq/dof -  0.653813968636 +/- 0.814328742478
parameters: 
p0 -  [ 0.99554851  6.16833441  0.06267894]  +/-  0.0480848756426
p1 -  [-17.35400945 -69.21836553   1.21812598]  +/-  0.411035059558
p2 -  [ 1.47247462  3.0848616   4.62344625]  +/-  0.132155121477
---continuum point is: yp =  1.36279220966  +/-  0.0431189475653
Saving  ./plots/chiral/R3_SUSY_MOM_gg .pdf
---Fitting Results---
chisq -  1.17284575779  +/-  4.14906901255
chisq/dof -  0.167549393971 +/- 0.592724144651
parameters: 
p0 -  [ 0.99554851  6.16833441  0.06267894]  +/-  0.488351890405
p1 -  [-17.35400945 -69.21836553   1.21812598]  +/-  4.31211296111
p2 -  [ 1.47247462  3.0848616   4.62344625]  +/-  1.36106217194
---continuum point is: yp =  30.5420282174  +/-  0.450486178686
Saving  ./plots/chiral/R4_SUSY_MOM_gg .pdf
---Fitting Results---
chisq -  1.1863808375  +/-  4.05869150949
chisq/dof -  0.169482976785 +/- 0.579813072784
parameters: 
p0 -  [ 0.99554851  6.16833441  0.06267894]  +/-  0.255015352737
p1 -  [-17.35400945 -69.21836553   1.21812598]  +/-  2.19500606469
p2 -  [ 1.47247462  3.0848616   4.62344625]  +/-  0.714330031206
---continuum point is: yp =  17.8452748109  +/-  0.235804786688
Saving  ./plots/chiral/R5_SUSY_MOM_gg .pdf
---Doing Global Fitting---
Scheme -  MOM   Basis -  SUSY   Kinematics -  gg   Fit type -  chiral
---Fitting Results---
chisq -  23.4113047959  +/-  10.6943202829
chisq/dof -  3.34447211369 +/- 1.52776004042
parameters: 
p0 -  [ 0.49892126 -0.17318414  0.08504231]  +/-  0.00491347363492
p1 -  [ 0.4591823   1.5660495   0.25050435]  +/-  0.0777768451864
p2 -  [ 0.67725157  2.41718614  0.74246679]  +/-  0.0143158399003
---continuum point is: yp =  0.506615834732  +/-  0.00448646153243
Saving  ./plots/chiral/B1_SUSY_MOM_gg .pdf
---Fitting Results---
chisq -  15.0835498422  +/-  8.31182620438
chisq/dof -  2.1547928346 +/- 1.18740374348
parameters: 
p0 -  [ 0.49892126 -0.17318414  0.08504231]  +/-  0.00378987007912
p1 -  [ 0.4591823   1.5660495   0.25050435]  +/-  0.0512880558721
p2 -  [ 0.67725157  2.41718614  0.74246679]  +/-  0.0107574195843
---continuum point is: yp =  0.462368170687  +/-  0.00339519953553
Saving  ./plots/chiral/B2_SUSY_MOM_gg .pdf
---Fitting Results---
chisq -  11.4802625363  +/-  7.43227274982
chisq/dof -  1.64003750518 +/- 1.06175324997
parameters: 
p0 -  [ 0.49892126 -0.17318414  0.08504231]  +/-  0.00654519637353
p1 -  [ 0.4591823   1.5660495   0.25050435]  +/-  0.0904723531452
p2 -  [ 0.67725157  2.41718614  0.74246679]  +/-  0.0191437022261
---continuum point is: yp =  0.682734437739  +/-  0.00588629166479
Saving  ./plots/chiral/B3_SUSY_MOM_gg .pdf
---Fitting Results---
chisq -  17.8864176349  +/-  9.17387773365
chisq/dof -  2.55520251927 +/- 1.31055396195
parameters: 
p0 -  [ 0.49892126 -0.17318414  0.08504231]  +/-  0.00581589514131
p1 -  [ 0.4591823   1.5660495   0.25050435]  +/-  0.0924939921954
p2 -  [ 0.67725157  2.41718614  0.74246679]  +/-  0.0163737301363
---continuum point is: yp =  0.816045093672  +/-  0.00529347853313
Saving  ./plots/chiral/B4_SUSY_MOM_gg .pdf
---Fitting Results---
chisq -  33.6631538165  +/-  12.3625809745
chisq/dof -  4.80902197379 +/- 1.76608299636
parameters: 
p0 -  [ 0.49892126 -0.17318414  0.08504231]  +/-  0.00453637266041
p1 -  [ 0.4591823   1.5660495   0.25050435]  +/-  0.0738491304171
p2 -  [ 0.67725157  2.41718614  0.74246679]  +/-  0.0128489559057
---continuum point is: yp =  0.686134123725  +/-  0.00412325897705
Saving  ./plots/chiral/B5_SUSY_MOM_gg .pdf
----------------------setting up as----------------------------
----------------------setting up as----------------------------
----------------------setting up as----------------------------
----------------------setting up as----------------------------
Unrenormalised bag is -  [[[ 1.531126  1.555054  1.576716]
  [ 1.531749  1.557738  1.581581]
  [ 1.663088  1.684956  1.705877]]

 [[ 1.184277  1.202825  1.220224]
  [ 1.210167  1.229645  1.247883]
  [ 1.275432  1.293366  1.310283]]

 [[-1.791854 -1.808926 -1.824416]
  [-1.815853 -1.834158 -1.850662]
  [-1.894977 -1.91044  -1.924432]]

 [[ 0.945944  0.956414  0.966305]
  [ 0.994842  1.004192  1.013316]
  [ 1.041879  1.052129  1.062121]]

 [[ 0.489873  0.496292  0.502361]
  [ 0.51433   0.519895  0.525289]
  [ 0.53788   0.544059  0.550109]]]
Unrenormalised bare ratios is -  [[[-21.405902 -19.100821 -17.262492]
  [-19.30101  -17.41366  -15.874819]
  [-15.975797 -14.713062 -13.643834]]

 [[ 32.418288  28.748994  25.826351]
  [ 29.078955  26.08066   23.639256]
  [ 23.80472   21.798031  20.101117]]

 [[-17.271899 -15.32659  -13.781837]
  [-15.836434 -14.211968 -12.894903]
  [-13.194012 -12.093694 -11.168005]]

 [[ -8.894053  -7.905535  -7.12046 ]
  [ -8.169151  -7.343547  -6.673944]
  [ -6.838131  -6.277431  -5.805662]]]
ZA -  0.71273    ZP -  0.6945
Renormalised B is- 
[ 0.52618466  0.58911002  0.80033592  0.5372424   0.28777869]
-----Interpolating non-physical mass data-----
Interpolate dR/dms to the near physical point data
24  - dy/dms =  [ 1.56731296  1.71331271  1.47057923]
-----Interpolating non-physical mass data-----
Interpolate dR/dms to the near physical point data
24  - dy/dms =  [ 17.09057659  15.81708077  13.5778284 ]
Interpolated B is -  [ 0.52982258  0.59428633  0.80364875  0.53987754  0.28968265]
Interpolated B is -  [ 0.53035566  0.61071097  0.81441284  0.56739785  0.30332682]
Unrenormalised bag is -  [[[ 1.494694  1.530186]
  [ 1.529767  1.566636]
  [ 1.537462  1.572029]]

 [[ 1.202869  1.22968 ]
  [ 1.216509  1.24246 ]
  [ 1.222191  1.247478]]

 [[-1.837128 -1.865461]
  [-1.848958 -1.874886]
  [-1.849507 -1.874272]]

 [[ 0.907511  0.923437]
  [ 0.920516  0.935717]
  [ 0.930001  0.944626]]

 [[ 0.458776  0.467692]
  [ 0.466467  0.475225]
  [ 0.471236  0.479835]]]
Unrenormalised bare ratios is -  [[[-25.114861 -21.519755]
  [-23.302703 -20.130616]
  [-22.065049 -19.249098]]

 [[ 38.267258  32.541059]
  [ 35.416393  30.371114]
  [ 33.397685  28.932602]]

 [[-18.94673  -16.10451 ]
  [-17.547552 -15.095561]
  [-16.7623   -14.52635 ]]

 [[ -9.579905  -8.161821]
  [ -8.886963  -7.662326]
  [ -8.497334  -7.384645]]]
ZA -  0.74404    ZP -  0.694
Renormalised B is- 
[ 0.52764529  0.65125528  0.82653138  0.52567706  0.31240636]
-----Interpolating non-physical mass data-----
Interpolate dR/dms to the near physical point data
32  - dy/dms =  [ 2.50582216  2.60304173  2.44051489]
-----Interpolating non-physical mass data-----
Interpolate dR/dms to the near physical point data
32  - dy/dms =  [ 24.36942361  23.51415934  22.14250538]
Interpolated B is -  [ 0.52631721  0.64940084  0.82519287  0.52470062  0.31171061]
Interpolated B is -  [ 0.53864688  0.65893344  0.83054564  0.5322613   0.31758226]
Interpolated B is -  [ 0.54144945  0.66396361  0.83077114  0.53779148  0.32081845]
ZA -  0.71273    ZP -  0.6945
Renormalised B is- 
[ 0.53522194  0.60778382  0.83366825  0.5459258   0.28953799]
Interpolating physical pt data to true strange physical point
uninterpolated value is  [[ 0.53522194]]
interpolated physical value is [ 0.53454927]
Interpolating physical pt data to true strange physical point
uninterpolated value is  [[ 1.01619427]]
interpolated physical value is [ 1.0089828]
Interpolated B is -  [ 0.53454927  0.60685394  0.83305306  0.54548463  0.28922342]
ZA -  0.74404    ZP -  0.694
Renormalised B is- 
[ 0.52829638  0.65522292  0.83284876  0.50995878  0.30284936]
Interpolating physical pt data to true strange physical point
uninterpolated value is  [[ 0.52829638]]
interpolated physical value is [ 0.52043426]
Interpolating physical pt data to true strange physical point
uninterpolated value is  [[ 1.06323312]]
interpolated physical value is [ 0.98379219]
Interpolated B is -  [ 0.52043426  0.64437743  0.82446778  0.50402303  0.29886942]
---Doing Global Fitting---
Scheme -  MOM   Basis -  Lattice   Kinematics -  gg   Fit type -  linear
---Fitting Results---
chisq -  17.1764573849  +/-  8.31963291578
chisq/dof -  2.45377962641 +/- 1.18851898797
parameters: 
p0 -  [ 0.96586702  1.90717537  0.0884092 ]  +/-  0.0153996344864
p1 -  [ -36.37251495  126.99654957   29.63280501]  +/-  0.176379952667
p2 -  [  31.29554799 -131.85478609   -9.88215003]  +/-  0.043530354049
---continuum point is: yp =  0.979787986746  +/-  0.0145205056047
Saving  ./plots/linear/R1_Lattice_MOM_gg .pdf
---Fitting Results---
chisq -  5.04541141998  +/-  6.20730039159
chisq/dof -  0.720773059997 +/- 0.886757198799
parameters: 
p0 -  [ 0.96586702  1.90717537  0.0884092 ]  +/-  0.509205141481
p1 -  [ -36.37251495  126.99654957   29.63280501]  +/-  5.74528775328
p2 -  [  31.29554799 -131.85478609   -9.88215003]  +/-  1.45938666826
---continuum point is: yp =  -35.4455340922  +/-  0.481608905032
Saving  ./plots/linear/R2_Lattice_MOM_gg .pdf
---Fitting Results---
chisq -  2.73311168323  +/-  5.05854568064
chisq/dof -  0.390444526176 +/- 0.722649382948
parameters: 
p0 -  [ 0.96586702  1.90717537  0.0884092 ]  +/-  0.487540782788
p1 -  [ -36.37251495  126.99654957   29.63280501]  +/-  5.65082998844
p2 -  [  31.29554799 -131.85478609   -9.88215003]  +/-  1.39003474246
---continuum point is: yp =  30.3331056016  +/-  0.45997239078
Saving  ./plots/linear/R3_Lattice_MOM_gg .pdf
---Fitting Results---
chisq -  2.44845146588  +/-  4.61926807207
chisq/dof -  0.349778780839 +/- 0.659895438867
parameters: 
p0 -  [ 0.96586702  1.90717537  0.0884092 ]  +/-  0.277664439892
p1 -  [ -36.37251495  126.99654957   29.63280501]  +/-  3.22961083839
p2 -  [  31.29554799 -131.85478609   -9.88215003]  +/-  0.793676679686
---continuum point is: yp =  -16.1006503142  +/-  0.261335450667
Saving  ./plots/linear/R4_Lattice_MOM_gg .pdf
---Fitting Results---
chisq -  5.15445693566  +/-  5.92082924128
chisq/dof -  0.736350990809 +/- 0.845832748754
parameters: 
p0 -  [ 0.96586702  1.90717537  0.0884092 ]  +/-  0.198223388567
p1 -  [ -36.37251495  126.99654957   29.63280501]  +/-  2.2206613452
p2 -  [  31.29554799 -131.85478609   -9.88215003]  +/-  0.569701386436
---continuum point is: yp =  -13.4097103919  +/-  0.187253496251
Saving  ./plots/linear/R5_Lattice_MOM_gg .pdf
---Doing Global Fitting---
Scheme -  MOM   Basis -  Lattice   Kinematics -  gg   Fit type -  linear
---Fitting Results---
chisq -  20.8250695048  +/-  10.1735133305
chisq/dof -  2.97500992925 +/- 1.45335904721
parameters: 
p0 -  [ 0.5043316   0.52219415  0.07948192]  +/-  0.00497520045279
p1 -  [ 0.68534115  0.46166906 -0.24377263]  +/-  0.0717113212876
p2 -  [ 0.81851417  0.09785156  0.04108717]  +/-  0.0143874677611
---continuum point is: yp =  0.508143230556  +/-  0.00450914197372
Saving  ./plots/linear/B1_Lattice_MOM_gg .pdf
---Fitting Results---
chisq -  26.0821127179  +/-  10.9353271501
chisq/dof -  3.72601610256 +/- 1.56218959287
parameters: 
p0 -  [ 0.5043316   0.52219415  0.07948192]  +/-  0.00457136488591
p1 -  [ 0.68534115  0.46166906 -0.24377263]  +/-  0.0678230680066
p2 -  [ 0.81851417  0.09785156  0.04108717]  +/-  0.0128742526458
---continuum point is: yp =  0.688710993873  +/-  0.00412531026394
Saving  ./plots/linear/B2_Lattice_MOM_gg .pdf
---Fitting Results---
chisq -  14.6175526105  +/-  8.28577626514
chisq/dof -  2.0882218015 +/- 1.18368232359
parameters: 
p0 -  [ 0.5043316   0.52219415  0.07948192]  +/-  0.00587836210432
p1 -  [ 0.68534115  0.46166906 -0.24377263]  +/-  0.0846752949246
p2 -  [ 0.81851417  0.09785156  0.04108717]  +/-  0.0164436349444
---continuum point is: yp =  0.819228411022  +/-  0.00531229337568
Saving  ./plots/linear/B3_Lattice_MOM_gg .pdf
---Fitting Results---
chisq -  12.629152415  +/-  7.50470842891
chisq/dof -  1.80416463071 +/- 1.07210120413
parameters: 
p0 -  [ 0.5043316   0.52219415  0.07948192]  +/-  0.00373418732067
p1 -  [ 0.68534115  0.46166906 -0.24377263]  +/-  0.0556970415408
p2 -  [ 0.81851417  0.09785156  0.04108717]  +/-  0.0106821239069
---continuum point is: yp =  0.460582480671  +/-  0.00337100427384
Saving  ./plots/linear/B4_Lattice_MOM_gg .pdf
---Fitting Results---
chisq -  21.7580459634  +/-  9.33969598658
chisq/dof -  3.10829228048 +/- 1.3342422838
parameters: 
p0 -  [ 0.5043316   0.52219415  0.07948192]  +/-  0.00222510048677
p1 -  [ 0.68534115  0.46166906 -0.24377263]  +/-  0.0331195213651
p2 -  [ 0.81851417  0.09785156  0.04108717]  +/-  0.00631090348759
---continuum point is: yp =  0.313433031792  +/-  0.00201084207146
Saving  ./plots/linear/B5_Lattice_MOM_gg .pdf
---Doing Global Fitting---
Scheme -  MOM   Basis -  Lattice   Kinematics -  gg   Fit type -  chiral
---Fitting Results---
chisq -  8.72545495673  +/-  5.96321080508
chisq/dof -  1.24649356525 +/- 0.851887257869
parameters: 
p0 -  [ 0.99554851  6.16833441  0.06267894]  +/-  0.0154791363887
p1 -  [-37.47121745 -32.58476746  30.49350669]  +/-  0.133141457287
p2 -  [ 32.23993619   5.31616532 -10.61176663]  +/-  0.0428035161817
---continuum point is: yp =  0.986944236934  +/-  0.01427458251
Saving  ./plots/chiral/R1_Lattice_MOM_gg .pdf
---Fitting Results---
chisq -  1.1863808375  +/-  4.05869150949
chisq/dof -  0.169482976785 +/- 0.579813072784
parameters: 
p0 -  [ 0.99554851  6.16833441  0.06267894]  +/-  0.510030709143
p1 -  [-37.47121745 -32.58476746  30.49350669]  +/-  4.39001224396
p2 -  [ 32.23993619   5.31616532 -10.61176663]  +/-  1.42866006745
---continuum point is: yp =  -35.6905496368  +/-  0.471609576158
Saving  ./plots/chiral/R2_Lattice_MOM_gg .pdf
---Fitting Results---
chisq -  1.17284575779  +/-  4.14906901255
chisq/dof -  0.167549393971 +/- 0.592724144651
parameters: 
p0 -  [ 0.99554851  6.16833441  0.06267894]  +/-  0.488351890405
p1 -  [-37.47121745 -32.58476746  30.49350669]  +/-  4.31211296111
p2 -  [ 32.23993619   5.31616532 -10.61176663]  +/-  1.36106217194
---continuum point is: yp =  30.5420282174  +/-  0.450486178686
Saving  ./plots/chiral/R3_Lattice_MOM_gg .pdf
---Fitting Results---
chisq -  4.2612919037  +/-  5.4212131565
chisq/dof -  0.608755986244 +/- 0.774459022357
parameters: 
p0 -  [ 0.99554851  6.16833441  0.06267894]  +/-  0.28018415554
p1 -  [-37.47121745 -32.58476746  30.49350669]  +/-  2.1657248886
p2 -  [ 32.23993619   5.31616532 -10.61176663]  +/-  0.771783326335
---continuum point is: yp =  -16.3011993268  +/-  0.253925739332
Saving  ./plots/chiral/R4_Lattice_MOM_gg .pdf
---Fitting Results---
chisq -  4.05765045386  +/-  5.31665087211
chisq/dof -  0.579664350551 +/- 0.759521553159
parameters: 
p0 -  [ 0.99554851  6.16833441  0.06267894]  +/-  0.19948771512
p1 -  [-37.47121745 -32.58476746  30.49350669]  +/-  1.51420707583
p2 -  [ 32.23993619   5.31616532 -10.61176663]  +/-  0.552234774486
---continuum point is: yp =  -13.5758415295  +/-  0.181428276986
Saving  ./plots/chiral/R5_Lattice_MOM_gg .pdf
---Doing Global Fitting---
Scheme -  MOM   Basis -  Lattice   Kinematics -  gg   Fit type -  chiral
---Fitting Results---
chisq -  23.4113047959  +/-  10.6943202829
chisq/dof -  3.34447211369 +/- 1.52776004042
parameters: 
p0 -  [ 0.49892126 -0.17318414  0.08504231]  +/-  0.00491347363492
p1 -  [ 0.67745964 -0.47813855 -0.23467885]  +/-  0.0777768451864
p2 -  [ 0.80897767 -1.02183986  0.05226845]  +/-  0.0143158399003
---continuum point is: yp =  0.506615834732  +/-  0.00448646153243
Saving  ./plots/chiral/B1_Lattice_MOM_gg .pdf
---Fitting Results---
chisq -  33.6631538165  +/-  12.3625809745
chisq/dof -  4.80902197379 +/- 1.76608299636
parameters: 
p0 -  [ 0.49892126 -0.17318414  0.08504231]  +/-  0.00453637266041
p1 -  [ 0.67745964 -0.47813855 -0.23467885]  +/-  0.0738491304171
p2 -  [ 0.80897767 -1.02183986  0.05226845]  +/-  0.0128489559057
---continuum point is: yp =  0.686134123725  +/-  0.00412325897705
Saving  ./plots/chiral/B2_Lattice_MOM_gg .pdf
---Fitting Results---
chisq -  17.8864176349  +/-  9.17387773365
chisq/dof -  2.55520251927 +/- 1.31055396195
parameters: 
p0 -  [ 0.49892126 -0.17318414  0.08504231]  +/-  0.00581589514131
p1 -  [ 0.67745964 -0.47813855 -0.23467885]  +/-  0.0924939921954
p2 -  [ 0.80897767 -1.02183986  0.05226845]  +/-  0.0163737301363
---continuum point is: yp =  0.816045093672  +/-  0.00529347853313
Saving  ./plots/chiral/B3_Lattice_MOM_gg .pdf
---Fitting Results---
chisq -  15.0835498422  +/-  8.31182620438
chisq/dof -  2.1547928346 +/- 1.18740374348
parameters: 
p0 -  [ 0.49892126 -0.17318414  0.08504231]  +/-  0.00378987007912
p1 -  [ 0.67745964 -0.47813855 -0.23467885]  +/-  0.0512880558721
p2 -  [ 0.80897767 -1.02183986  0.05226845]  +/-  0.0107574195843
---continuum point is: yp =  0.462368170687  +/-  0.00339519953553
Saving  ./plots/chiral/B4_Lattice_MOM_gg .pdf
---Fitting Results---
chisq -  22.8954218895  +/-  9.79107649886
chisq/dof -  3.27077455564 +/- 1.39872521412
parameters: 
p0 -  [ 0.49892126 -0.17318414  0.08504231]  +/-  0.0022573277022
p1 -  [ 0.67745964 -0.47813855 -0.23467885]  +/-  0.0305966085626
p2 -  [ 0.80897767 -1.02183986  0.05226845]  +/-  0.00636039740762
---continuum point is: yp =  0.314547257484  +/-  0.00202439933431
Saving  ./plots/chiral/B5_Lattice_MOM_gg .pdf
----------------------setting up as----------------------------
----------------------setting up as----------------------------
----------------------setting up as----------------------------
----------------------setting up as----------------------------
Unrenormalised bag is -  [[[ 1.531126  1.555054  1.576716]
  [ 1.531749  1.557738  1.581581]
  [ 1.663088  1.684956  1.705877]]

 [[ 1.184277  1.202825  1.220224]
  [ 1.210167  1.229645  1.247883]
  [ 1.275432  1.293366  1.310283]]

 [[-1.791854 -1.808926 -1.824416]
  [-1.815853 -1.834158 -1.850662]
  [-1.894977 -1.91044  -1.924432]]

 [[ 0.945944  0.956414  0.966305]
  [ 0.994842  1.004192  1.013316]
  [ 1.041879  1.052129  1.062121]]

 [[ 0.489873  0.496292  0.502361]
  [ 0.51433   0.519895  0.525289]
  [ 0.53788   0.544059  0.550109]]]
Unrenormalised bare ratios is -  [[[-21.405902 -19.100821 -17.262492]
  [-19.30101  -17.41366  -15.874819]
  [-15.975797 -14.713062 -13.643834]]

 [[ 32.418288  28.748994  25.826351]
  [ 29.078955  26.08066   23.639256]
  [ 23.80472   21.798031  20.101117]]

 [[-17.271899 -15.32659  -13.781837]
  [-15.836434 -14.211968 -12.894903]
  [-13.194012 -12.093694 -11.168005]]

 [[ -8.894053  -7.905535  -7.12046 ]
  [ -8.169151  -7.343547  -6.673944]
  [ -6.838131  -6.277431  -5.805662]]]
ZA -  0.71273    ZP -  0.6945
Renormalised B is- 
[ 0.52836192  0.54968157  0.96965544  0.86442116  0.58353042]
-----Interpolating non-physical mass data-----
Interpolate dR/dms to the near physical point data
24  - dy/dms =  [ 1.57379823  1.72040211  1.47666424]
-----Interpolating non-physical mass data-----
Interpolate dR/dms to the near physical point data
24  - dy/dms =  [ 17.09057659  15.81708077  13.5778284 ]
Interpolated B is -  [ 0.53201489  0.55238059  0.97359698  0.86797049  0.58868594]
Interpolated B is -  [ 0.53255018  0.58053171  1.0250825   0.87950718  0.60504271]
Unrenormalised bag is -  [[[ 1.494694  1.530186]
  [ 1.529767  1.566636]
  [ 1.537462  1.572029]]

 [[ 1.202869  1.22968 ]
  [ 1.216509  1.24246 ]
  [ 1.222191  1.247478]]

 [[-1.837128 -1.865461]
  [-1.848958 -1.874886]
  [-1.849507 -1.874272]]

 [[ 0.907511  0.923437]
  [ 0.920516  0.935717]
  [ 0.930001  0.944626]]

 [[ 0.458776  0.467692]
  [ 0.466467  0.475225]
  [ 0.471236  0.479835]]]
Unrenormalised bare ratios is -  [[[-25.114861 -21.519755]
  [-23.302703 -20.130616]
  [-22.065049 -19.249098]]

 [[ 38.267258  32.541059]
  [ 35.416393  30.371114]
  [ 33.397685  28.932602]]

 [[-18.94673  -16.10451 ]
  [-17.547552 -15.095561]
  [-16.7623   -14.52635 ]]

 [[ -9.579905  -8.161821]
  [ -8.886963  -7.662326]
  [ -8.497334  -7.384645]]]
ZA -  0.74404    ZP -  0.694
Renormalised B is- 
[ 0.52982848  0.53802731  0.8978134   0.89226371  0.64553012]
-----Interpolating non-physical mass data-----
Interpolate dR/dms to the near physical point data
32  - dy/dms =  [ 2.51619026  2.61381209  2.45061277]
-----Interpolating non-physical mass data-----
Interpolate dR/dms to the near physical point data
32  - dy/dms =  [ 24.36942361  23.51415934  22.14250538]
Interpolated B is -  [ 0.5284949   0.53702726  0.89633665  0.89082715  0.64368428]
Interpolated B is -  [ 0.54087559  0.54477358  0.90697041  0.89654977  0.65318429]
Interpolated B is -  [ 0.54368975  0.5504334   0.91649879  0.89674223  0.65821699]
ZA -  0.71273    ZP -  0.6945
Renormalised B is- 
[ 0.53743659  0.55854922  0.99011004  0.90048408  0.6019669 ]
Interpolating physical pt data to true strange physical point
uninterpolated value is  [[ 0.53743659]]
interpolated physical value is [ 0.53676115]
Interpolating physical pt data to true strange physical point
uninterpolated value is  [[ 1.01619427]]
interpolated physical value is [ 1.0089828]
Interpolated B is -  [ 0.53676115  0.55809738  0.98944313  0.89982465  0.60104091]
ZA -  0.74404    ZP -  0.694
Renormalised B is- 
[ 0.53048226  0.5219385   0.87132461  0.8990941   0.64945315]
Interpolating physical pt data to true strange physical point
uninterpolated value is  [[ 0.53048226]]
interpolated physical value is [ 0.52258761]
Interpolating physical pt data to true strange physical point
uninterpolated value is  [[ 1.06323312]]
interpolated physical value is [ 0.98379219]
Interpolated B is -  [ 0.52258761  0.51586066  0.86193484  0.89009117  0.63866213]
---Doing Global Fitting---
Scheme -  ms   Basis -  SUSY   Kinematics -  gg   Fit type -  linear
---Fitting Results---
chisq -  17.1764573849  +/-  8.31963291578
chisq/dof -  2.45377962641 +/- 1.18851898797
parameters: 
p0 -  [ 0.96586705  1.90717522  0.08840912]  +/-  0.015399632022
p1 -  [-15.87060563  51.82790716   0.38745105]  +/-  0.176379932586
p2 -  [ 0.2030113  -3.78109986  5.27004844]  +/-  0.0435303479314
---continuum point is: yp =  0.979788014682  +/-  0.0145205033756
Saving  ./plots/linear/R1_SUSY_ms_gg .pdf
---Fitting Results---
chisq -  2.42452413025  +/-  4.60755034146
chisq/dof -  0.346360590036 +/- 0.658221477352
parameters: 
p0 -  [ 0.96586705  1.90717522  0.08840912]  +/-  0.267637415331
p1 -  [-15.87060563  51.82790716   0.38745105]  +/-  3.11369215704
p2 -  [ 0.2030113  -3.78109986  5.27004844]  +/-  0.765016722224
---continuum point is: yp =  -15.4923002479  +/-  0.251891684092
Saving  ./plots/linear/R2_SUSY_ms_gg .pdf
---Fitting Results---
chisq -  3.56365435782  +/-  5.5142991425
chisq/dof -  0.509093479688 +/- 0.787757020357
parameters: 
p0 -  [ 0.96586705  1.90717522  0.08840912]  +/-  0.0314036451398
p1 -  [-15.87060563  51.82790716   0.38745105]  +/-  0.430748259494
p2 -  [ 0.2030113  -3.78109986  5.27004844]  +/-  0.0921338570063
---continuum point is: yp =  0.175412068423  +/-  0.0292252353917
Saving  ./plots/linear/R3_SUSY_ms_gg .pdf
---Fitting Results---
chisq -  2.76998627552  +/-  5.07787541611
chisq/dof -  0.395712325074 +/- 0.72541077373
parameters: 
p0 -  [ 0.96586705  1.90717522  0.08840912]  +/-  0.541293136128
p1 -  [-15.87060563  51.82790716   0.38745105]  +/-  6.26881161266
p2 -  [ 0.2030113  -3.78109986  5.27004844]  +/-  1.54347803894
---continuum point is: yp =  33.7756709294  +/-  0.510722785974
Saving  ./plots/linear/R4_SUSY_ms_gg .pdf
---Fitting Results---
chisq -  5.09151538033  +/-  6.22891777702
chisq/dof -  0.727359340047 +/- 0.889845396717
parameters: 
p0 -  [ 0.96586705  1.90717522  0.08840912]  +/-  0.24658668835
p1 -  [-15.87060563  51.82790716   0.38745105]  +/-  2.78167209579
p2 -  [ 0.2030113  -3.78109986  5.27004844]  +/-  0.706766454163
---continuum point is: yp =  17.1894733193  +/-  0.233228030194
Saving  ./plots/linear/R5_SUSY_ms_gg .pdf
---Doing Global Fitting---
Scheme -  ms   Basis -  SUSY   Kinematics -  gg   Fit type -  linear
---Fitting Results---
chisq -  20.8250463545  +/-  10.1735081689
chisq/dof -  2.97500662206 +/- 1.45335830984
parameters: 
p0 -  [ 0.50641818  0.52435494  0.07981157]  +/-  0.00499578589047
p1 -  [ 0.4647032   0.94974469  0.26150648]  +/-  0.0720080377141
p2 -  [ 0.70877238  1.56056461  0.81032593]  +/-  0.0144469975092
---continuum point is: yp =  0.510245584216  +/-  0.00452779903602
Saving  ./plots/linear/B1_SUSY_ms_gg .pdf
---Fitting Results---
chisq -  12.6533070341  +/-  7.51033233322
chisq/dof -  1.80761529059 +/- 1.07290461903
parameters: 
p0 -  [ 0.50641818  0.52435494  0.07981157]  +/-  0.00382071620812
p1 -  [ 0.4647032   0.94974469  0.26150648]  +/-  0.0569841126327
p2 -  [ 0.70877238  1.56056461  0.81032593]  +/-  0.0109280077892
---continuum point is: yp =  0.471635629778  +/-  0.00344905361809
Saving  ./plots/linear/B2_SUSY_ms_gg .pdf
---Fitting Results---
chisq -  9.31175996801  +/-  6.6821981535
chisq/dof -  1.330251424 +/- 0.954599736215
parameters: 
p0 -  [ 0.50641818  0.52435494  0.07981157]  +/-  0.00688590380573
p1 -  [ 0.4647032   0.94974469  0.26150648]  +/-  0.104484862661
p2 -  [ 0.70877238  1.56056461  0.81032593]  +/-  0.0203290835861
---continuum point is: yp =  0.720163349848  +/-  0.0062409822632
Saving  ./plots/linear/B3_SUSY_ms_gg .pdf
---Fitting Results---
chisq -  14.5470145165  +/-  8.26677175549
chisq/dof -  2.07814493093 +/- 1.18096739364
parameters: 
p0 -  [ 0.50641818  0.52435494  0.07981157]  +/-  0.00635010986133
p1 -  [ 0.4647032   0.94974469  0.26150648]  +/-  0.0914488284639
p2 -  [ 0.70877238  1.56056461  0.81032593]  +/-  0.0177642543389
---continuum point is: yp =  0.883938960872  +/-  0.00573882749769
Saving  ./plots/linear/B4_SUSY_ms_gg .pdf
---Fitting Results---
chisq -  26.1828460758  +/-  10.9558431437
chisq/dof -  3.74040658226 +/- 1.5651204491
parameters: 
p0 -  [ 0.50641818  0.52435494  0.07981157]  +/-  0.00453407120393
p1 -  [ 0.4647032   0.94974469  0.26150648]  +/-  0.0672853768124
p2 -  [ 0.70877238  1.56056461  0.81032593]  +/-  0.0127716217608
---continuum point is: yp =  0.683096226269  +/-  0.00409174304294
Saving  ./plots/linear/B5_SUSY_ms_gg .pdf
---Doing Global Fitting---
Scheme -  ms   Basis -  SUSY   Kinematics -  gg   Fit type -  chiral
---Fitting Results---
chisq -  8.72545495674  +/-  5.96321080508
chisq/dof -  1.24649356525 +/- 0.851887257869
parameters: 
p0 -  [ 0.99554853  6.16833435  0.06267888]  +/-  0.0154791387663
p1 -  [-16.69895813 -66.51300768   1.07793319]  +/-  0.133141474772
p2 -  [ 0.21228273 -2.26768039  5.26492111]  +/-  0.0428035235539
---continuum point is: yp =  0.986944254707  +/-  0.0142745845796
Saving  ./plots/chiral/R1_SUSY_ms_gg .pdf
---Fitting Results---
chisq -  4.2878935022  +/-  5.43602435204
chisq/dof -  0.612556214599 +/- 0.776574907434
parameters: 
p0 -  [ 0.99554853  6.16833435  0.06267888]  +/-  0.270086729937
p1 -  [-16.69895813 -66.51300768   1.07793319]  +/-  2.08781047758
p2 -  [ 0.21228273 -2.26768039  5.26492111]  +/-  0.743972037445
---continuum point is: yp =  -15.6852117854  +/-  0.244768314721
Saving  ./plots/chiral/R2_SUSY_ms_gg .pdf
---Fitting Results---
chisq -  4.65344115662  +/-  5.9604211034
chisq/dof -  0.664777308089 +/- 0.851488729057
parameters: 
p0 -  [ 0.99554853  6.16833435  0.06267888]  +/-  0.0330196223525
p1 -  [-16.69895813 -66.51300768   1.07793319]  +/-  0.30827270933
p2 -  [ 0.21228273 -2.26768039  5.26492111]  +/-  0.0931894294941
---continuum point is: yp =  0.176671477707  +/-  0.0295714576208
Saving  ./plots/chiral/R3_SUSY_ms_gg .pdf
---Fitting Results---
chisq -  1.17118502093  +/-  4.14582190006
chisq/dof -  0.167312145847 +/- 0.592260271437
parameters: 
p0 -  [ 0.99554853  6.16833435  0.06267888]  +/-  0.542171675344
p1 -  [-16.69895813 -66.51300768   1.07793319]  +/-  4.7835292332
p2 -  [ 0.21228273 -2.26768039  5.26492111]  +/-  1.51124732521
---continuum point is: yp =  34.0083069721  +/-  0.50016984667
Saving  ./plots/chiral/R4_SUSY_ms_gg .pdf
---Fitting Results---
chisq -  1.18559082718  +/-  4.05659584915
chisq/dof -  0.169370118168 +/- 0.579513692735
parameters: 
p0 -  [ 0.99554853  6.16833435  0.06267888]  +/-  0.246994458494
p1 -  [-16.69895813 -66.51300768   1.07793319]  +/-  2.12567209363
p2 -  [ 0.21228273 -2.26768039  5.26492111]  +/-  0.69190318475
---continuum point is: yp =  17.3083115665  +/-  0.228392213481
Saving  ./plots/chiral/R5_SUSY_ms_gg .pdf
---Doing Global Fitting---
Scheme -  ms   Basis -  SUSY   Kinematics -  gg   Fit type -  chiral
---Fitting Results---
chisq -  23.4112794002  +/-  10.6943149581
chisq/dof -  3.34446848575 +/- 1.52775927973
parameters: 
p0 -  [ 0.50098545 -0.17390012  0.08539499]  +/-  0.00493380351151
p1 -  [ 0.47020618  1.60325437  0.25508042]  +/-  0.0780986513152
p2 -  [ 0.71658407  2.56246363  0.80213827]  +/-  0.0143750730347
---continuum point is: yp =  0.508711857307  +/-  0.00450502462902
Saving  ./plots/chiral/B1_SUSY_ms_gg .pdf
---Fitting Results---
chisq -  15.1079256334  +/-  8.31727522066
chisq/dof -  2.15827509049 +/- 1.18818217438
parameters: 
p0 -  [ 0.50098545 -0.17390012  0.08539499]  +/-  0.00387772925841
p1 -  [ 0.47020618  1.60325437  0.25508042]  +/-  0.0524728275141
p2 -  [ 0.71658407  2.56246363  0.80213827]  +/-  0.0110051906788
---continuum point is: yp =  0.473465678354  +/-  0.00347384479856
Saving  ./plots/chiral/B2_SUSY_ms_gg .pdf
---Fitting Results---
chisq -  11.3607228826  +/-  7.40037827518
chisq/dof -  1.6229604118 +/- 1.05719689645
parameters: 
p0 -  [ 0.50098545 -0.17390012  0.08539499]  +/-  0.00697303964568
p1 -  [ 0.47020618  1.60325437  0.25508042]  +/-  0.0964942942835
p2 -  [ 0.71658407  2.56246363  0.80213827]  +/-  0.020421063049
---continuum point is: yp =  0.722421091205  +/-  0.00627204402132
Saving  ./plots/chiral/B3_SUSY_ms_gg .pdf
---Fitting Results---
chisq -  17.7736214651  +/-  9.14688350783
chisq/dof -  2.53908878072 +/- 1.30669764398
parameters: 
p0 -  [ 0.50098545 -0.17390012  0.08539499]  +/-  0.00628251555295
p1 -  [ 0.47020618  1.60325437  0.25508042]  +/-  0.0998938728132
p2 -  [ 0.71658407  2.56246363  0.80213827]  +/-  0.0176885237013
---continuum point is: yp =  0.880510516387  +/-  0.00571839950932
Saving  ./plots/chiral/B4_SUSY_ms_gg .pdf
---Fitting Results---
chisq -  33.7807774781  +/-  12.3830497844
chisq/dof -  4.82582535402 +/- 1.76900711206
parameters: 
p0 -  [ 0.50098545 -0.17390012  0.08539499]  +/-  0.00449949159725
p1 -  [ 0.47020618  1.60325437  0.25508042]  +/-  0.0732602147022
p2 -  [ 0.71658407  2.56246363  0.80213827]  +/-  0.0127468438793
---continuum point is: yp =  0.6805476731  +/-  0.00408982920132
Saving  ./plots/chiral/B5_SUSY_ms_gg .pdf
----------------------setting up as----------------------------
----------------------setting up as----------------------------
----------------------setting up as----------------------------
----------------------setting up as----------------------------
Unrenormalised bag is -  [[[ 1.531126  1.555054  1.576716]
  [ 1.531749  1.557738  1.581581]
  [ 1.663088  1.684956  1.705877]]

 [[ 1.184277  1.202825  1.220224]
  [ 1.210167  1.229645  1.247883]
  [ 1.275432  1.293366  1.310283]]

 [[-1.791854 -1.808926 -1.824416]
  [-1.815853 -1.834158 -1.850662]
  [-1.894977 -1.91044  -1.924432]]

 [[ 0.945944  0.956414  0.966305]
  [ 0.994842  1.004192  1.013316]
  [ 1.041879  1.052129  1.062121]]

 [[ 0.489873  0.496292  0.502361]
  [ 0.51433   0.519895  0.525289]
  [ 0.53788   0.544059  0.550109]]]
Unrenormalised bare ratios is -  [[[-21.405902 -19.100821 -17.262492]
  [-19.30101  -17.41366  -15.874819]
  [-15.975797 -14.713062 -13.643834]]

 [[ 32.418288  28.748994  25.826351]
  [ 29.078955  26.08066   23.639256]
  [ 23.80472   21.798031  20.101117]]

 [[-17.271899 -15.32659  -13.781837]
  [-15.836434 -14.211968 -12.894903]
  [-13.194012 -12.093694 -11.168005]]

 [[ -8.894053  -7.905535  -7.12046 ]
  [ -8.169151  -7.343547  -6.673944]
  [ -6.838131  -6.277431  -5.805662]]]
ZA -  0.71273    ZP -  0.6945
Renormalised B is- 
[ 0.52836192  0.58353042  0.86442116  0.54968157  0.269699  ]
-----Interpolating non-physical mass data-----
Interpolate dR/dms to the near physical point data
24  - dy/dms =  [ 1.57379823  1.72040211  1.47666424]
-----Interpolating non-physical mass data-----
Interpolate dR/dms to the near physical point data
24  - dy/dms =  [ 17.09057659  15.81708077  13.5778284 ]
Interpolated B is -  [ 0.53201489  0.58868594  0.86797049  0.55238059  0.27156943]
Interpolated B is -  [ 0.53255018  0.60504271  0.87950718  0.58053171  0.28416455]
Unrenormalised bag is -  [[[ 1.494694  1.530186]
  [ 1.529767  1.566636]
  [ 1.537462  1.572029]]

 [[ 1.202869  1.22968 ]
  [ 1.216509  1.24246 ]
  [ 1.222191  1.247478]]

 [[-1.837128 -1.865461]
  [-1.848958 -1.874886]
  [-1.849507 -1.874272]]

 [[ 0.907511  0.923437]
  [ 0.920516  0.935717]
  [ 0.930001  0.944626]]

 [[ 0.458776  0.467692]
  [ 0.466467  0.475225]
  [ 0.471236  0.479835]]]
Unrenormalised bare ratios is -  [[[-25.114861 -21.519755]
  [-23.302703 -20.130616]
  [-22.065049 -19.249098]]

 [[ 38.267258  32.541059]
  [ 35.416393  30.371114]
  [ 33.397685  28.932602]]

 [[-18.94673  -16.10451 ]
  [-17.547552 -15.095561]
  [-16.7623   -14.52635 ]]

 [[ -9.579905  -8.161821]
  [ -8.886963  -7.662326]
  [ -8.497334  -7.384645]]]
ZA -  0.74404    ZP -  0.694
Renormalised B is- 
[ 0.52982848  0.64553012  0.89226371  0.53802731  0.29816992]
-----Interpolating non-physical mass data-----
Interpolate dR/dms to the near physical point data
32  - dy/dms =  [ 2.51619026  2.61381209  2.45061277]
-----Interpolating non-physical mass data-----
Interpolate dR/dms to the near physical point data
32  - dy/dms =  [ 24.36942361  23.51415934  22.14250538]
Interpolated B is -  [ 0.5284949   0.64368428  0.89082715  0.53702726  0.29748767]
Interpolated B is -  [ 0.54087559  0.65318429  0.89654977  0.54477358  0.30330902]
Interpolated B is -  [ 0.54368975  0.65821699  0.89674223  0.5504334   0.3063898 ]
ZA -  0.71273    ZP -  0.6945
Renormalised B is- 
[ 0.53743659  0.6019669   0.90048408  0.55854922  0.27084201]
Interpolating physical pt data to true strange physical point
uninterpolated value is  [[ 0.53743659]]
interpolated physical value is [ 0.53676115]
Interpolating physical pt data to true strange physical point
uninterpolated value is  [[ 1.01619427]]
interpolated physical value is [ 1.0089828]
Interpolated B is -  [ 0.53676115  0.60104091  0.89982465  0.55809738  0.27053351]
ZA -  0.74404    ZP -  0.694
Renormalised B is- 
[ 0.53048226  0.64945315  0.8990941   0.5219385   0.28901442]
Interpolating physical pt data to true strange physical point
uninterpolated value is  [[ 0.53048226]]
interpolated physical value is [ 0.52258761]
Interpolating physical pt data to true strange physical point
uninterpolated value is  [[ 1.06323312]]
interpolated physical value is [ 0.98379219]
Interpolated B is -  [ 0.52258761  0.63866213  0.89009117  0.51586066  0.28514455]
---Doing Global Fitting---
Scheme -  ms   Basis -  Lattice   Kinematics -  gg   Fit type -  linear
---Fitting Results---
chisq -  17.1764573849  +/-  8.31963291578
chisq/dof -  2.45377962641 +/- 1.18851898797
parameters: 
p0 -  [ 0.96586705  1.90717522  0.08840912]  +/-  0.015399632022
p1 -  [ -35.27485141  122.73911806   28.97997965]  +/-  0.176379932586
p2 -  [  34.84296358 -146.21929134  -11.42450038]  +/-  0.0435303479314
---continuum point is: yp =  0.979788014682  +/-  0.0145205033756
Saving  ./plots/linear/R1_Lattice_ms_gg .pdf
---Fitting Results---
chisq -  5.09151538033  +/-  6.22891777702
chisq/dof -  0.727359340047 +/- 0.889845396717
parameters: 
p0 -  [ 0.96586705  1.90717522  0.08840912]  +/-  0.493173377419
p1 -  [ -35.27485141  122.73911806   28.97997965]  +/-  5.5633441736
p2 -  [  34.84296358 -146.21929134  -11.42450038]  +/-  1.41353291127
---continuum point is: yp =  -34.3789466489  +/-  0.466456061246
Saving  ./plots/linear/R2_Lattice_ms_gg .pdf
---Fitting Results---
chisq -  2.76998627552  +/-  5.07787541611
chisq/dof -  0.395712325074 +/- 0.72541077373
parameters: 
p0 -  [ 0.96586705  1.90717522  0.08840912]  +/-  0.541293136128
p1 -  [ -35.27485141  122.73911806   28.97997965]  +/-  6.26881161266
p2 -  [  34.84296358 -146.21929134  -11.42450038]  +/-  1.54347803894
---continuum point is: yp =  33.7756709294  +/-  0.510722785974
Saving  ./plots/linear/R3_Lattice_ms_gg .pdf
---Fitting Results---
chisq -  2.42452413025  +/-  4.60755034146
chisq/dof -  0.346360590036 +/- 0.658221477352
parameters: 
p0 -  [ 0.96586705  1.90717522  0.08840912]  +/-  0.267637415331
p1 -  [ -35.27485141  122.73911806   28.97997965]  +/-  3.11369215704
p2 -  [  34.84296358 -146.21929134  -11.42450038]  +/-  0.765016722224
---continuum point is: yp =  -15.4923002479  +/-  0.251891684092
Saving  ./plots/linear/R4_Lattice_ms_gg .pdf
---Fitting Results---
chisq -  5.0684394199  +/-  5.88251131553
chisq/dof -  0.724062774272 +/- 0.840358759362
parameters: 
p0 -  [ 0.96586705  1.90717522  0.08840912]  +/-  0.224452177745
p1 -  [ -35.27485141  122.73911806   28.97997965]  +/-  2.51578954851
p2 -  [  34.84296358 -146.21929134  -11.42450038]  +/-  0.645009461364
---continuum point is: yp =  -15.1422869487  +/-  0.212018584939
Saving  ./plots/linear/R5_Lattice_ms_gg .pdf
---Doing Global Fitting---
Scheme -  ms   Basis -  Lattice   Kinematics -  gg   Fit type -  linear
---Fitting Results---
chisq -  20.8250463545  +/-  10.1735081689
chisq/dof -  2.97500662206 +/- 1.45335830984
parameters: 
p0 -  [ 0.50641818  0.52435494  0.07981157]  +/-  0.00499578589047
p1 -  [ 0.67973134  0.46098944 -0.24436362]  +/-  0.0720080377141
p2 -  [ 0.8831991   0.10136053  0.04721699]  +/-  0.0144469975092
---continuum point is: yp =  0.510245584216  +/-  0.00452779903602
Saving  ./plots/linear/B1_Lattice_ms_gg .pdf
---Fitting Results---
chisq -  26.1828460758  +/-  10.9558431437
chisq/dof -  3.74040658226 +/- 1.5651204491
parameters: 
p0 -  [ 0.50641818  0.52435494  0.07981157]  +/-  0.00453407120393
p1 -  [ 0.67973134  0.46098944 -0.24436362]  +/-  0.0672853768124
p2 -  [ 0.8831991   0.10136053  0.04721699]  +/-  0.0127716217608
---continuum point is: yp =  0.683096226269  +/-  0.00409174304294
Saving  ./plots/linear/B2_Lattice_ms_gg .pdf
---Fitting Results---
chisq -  14.5470145165  +/-  8.26677175549
chisq/dof -  2.07814493093 +/- 1.18096739364
parameters: 
p0 -  [ 0.50641818  0.52435494  0.07981157]  +/-  0.00635010986133
p1 -  [ 0.67973134  0.46098944 -0.24436362]  +/-  0.0914488284639
p2 -  [ 0.8831991   0.10136053  0.04721699]  +/-  0.0177642543389
---continuum point is: yp =  0.883938960872  +/-  0.00573882749769
Saving  ./plots/linear/B3_Lattice_ms_gg .pdf
---Fitting Results---
chisq -  12.6533070341  +/-  7.51033233322
chisq/dof -  1.80761529059 +/- 1.07290461903
parameters: 
p0 -  [ 0.50641818  0.52435494  0.07981157]  +/-  0.00382071620812
p1 -  [ 0.67973134  0.46098944 -0.24436362]  +/-  0.0569841126327
p2 -  [ 0.8831991   0.10136053  0.04721699]  +/-  0.0109280077892
---continuum point is: yp =  0.471635629778  +/-  0.00344905361809
Saving  ./plots/linear/B4_Lattice_ms_gg .pdf
---Fitting Results---
chisq -  23.2554667108  +/-  9.59959429998
chisq/dof -  3.32220953011 +/- 1.37137061428
parameters: 
p0 -  [ 0.50641818  0.52435494  0.07981157]  +/-  0.00216052599417
p1 -  [ 0.67973134  0.46098944 -0.24436362]  +/-  0.0323031665333
p2 -  [ 0.8831991   0.10136053  0.04721699]  +/-  0.00616027093821
---continuum point is: yp =  0.30539496908  +/-  0.00195486507634
Saving  ./plots/linear/B5_Lattice_ms_gg .pdf
---Doing Global Fitting---
Scheme -  ms   Basis -  Lattice   Kinematics -  gg   Fit type -  chiral
---Fitting Results---
chisq -  8.72545495674  +/-  5.96321080508
chisq/dof -  1.24649356525 +/- 0.851887257869
parameters: 
p0 -  [ 0.99554853  6.16833435  0.06267888]  +/-  0.0154791387663
p1 -  [-36.34043484 -32.02891954  29.81497982]  +/-  0.133141474772
p2 -  [ 35.89440881   6.50348081 -12.23703793]  +/-  0.0428035235539
---continuum point is: yp =  0.986944254707  +/-  0.0142745845796
Saving  ./plots/chiral/R1_Lattice_ms_gg .pdf
---Fitting Results---
chisq -  1.18559082718  +/-  4.05659584915
chisq/dof -  0.169370118168 +/- 0.579513692735
parameters: 
p0 -  [ 0.99554853  6.16833435  0.06267888]  +/-  0.493988917002
p1 -  [-36.34043484 -32.02891954  29.81497982]  +/-  4.25134413288
p2 -  [ 35.89440881   6.50348081 -12.23703793]  +/-  1.38380636737
---continuum point is: yp =  -34.6166231312  +/-  0.456784426838
Saving  ./plots/chiral/R2_Lattice_ms_gg .pdf
---Fitting Results---
chisq -  1.17118502093  +/-  4.14582190006
chisq/dof -  0.167312145847 +/- 0.592260271437
parameters: 
p0 -  [ 0.99554853  6.16833435  0.06267888]  +/-  0.542171675344
p1 -  [-36.34043484 -32.02891954  29.81497982]  +/-  4.7835292332
p2 -  [ 35.89440881   6.50348081 -12.23703793]  +/-  1.51124732521
---continuum point is: yp =  34.0083069721  +/-  0.50016984667
Saving  ./plots/chiral/R3_Lattice_ms_gg .pdf
---Fitting Results---
chisq -  4.2878935022  +/-  5.43602435204
chisq/dof -  0.612556214599 +/- 0.776574907434
parameters: 
p0 -  [ 0.99554853  6.16833435  0.06267888]  +/-  0.270086729937
p1 -  [-36.34043484 -32.02891954  29.81497982]  +/-  2.08781047758
p2 -  [ 35.89440881   6.50348081 -12.23703793]  +/-  0.743972037445
---continuum point is: yp =  -15.6852117854  +/-  0.244768314721
Saving  ./plots/chiral/R4_Lattice_ms_gg .pdf
---Fitting Results---
chisq -  4.0594784696  +/-  5.31714579769
chisq/dof -  0.579925495658 +/- 0.759592256813
parameters: 
p0 -  [ 0.99554853  6.16833435  0.06267888]  +/-  0.22587435583
p1 -  [-36.34043484 -32.02891954  29.81497982]  +/-  1.71464190793
p2 -  [ 35.89440881   6.50348081 -12.23703793]  +/-  0.625223359005
---continuum point is: yp =  -15.3299032431  +/-  0.20541651769
Saving  ./plots/chiral/R5_Lattice_ms_gg .pdf
---Doing Global Fitting---
Scheme -  ms   Basis -  Lattice   Kinematics -  gg   Fit type -  chiral
---Fitting Results---
chisq -  23.4112794002  +/-  10.6943149581
chisq/dof -  3.34446848575 +/- 1.52775927973
parameters: 
p0 -  [ 0.50098545 -0.17390012  0.08539499]  +/-  0.00493380351151
p1 -  [ 0.67192218 -0.47122821 -0.23536613]  +/-  0.0780986513152
p2 -  [ 0.87291582 -1.10689065  0.05926241]  +/-  0.0143750730347
---continuum point is: yp =  0.508711857307  +/-  0.00450502462902
Saving  ./plots/chiral/B1_Lattice_ms_gg .pdf
---Fitting Results---
chisq -  33.7807774781  +/-  12.3830497844
chisq/dof -  4.82582535402 +/- 1.76900711206
parameters: 
p0 -  [ 0.50098545 -0.17390012  0.08539499]  +/-  0.00449949159725
p1 -  [ 0.67192218 -0.47122821 -0.23536613]  +/-  0.0732602147022
p2 -  [ 0.87291582 -1.10689065  0.05926241]  +/-  0.0127468438793
---continuum point is: yp =  0.6805476731  +/-  0.00408982920132
Saving  ./plots/chiral/B2_Lattice_ms_gg .pdf
---Fitting Results---
chisq -  17.7736214651  +/-  9.14688350783
chisq/dof -  2.53908878072 +/- 1.30669764398
parameters: 
p0 -  [ 0.50098545 -0.17390012  0.08539499]  +/-  0.00628251555295
p1 -  [ 0.67192218 -0.47122821 -0.23536613]  +/-  0.0998938728132
p2 -  [ 0.87291582 -1.10689065  0.05926241]  +/-  0.0176885237013
---continuum point is: yp =  0.880510516387  +/-  0.00571839950932
Saving  ./plots/chiral/B3_Lattice_ms_gg .pdf
---Fitting Results---
chisq -  15.1079256334  +/-  8.31727522066
chisq/dof -  2.15827509049 +/- 1.18818217438
parameters: 
p0 -  [ 0.50098545 -0.17390012  0.08539499]  +/-  0.00387772925841
p1 -  [ 0.67192218 -0.47122821 -0.23536613]  +/-  0.0524728275141
p2 -  [ 0.87291582 -1.10689065  0.05926241]  +/-  0.0110051906788
---continuum point is: yp =  0.473465678354  +/-  0.00347384479856
Saving  ./plots/chiral/B4_Lattice_ms_gg .pdf
---Fitting Results---
chisq -  24.0867817782  +/-  9.98890100876
chisq/dof -  3.44096882545 +/- 1.42698585839
parameters: 
p0 -  [ 0.50098545 -0.17390012  0.08539499]  +/-  0.0021909869184
p1 -  [ 0.67192218 -0.47122821 -0.23536613]  +/-  0.0298965701945
p2 -  [ 0.87291582 -1.10689065  0.05926241]  +/-  0.00620665690748
---continuum point is: yp =  0.306413353131  +/-  0.00196727766847
Saving  ./plots/chiral/B5_Lattice_ms_gg .pdf
