----------------------setting up as----------------------------
----------------------setting up as----------------------------
----------------------setting up as----------------------------
----------------------setting up as----------------------------
Unrenormalised bag is -  [ 1.55114   1.512895  1.555642  1.50854   1.584835]
Unrenormalised bare ratios is -  [[-21.438699]
 [-21.405287]
 [-21.442041]
 [-21.389137]]
ZA -  0.71273    ZP -  0.6945
Renormalised B is- 
[ 0.53306264  0.83835826  0.08415093 -0.7440333   1.59478313]
(0, 0, 0, 0) (5,) (5,)
(0, 1, 0, 0) (5,) (5,)
(0, 2, 0, 0) (5,) (5,)
Renormalised R is- 
[  0.99362713 -15.52948503  -3.93111527 -26.71292797  12.59878124]
(5, 3, 1, 3, 1)
-----Interpolating non-physical mass data-----
m_val_s   [0.03, 0.035, 0.04]
[0.5330626395825]
0 0
1 0
