----------------------setting up as----------------------------
----------------------setting up as----------------------------
----------------------setting up as----------------------------
----------------------setting up as----------------------------
Reading 2pts...
Done

Reading 3pts...
Done

-----Interpolating non-physical mass data-----
Interpolate dR/dms to the near physical point data
-----Interpolating non-physical mass data-----
Interpolate dR/dms to the near physical point data
(5, 3, 1, 501) (5, 3, 1, 501) (501,) (1, 3, 4, 1, 501)
0
[[ 0.00875821]
 [ 0.00876703]
 [ 0.00950307]]
1
[[ 0.17543004]
 [ 0.18437042]
 [ 0.19312903]] [[-0.15617499]
 [-0.14810887]
 [-0.14778474]]
2
[[-0.06196803]
 [-0.06524523]
 [-0.06842879]] [[ 0.05550594]
 [ 0.05250971]
 [ 0.0521596 ]]
3
[[-0.33087406]
 [-0.33525427]
 [-0.34940332]] [[ 0.29061241]
 [ 0.26934115]
 [ 0.26482613]]
4
[[-0.0695384 ]
 [-0.07148324]
 [-0.07578123]] [[ 0.06094091]
 [ 0.05705981]
 [ 0.05718705]]
Reading 2pts...
Done

Reading 3pts...
Done

-----Interpolating non-physical mass data-----
Interpolate dR/dms to the near physical point data
-----Interpolating non-physical mass data-----
Interpolate dR/dms to the near physical point data
(5, 3, 1, 501) (5, 3, 1, 501) (501,) (1, 3, 3, 1, 501)
0
[[ 0.00866658]
 [ 0.00886961]
 [ 0.00891576]]
1
[[ 0.16913089]
 [ 0.17157063]
 [ 0.17335313]] [[-0.15437447]
 [-0.15666105]
 [-0.15326788]]
2
[[-0.05656067]
 [-0.05723132]
 [-0.05783259]] [[ 0.05166753]
 [ 0.0522807 ]
 [ 0.05106569]]
3
[[-0.33733633]
 [-0.33949304]
 [-0.3395565 ]] [[ 0.30599289]
 [ 0.31222018]
 [ 0.30042795]]
4
[[-0.07628274]
 [-0.07741511]
 [-0.07801749]] [[ 0.06948142]
 [ 0.07109521]
 [ 0.06904932]]
 Reading Physical point Bag data...
Done

 Reading Physical point Mass data...
Done

Done

2 24
