----------------------setting up as----------------------------
----------------------setting up as----------------------------
----------------------setting up as----------------------------
----------------------setting up as----------------------------
Reading 2pts...
Done

Reading 3pts...
Done

-----Interpolating non-physical mass data-----
Interpolate dR/dms to the near physical point data
-----Interpolating non-physical mass data-----
Interpolate dR/dms to the near physical point data
(5, 3, 1, 501) (5, 3, 1, 501) (501,) (1, 3, 4, 1, 501)
0
[[ 0.00875821]
 [ 0.00876703]
 [ 0.00950307]]
1
[[ 0.17543004]
 [ 0.18437042]
 [ 0.19312903]] [[-0.15617499]
 [-0.14810887]
 [-0.14778474]]
2
[[-0.06196803]
 [-0.06524523]
 [-0.06842879]] [[ 0.05550594]
 [ 0.05250971]
 [ 0.0521596 ]]
3
[[-0.33087406]
 [-0.33525427]
 [-0.34940332]] [[ 0.29061241]
 [ 0.26934115]
 [ 0.26482613]]
4
[[-0.0695384 ]
 [-0.07148324]
 [-0.07578123]] [[ 0.06094091]
 [ 0.05705981]
 [ 0.05718705]]
Reading 2pts...
Done

Reading 3pts...
Done

-----Interpolating non-physical mass data-----
Interpolate dR/dms to the near physical point data
-----Interpolating non-physical mass data-----
Interpolate dR/dms to the near physical point data
(5, 3, 1, 501) (5, 3, 1, 501) (501,) (1, 3, 3, 1, 501)
0
[[ 0.00866658]
 [ 0.00886961]
 [ 0.00891576]]
1
[[ 0.16913089]
 [ 0.17157063]
 [ 0.17335313]] [[-0.15437447]
 [-0.15666105]
 [-0.15326788]]
2
[[-0.05656067]
 [-0.05723132]
 [-0.05783259]] [[ 0.05166753]
 [ 0.0522807 ]
 [ 0.05106569]]
3
[[-0.33733633]
 [-0.33949304]
 [-0.3395565 ]] [[ 0.30599289]
 [ 0.31222018]
 [ 0.30042795]]
4
[[-0.07628274]
 [-0.07741511]
 [-0.07801749]] [[ 0.06948142]
 [ 0.07109521]
 [ 0.06904932]]
 Reading Physical point Bag data...
Done

 Reading Physical point Mass data...
Done

Done

2 24
Interpolating physical pt data to true strange physical point
Interpolating physical pt data to true strange physical point
(5, 1, 1, 501) (5, 1, 1, 501) (501,) (1, 1, 2, 1, 501)
0
[[ 0.00883593]]
1
[[ 0.1772499]] [[-0.17015383]]
2
[[-0.06297812]] [[ 0.06045107]]
3
[[-0.34303037]] [[ 0.32952926]]
4
[[-0.07098246]] [[ 0.06821665]]
 Reading Physical point Bag data...
Done

 Reading Physical point Mass data...
Done

Done

3 32
Interpolating physical pt data to true strange physical point
Interpolating physical pt data to true strange physical point
(5, 1, 1, 501) (5, 1, 1, 501) (501,) (1, 1, 2, 1, 501)
0
[[ 0.00854915]]
1
[[ 0.16245412]] [[-0.17068296]]
2
[[-0.05438076]] [[ 0.05715954]]
3
[[-0.33728549]] [[ 0.35444795]]
4
[[-0.07569489]] [[ 0.07948673]]
do log value is -  0
---Doing Global Fitting---
Scheme -  ms   Basis -  SUSY   Kinematics -  qq
Doing  R
Channel -  0
---Fitting Results---
parameters: 
p0 -  1.0017520414  +/-  0.626812077784
p1 -  1.45321220294  +/-  0.603568052381
p2 -  0.0144152855831  +/-  0.569762783214


chisq -  29.3946588757  +/-  10.9172540049
chisq/dof -  4.19923698224 +/- 1.55960771499
---continuum point is: yp =  1.01235941538  +/-  0.0149463955978
Saving  ./plots/linear/R1_SUSY_ms_qq .pdf
Scheme -  ms   Basis -  SUSY   Kinematics -  qq
Doing  R
Channel -  1
---Fitting Results---
parameters: 
p0 -  -20.1548537435  +/-  35.1714216746
p1 -  63.1176806616  +/-  34.5646951149
p2 -  1.95716314046  +/-  35.2965638248


chisq -  1.64663061175  +/-  4.24910136328
chisq/dof -  0.235232944535 +/- 0.607014480469
---continuum point is: yp =  -19.69414137  +/-  0.314737809251
Saving  ./plots/linear/R2_SUSY_ms_qq .pdf
Scheme -  ms   Basis -  SUSY   Kinematics -  qq
Doing  R
Channel -  2
---Fitting Results---
parameters: 
p0 -  6.27829351354  +/-  11.9788362716
p1 -  -21.1914236935  +/-  11.7962713459
p2 -  1.92501809316  +/-  12.2366733437


chisq -  1.07565118795  +/-  3.91529502272
chisq/dof -  0.153664455421 +/- 0.559327860388
---continuum point is: yp =  6.12361179831  +/-  0.107999121879
Saving  ./plots/linear/R3_SUSY_ms_qq .pdf
Scheme -  ms   Basis -  SUSY   Kinematics -  qq
Doing  R
Channel -  3
---Fitting Results---
parameters: 
p0 -  44.5931110243  +/-  94.0776060006
p1 -  -179.130947628  +/-  93.1117564214
p2 -  -19.4659969692  +/-  95.3119789521


chisq -  3.37840476342  +/-  5.34331759848
chisq/dof -  0.482629251917 +/- 0.763331085497
---continuum point is: yp =  43.2855876303  +/-  0.641825560484
Saving  ./plots/linear/R4_SUSY_ms_qq .pdf
Scheme -  ms   Basis -  SUSY   Kinematics -  qq
Doing  R
Channel -  4
---Fitting Results---
parameters: 
p0 -  10.7490217796  +/-  19.255154124
p1 -  -36.1770427397  +/-  19.0489416938
p2 -  -8.58088143664  +/-  19.28789732


chisq -  6.08164654602  +/-  6.49874525039
chisq/dof -  0.868806649432 +/- 0.928392178628
---continuum point is: yp =  10.4849561319  +/-  0.143361142601
Saving  ./plots/linear/R5_SUSY_ms_qq .pdf
do log value is -  0
---Doing Global Fitting---
Scheme -  ms   Basis -  SUSY   Kinematics -  qq
Doing  B
Channel -  0
---Fitting Results---
parameters: 
p0 -  0.528979051003  +/-  0.200313897734
p1 -  0.374261632138  +/-  0.196673723037
p2 -  0.0658484938323  +/-  0.197042279577


chisq -  18.9838190371  +/-  9.60276493621
chisq/dof -  2.71197414815 +/- 1.37182356232
---continuum point is: yp =  0.531710884033  +/-  0.00349424291203
Saving  ./plots/linear/B1_SUSY_ms_qq .pdf
Scheme -  ms   Basis -  SUSY   Kinematics -  qq
Doing  B
Channel -  1
---Fitting Results---
parameters: 
p0 -  0.492440249266  +/-  0.207070235678
p1 -  0.866120540986  +/-  0.215548276087
p2 -  0.282725058363  +/-  0.228072862296


chisq -  6.83822477591  +/-  5.79275024041
chisq/dof -  0.976889253701 +/- 0.82753574863
---continuum point is: yp =  0.498762288447  +/-  0.00297400208746
Saving  ./plots/linear/B2_SUSY_ms_qq .pdf
Scheme -  ms   Basis -  SUSY   Kinematics -  qq
Doing  B
Channel -  2
---Fitting Results---
parameters: 
p0 -  0.751656396433  +/-  0.209009628171
p1 -  1.43252983019  +/-  0.236556201651
p2 -  0.872443517223  +/-  0.247537147144


chisq -  5.01102396766  +/-  5.22321751598
chisq/dof -  0.715860566809 +/- 0.746173930854
---continuum point is: yp =  0.762112804387  +/-  0.00540049764427
Saving  ./plots/linear/B3_SUSY_ms_qq .pdf
Scheme -  ms   Basis -  SUSY   Kinematics -  qq
Doing  B
Channel -  3
---Fitting Results---
parameters: 
p0 -  0.939428295388  +/-  0.526523322011
p1 -  -0.115354474307  +/-  0.485148227777
p2 -  0.0491843240943  +/-  0.44771448987


chisq -  12.7669029405  +/-  7.86472966379
chisq/dof -  1.82384327722 +/- 1.12353280911
---continuum point is: yp =  0.938586293066  +/-  0.00514092135957
Saving  ./plots/linear/B4_SUSY_ms_qq .pdf
Scheme -  ms   Basis -  SUSY   Kinematics -  qq
Doing  B
Channel -  4
---Fitting Results---
parameters: 
p0 -  0.694442167331  +/-  0.422211900217
p1 -  0.181895402346  +/-  0.413708203127
p2 -  -0.305469240418  +/-  0.398878952057


chisq -  33.4722286199  +/-  12.3194339659
chisq/dof -  4.7817469457 +/- 1.75991913799
---continuum point is: yp =  0.695769869199  +/-  0.00345360351892
Saving  ./plots/linear/B5_SUSY_ms_qq .pdf
do log value is -  1
---Doing Global Fitting---
Scheme -  ms   Basis -  SUSY   Kinematics -  qq
Doing  R
Channel -  0
---Fitting Results---
parameters: 
p0 -  1.0327770007  +/-  2.57619102531
p1 -  5.87184231157  +/-  2.56550312824
p2 -  -0.012933380967  +/-  2.51989841472


chisq -  18.4127100467  +/-  8.60145268907
chisq/dof -  2.63038714953 +/- 1.22877895558
---continuum point is: yp =  1.02000311653  +/-  0.014676307818
Saving  ./plots/chiral/R1_SUSY_ms_qq .pdf
Scheme -  ms   Basis -  SUSY   Kinematics -  qq
Doing  R
Channel -  1
---Fitting Results---
parameters: 
p0 -  -21.2065049533  +/-  37.582057054
p1 -  -87.1810760565  +/-  37.9814180665
p2 -  2.83339190504  +/-  36.5480202472


chisq -  4.23461707914  +/-  5.44766214175
chisq/dof -  0.60494529702 +/- 0.778237448821
---continuum point is: yp =  -19.9389300613  +/-  0.30573840675
Saving  ./plots/chiral/R2_SUSY_ms_qq .pdf
Scheme -  ms   Basis -  SUSY   Kinematics -  qq
Doing  R
Channel -  2
---Fitting Results---
parameters: 
p0 -  6.60572169234  +/-  10.2286299131
p1 -  25.6092326834  +/-  10.2854659189
p2 -  1.65314058595  +/-  9.73305914397


chisq -  4.6826695692  +/-  5.67037875146
chisq/dof -  0.6689527956 +/- 0.810054107352
---continuum point is: yp =  6.19958464027  +/-  0.105320443082
Saving  ./plots/chiral/R3_SUSY_ms_qq .pdf
Scheme -  ms   Basis -  SUSY   Kinematics -  qq
Doing  R
Channel -  3
---Fitting Results---
parameters: 
p0 -  45.9420188383  +/-  26.7874364614
p1 -  16.348716706  +/-  26.9074773808
p2 -  -20.5159102074  +/-  26.0677722947


chisq -  1.70119692757  +/-  4.41275042855
chisq/dof -  0.243028132511 +/- 0.630392918364
---continuum point is: yp =  43.5865318012  +/-  0.628297212444
Saving  ./plots/chiral/R4_SUSY_ms_qq .pdf
Scheme -  ms   Basis -  SUSY   Kinematics -  qq
Doing  R
Channel -  4
---Fitting Results---
parameters: 
p0 -  11.0750710937  +/-  9.22886359371
p1 -  10.9829366896  +/-  9.41338656187
p2 -  -8.83909288034  +/-  8.95309890005


chisq -  2.08667032089  +/-  4.48445735726
chisq/dof -  0.298095760127 +/- 0.640636765322
---continuum point is: yp =  10.5586426428  +/-  0.140373801982
Saving  ./plots/chiral/R5_SUSY_ms_qq .pdf
do log value is -  1
---Doing Global Fitting---
Scheme -  ms   Basis -  SUSY   Kinematics -  qq
Doing  B
Channel -  0
---Fitting Results---
parameters: 
p0 -  0.524016401905  +/-  0.413151795049
p1 -  -0.365545922314  +/-  0.391041381025
p2 -  0.0697316193701  +/-  0.34992089004


chisq -  23.0240177578  +/-  10.4639627179
chisq/dof -  3.28914539397 +/- 1.49485181685
---continuum point is: yp =  0.530757486085  +/-  0.00348580414063
Saving  ./plots/chiral/B1_SUSY_ms_qq .pdf
Scheme -  ms   Basis -  SUSY   Kinematics -  qq
Doing  B
Channel -  1
---Fitting Results---
parameters: 
p0 -  0.497584289128  +/-  0.528864864428
p1 -  1.56697089485  +/-  0.537493651987
p2 -  0.277776941748  +/-  0.551009371152


chisq -  6.9528739608  +/-  5.87674978574
chisq/dof -  0.993267708686 +/- 0.839535683677
---continuum point is: yp =  0.500087336482  +/-  0.0029756633522
Saving  ./plots/chiral/B2_SUSY_ms_qq .pdf
Scheme -  ms   Basis -  SUSY   Kinematics -  qq
Doing  B
Channel -  2
---Fitting Results---
parameters: 
p0 -  0.759025645397  +/-  0.721151501344
p1 -  2.50597518172  +/-  0.744597492434
p2 -  0.866242464815  +/-  0.752295132031


chisq -  5.60466975128  +/-  5.49781241611
chisq/dof -  0.800667107326 +/- 0.785401773729
---continuum point is: yp =  0.763688258197  +/-  0.00540057931866
Saving  ./plots/chiral/B3_SUSY_ms_qq .pdf
Scheme -  ms   Basis -  SUSY   Kinematics -  qq
Doing  B
Channel -  3
---Fitting Results---
parameters: 
p0 -  0.929511615507  +/-  1.05485266165
p1 -  -1.41571629489  +/-  0.999160567109
p2 -  0.0591882677215  +/-  0.953387754287


chisq -  18.6616364541  +/-  9.37447472626
chisq/dof -  2.66594806488 +/- 1.33921067518
---continuum point is: yp =  0.935868351743  +/-  0.00513865952976
Saving  ./plots/chiral/B4_SUSY_ms_qq .pdf
Scheme -  ms   Basis -  SUSY   Kinematics -  qq
Doing  B
Channel -  4
---Fitting Results---
parameters: 
p0 -  0.687237019097  +/-  0.665353624801
p1 -  -0.781978913188  +/-  0.631232914166
p2 -  -0.298403641647  +/-  0.586703450576


chisq -  46.2444793993  +/-  14.3614904276
chisq/dof -  6.6063541999 +/- 2.05164148966
---continuum point is: yp =  0.693869258763  +/-  0.00346377274539
Saving  ./plots/chiral/B5_SUSY_ms_qq .pdf
