----------------------setting up as----------------------------
----------------------setting up as----------------------------
----------------------setting up as----------------------------
----------------------setting up as----------------------------
24 MOM SUSY qq
Unrenormalised bag is -  [ 1.531126  1.184277 -1.791854  0.945944  0.489873]
Unrenormalised bare ratios is -  [[-21.395342 -21.323851 -21.438699 ..., -21.42395  -21.301824 -21.405902]
 [ 32.387562  32.279551  32.458398 ...,  32.469014  32.271109  32.418288]
 [-17.220644 -17.180836 -17.23766  ..., -17.379827 -17.277187 -17.271899]
 [ -8.862963  -8.846121  -8.872476 ...,  -8.945566  -8.890274  -8.894053]]
data/ZMOM_boot_mu_match_24cubed_qq_block.out
Z matrix is - 
[[ 0.956451  0.        0.        0.        0.      ]
 [ 0.        1.049965  0.282206  0.        0.      ]
 [ 0.        0.061294  0.98888   0.        0.      ]
 [ 0.        0.        0.        1.027146 -0.040576]
 [ 0.        0.        0.       -0.281005  1.16703 ]]
Renormalised B is- 
[ 0.54916762  0.52605363  0.47411732  0.75574343  0.89383855]
Renormalised R is- 
[  0.99437596 -15.84584034   2.89162839  27.04853923  10.65040118]
-----Interpolating non-physical mass data-----
Interpolate dR/dms to the near physical point data
24  - dy/dms =  [[ 1.63577087]
 [ 1.78814768]
 [ 1.53481196]]
Interpolated dy/dms =  [ 1.82152486]
-----Interpolating non-physical mass data-----
Interpolate dR/dms to the near physical point data
24  - dy/dms =  [[ 17.09057659]
 [ 15.81708077]
 [ 13.5778284 ]]
Interpolated dy/dms =  [ 18.01326238]
(5, 3, 1, 501) (5, 3, 1, 501) (501,) (1, 3, 4, 1, 501)
0
[[ 0.00883671]
 [ 0.0088456 ]
 [ 0.00958825]]
1
[[ 0.15827861]
 [ 0.16639376]
 [ 0.17433285]] [[-0.14104528]
 [-0.1337075 ]
 [-0.13331845]]
2
[[-0.02847396]
 [-0.0300625 ]
 [-0.03158759]] [[ 0.02574026]
 [ 0.02426148]
 [ 0.0239371 ]]
3
[[-0.27254076]
 [-0.27572199]
 [-0.28682477]] [[ 0.23943385]
 [ 0.22166715]
 [ 0.21749977]]
4
[[-0.10783742]
 [-0.11030335]
 [-0.11625733]] [[ 0.09457776]
 [ 0.08824259]
 [ 0.08786201]]
Interpolated B is -  [[ 0.55296444]
 [ 0.52856519]
 [ 0.47543841]
 [ 0.75844928]
 [ 0.90029702]]
Interpolated B is -  [[ 0.55352081]
 [ 0.55566542]
 [ 0.50196268]
 [ 0.76730227]
 [ 0.92088424]]
32 MOM SUSY qq
Unrenormalised bag is -  [ 1.494694  1.202869 -1.837128  0.907511  0.458776]
Unrenormalised bare ratios is -  [[-25.125635 -25.043168 -25.038251 ..., -25.028875 -24.923587 -25.114861]
 [ 38.287211  38.137487  38.10305  ...,  38.172154  37.97357   38.267258]
 [-19.01485  -18.905824 -18.819727 ..., -18.964935 -18.867802 -18.94673 ]
 [ -9.598064  -9.555677  -9.515797 ...,  -9.573961  -9.53175   -9.579905]]
data/ZMOM_boot_mu_match_32cubed_qq_block.out
Z matrix is - 
[[ 0.97868   0.        0.        0.        0.      ]
 [ 0.        1.047955  0.278064  0.        0.      ]
 [ 0.        0.047297  0.900244  0.        0.      ]
 [ 0.        0.        0.        0.945122 -0.025057]
 [ 0.        0.        0.       -0.278169  1.208091]]
Renormalised B is- 
[ 0.54856017  0.50257565  0.34175635  0.75686047  1.00989745]
Renormalised R is- 
[  1.02231611 -15.92173536   2.16411724  28.69096362  12.80105357]
-----Interpolating non-physical mass data-----
Interpolate dR/dms to the near physical point data
32  - dy/dms =  [[ 2.60514829]
 [ 2.70622147]
 [ 2.53725237]]
Interpolated dy/dms =  [ 2.83130821]
-----Interpolating non-physical mass data-----
Interpolate dR/dms to the near physical point data
32  - dy/dms =  [[ 24.36942361]
 [ 23.51415934]
 [ 22.14250538]]
Interpolated dy/dms =  [ 26.47174774]
(5, 3, 1, 501) (5, 3, 1, 501) (501,) (1, 3, 3, 1, 501)
0
[[ 0.00874426]
 [ 0.00894911]
 [ 0.00899567]]
1
[[ 0.15022136]
 [ 0.15232802]
 [ 0.15391337]] [[-0.13713209]
 [-0.1391001 ]
 [-0.13605298]]
2
[[-0.02044373]
 [-0.02057112]
 [-0.02079254]] [[ 0.01870813]
 [ 0.01880979]
 [ 0.01830707]]
3
[[-0.27157541]
 [-0.27303097]
 [-0.27282601]] [[ 0.24621738]
 [ 0.25114118]
 [ 0.24137747]]
4
[[-0.12067302]
 [-0.1220972 ]
 [-0.12271523]] [[ 0.10975076]
 [ 0.11218655]
 [ 0.10859662]]
Interpolated B is -  [[ 0.54717944]
 [ 0.50165831]
 [ 0.3413551 ]
 [ 0.75576282]
 [ 1.00745699]]
Interpolated B is -  [[ 0.55999784]
 [ 0.50869342]
 [ 0.34348221]
 [ 0.75981347]
 [ 1.01934697]]
Interpolated B is -  [[ 0.5629115 ]
 [ 0.51398764]
 [ 0.3471794 ]
 [ 0.75924308]
 [ 1.02450672]]
48 MOM SUSY qq
Unrenormalised bag is -  [[ 1.55547701  1.55757778  1.55362159 ...,  1.5598041   1.55646184
   1.55742327]
 [ 1.22580799  1.22666295  1.22750156 ...,  1.22727901  1.22685875
   1.22644856]
 [-1.86547726 -1.86677924 -1.8678765  ..., -1.86694583 -1.86659135
  -1.86617962]
 [ 0.96107359  0.96078683  0.96008066 ...,  0.96052682  0.96087227
   0.96112814]
 [ 0.49515669  0.49498506  0.49461602 ...,  0.49480345  0.49504743
   0.49513115]]
Unrenormalised bare ratios is -  [[-23.320056   -23.26213436 -23.333959   ..., -23.25488322 -23.3141627
  -23.28736511]
 [ 35.49050983  35.40023346  35.50647587 ...,  35.37570546  35.4685722
   35.43416867]
 [-18.27854849 -18.21654545 -18.24633115 ..., -18.19446715 -18.25215609
  -18.24681984]
 [ -9.41735237  -9.38455152  -9.39975583 ...,  -9.37283193  -9.40358238
   -9.39991398]]
data/ZMOM_boot_mu_match_24cubed_qq_block.out
Z matrix is - 
[[ 0.956451  0.        0.        0.        0.      ]
 [ 0.        1.049965  0.282206  0.        0.      ]
 [ 0.        0.061294  0.98888   0.        0.      ]
 [ 0.        0.        0.        1.027146 -0.040576]
 [ 0.        0.        0.       -0.281005  1.16703 ]]
Renormalised B is- 
[ 0.55859964  0.53495954  0.48767676  0.78812273  0.92515938]
Renormalised R is- 
[  1.01619427 -17.10643277   3.11892881  30.24653652  11.83532082]
Interpolating physical pt data to true strange physical point
uninterpolated value is  [[[ 0.55859964]]]
interpolated physical value is [[ 0.55787103]]
Interpolating physical pt data to true strange physical point
uninterpolated value is  [[[ 1.01619427]]]
interpolated physical value is [[ 1.00898897]]
(5, 1, 1, 501) (5, 1, 1, 501) (501,) (1, 1, 2, 1, 501)
0
[[ 0.00891512]]
1
[[ 0.1600711]] [[-0.15366044]]
2
[[-0.02919301]] [[ 0.02801759]]
3
[[-0.28301663]] [[ 0.27186603]]
4
[[-0.11067332]] [[ 0.10634569]]
Interpolated B is -  [[ 0.55787103]
 [ 0.53455114]
 [ 0.48744447]
 [ 0.78760241]
 [ 0.92397298]]
64 MOM SUSY qq
Unrenormalised bag is -  [[ 1.50328786  1.50021978  1.49073349 ...,  1.49891112  1.49406376
   1.49402816]
 [ 1.21768767  1.21438758  1.20813651 ...,  1.21401807  1.21248286
   1.21129582]
 [-1.86216181 -1.85639799 -1.84712784 ..., -1.85573146 -1.85395225
  -1.8518476 ]
 [ 0.88388738  0.88146122  0.87764092 ...,  0.88278268  0.87955024
   0.88028528]
 [ 0.44681842  0.44543438  0.44362705 ...,  0.44620933  0.44448511
   0.44490857]]
Unrenormalised bare ratios is -  [[-27.0266202  -26.96227548 -27.00766991 ..., -26.98906211 -27.00836066
  -27.01458487]
 [ 41.32925752  41.21400015  41.29248885 ...,  41.25236288  41.29502243
   41.299702  ]
 [-19.62073739 -19.56596908 -19.61910041 ..., -19.62761957 -19.59831638
  -19.6339144 ]
 [ -9.91863653  -9.88849381  -9.91683959 ...,  -9.92066689  -9.90416295
   -9.92335964]]
data/ZMOM_boot_mu_match_32cubed_qq_block.out
Z matrix is - 
[[ 0.97868   0.        0.        0.        0.      ]
 [ 0.        1.047955  0.278064  0.        0.      ]
 [ 0.        0.047297  0.900244  0.        0.      ]
 [ 0.        0.        0.        0.945122 -0.025057]
 [ 0.        0.        0.       -0.278169  1.208091]]
Renormalised B is- 
[ 0.5483158   0.48751807  0.3317694   0.7631178   1.01689713]
Renormalised R is- 
[  1.06323312 -17.16077615   2.33559671  32.23119628  14.31690375]
Interpolating physical pt data to true strange physical point
uninterpolated value is  [[[ 0.5483158]]]
interpolated physical value is [[ 0.53976525]]
Interpolating physical pt data to true strange physical point
uninterpolated value is  [[[ 1.06323312]]]
interpolated physical value is [[ 0.98328844]]
(5, 1, 1, 501) (5, 1, 1, 501) (501,) (1, 1, 2, 1, 501)
0
[[ 0.00862578]]
1
[[ 0.14431296]] [[-0.15163346]]
2
[[-0.01969752]] [[ 0.02072112]]
3
[[-0.27178851]] [[ 0.28564108]]
4
[[-0.120071]] [[ 0.12612052]]
Interpolated B is -  [[ 0.53976525]
 [ 0.48192744]
 [ 0.32889552]
 [ 0.75635585]
 [ 1.00243091]]
do log value is -  0
---Doing Global Fitting---
Scheme -  MOM   Basis -  SUSY   Kinematics -  qq   Fit type -  linear
Channel -  1
---Fitting Results---
chisq -  17.2187095862  +/-  8.337031273
chisq/dof -  2.45981565517 +/- 1.19100446757
parameters: 
p0 -  0.965658816264  +/-  0.780623203081
p1 -  1.90876443541  +/-  0.74945991627
p2 -  0.0889937952633  +/-  0.71091358539
---continuum point is: yp =  0.97959138451  +/-  0.0145117329435
Saving  ./plots/linear/R1_SUSY_MOM_qq .pdf
Channel -  2
---Fitting Results---
chisq -  5.10944636986  +/-  5.69862016165
chisq/dof -  0.72992090998 +/- 0.814088594521
parameters: 
p0 -  -17.631767119  +/-  32.3503693059
p1 -  58.3654941288  +/-  31.8010988415
p2 -  0.325945480657  +/-  32.690049593
---continuum point is: yp =  -17.2057421915  +/-  0.280821437177
Saving  ./plots/linear/R2_SUSY_MOM_qq .pdf
Channel -  3
---Fitting Results---
chisq -  4.22570750714  +/-  5.41284562694
chisq/dof -  0.60367250102 +/- 0.773263660992
parameters: 
p0 -  1.49724763487  +/-  5.44444239112
p1 -  -8.08654040402  +/-  5.43358133229
p2 -  5.0426141234  +/-  5.8453210606
---continuum point is: yp =  1.43822187246  +/-  0.0467547604365
Saving  ./plots/linear/R3_SUSY_MOM_qq .pdf
Channel -  4
---Fitting Results---
chisq -  8.51619310601  +/-  7.1483699657
chisq/dof -  1.21659901514 +/- 1.02119570939
parameters: 
p0 -  35.2278738039  +/-  78.5785310036
p1 -  -150.13614284  +/-  77.7985569781
p2 -  -11.8370427281  +/-  80.041045172
---continuum point is: yp =  34.1319910341  +/-  0.519164696279
Saving  ./plots/linear/R4_SUSY_MOM_qq .pdf
Channel -  5
---Fitting Results---
chisq -  11.8009085185  +/-  8.27107207585
chisq/dof -  1.68584407407 +/- 1.18158172512
parameters: 
p0 -  17.2213783329  +/-  31.8237010451
p1 -  -60.3014225083  +/-  31.4950649336
p2 -  -14.9204674422  +/-  31.8642430779
---continuum point is: yp =  16.7812225604  +/-  0.227938995535
Saving  ./plots/linear/R5_SUSY_MOM_qq .pdf
do log value is -  0
---Doing Global Fitting---
Scheme -  MOM   Basis -  SUSY   Kinematics -  qq   Fit type -  linear
Channel -  1
---Fitting Results---
chisq -  21.6755678929  +/-  10.3070223879
chisq/dof -  3.09650969899 +/- 1.47243176971
parameters: 
p0 -  0.517178175276  +/-  0.198272905294
p1 -  0.60584682288  +/-  0.211404441738
p2 -  0.109124034157  +/-  0.234441106214
---continuum point is: yp =  0.521600408869  +/-  0.00364028386819
Saving  ./plots/linear/B1_SUSY_MOM_qq .pdf
Channel -  2
---Fitting Results---
chisq -  11.7904034951  +/-  7.43114632402
chisq/dof -  1.68434335645 +/- 1.061592332
parameters: 
p0 -  0.416619100053  +/-  0.226013994008
p1 -  0.921006693697  +/-  0.2310256712
p2 -  0.335469212012  +/-  0.247314105426
---continuum point is: yp =  0.423341767543  +/-  0.00274694770634
Saving  ./plots/linear/B2_SUSY_MOM_qq .pdf
Channel -  3
---Fitting Results---
chisq -  7.56460481557  +/-  6.50939176201
chisq/dof -  1.0806578308 +/- 0.929913108859
parameters: 
p0 -  0.139860389285  +/-  0.358482855293
p1 -  0.649256447282  +/-  0.364046217527
p2 -  1.02775470366  +/-  0.360585574184
---continuum point is: yp =  0.144599481021  +/-  0.00343124966047
Saving  ./plots/linear/B3_SUSY_MOM_qq .pdf
Channel -  4
---Fitting Results---
chisq -  11.4579107041  +/-  7.38938159945
chisq/dof -  1.63684438631 +/- 1.05562594278
parameters: 
p0 -  0.722771161936  +/-  0.343380533821
p1 -  0.0496358800909  +/-  0.307303820819
p2 -  0.192492029058  +/-  0.28234420324
---continuum point is: yp =  0.72313346714  +/-  0.00423413608119
Saving  ./plots/linear/B4_SUSY_MOM_qq .pdf
Channel -  5
---Fitting Results---
chisq -  27.8477693064  +/-  11.270025028
chisq/dof -  3.97825275805 +/- 1.61000357544
parameters: 
p0 -  1.09245896438  +/-  0.673689700573
p1 -  0.46506971837  +/-  0.665498849877
p2 -  -0.513369732608  +/-  0.653005400773
---continuum point is: yp =  1.09585362926  +/-  0.00545838985733
Saving  ./plots/linear/B5_SUSY_MOM_qq .pdf
do log value is -  1
---Doing Global Fitting---
Scheme -  MOM   Basis -  SUSY   Kinematics -  qq   Fit type -  chiral
Channel -  1
---Fitting Results---
chisq -  8.77729594713  +/-  5.99393557275
chisq/dof -  1.25389942102 +/- 0.856276510392
parameters: 
p0 -  0.995330468246  +/-  2.70014472741
p1 -  6.16901803218  +/-  2.68845426851
p2 -  0.0632782393137  +/-  2.64207169978
---continuum point is: yp =  0.986742929745  +/-  0.0142671483566
Saving  ./plots/chiral/R1_SUSY_MOM_qq .pdf
Channel -  2
---Fitting Results---
chisq -  6.30943126365  +/-  6.13021799064
chisq/dof -  0.901347323378 +/- 0.875745427234
parameters: 
p0 -  -18.5558131681  +/-  31.0069426666
p1 -  -73.1014326163  +/-  31.3201857958
p2 -  1.10266819178  +/-  30.0033881306
---continuum point is: yp =  -17.4234479331  +/-  0.27261283087
Saving  ./plots/chiral/R2_SUSY_MOM_qq .pdf
Channel -  3
---Fitting Results---
chisq -  6.90877299194  +/-  6.51549835041
chisq/dof -  0.986967570277 +/- 0.93078547863
parameters: 
p0 -  1.5757102752  +/-  1.4173602725
p1 -  3.05747589733  +/-  1.48031181217
p2 -  4.97758938919  +/-  1.49897595565
---continuum point is: yp =  1.45655940971  +/-  0.0465155796511
Saving  ./plots/chiral/R3_SUSY_MOM_qq .pdf
Channel -  4
---Fitting Results---
chisq -  6.09690607954  +/-  6.29217486085
chisq/dof -  0.870986582791 +/- 0.898882122979
parameters: 
p0 -  36.2971559309  +/-  20.0701263724
p1 -  4.24638924933  +/-  19.9673759394
p2 -  -12.6745366203  +/-  20.0525797268
---continuum point is: yp =  34.3728836707  +/-  0.508031819785
Saving  ./plots/chiral/R4_SUSY_MOM_qq .pdf
Channel -  5
---Fitting Results---
chisq -  6.7314912981  +/-  6.49005166779
chisq/dof -  0.961641614015 +/- 0.927150238256
parameters: 
p0 -  17.7443480494  +/-  14.8126510153
p1 -  15.252137505  +/-  15.0970391933
p2 -  -15.335546765  +/-  14.4251200947
---continuum point is: yp =  16.8998186864  +/-  0.223124572076
Saving  ./plots/chiral/R5_SUSY_MOM_qq .pdf
do log value is -  1
---Doing Global Fitting---
Scheme -  MOM   Basis -  SUSY   Kinematics -  qq   Fit type -  chiral
Channel -  1
---Fitting Results---
chisq -  23.7575948225  +/-  10.7223432089
chisq/dof -  3.3939421175 +/- 1.53176331555
parameters: 
p0 -  0.512256982324  +/-  0.318533290133
p1 -  -0.116431115715  +/-  0.275758608651
p2 -  0.113105734379  +/-  0.23729875187
---continuum point is: yp =  0.520605266798  +/-  0.0036341547436
Saving  ./plots/chiral/B1_SUSY_MOM_qq .pdf
Channel -  2
---Fitting Results---
chisq -  14.8674305762  +/-  8.44444008165
chisq/dof -  2.12391865375 +/- 1.20634858309
parameters: 
p0 -  0.420959608707  +/-  0.507769834949
p1 -  1.51387679209  +/-  0.511933191685
p2 -  0.331320623657  +/-  0.527152199034
---continuum point is: yp =  0.424450989994  +/-  0.00274599380342
Saving  ./plots/chiral/B2_SUSY_MOM_qq .pdf
Channel -  3
---Fitting Results---
chisq -  8.3881216637  +/-  6.80670423957
chisq/dof -  1.19830309481 +/- 0.972386319938
parameters: 
p0 -  0.141117648556  +/-  0.368545530417
p1 -  0.850046883655  +/-  0.374829026877
p2 -  1.0269179758  +/-  0.367270916287
---continuum point is: yp =  0.144788437149  +/-  0.00343283478555
Saving  ./plots/chiral/B3_SUSY_MOM_qq .pdf
Channel -  4
---Fitting Results---
chisq -  13.6676636084  +/-  8.09356998997
chisq/dof -  1.95252337263 +/- 1.15622428428
parameters: 
p0 -  0.715187629457  +/-  0.767723043391
p1 -  -0.951073663365  +/-  0.721425246332
p2 -  0.200050346632  +/-  0.692233964874
---continuum point is: yp =  0.72108748693  +/-  0.00422782707494
Saving  ./plots/chiral/B4_SUSY_MOM_qq .pdf
Channel -  5
---Fitting Results---
chisq -  35.4946175216  +/-  12.7097023933
chisq/dof -  5.07065964594 +/- 1.81567177048
parameters: 
p0 -  1.08077145954  +/-  0.993314822386
p1 -  -1.04662118615  +/-  0.927189558755
p2 -  -0.501275373517  +/-  0.86916219101
---continuum point is: yp =  1.09253835622  +/-  0.00546373920325
Saving  ./plots/chiral/B5_SUSY_MOM_qq .pdf
----------------------setting up as----------------------------
----------------------setting up as----------------------------
----------------------setting up as----------------------------
----------------------setting up as----------------------------
24 MOM Lattice qq
Unrenormalised bag is -  [ 1.531126  1.184277 -1.791854  0.945944  0.489873]
Unrenormalised bare ratios is -  [[-21.395342 -21.323851 -21.438699 ..., -21.42395  -21.301824 -21.405902]
 [ 32.387562  32.279551  32.458398 ...,  32.469014  32.271109  32.418288]
 [-17.220644 -17.180836 -17.23766  ..., -17.379827 -17.277187 -17.271899]
 [ -8.862963  -8.846121  -8.872476 ...,  -8.945566  -8.890274  -8.894053]]
data/ZMOM_boot_mu_match_24cubed_qq_block.out
Z matrix is - 
[[ 0.956451  0.        0.        0.        0.      ]
 [ 0.        1.049965  0.282206  0.        0.      ]
 [ 0.        0.061294  0.98888   0.        0.      ]
 [ 0.        0.        0.        1.027146 -0.040576]
 [ 0.        0.        0.       -0.281005  1.16703 ]]
Renormalised B is- 
[ 0.54916762  0.89383855  0.75574343  0.52605363  0.56067783]
Renormalised R is- 
[  0.99437596 -21.30080236  27.04853923 -15.84584034 -10.06258356]
-----Interpolating non-physical mass data-----
Interpolate dR/dms to the near physical point data
24  - dy/dms =  [[ 1.63577087]
 [ 1.78814768]
 [ 1.53481196]]
Interpolated dy/dms =  [ 1.82152486]
-----Interpolating non-physical mass data-----
Interpolate dR/dms to the near physical point data
24  - dy/dms =  [[ 17.09057659]
 [ 15.81708077]
 [ 13.5778284 ]]
Interpolated dy/dms =  [ 18.01326238]
(5, 3, 1, 501) (5, 3, 1, 501) (501,) (1, 3, 4, 1, 501)
0
[[ 0.00883671]
 [ 0.0088456 ]
 [ 0.00958825]]
1
[[ 0.21567484]
 [ 0.2206067 ]
 [ 0.23251465]] [[-0.18915551]
 [-0.17648518]
 [-0.17572403]]
2
[[-0.27254076]
 [-0.27572199]
 [-0.28682477]] [[ 0.23943385]
 [ 0.22166715]
 [ 0.21749977]]
3
[[ 0.15827861]
 [ 0.16639376]
 [ 0.17433285]] [[-0.14104528]
 [-0.1337075 ]
 [-0.13331845]]
4
[[ 0.10133064]
 [ 0.10626874]
 [ 0.11115766]] [[-0.08956479]
 [-0.08518449]
 [-0.08544422]]
Interpolated B is -  [[ 0.55296444]
 [ 0.90029702]
 [ 0.75844928]
 [ 0.52856519]
 [ 0.56398283]]
Interpolated B is -  [[ 0.55352081]
 [ 0.92088424]
 [ 0.76730227]
 [ 0.55566542]
 [ 0.59146709]]
32 MOM Lattice qq
Unrenormalised bag is -  [ 1.494694  1.202869 -1.837128  0.907511  0.458776]
Unrenormalised bare ratios is -  [[-25.125635 -25.043168 -25.038251 ..., -25.028875 -24.923587 -25.114861]
 [ 38.287211  38.137487  38.10305  ...,  38.172154  37.97357   38.267258]
 [-19.01485  -18.905824 -18.819727 ..., -18.964935 -18.867802 -18.94673 ]
 [ -9.598064  -9.555677  -9.515797 ...,  -9.573961  -9.53175   -9.579905]]
data/ZMOM_boot_mu_match_32cubed_qq_block.out
Z matrix is - 
[[ 0.97868   0.        0.        0.        0.      ]
 [ 0.        1.047955  0.278064  0.        0.      ]
 [ 0.        0.047297  0.900244  0.        0.      ]
 [ 0.        0.        0.        0.945122 -0.025057]
 [ 0.        0.        0.       -0.278169  1.208091]]
Renormalised B is- 
[ 0.54856017  1.00989745  0.75686047  0.50257565  0.60978852]
Renormalised R is- 
[  1.02231611 -25.60210714  28.69096362 -15.92173536 -11.59350087]
-----Interpolating non-physical mass data-----
Interpolate dR/dms to the near physical point data
32  - dy/dms =  [[ 2.60514829]
 [ 2.70622147]
 [ 2.53725237]]
Interpolated dy/dms =  [ 2.83130821]
-----Interpolating non-physical mass data-----
Interpolate dR/dms to the near physical point data
32  - dy/dms =  [[ 24.36942361]
 [ 23.51415934]
 [ 22.14250538]]
Interpolated dy/dms =  [ 26.47174774]
(5, 3, 1, 501) (5, 3, 1, 501) (501,) (1, 3, 3, 1, 501)
0
[[ 0.00874426]
 [ 0.00894911]
 [ 0.00899567]]
1
[[ 0.24134604]
 [ 0.2441944 ]
 [ 0.24543047]] [[-0.21950151]
 [-0.2243731 ]
 [-0.21719325]]
2
[[-0.27157541]
 [-0.27303097]
 [-0.27282601]] [[ 0.24621738]
 [ 0.25114118]
 [ 0.24137747]]
3
[[ 0.15022136]
 [ 0.15232802]
 [ 0.15391337]] [[-0.13713209]
 [-0.1391001 ]
 [-0.13605298]]
4
[[ 0.10933391]
 [ 0.11118578]
 [ 0.11232828]] [[-0.09971583]
 [-0.10148053]
 [-0.09943883]]
Interpolated B is -  [[ 0.54717944]
 [ 1.00745699]
 [ 0.75576282]
 [ 0.50165831]
 [ 0.60852712]]
Interpolated B is -  [[ 0.55999784]
 [ 1.01934697]
 [ 0.75981347]
 [ 0.50869342]
 [ 0.61883422]]
Interpolated B is -  [[ 0.5629115 ]
 [ 1.02450672]
 [ 0.75924308]
 [ 0.51398764]
 [ 0.62519313]]
48 MOM Lattice qq
Unrenormalised bag is -  [[ 1.55547701  1.55757778  1.55362159 ...,  1.5598041   1.55646184
   1.55742327]
 [ 1.22580799  1.22666295  1.22750156 ...,  1.22727901  1.22685875
   1.22644856]
 [-1.86547726 -1.86677924 -1.8678765  ..., -1.86694583 -1.86659135
  -1.86617962]
 [ 0.96107359  0.96078683  0.96008066 ...,  0.96052682  0.96087227
   0.96112814]
 [ 0.49515669  0.49498506  0.49461602 ...,  0.49480345  0.49504743
   0.49513115]]
Unrenormalised bare ratios is -  [[-23.320056   -23.26213436 -23.333959   ..., -23.25488322 -23.3141627
  -23.28736511]
 [ 35.49050983  35.40023346  35.50647587 ...,  35.37570546  35.4685722
   35.43416867]
 [-18.27854849 -18.21654545 -18.24633115 ..., -18.19446715 -18.25215609
  -18.24681984]
 [ -9.41735237  -9.38455152  -9.39975583 ...,  -9.37283193  -9.40358238
   -9.39991398]]
data/ZMOM_boot_mu_match_24cubed_qq_block.out
Z matrix is - 
[[ 0.956451  0.        0.        0.        0.      ]
 [ 0.        1.049965  0.282206  0.        0.      ]
 [ 0.        0.061294  0.98888   0.        0.      ]
 [ 0.        0.        0.        1.027146 -0.040576]
 [ 0.        0.        0.       -0.281005  1.16703 ]]
Renormalised B is- 
[ 0.55859964  0.92515938  0.78812273  0.53495954  0.56648139]
Renormalised R is- 
[  1.01619427 -23.67064164  30.24653652 -17.10643277 -10.86857515]
Interpolating physical pt data to true strange physical point
uninterpolated value is  [[[ 0.55859964]]]
interpolated physical value is [[ 0.55787103]]
Interpolating physical pt data to true strange physical point
uninterpolated value is  [[[ 1.01619427]]]
interpolated physical value is [[ 1.00898897]]
(5, 1, 1, 501) (5, 1, 1, 501) (501,) (1, 1, 2, 1, 501)
0
[[ 0.00891512]]
1
[[ 0.22134664]] [[-0.21269137]]
2
[[-0.28301663]] [[ 0.27186603]]
3
[[ 0.1600711]] [[-0.15366044]]
4
[[ 0.10168559]] [[-0.09762526]]
Interpolated B is -  [[ 0.55787103]
 [ 0.92397298]
 [ 0.78760241]
 [ 0.53455114]
 [ 0.56595838]]
64 MOM Lattice qq
Unrenormalised bag is -  [[ 1.50328786  1.50021978  1.49073349 ...,  1.49891112  1.49406376
   1.49402816]
 [ 1.21768767  1.21438758  1.20813651 ...,  1.21401807  1.21248286
   1.21129582]
 [-1.86216181 -1.85639799 -1.84712784 ..., -1.85573146 -1.85395225
  -1.8518476 ]
 [ 0.88388738  0.88146122  0.87764092 ...,  0.88278268  0.87955024
   0.88028528]
 [ 0.44681842  0.44543438  0.44362705 ...,  0.44620933  0.44448511
   0.44490857]]
Unrenormalised bare ratios is -  [[-27.0266202  -26.96227548 -27.00766991 ..., -26.98906211 -27.00836066
  -27.01458487]
 [ 41.32925752  41.21400015  41.29248885 ...,  41.25236288  41.29502243
   41.299702  ]
 [-19.62073739 -19.56596908 -19.61910041 ..., -19.62761957 -19.59831638
  -19.6339144 ]
 [ -9.91863653  -9.88849381  -9.91683959 ...,  -9.92066689  -9.90416295
   -9.92335964]]
data/ZMOM_boot_mu_match_32cubed_qq_block.out
Z matrix is - 
[[ 0.97868   0.        0.        0.        0.      ]
 [ 0.        1.047955  0.278064  0.        0.      ]
 [ 0.        0.047297  0.900244  0.        0.      ]
 [ 0.        0.        0.        0.945122 -0.025057]
 [ 0.        0.        0.       -0.278169  1.208091]]
Renormalised B is- 
[ 0.5483158   1.01689713  0.7631178   0.48751807  0.59135052]
Renormalised R is- 
[  1.06323312 -28.63380749  32.23119628 -17.16077615 -12.48958273]
Interpolating physical pt data to true strange physical point
uninterpolated value is  [[[ 0.5483158]]]
interpolated physical value is [[ 0.53976525]]
Interpolating physical pt data to true strange physical point
uninterpolated value is  [[[ 1.06323312]]]
interpolated physical value is [[ 0.98328844]]
(5, 1, 1, 501) (5, 1, 1, 501) (501,) (1, 1, 2, 1, 501)
0
[[ 0.00862578]]
1
[[ 0.24014199]] [[-0.25224103]]
2
[[-0.27178851]] [[ 0.28564108]]
3
[[ 0.14431296]] [[-0.15163346]]
4
[[ 0.10491991]] [[-0.11018217]]
Interpolated B is -  [[ 0.53976525]
 [ 1.00243091]
 [ 0.75635585]
 [ 0.48192744]
 [ 0.58395986]]
do log value is -  0
---Doing Global Fitting---
Scheme -  MOM   Basis -  Lattice   Kinematics -  qq   Fit type -  linear
Channel -  1
---Fitting Results---
chisq -  17.2187095862  +/-  8.337031273
chisq/dof -  2.45981565517 +/- 1.19100446757
parameters: 
p0 -  0.965658816264  +/-  0.780623203081
p1 -  1.90876443541  +/-  0.74945991627
p2 -  0.0889937952633  +/-  0.71091358539
---continuum point is: yp =  0.97959138451  +/-  0.0145117329435
Saving  ./plots/linear/R1_Lattice_MOM_qq .pdf
Channel -  2
---Fitting Results---
chisq -  11.8009085185  +/-  8.27107207585
chisq/dof -  1.68584407407 +/- 1.18158172512
parameters: 
p0 -  -34.4427566207  +/-  63.6474023486
p1 -  120.602844366  +/-  62.9901297783
p2 -  29.8409347798  +/-  63.7284861966
---continuum point is: yp =  -33.5624450806  +/-  0.455877984451
Saving  ./plots/linear/R2_Lattice_MOM_qq .pdf
Channel -  3
---Fitting Results---
chisq -  8.51619310601  +/-  7.1483699657
chisq/dof -  1.21659901514 +/- 1.02119570939
parameters: 
p0 -  35.2278738039  +/-  78.5785310036
p1 -  -150.13614284  +/-  77.7985569781
p2 -  -11.8370427281  +/-  80.041045172
---continuum point is: yp =  34.1319910341  +/-  0.519164696279
Saving  ./plots/linear/R3_Lattice_MOM_qq .pdf
Channel -  4
---Fitting Results---
chisq -  5.10944636986  +/-  5.69862016165
chisq/dof -  0.72992090998 +/- 0.814088594521
parameters: 
p0 -  -17.631767119  +/-  32.3503693059
p1 -  58.3654941288  +/-  31.8010988415
p2 -  0.325945480657  +/-  32.690049593
---continuum point is: yp =  -17.2057421915  +/-  0.280821437177
Saving  ./plots/linear/R4_Lattice_MOM_qq .pdf
Channel -  5
---Fitting Results---
chisq -  7.6178835685  +/-  6.74983125603
chisq/dof -  1.08826908121 +/- 0.964261608004
parameters: 
p0 -  -14.6443082664  +/-  23.428535726
p1 -  42.3306346218  +/-  23.0228559466
p2 -  10.4275527663  +/-  22.9457558488
---continuum point is: yp =  -14.3353259505  +/-  0.200918508107
Saving  ./plots/linear/R5_Lattice_MOM_qq .pdf
do log value is -  0
---Doing Global Fitting---
Scheme -  MOM   Basis -  Lattice   Kinematics -  qq   Fit type -  linear
Channel -  1
---Fitting Results---
chisq -  21.6755678929  +/-  10.3070223879
chisq/dof -  3.09650969899 +/- 1.47243176971
parameters: 
p0 -  0.517178175276  +/-  0.198272905294
p1 -  0.60584682288  +/-  0.211404441738
p2 -  0.109124034157  +/-  0.234441106214
---continuum point is: yp =  0.521600408869  +/-  0.00364028386819
Saving  ./plots/linear/B1_Lattice_MOM_qq .pdf
Channel -  2
---Fitting Results---
chisq -  27.8477693064  +/-  11.270025028
chisq/dof -  3.97825275805 +/- 1.61000357544
parameters: 
p0 -  1.09245896438  +/-  0.673689700573
p1 -  0.46506971837  +/-  0.665498849877
p2 -  -0.513369732608  +/-  0.653005400773
---continuum point is: yp =  1.09585362926  +/-  0.00545838985733
Saving  ./plots/linear/B2_Lattice_MOM_qq .pdf
Channel -  3
---Fitting Results---
chisq -  11.4579107041  +/-  7.38938159945
chisq/dof -  1.63684438631 +/- 1.05562594278
parameters: 
p0 -  0.722771161936  +/-  0.343380533821
p1 -  0.0496358800909  +/-  0.307303820819
p2 -  0.192492029058  +/-  0.28234420324
---continuum point is: yp =  0.72313346714  +/-  0.00423413608119
Saving  ./plots/linear/B3_Lattice_MOM_qq .pdf
Channel -  4
---Fitting Results---
chisq -  11.7904034951  +/-  7.43114632402
chisq/dof -  1.68434335645 +/- 1.061592332
parameters: 
p0 -  0.416619100053  +/-  0.226013994008
p1 -  0.921006693697  +/-  0.2310256712
p2 -  0.335469212012  +/-  0.247314105426
---continuum point is: yp =  0.423341767543  +/-  0.00274694770634
Saving  ./plots/linear/B4_Lattice_MOM_qq .pdf
Channel -  5
---Fitting Results---
chisq -  25.449029638  +/-  10.2661776585
chisq/dof -  3.63557566257 +/- 1.46659680836
parameters: 
p0 -  0.601494626683  +/-  0.48332498088
p1 -  1.09403134494  +/-  0.486898871583
p2 -  -0.127027872329  +/-  0.509167610049
---continuum point is: yp =  0.609480246121  +/-  0.00311364401992
Saving  ./plots/linear/B5_Lattice_MOM_qq .pdf
do log value is -  1
---Doing Global Fitting---
Scheme -  MOM   Basis -  Lattice   Kinematics -  qq   Fit type -  chiral
Channel -  1
---Fitting Results---
chisq -  8.77729594713  +/-  5.99393557275
chisq/dof -  1.25389942102 +/- 0.856276510392
parameters: 
p0 -  0.995330468246  +/-  2.70014472741
p1 -  6.16901803218  +/-  2.68845426851
p2 -  0.0632782393137  +/-  2.64207169978
---continuum point is: yp =  0.986742929745  +/-  0.0142671483566
Saving  ./plots/chiral/R1_Lattice_MOM_qq .pdf
Channel -  2
---Fitting Results---
chisq -  6.7314912981  +/-  6.49005166779
chisq/dof -  0.961641614015 +/- 0.927150238256
parameters: 
p0 -  -35.4886960398  +/-  29.6253020411
p1 -  -30.504275483  +/-  30.1940785342
p2 -  30.6710933868  +/-  28.8502403079
---continuum point is: yp =  -33.7996373204  +/-  0.44624914309
Saving  ./plots/chiral/R2_Lattice_MOM_qq .pdf
Channel -  3
---Fitting Results---
chisq -  6.09690607954  +/-  6.29217486085
chisq/dof -  0.870986582791 +/- 0.898882122979
parameters: 
p0 -  36.2971559309  +/-  20.0701263724
p1 -  4.24638924933  +/-  19.9673759394
p2 -  -12.6745366203  +/-  20.0525797268
---continuum point is: yp =  34.3728836707  +/-  0.508031819785
Saving  ./plots/chiral/R3_Lattice_MOM_qq .pdf
Channel -  4
---Fitting Results---
chisq -  6.30943126365  +/-  6.13021799064
chisq/dof -  0.901347323378 +/- 0.875745427234
parameters: 
p0 -  -18.5558131681  +/-  31.0069426666
p1 -  -73.1014326163  +/-  31.3201857958
p2 -  1.10266819178  +/-  30.0033881306
---continuum point is: yp =  -17.4234479331  +/-  0.27261283087
Saving  ./plots/chiral/R4_Lattice_MOM_qq .pdf
Channel -  5
---Fitting Results---
chisq -  5.943367672  +/-  6.02013224771
chisq/dof -  0.849052524571 +/- 0.86001889253
parameters: 
p0 -  -15.40980422  +/-  31.9378765105
p1 -  -66.9519882355  +/-  32.4385076219
p2 -  11.0712914341  +/-  31.6656617505
---continuum point is: yp =  -14.5150030888  +/-  0.194529002539
Saving  ./plots/chiral/R5_Lattice_MOM_qq .pdf
do log value is -  1
---Doing Global Fitting---
Scheme -  MOM   Basis -  Lattice   Kinematics -  qq   Fit type -  chiral
Channel -  1
---Fitting Results---
chisq -  23.7575948225  +/-  10.7223432089
chisq/dof -  3.3939421175 +/- 1.53176331555
parameters: 
p0 -  0.512256982324  +/-  0.318533290133
p1 -  -0.116431115715  +/-  0.275758608651
p2 -  0.113105734379  +/-  0.23729875187
---continuum point is: yp =  0.520605266798  +/-  0.0036341547436
Saving  ./plots/chiral/B1_Lattice_MOM_qq .pdf
Channel -  2
---Fitting Results---
chisq -  35.4946175216  +/-  12.7097023933
chisq/dof -  5.07065964594 +/- 1.81567177048
parameters: 
p0 -  1.08077145954  +/-  0.993314822386
p1 -  -1.04662118615  +/-  0.927189558755
p2 -  -0.501275373517  +/-  0.86916219101
---continuum point is: yp =  1.09253835622  +/-  0.00546373920325
Saving  ./plots/chiral/B2_Lattice_MOM_qq .pdf
Channel -  3
---Fitting Results---
chisq -  13.6676636084  +/-  8.09356998997
chisq/dof -  1.95252337263 +/- 1.15622428428
parameters: 
p0 -  0.715187629457  +/-  0.767723043391
p1 -  -0.951073663365  +/-  0.721425246332
p2 -  0.200050346632  +/-  0.692233964874
---continuum point is: yp =  0.72108748693  +/-  0.00422782707494
Saving  ./plots/chiral/B3_Lattice_MOM_qq .pdf
Channel -  4
---Fitting Results---
chisq -  14.8674305762  +/-  8.44444008165
chisq/dof -  2.12391865375 +/- 1.20634858309
parameters: 
p0 -  0.420959608707  +/-  0.507769834949
p1 -  1.51387679209  +/-  0.511933191685
p2 -  0.331320623657  +/-  0.527152199034
---continuum point is: yp =  0.424450989994  +/-  0.00274599380342
Saving  ./plots/chiral/B4_Lattice_MOM_qq .pdf
Channel -  5
---Fitting Results---
chisq -  27.8117494805  +/-  10.9660225127
chisq/dof -  3.97310706864 +/- 1.56657464467
parameters: 
p0 -  0.607858359436  +/-  0.842333730145
p1 -  1.95058397255  +/-  0.846079244496
p2 -  -0.133315826743  +/-  0.873229713302
---continuum point is: yp =  0.611181404525  +/-  0.00311722427151
Saving  ./plots/chiral/B5_Lattice_MOM_qq .pdf
----------------------setting up as----------------------------
----------------------setting up as----------------------------
----------------------setting up as----------------------------
----------------------setting up as----------------------------
24 ms SUSY qq
Unrenormalised bag is -  [ 1.531126  1.184277 -1.791854  0.945944  0.489873]
Unrenormalised bare ratios is -  [[-21.395342 -21.323851 -21.438699 ..., -21.42395  -21.301824 -21.405902]
 [ 32.387562  32.279551  32.458398 ...,  32.469014  32.271109  32.418288]
 [-17.220644 -17.180836 -17.23766  ..., -17.379827 -17.277187 -17.271899]
 [ -8.862963  -8.846121  -8.872476 ...,  -8.945566  -8.890274  -8.894053]]
data/Zms_boot_mu_match_24cubed_qq_block.out
Z matrix is - 
[[ 0.947955  0.        0.        0.        0.      ]
 [ 0.        1.051161  0.287449  0.        0.      ]
 [ 0.        0.069378  1.019458  0.        0.      ]
 [ 0.        0.        0.        0.991513 -0.027976]
 [ 0.        0.        0.       -0.355589  1.239301]]
Renormalised B is- 
[ 0.54428946  0.48174503  0.28871995  0.78128086  0.88353392]
Renormalised R is- 
[  0.99437596 -14.6464318    1.79556049  28.21306266  10.62183102]
-----Interpolating non-physical mass data-----
Interpolate dR/dms to the near physical point data
24  - dy/dms =  [[ 1.62124058]
 [ 1.77226385]
 [ 1.52117847]]
Interpolated dy/dms =  [ 1.80534455]
-----Interpolating non-physical mass data-----
Interpolate dR/dms to the near physical point data
24  - dy/dms =  [[ 17.09057659]
 [ 15.81708077]
 [ 13.5778284 ]]
Interpolated dy/dms =  [ 18.01326238]
(5, 3, 1, 501) (5, 3, 1, 501) (501,) (1, 3, 4, 1, 501)
0
[[ 0.00875821]
 [ 0.00876703]
 [ 0.00950307]]
1
[[ 0.14493884]
 [ 0.15238882]
 [ 0.15967292]] [[-0.12921142]
 [-0.12246891]
 [-0.12207553]]
2
[[-0.0173097 ]
 [-0.01834363]
 [-0.01932216]] [[ 0.01584233]
 [ 0.01485913]
 [ 0.01452697]]
3
[[-0.28175286]
 [-0.28504976]
 [-0.29653836]] [[ 0.24752583]
 [ 0.22916329]
 [ 0.2248636 ]]
4
[[-0.10659829]
 [-0.10904846]
 [-0.11495028]] [[ 0.09348932]
 [ 0.08723419]
 [ 0.08687119]]
Interpolated B is -  [[ 0.54805255]
 [ 0.48401755]
 [ 0.28902538]
 [ 0.78408548]
 [ 0.88995199]]
Interpolated B is -  [[ 0.54860397]
 [ 0.50889645]
 [ 0.3062892 ]
 [ 0.79326037]
 [ 0.9104076 ]]
32 ms SUSY qq
Unrenormalised bag is -  [ 1.494694  1.202869 -1.837128  0.907511  0.458776]
Unrenormalised bare ratios is -  [[-25.125635 -25.043168 -25.038251 ..., -25.028875 -24.923587 -25.114861]
 [ 38.287211  38.137487  38.10305  ...,  38.172154  37.97357   38.267258]
 [-19.01485  -18.905824 -18.819727 ..., -18.964935 -18.867802 -18.94673 ]
 [ -9.598064  -9.555677  -9.515797 ...,  -9.573961  -9.53175   -9.579905]]
data/Zms_boot_mu_match_32cubed_qq_block.out
Z matrix is - 
[[ 0.969986  0.        0.        0.        0.      ]
 [ 0.        1.049078  0.282855  0.        0.      ]
 [ 0.        0.054959  0.928208  0.        0.      ]
 [ 0.        0.        0.        0.912145 -0.012556]
 [ 0.        0.        0.       -0.347973  1.281952]]
Renormalised B is- 
[ 0.5436871   0.45992995  0.15730346  0.78302469  0.99894779]
Renormalised R is- 
[  1.02231611 -14.70113546   1.0041679   29.94914152  12.77614147]
-----Interpolating non-physical mass data-----
Interpolate dR/dms to the near physical point data
32  - dy/dms =  [[ 2.58200573]
 [ 2.68218104]
 [ 2.51471295]]
Interpolated dy/dms =  [ 2.80615658]
-----Interpolating non-physical mass data-----
Interpolate dR/dms to the near physical point data
32  - dy/dms =  [[ 24.36942361]
 [ 23.51415934]
 [ 22.14250538]]
Interpolated dy/dms =  [ 26.47174774]
(5, 3, 1, 501) (5, 3, 1, 501) (501,) (1, 3, 3, 1, 501)
0
[[ 0.00866658]
 [ 0.00886961]
 [ 0.00891576]]
1
[[ 0.1374762 ]
 [ 0.13938302]
 [ 0.14083462]] [[-0.12550351]
 [-0.12728255]
 [-0.12448229]]
2
[[-0.00941877]
 [-0.00937071]
 [-0.00947653]] [[ 0.00864979]
 [ 0.00858528]
 [ 0.00829468]]
3
[[-0.28096275]
 [-0.2824744 ]
 [-0.28226764]] [[ 0.25473076]
 [ 0.2598266 ]
 [ 0.24973097]]
4
[[-0.11936351]
 [-0.12077974]
 [-0.12139791]] [[ 0.10856311]
 [ 0.11097486]
 [ 0.10743111]]
Interpolated B is -  [[ 0.54231863]
 [ 0.45909634]
 [ 0.157268  ]
 [ 0.78188668]
 [ 0.99652438]]
Interpolated B is -  [[ 0.55502316]
 [ 0.46546411]
 [ 0.15646562]
 [ 0.78609345]
 [ 1.00834796]]
Interpolated B is -  [[ 0.55791093]
 [ 0.47031167]
 [ 0.15823244]
 [ 0.78551804]
 [ 1.01350883]]
48 ms SUSY qq
Unrenormalised bag is -  [[ 1.55547701  1.55757778  1.55362159 ...,  1.5598041   1.55646184
   1.55742327]
 [ 1.22580799  1.22666295  1.22750156 ...,  1.22727901  1.22685875
   1.22644856]
 [-1.86547726 -1.86677924 -1.8678765  ..., -1.86694583 -1.86659135
  -1.86617962]
 [ 0.96107359  0.96078683  0.96008066 ...,  0.96052682  0.96087227
   0.96112814]
 [ 0.49515669  0.49498506  0.49461602 ...,  0.49480345  0.49504743
   0.49513115]]
Unrenormalised bare ratios is -  [[-23.320056   -23.26213436 -23.333959   ..., -23.25488322 -23.3141627
  -23.28736511]
 [ 35.49050983  35.40023346  35.50647587 ...,  35.37570546  35.4685722
   35.43416867]
 [-18.27854849 -18.21654545 -18.24633115 ..., -18.19446715 -18.25215609
  -18.24681984]
 [ -9.41735237  -9.38455152  -9.39975583 ...,  -9.37283193  -9.40358238
   -9.39991398]]
data/Zms_boot_mu_match_24cubed_qq_block.out
Z matrix is - 
[[ 0.947955  0.        0.        0.        0.      ]
 [ 0.        1.051161  0.287449  0.        0.      ]
 [ 0.        0.069378  1.019458  0.        0.      ]
 [ 0.        0.        0.        0.991513 -0.027976]
 [ 0.        0.        0.       -0.355589  1.239301]]
Renormalised B is- 
[ 0.55363769  0.49006227  0.29990675  0.81473861  0.91442076]
Renormalised R is- 
[  1.01619427 -15.81120385   1.93525769  31.54823784  11.80278754]
Interpolating physical pt data to true strange physical point
uninterpolated value is  [[[ 0.55363769]]]
interpolated physical value is [[ 0.55291555]]
Interpolating physical pt data to true strange physical point
uninterpolated value is  [[[ 1.01619427]]]
interpolated physical value is [[ 1.00898897]]
(5, 1, 1, 501) (5, 1, 1, 501) (501,) (1, 1, 2, 1, 501)
0
[[ 0.00883593]]
1
[[ 0.14663811]] [[-0.14076452]]
2
[[-0.01795721]] [[ 0.01723093]]
3
[[-0.29257399]] [[ 0.28104706]]
4
[[-0.10938797]] [[ 0.10511095]]
Interpolated B is -  [[ 0.55291555]
 [ 0.48969219]
 [ 0.29983701]
 [ 0.81419943]
 [ 0.91324205]]
64 ms SUSY qq
Unrenormalised bag is -  [[ 1.50328786  1.50021978  1.49073349 ...,  1.49891112  1.49406376
   1.49402816]
 [ 1.21768767  1.21438758  1.20813651 ...,  1.21401807  1.21248286
   1.21129582]
 [-1.86216181 -1.85639799 -1.84712784 ..., -1.85573146 -1.85395225
  -1.8518476 ]
 [ 0.88388738  0.88146122  0.87764092 ...,  0.88278268  0.87955024
   0.88028528]
 [ 0.44681842  0.44543438  0.44362705 ...,  0.44620933  0.44448511
   0.44490857]]
Unrenormalised bare ratios is -  [[-27.0266202  -26.96227548 -27.00766991 ..., -26.98906211 -27.00836066
  -27.01458487]
 [ 41.32925752  41.21400015  41.29248885 ...,  41.25236288  41.29502243
   41.299702  ]
 [-19.62073739 -19.56596908 -19.61910041 ..., -19.62761957 -19.59831638
  -19.6339144 ]
 [ -9.91863653  -9.88849381  -9.91683959 ...,  -9.92066689  -9.90416295
   -9.92335964]]
data/Zms_boot_mu_match_32cubed_qq_block.out
Z matrix is - 
[[ 0.969986  0.        0.        0.        0.      ]
 [ 0.        1.049078  0.282855  0.        0.      ]
 [ 0.        0.054959  0.928208  0.        0.      ]
 [ 0.        0.        0.        0.912145 -0.012556]
 [ 0.        0.        0.       -0.347973  1.281952]]
Renormalised B is- 
[ 0.5434449   0.44615675  0.15287588  0.78949499  1.00585857]
Renormalised R is- 
[  1.06323312 -15.84559803   1.08581143  33.64414469  14.28842412]
Interpolating physical pt data to true strange physical point
uninterpolated value is  [[[ 0.5434449]]]
interpolated physical value is [[ 0.53497031]]
Interpolating physical pt data to true strange physical point
uninterpolated value is  [[[ 1.06323312]]]
interpolated physical value is [[ 0.98328844]]
(5, 1, 1, 501) (5, 1, 1, 501) (501,) (1, 1, 2, 1, 501)
0
[[ 0.00854915]]
1
[[ 0.13207675]] [[-0.1387802]]
2
[[-0.0091135]] [[ 0.00960227]]
3
[[-0.28117796]] [[ 0.29550863]]
4
[[-0.11876134]] [[ 0.12474415]]
Interpolated B is -  [[ 0.53497031]
 [ 0.44106511]
 [ 0.15217082]
 [ 0.7824856 ]
 [ 0.99149705]]
do log value is -  0
---Doing Global Fitting---
Scheme -  ms   Basis -  SUSY   Kinematics -  qq   Fit type -  linear
Channel -  1
---Fitting Results---
chisq -  17.2187095862  +/-  8.337031273
chisq/dof -  2.45981565517 +/- 1.19100446757
parameters: 
p0 -  0.965658772976  +/-  0.780623263662
p1 -  1.90876474545  +/-  0.749459878288
p2 -  0.0889939212261  +/-  0.710913574064
---continuum point is: yp =  0.979591343485  +/-  0.0145117322582
Saving  ./plots/linear/R1_SUSY_ms_qq .pdf
Channel -  2
---Fitting Results---
chisq -  5.09909777536  +/-  5.69411387934
chisq/dof -  0.728442539337 +/- 0.813444839906
parameters: 
p0 -  -16.2625599573  +/-  29.8957252771
p1 -  53.9390282054  +/-  29.3893426515
p2 -  0.198279459852  +/-  30.2256476878
---continuum point is: yp =  -15.8688449563  +/-  0.259483426642
Saving  ./plots/linear/R2_SUSY_ms_qq .pdf
Channel -  3
---Fitting Results---
chisq -  6.57983588235  +/-  6.95264144151
chisq/dof -  0.939976554622 +/- 0.993234491645
parameters: 
p0 -  0.144786183729  +/-  3.75828532734
p1 -  -3.91230919342  +/-  3.80486490374
p2 -  5.46044811275  +/-  4.0859546086
---continuum point is: yp =  0.116229221001  +/-  0.0296671524389
Saving  ./plots/linear/R3_SUSY_ms_qq .pdf
Channel -  4
---Fitting Results---
chisq -  8.53425174387  +/-  7.15481160653
chisq/dof -  1.21917882055 +/- 1.02211594379
parameters: 
p0 -  36.7971601406  +/-  81.9881929609
p1 -  -156.661189522  +/-  81.1736228018
p2 -  -12.5047935275  +/-  83.5051043219
---continuum point is: yp =  35.6536493574  +/-  0.541848255599
Saving  ./plots/linear/R4_SUSY_ms_qq .pdf
Channel -  5
---Fitting Results---
chisq -  11.8214778797  +/-  8.27781231173
chisq/dof -  1.68878255424 +/- 1.18254461596
parameters: 
p0 -  17.1954375014  +/-  31.7369519961
p1 -  -60.125246688  +/-  31.4093809892
p2 -  -14.9439901137  +/-  31.7742580844
---continuum point is: yp =  16.7565676821  +/-  0.227482531699
Saving  ./plots/linear/R5_SUSY_ms_qq .pdf
do log value is -  0
---Doing Global Fitting---
Scheme -  ms   Basis -  SUSY   Kinematics -  qq   Fit type -  linear
Channel -  1
---Fitting Results---
chisq -  21.6755054276  +/-  10.3070089273
chisq/dof -  3.09650077536 +/- 1.47242984676
parameters: 
p0 -  0.51258350647  +/-  0.1965105968
p1 -  0.600465237969  +/-  0.209525502578
p2 -  0.108156674388  +/-  0.232357622038
---continuum point is: yp =  0.516966458474  +/-  0.00360794597326
Saving  ./plots/linear/B1_SUSY_ms_qq .pdf
Channel -  2
---Fitting Results---
chisq -  11.779052847  +/-  7.42687798832
chisq/dof -  1.68272183528 +/- 1.06098256976
parameters: 
p0 -  0.380762722036  +/-  0.204372673641
p1 -  0.8404120097  +/-  0.209496468906
p2 -  0.310053681441  +/-  0.224096072975
---continuum point is: yp =  0.386897107958  +/-  0.00252133509838
Saving  ./plots/linear/B2_SUSY_ms_qq .pdf
Channel -  3
---Fitting Results---
chisq -  12.2996710054  +/-  8.27260305853
chisq/dof -  1.75709585792 +/- 1.18180043693
parameters: 
p0 -  -0.0223010841445  +/-  0.41207563629
p1 -  0.306101516187  +/-  0.415810459573
p2 -  0.958039708671  +/-  0.416952544664
---continuum point is: yp =  -0.0200667695348  +/-  0.00288385413528
Saving  ./plots/linear/B3_SUSY_ms_qq .pdf
Channel -  4
---Fitting Results---
chisq -  11.5250614043  +/-  7.40818096731
chisq/dof -  1.64643734347 +/- 1.05831156676
parameters: 
p0 -  0.748447394074  +/-  0.355737063129
p1 -  0.052031216736  +/-  0.318487137814
p2 -  0.195183275285  +/-  0.292693277406
---continuum point is: yp =  0.748827183463  +/-  0.00437845291668
Saving  ./plots/linear/B4_SUSY_ms_qq .pdf
Channel -  5
---Fitting Results---
chisq -  27.9739642778  +/-  11.2959172987
chisq/dof -  3.99628061111 +/- 1.61370247124
parameters: 
p0 -  1.08125550828  +/-  0.668300087168
p1 -  0.464225256643  +/-  0.660503086482
p2 -  -0.511932030922  +/-  0.648341929464
---continuum point is: yp =  1.08464400921  +/-  0.00540047763724
Saving  ./plots/linear/B5_SUSY_ms_qq .pdf
do log value is -  1
---Doing Global Fitting---
Scheme -  ms   Basis -  SUSY   Kinematics -  qq   Fit type -  chiral
Channel -  1
---Fitting Results---
chisq -  8.77729594713  +/-  5.99393557275
chisq/dof -  1.25389942102 +/- 0.856276510393
parameters: 
p0 -  0.995330449816  +/-  2.70014474006
p1 -  6.16901808483  +/-  2.68845428379
p2 -  0.0632782916969  +/-  2.64207171065
---continuum point is: yp =  0.986742912693  +/-  0.0142671459339
Saving  ./plots/chiral/R1_SUSY_ms_qq .pdf
Channel -  2
---Fitting Results---
chisq -  6.34958098563  +/-  6.14820340549
chisq/dof -  0.907082997947 +/- 0.878314772213
parameters: 
p0 -  -17.1147994552  +/-  28.5218344017
p1 -  -67.3176604083  +/-  28.8056100972
p2 -  0.91455603416  +/-  27.5810410335
---continuum point is: yp =  -16.0695920045  +/-  0.251917264838
Saving  ./plots/chiral/R2_SUSY_ms_qq .pdf
Channel -  3
---Fitting Results---
chisq -  7.23563483115  +/-  7.17305075841
chisq/dof -  1.03366211874 +/- 1.02472153692
parameters: 
p0 -  0.151235716682  +/-  3.38879664404
p1 -  -2.83251713734  +/-  3.51463084368
p2 -  5.45723488662  +/-  3.64090592125
---continuum point is: yp =  0.116982407222  +/-  0.0300364533976
Saving  ./plots/chiral/R3_SUSY_ms_qq .pdf
Channel -  4
---Fitting Results---
chisq -  6.10307189053  +/-  6.29440710153
chisq/dof -  0.871867412933 +/- 0.899201014504
parameters: 
p0 -  37.9140630439  +/-  20.9995760499
p1 -  4.59960134931  +/-  20.8969922261
p2 -  -13.3796206115  +/-  20.9672147987
---continuum point is: yp =  35.9052688586  +/-  0.53022296757
Saving  ./plots/chiral/R4_SUSY_ms_qq .pdf
Channel -  5
---Fitting Results---
chisq -  6.73133700991  +/-  6.48955467806
chisq/dof -  0.961619572844 +/- 0.927079239723
parameters: 
p0 -  17.7176273811  +/-  14.8295437014
p1 -  15.3150450108  +/-  15.1151285137
p2 -  -15.358500588  +/-  14.4430263822
---continuum point is: yp =  16.8749965946  +/-  0.222681205855
Saving  ./plots/chiral/R5_SUSY_ms_qq .pdf
do log value is -  1
---Doing Global Fitting---
Scheme -  ms   Basis -  SUSY   Kinematics -  qq   Fit type -  chiral
Channel -  1
---Fitting Results---
chisq -  23.7575277042  +/-  10.7223294047
chisq/dof -  3.39393252917 +/- 1.53176134353
parameters: 
p0 -  0.507706025642  +/-  0.315703062213
p1 -  -0.115395754271  +/-  0.273308399456
p2 -  0.112103023609  +/-  0.235189942354
---continuum point is: yp =  0.515980149986  +/-  0.00360187183459
Saving  ./plots/chiral/B1_SUSY_ms_qq .pdf
Channel -  2
---Fitting Results---
chisq -  14.8144860974  +/-  8.42414370834
chisq/dof -  2.11635515677 +/- 1.20344910119
parameters: 
p0 -  0.384718584993  +/-  0.462016473646
p1 -  1.38231964399  +/-  0.466342350713
p2 -  0.30629355165  +/-  0.47990430333
---continuum point is: yp =  0.387900444431  +/-  0.00252046146018
Saving  ./plots/chiral/B2_SUSY_ms_qq .pdf
Channel -  3
---Fitting Results---
chisq -  12.1818632048  +/-  8.2458175903
chisq/dof -  1.74026617211 +/- 1.17797394147
parameters: 
p0 -  -0.0225028812209  +/-  0.415994430791
p1 -  0.274105560602  +/-  0.419926765233
p2 -  0.958177617153  +/-  0.421329080982
---continuum point is: yp =  -0.0200980490841  +/-  0.00288890310972
Saving  ./plots/chiral/B3_SUSY_ms_qq .pdf
Channel -  4
---Fitting Results---
chisq -  13.755673853  +/-  8.11664823708
chisq/dof -  1.96509626471 +/- 1.15952117673
parameters: 
p0 -  0.740592804517  +/-  0.794228835421
p1 -  -0.984213179542  +/-  0.746251819637
p2 -  0.203014849951  +/-  0.715959430538
---continuum point is: yp =  0.746706946294  +/-  0.004371932983
Saving  ./plots/chiral/B4_SUSY_ms_qq .pdf
Channel -  5
---Fitting Results---
chisq -  35.654707442  +/-  12.7379991946
chisq/dof -  5.09352963456 +/- 1.81971417066
parameters: 
p0 -  1.06969196866  +/-  0.982254279993
p1 -  -1.0320229357  +/-  0.916889249536
p2 -  -0.499973040021  +/-  0.85939418681
---continuum point is: yp =  1.08136647715  +/-  0.0054059454913
Saving  ./plots/chiral/B5_SUSY_ms_qq .pdf
----------------------setting up as----------------------------
----------------------setting up as----------------------------
----------------------setting up as----------------------------
----------------------setting up as----------------------------
24 ms Lattice qq
Unrenormalised bag is -  [ 1.531126  1.184277 -1.791854  0.945944  0.489873]
Unrenormalised bare ratios is -  [[-21.395342 -21.323851 -21.438699 ..., -21.42395  -21.301824 -21.405902]
 [ 32.387562  32.279551  32.458398 ...,  32.469014  32.271109  32.418288]
 [-17.220644 -17.180836 -17.23766  ..., -17.379827 -17.277187 -17.271899]
 [ -8.862963  -8.846121  -8.872476 ...,  -8.945566  -8.890274  -8.894053]]
data/Zms_boot_mu_match_24cubed_qq_block.out
Z matrix is - 
[[ 0.947955  0.        0.        0.        0.      ]
 [ 0.        1.051161  0.287449  0.        0.      ]
 [ 0.        0.069378  1.019458  0.        0.      ]
 [ 0.        0.        0.        0.991513 -0.027976]
 [ 0.        0.        0.       -0.355589  1.239301]]
Renormalised B is- 
[ 0.54428946  0.88353392  0.78128086  0.48174503  0.61042842]
Renormalised R is- 
[  0.99437596 -21.24366204  28.21306266 -14.6464318  -11.05531082]
-----Interpolating non-physical mass data-----
Interpolate dR/dms to the near physical point data
24  - dy/dms =  [[ 1.62124058]
 [ 1.77226385]
 [ 1.52117847]]
Interpolated dy/dms =  [ 1.80534455]
-----Interpolating non-physical mass data-----
Interpolate dR/dms to the near physical point data
24  - dy/dms =  [[ 17.09057659]
 [ 15.81708077]
 [ 13.5778284 ]]
Interpolated dy/dms =  [ 18.01326238]
(5, 3, 1, 501) (5, 3, 1, 501) (501,) (1, 3, 4, 1, 501)
0
[[ 0.00875821]
 [ 0.00876703]
 [ 0.00950307]]
1
[[ 0.21319658]
 [ 0.21809692]
 [ 0.22990055]] [[-0.18697865]
 [-0.17446838]
 [-0.17374239]]
2
[[-0.28175286]
 [-0.28504976]
 [-0.29653836]] [[ 0.24752583]
 [ 0.22916329]
 [ 0.2248636 ]]
3
[[ 0.14493884]
 [ 0.15238882]
 [ 0.15967292]] [[-0.12921142]
 [-0.12246891]
 [-0.12207553]]
4
[[ 0.11031939]
 [ 0.11570149]
 [ 0.12102859]] [[-0.09752682]
 [-0.0927506 ]
 [-0.09302156]]
Interpolated B is -  [[ 0.54805255]
 [ 0.88995199]
 [ 0.78408548]
 [ 0.48401755]
 [ 0.61401209]]
Interpolated B is -  [[ 0.54860397]
 [ 0.9104076 ]
 [ 0.79326037]
 [ 0.50889645]
 [ 0.64396762]]
32 ms Lattice qq
Unrenormalised bag is -  [ 1.494694  1.202869 -1.837128  0.907511  0.458776]
Unrenormalised bare ratios is -  [[-25.125635 -25.043168 -25.038251 ..., -25.028875 -24.923587 -25.114861]
 [ 38.287211  38.137487  38.10305  ...,  38.172154  37.97357   38.267258]
 [-19.01485  -18.905824 -18.819727 ..., -18.964935 -18.867802 -18.94673 ]
 [ -9.598064  -9.555677  -9.515797 ...,  -9.573961  -9.53175   -9.579905]]
data/Zms_boot_mu_match_32cubed_qq_block.out
Z matrix is - 
[[ 0.969986  0.        0.        0.        0.      ]
 [ 0.        1.049078  0.282855  0.        0.      ]
 [ 0.        0.054959  0.928208  0.        0.      ]
 [ 0.        0.        0.        0.912145 -0.012556]
 [ 0.        0.        0.       -0.347973  1.281952]]
Renormalised B is- 
[ 0.5436871   0.99894779  0.78302469  0.45992995  0.66168094]
Renormalised R is- 
[  1.02231611 -25.55228293  29.94914152 -14.70113546 -12.69279966]
-----Interpolating non-physical mass data-----
Interpolate dR/dms to the near physical point data
32  - dy/dms =  [[ 2.58200573]
 [ 2.68218104]
 [ 2.51471295]]
Interpolated dy/dms =  [ 2.80615658]
-----Interpolating non-physical mass data-----
Interpolate dR/dms to the near physical point data
32  - dy/dms =  [[ 24.36942361]
 [ 23.51415934]
 [ 22.14250538]]
Interpolated dy/dms =  [ 26.47174774]
(5, 3, 1, 501) (5, 3, 1, 501) (501,) (1, 3, 3, 1, 501)
0
[[ 0.00866658]
 [ 0.00886961]
 [ 0.00891576]]
1
[[ 0.23872703]
 [ 0.24155948]
 [ 0.24279582]] [[-0.21712621]
 [-0.22194972]
 [-0.21486223]]
2
[[-0.28096275]
 [-0.2824744 ]
 [-0.28226764]] [[ 0.25473076]
 [ 0.2598266 ]
 [ 0.24973097]]
3
[[ 0.1374762 ]
 [ 0.13938302]
 [ 0.14083462]] [[-0.12550351]
 [-0.12728255]
 [-0.12448229]]
4
[[ 0.11863866]
 [ 0.1206416 ]
 [ 0.12188157]] [[-0.10820392]
 [-0.11011199]
 [-0.10789292]]
Interpolated B is -  [[ 0.54231863]
 [ 0.99652438]
 [ 0.78188668]
 [ 0.45909634]
 [ 0.66031524]]
Interpolated B is -  [[ 0.55502316]
 [ 1.00834796]
 [ 0.78609345]
 [ 0.46546411]
 [ 0.67146311]]
Interpolated B is -  [[ 0.55791093]
 [ 1.01350883]
 [ 0.78551804]
 [ 0.47031167]
 [ 0.67836449]]
48 ms Lattice qq
Unrenormalised bag is -  [[ 1.55547701  1.55757778  1.55362159 ...,  1.5598041   1.55646184
   1.55742327]
 [ 1.22580799  1.22666295  1.22750156 ...,  1.22727901  1.22685875
   1.22644856]
 [-1.86547726 -1.86677924 -1.8678765  ..., -1.86694583 -1.86659135
  -1.86617962]
 [ 0.96107359  0.96078683  0.96008066 ...,  0.96052682  0.96087227
   0.96112814]
 [ 0.49515669  0.49498506  0.49461602 ...,  0.49480345  0.49504743
   0.49513115]]
Unrenormalised bare ratios is -  [[-23.320056   -23.26213436 -23.333959   ..., -23.25488322 -23.3141627
  -23.28736511]
 [ 35.49050983  35.40023346  35.50647587 ...,  35.37570546  35.4685722
   35.43416867]
 [-18.27854849 -18.21654545 -18.24633115 ..., -18.19446715 -18.25215609
  -18.24681984]
 [ -9.41735237  -9.38455152  -9.39975583 ...,  -9.37283193  -9.40358238
   -9.39991398]]
data/Zms_boot_mu_match_24cubed_qq_block.out
Z matrix is - 
[[ 0.947955  0.        0.        0.        0.      ]
 [ 0.        1.051161  0.287449  0.        0.      ]
 [ 0.        0.069378  1.019458  0.        0.      ]
 [ 0.        0.        0.        0.991513 -0.027976]
 [ 0.        0.        0.       -0.355589  1.239301]]
Renormalised B is- 
[ 0.55363769  0.91442076  0.81473861  0.49006227  0.61683262]
Renormalised R is- 
[  1.01619427 -23.60557508  31.54823784 -15.81120385 -11.94068848]
Interpolating physical pt data to true strange physical point
uninterpolated value is  [[[ 0.55363769]]]
interpolated physical value is [[ 0.55291555]]
Interpolating physical pt data to true strange physical point
uninterpolated value is  [[[ 1.01619427]]]
interpolated physical value is [[ 1.00898897]]
(5, 1, 1, 501) (5, 1, 1, 501) (501,) (1, 1, 2, 1, 501)
0
[[ 0.00883593]]
1
[[ 0.21877594]] [[-0.21022189]]
2
[[-0.29257399]] [[ 0.28104706]]
3
[[ 0.14663811]] [[-0.14076452]]
4
[[ 0.11072421]] [[-0.10630268]]
Interpolated B is -  [[ 0.55291555]
 [ 0.91324205]
 [ 0.81419943]
 [ 0.48969219]
 [ 0.61626522]]
64 ms Lattice qq
Unrenormalised bag is -  [[ 1.50328786  1.50021978  1.49073349 ...,  1.49891112  1.49406376
   1.49402816]
 [ 1.21768767  1.21438758  1.20813651 ...,  1.21401807  1.21248286
   1.21129582]
 [-1.86216181 -1.85639799 -1.84712784 ..., -1.85573146 -1.85395225
  -1.8518476 ]
 [ 0.88388738  0.88146122  0.87764092 ...,  0.88278268  0.87955024
   0.88028528]
 [ 0.44681842  0.44543438  0.44362705 ...,  0.44620933  0.44448511
   0.44490857]]
Unrenormalised bare ratios is -  [[-27.0266202  -26.96227548 -27.00766991 ..., -26.98906211 -27.00836066
  -27.01458487]
 [ 41.32925752  41.21400015  41.29248885 ...,  41.25236288  41.29502243
   41.299702  ]
 [-19.62073739 -19.56596908 -19.61910041 ..., -19.62761957 -19.59831638
  -19.6339144 ]
 [ -9.91863653  -9.88849381  -9.91683959 ...,  -9.92066689  -9.90416295
   -9.92335964]]
data/Zms_boot_mu_match_32cubed_qq_block.out
Z matrix is - 
[[ 0.969986  0.        0.        0.        0.      ]
 [ 0.        1.049078  0.282855  0.        0.      ]
 [ 0.        0.054959  0.928208  0.        0.      ]
 [ 0.        0.        0.        0.912145 -0.012556]
 [ 0.        0.        0.       -0.347973  1.281952]]
Renormalised B is- 
[ 0.5434449   1.00585857  0.78949499  0.44615675  0.64167733]
Renormalised R is- 
[  1.06323312 -28.57684825  33.64414469 -15.84559803 -13.67397518]
Interpolating physical pt data to true strange physical point
uninterpolated value is  [[[ 0.5434449]]]
interpolated physical value is [[ 0.53497031]]
Interpolating physical pt data to true strange physical point
uninterpolated value is  [[[ 1.06323312]]]
interpolated physical value is [[ 0.98328844]]
(5, 1, 1, 501) (5, 1, 1, 501) (501,) (1, 1, 2, 1, 501)
0
[[ 0.00854915]]
1
[[ 0.23752268]] [[-0.24948831]]
2
[[-0.28117796]] [[ 0.29550863]]
3
[[ 0.13207675]] [[-0.1387802]]
4
[[ 0.11385133]] [[-0.11956285]]
Interpolated B is -  [[ 0.53497031]
 [ 0.99149705]
 [ 0.7824856 ]
 [ 0.44106511]
 [ 0.63367004]]
do log value is -  0
---Doing Global Fitting---
Scheme -  ms   Basis -  Lattice   Kinematics -  qq   Fit type -  linear
Channel -  1
---Fitting Results---
chisq -  17.2187095862  +/-  8.337031273
chisq/dof -  2.45981565517 +/- 1.19100446757
parameters: 
p0 -  0.965658772976  +/-  0.780623263662
p1 -  1.90876474545  +/-  0.749459878288
p2 -  0.0889939212261  +/-  0.710913574064
---continuum point is: yp =  0.979591343485  +/-  0.0145117322582
Saving  ./plots/linear/R1_Lattice_ms_qq .pdf
Channel -  2
---Fitting Results---
chisq -  11.8214778797  +/-  8.27781231173
chisq/dof -  1.68878255424 +/- 1.18254461596
parameters: 
p0 -  -34.3908749934  +/-  63.4739043466
p1 -  120.250493642  +/-  62.8187616353
p2 -  29.8879801764  +/-  63.5485160571
---continuum point is: yp =  -33.5131353529  +/-  0.454965065516
Saving  ./plots/linear/R2_Lattice_ms_qq .pdf
Channel -  3
---Fitting Results---
chisq -  8.53425174387  +/-  7.15481160653
chisq/dof -  1.21917882055 +/- 1.02211594379
parameters: 
p0 -  36.7971601406  +/-  81.9881929609
p1 -  -156.661189522  +/-  81.1736228018
p2 -  -12.5047935275  +/-  83.5051043219
---continuum point is: yp =  35.6536493574  +/-  0.541848255599
Saving  ./plots/linear/R3_Lattice_ms_qq .pdf
Channel -  4
---Fitting Results---
chisq -  5.09909777536  +/-  5.69411387934
chisq/dof -  0.728442539337 +/- 0.813444839906
parameters: 
p0 -  -16.2625599573  +/-  29.8957252771
p1 -  53.9390282054  +/-  29.3893426515
p2 -  0.198279459852  +/-  30.2256476878
---continuum point is: yp =  -15.8688449563  +/-  0.259483426642
Saving  ./plots/linear/R4_Lattice_ms_qq .pdf
Channel -  5
---Fitting Results---
chisq -  7.53206006364  +/-  6.71591952008
chisq/dof -  1.07600858052 +/- 0.959417074297
parameters: 
p0 -  -15.9854960592  +/-  25.6364747866
p1 -  46.3433038858  +/-  25.1912673357
p2 -  11.1493735997  +/-  25.1246898945
---continuum point is: yp =  -15.6472242263  +/-  0.219931574254
Saving  ./plots/linear/R5_Lattice_ms_qq .pdf
do log value is -  0
---Doing Global Fitting---
Scheme -  ms   Basis -  Lattice   Kinematics -  qq   Fit type -  linear
Channel -  1
---Fitting Results---
chisq -  21.6755054276  +/-  10.3070089273
chisq/dof -  3.09650077536 +/- 1.47242984676
parameters: 
p0 -  0.51258350647  +/-  0.1965105968
p1 -  0.600465237969  +/-  0.209525502578
p2 -  0.108156674388  +/-  0.232357622038
---continuum point is: yp =  0.516966458474  +/-  0.00360794597326
Saving  ./plots/linear/B1_Lattice_ms_qq .pdf
Channel -  2
---Fitting Results---
chisq -  27.9739642778  +/-  11.2959172987
chisq/dof -  3.99628061111 +/- 1.61370247124
parameters: 
p0 -  1.08125550828  +/-  0.668300087168
p1 -  0.464225256643  +/-  0.660503086482
p2 -  -0.511932030922  +/-  0.648341929464
---continuum point is: yp =  1.08464400921  +/-  0.00540047763724
Saving  ./plots/linear/B2_Lattice_ms_qq .pdf
Channel -  3
---Fitting Results---
chisq -  11.5250614043  +/-  7.40818096731
chisq/dof -  1.64643734347 +/- 1.05831156676
parameters: 
p0 -  0.748447394074  +/-  0.355737063129
p1 -  0.052031216736  +/-  0.318487137814
p2 -  0.195183275285  +/-  0.292693277406
---continuum point is: yp =  0.748827183463  +/-  0.00437845291668
Saving  ./plots/linear/B3_Lattice_ms_qq .pdf
Channel -  4
---Fitting Results---
chisq -  11.779052847  +/-  7.42687798832
chisq/dof -  1.68272183528 +/- 1.06098256976
parameters: 
p0 -  0.380762722036  +/-  0.204372673641
p1 -  0.8404120097  +/-  0.209496468906
p2 -  0.310053681441  +/-  0.224096072975
---continuum point is: yp =  0.386897107958  +/-  0.00252133509838
Saving  ./plots/linear/B4_Lattice_ms_qq .pdf
Channel -  5
---Fitting Results---
chisq -  24.9586947922  +/-  10.1725643251
chisq/dof -  3.56552782746 +/- 1.45322347501
parameters: 
p0 -  0.65016660862  +/-  0.518435746986
p1 -  1.18844439797  +/-  0.522258255761
p2 -  -0.123921680551  +/-  0.546421900982
---continuum point is: yp =  0.658841373496  +/-  0.00337598192235
Saving  ./plots/linear/B5_Lattice_ms_qq .pdf
do log value is -  1
---Doing Global Fitting---
Scheme -  ms   Basis -  Lattice   Kinematics -  qq   Fit type -  chiral
Channel -  1
---Fitting Results---
chisq -  8.77729594713  +/-  5.99393557275
chisq/dof -  1.25389942102 +/- 0.856276510393
parameters: 
p0 -  0.995330449816  +/-  2.70014474006
p1 -  6.16901808483  +/-  2.68845428379
p2 -  0.0632782916969  +/-  2.64207171065
---continuum point is: yp =  0.986742912693  +/-  0.0142671459339
Saving  ./plots/chiral/R1_Lattice_ms_qq .pdf
Channel -  2
---Fitting Results---
chisq -  6.73133700991  +/-  6.48955467806
chisq/dof -  0.961619572844 +/- 0.927079239723
parameters: 
p0 -  -35.4352547468  +/-  29.6590874381
p1 -  -30.6300909199  +/-  30.2302566524
p2 -  30.7170011909  +/-  28.8860525914
---continuum point is: yp =  -33.749993181  +/-  0.445362409201
Saving  ./plots/chiral/R2_Lattice_ms_qq .pdf
Channel -  3
---Fitting Results---
chisq -  6.10307189053  +/-  6.29440710153
chisq/dof -  0.871867412933 +/- 0.899201014504
parameters: 
p0 -  37.9140630439  +/-  20.9995760499
p1 -  4.59960134931  +/-  20.8969922261
p2 -  -13.3796206115  +/-  20.9672147987
---continuum point is: yp =  35.9052688586  +/-  0.53022296757
Saving  ./plots/chiral/R3_Lattice_ms_qq .pdf
Channel -  4
---Fitting Results---
chisq -  6.34958098563  +/-  6.14820340549
chisq/dof -  0.907082997947 +/- 0.878314772213
parameters: 
p0 -  -17.1147994552  +/-  28.5218344017
p1 -  -67.3176604083  +/-  28.8056100972
p2 -  0.91455603416  +/-  27.5810410335
---continuum point is: yp =  -16.0695920045  +/-  0.251917264838
Saving  ./plots/chiral/R4_Lattice_ms_qq .pdf
Channel -  5
---Fitting Results---
chisq -  5.94834831526  +/-  6.02045954464
chisq/dof -  0.849764045037 +/- 0.860065649235
parameters: 
p0 -  -16.8211466537  +/-  34.7205370879
p1 -  -72.9454736364  +/-  35.2617803733
p2 -  11.852087594  +/-  34.4118071446
---continuum point is: yp =  -15.843382394  +/-  0.212929246024
Saving  ./plots/chiral/R5_Lattice_ms_qq .pdf
do log value is -  1
---Doing Global Fitting---
Scheme -  ms   Basis -  Lattice   Kinematics -  qq   Fit type -  chiral
Channel -  1
---Fitting Results---
chisq -  23.7575277042  +/-  10.7223294047
chisq/dof -  3.39393252917 +/- 1.53176134353
parameters: 
p0 -  0.507706025642  +/-  0.315703062213
p1 -  -0.115395754271  +/-  0.273308399456
p2 -  0.112103023609  +/-  0.235189942354
---continuum point is: yp =  0.515980149986  +/-  0.00360187183459
Saving  ./plots/chiral/B1_Lattice_ms_qq .pdf
Channel -  2
---Fitting Results---
chisq -  35.654707442  +/-  12.7379991946
chisq/dof -  5.09352963456 +/- 1.81971417066
parameters: 
p0 -  1.06969196866  +/-  0.982254279993
p1 -  -1.0320229357  +/-  0.916889249536
p2 -  -0.499973040021  +/-  0.85939418681
---continuum point is: yp =  1.08136647715  +/-  0.0054059454913
Saving  ./plots/chiral/B2_Lattice_ms_qq .pdf
Channel -  3
---Fitting Results---
chisq -  13.755673853  +/-  8.11664823708
chisq/dof -  1.96509626471 +/- 1.15952117673
parameters: 
p0 -  0.740592804517  +/-  0.794228835421
p1 -  -0.984213179542  +/-  0.746251819637
p2 -  0.203014849951  +/-  0.715959430538
---continuum point is: yp =  0.746706946294  +/-  0.004371932983
Saving  ./plots/chiral/B3_Lattice_ms_qq .pdf
Channel -  4
---Fitting Results---
chisq -  14.8144860974  +/-  8.42414370834
chisq/dof -  2.11635515677 +/- 1.20344910119
parameters: 
p0 -  0.384718584993  +/-  0.462016473646
p1 -  1.38231964399  +/-  0.466342350713
p2 -  0.30629355165  +/-  0.47990430333
---continuum point is: yp =  0.387900444431  +/-  0.00252046146018
Saving  ./plots/chiral/B4_Lattice_ms_qq .pdf
Channel -  5
---Fitting Results---
chisq -  27.3598537323  +/-  10.8821283617
chisq/dof -  3.90855053319 +/- 1.55458976595
parameters: 
p0 -  0.657048739011  +/-  0.907803630176
p1 -  2.11424584607  +/-  0.911794341794
p2 -  -0.130727412751  +/-  0.941099004455
---continuum point is: yp =  0.660683126565  +/-  0.0033797065874
Saving  ./plots/chiral/B5_Lattice_ms_qq .pdf
