----------------------setting up as----------------------------
----------------------setting up as----------------------------
----------------------setting up as----------------------------
----------------------setting up as----------------------------
24 MOM SUSY qq
Unrenormalised bag is -  [ 1.531126  1.184277 -1.791854  0.945944  0.489873]
Unrenormalised bare ratios is -  [[-21.395342 -21.323851 -21.438699 ..., -21.42395  -21.301824 -21.405902]
 [ 32.387562  32.279551  32.458398 ...,  32.469014  32.271109  32.418288]
 [-17.220644 -17.180836 -17.23766  ..., -17.379827 -17.277187 -17.271899]
 [ -8.862963  -8.846121  -8.872476 ...,  -8.945566  -8.890274  -8.894053]]
data/ZMOM_boot_mu_match_24cubed_qq_block.out
Z matrix is - 
[[ 0.956451  0.        0.        0.        0.      ]
 [ 0.        1.049965  0.282206  0.        0.      ]
 [ 0.        0.061294  0.98888   0.        0.      ]
 [ 0.        0.        0.        1.027146 -0.040576]
 [ 0.        0.        0.       -0.281005  1.16703 ]]
Renormalised B is- 
[ 0.54916762  0.60034735  1.01850428  0.89326572  0.58172423]
Renormalised R is- 
[  0.99437596 -15.84584034   2.89162839  27.04853923  10.65040118]
-----Interpolating non-physical mass data-----
Interpolate dR/dms to the near physical point data
24  - dy/dms =  [[ 1.63577087]
 [ 1.78814768]
 [ 1.53481196]]
Interpolated dy/dms =  [ 1.82152486]
-----Interpolating non-physical mass data-----
Interpolate dR/dms to the near physical point data
24  - dy/dms =  [[ 17.09057659]
 [ 15.81708077]
 [ 13.5778284 ]]
Interpolated dy/dms =  [ 18.01326238]
(5, 3, 1, 501) (5, 3, 1, 501) (501,) (1, 3, 4, 1, 501)
0
[[ 0.00883671]
 [ 0.0088456 ]
 [ 0.00958825]]
1
[[ 0.18065553]
 [ 0.18986446]
 [ 0.19888565]] [[-0.14104528]
 [-0.1337075 ]
 [-0.13331845]]
2
[[-0.06124787]
 [-0.06448269]
 [-0.06762602]] [[ 0.02574026]
 [ 0.02426148]
 [ 0.0239371 ]]
3
[[-0.32230191]
 [-0.32658056]
 [-0.34037845]] [[ 0.23943385]
 [ 0.22166715]
 [ 0.21749977]]
4
[[-0.07029472]
 [-0.07224874]
 [-0.07657799]] [[ 0.09457776]
 [ 0.08824259]
 [ 0.08786201]]
Interpolated B is -  [[ 0.55296444]
 [ 0.60329202]
 [ 1.02267419]
 [ 0.89692876]
 [ 0.58686612]]
Interpolated B is -  [[ 0.55352081]
 [ 0.63404488]
 [ 1.07668702]
 [ 0.90883575]
 [ 0.60317951]]
32 MOM SUSY qq
Unrenormalised bag is -  [ 1.494694  1.202869 -1.837128  0.907511  0.458776]
Unrenormalised bare ratios is -  [[-25.125635 -25.043168 -25.038251 ..., -25.028875 -24.923587 -25.114861]
 [ 38.287211  38.137487  38.10305  ...,  38.172154  37.97357   38.267258]
 [-19.01485  -18.905824 -18.819727 ..., -18.964935 -18.867802 -18.94673 ]
 [ -9.598064  -9.555677  -9.515797 ...,  -9.573961  -9.53175   -9.579905]]
data/ZMOM_boot_mu_match_32cubed_qq_block.out
Z matrix is - 
[[ 0.97868   0.        0.        0.        0.      ]
 [ 0.        1.047955  0.278064  0.        0.      ]
 [ 0.        0.047297  0.900244  0.        0.      ]
 [ 0.        0.        0.        0.945122 -0.025057]
 [ 0.        0.        0.       -0.278169  1.208091]]
Renormalised B is- 
[ 0.54856017  0.58251078  0.93689605  0.91609418  0.64510371]
Renormalised R is- 
[  1.02231611 -15.92173536   2.16411724  28.69096362  12.80105357]
-----Interpolating non-physical mass data-----
Interpolate dR/dms to the near physical point data
32  - dy/dms =  [[ 2.60514829]
 [ 2.70622147]
 [ 2.53725237]]
Interpolated dy/dms =  [ 2.83130821]
-----Interpolating non-physical mass data-----
Interpolate dR/dms to the near physical point data
32  - dy/dms =  [[ 24.36942361]
 [ 23.51415934]
 [ 22.14250538]]
Interpolated dy/dms =  [ 26.47174774]
(5, 3, 1, 501) (5, 3, 1, 501) (501,) (1, 3, 3, 1, 501)
0
[[ 0.00874426]
 [ 0.00894911]
 [ 0.00899567]]
1
[[ 0.17410859]
 [ 0.1766174 ]
 [ 0.17845245]] [[-0.13713209]
 [-0.1391001 ]
 [-0.13605298]]
2
[[-0.0560179 ]
 [-0.05668764]
 [-0.05728294]] [[ 0.01870813]
 [ 0.01880979]
 [ 0.01830707]]
3
[[-0.32865918]
 [-0.33076791]
 [-0.33083659]] [[ 0.24621738]
 [ 0.25114118]
 [ 0.24137747]]
4
[[-0.07704952]
 [-0.07818627]
 [-0.07878831]] [[ 0.10975076]
 [ 0.11218655]
 [ 0.10859662]]
Interpolated B is -  [[ 0.54717944]
 [ 0.58142877]
 [ 0.93534779]
 [ 0.91462033]
 [ 0.64325961]]
Interpolated B is -  [[ 0.55999784]
 [ 0.58980684]
 [ 0.94653062]
 [ 0.92048868]
 [ 0.65274992]]
Interpolated B is -  [[ 0.5629115 ]
 [ 0.59593492]
 [ 0.95647063]
 [ 0.92067978]
 [ 0.65777617]]
48 MOM SUSY qq
Unrenormalised bag is -  [[ 1.55547701  1.55757778  1.55362159 ...,  1.5598041   1.55646184
   1.55742327]
 [ 1.22580799  1.22666295  1.22750156 ...,  1.22727901  1.22685875
   1.22644856]
 [-1.86547726 -1.86677924 -1.8678765  ..., -1.86694583 -1.86659135
  -1.86617962]
 [ 0.96107359  0.96078683  0.96008066 ...,  0.96052682  0.96087227
   0.96112814]
 [ 0.49515669  0.49498506  0.49461602 ...,  0.49480345  0.49504743
   0.49513115]]
Unrenormalised bare ratios is -  [[-23.320056   -23.26213436 -23.333959   ..., -23.25488322 -23.3141627
  -23.28736511]
 [ 35.49050983  35.40023346  35.50647587 ...,  35.37570546  35.4685722
   35.43416867]
 [-18.27854849 -18.21654545 -18.24633115 ..., -18.19446715 -18.25215609
  -18.24681984]
 [ -9.41735237  -9.38455152  -9.39975583 ...,  -9.37283193  -9.40358238
   -9.39991398]]
data/ZMOM_boot_mu_match_24cubed_qq_block.out
Z matrix is - 
[[ 0.956451  0.        0.        0.        0.      ]
 [ 0.        1.049965  0.282206  0.        0.      ]
 [ 0.        0.061294  0.98888   0.        0.      ]
 [ 0.        0.        0.        1.027146 -0.040576]
 [ 0.        0.        0.       -0.281005  1.16703 ]]
Renormalised B is- 
[ 0.55859964  0.6100507   1.03981437  0.93054213  0.60009864]
Renormalised R is- 
[  1.01619427 -17.10643277   3.11892881  30.24653652  11.83532082]
Interpolating physical pt data to true strange physical point
uninterpolated value is  [[[ 0.55859964]]]
interpolated physical value is [[ 0.55787103]]
Interpolating physical pt data to true strange physical point
uninterpolated value is  [[[ 1.01619427]]]
interpolated physical value is [[ 1.00898897]]
(5, 1, 1, 501) (5, 1, 1, 501) (501,) (1, 1, 2, 1, 501)
0
[[ 0.00891512]]
1
[[ 0.18253652]] [[-0.15366044]]
2
[[-0.06223298]] [[ 0.02801759]]
3
[[-0.33413035]] [[ 0.27186603]]
4
[[-0.07176747]] [[ 0.10634569]]
Interpolated B is -  [[ 0.55787103]
 [ 0.60957352]
 [ 1.03912296]
 [ 0.92984596]
 [ 0.59916158]]
64 MOM SUSY qq
Unrenormalised bag is -  [[ 1.50328786  1.50021978  1.49073349 ...,  1.49891112  1.49406376
   1.49402816]
 [ 1.21768767  1.21438758  1.20813651 ...,  1.21401807  1.21248286
   1.21129582]
 [-1.86216181 -1.85639799 -1.84712784 ..., -1.85573146 -1.85395225
  -1.8518476 ]
 [ 0.88388738  0.88146122  0.87764092 ...,  0.88278268  0.87955024
   0.88028528]
 [ 0.44681842  0.44543438  0.44362705 ...,  0.44620933  0.44448511
   0.44490857]]
Unrenormalised bare ratios is -  [[-27.0266202  -26.96227548 -27.00766991 ..., -26.98906211 -27.00836066
  -27.01458487]
 [ 41.32925752  41.21400015  41.29248885 ...,  41.25236288  41.29502243
   41.299702  ]
 [-19.62073739 -19.56596908 -19.61910041 ..., -19.62761957 -19.59831638
  -19.6339144 ]
 [ -9.91863653  -9.88849381  -9.91683959 ...,  -9.92066689  -9.90416295
   -9.92335964]]
data/ZMOM_boot_mu_match_32cubed_qq_block.out
Z matrix is - 
[[ 0.97868   0.        0.        0.        0.      ]
 [ 0.        1.047955  0.278064  0.        0.      ]
 [ 0.        0.047297  0.900244  0.        0.      ]
 [ 0.        0.        0.        0.945122 -0.025057]
 [ 0.        0.        0.       -0.278169  1.208091]]
Renormalised B is- 
[ 0.5483158   0.565037    0.90900937  0.92346705  0.64918056]
Renormalised R is- 
[  1.06323312 -17.16077615   2.33559671  32.23119628  14.31690375]
Interpolating physical pt data to true strange physical point
uninterpolated value is  [[[ 0.5483158]]]
interpolated physical value is [[ 0.53976525]]
Interpolating physical pt data to true strange physical point
uninterpolated value is  [[[ 1.06323312]]]
interpolated physical value is [[ 0.98328844]]
(5, 1, 1, 501) (5, 1, 1, 501) (501,) (1, 1, 2, 1, 501)
0
[[ 0.00862578]]
1
[[ 0.16723631]] [[-0.15163346]]
2
[[-0.05385689]] [[ 0.02072112]]
3
[[-0.32860288]] [[ 0.28564108]]
4
[[-0.07646204]] [[ 0.12612052]]
Interpolated B is -  [[ 0.53976525]
 [ 0.55847907]
 [ 0.89926489]
 [ 0.91446364]
 [ 0.63835491]]
do log value is -  0
---Doing Global Fitting---
Scheme -  MOM   Basis -  SUSY   Kinematics -  qq   Fit type -  linear
Channel -  1
---Fitting Results---
chisq -  29.3946588757  +/-  10.9172540049
chisq/dof -  4.19923698224 +/- 1.55960771499
parameters: 
p0 -  1.00175204137  +/-  0.626811996626
p1 -  1.45321220112  +/-  0.603568041413
p2 -  0.0144152862063  +/-  0.569762819748
---continuum point is: yp =  1.01235941533  +/-  0.014946395674
Saving  ./plots/linear/R1_SUSY_MOM_qq .pdf
Channel -  2
---Fitting Results---
chisq -  1.45991170293  +/-  4.1395402474
chisq/dof -  0.208558814705 +/- 0.591362892486
parameters: 
p0 -  -17.4165465503  +/-  31.0422378403
p1 -  55.5302913699  +/-  30.5183041381
p2 -  -0.0964713615121  +/-  31.2864520656
---continuum point is: yp =  -17.0112165054  +/-  0.278453845976
Saving  ./plots/linear/R2_SUSY_MOM_qq .pdf
Channel -  3
---Fitting Results---
chisq -  1.28861066965  +/-  4.12044483687
chisq/dof -  0.184087238521 +/- 0.588634976696
parameters: 
p0 -  1.45703584309  +/-  5.1913891088
p1 -  -7.48626747198  +/-  5.19333231019
p2 -  5.11704560746  +/-  5.56637483224
---continuum point is: yp =  1.402391629  +/-  0.0464208087575
Saving  ./plots/linear/R3_SUSY_MOM_qq .pdf
Channel -  4
---Fitting Results---
chisq -  2.87668905421  +/-  5.09763887891
chisq/dof -  0.410955579173 +/- 0.728234125559
parameters: 
p0 -  34.8324817817  +/-  76.2662600024
p1 -  -145.02556785  +/-  75.5059356377
p2 -  -11.0661231712  +/-  77.5303450381
---continuum point is: yp =  33.7739024284  +/-  0.514402060381
Saving  ./plots/linear/R4_SUSY_MOM_qq .pdf
Channel -  5
---Fitting Results---
chisq -  6.29465378022  +/-  6.62313995819
chisq/dof -  0.899236254318 +/- 0.94616285117
parameters: 
p0 -  17.0904254123  +/-  31.1359344389
p1 -  -58.7387549596  +/-  30.8076236936
p2 -  -14.6542821068  +/-  31.1047181763
---continuum point is: yp =  16.6616759569  +/-  0.226256299592
Saving  ./plots/linear/R5_SUSY_MOM_qq .pdf
do log value is -  0
---Doing Global Fitting---
Scheme -  MOM   Basis -  SUSY   Kinematics -  qq   Fit type -  linear
Channel -  1
---Fitting Results---
chisq -  18.9838653379  +/-  9.6027757621
chisq/dof -  2.71198076256 +/- 1.37182510887
parameters: 
p0 -  0.533720672174  +/-  0.2021102949
p1 -  0.377615765122  +/-  0.198437528872
p2 -  0.0664366472319  +/-  0.198809386462
---continuum point is: yp =  0.536476987894  +/-  0.00352556161116
Saving  ./plots/linear/B1_SUSY_MOM_qq .pdf
Channel -  2
---Fitting Results---
chisq -  6.82077084209  +/-  5.78739696736
chisq/dof -  0.974395834584 +/- 0.826770995337
parameters: 
p0 -  0.506662641389  +/-  0.212486992702
p1 -  0.891547555594  +/-  0.221256444677
p2 -  0.292555173461  +/-  0.234128467653
---continuum point is: yp =  0.513170278965  +/-  0.00306266053307
Saving  ./plots/linear/B2_SUSY_MOM_qq .pdf
Channel -  3
---Fitting Results---
chisq -  5.05051291418  +/-  5.2350893297
chisq/dof -  0.721501844883 +/- 0.747869904242
parameters: 
p0 -  0.747177849946  +/-  0.209696445105
p1 -  1.41930560277  +/-  0.236563973915
p2 -  0.848856017666  +/-  0.248024506742
---continuum point is: yp =  0.757537730822  +/-  0.0053282831164
Saving  ./plots/linear/B3_SUSY_MOM_qq .pdf
Channel -  4
---Fitting Results---
chisq -  12.8113136698  +/-  7.87713184517
chisq/dof -  1.83018766712 +/- 1.12530454931
parameters: 
p0 -  0.915477235863  +/-  0.512881080018
p1 -  -0.111279467759  +/-  0.472623170512
p2 -  0.0466296350385  +/-  0.436166763547
---continuum point is: yp =  0.914664978075  +/-  0.0050077865628
Saving  ./plots/linear/B4_SUSY_MOM_qq .pdf
Channel -  5
---Fitting Results---
chisq -  33.2974682458  +/-  12.2892558613
chisq/dof -  4.75678117798 +/- 1.75560798019
parameters: 
p0 -  0.70076818225  +/-  0.424931320262
p1 -  0.1812826384  +/-  0.416152171253
p2 -  -0.3047669103  +/-  0.401031831649
---continuum point is: yp =  0.702091411395  +/-  0.00348650075171
Saving  ./plots/linear/B5_SUSY_MOM_qq .pdf
do log value is -  1
---Doing Global Fitting---
Scheme -  MOM   Basis -  SUSY   Kinematics -  qq   Fit type -  chiral
Channel -  1
---Fitting Results---
chisq -  18.4127100467  +/-  8.60145268907
chisq/dof -  2.63038714953 +/- 1.22877895558
parameters: 
p0 -  1.0327770025  +/-  2.5761910588
p1 -  5.87184230745  +/-  2.56550317493
p2 -  -0.0129333863506  +/-  2.51989843649
---continuum point is: yp =  1.02000311819  +/-  0.0146763076153
Saving  ./plots/chiral/R1_SUSY_MOM_qq .pdf
Channel -  2
---Fitting Results---
chisq -  4.28853252699  +/-  5.474124601
chisq/dof -  0.612647503856 +/- 0.782017800142
parameters: 
p0 -  -18.3254746591  +/-  31.4541711367
p1 -  -74.3352544769  +/-  31.7569457836
p2 -  0.660554926106  +/-  30.4602504377
---continuum point is: yp =  -17.2227953351  +/-  0.270722362285
Saving  ./plots/chiral/R2_SUSY_MOM_qq .pdf
Channel -  3
---Fitting Results---
chisq -  4.9964594993  +/-  5.87189425977
chisq/dof -  0.713779928471 +/- 0.83884203711
parameters: 
p0 -  1.53260424078  +/-  1.46866511556
p1 -  3.3603646321  +/-  1.52065037103
p2 -  5.055840501  +/-  1.51891649864
---continuum point is: yp =  1.4195343236  +/-  0.0462815217363
Saving  ./plots/chiral/R3_SUSY_MOM_qq .pdf
Channel -  4
---Fitting Results---
chisq -  1.62352707143  +/-  4.39382610273
chisq/dof -  0.231932438775 +/- 0.627689443247
parameters: 
p0 -  35.8859975416  +/-  19.3630818239
p1 -  7.63649689226  +/-  19.3066112197
p2 -  -11.8839819655  +/-  19.1317180433
---continuum point is: yp =  34.0086189815  +/-  0.503734449685
Saving  ./plots/chiral/R4_SUSY_MOM_qq .pdf
Channel -  5
---Fitting Results---
chisq -  2.27865465807  +/-  4.6184216704
chisq/dof -  0.325522094011 +/- 0.659774524343
parameters: 
p0 -  17.6081877058  +/-  14.861677291
p1 -  16.2433059158  +/-  15.1524597824
p2 -  -15.0628186907  +/-  14.451998862
---continuum point is: yp =  16.7782278714  +/-  0.221565807963
Saving  ./plots/chiral/R5_SUSY_MOM_qq .pdf
do log value is -  1
---Doing Global Fitting---
Scheme -  MOM   Basis -  SUSY   Kinematics -  qq   Fit type -  chiral
Channel -  1
---Fitting Results---
chisq -  23.0240699602  +/-  10.4639738322
chisq/dof -  3.28915285146 +/- 1.4948534046
parameters: 
p0 -  0.52871354745  +/-  0.416855368651
p1 -  -0.36882338825  +/-  0.394546739896
p2 -  0.0703545589515  +/-  0.353057691599
---continuum point is: yp =  0.535515051041  +/-  0.00351704740828
Saving  ./plots/chiral/B1_SUSY_MOM_qq .pdf
Channel -  2
---Fitting Results---
chisq -  6.9404285423  +/-  5.87325981387
chisq/dof -  0.991489791757 +/- 0.839037116267
parameters: 
p0 -  0.511953770746  +/-  0.543736948465
p1 -  1.61264755698  +/-  0.552651200746
p2 -  0.287468348573  +/-  0.566519980766
---continuum point is: yp =  0.514532203872  +/-  0.00306436240265
Saving  ./plots/chiral/B2_SUSY_MOM_qq .pdf
Channel -  3
---Fitting Results---
chisq -  5.63671116238  +/-  5.50669320079
chisq/dof -  0.805244451769 +/- 0.786670457255
parameters: 
p0 -  0.754523007315  +/-  0.719532944513
p1 -  2.48618226825  +/-  0.742419461559
p2 -  0.842636823788  +/-  0.750725901537
---continuum point is: yp =  0.759121996378  +/-  0.00532845061948
Saving  ./plots/chiral/B3_SUSY_MOM_qq .pdf
Channel -  4
---Fitting Results---
chisq -  18.731015634  +/-  9.39045620525
chisq/dof -  2.67585937629 +/- 1.34149374361
parameters: 
p0 -  0.905811160764  +/-  1.02732770741
p1 -  -1.37846641476  +/-  0.97306561647
p2 -  0.0563848939578  +/-  0.928424437013
---continuum point is: yp =  0.912014225467  +/-  0.00500563977125
Saving  ./plots/chiral/B4_SUSY_MOM_qq .pdf
Channel -  5
---Fitting Results---
chisq -  46.0463303573  +/-  14.332615794
chisq/dof -  6.5780471939 +/- 2.047516542
parameters: 
p0 -  0.693489129395  +/-  0.671948794597
p1 -  -0.791268306244  +/-  0.637437073971
p2 -  -0.297613760986  +/-  0.59259723548
---continuum point is: yp =  0.700165826977  +/-  0.00349669273813
Saving  ./plots/chiral/B5_SUSY_MOM_qq .pdf
----------------------setting up as----------------------------
----------------------setting up as----------------------------
----------------------setting up as----------------------------
----------------------setting up as----------------------------
24 MOM Lattice qq
Unrenormalised bag is -  [ 1.531126  1.184277 -1.791854  0.945944  0.489873]
Unrenormalised bare ratios is -  [[-21.395342 -21.323851 -21.438699 ..., -21.42395  -21.301824 -21.405902]
 [ 32.387562  32.279551  32.458398 ...,  32.469014  32.271109  32.418288]
 [-17.220644 -17.180836 -17.23766  ..., -17.379827 -17.277187 -17.271899]
 [ -8.862963  -8.846121  -8.872476 ...,  -8.945566  -8.890274  -8.894053]]
data/ZMOM_boot_mu_match_24cubed_qq_block.out
Z matrix is - 
[[ 0.956451  0.        0.        0.        0.      ]
 [ 0.        1.049965  0.282206  0.        0.      ]
 [ 0.        0.061294  0.98888   0.        0.      ]
 [ 0.        0.        0.        1.027146 -0.040576]
 [ 0.        0.        0.       -0.281005  1.16703 ]]
Renormalised B is- 
[ 0.54916762  0.58172423  0.89326572  0.60034735  0.32157606]
Renormalised R is- 
[  0.99437596 -21.30080236  27.04853923 -15.84584034 -10.06258356]
-----Interpolating non-physical mass data-----
Interpolate dR/dms to the near physical point data
24  - dy/dms =  [[ 1.63577087]
 [ 1.78814768]
 [ 1.53481196]]
Interpolated dy/dms =  [ 1.82152486]
-----Interpolating non-physical mass data-----
Interpolate dR/dms to the near physical point data
24  - dy/dms =  [[ 17.09057659]
 [ 15.81708077]
 [ 13.5778284 ]]
Interpolated dy/dms =  [ 18.01326238]
(5, 3, 1, 501) (5, 3, 1, 501) (501,) (1, 3, 4, 1, 501)
0
[[ 0.00883671]
 [ 0.0088456 ]
 [ 0.00958825]]
1
[[ 0.14058944]
 [ 0.14449747]
 [ 0.15315598]] [[-0.18915551]
 [-0.17648518]
 [-0.17572403]]
2
[[-0.32230191]
 [-0.32658056]
 [-0.34037845]] [[ 0.23943385]
 [ 0.22166715]
 [ 0.21749977]]
3
[[ 0.18065553]
 [ 0.18986446]
 [ 0.19888565]] [[-0.14104528]
 [-0.1337075 ]
 [-0.13331845]]
4
[[ 0.05815976]
 [ 0.06089908]
 [ 0.06363361]] [[-0.08956479]
 [-0.08518449]
 [-0.08544422]]
Interpolated B is -  [[ 0.55296444]
 [ 0.58686612]
 [ 0.89692876]
 [ 0.60329202]
 [ 0.32370369]]
Interpolated B is -  [[ 0.55352081]
 [ 0.60317951]
 [ 0.90883575]
 [ 0.63404488]
 [ 0.33895012]]
32 MOM Lattice qq
Unrenormalised bag is -  [ 1.494694  1.202869 -1.837128  0.907511  0.458776]
Unrenormalised bare ratios is -  [[-25.125635 -25.043168 -25.038251 ..., -25.028875 -24.923587 -25.114861]
 [ 38.287211  38.137487  38.10305  ...,  38.172154  37.97357   38.267258]
 [-19.01485  -18.905824 -18.819727 ..., -18.964935 -18.867802 -18.94673 ]
 [ -9.598064  -9.555677  -9.515797 ...,  -9.573961  -9.53175   -9.579905]]
data/ZMOM_boot_mu_match_32cubed_qq_block.out
Z matrix is - 
[[ 0.97868   0.        0.        0.        0.      ]
 [ 0.        1.047955  0.278064  0.        0.      ]
 [ 0.        0.047297  0.900244  0.        0.      ]
 [ 0.        0.        0.        0.945122 -0.025057]
 [ 0.        0.        0.       -0.278169  1.208091]]
Renormalised B is- 
[ 0.54856017  0.64510371  0.91609418  0.58251078  0.34625393]
Renormalised R is- 
[  1.02231611 -25.60210714  28.69096362 -15.92173536 -11.59350087]
-----Interpolating non-physical mass data-----
Interpolate dR/dms to the near physical point data
32  - dy/dms =  [[ 2.60514829]
 [ 2.70622147]
 [ 2.53725237]]
Interpolated dy/dms =  [ 2.83130821]
-----Interpolating non-physical mass data-----
Interpolate dR/dms to the near physical point data
32  - dy/dms =  [[ 24.36942361]
 [ 23.51415934]
 [ 22.14250538]]
Interpolated dy/dms =  [ 26.47174774]
(5, 3, 1, 501) (5, 3, 1, 501) (501,) (1, 3, 3, 1, 501)
0
[[ 0.00874426]
 [ 0.00894911]
 [ 0.00899567]]
1
[[ 0.15409904]
 [ 0.15637254]
 [ 0.15757663]] [[-0.21950151]
 [-0.2243731 ]
 [-0.21719325]]
2
[[-0.32865918]
 [-0.33076791]
 [-0.33083659]] [[ 0.24621738]
 [ 0.25114118]
 [ 0.24137747]]
3
[[ 0.17410859]
 [ 0.1766174 ]
 [ 0.17845245]] [[-0.13713209]
 [-0.1391001 ]
 [-0.13605298]]
4
[[ 0.0620728 ]
 [ 0.06324213]
 [ 0.06388657]] [[-0.09971583]
 [-0.10148053]
 [-0.09943883]]
Interpolated B is -  [[ 0.54717944]
 [ 0.64325961]
 [ 0.91462033]
 [ 0.58142877]
 [ 0.34548276]]
Interpolated B is -  [[ 0.55999784]
 [ 0.65274992]
 [ 0.92048868]
 [ 0.58980684]
 [ 0.35199098]]
Interpolated B is -  [[ 0.5629115 ]
 [ 0.65777617]
 [ 0.92067978]
 [ 0.59593492]
 [ 0.35557779]]
48 MOM Lattice qq
Unrenormalised bag is -  [[ 1.55547701  1.55757778  1.55362159 ...,  1.5598041   1.55646184
   1.55742327]
 [ 1.22580799  1.22666295  1.22750156 ...,  1.22727901  1.22685875
   1.22644856]
 [-1.86547726 -1.86677924 -1.8678765  ..., -1.86694583 -1.86659135
  -1.86617962]
 [ 0.96107359  0.96078683  0.96008066 ...,  0.96052682  0.96087227
   0.96112814]
 [ 0.49515669  0.49498506  0.49461602 ...,  0.49480345  0.49504743
   0.49513115]]
Unrenormalised bare ratios is -  [[-23.320056   -23.26213436 -23.333959   ..., -23.25488322 -23.3141627
  -23.28736511]
 [ 35.49050983  35.40023346  35.50647587 ...,  35.37570546  35.4685722
   35.43416867]
 [-18.27854849 -18.21654545 -18.24633115 ..., -18.19446715 -18.25215609
  -18.24681984]
 [ -9.41735237  -9.38455152  -9.39975583 ...,  -9.37283193  -9.40358238
   -9.39991398]]
data/ZMOM_boot_mu_match_24cubed_qq_block.out
Z matrix is - 
[[ 0.956451  0.        0.        0.        0.      ]
 [ 0.        1.049965  0.282206  0.        0.      ]
 [ 0.        0.061294  0.98888   0.        0.      ]
 [ 0.        0.        0.        1.027146 -0.040576]
 [ 0.        0.        0.       -0.281005  1.16703 ]]
Renormalised B is- 
[ 0.55859964  0.60009864  0.93054213  0.6100507   0.3235416 ]
Renormalised R is- 
[  1.01619427 -23.67064164  30.24653652 -17.10643277 -10.86857515]
Interpolating physical pt data to true strange physical point
uninterpolated value is  [[[ 0.55859964]]]
interpolated physical value is [[ 0.55787103]]
Interpolating physical pt data to true strange physical point
uninterpolated value is  [[[ 1.01619427]]]
interpolated physical value is [[ 1.00898897]]
(5, 1, 1, 501) (5, 1, 1, 501) (501,) (1, 1, 2, 1, 501)
0
[[ 0.00891512]]
1
[[ 0.14353494]] [[-0.21269137]]
2
[[-0.33413035]] [[ 0.27186603]]
3
[[ 0.18253652]] [[-0.15366044]]
4
[[ 0.05807098]] [[-0.09762526]]
Interpolated B is -  [[ 0.55787103]
 [ 0.59916158]
 [ 0.92984596]
 [ 0.60957352]
 [ 0.32320959]]
64 MOM Lattice qq
Unrenormalised bag is -  [[ 1.50328786  1.50021978  1.49073349 ...,  1.49891112  1.49406376
   1.49402816]
 [ 1.21768767  1.21438758  1.20813651 ...,  1.21401807  1.21248286
   1.21129582]
 [-1.86216181 -1.85639799 -1.84712784 ..., -1.85573146 -1.85395225
  -1.8518476 ]
 [ 0.88388738  0.88146122  0.87764092 ...,  0.88278268  0.87955024
   0.88028528]
 [ 0.44681842  0.44543438  0.44362705 ...,  0.44620933  0.44448511
   0.44490857]]
Unrenormalised bare ratios is -  [[-27.0266202  -26.96227548 -27.00766991 ..., -26.98906211 -27.00836066
  -27.01458487]
 [ 41.32925752  41.21400015  41.29248885 ...,  41.25236288  41.29502243
   41.299702  ]
 [-19.62073739 -19.56596908 -19.61910041 ..., -19.62761957 -19.59831638
  -19.6339144 ]
 [ -9.91863653  -9.88849381  -9.91683959 ...,  -9.92066689  -9.90416295
   -9.92335964]]
data/ZMOM_boot_mu_match_32cubed_qq_block.out
Z matrix is - 
[[ 0.97868   0.        0.        0.        0.      ]
 [ 0.        1.047955  0.278064  0.        0.      ]
 [ 0.        0.047297  0.900244  0.        0.      ]
 [ 0.        0.        0.        0.945122 -0.025057]
 [ 0.        0.        0.       -0.278169  1.208091]]
Renormalised B is- 
[ 0.5483158   0.64918056  0.92346705  0.565037    0.33572208]
Renormalised R is- 
[  1.06323312 -28.63380749  32.23119628 -17.16077615 -12.48958273]
Interpolating physical pt data to true strange physical point
uninterpolated value is  [[[ 0.5483158]]]
interpolated physical value is [[ 0.53976525]]
Interpolating physical pt data to true strange physical point
uninterpolated value is  [[[ 1.06323312]]]
interpolated physical value is [[ 0.98328844]]
(5, 1, 1, 501) (5, 1, 1, 501) (501,) (1, 1, 2, 1, 501)
0
[[ 0.00862578]]
1
[[ 0.15292408]] [[-0.25224103]]
2
[[-0.32860288]] [[ 0.28564108]]
3
[[ 0.16723631]] [[-0.15163346]]
4
[[ 0.05952505]] [[-0.11018217]]
Interpolated B is -  [[ 0.53976525]
 [ 0.63835491]
 [ 0.91446364]
 [ 0.55847907]
 [ 0.33130262]]
do log value is -  0
---Doing Global Fitting---
Scheme -  MOM   Basis -  Lattice   Kinematics -  qq   Fit type -  linear
Channel -  1
---Fitting Results---
chisq -  29.3946588757  +/-  10.9172540049
chisq/dof -  4.19923698224 +/- 1.55960771499
parameters: 
p0 -  1.00175204137  +/-  0.626811996626
p1 -  1.45321220112  +/-  0.603568041413
p2 -  0.0144152862063  +/-  0.569762819748
---continuum point is: yp =  1.01235941533  +/-  0.014946395674
Saving  ./plots/linear/R1_Lattice_MOM_qq .pdf
Channel -  2
---Fitting Results---
chisq -  6.29465378022  +/-  6.62313995819
chisq/dof -  0.899236254318 +/- 0.94616285117
parameters: 
p0 -  -34.1808508244  +/-  62.2718689858
p1 -  117.477509945  +/-  61.6152473381
p2 -  29.3085642109  +/-  62.2094363359
---continuum point is: yp =  -33.3233519134  +/-  0.452512601696
Saving  ./plots/linear/R2_Lattice_MOM_qq .pdf
Channel -  3
---Fitting Results---
chisq -  2.87668905421  +/-  5.09763887891
chisq/dof -  0.410955579173 +/- 0.728234125559
parameters: 
p0 -  34.8324817817  +/-  76.2662600024
p1 -  -145.02556785  +/-  75.5059356377
p2 -  -11.0661231712  +/-  77.5303450381
---continuum point is: yp =  33.7739024284  +/-  0.514402060381
Saving  ./plots/linear/R3_Lattice_MOM_qq .pdf
Channel -  4
---Fitting Results---
chisq -  1.45991170293  +/-  4.1395402474
chisq/dof -  0.208558814705 +/- 0.591362892486
parameters: 
p0 -  -17.4165465503  +/-  31.0422378403
p1 -  55.5302913699  +/-  30.5183041381
p2 -  -0.0964713615121  +/-  31.2864520656
---continuum point is: yp =  -17.0112165054  +/-  0.278453845976
Saving  ./plots/linear/R4_Lattice_MOM_qq .pdf
Channel -  5
---Fitting Results---
chisq -  3.75667800555  +/-  5.37825317894
chisq/dof -  0.536668286507 +/- 0.768321882706
parameters: 
p0 -  -14.5062091618  +/-  22.6817503483
p1 -  40.6586082536  +/-  22.2844436598
p2 -  10.1454050999  +/-  22.1498499718
---continuum point is: yp =  -14.2094314014  +/-  0.199063879801
Saving  ./plots/linear/R5_Lattice_MOM_qq .pdf
do log value is -  0
---Doing Global Fitting---
Scheme -  MOM   Basis -  Lattice   Kinematics -  qq   Fit type -  linear
Channel -  1
---Fitting Results---
chisq -  18.9838653379  +/-  9.6027757621
chisq/dof -  2.71198076256 +/- 1.37182510887
parameters: 
p0 -  0.533720672174  +/-  0.2021102949
p1 -  0.377615765122  +/-  0.198437528872
p2 -  0.0664366472319  +/-  0.198809386462
---continuum point is: yp =  0.536476987894  +/-  0.00352556161116
Saving  ./plots/linear/B1_Lattice_MOM_qq .pdf
Channel -  2
---Fitting Results---
chisq -  33.2974682458  +/-  12.2892558613
chisq/dof -  4.75678117798 +/- 1.75560798019
parameters: 
p0 -  0.70076818225  +/-  0.424931320262
p1 -  0.1812826384  +/-  0.416152171253
p2 -  -0.3047669103  +/-  0.401031831649
---continuum point is: yp =  0.702091411395  +/-  0.00348650075171
Saving  ./plots/linear/B2_Lattice_MOM_qq .pdf
Channel -  3
---Fitting Results---
chisq -  12.8113136698  +/-  7.87713184517
chisq/dof -  1.83018766712 +/- 1.12530454931
parameters: 
p0 -  0.915477235863  +/-  0.512881080018
p1 -  -0.111279467759  +/-  0.472623170512
p2 -  0.0466296350385  +/-  0.436166763547
---continuum point is: yp =  0.914664978075  +/-  0.0050077865628
Saving  ./plots/linear/B3_Lattice_MOM_qq .pdf
Channel -  4
---Fitting Results---
chisq -  6.82077084209  +/-  5.78739696736
chisq/dof -  0.974395834584 +/- 0.826770995337
parameters: 
p0 -  0.506662641389  +/-  0.212486992702
p1 -  0.891547555594  +/-  0.221256444677
p2 -  0.292555173461  +/-  0.234128467653
---continuum point is: yp =  0.513170278965  +/-  0.00306266053307
Saving  ./plots/linear/B4_Lattice_MOM_qq .pdf
Channel -  5
---Fitting Results---
chisq -  14.1311309236  +/-  7.56853760417
chisq/dof -  2.01873298909 +/- 1.08121965774
parameters: 
p0 -  0.346394611763  +/-  0.249522349123
p1 -  0.53501179367  +/-  0.251540666054
p2 -  -0.0784395617096  +/-  0.26283830271
---continuum point is: yp =  0.350299802047  +/-  0.00179756465062
Saving  ./plots/linear/B5_Lattice_MOM_qq .pdf
do log value is -  1
---Doing Global Fitting---
Scheme -  MOM   Basis -  Lattice   Kinematics -  qq   Fit type -  chiral
Channel -  1
---Fitting Results---
chisq -  18.4127100467  +/-  8.60145268907
chisq/dof -  2.63038714953 +/- 1.22877895558
parameters: 
p0 -  1.0327770025  +/-  2.5761910588
p1 -  5.87184230745  +/-  2.56550317493
p2 -  -0.0129333863506  +/-  2.51989843649
---continuum point is: yp =  1.02000311819  +/-  0.0146763076153
Saving  ./plots/chiral/R1_Lattice_MOM_qq .pdf
Channel -  2
---Fitting Results---
chisq -  2.27865465807  +/-  4.6184216704
chisq/dof -  0.325522094011 +/- 0.659774524343
parameters: 
p0 -  -35.2163754071  +/-  29.7233545418
p1 -  -32.4866115799  +/-  30.3049196943
p2 -  30.1256373512  +/-  28.9039981872
---continuum point is: yp =  -33.5564557367  +/-  0.443131615559
Saving  ./plots/chiral/R2_Lattice_MOM_qq .pdf
Channel -  3
---Fitting Results---
chisq -  1.62352707143  +/-  4.39382610273
chisq/dof -  0.231932438775 +/- 0.627689443247
parameters: 
p0 -  35.8859975416  +/-  19.3630818239
p1 -  7.63649689226  +/-  19.3066112197
p2 -  -11.8839819655  +/-  19.1317180433
---continuum point is: yp =  34.0086189815  +/-  0.503734449685
Saving  ./plots/chiral/R3_Lattice_MOM_qq .pdf
Channel -  4
---Fitting Results---
chisq -  4.28853252699  +/-  5.474124601
chisq/dof -  0.612647503856 +/- 0.782017800142
parameters: 
p0 -  -18.3254746591  +/-  31.4541711367
p1 -  -74.3352544769  +/-  31.7569457836
p2 -  0.660554926106  +/-  30.4602504377
---continuum point is: yp =  -17.2227953351  +/-  0.270722362285
Saving  ./plots/chiral/R4_Lattice_MOM_qq .pdf
Channel -  5
---Fitting Results---
chisq -  3.89860857533  +/-  5.28653830811
chisq/dof -  0.55694408219 +/- 0.755219758301
parameters: 
p0 -  -15.2620616327  +/-  32.1322704059
p1 -  -67.5935827337  +/-  32.6255775423
p2 -  10.7765744812  +/-  31.8588629134
---continuum point is: yp =  -14.3852080814  +/-  0.192909514424
Saving  ./plots/chiral/R5_Lattice_MOM_qq .pdf
do log value is -  1
---Doing Global Fitting---
Scheme -  MOM   Basis -  Lattice   Kinematics -  qq   Fit type -  chiral
Channel -  1
---Fitting Results---
chisq -  23.0240699602  +/-  10.4639738322
chisq/dof -  3.28915285146 +/- 1.4948534046
parameters: 
p0 -  0.52871354745  +/-  0.416855368651
p1 -  -0.36882338825  +/-  0.394546739896
p2 -  0.0703545589515  +/-  0.353057691599
---continuum point is: yp =  0.535515051041  +/-  0.00351704740828
Saving  ./plots/chiral/B1_Lattice_MOM_qq .pdf
Channel -  2
---Fitting Results---
chisq -  46.0463303573  +/-  14.332615794
chisq/dof -  6.5780471939 +/- 2.047516542
parameters: 
p0 -  0.693489129395  +/-  0.671948794597
p1 -  -0.791268306244  +/-  0.637437073971
p2 -  -0.297613760986  +/-  0.59259723548
---continuum point is: yp =  0.700165826977  +/-  0.00349669273813
Saving  ./plots/chiral/B2_Lattice_MOM_qq .pdf
Channel -  3
---Fitting Results---
chisq -  18.731015634  +/-  9.39045620525
chisq/dof -  2.67585937629 +/- 1.34149374361
parameters: 
p0 -  0.905811160764  +/-  1.02732770741
p1 -  -1.37846641476  +/-  0.97306561647
p2 -  0.0563848939578  +/-  0.928424437013
---continuum point is: yp =  0.912014225467  +/-  0.00500563977125
Saving  ./plots/chiral/B3_Lattice_MOM_qq .pdf
Channel -  4
---Fitting Results---
chisq -  6.9404285423  +/-  5.87325981387
chisq/dof -  0.991489791757 +/- 0.839037116267
parameters: 
p0 -  0.511953770746  +/-  0.543736948465
p1 -  1.61264755698  +/-  0.552651200746
p2 -  0.287468348573  +/-  0.566519980766
---continuum point is: yp =  0.514532203872  +/-  0.00306436240265
Saving  ./plots/chiral/B4_Lattice_MOM_qq .pdf
Channel -  5
---Fitting Results---
chisq -  12.5372653741  +/-  7.23012892491
chisq/dof -  1.79103791058 +/- 1.0328755607
parameters: 
p0 -  0.34990870966  +/-  0.448806350125
p1 -  1.03021368574  +/-  0.451315427107
p2 -  -0.0816551561002  +/-  0.466608058645
---continuum point is: yp =  0.351145506233  +/-  0.00179808906053
Saving  ./plots/chiral/B5_Lattice_MOM_qq .pdf
----------------------setting up as----------------------------
----------------------setting up as----------------------------
----------------------setting up as----------------------------
----------------------setting up as----------------------------
24 ms SUSY qq
Unrenormalised bag is -  [ 1.531126  1.184277 -1.791854  0.945944  0.489873]
Unrenormalised bare ratios is -  [[-21.395342 -21.323851 -21.438699 ..., -21.42395  -21.301824 -21.405902]
 [ 32.387562  32.279551  32.458398 ...,  32.469014  32.271109  32.418288]
 [-17.220644 -17.180836 -17.23766  ..., -17.379827 -17.277187 -17.271899]
 [ -8.862963  -8.846121  -8.872476 ...,  -8.945566  -8.890274  -8.894053]]
data/Zms_boot_mu_match_24cubed_qq_block.out
Z matrix is - 
[[ 0.947955  0.        0.        0.        0.      ]
 [ 0.        1.051161  0.287449  0.        0.      ]
 [ 0.        0.069378  1.019458  0.        0.      ]
 [ 0.        0.        0.        0.991513 -0.027976]
 [ 0.        0.        0.       -0.355589  1.239301]]
Renormalised B is- 
[ 0.54428946  0.58297903  1.03051168  0.91703457  0.57543348]
Renormalised R is- 
[  0.99437596 -14.6464318    1.79556049  28.21306266  10.62183102]
-----Interpolating non-physical mass data-----
Interpolate dR/dms to the near physical point data
24  - dy/dms =  [[ 1.62124058]
 [ 1.77226385]
 [ 1.52117847]]
Interpolated dy/dms =  [ 1.80534455]
-----Interpolating non-physical mass data-----
Interpolate dR/dms to the near physical point data
24  - dy/dms =  [[ 17.09057659]
 [ 15.81708077]
 [ 13.5778284 ]]
Interpolated dy/dms =  [ 18.01326238]
(5, 3, 1, 501) (5, 3, 1, 501) (501,) (1, 3, 4, 1, 501)
0
[[ 0.00875821]
 [ 0.00876703]
 [ 0.00950307]]
1
[[ 0.17543004]
 [ 0.18437042]
 [ 0.19312903]] [[-0.12921142]
 [-0.12246891]
 [-0.12207553]]
2
[[-0.06196803]
 [-0.06524523]
 [-0.06842879]] [[ 0.01584233]
 [ 0.01485913]
 [ 0.01452697]]
3
[[-0.33087406]
 [-0.33525427]
 [-0.34940332]] [[ 0.24752583]
 [ 0.22916329]
 [ 0.2248636 ]]
4
[[-0.0695384 ]
 [-0.07148324]
 [-0.07578123]] [[ 0.09348932]
 [ 0.08723419]
 [ 0.08687119]]
Interpolated B is -  [[ 0.54805255]
 [ 0.58584171]
 [ 1.03469896]
 [ 0.92078407]
 [ 0.5805519 ]]
Interpolated B is -  [[ 0.54860397]
 [ 0.61569775]
 [ 1.08941939]
 [ 0.93297369]
 [ 0.59678866]]
32 ms SUSY qq
Unrenormalised bag is -  [ 1.494694  1.202869 -1.837128  0.907511  0.458776]
Unrenormalised bare ratios is -  [[-25.125635 -25.043168 -25.038251 ..., -25.028875 -24.923587 -25.114861]
 [ 38.287211  38.137487  38.10305  ...,  38.172154  37.97357   38.267258]
 [-19.01485  -18.905824 -18.819727 ..., -18.964935 -18.867802 -18.94673 ]
 [ -9.598064  -9.555677  -9.515797 ...,  -9.573961  -9.53175   -9.579905]]
data/Zms_boot_mu_match_32cubed_qq_block.out
Z matrix is - 
[[ 0.969986  0.        0.        0.        0.      ]
 [ 0.        1.049078  0.282855  0.        0.      ]
 [ 0.        0.054959  0.928208  0.        0.      ]
 [ 0.        0.        0.        0.912145 -0.012556]
 [ 0.        0.        0.       -0.347973  1.281952]]
Renormalised B is- 
[ 0.5436871   0.56585776  0.94596608  0.94027736  0.6386925 ]
Renormalised R is- 
[  1.02231611 -14.70113546   1.0041679   29.94914152  12.77614147]
-----Interpolating non-physical mass data-----
Interpolate dR/dms to the near physical point data
32  - dy/dms =  [[ 2.58200573]
 [ 2.68218104]
 [ 2.51471295]]
Interpolated dy/dms =  [ 2.80615658]
-----Interpolating non-physical mass data-----
Interpolate dR/dms to the near physical point data
32  - dy/dms =  [[ 24.36942361]
 [ 23.51415934]
 [ 22.14250538]]
Interpolated dy/dms =  [ 26.47174774]
(5, 3, 1, 501) (5, 3, 1, 501) (501,) (1, 3, 3, 1, 501)
0
[[ 0.00866658]
 [ 0.00886961]
 [ 0.00891576]]
1
[[ 0.16913089]
 [ 0.17157063]
 [ 0.17335313]] [[-0.12550351]
 [-0.12728255]
 [-0.12448229]]
2
[[-0.05656067]
 [-0.05723132]
 [-0.05783259]] [[ 0.00864979]
 [ 0.00858528]
 [ 0.00829468]]
3
[[-0.33733633]
 [-0.33949304]
 [-0.3395565 ]] [[ 0.25473076]
 [ 0.2598266 ]
 [ 0.24973097]]
4
[[-0.07628274]
 [-0.07741511]
 [-0.07801749]] [[ 0.10856311]
 [ 0.11097486]
 [ 0.10743111]]
Interpolated B is -  [[ 0.54231863]
 [ 0.56480594]
 [ 0.94441063]
 [ 0.93876782]
 [ 0.63685803]]
Interpolated B is -  [[ 0.55502316]
 [ 0.57295337]
 [ 0.95560863]
 [ 0.94476968]
 [ 0.64631178]]
Interpolated B is -  [[ 0.55791093]
 [ 0.57890594]
 [ 0.96564827]
 [ 0.94494628]
 [ 0.65134082]]
48 ms SUSY qq
Unrenormalised bag is -  [[ 1.55547701  1.55757778  1.55362159 ...,  1.5598041   1.55646184
   1.55742327]
 [ 1.22580799  1.22666295  1.22750156 ...,  1.22727901  1.22685875
   1.22644856]
 [-1.86547726 -1.86677924 -1.8678765  ..., -1.86694583 -1.86659135
  -1.86617962]
 [ 0.96107359  0.96078683  0.96008066 ...,  0.96052682  0.96087227
   0.96112814]
 [ 0.49515669  0.49498506  0.49461602 ...,  0.49480345  0.49504743
   0.49513115]]
Unrenormalised bare ratios is -  [[-23.320056   -23.26213436 -23.333959   ..., -23.25488322 -23.3141627
  -23.28736511]
 [ 35.49050983  35.40023346  35.50647587 ...,  35.37570546  35.4685722
   35.43416867]
 [-18.27854849 -18.21654545 -18.24633115 ..., -18.19446715 -18.25215609
  -18.24681984]
 [ -9.41735237  -9.38455152  -9.39975583 ...,  -9.37283193  -9.40358238
   -9.39991398]]
data/Zms_boot_mu_match_24cubed_qq_block.out
Z matrix is - 
[[ 0.947955  0.        0.        0.        0.      ]
 [ 0.        1.051161  0.287449  0.        0.      ]
 [ 0.        0.069378  1.019458  0.        0.      ]
 [ 0.        0.        0.        0.991513 -0.027976]
 [ 0.        0.        0.       -0.355589  1.239301]]
Renormalised B is- 
[ 0.55363769  0.59238289  1.05225966  0.95532645  0.5935404 ]
Renormalised R is- 
[  1.01619427 -15.81120385   1.93525769  31.54823784  11.80278754]
Interpolating physical pt data to true strange physical point
uninterpolated value is  [[[ 0.55363769]]]
interpolated physical value is [[ 0.55291555]]
Interpolating physical pt data to true strange physical point
uninterpolated value is  [[[ 1.01619427]]]
interpolated physical value is [[ 1.00898897]]
(5, 1, 1, 501) (5, 1, 1, 501) (501,) (1, 1, 2, 1, 501)
0
[[ 0.00883593]]
1
[[ 0.1772499]] [[-0.14076452]]
2
[[-0.06297812]] [[ 0.01723093]]
3
[[-0.34303037]] [[ 0.28104706]]
4
[[-0.07098246]] [[ 0.10511095]]
Interpolated B is -  [[ 0.55291555]
 [ 0.59191905]
 [ 1.05156469]
 [ 0.95461367]
 [ 0.59260784]]
64 ms SUSY qq
Unrenormalised bag is -  [[ 1.50328786  1.50021978  1.49073349 ...,  1.49891112  1.49406376
   1.49402816]
 [ 1.21768767  1.21438758  1.20813651 ...,  1.21401807  1.21248286
   1.21129582]
 [-1.86216181 -1.85639799 -1.84712784 ..., -1.85573146 -1.85395225
  -1.8518476 ]
 [ 0.88388738  0.88146122  0.87764092 ...,  0.88278268  0.87955024
   0.88028528]
 [ 0.44681842  0.44543438  0.44362705 ...,  0.44620933  0.44448511
   0.44490857]]
Unrenormalised bare ratios is -  [[-27.0266202  -26.96227548 -27.00766991 ..., -26.98906211 -27.00836066
  -27.01458487]
 [ 41.32925752  41.21400015  41.29248885 ...,  41.25236288  41.29502243
   41.299702  ]
 [-19.62073739 -19.56596908 -19.61910041 ..., -19.62761957 -19.59831638
  -19.6339144 ]
 [ -9.91863653  -9.88849381  -9.91683959 ...,  -9.92066689  -9.90416295
   -9.92335964]]
data/Zms_boot_mu_match_32cubed_qq_block.out
Z matrix is - 
[[ 0.969986  0.        0.        0.        0.      ]
 [ 0.        1.049078  0.282855  0.        0.      ]
 [ 0.        0.054959  0.928208  0.        0.      ]
 [ 0.        0.        0.        0.912145 -0.012556]
 [ 0.        0.        0.       -0.347973  1.281952]]
Renormalised B is- 
[ 0.5434449   0.54888268  0.91781827  0.94784931  0.6427168 ]
Renormalised R is- 
[  1.06323312 -15.84559803   1.08581143  33.64414469  14.28842412]
Interpolating physical pt data to true strange physical point
uninterpolated value is  [[[ 0.5434449]]]
interpolated physical value is [[ 0.53497031]]
Interpolating physical pt data to true strange physical point
uninterpolated value is  [[[ 1.06323312]]]
interpolated physical value is [[ 0.98328844]]
(5, 1, 1, 501) (5, 1, 1, 501) (501,) (1, 1, 2, 1, 501)
0
[[ 0.00854915]]
1
[[ 0.16245412]] [[-0.1387802]]
2
[[-0.05438076]] [[ 0.00960227]]
3
[[-0.33728549]] [[ 0.29550863]]
4
[[-0.07569489]] [[ 0.12474415]]
Interpolated B is -  [[ 0.53497031]
 [ 0.54250915]
 [ 0.9080121 ]
 [ 0.93862634]
 [ 0.63195027]]
do log value is -  0
---Doing Global Fitting---
Scheme -  ms   Basis -  SUSY   Kinematics -  qq   Fit type -  linear
Channel -  1
---Fitting Results---
chisq -  29.3946588757  +/-  10.9172540049
chisq/dof -  4.19923698224 +/- 1.55960771499
parameters: 
p0 -  1.0017520414  +/-  0.626812077784
p1 -  1.45321220294  +/-  0.603568052381
p2 -  0.0144152855831  +/-  0.569762783214
---continuum point is: yp =  1.01235941538  +/-  0.0149463955978
Saving  ./plots/linear/R1_SUSY_ms_qq .pdf
Channel -  2
---Fitting Results---
chisq -  1.44322508772  +/-  4.13023934443
chisq/dof -  0.206175012531 +/- 0.590034192061
parameters: 
p0 -  -16.0633013253  +/-  28.683167759
p1 -  51.3119872174  +/-  28.2008618489
p2 -  -0.192611287052  +/-  28.924303127
---continuum point is: yp =  -15.68876178  +/-  0.257292469586
Saving  ./plots/linear/R2_SUSY_ms_qq .pdf
Channel -  3
---Fitting Results---
chisq -  4.63355378719  +/-  5.95200362867
chisq/dof -  0.661936255313 +/- 0.850286232667
parameters: 
p0 -  0.117551140141  +/-  3.61381546789
p1 -  -3.48374536176  +/-  3.6742679456
p2 -  5.51022470287  +/-  3.91712420535
---continuum point is: yp =  0.0921223763267  +/-  0.0292991424693
Saving  ./plots/linear/R3_SUSY_ms_qq .pdf
Channel -  4
---Fitting Results---
chisq -  2.89104883471  +/-  5.10485031875
chisq/dof -  0.413006976386 +/- 0.72926433125
parameters: 
p0 -  36.3848971076  +/-  79.5783681716
p1 -  -151.334682201  +/-  78.7842165151
p2 -  -11.7008295822  +/-  80.888394787
---continuum point is: yp =  35.2802658872  +/-  0.536878192182
Saving  ./plots/linear/R4_SUSY_ms_qq .pdf
Channel -  5
---Fitting Results---
chisq -  6.3227699889  +/-  6.63429394881
chisq/dof -  0.903252855557 +/- 0.947756278401
parameters: 
p0 -  17.0651075866  +/-  31.0530954382
p1 -  -58.5709792922  +/-  30.7257827474
p2 -  -14.6789762541  +/-  31.0188809745
---continuum point is: yp =  16.6375827695  +/-  0.225808280744
Saving  ./plots/linear/R5_SUSY_ms_qq .pdf
do log value is -  0
---Doing Global Fitting---
Scheme -  ms   Basis -  SUSY   Kinematics -  qq   Fit type -  linear
Channel -  1
---Fitting Results---
chisq -  18.9838190371  +/-  9.60276493621
chisq/dof -  2.71197414815 +/- 1.37182356232
parameters: 
p0 -  0.528979051003  +/-  0.200313897734
p1 -  0.374261632138  +/-  0.196673723037
p2 -  0.0658484938323  +/-  0.197042279577
---continuum point is: yp =  0.531710884033  +/-  0.00349424291203
Saving  ./plots/linear/B1_SUSY_ms_qq .pdf
Channel -  2
---Fitting Results---
chisq -  6.83822477591  +/-  5.79275024041
chisq/dof -  0.976889253701 +/- 0.82753574863
parameters: 
p0 -  0.492440249266  +/-  0.207070235678
p1 -  0.866120540986  +/-  0.215548276087
p2 -  0.282725058363  +/-  0.228072862296
---continuum point is: yp =  0.498762288447  +/-  0.00297400208746
Saving  ./plots/linear/B2_SUSY_ms_qq .pdf
Channel -  3
---Fitting Results---
chisq -  5.01102396766  +/-  5.22321751598
chisq/dof -  0.715860566809 +/- 0.746173930854
parameters: 
p0 -  0.751656396433  +/-  0.209009628171
p1 -  1.43252983019  +/-  0.236556201651
p2 -  0.872443517223  +/-  0.247537147144
---continuum point is: yp =  0.762112804387  +/-  0.00540049764427
Saving  ./plots/linear/B3_SUSY_ms_qq .pdf
Channel -  4
---Fitting Results---
chisq -  12.7669029405  +/-  7.86472966379
chisq/dof -  1.82384327722 +/- 1.12353280911
parameters: 
p0 -  0.939428295388  +/-  0.526523322011
p1 -  -0.115354474307  +/-  0.485148227777
p2 -  0.0491843240943  +/-  0.44771448987
---continuum point is: yp =  0.938586293066  +/-  0.00514092135957
Saving  ./plots/linear/B4_SUSY_ms_qq .pdf
Channel -  5
---Fitting Results---
chisq -  33.4722286199  +/-  12.3194339659
chisq/dof -  4.7817469457 +/- 1.75991913799
parameters: 
p0 -  0.694442167331  +/-  0.422211900217
p1 -  0.181895402346  +/-  0.413708203127
p2 -  -0.305469240418  +/-  0.398878952057
---continuum point is: yp =  0.695769869199  +/-  0.00345360351892
Saving  ./plots/linear/B5_SUSY_ms_qq .pdf
do log value is -  1
---Doing Global Fitting---
Scheme -  ms   Basis -  SUSY   Kinematics -  qq   Fit type -  chiral
Channel -  1
---Fitting Results---
chisq -  18.4127100467  +/-  8.60145268907
chisq/dof -  2.63038714953 +/- 1.22877895558
parameters: 
p0 -  1.0327770007  +/-  2.57619102531
p1 -  5.87184231157  +/-  2.56550312824
p2 -  -0.012933380967  +/-  2.51989841472
---continuum point is: yp =  1.02000311653  +/-  0.014676307818
Saving  ./plots/chiral/R1_SUSY_ms_qq .pdf
Channel -  2
---Fitting Results---
chisq -  4.32275918034  +/-  5.49167689761
chisq/dof -  0.617537025763 +/- 0.784525271087
parameters: 
p0 -  -16.9015419727  +/-  28.937243422
p1 -  -68.4621243285  +/-  29.2113229634
p2 -  0.505424018753  +/-  28.0053504539
---continuum point is: yp =  -15.8838346417  +/-  0.250168574758
Saving  ./plots/chiral/R2_SUSY_ms_qq .pdf
Channel -  3
---Fitting Results---
chisq -  5.3557801338  +/-  6.2193680172
chisq/dof -  0.765111447686 +/- 0.888481145314
parameters: 
p0 -  0.122069135622  +/-  3.33334711502
p1 -  -2.60473290046  +/-  3.46031168763
p2 -  5.50952270289  +/-  3.57565767419
---continuum point is: yp =  0.0920970750474  +/-  0.0297134720262
Saving  ./plots/chiral/R3_SUSY_ms_qq .pdf
Channel -  4
---Fitting Results---
chisq -  1.62622878236  +/-  4.39473895787
chisq/dof -  0.23231839748 +/- 0.627819851124
parameters: 
p0 -  37.4853615538  +/-  20.2705846085
p1 -  8.13219147233  +/-  20.2163154048
p2 -  -12.5551836781  +/-  20.0161340886
---continuum point is: yp =  35.5254461032  +/-  0.525737417991
Saving  ./plots/chiral/R4_SUSY_ms_qq .pdf
Channel -  5
---Fitting Results---
chisq -  2.2840821966  +/-  4.62029436909
chisq/dof -  0.326297456657 +/- 0.660042052728
parameters: 
p0 -  17.582114962  +/-  14.8792308611
p1 -  16.3005213064  +/-  15.1711072391
p2 -  -15.0869749685  +/-  14.4708095558
---continuum point is: yp =  16.7539772532  +/-  0.22113012767
Saving  ./plots/chiral/R5_SUSY_ms_qq .pdf
do log value is -  1
---Doing Global Fitting---
Scheme -  ms   Basis -  SUSY   Kinematics -  qq   Fit type -  chiral
Channel -  1
---Fitting Results---
chisq -  23.0240177578  +/-  10.4639627179
chisq/dof -  3.28914539397 +/- 1.49485181685
parameters: 
p0 -  0.524016401905  +/-  0.413151795049
p1 -  -0.365545922314  +/-  0.391041381025
p2 -  0.0697316193701  +/-  0.34992089004
---continuum point is: yp =  0.530757486085  +/-  0.00348580414063
Saving  ./plots/chiral/B1_SUSY_ms_qq .pdf
Channel -  2
---Fitting Results---
chisq -  6.9528739608  +/-  5.87674978574
chisq/dof -  0.993267708686 +/- 0.839535683677
parameters: 
p0 -  0.497584289128  +/-  0.528864864428
p1 -  1.56697089485  +/-  0.537493651987
p2 -  0.277776941748  +/-  0.551009371152
---continuum point is: yp =  0.500087336482  +/-  0.0029756633522
Saving  ./plots/chiral/B2_SUSY_ms_qq .pdf
Channel -  3
---Fitting Results---
chisq -  5.60466975128  +/-  5.49781241611
chisq/dof -  0.800667107326 +/- 0.785401773729
parameters: 
p0 -  0.759025645397  +/-  0.721151501344
p1 -  2.50597518172  +/-  0.744597492434
p2 -  0.866242464815  +/-  0.752295132031
---continuum point is: yp =  0.763688258197  +/-  0.00540057931866
Saving  ./plots/chiral/B3_SUSY_ms_qq .pdf
Channel -  4
---Fitting Results---
chisq -  18.6616364541  +/-  9.37447472626
chisq/dof -  2.66594806488 +/- 1.33921067518
parameters: 
p0 -  0.929511615507  +/-  1.05485266165
p1 -  -1.41571629489  +/-  0.999160567109
p2 -  0.0591882677215  +/-  0.953387754287
---continuum point is: yp =  0.935868351743  +/-  0.00513865952976
Saving  ./plots/chiral/B4_SUSY_ms_qq .pdf
Channel -  5
---Fitting Results---
chisq -  46.2444793993  +/-  14.3614904276
chisq/dof -  6.6063541999 +/- 2.05164148966
parameters: 
p0 -  0.687237019097  +/-  0.665353624801
p1 -  -0.781978913188  +/-  0.631232914166
p2 -  -0.298403641647  +/-  0.586703450576
---continuum point is: yp =  0.693869258763  +/-  0.00346377274539
Saving  ./plots/chiral/B5_SUSY_ms_qq .pdf
----------------------setting up as----------------------------
----------------------setting up as----------------------------
----------------------setting up as----------------------------
----------------------setting up as----------------------------
24 ms Lattice qq
Unrenormalised bag is -  [ 1.531126  1.184277 -1.791854  0.945944  0.489873]
Unrenormalised bare ratios is -  [[-21.395342 -21.323851 -21.438699 ..., -21.42395  -21.301824 -21.405902]
 [ 32.387562  32.279551  32.458398 ...,  32.469014  32.271109  32.418288]
 [-17.220644 -17.180836 -17.23766  ..., -17.379827 -17.277187 -17.271899]
 [ -8.862963  -8.846121  -8.872476 ...,  -8.945566  -8.890274  -8.894053]]
data/Zms_boot_mu_match_24cubed_qq_block.out
Z matrix is - 
[[ 0.947955  0.        0.        0.        0.      ]
 [ 0.        1.051161  0.287449  0.        0.      ]
 [ 0.        0.069378  1.019458  0.        0.      ]
 [ 0.        0.        0.        0.991513 -0.027976]
 [ 0.        0.        0.       -0.355589  1.239301]]
Renormalised B is- 
[ 0.54428946  0.57543348  0.91703457  0.58297903  0.28462393]
Renormalised R is- 
[  0.99437596 -21.24366204  28.21306266 -14.6464318  -11.05531082]
-----Interpolating non-physical mass data-----
Interpolate dR/dms to the near physical point data
24  - dy/dms =  [[ 1.62124058]
 [ 1.77226385]
 [ 1.52117847]]
Interpolated dy/dms =  [ 1.80534455]
-----Interpolating non-physical mass data-----
Interpolate dR/dms to the near physical point data
24  - dy/dms =  [[ 17.09057659]
 [ 15.81708077]
 [ 13.5778284 ]]
Interpolated dy/dms =  [ 18.01326238]
(5, 3, 1, 501) (5, 3, 1, 501) (501,) (1, 3, 4, 1, 501)
0
[[ 0.00875821]
 [ 0.00876703]
 [ 0.00950307]]
1
[[ 0.13907681]
 [ 0.14296648]
 [ 0.15156246]] [[-0.18697865]
 [-0.17446838]
 [-0.17374239]]
2
[[-0.33087406]
 [-0.33525427]
 [-0.34940332]] [[ 0.24752583]
 [ 0.22916329]
 [ 0.2248636 ]]
3
[[ 0.17543004]
 [ 0.18437042]
 [ 0.19312903]] [[-0.12921142]
 [-0.12246891]
 [-0.12207553]]
4
[[ 0.05149394]
 [ 0.05387996]
 [ 0.05627145]] [[-0.09752682]
 [-0.0927506 ]
 [-0.09302156]]
Interpolated B is -  [[ 0.54805255]
 [ 0.5805519 ]
 [ 0.92078407]
 [ 0.58584171]
 [ 0.28660329]]
Interpolated B is -  [[ 0.54860397]
 [ 0.59678866]
 [ 0.93297369]
 [ 0.61569775]
 [ 0.29988335]]
32 ms Lattice qq
Unrenormalised bag is -  [ 1.494694  1.202869 -1.837128  0.907511  0.458776]
Unrenormalised bare ratios is -  [[-25.125635 -25.043168 -25.038251 ..., -25.028875 -24.923587 -25.114861]
 [ 38.287211  38.137487  38.10305  ...,  38.172154  37.97357   38.267258]
 [-19.01485  -18.905824 -18.819727 ..., -18.964935 -18.867802 -18.94673 ]
 [ -9.598064  -9.555677  -9.515797 ...,  -9.573961  -9.53175   -9.579905]]
data/Zms_boot_mu_match_32cubed_qq_block.out
Z matrix is - 
[[ 0.969986  0.        0.        0.        0.      ]
 [ 0.        1.049078  0.282855  0.        0.      ]
 [ 0.        0.054959  0.928208  0.        0.      ]
 [ 0.        0.        0.        0.912145 -0.012556]
 [ 0.        0.        0.       -0.347973  1.281952]]
Renormalised B is- 
[ 0.5436871   0.6386925   0.94027736  0.56585776  0.31245221]
Renormalised R is- 
[  1.02231611 -25.55228293  29.94914152 -14.70113546 -12.69279966]
-----Interpolating non-physical mass data-----
Interpolate dR/dms to the near physical point data
32  - dy/dms =  [[ 2.58200573]
 [ 2.68218104]
 [ 2.51471295]]
Interpolated dy/dms =  [ 2.80615658]
-----Interpolating non-physical mass data-----
Interpolate dR/dms to the near physical point data
32  - dy/dms =  [[ 24.36942361]
 [ 23.51415934]
 [ 22.14250538]]
Interpolated dy/dms =  [ 26.47174774]
(5, 3, 1, 501) (5, 3, 1, 501) (501,) (1, 3, 3, 1, 501)
0
[[ 0.00866658]
 [ 0.00886961]
 [ 0.00891576]]
1
[[ 0.15256548]
 [ 0.15483022]
 [ 0.15603498]] [[-0.21712621]
 [-0.22194972]
 [-0.21486223]]
2
[[-0.33733633]
 [-0.33949304]
 [-0.3395565 ]] [[ 0.25473076]
 [ 0.2598266 ]
 [ 0.24973097]]
3
[[ 0.16913089]
 [ 0.17157063]
 [ 0.17335313]] [[-0.12550351]
 [-0.12728255]
 [-0.12448229]]
4
[[ 0.05600955]
 [ 0.057108  ]
 [ 0.05768795]] [[-0.10820392]
 [-0.11011199]
 [-0.10789292]]
Interpolated B is -  [[ 0.54231863]
 [ 0.63685803]
 [ 0.93876782]
 [ 0.56480594]
 [ 0.31173615]]
Interpolated B is -  [[ 0.55502316]
 [ 0.64631178]
 [ 0.94476968]
 [ 0.57295337]
 [ 0.31784986]]
Interpolated B is -  [[ 0.55791093]
 [ 0.65134082]
 [ 0.94494628]
 [ 0.57890594]
 [ 0.32107772]]
48 ms Lattice qq
Unrenormalised bag is -  [[ 1.55547701  1.55757778  1.55362159 ...,  1.5598041   1.55646184
   1.55742327]
 [ 1.22580799  1.22666295  1.22750156 ...,  1.22727901  1.22685875
   1.22644856]
 [-1.86547726 -1.86677924 -1.8678765  ..., -1.86694583 -1.86659135
  -1.86617962]
 [ 0.96107359  0.96078683  0.96008066 ...,  0.96052682  0.96087227
   0.96112814]
 [ 0.49515669  0.49498506  0.49461602 ...,  0.49480345  0.49504743
   0.49513115]]
Unrenormalised bare ratios is -  [[-23.320056   -23.26213436 -23.333959   ..., -23.25488322 -23.3141627
  -23.28736511]
 [ 35.49050983  35.40023346  35.50647587 ...,  35.37570546  35.4685722
   35.43416867]
 [-18.27854849 -18.21654545 -18.24633115 ..., -18.19446715 -18.25215609
  -18.24681984]
 [ -9.41735237  -9.38455152  -9.39975583 ...,  -9.37283193  -9.40358238
   -9.39991398]]
data/Zms_boot_mu_match_24cubed_qq_block.out
Z matrix is - 
[[ 0.947955  0.        0.        0.        0.      ]
 [ 0.        1.051161  0.287449  0.        0.      ]
 [ 0.        0.069378  1.019458  0.        0.      ]
 [ 0.        0.        0.        0.991513 -0.027976]
 [ 0.        0.        0.       -0.355589  1.239301]]
Renormalised B is- 
[ 0.55363769  0.5935404   0.95532645  0.59238289  0.28579837]
Renormalised R is- 
[  1.01619427 -23.60557508  31.54823784 -15.81120385 -11.94068848]
Interpolating physical pt data to true strange physical point
uninterpolated value is  [[[ 0.55363769]]]
interpolated physical value is [[ 0.55291555]]
Interpolating physical pt data to true strange physical point
uninterpolated value is  [[[ 1.01619427]]]
interpolated physical value is [[ 1.00898897]]
(5, 1, 1, 501) (5, 1, 1, 501) (501,) (1, 1, 2, 1, 501)
0
[[ 0.00883593]]
1
[[ 0.14196492]] [[-0.21022189]]
2
[[-0.34303037]] [[ 0.28104706]]
3
[[ 0.1772499]] [[-0.14076452]]
4
[[ 0.05129412]] [[-0.10630268]]
Interpolated B is -  [[ 0.55291555]
 [ 0.59260784]
 [ 0.95461367]
 [ 0.59191905]
 [ 0.28549115]]
64 ms Lattice qq
Unrenormalised bag is -  [[ 1.50328786  1.50021978  1.49073349 ...,  1.49891112  1.49406376
   1.49402816]
 [ 1.21768767  1.21438758  1.20813651 ...,  1.21401807  1.21248286
   1.21129582]
 [-1.86216181 -1.85639799 -1.84712784 ..., -1.85573146 -1.85395225
  -1.8518476 ]
 [ 0.88388738  0.88146122  0.87764092 ...,  0.88278268  0.87955024
   0.88028528]
 [ 0.44681842  0.44543438  0.44362705 ...,  0.44620933  0.44448511
   0.44490857]]
Unrenormalised bare ratios is -  [[-27.0266202  -26.96227548 -27.00766991 ..., -26.98906211 -27.00836066
  -27.01458487]
 [ 41.32925752  41.21400015  41.29248885 ...,  41.25236288  41.29502243
   41.299702  ]
 [-19.62073739 -19.56596908 -19.61910041 ..., -19.62761957 -19.59831638
  -19.6339144 ]
 [ -9.91863653  -9.88849381  -9.91683959 ...,  -9.92066689  -9.90416295
   -9.92335964]]
data/Zms_boot_mu_match_32cubed_qq_block.out
Z matrix is - 
[[ 0.969986  0.        0.        0.        0.      ]
 [ 0.        1.049078  0.282855  0.        0.      ]
 [ 0.        0.054959  0.928208  0.        0.      ]
 [ 0.        0.        0.        0.912145 -0.012556]
 [ 0.        0.        0.       -0.347973  1.281952]]
Renormalised B is- 
[ 0.5434449   0.6427168   0.94784931  0.54888268  0.30292562]
Renormalised R is- 
[  1.06323312 -28.57684825  33.64414469 -15.84559803 -13.67397518]
Interpolating physical pt data to true strange physical point
uninterpolated value is  [[[ 0.5434449]]]
interpolated physical value is [[ 0.53497031]]
Interpolating physical pt data to true strange physical point
uninterpolated value is  [[[ 1.06323312]]]
interpolated physical value is [[ 0.98328844]]
(5, 1, 1, 501) (5, 1, 1, 501) (501,) (1, 1, 2, 1, 501)
0
[[ 0.00854915]]
1
[[ 0.15138978]] [[-0.24948831]]
2
[[-0.33728549]] [[ 0.29550863]]
3
[[ 0.16245412]] [[-0.1387802]]
4
[[ 0.05369522]] [[-0.11956285]]
Interpolated B is -  [[ 0.53497031]
 [ 0.63195027]
 [ 0.93862634]
 [ 0.54250915]
 [ 0.29885513]]
do log value is -  0
---Doing Global Fitting---
Scheme -  ms   Basis -  Lattice   Kinematics -  qq   Fit type -  linear
Channel -  1
---Fitting Results---
chisq -  29.3946588757  +/-  10.9172540049
chisq/dof -  4.19923698224 +/- 1.55960771499
parameters: 
p0 -  1.0017520414  +/-  0.626812077784
p1 -  1.45321220294  +/-  0.603568052381
p2 -  0.0144152855831  +/-  0.569762783214
---continuum point is: yp =  1.01235941538  +/-  0.0149463955978
Saving  ./plots/linear/R1_Lattice_ms_qq .pdf
Channel -  2
---Fitting Results---
chisq -  6.3227699889  +/-  6.63429394881
chisq/dof -  0.903252855557 +/- 0.947756278401
parameters: 
p0 -  -34.1302152033  +/-  62.1061908704
p1 -  117.141958965  +/-  61.4515658564
p2 -  29.357952582  +/-  62.0377620152
---continuum point is: yp =  -33.2751655663  +/-  0.451616563576
Saving  ./plots/linear/R2_Lattice_ms_qq .pdf
Channel -  3
---Fitting Results---
chisq -  2.89104883471  +/-  5.10485031875
chisq/dof -  0.413006976386 +/- 0.72926433125
parameters: 
p0 -  36.3848971076  +/-  79.5783681716
p1 -  -151.334682201  +/-  78.7842165151
p2 -  -11.7008295822  +/-  80.888394787
---continuum point is: yp =  35.2802658872  +/-  0.536878192182
Saving  ./plots/linear/R3_Lattice_ms_qq .pdf
Channel -  4
---Fitting Results---
chisq -  1.44322508772  +/-  4.13023934443
chisq/dof -  0.206175012531 +/- 0.590034192061
parameters: 
p0 -  -16.0633013253  +/-  28.683167759
p1 -  51.3119872174  +/-  28.2008618489
p2 -  -0.192611287052  +/-  28.924303127
---continuum point is: yp =  -15.68876178  +/-  0.257292469586
Saving  ./plots/linear/R4_Lattice_ms_qq .pdf
Channel -  5
---Fitting Results---
chisq -  3.67659636589  +/-  5.33843817653
chisq/dof -  0.52522805227 +/- 0.762634025219
parameters: 
p0 -  -15.8338676778  +/-  24.813640191
p1 -  44.5032417006  +/-  24.3777715252
p2 -  10.839909626  +/-  24.2475645079
---continuum point is: yp =  -15.5090269375  +/-  0.217904939064
Saving  ./plots/linear/R5_Lattice_ms_qq .pdf
do log value is -  0
---Doing Global Fitting---
Scheme -  ms   Basis -  Lattice   Kinematics -  qq   Fit type -  linear
Channel -  1
---Fitting Results---
chisq -  18.9838190371  +/-  9.60276493621
chisq/dof -  2.71197414815 +/- 1.37182356232
parameters: 
p0 -  0.528979051003  +/-  0.200313897734
p1 -  0.374261632138  +/-  0.196673723037
p2 -  0.0658484938323  +/-  0.197042279577
---continuum point is: yp =  0.531710884033  +/-  0.00349424291203
Saving  ./plots/linear/B1_Lattice_ms_qq .pdf
Channel -  2
---Fitting Results---
chisq -  33.4722286199  +/-  12.3194339659
chisq/dof -  4.7817469457 +/- 1.75991913799
parameters: 
p0 -  0.694442167331  +/-  0.422211900217
p1 -  0.181895402346  +/-  0.413708203127
p2 -  -0.305469240418  +/-  0.398878952057
---continuum point is: yp =  0.695769869199  +/-  0.00345360351892
Saving  ./plots/linear/B2_Lattice_ms_qq .pdf
Channel -  3
---Fitting Results---
chisq -  12.7669029405  +/-  7.86472966379
chisq/dof -  1.82384327722 +/- 1.12353280911
parameters: 
p0 -  0.939428295388  +/-  0.526523322011
p1 -  -0.115354474307  +/-  0.485148227777
p2 -  0.0491843240943  +/-  0.44771448987
---continuum point is: yp =  0.938586293066  +/-  0.00514092135957
Saving  ./plots/linear/B3_Lattice_ms_qq .pdf
Channel -  4
---Fitting Results---
chisq -  6.83822477591  +/-  5.79275024041
chisq/dof -  0.976889253701 +/- 0.82753574863
parameters: 
p0 -  0.492440249266  +/-  0.207070235678
p1 -  0.866120540986  +/-  0.215548276087
p2 -  0.282725058363  +/-  0.228072862296
---continuum point is: yp =  0.498762288447  +/-  0.00297400208746
Saving  ./plots/linear/B4_Lattice_ms_qq .pdf
Channel -  5
---Fitting Results---
chisq -  15.4050518689  +/-  7.79949414674
chisq/dof -  2.20072169556 +/- 1.11421344953
parameters: 
p0 -  0.319760519522  +/-  0.245147661348
p1 -  0.48208286203  +/-  0.246854680061
p2 -  -0.110676837233  +/-  0.257910097758
---continuum point is: yp =  0.323279367763  +/-  0.00164576542513
Saving  ./plots/linear/B5_Lattice_ms_qq .pdf
do log value is -  1
---Doing Global Fitting---
Scheme -  ms   Basis -  Lattice   Kinematics -  qq   Fit type -  chiral
Channel -  1
---Fitting Results---
chisq -  18.4127100467  +/-  8.60145268907
chisq/dof -  2.63038714953 +/- 1.22877895558
parameters: 
p0 -  1.0327770007  +/-  2.57619102531
p1 -  5.87184231157  +/-  2.56550312824
p2 -  -0.012933380967  +/-  2.51989841472
---continuum point is: yp =  1.02000311653  +/-  0.014676307818
Saving  ./plots/chiral/R1_Lattice_ms_qq .pdf
Channel -  2
---Fitting Results---
chisq -  2.2840821966  +/-  4.62029436909
chisq/dof -  0.326297456657 +/- 0.660042052728
parameters: 
p0 -  -35.1642298535  +/-  29.7584618084
p1 -  -32.6010440789  +/-  30.3422143497
p2 -  30.1739498277  +/-  28.9416188007
---continuum point is: yp =  -33.5079544504  +/-  0.442260257306
Saving  ./plots/chiral/R2_Lattice_ms_qq .pdf
Channel -  3
---Fitting Results---
chisq -  1.62622878236  +/-  4.39473895787
chisq/dof -  0.23231839748 +/- 0.627819851124
parameters: 
p0 -  37.4853615538  +/-  20.2705846085
p1 -  8.13219147233  +/-  20.2163154048
p2 -  -12.5551836781  +/-  20.0161340886
---continuum point is: yp =  35.5254461032  +/-  0.525737417991
Saving  ./plots/chiral/R3_Lattice_ms_qq .pdf
Channel -  4
---Fitting Results---
chisq -  4.32275918034  +/-  5.49167689761
chisq/dof -  0.617537025763 +/- 0.784525271087
parameters: 
p0 -  -16.9015419727  +/-  28.937243422
p1 -  -68.4621243285  +/-  29.2113229634
p2 -  0.505424018753  +/-  28.0053504539
---continuum point is: yp =  -15.8838346417  +/-  0.250168574758
Saving  ./plots/chiral/R4_Lattice_ms_qq .pdf
Channel -  5
---Fitting Results---
chisq -  3.90466535241  +/-  5.28917823175
chisq/dof -  0.557809336059 +/- 0.755596890251
parameters: 
p0 -  -16.6589291933  +/-  34.9363857505
p1 -  -73.6542333586  +/-  35.4696284631
p2 -  11.5288230802  +/-  34.626525913
---continuum point is: yp =  -15.7009023323  +/-  0.211163029425
Saving  ./plots/chiral/R5_Lattice_ms_qq .pdf
do log value is -  1
---Doing Global Fitting---
Scheme -  ms   Basis -  Lattice   Kinematics -  qq   Fit type -  chiral
Channel -  1
---Fitting Results---
chisq -  23.0240177578  +/-  10.4639627179
chisq/dof -  3.28914539397 +/- 1.49485181685
parameters: 
p0 -  0.524016401905  +/-  0.413151795049
p1 -  -0.365545922314  +/-  0.391041381025
p2 -  0.0697316193701  +/-  0.34992089004
---continuum point is: yp =  0.530757486085  +/-  0.00348580414063
Saving  ./plots/chiral/B1_Lattice_ms_qq .pdf
Channel -  2
---Fitting Results---
chisq -  46.2444793993  +/-  14.3614904276
chisq/dof -  6.6063541999 +/- 2.05164148966
parameters: 
p0 -  0.687237019097  +/-  0.665353624801
p1 -  -0.781978913188  +/-  0.631232914166
p2 -  -0.298403641647  +/-  0.586703450576
---continuum point is: yp =  0.693869258763  +/-  0.00346377274539
Saving  ./plots/chiral/B2_Lattice_ms_qq .pdf
Channel -  3
---Fitting Results---
chisq -  18.6616364541  +/-  9.37447472626
chisq/dof -  2.66594806488 +/- 1.33921067518
parameters: 
p0 -  0.929511615507  +/-  1.05485266165
p1 -  -1.41571629489  +/-  0.999160567109
p2 -  0.0591882677215  +/-  0.953387754287
---continuum point is: yp =  0.935868351743  +/-  0.00513865952976
Saving  ./plots/chiral/B3_Lattice_ms_qq .pdf
Channel -  4
---Fitting Results---
chisq -  6.9528739608  +/-  5.87674978574
chisq/dof -  0.993267708686 +/- 0.839535683677
parameters: 
p0 -  0.497584289128  +/-  0.528864864428
p1 -  1.56697089485  +/-  0.537493651987
p2 -  0.277776941748  +/-  0.551009371152
---continuum point is: yp =  0.500087336482  +/-  0.0029756633522
Saving  ./plots/chiral/B4_Lattice_ms_qq .pdf
Channel -  5
---Fitting Results---
chisq -  13.6357954055  +/-  7.45184772922
chisq/dof -  1.94797077221 +/- 1.0645496756
parameters: 
p0 -  0.322938775884  +/-  0.425643831205
p1 -  0.939945153487  +/-  0.427814420143
p2 -  -0.113465844551  +/-  0.443005215499
---continuum point is: yp =  0.324000954196  +/-  0.00164619926331
Saving  ./plots/chiral/B5_Lattice_ms_qq .pdf
