----------------------setting up as----------------------------
----------------------setting up as----------------------------
----------------------setting up as----------------------------
----------------------setting up as----------------------------
Unrenormalised bag is -  [ 1.531126  0.496292  0.994842 -1.850662  1.293366]
Unrenormalised bare ratios is -  [[-17.220644 -17.180836 -17.23766  ..., -17.379827 -17.277187 -17.271899]
 [ -7.098955  -7.080709  -7.093419 ...,  -7.16912   -7.112082  -7.12046 ]
 [-15.815847 -15.891107 -15.886083 ..., -15.911262 -15.830163 -15.874819]
 [ 21.796504  21.81045   21.798291 ...,  21.761419  21.759494  21.798031]]
ZA -  0.71273    ZP -  0.6945
(5, 3, 3, 501)
-----Interpolating non-physical mass data-----
Interpolate dR/dms to the near physical point data
24  - dy/dms =  [-109.44298501   -2.82593099   -0.14024838]
-----Interpolating non-physical mass data-----
Interpolate dR/dms to the near physical point data
24  - dy/dms =  [ 17.09057659  15.81708077  13.5778284 ]
(5, 3, 501) (5, 3, 501) (501,) (1, 3, 4, 501)
Interpolated B is -  [ 0.49084626 -0.09260145 -1.68297163 -0.34009071  0.82541907]
Interpolated B is -  [ 0.22528834  0.89991693  0.96416319 -0.28164721 -0.29239555]
Unrenormalised bag is -  [ 1.494694  1.22968  -1.848958  0.935717  0.471236]
Unrenormalised bare ratios is -  [[ 38.287211  38.137487  38.10305  ...,  38.172154  37.97357   38.267258]
 [ -8.167052  -8.133762  -8.106768 ...,  -8.133583  -8.128943  -8.161821]
 [ 30.431844  30.26218   30.327432 ...,  30.400702  30.285454  30.371114]
 [ -8.539166  -8.462967  -8.454539 ...,  -8.517973  -8.522294  -8.497334]]
ZA -  0.74404    ZP -  0.694
(5, 3, 2, 501)
-----Interpolating non-physical mass data-----
Interpolate dR/dms to the near physical point data
32  - dy/dms =  [ -20.60355997  193.77823777   75.64417095]
-----Interpolating non-physical mass data-----
Interpolate dR/dms to the near physical point data
32  - dy/dms =  [ 24.36942361  23.51415934  22.14250538]
(5, 3, 501) (5, 3, 501) (501,) (1, 3, 3, 501)
Interpolated B is -  [ 0.53856518  0.5725141   1.19137252  0.9616849   0.89927699]
Interpolated B is -  [-0.75123115  0.89775055 -0.03748544 -0.17479483  0.95916536]
Interpolated B is -  [ 0.12186214 -1.27427489 -5.97506686 -0.74521625  1.78126688]
ZA -  0.71273    ZP -  0.6945
(5, 1, 1, 501)
Interpolating physical pt data to true strange physical point
uninterpolated value is  [[ 0.53455309  0.53527504  0.53391546  0.53628178  0.53501405  0.53315186
   0.53607024  0.53525634  0.53516579  0.53578815  0.53445755  0.53395697
   0.53717001  0.53506289  0.53393739  0.53626296  0.53502157  0.5342302
   0.53440685  0.53527865  0.53578206  0.53521725  0.5365632   0.53525566
   0.53654413  0.53580469  0.53625155  0.53495993  0.53339722  0.5333616
   0.53597534  0.53493683  0.53576749  0.5348126   0.53629576  0.53421011
   0.53662462  0.5354211   0.53466814  0.53640058  0.53411139  0.53627042
   0.53347841  0.53537428  0.53583114  0.53472477  0.5361457   0.53607135
   0.53491702  0.53505361  0.53532585  0.53651985  0.53457488  0.53604318
   0.53722406  0.53590142  0.53544141  0.53451975  0.535527    0.53471911
   0.53483655  0.53479363  0.53354317  0.53505158  0.53672486  0.53562004
   0.53566611  0.53597431  0.53490568  0.53463864  0.53515684  0.53577858
   0.53518353  0.53429886  0.53687124  0.53420309  0.53544352  0.53353545
   0.5346266   0.53522848  0.5359939   0.53487787  0.53417465  0.53586644
   0.53558474  0.53486407  0.53589756  0.53557017  0.53510403  0.53416343
   0.53485151  0.53496008  0.53486837  0.53432878  0.53763841  0.534667
   0.53466288  0.53621706  0.53550632  0.53439753  0.53616243  0.53636653
   0.53534106  0.53531917  0.53535036  0.53528499  0.53499404  0.53406771
   0.53373107  0.53530071  0.53406031  0.53538289  0.53551052  0.53473189
   0.53546579  0.53622931  0.53585329  0.53560306  0.53585285  0.53617014
   0.53637015  0.53474301  0.53604667  0.53532429  0.53550727  0.5346354
   0.53529115  0.53626358  0.53420722  0.53459219  0.53621246  0.53583012
   0.53597716  0.53642195  0.53466616  0.53382497  0.53502767  0.53576248
   0.53581203  0.53650768  0.53523512  0.53529698  0.53759276  0.53511682
   0.53500874  0.535122    0.53405206  0.53621481  0.53759247  0.53630169
   0.53505747  0.53547971  0.53562894  0.53505751  0.53409684  0.53473818
   0.53522055  0.53400152  0.53580983  0.534657    0.53504506  0.53594449
   0.53559214  0.53557696  0.53632363  0.53542446  0.53393558  0.53653993
   0.53555163  0.53423741  0.53454159  0.53435029  0.53367214  0.53511864
   0.53452485  0.53577388  0.53502407  0.53500219  0.53653839  0.53541026
   0.53451837  0.53537148  0.53556952  0.53483967  0.53577417  0.5368891
   0.53540393  0.53497604  0.53505572  0.53623809  0.53689401  0.53474312
   0.53632585  0.53355457  0.53588377  0.53439366  0.53497135  0.53529322
   0.53336053  0.53513057  0.53491172  0.53540586  0.53632124  0.53527859
   0.53602174  0.53357966  0.53555849  0.53496541  0.5350826   0.53434034
   0.53616241  0.53537449  0.53448425  0.53473518  0.53586872  0.53510319
   0.53567722  0.53526659  0.53481878  0.53589768  0.53502139  0.53604952
   0.53643662  0.53480055  0.53446639  0.53409288  0.53536508  0.53631425
   0.53611402  0.53396718  0.53439671  0.53637212  0.53500067  0.53600538
   0.53410663  0.53538069  0.53527078  0.53520727  0.53668394  0.53509225
   0.53341065  0.53623545  0.53668192  0.53441891  0.53532088  0.53435124
   0.5352074   0.53503402  0.53534063  0.53508368  0.53545706  0.53481005
   0.53586152  0.53626049  0.53546767  0.53462671  0.53623846  0.53420247
   0.53413039  0.53589509  0.5343059   0.53596632  0.53413187  0.53618796
   0.53496911  0.53397102  0.53470897  0.53469636  0.53437401  0.53482091
   0.53479624  0.5339885   0.5358211   0.5353291   0.53326433  0.53555568
   0.53575536  0.53595232  0.5351773   0.53671209  0.53434498  0.53538778
   0.5353314   0.53389887  0.53581609  0.53585673  0.53502693  0.5355134
   0.53526025  0.53413656  0.53507682  0.53454775  0.53422928  0.53648137
   0.53436958  0.53476439  0.53537334  0.53527364  0.53655471  0.53680276
   0.5354421   0.53537066  0.53613251  0.53530427  0.53393373  0.53478055
   0.53526122  0.53541719  0.53625397  0.53525022  0.53454832  0.53525647
   0.53463697  0.53607441  0.53397438  0.53486233  0.53419092  0.53543972
   0.53404816  0.53535642  0.53597149  0.53551565  0.53425053  0.53544008
   0.53548106  0.53438236  0.53567932  0.5366598   0.5374218   0.53498592
   0.5337533   0.53435301  0.53565393  0.53570412  0.53637881  0.53501813
   0.53480281  0.53536163  0.5339857   0.53588397  0.5355202   0.53619353
   0.53508631  0.53588837  0.53568422  0.53472161  0.53564945  0.53412431
   0.53527716  0.53597966  0.53476018  0.53535881  0.53523298  0.53640355
   0.5345675   0.5356983   0.53568198  0.53678518  0.53640634  0.53448568
   0.53636559  0.53543118  0.53507295  0.53528202  0.53423681  0.5364654
   0.53366125  0.53575197  0.53462255  0.53615273  0.53563935  0.53685733
   0.5351846   0.53552545  0.53593575  0.53486855  0.53501451  0.53510392
   0.53462919  0.53471382  0.5347726   0.53481757  0.53374138  0.53403079
   0.53550016  0.53570179  0.5357814   0.53671324  0.5348098   0.5357825
   0.53526477  0.53425219  0.53602341  0.53551738  0.53414438  0.53499488
   0.5354024   0.53518198  0.53532391  0.53688161  0.53464359  0.5349073
   0.53424564  0.53526219  0.53545824  0.53510902  0.53422209  0.53533417
   0.53402767  0.5355583   0.53408813  0.5345891   0.53553391  0.53450305
   0.53292704  0.53541766  0.53616018  0.53424934  0.53438439  0.53445041
   0.53484907  0.53369459  0.53627619  0.53557984  0.53672264  0.53497271
   0.53436491  0.53530802  0.53643899  0.53399692  0.53699594  0.53499717
   0.53447821  0.53593873  0.53543052  0.53607279  0.53477805  0.53465553
   0.53425671  0.53516285  0.53570445  0.5348286   0.53618832  0.53474649
   0.53649865  0.53620784  0.53508631  0.5358961   0.53456341  0.53525691
   0.53480075  0.53407605  0.53549262  0.53484785  0.53667474  0.53590109
   0.53629124  0.53567547  0.53664785  0.53424545  0.53360675  0.53505273
   0.535078    0.53529164  0.53528941  0.5338343   0.53557149  0.53579078
   0.53652656  0.53783735  0.53596407  0.53549438  0.53408847  0.53540189
   0.53404116  0.5344691   0.53621971  0.53511138  0.53515667  0.53597485
   0.53584984  0.53532783  0.53658     0.53495236  0.53359352  0.53610562
   0.53604598  0.53506498  0.5353847   0.5350485   0.53554902  0.53447367
   0.53456638  0.53643475  0.53459223  0.53639041  0.53411907  0.53600559
   0.53604013  0.53489154  0.53522194]]
interpolated physical value is [ 0.57757559]
Interpolating physical pt data to true strange physical point
uninterpolated value is  [[ 1.01360581  1.0154479   1.01559025  1.01695305  1.01593137  1.01829177
   1.01810995  1.01394059  1.01701079  1.01725576  1.01789808  1.02218781
   1.01761405  1.01664476  1.01166088  1.01611957  1.01780068  1.01944181
   1.02085246  1.01003397  1.01402866  1.01729044  1.01692019  1.01318607
   1.01291991  1.01800646  1.01634664  1.01678319  1.01288785  1.02094983
   1.01331126  1.01221661  1.01946273  1.01538668  1.01927044  1.01713334
   1.01675979  1.01819996  1.02144794  1.01725214  1.01382157  1.01783289
   1.01841848  1.01409726  1.01560559  1.017235    1.01652597  1.01384867
   1.01763602  1.01481211  1.02249269  1.01559149  1.0145419   1.01626618
   1.0144514   1.02164137  1.0169842   1.01388214  1.01644289  1.02079578
   1.01490196  1.01678935  1.01439396  1.0156197   1.02025467  1.01783714
   1.01546234  1.01607353  1.01764565  1.01429582  1.02046583  1.01341509
   1.02001605  1.01736895  1.01421321  1.01711457  1.01550521  1.01302815
   1.01696686  1.01196287  1.01142987  1.01802047  1.0163147   1.02161034
   1.01307868  1.01786207  1.01650776  1.01610054  1.01838308  1.01538278
   1.01547171  1.01747207  1.0173412   1.01923768  1.0164474   1.01351378
   1.01712003  1.01545739  1.01468174  1.01745586  1.01566074  1.01843083
   1.01417412  1.0120744   1.01677979  1.02084433  1.01273357  1.01716739
   1.01424781  1.01459983  1.01829474  1.02003002  1.02246964  1.01615992
   1.01617755  1.01955984  1.01750738  1.02022039  1.01464131  1.01744756
   1.01071499  1.01590896  1.0170625   1.02207145  1.0167023   1.01484839
   1.01531784  1.02157697  1.0195529   1.01686914  1.01574996  1.01966586
   1.01599959  1.01375551  1.01125123  1.01316041  1.02127676  1.01282963
   1.01359936  1.01424609  1.01825367  1.01648194  1.01442523  1.01356475
   1.01566166  1.01461661  1.01749077  1.0127909   1.01232705  1.0122523
   1.01776816  1.01451113  1.01562587  1.01512049  1.01111964  1.01638786
   1.01516629  1.01432052  1.0080447   1.01686357  1.01736404  1.01116201
   1.01657269  1.01625103  1.01610211  1.01507414  1.01728182  1.01903092
   1.02137472  1.02110926  1.01550003  1.0172522   1.02116488  1.01351653
   1.01564204  1.01327943  1.01763996  1.01889368  1.01430099  1.01779429
   1.01985071  1.01988248  1.00849338  1.01259194  1.01973791  1.01430618
   1.01442764  1.01599355  1.01472118  1.01680139  1.01988861  1.01249306
   1.01463149  1.01523962  1.01071169  1.01817268  1.01628978  1.02230641
   1.02025631  1.01780508  1.01341528  1.01999531  1.02131531  1.01915586
   1.01277932  1.01787843  1.01940852  1.02074451  1.02274547  1.01970931
   1.0193723   1.01943075  1.01830379  1.01313332  1.01955133  1.01110977
   1.01434584  1.02074365  1.01780933  1.01300774  1.0143514   1.00919692
   1.0144933   1.01419424  1.01523377  1.01960089  1.01705576  1.01426016
   1.0126942   1.01470341  1.01480037  1.02151769  1.01468395  1.01691809
   1.02080181  1.01803961  1.01644836  1.01955434  1.01613732  1.0167092
   1.01451645  1.01839096  1.01618461  1.01669921  1.01747194  1.01775219
   1.01585516  1.01538516  1.01659918  1.01813461  1.01318599  1.01844409
   1.01377707  1.0186386   1.01401182  1.01948538  1.01568177  1.01430555
   1.015887    1.01820265  1.01855782  1.01298273  1.01975826  1.00862451
   1.02322171  1.01442309  1.01544872  1.01882161  1.01737519  1.01463698
   1.01458091  1.01680643  1.01617952  1.016682    1.02001218  1.02189476
   1.01529623  1.01685005  1.01925723  1.01430504  1.01506814  1.01864048
   1.01354779  1.01809182  1.01625831  1.01508555  1.0145429   1.01260024
   1.01573541  1.01801949  1.01640144  1.01635971  1.01746827  1.01587433
   1.01802126  1.01836669  1.01702057  1.01496027  1.01715871  1.0150288
   1.0156164   1.01596323  1.01771792  1.01660207  1.01317634  1.01429336
   1.01318864  1.02188926  1.0215005   1.01877841  1.01758244  1.01161877
   1.01912964  1.01265378  1.01823452  1.02028252  1.01650982  1.01580987
   1.0159356   1.01407351  1.01987477  1.01892055  1.01531798  1.01929227
   1.01790203  1.01852987  1.01503428  1.02249443  1.0099742   1.0200096
   1.01736598  1.02014385  1.01235058  1.01757804  1.01184118  1.0159901
   1.01576728  1.01883882  1.01127906  1.01647664  1.02186614  1.01293504
   1.01354673  1.01677051  1.01821987  1.01408147  1.02010793  1.01704034
   1.01959618  1.01811729  1.01873908  1.01695866  1.01309545  1.01917932
   1.01572219  1.01180796  1.0166779   1.0155214   1.01704102  1.01085065
   1.01431972  1.02475504  1.01879766  1.01667188  1.01571775  1.01460101
   1.01660271  1.01634809  1.01393987  1.01872851  1.01481435  1.01526627
   1.01506396  1.01645671  1.0174884   1.01468154  1.02077949  1.01844721
   1.01571554  1.01396338  1.01608132  1.01544416  1.02087246  1.019064
   1.02188968  1.02011049  1.01422382  1.01707174  1.01852599  1.01539296
   1.01596288  1.01694112  1.02039202  1.01569666  1.02177252  1.01404224
   1.01600665  1.01774062  1.01649784  1.01636931  1.01808316  1.01717982
   1.01491843  1.01945366  1.01225503  1.01648058  1.02009112  1.01347112
   1.01989677  1.01081504  1.01542237  1.01882099  1.01794548  1.01146492
   1.01917249  1.01535349  1.01253948  1.01673881  1.01749789  1.01775709
   1.02087326  1.01293715  1.01231368  1.02271351  1.0139342   1.02123849
   1.0133309   1.01840248  1.01377404  1.02006451  1.01878268  1.01193794
   1.01461597  1.01904546  1.01552373  1.02179236  1.01289755  1.01733
   1.01361227  1.01357246  1.01858549  1.02075387  1.01464971  1.01669961
   1.01302104  1.0113866   1.01249159  1.01587339  1.01643333  1.0123349
   1.01570341  1.02174658  1.01744843  1.01743304  1.0147721   1.01608663
   1.01399323  1.01824901  1.01513581  1.01129182  1.0147783   1.0159272
   1.01812539  1.01727639  1.01739057  1.01800231  1.01695109  1.01835924
   1.01400269  1.01467149  1.01827759  1.01611943  1.01633171  1.01798996
   1.01981283  1.01625927  1.01693515  1.01550704  1.01748088  1.01708778
   1.01587279  1.01734795  1.01550818  1.01557388  1.01447956  1.01276277
   1.01685821  1.01714699  1.01616893  1.0099747   1.02216009  1.01621538
   1.01806048  1.01915338  1.01611655  1.01028468  1.01880781  1.01311925
   1.02023875  1.02141567  1.01619427]]
interpolated physical value is [ 1.0089828]
(5, 1, 501) (5, 1, 501) (501,) (1, 1, 2, 501)
Interpolated B is -  [ 0.57757559  0.56220317  1.00351448  0.82778529  0.50132854]
ZA -  0.74404    ZP -  0.694
(5, 1, 1, 501)
Interpolating physical pt data to true strange physical point
uninterpolated value is  [[ 0.53299146  0.52931356  0.52702119  0.52825369  0.53203652  0.52893597
   0.52576856  0.53234711  0.52482944  0.52715395  0.53153311  0.5253473
   0.52877156  0.53038822  0.52653478  0.53130728  0.52674775  0.52991811
   0.5253353   0.52563823  0.53054431  0.52799283  0.52635731  0.52630614
   0.52805727  0.5277969   0.52712146  0.52949955  0.52748645  0.53102502
   0.53019     0.52716995  0.53052768  0.52727865  0.52971717  0.52737823
   0.52651172  0.53395795  0.53077813  0.5319675   0.52665468  0.52733245
   0.53034567  0.53190493  0.52711628  0.52486129  0.53103032  0.52558751
   0.52734382  0.52862497  0.53187154  0.53130873  0.52602662  0.52634924
   0.52840479  0.52986155  0.52592328  0.53159913  0.53106918  0.53217499
   0.52734947  0.52767354  0.52806442  0.5284665   0.52861459  0.52839192
   0.52667212  0.53128448  0.52686212  0.525702    0.5312108   0.53477702
   0.52927516  0.52754054  0.52867471  0.53316118  0.5262783   0.52798507
   0.52880262  0.52485448  0.52777807  0.53023561  0.52584332  0.52789062
   0.52418529  0.53031393  0.52695896  0.53005052  0.52645725  0.52834343
   0.5298762   0.52821926  0.530861    0.52953104  0.52926697  0.52891219
   0.52920588  0.53201724  0.52505149  0.52780834  0.531608    0.52734294
   0.52828188  0.53032     0.52393635  0.5271522   0.52581521  0.52919816
   0.52654049  0.52753968  0.52616091  0.52957303  0.52910187  0.52722544
   0.52871305  0.52777255  0.53263627  0.53035152  0.52607773  0.52902891
   0.52826692  0.52877147  0.52640924  0.5299489   0.52763788  0.52704213
   0.530386    0.52632276  0.52418083  0.52868176  0.52728423  0.52936216
   0.52805557  0.52918925  0.53132611  0.52913746  0.53082645  0.52462415
   0.5300135   0.5323633   0.52917799  0.52552194  0.53172749  0.53229511
   0.53103799  0.52897291  0.53017859  0.52908172  0.52833548  0.5318778
   0.52879782  0.52756851  0.52898486  0.53212547  0.52757545  0.52935377
   0.52438389  0.52796337  0.52590011  0.52752548  0.5310848   0.52743285
   0.52838555  0.52952676  0.53066764  0.52752686  0.53063062  0.53122474
   0.53165201  0.52802742  0.52975261  0.52547929  0.52610709  0.53103055
   0.52484798  0.52734563  0.5288757   0.52641521  0.52925175  0.524649
   0.53101636  0.52704251  0.52747163  0.52926241  0.52458814  0.52859405
   0.52705066  0.53366615  0.52680948  0.52885076  0.52742158  0.52673545
   0.52656398  0.530417    0.52772503  0.53055658  0.53016635  0.52893193
   0.52101454  0.53201564  0.52991563  0.5254115   0.52594076  0.52883587
   0.5245426   0.52836978  0.53065123  0.52946355  0.53025812  0.52902097
   0.52695597  0.52845006  0.53095334  0.52594389  0.52792729  0.52552482
   0.52601902  0.53151106  0.5266284   0.52870762  0.52852987  0.52719865
   0.52920271  0.52829083  0.52785079  0.52724392  0.52953584  0.53141653
   0.52987398  0.53098453  0.5302008   0.52932525  0.52984388  0.52883608
   0.52876177  0.53049772  0.53093706  0.52775259  0.53029215  0.5280167
   0.5281935   0.5264337   0.52456002  0.52607466  0.53107838  0.52707963
   0.52974325  0.53293879  0.52280602  0.5285457   0.52752916  0.52947595
   0.52736167  0.52809962  0.53025832  0.5264511   0.52874424  0.52718643
   0.52465338  0.52572389  0.52990831  0.52856022  0.52782688  0.52453018
   0.52804874  0.5235128   0.53059803  0.52961757  0.5270675   0.53098583
   0.52759239  0.52516824  0.5267053   0.52663091  0.52933404  0.53053475
   0.52596037  0.53100766  0.52864322  0.52774448  0.52512656  0.52208808
   0.52763158  0.527839    0.52864518  0.52937089  0.52768072  0.525803
   0.52477456  0.53063274  0.52837129  0.52819157  0.52936678  0.52640819
   0.52775843  0.52629015  0.52467874  0.53082717  0.53003969  0.52543241
   0.52877246  0.5244141   0.52954105  0.53077018  0.52719414  0.53317536
   0.53025513  0.52628328  0.52791722  0.52983522  0.52459138  0.52897969
   0.52693731  0.52604695  0.52812203  0.52941249  0.5282149   0.52742418
   0.5292344   0.5302853   0.52683526  0.52787423  0.53087831  0.52496289
   0.52632748  0.53114674  0.52951913  0.52544168  0.52712248  0.52971781
   0.53389684  0.52494165  0.52832677  0.52896167  0.53063386  0.53021613
   0.53145749  0.52978222  0.53262985  0.52530078  0.52538622  0.53359035
   0.52341017  0.52490207  0.52686291  0.5293828   0.52925617  0.53146683
   0.53163031  0.52095125  0.52996218  0.52790587  0.53158205  0.53016903
   0.53068015  0.52714302  0.52526036  0.52685614  0.52965133  0.5289868
   0.53179507  0.52831768  0.52634205  0.52716507  0.53118665  0.52855315
   0.5311328   0.53222642  0.5280466   0.52646963  0.5279062   0.52546872
   0.52798803  0.53128278  0.52827346  0.52787992  0.52580318  0.52642622
   0.52573156  0.53247677  0.52485257  0.53157091  0.53018947  0.52991507
   0.52609097  0.53073266  0.52996314  0.52612356  0.52954927  0.53105751
   0.52667318  0.52877863  0.53409074  0.52476922  0.52641032  0.52832236
   0.52968553  0.52733921  0.53044136  0.52653568  0.53206726  0.52835956
   0.52899525  0.52666309  0.5265749   0.52861126  0.52583892  0.53101482
   0.5263484   0.53035857  0.5299042   0.52893583  0.52211612  0.527839
   0.52684733  0.53009456  0.52821241  0.52484458  0.52652144  0.52991594
   0.5248464   0.52600452  0.53095216  0.53102893  0.52901186  0.53247283
   0.52985343  0.52192221  0.52889029  0.53097843  0.52435186  0.52206503
   0.52933508  0.52752033  0.52953507  0.5331794   0.5291476   0.53200913
   0.52561696  0.52809425  0.52837967  0.52587993  0.52819381  0.5319089
   0.52642304  0.52363117  0.5248342   0.53243141  0.52449767  0.52573925
   0.52814976  0.52575974  0.52840289  0.52764211  0.52646389  0.52737404
   0.52823965  0.52587775  0.53128726  0.52351676  0.53045401  0.52820282
   0.52696172  0.53046918  0.52918458  0.52470633  0.52408571  0.52618352
   0.52308336  0.53088321  0.52837389  0.52716485  0.52895466  0.52547936
   0.53051461  0.52398345  0.52672527  0.52912232  0.53254273  0.52765575
   0.5272839   0.52907487  0.52641112  0.52585986  0.52825256  0.52592701
   0.53015421  0.52410522  0.52695786  0.52617958  0.52711039  0.52845907
   0.52939692  0.52820748  0.52305884  0.52669638  0.52683569  0.53024173
   0.52996464  0.52591356  0.52829638]]
interpolated physical value is [ 0.66455271]
Interpolating physical pt data to true strange physical point
uninterpolated value is  [[ 1.02561403  1.04427011  1.05153929  1.09356403  1.07053671  1.06013615
   1.02879296  1.03814701  1.06299562  1.067038    1.0487416   1.07709848
   1.06585652  1.06494025  1.03430848  1.0718671   1.06216647  1.04877513
   1.07072978  1.04187821  1.05940044  1.07338105  1.06529925  1.07424061
   1.04025059  1.05880358  1.01978159  1.05208315  1.06357411  1.05253862
   1.03252401  1.0285098   1.04636674  1.0489749   1.05165052  1.05070689
   1.06342587  1.03994948  1.072355    1.06621242  1.04852364  1.0763626
   1.05120137  1.04159544  1.06465335  1.04568462  1.07421658  1.06106499
   1.07964372  1.06998357  1.08269246  1.08006503  1.0809233   1.09883329
   1.07831686  1.06956834  1.06465035  1.03463932  1.06636096  1.02260742
   1.0712529   1.06743961  1.0723724   1.06025603  1.06652099  1.05767964
   1.06218423  1.07860427  1.02458789  1.0894765   1.05534104  1.05529694
   1.07468597  1.05213804  1.07991791  1.04798636  1.04513599  1.06904807
   1.10219696  1.07593821  1.06803066  1.05584131  1.10032432  1.08302279
   1.05322716  1.05934754  1.07640769  1.04763769  1.09658494  1.06667614
   1.04443584  1.06017508  1.052671    1.04432214  1.06662492  1.05234025
   1.0399384   1.05732704  1.0521357   1.03078957  1.08294904  1.06244708
   1.07259867  1.05910668  1.05372062  1.08556809  1.06035141  1.04309229
   1.05307684  1.05741031  1.03166151  1.04807305  1.06281     1.06744904
   1.0445863   1.08577926  1.09677743  1.06384564  1.06207639  1.0684816
   1.07254707  1.06643856  1.05466097  1.07995123  1.08426179  1.06143124
   1.04425975  1.05751766  1.0842279   1.06177051  1.02144378  1.07441978
   1.06955062  1.06013694  1.05737339  1.0497099   1.0536701   1.06743913
   1.04923047  1.06049668  1.04965062  1.04856858  1.03041793  1.06426084
   1.07349517  1.04732759  1.05711525  1.07886214  1.0438878   1.09086066
   1.09491022  1.05586616  1.03871509  1.06593607  1.09697095  1.05365267
   1.06485554  1.05314017  1.03742514  1.06757949  1.07137747  1.09275377
   1.04161488  1.06324267  1.0488978   1.05587857  1.0416464   1.05241661
   1.06027523  1.06120784  1.05793697  1.06068598  1.05241146  1.05558842
   1.08389115  1.07829185  1.05477635  1.06074891  1.04735731  1.10167722
   1.03028314  1.04545494  1.02789099  1.05166287  1.04192291  1.05810448
   1.05238594  1.08495425  1.05518784  1.04791378  1.07407971  1.06075537
   1.02913982  1.04508953  1.05769595  1.03731485  1.05836266  1.10073718
   1.05559233  1.07330933  1.05206075  1.06324775  1.07726229  1.04552394
   1.04892107  1.05979244  1.05121074  1.07416355  1.03931621  1.06004661
   1.08844578  1.06682145  1.053307    1.09135426  1.05432427  1.04811675
   1.05494006  1.05818004  1.05982953  1.04873003  1.06984844  1.02109144
   1.0943539   1.06530797  1.05303232  1.0744523   1.07335918  1.08474125
   1.04904388  1.06936704  1.05697754  1.0518198   1.08481975  1.08881698
   1.06532905  1.07898397  1.08279505  1.02522927  1.03790393  1.09028248
   1.03096898  1.0669057   1.05140768  1.0481566   1.08853299  1.0779351
   1.03297342  1.05674839  1.06847247  1.05683892  1.07931106  1.07744575
   1.06931382  1.08033873  1.06847907  1.05553419  1.04911354  1.05438734
   1.07664349  1.07455448  1.07477255  1.0533785   1.06259163  1.07452217
   1.10588214  1.07871426  1.06743081  1.07345318  1.05641018  1.04989021
   1.07682018  1.03680348  1.06649453  1.07386681  1.0528546   1.10144892
   1.07463713  1.0529022   1.04388739  1.05190785  1.06077716  1.06466749
   1.07869786  1.07979807  1.04978044  1.0783691   1.08717506  1.06241762
   1.05694442  1.07747329  1.07402221  1.06986096  1.05539525  1.07196028
   1.07918806  1.078765    1.07383403  1.07986629  1.0693812   1.06693958
   1.09425984  1.09799363  1.05930565  1.08406089  1.05121799  1.05482459
   1.05943354  1.05274058  1.06398581  1.04943506  1.03029781  1.07995791
   1.07156487  1.08223103  1.08419103  1.09316043  1.08219211  1.05354877
   1.06030777  1.06287727  1.0635678   1.06258523  1.05365201  1.0502662
   1.06233082  1.0637276   1.05945785  1.05837699  1.03883643  1.08335233
   1.06649237  1.05490048  1.04366105  1.06430863  1.05777407  1.07525143
   1.03567816  1.09910954  1.04375114  1.06139981  1.04536929  1.04804131
   1.06251326  1.05692095  1.05227142  1.05276935  1.04668969  1.07148845
   1.04598804  1.06515222  1.06133883  1.07519739  1.0172667   1.11406098
   1.06430204  1.069156    1.05992025  1.06906279  1.07595809  1.08659047
   1.05178843  1.07218755  1.06981147  1.04776418  1.01747928  1.08115889
   1.0498167   1.09052238  1.04418356  1.03842312  1.04436309  1.05694779
   1.08472637  1.07406613  1.07736193  1.05090236  1.06702239  1.02293196
   1.07935449  1.06843882  1.04647238  1.06995165  1.05159561  1.07501947
   1.06931182  1.09111138  1.07528293  1.03279361  1.06851284  1.0736479
   1.05465741  1.03068472  1.10153637  1.04951918  1.03649062  1.07678196
   1.06575262  1.07409596  1.06727784  1.07730758  1.04246696  1.06429317
   1.07623434  1.05913749  1.0894811   1.04811761  1.07661832  1.02810667
   1.0741058   1.09459703  1.06397329  1.0565485   1.05840863  1.0771825
   1.06326501  1.06164891  1.07688947  1.06995781  1.06891518  1.10467626
   1.05990564  1.07037929  1.05627974  1.05960003  1.08309537  1.08906546
   1.05323745  1.0645053   1.06327015  1.05376758  1.03564891  1.06904554
   1.06657607  1.04881286  1.08130498  1.07372236  1.0561263   1.0274668
   1.07569279  1.06360165  1.06765417  1.05773238  1.0498432   1.0499648
   1.07379418  1.07648139  1.06749884  1.06815626  1.04851527  1.10487798
   1.0481371   1.05764436  1.03874872  1.03563435  1.07049162  1.06748793
   1.08434608  1.06644503  1.09759497  1.05089196  1.07147719  1.04406938
   1.0721845   1.04512431  1.08315829  1.06296391  1.08529319  1.11186735
   1.09425624  1.07043998  1.07985157  1.04293968  1.07999958  1.04749647
   1.04461268  1.03726377  1.07832434  1.07186578  1.06113426  1.0468743
   1.0672121   1.03471167  1.09669259  1.08569503  1.05259744  1.06067858
   1.07480793  1.06454517  1.0525537   1.06380971  1.07347443  1.07142732
   1.08490022  1.05610663  1.08028479  1.04686381  1.07727965  1.06203549
   1.0486211   1.05983609  1.06323312]]
interpolated physical value is [ 0.98379219]
(5, 1, 501) (5, 1, 501) (501,) (1, 1, 2, 501)
Interpolated B is -  [ 0.66455271  1.81354715  6.45024034  3.0320414   2.22078742]
---Doing Global Fitting---
Scheme -  MOM   Basis -  SUSY   Kinematics -  gg   Fit type -  chiral
(7, 5, 501) (7, 1, 501) (7, 501)
(501, 7, 5) (501, 7, 1) (7, 501)
(0, 0) (501, 7, 5) (501, 5) (501, 7, 1) (7, 501) (5,)
