----------------------setting up as----------------------------
----------------------setting up as----------------------------
----------------------setting up as----------------------------
----------------------setting up as----------------------------
Reading 2pts...
Done

Reading 3pts...
Done

-----Interpolating non-physical mass data-----
Interpolate dR/dms to the near physical point data
-----Interpolating non-physical mass data-----
Interpolate dR/dms to the near physical point data
(5, 3, 1, 501) (5, 3, 1, 501) (501,) (1, 3, 4, 1, 501)
0
[[ 0.00875821]
 [ 0.00876703]
 [ 0.00950307]]
1
[[ 0.13907681]
 [ 0.14296648]
 [ 0.15156246]] [[-0.12188183]
 [-0.11411963]
 [-0.1143741 ]]
2
[[-0.33087406]
 [-0.33525427]
 [-0.34940332]] [[ 0.29061241]
 [ 0.26934115]
 [ 0.26482613]]
3
[[ 0.17543004]
 [ 0.18437042]
 [ 0.19312903]] [[-0.15617499]
 [-0.14810887]
 [-0.14778474]]
4
[[ 0.05149394]
 [ 0.05387996]
 [ 0.05627145]] [[-0.04516313]
 [-0.04308942]
 [-0.04346553]]
Reading 2pts...
Done

Reading 3pts...
Done

-----Interpolating non-physical mass data-----
Interpolate dR/dms to the near physical point data
-----Interpolating non-physical mass data-----
Interpolate dR/dms to the near physical point data
(5, 3, 1, 501) (5, 3, 1, 501) (501,) (1, 3, 3, 1, 501)
0
[[ 0.00866658]
 [ 0.00886961]
 [ 0.00891576]]
1
[[ 0.15256548]
 [ 0.15483022]
 [ 0.15603498]] [[-0.13896284]
 [-0.14219042]
 [-0.13809863]]
2
[[-0.33733633]
 [-0.33949304]
 [-0.3395565 ]] [[ 0.30599289]
 [ 0.31222018]
 [ 0.30042795]]
3
[[ 0.16913089]
 [ 0.17157063]
 [ 0.17335313]] [[-0.15437447]
 [-0.15666105]
 [-0.15326788]]
4
[[ 0.05600955]
 [ 0.057108  ]
 [ 0.05768795]] [[-0.05103941]
 [-0.05209966]
 [-0.0511365 ]]
 Reading Physical point Bag data...
