----------------------setting up as----------------------------
----------------------setting up as----------------------------
----------------------setting up as----------------------------
----------------------setting up as----------------------------
24 ms SUSY gg
Unrenormalised bag is -  [ 1.531126  1.184277 -1.791854  0.945944  0.489873]
Unrenormalised bare ratios is -  [[-21.395342 -21.323851 -21.438699 ..., -21.42395  -21.301824 -21.405902]
 [ 32.387562  32.279551  32.458398 ...,  32.469014  32.271109  32.418288]
 [-17.220644 -17.180836 -17.23766  ..., -17.379827 -17.277187 -17.271899]
 [ -8.862963  -8.846121  -8.872476 ...,  -8.945566  -8.890274  -8.894053]]
data/Zms_boot_mu_match_24cubed_gg_block.out
Z matrix is - 
[[ 0.920215  0.        0.        0.        0.      ]
 [ 0.        1.050434  0.281974  0.        0.      ]
 [ 0.        0.056536  0.953475  0.        0.      ]
 [ 0.        0.        0.        0.933499 -0.02688 ]
 [ 0.        0.        0.       -0.330651  1.161232]]
Renormalised B is- 
[ 0.52836192  0.54868567  0.96789863  0.86285501  0.58247319]
Renormalised R is- 
[  0.99437596 -14.24486033   1.79306912  26.87874709  11.15855281]
-----Interpolating non-physical mass data-----
Interpolate dR/dms to the near physical point data
