----------------------setting up as----------------------------
----------------------setting up as----------------------------
----------------------setting up as----------------------------
----------------------setting up as----------------------------
Reading 2pts...
Done

Reading 3pts...
Done

data/Zms_boot_mu_match_24cubed_qq_new.out
Z matrix is - 
[[ 0.94796   0.        0.        0.        0.      ]
 [ 0.        0.9635   -0.05595   0.        0.      ]
 [ 0.       -0.0399    1.26728   0.        0.      ]
 [ 0.        0.        0.        1.0195   -0.13876 ]
 [ 0.        0.        0.       -0.14372   1.051161]]
Renormalised B is- 
[ 0.54429233  0.97874672  1.21848504  0.56544574  0.39842974]
Renormalised B is- 
[ 0.54429233  0.97874672  1.21848504  0.56544574  0.39842974]
Renormalised B is- 
[ 0.54429233  0.97874672  1.21848504  0.56544574  0.39842974]
Renormalised B is- 
[ 0.54429233  0.97874672  1.21848504  0.56544574  0.39842974]
Renormalised B is- 
[ 0.54429233  0.97874672  1.21848504  0.56544574  0.39842974]
Renormalised B is- 
[ 0.54429233  0.97874672  1.21848504  0.56544574  0.39842974]
Renormalised B is- 
[ 0.54429233  0.97874672  1.21848504  0.56544574  0.39842974]
Renormalised B is- 
[ 0.54429233  0.97874672  1.21848504  0.56544574  0.39842974]
Renormalised B is- 
[ 0.54429233  0.97874672  1.21848504  0.56544574  0.39842974]
-----Interpolating non-physical mass data-----
Interpolate dR/dms to the near physical point data
-----Interpolating non-physical mass data-----
Interpolate dR/dms to the near physical point data
(5, 3, 1, 501) (5, 3, 1, 501) (501,) (1, 3, 4, 1, 501)
0
[[ 0.00875826]
 [ 0.00876707]
 [ 0.00950313]]
1
[[ 0.23604818]
 [ 0.24109389]
 [ 0.25367154]] [[-0.20707045]
 [-0.19300067]
 [-0.19179775]]
2
[[-0.43972104]
 [-0.44579268]
 [-0.4649202 ]] [[ 0.38618138]
 [ 0.35805669]
 [ 0.35231955]]
3
[[ 0.17014457]
 [ 0.17883691]
 [ 0.18734769]] [[-0.1515304 ]
 [-0.14368099]
 [-0.14332446]]
4
[[ 0.07202633]
 [ 0.07549402]
 [ 0.07893721]] [[-0.06354249]
 [-0.06048117]
 [-0.06074951]]
Reading 2pts...
Done

Reading 3pts...
Done

data/Zms_boot_mu_match_32cubed_qq_new.out
Z matrix is - 
[[  9.69990000e-01   0.00000000e+00   0.00000000e+00   0.00000000e+00
    0.00000000e+00]
 [  0.00000000e+00   8.99600000e-01  -2.51100000e-02   0.00000000e+00
    0.00000000e+00]
 [  0.00000000e+00   1.71900000e-02   1.29450000e+00   0.00000000e+00
    0.00000000e+00]
 [  0.00000000e+00   0.00000000e+00   0.00000000e+00   9.28200000e-01
   -1.09920000e-01]
 [  0.00000000e+00   0.00000000e+00   0.00000000e+00  -1.41430000e+04
    1.04908000e+00]]
Renormalised B is- 
[  5.43689337e-01   9.70805828e-01   1.35235874e+00   5.45138968e-01
  -1.47248251e+04]
Renormalised B is- 
[  5.43689337e-01   9.70805828e-01   1.35235874e+00   5.45138968e-01
  -1.47248251e+04]
Renormalised B is- 
[  5.43689337e-01   9.70805828e-01   1.35235874e+00   5.45138968e-01
  -1.47248251e+04]
Renormalised B is- 
[  5.43689337e-01   9.70805828e-01   1.35235874e+00   5.45138968e-01
  -1.47248251e+04]
Renormalised B is- 
[  5.43689337e-01   9.70805828e-01   1.35235874e+00   5.45138968e-01
  -1.47248251e+04]
Renormalised B is- 
[  5.43689337e-01   9.70805828e-01   1.35235874e+00   5.45138968e-01
  -1.47248251e+04]
-----Interpolating non-physical mass data-----
Interpolate dR/dms to the near physical point data
-----Interpolating non-physical mass data-----
Interpolate dR/dms to the near physical point data
(5, 3, 1, 501) (5, 3, 1, 501) (501,) (1, 3, 3, 1, 501)
0
[[ 0.00866662]
 [ 0.00886965]
 [ 0.00891579]]
1
[[ 0.23202335]
 [ 0.23463217]
 [ 0.23570236]] [[-0.21096508]
 [-0.21560719]
 [-0.20857998]]
2
[[-0.48516454]
 [-0.48834062]
 [-0.48849963]] [[ 0.44011871]
 [ 0.44909862]
 [ 0.43221028]]
3
[[ 0.16294004]
 [ 0.16526838]
 [ 0.16698642]] [[-0.14873011]
 [-0.15090994]
 [-0.14762876]]
4
[[-2640.68407931]
 [-2678.82047497]
 [-2706.6494549 ]] [[ 2410.27571322]
 [ 2446.02262805]
 [ 2393.06851835]]
 Reading Physical point Bag data...
Unrenormalised bag is -  [[ 1.55547701  1.55757778  1.55362159 ...,  1.5598041   1.55646184
   1.55742327]
 [ 1.22580799  1.22666295  1.22750156 ...,  1.22727901  1.22685875
   1.22644856]
 [-1.86547726 -1.86677924 -1.8678765  ..., -1.86694583 -1.86659135
  -1.86617962]
 [ 0.96107359  0.96078683  0.96008066 ...,  0.96052682  0.96087227
   0.96112814]
 [ 0.49515669  0.49498506  0.49461602 ...,  0.49480345  0.49504743
   0.49513115]]
Done

 Reading Physical point Mass data...
Done

Done

data/Zms_boot_mu_match_24cubed_qq_new.out
Z matrix is - 
[[ 0.94796   0.        0.        0.        0.      ]
 [ 0.        0.9635   -0.05595   0.        0.      ]
 [ 0.       -0.0399    1.26728   0.        0.      ]
 [ 0.        0.        0.        1.0195   -0.13876 ]
 [ 0.        0.        0.       -0.14372   1.051161]]
Renormalised B is- 
[ 0.55364061  1.01406347  1.26888167  0.57475021  0.40194627]
Interpolating physical pt data to true strange physical point
Interpolating physical pt data to true strange physical point
(5, 1, 1, 501) (5, 1, 1, 501) (501,) (1, 1, 2, 1, 501)
0
[[ 0.00883598]]
1
[[ 0.24263754]] [[-0.23314002]]
2
[[-0.45560478]] [[ 0.4376797]]
3
[[ 0.1719753]] [[-0.16508938]]
4
[[ 0.07214824]] [[-0.06926931]]
 Reading Physical point Bag data...
Unrenormalised bag is -  [[ 1.50983843  1.4994198   1.49292605 ...,  1.50126416  1.48978841
   1.49653838]
 [ 1.22125555  1.215269    1.20608145 ...,  1.21334216  1.21217694
   1.21093375]
 [-1.86729716 -1.8575678  -1.84388862 ..., -1.85457716 -1.85304505
  -1.851134  ]
 [ 0.88713639  0.882251    0.87701784 ...,  0.88278688  0.87860248
   0.88037091]
 [ 0.44833232  0.44579453  0.44318866 ...,  0.44609351  0.44404573
   0.44488451]]
Done

 Reading Physical point Mass data...
Done

Done

data/Zms_boot_mu_match_32cubed_qq_new.out
Z matrix is - 
[[  9.69990000e-01   0.00000000e+00   0.00000000e+00   0.00000000e+00
    0.00000000e+00]
 [  0.00000000e+00   8.99600000e-01  -2.51100000e-02   0.00000000e+00
    0.00000000e+00]
 [  0.00000000e+00   1.71900000e-02   1.29450000e+00   0.00000000e+00
    0.00000000e+00]
 [  0.00000000e+00   0.00000000e+00   0.00000000e+00   9.28200000e-01
   -1.09920000e-01]
 [  0.00000000e+00   0.00000000e+00   0.00000000e+00  -1.41430000e+04
    1.04908000e+00]]
Renormalised B is- 
[  5.44360223e-01   9.77351181e-01   1.36267983e+00   5.28848961e-01
  -1.42844636e+04]
Interpolating physical pt data to true strange physical point
Interpolating physical pt data to true strange physical point
(5, 1, 1, 501) (5, 1, 1, 501) (501,) (1, 1, 2, 1, 501)
0
[[ 0.00856378]]
1
[[ 0.23091032]] [[-0.23390219]]
2
[[-0.48483525]] [[ 0.49209196]]
3
[[ 0.1565326]] [[-0.16152791]]
4
[[-2536.67172782]] [[ 2617.86977373]]
