----------------------setting up as----------------------------
----------------------setting up as----------------------------
----------------------setting up as----------------------------
----------------------setting up as----------------------------
24 ms SUSY qq
Unrenormalised bag is -  [ 1.531126  1.184277 -1.791854  0.945944  0.489873]
Unrenormalised bare ratios is -  [[-21.395342 -21.323851 -21.438699 ..., -21.42395  -21.301824 -21.405902]
 [ 32.387562  32.279551  32.458398 ...,  32.469014  32.271109  32.418288]
 [-17.220644 -17.180836 -17.23766  ..., -17.379827 -17.277187 -17.271899]
 [ -8.862963  -8.846121  -8.872476 ...,  -8.945566  -8.890274  -8.894053]]
data/Zms_boot_mu_match_24cubed_qq_block.out
Z matrix is - 
[[ 0.947955  0.        0.        0.        0.      ]
 [ 0.        1.051161  0.287449  0.        0.      ]
 [ 0.        0.069378  1.019458  0.        0.      ]
 [ 0.        0.        0.        0.991513 -0.027976]
 [ 0.        0.        0.       -0.355589  1.239301]]
Renormalised B is- 
[ 0.54428946  0.58297903  1.03051168  0.91703457  0.57543348]
Renormalised R is- 
[  0.99437596 -14.6464318    1.79556049  28.21306266  10.62183102]
-----Interpolating non-physical mass data-----
Interpolate dR/dms to the near physical point data
24  - dy/dms =  [[ 1.62124058]
 [ 1.77226385]
 [ 1.52117847]]
Interpolated dy/dms =  [ 1.80534455]
-----Interpolating non-physical mass data-----
Interpolate dR/dms to the near physical point data
24  - dy/dms =  [[ 17.09057659]
 [ 15.81708077]
 [ 13.5778284 ]]
Interpolated dy/dms =  [ 18.01326238]
(5, 3, 1, 501) (5, 3, 1, 501) (501,) (1, 3, 4, 1, 501)
0
[[ 0.00875821]
 [ 0.00876703]
 [ 0.00950307]]
1
[[ 0.17543004]
 [ 0.18437042]
 [ 0.19312903]] [[-0.12921142]
 [-0.12246891]
 [-0.12207553]]
2
[[-0.06196803]
 [-0.06524523]
 [-0.06842879]] [[ 0.01584233]
 [ 0.01485913]
 [ 0.01452697]]
3
[[-0.33087406]
 [-0.33525427]
 [-0.34940332]] [[ 0.24752583]
 [ 0.22916329]
 [ 0.2248636 ]]
4
[[-0.0695384 ]
 [-0.07148324]
 [-0.07578123]] [[ 0.09348932]
 [ 0.08723419]
 [ 0.08687119]]
Interpolated B is -  [[ 0.54805255]
 [ 0.58584171]
 [ 1.03469896]
 [ 0.92078407]
 [ 0.5805519 ]]
Interpolated B is -  [[ 0.54860397]
 [ 0.61569775]
 [ 1.08941939]
 [ 0.93297369]
 [ 0.59678866]]
32 ms SUSY qq
Unrenormalised bag is -  [ 1.494694  1.202869 -1.837128  0.907511  0.458776]
Unrenormalised bare ratios is -  [[-25.125635 -25.043168 -25.038251 ..., -25.028875 -24.923587 -25.114861]
 [ 38.287211  38.137487  38.10305  ...,  38.172154  37.97357   38.267258]
 [-19.01485  -18.905824 -18.819727 ..., -18.964935 -18.867802 -18.94673 ]
 [ -9.598064  -9.555677  -9.515797 ...,  -9.573961  -9.53175   -9.579905]]
data/Zms_boot_mu_match_32cubed_qq_block.out
Z matrix is - 
[[ 0.969986  0.        0.        0.        0.      ]
 [ 0.        1.049078  0.282855  0.        0.      ]
 [ 0.        0.054959  0.928208  0.        0.      ]
 [ 0.        0.        0.        0.912145 -0.012556]
 [ 0.        0.        0.       -0.347973  1.281952]]
Renormalised B is- 
[ 0.5436871   0.56585776  0.94596608  0.94027736  0.6386925 ]
Renormalised R is- 
[  1.02231611 -14.70113546   1.0041679   29.94914152  12.77614147]
-----Interpolating non-physical mass data-----
Interpolate dR/dms to the near physical point data
32  - dy/dms =  [[ 2.58200573]
 [ 2.68218104]
 [ 2.51471295]]
Interpolated dy/dms =  [ 2.80615658]
-----Interpolating non-physical mass data-----
Interpolate dR/dms to the near physical point data
32  - dy/dms =  [[ 24.36942361]
 [ 23.51415934]
 [ 22.14250538]]
Interpolated dy/dms =  [ 26.47174774]
(5, 3, 1, 501) (5, 3, 1, 501) (501,) (1, 3, 3, 1, 501)
0
[[ 0.00866658]
 [ 0.00886961]
 [ 0.00891576]]
1
[[ 0.16913089]
 [ 0.17157063]
 [ 0.17335313]] [[-0.12550351]
 [-0.12728255]
 [-0.12448229]]
2
[[-0.05656067]
 [-0.05723132]
 [-0.05783259]] [[ 0.00864979]
 [ 0.00858528]
 [ 0.00829468]]
3
[[-0.33733633]
 [-0.33949304]
 [-0.3395565 ]] [[ 0.25473076]
 [ 0.2598266 ]
 [ 0.24973097]]
4
[[-0.07628274]
 [-0.07741511]
 [-0.07801749]] [[ 0.10856311]
 [ 0.11097486]
 [ 0.10743111]]
Interpolated B is -  [[ 0.54231863]
 [ 0.56480594]
 [ 0.94441063]
 [ 0.93876782]
 [ 0.63685803]]
Interpolated B is -  [[ 0.55502316]
 [ 0.57295337]
 [ 0.95560863]
 [ 0.94476968]
 [ 0.64631178]]
Interpolated B is -  [[ 0.55791093]
 [ 0.57890594]
 [ 0.96564827]
 [ 0.94494628]
 [ 0.65134082]]
48 ms SUSY qq
Unrenormalised bag is -  [[ 1.55547701  1.55757778  1.55362159 ...,  1.5598041   1.55646184
   1.55742327]
 [ 1.22580799  1.22666295  1.22750156 ...,  1.22727901  1.22685875
   1.22644856]
 [-1.86547726 -1.86677924 -1.8678765  ..., -1.86694583 -1.86659135
  -1.86617962]
 [ 0.96107359  0.96078683  0.96008066 ...,  0.96052682  0.96087227
   0.96112814]
 [ 0.49515669  0.49498506  0.49461602 ...,  0.49480345  0.49504743
   0.49513115]]
Unrenormalised bare ratios is -  [[-23.320056   -23.26213436 -23.333959   ..., -23.25488322 -23.3141627
  -23.28736511]
 [ 35.49050983  35.40023346  35.50647587 ...,  35.37570546  35.4685722
   35.43416867]
 [-18.27854849 -18.21654545 -18.24633115 ..., -18.19446715 -18.25215609
  -18.24681984]
 [ -9.41735237  -9.38455152  -9.39975583 ...,  -9.37283193  -9.40358238
   -9.39991398]]
data/Zms_boot_mu_match_24cubed_qq_block.out
Z matrix is - 
[[ 0.947955  0.        0.        0.        0.      ]
 [ 0.        1.051161  0.287449  0.        0.      ]
 [ 0.        0.069378  1.019458  0.        0.      ]
 [ 0.        0.        0.        0.991513 -0.027976]
 [ 0.        0.        0.       -0.355589  1.239301]]
Renormalised B is- 
[ 0.55363769  0.59238289  1.05225966  0.95532645  0.5935404 ]
Renormalised R is- 
[  1.01619427 -15.81120385   1.93525769  31.54823784  11.80278754]
Interpolating physical pt data to true strange physical point
uninterpolated value is  [[[ 0.55363769]]]
interpolated physical value is [[ 0.55291555]]
Interpolating physical pt data to true strange physical point
uninterpolated value is  [[[ 1.01619427]]]
interpolated physical value is [[ 1.00898897]]
(5, 1, 1, 501) (5, 1, 1, 501) (501,) (1, 1, 2, 1, 501)
0
[[ 0.00883593]]
1
[[ 0.1772499]] [[-0.14076452]]
2
[[-0.06297812]] [[ 0.01723093]]
3
[[-0.34303037]] [[ 0.28104706]]
4
[[-0.07098246]] [[ 0.10511095]]
Interpolated B is -  [[ 0.55291555]
 [ 0.59191905]
 [ 1.05156469]
 [ 0.95461367]
 [ 0.59260784]]
64 ms SUSY qq
Unrenormalised bag is -  [[ 1.50328786  1.50021978  1.49073349 ...,  1.49891112  1.49406376
   1.49402816]
 [ 1.21768767  1.21438758  1.20813651 ...,  1.21401807  1.21248286
   1.21129582]
 [-1.86216181 -1.85639799 -1.84712784 ..., -1.85573146 -1.85395225
  -1.8518476 ]
 [ 0.88388738  0.88146122  0.87764092 ...,  0.88278268  0.87955024
   0.88028528]
 [ 0.44681842  0.44543438  0.44362705 ...,  0.44620933  0.44448511
   0.44490857]]
Unrenormalised bare ratios is -  [[-27.0266202  -26.96227548 -27.00766991 ..., -26.98906211 -27.00836066
  -27.01458487]
 [ 41.32925752  41.21400015  41.29248885 ...,  41.25236288  41.29502243
   41.299702  ]
 [-19.62073739 -19.56596908 -19.61910041 ..., -19.62761957 -19.59831638
  -19.6339144 ]
 [ -9.91863653  -9.88849381  -9.91683959 ...,  -9.92066689  -9.90416295
   -9.92335964]]
data/Zms_boot_mu_match_32cubed_qq_block.out
Z matrix is - 
[[ 0.969986  0.        0.        0.        0.      ]
 [ 0.        1.049078  0.282855  0.        0.      ]
 [ 0.        0.054959  0.928208  0.        0.      ]
 [ 0.        0.        0.        0.912145 -0.012556]
 [ 0.        0.        0.       -0.347973  1.281952]]
Renormalised B is- 
[ 0.5434449   0.54888268  0.91781827  0.94784931  0.6427168 ]
Renormalised R is- 
[  1.06323312 -15.84559803   1.08581143  33.64414469  14.28842412]
Interpolating physical pt data to true strange physical point
uninterpolated value is  [[[ 0.5434449]]]
interpolated physical value is [[ 0.53497031]]
Interpolating physical pt data to true strange physical point
uninterpolated value is  [[[ 1.06323312]]]
interpolated physical value is [[ 0.98328844]]
(5, 1, 1, 501) (5, 1, 1, 501) (501,) (1, 1, 2, 1, 501)
0
[[ 0.00854915]]
1
[[ 0.16245412]] [[-0.1387802]]
2
[[-0.05438076]] [[ 0.00960227]]
3
[[-0.33728549]] [[ 0.29550863]]
4
[[-0.07569489]] [[ 0.12474415]]
Interpolated B is -  [[ 0.53497031]
 [ 0.54250915]
 [ 0.9080121 ]
 [ 0.93862634]
 [ 0.63195027]]
do log value is -  0
---Doing Global Fitting---
Scheme -  ms   Basis -  SUSY   Kinematics -  qq   Fit type -  linear
Channel -  1
---Fitting Results---
chisq -  29.3946588757  +/-  10.9172540049
chisq/dof -  4.19923698224 +/- 1.55960771499
parameters: 
p0 -  1.0017520414  +/-  0.626812077784
p1 -  1.45321220294  +/-  0.603568052381
p2 -  0.0144152855831  +/-  0.569762783214
---continuum point is: yp =  1.01235941538  +/-  0.0149463955978
Saving  ./plots/linear/R1_SUSY_ms_qq .pdf
Channel -  2
---Fitting Results---
chisq -  1.44322508772  +/-  4.13023934443
chisq/dof -  0.206175012531 +/- 0.590034192061
parameters: 
p0 -  -16.0633013253  +/-  28.683167759
p1 -  51.3119872174  +/-  28.2008618489
p2 -  -0.192611287052  +/-  28.924303127
---continuum point is: yp =  -15.68876178  +/-  0.257292469586
Saving  ./plots/linear/R2_SUSY_ms_qq .pdf
Channel -  3
---Fitting Results---
chisq -  4.63355378719  +/-  5.95200362867
chisq/dof -  0.661936255313 +/- 0.850286232667
parameters: 
p0 -  0.117551140141  +/-  3.61381546789
p1 -  -3.48374536176  +/-  3.6742679456
p2 -  5.51022470287  +/-  3.91712420535
---continuum point is: yp =  0.0921223763267  +/-  0.0292991424693
Saving  ./plots/linear/R3_SUSY_ms_qq .pdf
Channel -  4
---Fitting Results---
chisq -  2.89104883471  +/-  5.10485031875
chisq/dof -  0.413006976386 +/- 0.72926433125
parameters: 
p0 -  36.3848971076  +/-  79.5783681716
p1 -  -151.334682201  +/-  78.7842165151
p2 -  -11.7008295822  +/-  80.888394787
---continuum point is: yp =  35.2802658872  +/-  0.536878192182
Saving  ./plots/linear/R4_SUSY_ms_qq .pdf
Channel -  5
---Fitting Results---
chisq -  6.3227699889  +/-  6.63429394881
chisq/dof -  0.903252855557 +/- 0.947756278401
parameters: 
p0 -  17.0651075866  +/-  31.0530954382
p1 -  -58.5709792922  +/-  30.7257827474
p2 -  -14.6789762541  +/-  31.0188809745
---continuum point is: yp =  16.6375827695  +/-  0.225808280744
Saving  ./plots/linear/R5_SUSY_ms_qq .pdf
do log value is -  0
---Doing Global Fitting---
Scheme -  ms   Basis -  SUSY   Kinematics -  qq   Fit type -  linear
Channel -  1
---Fitting Results---
chisq -  18.9838190371  +/-  9.60276493621
chisq/dof -  2.71197414815 +/- 1.37182356232
parameters: 
p0 -  0.528979051003  +/-  0.200313897734
p1 -  0.374261632138  +/-  0.196673723037
p2 -  0.0658484938323  +/-  0.197042279577
---continuum point is: yp =  0.531710884033  +/-  0.00349424291203
Saving  ./plots/linear/B1_SUSY_ms_qq .pdf
Channel -  2
---Fitting Results---
chisq -  6.83822477591  +/-  5.79275024041
chisq/dof -  0.976889253701 +/- 0.82753574863
parameters: 
p0 -  0.492440249266  +/-  0.207070235678
p1 -  0.866120540986  +/-  0.215548276087
p2 -  0.282725058363  +/-  0.228072862296
---continuum point is: yp =  0.498762288447  +/-  0.00297400208746
Saving  ./plots/linear/B2_SUSY_ms_qq .pdf
Channel -  3
---Fitting Results---
chisq -  5.01102396766  +/-  5.22321751598
chisq/dof -  0.715860566809 +/- 0.746173930854
parameters: 
p0 -  0.751656396433  +/-  0.209009628171
p1 -  1.43252983019  +/-  0.236556201651
p2 -  0.872443517223  +/-  0.247537147144
---continuum point is: yp =  0.762112804387  +/-  0.00540049764427
Saving  ./plots/linear/B3_SUSY_ms_qq .pdf
Channel -  4
---Fitting Results---
chisq -  12.7669029405  +/-  7.86472966379
chisq/dof -  1.82384327722 +/- 1.12353280911
parameters: 
p0 -  0.939428295388  +/-  0.526523322011
p1 -  -0.115354474307  +/-  0.485148227777
p2 -  0.0491843240943  +/-  0.44771448987
---continuum point is: yp =  0.938586293066  +/-  0.00514092135957
Saving  ./plots/linear/B4_SUSY_ms_qq .pdf
Channel -  5
---Fitting Results---
chisq -  33.4722286199  +/-  12.3194339659
chisq/dof -  4.7817469457 +/- 1.75991913799
parameters: 
p0 -  0.694442167331  +/-  0.422211900217
p1 -  0.181895402346  +/-  0.413708203127
p2 -  -0.305469240418  +/-  0.398878952057
---continuum point is: yp =  0.695769869199  +/-  0.00345360351892
Saving  ./plots/linear/B5_SUSY_ms_qq .pdf
do log value is -  1
---Doing Global Fitting---
Scheme -  ms   Basis -  SUSY   Kinematics -  qq   Fit type -  chiral
Channel -  1
---Fitting Results---
chisq -  18.4127100467  +/-  8.60145268907
chisq/dof -  2.63038714953 +/- 1.22877895558
parameters: 
p0 -  1.0327770007  +/-  2.57619102531
p1 -  5.87184231157  +/-  2.56550312824
p2 -  -0.012933380967  +/-  2.51989841472
---continuum point is: yp =  1.02000311653  +/-  0.014676307818
Saving  ./plots/chiral/R1_SUSY_ms_qq .pdf
Channel -  2
---Fitting Results---
chisq -  4.32275918034  +/-  5.49167689761
chisq/dof -  0.617537025763 +/- 0.784525271087
parameters: 
p0 -  -16.9015419727  +/-  28.937243422
p1 -  -68.4621243285  +/-  29.2113229634
p2 -  0.505424018753  +/-  28.0053504539
---continuum point is: yp =  -15.8838346417  +/-  0.250168574758
Saving  ./plots/chiral/R2_SUSY_ms_qq .pdf
Channel -  3
---Fitting Results---
chisq -  5.3557801338  +/-  6.2193680172
chisq/dof -  0.765111447686 +/- 0.888481145314
parameters: 
p0 -  0.122069135622  +/-  3.33334711502
p1 -  -2.60473290046  +/-  3.46031168763
p2 -  5.50952270289  +/-  3.57565767419
---continuum point is: yp =  0.0920970750474  +/-  0.0297134720262
Saving  ./plots/chiral/R3_SUSY_ms_qq .pdf
Channel -  4
---Fitting Results---
chisq -  1.62622878236  +/-  4.39473895787
chisq/dof -  0.23231839748 +/- 0.627819851124
parameters: 
p0 -  37.4853615538  +/-  20.2705846085
p1 -  8.13219147233  +/-  20.2163154048
p2 -  -12.5551836781  +/-  20.0161340886
---continuum point is: yp =  35.5254461032  +/-  0.525737417991
Saving  ./plots/chiral/R4_SUSY_ms_qq .pdf
Channel -  5
---Fitting Results---
chisq -  2.2840821966  +/-  4.62029436909
chisq/dof -  0.326297456657 +/- 0.660042052728
parameters: 
p0 -  17.582114962  +/-  14.8792308611
p1 -  16.3005213064  +/-  15.1711072391
p2 -  -15.0869749685  +/-  14.4708095558
---continuum point is: yp =  16.7539772532  +/-  0.22113012767
Saving  ./plots/chiral/R5_SUSY_ms_qq .pdf
do log value is -  1
---Doing Global Fitting---
Scheme -  ms   Basis -  SUSY   Kinematics -  qq   Fit type -  chiral
Channel -  1
---Fitting Results---
chisq -  23.0240177578  +/-  10.4639627179
chisq/dof -  3.28914539397 +/- 1.49485181685
parameters: 
p0 -  0.524016401905  +/-  0.413151795049
p1 -  -0.365545922314  +/-  0.391041381025
p2 -  0.0697316193701  +/-  0.34992089004
---continuum point is: yp =  0.530757486085  +/-  0.00348580414063
Saving  ./plots/chiral/B1_SUSY_ms_qq .pdf
Channel -  2
---Fitting Results---
chisq -  6.9528739608  +/-  5.87674978574
chisq/dof -  0.993267708686 +/- 0.839535683677
parameters: 
p0 -  0.497584289128  +/-  0.528864864428
p1 -  1.56697089485  +/-  0.537493651987
p2 -  0.277776941748  +/-  0.551009371152
---continuum point is: yp =  0.500087336482  +/-  0.0029756633522
Saving  ./plots/chiral/B2_SUSY_ms_qq .pdf
Channel -  3
---Fitting Results---
chisq -  5.60466975128  +/-  5.49781241611
chisq/dof -  0.800667107326 +/- 0.785401773729
parameters: 
p0 -  0.759025645397  +/-  0.721151501344
p1 -  2.50597518172  +/-  0.744597492434
p2 -  0.866242464815  +/-  0.752295132031
---continuum point is: yp =  0.763688258197  +/-  0.00540057931866
Saving  ./plots/chiral/B3_SUSY_ms_qq .pdf
Channel -  4
---Fitting Results---
chisq -  18.6616364541  +/-  9.37447472626
chisq/dof -  2.66594806488 +/- 1.33921067518
parameters: 
p0 -  0.929511615507  +/-  1.05485266165
p1 -  -1.41571629489  +/-  0.999160567109
p2 -  0.0591882677215  +/-  0.953387754287
---continuum point is: yp =  0.935868351743  +/-  0.00513865952976
Saving  ./plots/chiral/B4_SUSY_ms_qq .pdf
Channel -  5
---Fitting Results---
chisq -  46.2444793993  +/-  14.3614904276
chisq/dof -  6.6063541999 +/- 2.05164148966
parameters: 
p0 -  0.687237019097  +/-  0.665353624801
p1 -  -0.781978913188  +/-  0.631232914166
p2 -  -0.298403641647  +/-  0.586703450576
---continuum point is: yp =  0.693869258763  +/-  0.00346377274539
Saving  ./plots/chiral/B5_SUSY_ms_qq .pdf
