----------------------setting up as----------------------------
----------------------setting up as----------------------------
----------------------setting up as----------------------------
----------------------setting up as----------------------------
Unrenormalised bag is -  [ 1.531126  0.496292  0.994842 -1.850662  1.293366]
Unrenormalised bare ratios is -  [[-17.220644 -17.180836 -17.23766  ..., -17.379827 -17.277187 -17.271899]
 [ -7.098955  -7.080709  -7.093419 ...,  -7.16912   -7.112082  -7.12046 ]
 [-15.815847 -15.891107 -15.886083 ..., -15.911262 -15.830163 -15.874819]
 [ 21.796504  21.81045   21.798291 ...,  21.761419  21.759494  21.798031]]
ZA -  0.71273    ZP -  0.6945
Renormalised B is- 
[ 0.52618466 -1.10264723 -5.62017246 -0.46668955  0.62929307]
Renormalised R is- 
[  0.99437596 -12.28720687   2.55592963  18.00874039  11.67143176]
(5, 3, 3, 501)
-----Interpolating non-physical mass data-----
data shape  (5, 3, 3, 501)
yerr shape - (3,)
yerr   [ 0.00927959  0.00669156  0.01027727]
[0.5330626395825, 0.40935309507225004, -0.62061654747374995]
0 0
1 0
2 0
0 1
1 1
2 1
