----------------------setting up as----------------------------
----------------------setting up as----------------------------
----------------------setting up as----------------------------
----------------------setting up as----------------------------
Reading 2pts...
Done

Reading 3pts...
Done

data/Zms_boot_mu_match_24cubed_qq_new.out
Z matrix is - 
[[ 0.94796   0.        0.        0.        0.      ]
 [ 0.        0.9635   -0.0399    0.        0.      ]
 [ 0.       -0.05595   1.26728   0.        0.      ]
 [ 0.        0.        0.        1.0195   -0.14372 ]
 [ 0.        0.        0.       -0.13876   1.051161]]
Renormalised B is- 
[ 0.54429233  0.95607057  1.2284765   0.56391308  0.40336236]
Renormalised B is- 
[ 0.54429233  0.95607057  1.2284765   0.56391308  0.40336236]
Renormalised B is- 
[ 0.54429233  0.95607057  1.2284765   0.56391308  0.40336236]
Renormalised B is- 
[ 0.54429233  0.95607057  1.2284765   0.56391308  0.40336236]
Renormalised B is- 
[ 0.54429233  0.95607057  1.2284765   0.56391308  0.40336236]
Renormalised B is- 
[ 0.54429233  0.95607057  1.2284765   0.56391308  0.40336236]
Renormalised B is- 
[ 0.54429233  0.95607057  1.2284765   0.56391308  0.40336236]
Renormalised B is- 
[ 0.54429233  0.95607057  1.2284765   0.56391308  0.40336236]
Renormalised B is- 
[ 0.54429233  0.95607057  1.2284765   0.56391308  0.40336236]
-----Interpolating non-physical mass data-----
Interpolate dR/dms to the near physical point data
-----Interpolating non-physical mass data-----
Interpolate dR/dms to the near physical point data
(5, 3, 1, 501) (5, 3, 1, 501) (501,) (1, 3, 4, 1, 501)
0
[[ 0.00875826]
 [ 0.00876707]
 [ 0.00950313]]
1
[[ 0.23059297]
 [ 0.2355643 ]
 [ 0.24790586]] [[-0.20227934]
 [-0.18855901]
 [-0.18742826]]
2
[[-0.44333635]
 [-0.44948773]
 [-0.46881105]] [[ 0.38935255]
 [ 0.36101378]
 [ 0.35526079]]
3
[[ 0.16968294]
 [ 0.17835271]
 [ 0.18684117]] [[-0.15112217]
 [-0.14329281]
 [-0.14293523]]
4
[[ 0.07291693]
 [ 0.07642999]
 [ 0.07991762]] [[-0.06433527]
 [-0.06123304]
 [-0.06149978]]
Reading 2pts...
Done

Reading 3pts...
Done

data/Zms_boot_mu_match_32cubed_qq_new.out
Z matrix is - 
[[  9.69990000e-01   0.00000000e+00   0.00000000e+00   0.00000000e+00
    0.00000000e+00]
 [  0.00000000e+00   8.99600000e-01   1.71900000e-02   0.00000000e+00
    0.00000000e+00]
 [  0.00000000e+00  -2.51100000e-02   1.29450000e+00   0.00000000e+00
    0.00000000e+00]
 [  0.00000000e+00   0.00000000e+00   0.00000000e+00   9.28200000e-01
   -1.41430000e+04]
 [  0.00000000e+00   0.00000000e+00   0.00000000e+00  -1.09920000e-01
    1.04908000e+00]]
Renormalised B is- 
[  5.43689337e-01   9.03938490e-01   1.38154656e+00  -4.46591126e+03
   4.37735796e-01]
Renormalised B is- 
[  5.43689337e-01   9.03938490e-01   1.38154656e+00  -4.46591126e+03
   4.37735796e-01]
Renormalised B is- 
[  5.43689337e-01   9.03938490e-01   1.38154656e+00  -4.46591126e+03
   4.37735796e-01]
Renormalised B is- 
[  5.43689337e-01   9.03938490e-01   1.38154656e+00  -4.46591126e+03
   4.37735796e-01]
Renormalised B is- 
[  5.43689337e-01   9.03938490e-01   1.38154656e+00  -4.46591126e+03
   4.37735796e-01]
Renormalised B is- 
[  5.43689337e-01   9.03938490e-01   1.38154656e+00  -4.46591126e+03
   4.37735796e-01]
-----Interpolating non-physical mass data-----
Interpolate dR/dms to the near physical point data
-----Interpolating non-physical mass data-----
Interpolate dR/dms to the near physical point data
(5, 3, 1, 501) (5, 3, 1, 501) (501,) (1, 3, 3, 1, 501)
0
[[ 0.00866662]
 [ 0.00886965]
 [ 0.00891579]]
1
[[ 0.21603082]
 [ 0.21853427]
 [ 0.21959859]] [[-0.1964571 ]
 [-0.20080298]
 [-0.19433181]]
2
[[-0.4956281 ]
 [-0.49892391]
 [-0.49913307]] [[ 0.44963353]
 [ 0.45882344]
 [ 0.4416202 ]]
3
[[-1334.56019991]
 [-1357.02841587]
 [-1370.978989  ]] [[ 1217.1983348 ]
 [ 1238.59671171]
 [ 1213.59984155]]
4
[[ 0.07848175]
 [ 0.07985214]
 [ 0.08067078]] [[-0.07156593]
 [-0.07287552]
 [-0.07143266]]
 Reading Physical point Bag data...
Unrenormalised bag is -  [[ 1.55547701  1.55757778  1.55362159 ...,  1.5598041   1.55646184
   1.55742327]
 [ 1.22580799  1.22666295  1.22750156 ...,  1.22727901  1.22685875
   1.22644856]
 [-1.86547726 -1.86677924 -1.8678765  ..., -1.86694583 -1.86659135
  -1.86617962]
 [ 0.96107359  0.96078683  0.96008066 ...,  0.96052682  0.96087227
   0.96112814]
 [ 0.49515669  0.49498506  0.49461602 ...,  0.49480345  0.49504743
   0.49513115]]
Done

 Reading Physical point Mass data...
Done

Done

data/Zms_boot_mu_match_24cubed_qq_new.out
Z matrix is - 
[[ 0.94796   0.        0.        0.        0.      ]
 [ 0.        0.9635   -0.0399    0.        0.      ]
 [ 0.       -0.05595   1.26728   0.        0.      ]
 [ 0.        0.        0.        1.0195   -0.14372 ]
 [ 0.        0.        0.       -0.13876   1.051161]]
Renormalised B is- 
[ 0.55364061  0.99044672  1.27922892  0.5732011   0.40695807]
Interpolating physical pt data to true strange physical point
Interpolating physical pt data to true strange physical point
(5, 1, 1, 501) (5, 1, 1, 501) (501,) (1, 1, 2, 1, 501)
0
[[ 0.00883598]]
1
[[ 0.23698426]] [[-0.22770918]]
2
[[-0.45931836]] [[ 0.44124799]]
3
[[ 0.17151185]] [[-0.16464443]]
4
[[ 0.073048]] [[-0.07013305]]
 Reading Physical point Bag data...
Unrenormalised bag is -  [[ 1.50983843  1.4994198   1.49292605 ...,  1.50126416  1.48978841
   1.49653838]
 [ 1.22125555  1.215269    1.20608145 ...,  1.21334216  1.21217694
   1.21093375]
 [-1.86729716 -1.8575678  -1.84388862 ..., -1.85457716 -1.85304505
  -1.851134  ]
 [ 0.88713639  0.882251    0.87701784 ...,  0.88278688  0.87860248
   0.88037091]
 [ 0.44833232  0.44579453  0.44318866 ...,  0.44609351  0.44404573
   0.44488451]]
Done

 Reading Physical point Mass data...
Done

Done

data/Zms_boot_mu_match_32cubed_qq_new.out
Z matrix is - 
[[  9.69990000e-01   0.00000000e+00   0.00000000e+00   0.00000000e+00
    0.00000000e+00]
 [  0.00000000e+00   8.99600000e-01   1.71900000e-02   0.00000000e+00
    0.00000000e+00]
 [  0.00000000e+00  -2.51100000e-02   1.29450000e+00   0.00000000e+00
    0.00000000e+00]
 [  0.00000000e+00   0.00000000e+00   0.00000000e+00   9.28200000e-01
   -1.41430000e+04]
 [  0.00000000e+00   0.00000000e+00   0.00000000e+00  -1.09920000e-01
    1.04908000e+00]]
Renormalised B is- 
[  5.44360223e-01   9.09974055e-01   1.39206335e+00  -4.33068566e+03
   4.24438660e-01]
Interpolating physical pt data to true strange physical point
Interpolating physical pt data to true strange physical point
(5, 1, 1, 501) (5, 1, 1, 501) (501,) (1, 1, 2, 1, 501)
0
[[ 0.00856378]]
1
[[ 0.21492955]] [[-0.21768221]]
2
[[-0.4952464]] [[ 0.50263751]]
3
[[-1280.65967268]] [[ 1323.57459541]]
4
[[ 0.07529167]] [[-0.07784378]]
do log value is -  0
---Doing Global Fitting---
Scheme -  ms   Basis -  Lattice   Kinematics -  qq   Fit type -  linear
Channel -  1
---Fitting Results---
chisq -  17.2187095862  +/-  8.33703127299
chisq/dof -  2.45981565517 +/- 1.19100446757
parameters: 
p0 -  0.965658805276  +/-  0.780623270161
p1 -  1.90876452814  +/-  0.749460046044
p2 -  0.0889938264139  +/-  0.710913623106
---continuum point is: yp =  0.979591374199  +/-  0.0145117316285
Saving  ./plots/linear/R1_Lattice_ms_qq .pdf
Channel -  2
---Fitting Results---
chisq -  1.86935030394  +/-  4.59684434628
chisq/dof -  0.26705004342 +/- 0.656692049468
parameters: 
p0 -  -26.2722018981  +/-  58.2086223439
p1 -  109.19052237  +/-  57.8823310436
p2 -  -0.0199248520931  +/-  60.1708396741
---continuum point is: yp =  -25.4751918655  +/-  0.408979086244
Saving  ./plots/linear/R2_Lattice_ms_qq .pdf
Channel -  3
---Fitting Results---
chisq -  5.33432301209  +/-  6.32019030142
chisq/dof -  0.762046144584 +/- 0.902884328774
parameters: 
p0 -  70.6072891032  +/-  136.620302264
p1 -  -261.149752514  +/-  135.557015107
p2 -  -57.9473756667  +/-  137.195538567
---continuum point is: yp =  68.7010891123  +/-  0.938886733886
Saving  ./plots/linear/R3_Lattice_ms_qq .pdf
Channel -  4
---Fitting Results---
chisq -  35257.324973  +/-  376.109071662
chisq/dof -  5036.76071042 +/- 53.7298673803
parameters: 
p0 -  -1.78158827673  +/-  33.1633627636
p1 -  30.5582693588  +/-  39.277690592
p2 -  -50.7187244427  +/-  34.3173429516
---continuum point is: yp =  -1.55853551787  +/-  9.25602755532
Saving  ./plots/linear/R4_Lattice_ms_qq .pdf
Channel -  5
---Fitting Results---
chisq -  5.06328798091  +/-  5.88383504611
chisq/dof -  0.723326854415 +/- 0.84054786373
parameters: 
p0 -  -10.5493749035  +/-  16.7346348821
p1 -  30.1607359627  +/-  16.4940260704
p2 -  7.38266259593  +/-  16.3918374833
---continuum point is: yp =  -10.3292238443  +/-  0.144402231798
Saving  ./plots/linear/R5_Lattice_ms_qq .pdf
do log value is -  0
---Doing Global Fitting---
Scheme -  ms   Basis -  Lattice   Kinematics -  qq   Fit type -  linear
Channel -  1
---Fitting Results---
chisq -  20.6249093917  +/-  10.1098584885
chisq/dof -  2.94641562739 +/- 1.44426549835
parameters: 
p0 -  0.516404340169  +/-  0.193918837906
p1 -  0.550338718636  +/-  0.205849620198
p2 -  0.0977570487983  +/-  0.22164584133
---continuum point is: yp =  0.520421405667  +/-  0.00464216261116
Saving  ./plots/linear/B1_Lattice_ms_qq .pdf
Channel -  2
---Fitting Results---
chisq -  9.28544397796  +/-  6.90132213061
chisq/dof -  1.32649199685 +/- 0.985903161515
parameters: 
p0 -  0.784946599847  +/-  0.182096512017
p1 -  0.59299110107  +/-  0.122755029735
p2 -  0.599695777906  +/-  0.0748432557545
---continuum point is: yp =  0.789274996181  +/-  0.00578797792683
Saving  ./plots/linear/B2_Lattice_ms_qq .pdf
Channel -  3
---Fitting Results---
chisq -  23.6637991728  +/-  10.452360012
chisq/dof -  3.38054273897 +/- 1.49319428744
parameters: 
p0 -  1.5047127003  +/-  0.978763159387
p1 -  0.0322171835165  +/-  0.927022575
p2 -  -0.679199468547  +/-  0.880100278235
---continuum point is: yp =  1.5049478619  +/-  0.00890165741954
Saving  ./plots/linear/B3_Lattice_ms_qq .pdf
Channel -  4
---Fitting Results---
chisq -  733374.083604  +/-  1671.55039173
chisq/dof -  104767.726229 +/- 238.792913104
parameters: 
p0 -  -16.4452191183  +/-  28.9153166765
p1 -  30.4098853418  +/-  27.3609188884
p2 -  50.3426439003  +/-  37.6240898764
---continuum point is: yp =  -16.223249453  +/-  4.5721117628
Saving  ./plots/linear/B4_Lattice_ms_qq .pdf
Channel -  5
---Fitting Results---
chisq -  23.0285867237  +/-  9.69254949076
chisq/dof -  3.28979810338 +/- 1.38464992725
parameters: 
p0 -  0.432939816737  +/-  0.336703425397
p1 -  0.769938212926  +/-  0.340104652448
p2 -  -0.0934544444716  +/-  0.360166406688
---continuum point is: yp =  0.43855979608  +/-  0.00275519696532
Saving  ./plots/linear/B5_Lattice_ms_qq .pdf
do log value is -  1
---Doing Global Fitting---
Scheme -  ms   Basis -  Lattice   Kinematics -  qq   Fit type -  chiral
Channel -  1
---Fitting Results---
chisq -  8.77729594712  +/-  5.99393557275
chisq/dof -  1.25389942102 +/- 0.856276510392
parameters: 
p0 -  0.99533048629  +/-  2.7001447279
p1 -  6.16901799559  +/-  2.68845429046
p2 -  0.0632781875146  +/-  2.64207169879
---continuum point is: yp =  0.98674294655  +/-  0.0142671471597
Saving  ./plots/chiral/R1_Lattice_ms_qq .pdf
Channel -  2
---Fitting Results---
chisq -  0.662429172896  +/-  3.78984133794
chisq/dof -  0.0946327389852 +/- 0.54140590542
parameters: 
p0 -  -27.0678487753  +/-  11.5171558184
p1 -  -5.94323747472  +/-  11.4598237449
p2 -  0.599845094562  +/-  12.040585108
---continuum point is: yp =  -25.6531297644  +/-  0.401146497567
Saving  ./plots/chiral/R2_Lattice_ms_qq .pdf
Channel -  3
---Fitting Results---
chisq -  1.72422524452  +/-  4.41292355332
chisq/dof -  0.246317892074 +/- 0.630417650474
parameters: 
p0 -  72.7362249484  +/-  56.5848716832
p1 -  48.5797718673  +/-  57.5887529639
p2 -  -59.6033073963  +/-  55.0937535111
---continuum point is: yp =  69.1726411993  +/-  0.919168075383
Saving  ./plots/chiral/R3_Lattice_ms_qq .pdf
Channel -  4
---Fitting Results---
chisq -  35239.1705263  +/-  3417.35455393
chisq/dof -  5034.16721804 +/- 488.193507704
parameters: 
p0 -  228.043540701  +/-  665.898492306
p1 -  1268.61940392  +/-  827.191033399
p2 -  -707.555597249  +/-  11146.0614909
---continuum point is: yp =  216.829643157  +/-  31772.8121792
Saving  ./plots/chiral/R4_Lattice_ms_qq .pdf
Channel -  5
---Fitting Results---
chisq -  3.87352129513  +/-  5.22281118495
chisq/dof -  0.553360185019 +/- 0.746115883564
parameters: 
p0 -  -11.099124403  +/-  23.0964062105
p1 -  -48.5651800876  +/-  23.4704471277
p2 -  7.8419017627  +/-  22.9210904781
---continuum point is: yp =  -10.4571284961  +/-  0.13989663142
Saving  ./plots/chiral/R5_Lattice_ms_qq .pdf
do log value is -  1
---Doing Global Fitting---
Scheme -  ms   Basis -  Lattice   Kinematics -  qq   Fit type -  chiral
Channel -  1
---Fitting Results---
chisq -  23.0966250564  +/-  10.6112270225
chisq/dof -  3.2995178652 +/- 1.51588957464
parameters: 
p0 -  0.510872226943  +/-  0.335822215167
p1 -  -0.161795734011  +/-  0.280544926503
p2 -  0.103429247205  +/-  0.253837841696
---continuum point is: yp =  0.518864518438  +/-  0.00461879868092
Saving  ./plots/chiral/B1_Lattice_ms_qq .pdf
Channel -  2
---Fitting Results---
chisq -  13.2648747057  +/-  8.05611126926
chisq/dof -  1.89498210082 +/- 1.15087303847
parameters: 
p0 -  0.775636483106  +/-  0.675841862043
p1 -  -0.479352071988  +/-  0.606712474796
p2 -  0.610896381631  +/-  0.545455730488
---continuum point is: yp =  0.7860649858  +/-  0.00578322634756
Saving  ./plots/chiral/B2_Lattice_ms_qq .pdf
Channel -  3
---Fitting Results---
chisq -  28.61169532  +/-  11.5206967392
chisq/dof -  4.08738504572 +/- 1.64581381988
parameters: 
p0 -  1.48728467967  +/-  1.59732244589
p1 -  -2.02801693751  +/-  1.48187964215
p2 -  -0.658924309344  +/-  1.38974009869
---continuum point is: yp =  1.4991875117  +/-  0.00886061706867
Saving  ./plots/chiral/B3_Lattice_ms_qq .pdf
Channel -  4
---Fitting Results---
chisq -  732904.889364  +/-  1723.86327513
chisq/dof -  104700.698481 +/- 246.266182162
parameters: 
p0 -  -23.4273814079  +/-  39.8981777493
p1 -  8.96815398758  +/-  37.8371727742
p2 -  70.5229322521  +/-  56.4097855278
---continuum point is: yp =  -22.9412557548  +/-  7.92080810115
Saving  ./plots/chiral/B4_Lattice_ms_qq .pdf
Channel -  5
---Fitting Results---
chisq -  24.4649898252  +/-  10.1956381326
chisq/dof -  3.49499854646 +/- 1.45651973322
parameters: 
p0 -  0.438062919632  +/-  0.589730553133
p1 -  1.379931251  +/-  0.593678468505
p2 -  -0.0994527921913  +/-  0.618818846262
---continuum point is: yp =  0.440269488539  +/-  0.00277713613624
Saving  ./plots/chiral/B5_Lattice_ms_qq .pdf
