----------------------setting up as----------------------------
----------------------setting up as----------------------------
----------------------setting up as----------------------------
----------------------setting up as----------------------------
Unrenormalised bag is -  [ 1.531126  0.496292  0.994842 -1.850662  1.293366]
Unrenormalised bare ratios is -  [[-17.220644 -17.180836 -17.23766  ..., -17.379827 -17.277187 -17.271899]
 [ -7.098955  -7.080709  -7.093419 ...,  -7.16912   -7.112082  -7.12046 ]
 [-15.815847 -15.891107 -15.886083 ..., -15.911262 -15.830163 -15.874819]
 [ 21.796504  21.81045   21.798291 ...,  21.761419  21.759494  21.798031]]
ZA -  0.71273    ZP -  0.6945
(501, 3, 3, 5)
(5, 3, 3, 501)
Renormalised B is- 
[ 0.52618466 -1.10264723 -5.62017246 -0.46668955  0.62929307]
(0, 0, 0) (5,) (5,)
(0, 0, 1) (5,) (5,)
(0, 0, 2) (5,) (5,)
(0, 1, 0) (5,) (5,)
(0, 1, 1) (5,) (5,)
(0, 1, 2) (5,) (5,)
(0, 2, 0) (5,) (5,)
(0, 2, 1) (5,) (5,)
(0, 2, 2) (5,) (5,)
(1, 0, 0) (5,) (5,)
(1, 0, 1) (5,) (5,)
(1, 0, 2) (5,) (5,)
(1, 1, 0) (5,) (5,)
(1, 1, 1) (5,) (5,)
(1, 1, 2) (5,) (5,)
(1, 2, 0) (5,) (5,)
(1, 2, 1) (5,) (5,)
(1, 2, 2) (5,) (5,)
(2, 0, 0) (5,) (5,)
(2, 0, 1) (5,) (5,)
(2, 0, 2) (5,) (5,)
(2, 1, 0) (5,) (5,)
(2, 1, 1) (5,) (5,)
(2, 1, 2) (5,) (5,)
(2, 2, 0) (5,) (5,)
(2, 2, 1) (5,) (5,)
(2, 2, 2) (5,) (5,)
(3, 0, 0) (5,) (5,)
(3, 0, 1) (5,) (5,)
(3, 0, 2) (5,) (5,)
(3, 1, 0) (5,) (5,)
(3, 1, 1) (5,) (5,)
(3, 1, 2) (5,) (5,)
(3, 2, 0) (5,) (5,)
(3, 2, 1) (5,) (5,)
(3, 2, 2) (5,) (5,)
(4, 0, 0) (5,) (5,)
(4, 0, 1) (5,) (5,)
(4, 0, 2) (5,) (5,)
(4, 1, 0) (5,) (5,)
(4, 1, 1) (5,) (5,)
(4, 1, 2) (5,) (5,)
(4, 2, 0) (5,) (5,)
(4, 2, 1) (5,) (5,)
(4, 2, 2) (5,) (5,)
(5, 0, 0) (5,) (5,)
(5, 0, 1) (5,) (5,)
(5, 0, 2) (5,) (5,)
(5, 1, 0) (5,) (5,)
(5, 1, 1) (5,) (5,)
(5, 1, 2) (5,) (5,)
(5, 2, 0) (5,) (5,)
(5, 2, 1) (5,) (5,)
(5, 2, 2) (5,) (5,)
(6, 0, 0) (5,) (5,)
(6, 0, 1) (5,) (5,)
(6, 0, 2) (5,) (5,)
(6, 1, 0) (5,) (5,)
(6, 1, 1) (5,) (5,)
(6, 1, 2) (5,) (5,)
(6, 2, 0) (5,) (5,)
(6, 2, 1) (5,) (5,)
(6, 2, 2) (5,) (5,)
(7, 0, 0) (5,) (5,)
(7, 0, 1) (5,) (5,)
(7, 0, 2) (5,) (5,)
(7, 1, 0) (5,) (5,)
(7, 1, 1) (5,) (5,)
(7, 1, 2) (5,) (5,)
(7, 2, 0) (5,) (5,)
(7, 2, 1) (5,) (5,)
(7, 2, 2) (5,) (5,)
(8, 0, 0) (5,) (5,)
(8, 0, 1) (5,) (5,)
(8, 0, 2) (5,) (5,)
(8, 1, 0) (5,) (5,)
(8, 1, 1) (5,) (5,)
(8, 1, 2) (5,) (5,)
(8, 2, 0) (5,) (5,)
(8, 2, 1) (5,) (5,)
(8, 2, 2) (5,) (5,)
(9, 0, 0) (5,) (5,)
(9, 0, 1) (5,) (5,)
(9, 0, 2) (5,) (5,)
(9, 1, 0) (5,) (5,)
(9, 1, 1) (5,) (5,)
(9, 1, 2) (5,) (5,)
(9, 2, 0) (5,) (5,)
(9, 2, 1) (5,) (5,)
(9, 2, 2) (5,) (5,)
(10, 0, 0) (5,) (5,)
(10, 0, 1) (5,) (5,)
(10, 0, 2) (5,) (5,)
(10, 1, 0) (5,) (5,)
(10, 1, 1) (5,) (5,)
(10, 1, 2) (5,) (5,)
(10, 2, 0) (5,) (5,)
(10, 2, 1) (5,) (5,)
(10, 2, 2) (5,) (5,)
(11, 0, 0) (5,) (5,)
(11, 0, 1) (5,) (5,)
(11, 0, 2) (5,) (5,)
(11, 1, 0) (5,) (5,)
(11, 1, 1) (5,) (5,)
(11, 1, 2) (5,) (5,)
(11, 2, 0) (5,) (5,)
(11, 2, 1) (5,) (5,)
(11, 2, 2) (5,) (5,)
(12, 0, 0) (5,) (5,)
(12, 0, 1) (5,) (5,)
(12, 0, 2) (5,) (5,)
(12, 1, 0) (5,) (5,)
(12, 1, 1) (5,) (5,)
(12, 1, 2) (5,) (5,)
(12, 2, 0) (5,) (5,)
(12, 2, 1) (5,) (5,)
(12, 2, 2) (5,) (5,)
(13, 0, 0) (5,) (5,)
(13, 0, 1) (5,) (5,)
(13, 0, 2) (5,) (5,)
(13, 1, 0) (5,) (5,)
(13, 1, 1) (5,) (5,)
(13, 1, 2) (5,) (5,)
(13, 2, 0) (5,) (5,)
(13, 2, 1) (5,) (5,)
(13, 2, 2) (5,) (5,)
(14, 0, 0) (5,) (5,)
(14, 0, 1) (5,) (5,)
(14, 0, 2) (5,) (5,)
(14, 1, 0) (5,) (5,)
(14, 1, 1) (5,) (5,)
(14, 1, 2) (5,) (5,)
(14, 2, 0) (5,) (5,)
(14, 2, 1) (5,) (5,)
(14, 2, 2) (5,) (5,)
(15, 0, 0) (5,) (5,)
(15, 0, 1) (5,) (5,)
(15, 0, 2) (5,) (5,)
(15, 1, 0) (5,) (5,)
(15, 1, 1) (5,) (5,)
(15, 1, 2) (5,) (5,)
(15, 2, 0) (5,) (5,)
(15, 2, 1) (5,) (5,)
(15, 2, 2) (5,) (5,)
(16, 0, 0) (5,) (5,)
(16, 0, 1) (5,) (5,)
(16, 0, 2) (5,) (5,)
(16, 1, 0) (5,) (5,)
(16, 1, 1) (5,) (5,)
(16, 1, 2) (5,) (5,)
(16, 2, 0) (5,) (5,)
(16, 2, 1) (5,) (5,)
(16, 2, 2) (5,) (5,)
(17, 0, 0) (5,) (5,)
(17, 0, 1) (5,) (5,)
(17, 0, 2) (5,) (5,)
(17, 1, 0) (5,) (5,)
(17, 1, 1) (5,) (5,)
(17, 1, 2) (5,) (5,)
(17, 2, 0) (5,) (5,)
(17, 2, 1) (5,) (5,)
(17, 2, 2) (5,) (5,)
(18, 0, 0) (5,) (5,)
(18, 0, 1) (5,) (5,)
(18, 0, 2) (5,) (5,)
(18, 1, 0) (5,) (5,)
(18, 1, 1) (5,) (5,)
(18, 1, 2) (5,) (5,)
(18, 2, 0) (5,) (5,)
(18, 2, 1) (5,) (5,)
(18, 2, 2) (5,) (5,)
(19, 0, 0) (5,) (5,)
(19, 0, 1) (5,) (5,)
(19, 0, 2) (5,) (5,)
(19, 1, 0) (5,) (5,)
(19, 1, 1) (5,) (5,)
(19, 1, 2) (5,) (5,)
(19, 2, 0) (5,) (5,)
(19, 2, 1) (5,) (5,)
(19, 2, 2) (5,) (5,)
(20, 0, 0) (5,) (5,)
(20, 0, 1) (5,) (5,)
(20, 0, 2) (5,) (5,)
(20, 1, 0) (5,) (5,)
(20, 1, 1) (5,) (5,)
(20, 1, 2) (5,) (5,)
(20, 2, 0) (5,) (5,)
(20, 2, 1) (5,) (5,)
(20, 2, 2) (5,) (5,)
(21, 0, 0) (5,) (5,)
(21, 0, 1) (5,) (5,)
(21, 0, 2) (5,) (5,)
(21, 1, 0) (5,) (5,)
(21, 1, 1) (5,) (5,)
(21, 1, 2) (5,) (5,)
(21, 2, 0) (5,) (5,)
(21, 2, 1) (5,) (5,)
(21, 2, 2) (5,) (5,)
(22, 0, 0) (5,) (5,)
(22, 0, 1) (5,) (5,)
(22, 0, 2) (5,) (5,)
(22, 1, 0) (5,) (5,)
(22, 1, 1) (5,) (5,)
(22, 1, 2) (5,) (5,)
(22, 2, 0) (5,) (5,)
(22, 2, 1) (5,) (5,)
(22, 2, 2) (5,) (5,)
(23, 0, 0) (5,) (5,)
(23, 0, 1) (5,) (5,)
(23, 0, 2) (5,) (5,)
(23, 1, 0) (5,) (5,)
(23, 1, 1) (5,) (5,)
(23, 1, 2) (5,) (5,)
(23, 2, 0) (5,) (5,)
(23, 2, 1) (5,) (5,)
(23, 2, 2) (5,) (5,)
(24, 0, 0) (5,) (5,)
(24, 0, 1) (5,) (5,)
(24, 0, 2) (5,) (5,)
(24, 1, 0) (5,) (5,)
(24, 1, 1) (5,) (5,)
(24, 1, 2) (5,) (5,)
(24, 2, 0) (5,) (5,)
(24, 2, 1) (5,) (5,)
(24, 2, 2) (5,) (5,)
(25, 0, 0) (5,) (5,)
(25, 0, 1) (5,) (5,)
(25, 0, 2) (5,) (5,)
(25, 1, 0) (5,) (5,)
(25, 1, 1) (5,) (5,)
(25, 1, 2) (5,) (5,)
(25, 2, 0) (5,) (5,)
(25, 2, 1) (5,) (5,)
(25, 2, 2) (5,) (5,)
(26, 0, 0) (5,) (5,)
(26, 0, 1) (5,) (5,)
(26, 0, 2) (5,) (5,)
(26, 1, 0) (5,) (5,)
(26, 1, 1) (5,) (5,)
(26, 1, 2) (5,) (5,)
(26, 2, 0) (5,) (5,)
(26, 2, 1) (5,) (5,)
(26, 2, 2) (5,) (5,)
(27, 0, 0) (5,) (5,)
(27, 0, 1) (5,) (5,)
(27, 0, 2) (5,) (5,)
(27, 1, 0) (5,) (5,)
(27, 1, 1) (5,) (5,)
(27, 1, 2) (5,) (5,)
(27, 2, 0) (5,) (5,)
(27, 2, 1) (5,) (5,)
(27, 2, 2) (5,) (5,)
(28, 0, 0) (5,) (5,)
(28, 0, 1) (5,) (5,)
(28, 0, 2) (5,) (5,)
(28, 1, 0) (5,) (5,)
(28, 1, 1) (5,) (5,)
(28, 1, 2) (5,) (5,)
(28, 2, 0) (5,) (5,)
(28, 2, 1) (5,) (5,)
(28, 2, 2) (5,) (5,)
(29, 0, 0) (5,) (5,)
(29, 0, 1) (5,) (5,)
(29, 0, 2) (5,) (5,)
(29, 1, 0) (5,) (5,)
(29, 1, 1) (5,) (5,)
(29, 1, 2) (5,) (5,)
(29, 2, 0) (5,) (5,)
(29, 2, 1) (5,) (5,)
(29, 2, 2) (5,) (5,)
(30, 0, 0) (5,) (5,)
(30, 0, 1) (5,) (5,)
(30, 0, 2) (5,) (5,)
(30, 1, 0) (5,) (5,)
(30, 1, 1) (5,) (5,)
(30, 1, 2) (5,) (5,)
(30, 2, 0) (5,) (5,)
(30, 2, 1) (5,) (5,)
(30, 2, 2) (5,) (5,)
(31, 0, 0) (5,) (5,)
(31, 0, 1) (5,) (5,)
(31, 0, 2) (5,) (5,)
(31, 1, 0) (5,) (5,)
(31, 1, 1) (5,) (5,)
(31, 1, 2) (5,) (5,)
(31, 2, 0) (5,) (5,)
(31, 2, 1) (5,) (5,)
(31, 2, 2) (5,) (5,)
(32, 0, 0) (5,) (5,)
(32, 0, 1) (5,) (5,)
(32, 0, 2) (5,) (5,)
(32, 1, 0) (5,) (5,)
(32, 1, 1) (5,) (5,)
(32, 1, 2) (5,) (5,)
(32, 2, 0) (5,) (5,)
(32, 2, 1) (5,) (5,)
(32, 2, 2) (5,) (5,)
(33, 0, 0) (5,) (5,)
(33, 0, 1) (5,) (5,)
(33, 0, 2) (5,) (5,)
(33, 1, 0) (5,) (5,)
(33, 1, 1) (5,) (5,)
(33, 1, 2) (5,) (5,)
(33, 2, 0) (5,) (5,)
(33, 2, 1) (5,) (5,)
(33, 2, 2) (5,) (5,)
(34, 0, 0) (5,) (5,)
(34, 0, 1) (5,) (5,)
(34, 0, 2) (5,) (5,)
(34, 1, 0) (5,) (5,)
(34, 1, 1) (5,) (5,)
(34, 1, 2) (5,) (5,)
(34, 2, 0) (5,) (5,)
(34, 2, 1) (5,) (5,)
(34, 2, 2) (5,) (5,)
(35, 0, 0) (5,) (5,)
(35, 0, 1) (5,) (5,)
(35, 0, 2) (5,) (5,)
(35, 1, 0) (5,) (5,)
(35, 1, 1) (5,) (5,)
(35, 1, 2) (5,) (5,)
(35, 2, 0) (5,) (5,)
(35, 2, 1) (5,) (5,)
(35, 2, 2) (5,) (5,)
(36, 0, 0) (5,) (5,)
(36, 0, 1) (5,) (5,)
(36, 0, 2) (5,) (5,)
(36, 1, 0) (5,) (5,)
(36, 1, 1) (5,) (5,)
(36, 1, 2) (5,) (5,)
(36, 2, 0) (5,) (5,)
(36, 2, 1) (5,) (5,)
(36, 2, 2) (5,) (5,)
(37, 0, 0) (5,) (5,)
(37, 0, 1) (5,) (5,)
(37, 0, 2) (5,) (5,)
(37, 1, 0) (5,) (5,)
(37, 1, 1) (5,) (5,)
(37, 1, 2) (5,) (5,)
(37, 2, 0) (5,) (5,)
(37, 2, 1) (5,) (5,)
(37, 2, 2) (5,) (5,)
(38, 0, 0) (5,) (5,)
(38, 0, 1) (5,) (5,)
(38, 0, 2) (5,) (5,)
(38, 1, 0) (5,) (5,)
(38, 1, 1) (5,) (5,)
(38, 1, 2) (5,) (5,)
(38, 2, 0) (5,) (5,)
(38, 2, 1) (5,) (5,)
(38, 2, 2) (5,) (5,)
(39, 0, 0) (5,) (5,)
(39, 0, 1) (5,) (5,)
(39, 0, 2) (5,) (5,)
(39, 1, 0) (5,) (5,)
(39, 1, 1) (5,) (5,)
(39, 1, 2) (5,) (5,)
(39, 2, 0) (5,) (5,)
(39, 2, 1) (5,) (5,)
(39, 2, 2) (5,) (5,)
(40, 0, 0) (5,) (5,)
(40, 0, 1) (5,) (5,)
(40, 0, 2) (5,) (5,)
(40, 1, 0) (5,) (5,)
(40, 1, 1) (5,) (5,)
(40, 1, 2) (5,) (5,)
(40, 2, 0) (5,) (5,)
(40, 2, 1) (5,) (5,)
(40, 2, 2) (5,) (5,)
(41, 0, 0) (5,) (5,)
(41, 0, 1) (5,) (5,)
(41, 0, 2) (5,) (5,)
(41, 1, 0) (5,) (5,)
(41, 1, 1) (5,) (5,)
(41, 1, 2) (5,) (5,)
(41, 2, 0) (5,) (5,)
(41, 2, 1) (5,) (5,)
(41, 2, 2) (5,) (5,)
(42, 0, 0) (5,) (5,)
(42, 0, 1) (5,) (5,)
(42, 0, 2) (5,) (5,)
(42, 1, 0) (5,) (5,)
(42, 1, 1) (5,) (5,)
(42, 1, 2) (5,) (5,)
(42, 2, 0) (5,) (5,)
(42, 2, 1) (5,) (5,)
(42, 2, 2) (5,) (5,)
(43, 0, 0) (5,) (5,)
(43, 0, 1) (5,) (5,)
(43, 0, 2) (5,) (5,)
(43, 1, 0) (5,) (5,)
(43, 1, 1) (5,) (5,)
(43, 1, 2) (5,) (5,)
(43, 2, 0) (5,) (5,)
(43, 2, 1) (5,) (5,)
(43, 2, 2) (5,) (5,)
(44, 0, 0) (5,) (5,)
(44, 0, 1) (5,) (5,)
(44, 0, 2) (5,) (5,)
(44, 1, 0) (5,) (5,)
(44, 1, 1) (5,) (5,)
(44, 1, 2) (5,) (5,)
(44, 2, 0) (5,) (5,)
(44, 2, 1) (5,) (5,)
(44, 2, 2) (5,) (5,)
(45, 0, 0) (5,) (5,)
(45, 0, 1) (5,) (5,)
(45, 0, 2) (5,) (5,)
(45, 1, 0) (5,) (5,)
(45, 1, 1) (5,) (5,)
(45, 1, 2) (5,) (5,)
(45, 2, 0) (5,) (5,)
(45, 2, 1) (5,) (5,)
(45, 2, 2) (5,) (5,)
(46, 0, 0) (5,) (5,)
(46, 0, 1) (5,) (5,)
(46, 0, 2) (5,) (5,)
(46, 1, 0) (5,) (5,)
(46, 1, 1) (5,) (5,)
(46, 1, 2) (5,) (5,)
(46, 2, 0) (5,) (5,)
(46, 2, 1) (5,) (5,)
(46, 2, 2) (5,) (5,)
(47, 0, 0) (5,) (5,)
(47, 0, 1) (5,) (5,)
(47, 0, 2) (5,) (5,)
(47, 1, 0) (5,) (5,)
(47, 1, 1) (5,) (5,)
(47, 1, 2) (5,) (5,)
(47, 2, 0) (5,) (5,)
(47, 2, 1) (5,) (5,)
(47, 2, 2) (5,) (5,)
(48, 0, 0) (5,) (5,)
(48, 0, 1) (5,) (5,)
(48, 0, 2) (5,) (5,)
(48, 1, 0) (5,) (5,)
(48, 1, 1) (5,) (5,)
(48, 1, 2) (5,) (5,)
(48, 2, 0) (5,) (5,)
(48, 2, 1) (5,) (5,)
(48, 2, 2) (5,) (5,)
(49, 0, 0) (5,) (5,)
(49, 0, 1) (5,) (5,)
(49, 0, 2) (5,) (5,)
(49, 1, 0) (5,) (5,)
(49, 1, 1) (5,) (5,)
(49, 1, 2) (5,) (5,)
(49, 2, 0) (5,) (5,)
(49, 2, 1) (5,) (5,)
(49, 2, 2) (5,) (5,)
(50, 0, 0) (5,) (5,)
(50, 0, 1) (5,) (5,)
(50, 0, 2) (5,) (5,)
(50, 1, 0) (5,) (5,)
(50, 1, 1) (5,) (5,)
(50, 1, 2) (5,) (5,)
(50, 2, 0) (5,) (5,)
(50, 2, 1) (5,) (5,)
(50, 2, 2) (5,) (5,)
(51, 0, 0) (5,) (5,)
(51, 0, 1) (5,) (5,)
(51, 0, 2) (5,) (5,)
(51, 1, 0) (5,) (5,)
(51, 1, 1) (5,) (5,)
(51, 1, 2) (5,) (5,)
(51, 2, 0) (5,) (5,)
(51, 2, 1) (5,) (5,)
(51, 2, 2) (5,) (5,)
(52, 0, 0) (5,) (5,)
(52, 0, 1) (5,) (5,)
(52, 0, 2) (5,) (5,)
(52, 1, 0) (5,) (5,)
(52, 1, 1) (5,) (5,)
(52, 1, 2) (5,) (5,)
(52, 2, 0) (5,) (5,)
(52, 2, 1) (5,) (5,)
(52, 2, 2) (5,) (5,)
(53, 0, 0) (5,) (5,)
(53, 0, 1) (5,) (5,)
(53, 0, 2) (5,) (5,)
(53, 1, 0) (5,) (5,)
(53, 1, 1) (5,) (5,)
(53, 1, 2) (5,) (5,)
(53, 2, 0) (5,) (5,)
(53, 2, 1) (5,) (5,)
(53, 2, 2) (5,) (5,)
(54, 0, 0) (5,) (5,)
(54, 0, 1) (5,) (5,)
(54, 0, 2) (5,) (5,)
(54, 1, 0) (5,) (5,)
(54, 1, 1) (5,) (5,)
(54, 1, 2) (5,) (5,)
(54, 2, 0) (5,) (5,)
(54, 2, 1) (5,) (5,)
(54, 2, 2) (5,) (5,)
(55, 0, 0) (5,) (5,)
(55, 0, 1) (5,) (5,)
(55, 0, 2) (5,) (5,)
(55, 1, 0) (5,) (5,)
(55, 1, 1) (5,) (5,)
(55, 1, 2) (5,) (5,)
(55, 2, 0) (5,) (5,)
(55, 2, 1) (5,) (5,)
(55, 2, 2) (5,) (5,)
(56, 0, 0) (5,) (5,)
(56, 0, 1) (5,) (5,)
(56, 0, 2) (5,) (5,)
(56, 1, 0) (5,) (5,)
(56, 1, 1) (5,) (5,)
(56, 1, 2) (5,) (5,)
(56, 2, 0) (5,) (5,)
(56, 2, 1) (5,) (5,)
(56, 2, 2) (5,) (5,)
(57, 0, 0) (5,) (5,)
(57, 0, 1) (5,) (5,)
(57, 0, 2) (5,) (5,)
(57, 1, 0) (5,) (5,)
(57, 1, 1) (5,) (5,)
(57, 1, 2) (5,) (5,)
(57, 2, 0) (5,) (5,)
(57, 2, 1) (5,) (5,)
(57, 2, 2) (5,) (5,)
(58, 0, 0) (5,) (5,)
(58, 0, 1) (5,) (5,)
(58, 0, 2) (5,) (5,)
(58, 1, 0) (5,) (5,)
(58, 1, 1) (5,) (5,)
(58, 1, 2) (5,) (5,)
(58, 2, 0) (5,) (5,)
(58, 2, 1) (5,) (5,)
(58, 2, 2) (5,) (5,)
(59, 0, 0) (5,) (5,)
(59, 0, 1) (5,) (5,)
(59, 0, 2) (5,) (5,)
(59, 1, 0) (5,) (5,)
(59, 1, 1) (5,) (5,)
(59, 1, 2) (5,) (5,)
(59, 2, 0) (5,) (5,)
(59, 2, 1) (5,) (5,)
(59, 2, 2) (5,) (5,)
(60, 0, 0) (5,) (5,)
(60, 0, 1) (5,) (5,)
(60, 0, 2) (5,) (5,)
(60, 1, 0) (5,) (5,)
(60, 1, 1) (5,) (5,)
(60, 1, 2) (5,) (5,)
(60, 2, 0) (5,) (5,)
(60, 2, 1) (5,) (5,)
(60, 2, 2) (5,) (5,)
(61, 0, 0) (5,) (5,)
(61, 0, 1) (5,) (5,)
(61, 0, 2) (5,) (5,)
(61, 1, 0) (5,) (5,)
(61, 1, 1) (5,) (5,)
(61, 1, 2) (5,) (5,)
(61, 2, 0) (5,) (5,)
(61, 2, 1) (5,) (5,)
(61, 2, 2) (5,) (5,)
(62, 0, 0) (5,) (5,)
(62, 0, 1) (5,) (5,)
(62, 0, 2) (5,) (5,)
(62, 1, 0) (5,) (5,)
(62, 1, 1) (5,) (5,)
(62, 1, 2) (5,) (5,)
(62, 2, 0) (5,) (5,)
(62, 2, 1) (5,) (5,)
(62, 2, 2) (5,) (5,)
(63, 0, 0) (5,) (5,)
(63, 0, 1) (5,) (5,)
(63, 0, 2) (5,) (5,)
(63, 1, 0) (5,) (5,)
(63, 1, 1) (5,) (5,)
(63, 1, 2) (5,) (5,)
(63, 2, 0) (5,) (5,)
(63, 2, 1) (5,) (5,)
(63, 2, 2) (5,) (5,)
(64, 0, 0) (5,) (5,)
(64, 0, 1) (5,) (5,)
(64, 0, 2) (5,) (5,)
(64, 1, 0) (5,) (5,)
(64, 1, 1) (5,) (5,)
(64, 1, 2) (5,) (5,)
(64, 2, 0) (5,) (5,)
(64, 2, 1) (5,) (5,)
(64, 2, 2) (5,) (5,)
(65, 0, 0) (5,) (5,)
(65, 0, 1) (5,) (5,)
(65, 0, 2) (5,) (5,)
(65, 1, 0) (5,) (5,)
(65, 1, 1) (5,) (5,)
(65, 1, 2) (5,) (5,)
(65, 2, 0) (5,) (5,)
(65, 2, 1) (5,) (5,)
(65, 2, 2) (5,) (5,)
(66, 0, 0) (5,) (5,)
(66, 0, 1) (5,) (5,)
(66, 0, 2) (5,) (5,)
(66, 1, 0) (5,) (5,)
(66, 1, 1) (5,) (5,)
(66, 1, 2) (5,) (5,)
(66, 2, 0) (5,) (5,)
(66, 2, 1) (5,) (5,)
(66, 2, 2) (5,) (5,)
(67, 0, 0) (5,) (5,)
(67, 0, 1) (5,) (5,)
(67, 0, 2) (5,) (5,)
(67, 1, 0) (5,) (5,)
(67, 1, 1) (5,) (5,)
(67, 1, 2) (5,) (5,)
(67, 2, 0) (5,) (5,)
(67, 2, 1) (5,) (5,)
(67, 2, 2) (5,) (5,)
(68, 0, 0) (5,) (5,)
(68, 0, 1) (5,) (5,)
(68, 0, 2) (5,) (5,)
(68, 1, 0) (5,) (5,)
(68, 1, 1) (5,) (5,)
(68, 1, 2) (5,) (5,)
(68, 2, 0) (5,) (5,)
(68, 2, 1) (5,) (5,)
(68, 2, 2) (5,) (5,)
(69, 0, 0) (5,) (5,)
(69, 0, 1) (5,) (5,)
(69, 0, 2) (5,) (5,)
(69, 1, 0) (5,) (5,)
(69, 1, 1) (5,) (5,)
(69, 1, 2) (5,) (5,)
(69, 2, 0) (5,) (5,)
(69, 2, 1) (5,) (5,)
(69, 2, 2) (5,) (5,)
(70, 0, 0) (5,) (5,)
(70, 0, 1) (5,) (5,)
(70, 0, 2) (5,) (5,)
(70, 1, 0) (5,) (5,)
(70, 1, 1) (5,) (5,)
(70, 1, 2) (5,) (5,)
(70, 2, 0) (5,) (5,)
(70, 2, 1) (5,) (5,)
(70, 2, 2) (5,) (5,)
(71, 0, 0) (5,) (5,)
(71, 0, 1) (5,) (5,)
(71, 0, 2) (5,) (5,)
(71, 1, 0) (5,) (5,)
(71, 1, 1) (5,) (5,)
(71, 1, 2) (5,) (5,)
(71, 2, 0) (5,) (5,)
(71, 2, 1) (5,) (5,)
(71, 2, 2) (5,) (5,)
(72, 0, 0) (5,) (5,)
(72, 0, 1) (5,) (5,)
(72, 0, 2) (5,) (5,)
(72, 1, 0) (5,) (5,)
(72, 1, 1) (5,) (5,)
(72, 1, 2) (5,) (5,)
(72, 2, 0) (5,) (5,)
(72, 2, 1) (5,) (5,)
(72, 2, 2) (5,) (5,)
(73, 0, 0) (5,) (5,)
(73, 0, 1) (5,) (5,)
(73, 0, 2) (5,) (5,)
(73, 1, 0) (5,) (5,)
(73, 1, 1) (5,) (5,)
(73, 1, 2) (5,) (5,)
(73, 2, 0) (5,) (5,)
(73, 2, 1) (5,) (5,)
(73, 2, 2) (5,) (5,)
(74, 0, 0) (5,) (5,)
(74, 0, 1) (5,) (5,)
(74, 0, 2) (5,) (5,)
(74, 1, 0) (5,) (5,)
(74, 1, 1) (5,) (5,)
(74, 1, 2) (5,) (5,)
(74, 2, 0) (5,) (5,)
(74, 2, 1) (5,) (5,)
(74, 2, 2) (5,) (5,)
(75, 0, 0) (5,) (5,)
(75, 0, 1) (5,) (5,)
(75, 0, 2) (5,) (5,)
(75, 1, 0) (5,) (5,)
(75, 1, 1) (5,) (5,)
(75, 1, 2) (5,) (5,)
(75, 2, 0) (5,) (5,)
(75, 2, 1) (5,) (5,)
(75, 2, 2) (5,) (5,)
(76, 0, 0) (5,) (5,)
(76, 0, 1) (5,) (5,)
(76, 0, 2) (5,) (5,)
(76, 1, 0) (5,) (5,)
(76, 1, 1) (5,) (5,)
(76, 1, 2) (5,) (5,)
(76, 2, 0) (5,) (5,)
(76, 2, 1) (5,) (5,)
(76, 2, 2) (5,) (5,)
(77, 0, 0) (5,) (5,)
(77, 0, 1) (5,) (5,)
(77, 0, 2) (5,) (5,)
(77, 1, 0) (5,) (5,)
(77, 1, 1) (5,) (5,)
(77, 1, 2) (5,) (5,)
(77, 2, 0) (5,) (5,)
(77, 2, 1) (5,) (5,)
(77, 2, 2) (5,) (5,)
(78, 0, 0) (5,) (5,)
(78, 0, 1) (5,) (5,)
(78, 0, 2) (5,) (5,)
(78, 1, 0) (5,) (5,)
(78, 1, 1) (5,) (5,)
(78, 1, 2) (5,) (5,)
(78, 2, 0) (5,) (5,)
(78, 2, 1) (5,) (5,)
(78, 2, 2) (5,) (5,)
(79, 0, 0) (5,) (5,)
(79, 0, 1) (5,) (5,)
(79, 0, 2) (5,) (5,)
(79, 1, 0) (5,) (5,)
(79, 1, 1) (5,) (5,)
(79, 1, 2) (5,) (5,)
(79, 2, 0) (5,) (5,)
(79, 2, 1) (5,) (5,)
(79, 2, 2) (5,) (5,)
(80, 0, 0) (5,) (5,)
(80, 0, 1) (5,) (5,)
(80, 0, 2) (5,) (5,)
(80, 1, 0) (5,) (5,)
(80, 1, 1) (5,) (5,)
(80, 1, 2) (5,) (5,)
(80, 2, 0) (5,) (5,)
(80, 2, 1) (5,) (5,)
(80, 2, 2) (5,) (5,)
(81, 0, 0) (5,) (5,)
(81, 0, 1) (5,) (5,)
(81, 0, 2) (5,) (5,)
(81, 1, 0) (5,) (5,)
(81, 1, 1) (5,) (5,)
(81, 1, 2) (5,) (5,)
(81, 2, 0) (5,) (5,)
(81, 2, 1) (5,) (5,)
(81, 2, 2) (5,) (5,)
(82, 0, 0) (5,) (5,)
(82, 0, 1) (5,) (5,)
(82, 0, 2) (5,) (5,)
(82, 1, 0) (5,) (5,)
(82, 1, 1) (5,) (5,)
(82, 1, 2) (5,) (5,)
(82, 2, 0) (5,) (5,)
(82, 2, 1) (5,) (5,)
(82, 2, 2) (5,) (5,)
(83, 0, 0) (5,) (5,)
(83, 0, 1) (5,) (5,)
(83, 0, 2) (5,) (5,)
(83, 1, 0) (5,) (5,)
(83, 1, 1) (5,) (5,)
(83, 1, 2) (5,) (5,)
(83, 2, 0) (5,) (5,)
(83, 2, 1) (5,) (5,)
(83, 2, 2) (5,) (5,)
(84, 0, 0) (5,) (5,)
(84, 0, 1) (5,) (5,)
(84, 0, 2) (5,) (5,)
(84, 1, 0) (5,) (5,)
(84, 1, 1) (5,) (5,)
(84, 1, 2) (5,) (5,)
(84, 2, 0) (5,) (5,)
(84, 2, 1) (5,) (5,)
(84, 2, 2) (5,) (5,)
(85, 0, 0) (5,) (5,)
(85, 0, 1) (5,) (5,)
(85, 0, 2) (5,) (5,)
(85, 1, 0) (5,) (5,)
(85, 1, 1) (5,) (5,)
(85, 1, 2) (5,) (5,)
(85, 2, 0) (5,) (5,)
(85, 2, 1) (5,) (5,)
(85, 2, 2) (5,) (5,)
(86, 0, 0) (5,) (5,)
(86, 0, 1) (5,) (5,)
(86, 0, 2) (5,) (5,)
(86, 1, 0) (5,) (5,)
(86, 1, 1) (5,) (5,)
(86, 1, 2) (5,) (5,)
(86, 2, 0) (5,) (5,)
(86, 2, 1) (5,) (5,)
(86, 2, 2) (5,) (5,)
(87, 0, 0) (5,) (5,)
(87, 0, 1) (5,) (5,)
(87, 0, 2) (5,) (5,)
(87, 1, 0) (5,) (5,)
(87, 1, 1) (5,) (5,)
(87, 1, 2) (5,) (5,)
(87, 2, 0) (5,) (5,)
(87, 2, 1) (5,) (5,)
(87, 2, 2) (5,) (5,)
(88, 0, 0) (5,) (5,)
(88, 0, 1) (5,) (5,)
(88, 0, 2) (5,) (5,)
(88, 1, 0) (5,) (5,)
(88, 1, 1) (5,) (5,)
(88, 1, 2) (5,) (5,)
(88, 2, 0) (5,) (5,)
(88, 2, 1) (5,) (5,)
(88, 2, 2) (5,) (5,)
(89, 0, 0) (5,) (5,)
(89, 0, 1) (5,) (5,)
(89, 0, 2) (5,) (5,)
(89, 1, 0) (5,) (5,)
(89, 1, 1) (5,) (5,)
(89, 1, 2) (5,) (5,)
(89, 2, 0) (5,) (5,)
(89, 2, 1) (5,) (5,)
(89, 2, 2) (5,) (5,)
(90, 0, 0) (5,) (5,)
(90, 0, 1) (5,) (5,)
(90, 0, 2) (5,) (5,)
(90, 1, 0) (5,) (5,)
(90, 1, 1) (5,) (5,)
(90, 1, 2) (5,) (5,)
(90, 2, 0) (5,) (5,)
(90, 2, 1) (5,) (5,)
(90, 2, 2) (5,) (5,)
(91, 0, 0) (5,) (5,)
(91, 0, 1) (5,) (5,)
(91, 0, 2) (5,) (5,)
(91, 1, 0) (5,) (5,)
(91, 1, 1) (5,) (5,)
(91, 1, 2) (5,) (5,)
(91, 2, 0) (5,) (5,)
(91, 2, 1) (5,) (5,)
(91, 2, 2) (5,) (5,)
(92, 0, 0) (5,) (5,)
(92, 0, 1) (5,) (5,)
(92, 0, 2) (5,) (5,)
(92, 1, 0) (5,) (5,)
(92, 1, 1) (5,) (5,)
(92, 1, 2) (5,) (5,)
(92, 2, 0) (5,) (5,)
(92, 2, 1) (5,) (5,)
(92, 2, 2) (5,) (5,)
(93, 0, 0) (5,) (5,)
(93, 0, 1) (5,) (5,)
(93, 0, 2) (5,) (5,)
(93, 1, 0) (5,) (5,)
(93, 1, 1) (5,) (5,)
(93, 1, 2) (5,) (5,)
(93, 2, 0) (5,) (5,)
(93, 2, 1) (5,) (5,)
(93, 2, 2) (5,) (5,)
(94, 0, 0) (5,) (5,)
(94, 0, 1) (5,) (5,)
(94, 0, 2) (5,) (5,)
(94, 1, 0) (5,) (5,)
(94, 1, 1) (5,) (5,)
(94, 1, 2) (5,) (5,)
(94, 2, 0) (5,) (5,)
(94, 2, 1) (5,) (5,)
(94, 2, 2) (5,) (5,)
(95, 0, 0) (5,) (5,)
(95, 0, 1) (5,) (5,)
(95, 0, 2) (5,) (5,)
(95, 1, 0) (5,) (5,)
(95, 1, 1) (5,) (5,)
(95, 1, 2) (5,) (5,)
(95, 2, 0) (5,) (5,)
(95, 2, 1) (5,) (5,)
(95, 2, 2) (5,) (5,)
(96, 0, 0) (5,) (5,)
(96, 0, 1) (5,) (5,)
(96, 0, 2) (5,) (5,)
(96, 1, 0) (5,) (5,)
(96, 1, 1) (5,) (5,)
(96, 1, 2) (5,) (5,)
(96, 2, 0) (5,) (5,)
(96, 2, 1) (5,) (5,)
(96, 2, 2) (5,) (5,)
(97, 0, 0) (5,) (5,)
(97, 0, 1) (5,) (5,)
(97, 0, 2) (5,) (5,)
(97, 1, 0) (5,) (5,)
(97, 1, 1) (5,) (5,)
(97, 1, 2) (5,) (5,)
(97, 2, 0) (5,) (5,)
(97, 2, 1) (5,) (5,)
(97, 2, 2) (5,) (5,)
(98, 0, 0) (5,) (5,)
(98, 0, 1) (5,) (5,)
(98, 0, 2) (5,) (5,)
(98, 1, 0) (5,) (5,)
(98, 1, 1) (5,) (5,)
(98, 1, 2) (5,) (5,)
(98, 2, 0) (5,) (5,)
(98, 2, 1) (5,) (5,)
(98, 2, 2) (5,) (5,)
(99, 0, 0) (5,) (5,)
(99, 0, 1) (5,) (5,)
(99, 0, 2) (5,) (5,)
(99, 1, 0) (5,) (5,)
(99, 1, 1) (5,) (5,)
(99, 1, 2) (5,) (5,)
(99, 2, 0) (5,) (5,)
(99, 2, 1) (5,) (5,)
(99, 2, 2) (5,) (5,)
(100, 0, 0) (5,) (5,)
(100, 0, 1) (5,) (5,)
(100, 0, 2) (5,) (5,)
(100, 1, 0) (5,) (5,)
(100, 1, 1) (5,) (5,)
(100, 1, 2) (5,) (5,)
(100, 2, 0) (5,) (5,)
(100, 2, 1) (5,) (5,)
(100, 2, 2) (5,) (5,)
(101, 0, 0) (5,) (5,)
(101, 0, 1) (5,) (5,)
(101, 0, 2) (5,) (5,)
(101, 1, 0) (5,) (5,)
(101, 1, 1) (5,) (5,)
(101, 1, 2) (5,) (5,)
(101, 2, 0) (5,) (5,)
(101, 2, 1) (5,) (5,)
(101, 2, 2) (5,) (5,)
(102, 0, 0) (5,) (5,)
(102, 0, 1) (5,) (5,)
(102, 0, 2) (5,) (5,)
(102, 1, 0) (5,) (5,)
(102, 1, 1) (5,) (5,)
(102, 1, 2) (5,) (5,)
(102, 2, 0) (5,) (5,)
(102, 2, 1) (5,) (5,)
(102, 2, 2) (5,) (5,)
(103, 0, 0) (5,) (5,)
(103, 0, 1) (5,) (5,)
(103, 0, 2) (5,) (5,)
(103, 1, 0) (5,) (5,)
(103, 1, 1) (5,) (5,)
(103, 1, 2) (5,) (5,)
(103, 2, 0) (5,) (5,)
(103, 2, 1) (5,) (5,)
(103, 2, 2) (5,) (5,)
(104, 0, 0) (5,) (5,)
(104, 0, 1) (5,) (5,)
(104, 0, 2) (5,) (5,)
(104, 1, 0) (5,) (5,)
(104, 1, 1) (5,) (5,)
(104, 1, 2) (5,) (5,)
(104, 2, 0) (5,) (5,)
(104, 2, 1) (5,) (5,)
(104, 2, 2) (5,) (5,)
(105, 0, 0) (5,) (5,)
(105, 0, 1) (5,) (5,)
(105, 0, 2) (5,) (5,)
(105, 1, 0) (5,) (5,)
(105, 1, 1) (5,) (5,)
(105, 1, 2) (5,) (5,)
(105, 2, 0) (5,) (5,)
(105, 2, 1) (5,) (5,)
(105, 2, 2) (5,) (5,)
(106, 0, 0) (5,) (5,)
(106, 0, 1) (5,) (5,)
(106, 0, 2) (5,) (5,)
(106, 1, 0) (5,) (5,)
(106, 1, 1) (5,) (5,)
(106, 1, 2) (5,) (5,)
(106, 2, 0) (5,) (5,)
(106, 2, 1) (5,) (5,)
(106, 2, 2) (5,) (5,)
(107, 0, 0) (5,) (5,)
(107, 0, 1) (5,) (5,)
(107, 0, 2) (5,) (5,)
(107, 1, 0) (5,) (5,)
(107, 1, 1) (5,) (5,)
(107, 1, 2) (5,) (5,)
(107, 2, 0) (5,) (5,)
(107, 2, 1) (5,) (5,)
(107, 2, 2) (5,) (5,)
(108, 0, 0) (5,) (5,)
(108, 0, 1) (5,) (5,)
(108, 0, 2) (5,) (5,)
(108, 1, 0) (5,) (5,)
(108, 1, 1) (5,) (5,)
(108, 1, 2) (5,) (5,)
(108, 2, 0) (5,) (5,)
(108, 2, 1) (5,) (5,)
(108, 2, 2) (5,) (5,)
(109, 0, 0) (5,) (5,)
(109, 0, 1) (5,) (5,)
(109, 0, 2) (5,) (5,)
(109, 1, 0) (5,) (5,)
(109, 1, 1) (5,) (5,)
(109, 1, 2) (5,) (5,)
(109, 2, 0) (5,) (5,)
(109, 2, 1) (5,) (5,)
(109, 2, 2) (5,) (5,)
(110, 0, 0) (5,) (5,)
(110, 0, 1) (5,) (5,)
(110, 0, 2) (5,) (5,)
(110, 1, 0) (5,) (5,)
(110, 1, 1) (5,) (5,)
(110, 1, 2) (5,) (5,)
(110, 2, 0) (5,) (5,)
(110, 2, 1) (5,) (5,)
(110, 2, 2) (5,) (5,)
(111, 0, 0) (5,) (5,)
(111, 0, 1) (5,) (5,)
(111, 0, 2) (5,) (5,)
(111, 1, 0) (5,) (5,)
(111, 1, 1) (5,) (5,)
(111, 1, 2) (5,) (5,)
(111, 2, 0) (5,) (5,)
(111, 2, 1) (5,) (5,)
(111, 2, 2) (5,) (5,)
(112, 0, 0) (5,) (5,)
(112, 0, 1) (5,) (5,)
(112, 0, 2) (5,) (5,)
(112, 1, 0) (5,) (5,)
(112, 1, 1) (5,) (5,)
(112, 1, 2) (5,) (5,)
(112, 2, 0) (5,) (5,)
(112, 2, 1) (5,) (5,)
(112, 2, 2) (5,) (5,)
(113, 0, 0) (5,) (5,)
(113, 0, 1) (5,) (5,)
(113, 0, 2) (5,) (5,)
(113, 1, 0) (5,) (5,)
(113, 1, 1) (5,) (5,)
(113, 1, 2) (5,) (5,)
(113, 2, 0) (5,) (5,)
(113, 2, 1) (5,) (5,)
(113, 2, 2) (5,) (5,)
(114, 0, 0) (5,) (5,)
(114, 0, 1) (5,) (5,)
(114, 0, 2) (5,) (5,)
(114, 1, 0) (5,) (5,)
(114, 1, 1) (5,) (5,)
(114, 1, 2) (5,) (5,)
(114, 2, 0) (5,) (5,)
(114, 2, 1) (5,) (5,)
(114, 2, 2) (5,) (5,)
(115, 0, 0) (5,) (5,)
(115, 0, 1) (5,) (5,)
(115, 0, 2) (5,) (5,)
(115, 1, 0) (5,) (5,)
(115, 1, 1) (5,) (5,)
(115, 1, 2) (5,) (5,)
(115, 2, 0) (5,) (5,)
(115, 2, 1) (5,) (5,)
(115, 2, 2) (5,) (5,)
(116, 0, 0) (5,) (5,)
(116, 0, 1) (5,) (5,)
(116, 0, 2) (5,) (5,)
(116, 1, 0) (5,) (5,)
(116, 1, 1) (5,) (5,)
(116, 1, 2) (5,) (5,)
(116, 2, 0) (5,) (5,)
(116, 2, 1) (5,) (5,)
(116, 2, 2) (5,) (5,)
(117, 0, 0) (5,) (5,)
(117, 0, 1) (5,) (5,)
(117, 0, 2) (5,) (5,)
(117, 1, 0) (5,) (5,)
(117, 1, 1) (5,) (5,)
(117, 1, 2) (5,) (5,)
(117, 2, 0) (5,) (5,)
(117, 2, 1) (5,) (5,)
(117, 2, 2) (5,) (5,)
(118, 0, 0) (5,) (5,)
(118, 0, 1) (5,) (5,)
(118, 0, 2) (5,) (5,)
(118, 1, 0) (5,) (5,)
(118, 1, 1) (5,) (5,)
(118, 1, 2) (5,) (5,)
(118, 2, 0) (5,) (5,)
(118, 2, 1) (5,) (5,)
(118, 2, 2) (5,) (5,)
(119, 0, 0) (5,) (5,)
(119, 0, 1) (5,) (5,)
(119, 0, 2) (5,) (5,)
(119, 1, 0) (5,) (5,)
(119, 1, 1) (5,) (5,)
(119, 1, 2) (5,) (5,)
(119, 2, 0) (5,) (5,)
(119, 2, 1) (5,) (5,)
(119, 2, 2) (5,) (5,)
(120, 0, 0) (5,) (5,)
(120, 0, 1) (5,) (5,)
(120, 0, 2) (5,) (5,)
(120, 1, 0) (5,) (5,)
(120, 1, 1) (5,) (5,)
(120, 1, 2) (5,) (5,)
(120, 2, 0) (5,) (5,)
(120, 2, 1) (5,) (5,)
(120, 2, 2) (5,) (5,)
(121, 0, 0) (5,) (5,)
(121, 0, 1) (5,) (5,)
(121, 0, 2) (5,) (5,)
(121, 1, 0) (5,) (5,)
(121, 1, 1) (5,) (5,)
(121, 1, 2) (5,) (5,)
(121, 2, 0) (5,) (5,)
(121, 2, 1) (5,) (5,)
(121, 2, 2) (5,) (5,)
(122, 0, 0) (5,) (5,)
(122, 0, 1) (5,) (5,)
(122, 0, 2) (5,) (5,)
(122, 1, 0) (5,) (5,)
(122, 1, 1) (5,) (5,)
(122, 1, 2) (5,) (5,)
(122, 2, 0) (5,) (5,)
(122, 2, 1) (5,) (5,)
(122, 2, 2) (5,) (5,)
(123, 0, 0) (5,) (5,)
(123, 0, 1) (5,) (5,)
(123, 0, 2) (5,) (5,)
(123, 1, 0) (5,) (5,)
(123, 1, 1) (5,) (5,)
(123, 1, 2) (5,) (5,)
(123, 2, 0) (5,) (5,)
(123, 2, 1) (5,) (5,)
(123, 2, 2) (5,) (5,)
(124, 0, 0) (5,) (5,)
(124, 0, 1) (5,) (5,)
(124, 0, 2) (5,) (5,)
(124, 1, 0) (5,) (5,)
(124, 1, 1) (5,) (5,)
(124, 1, 2) (5,) (5,)
(124, 2, 0) (5,) (5,)
(124, 2, 1) (5,) (5,)
(124, 2, 2) (5,) (5,)
(125, 0, 0) (5,) (5,)
(125, 0, 1) (5,) (5,)
(125, 0, 2) (5,) (5,)
(125, 1, 0) (5,) (5,)
(125, 1, 1) (5,) (5,)
(125, 1, 2) (5,) (5,)
(125, 2, 0) (5,) (5,)
(125, 2, 1) (5,) (5,)
(125, 2, 2) (5,) (5,)
(126, 0, 0) (5,) (5,)
(126, 0, 1) (5,) (5,)
(126, 0, 2) (5,) (5,)
(126, 1, 0) (5,) (5,)
(126, 1, 1) (5,) (5,)
(126, 1, 2) (5,) (5,)
(126, 2, 0) (5,) (5,)
(126, 2, 1) (5,) (5,)
(126, 2, 2) (5,) (5,)
(127, 0, 0) (5,) (5,)
(127, 0, 1) (5,) (5,)
(127, 0, 2) (5,) (5,)
(127, 1, 0) (5,) (5,)
(127, 1, 1) (5,) (5,)
(127, 1, 2) (5,) (5,)
(127, 2, 0) (5,) (5,)
(127, 2, 1) (5,) (5,)
(127, 2, 2) (5,) (5,)
(128, 0, 0) (5,) (5,)
(128, 0, 1) (5,) (5,)
(128, 0, 2) (5,) (5,)
(128, 1, 0) (5,) (5,)
(128, 1, 1) (5,) (5,)
(128, 1, 2) (5,) (5,)
(128, 2, 0) (5,) (5,)
(128, 2, 1) (5,) (5,)
(128, 2, 2) (5,) (5,)
(129, 0, 0) (5,) (5,)
(129, 0, 1) (5,) (5,)
(129, 0, 2) (5,) (5,)
(129, 1, 0) (5,) (5,)
(129, 1, 1) (5,) (5,)
(129, 1, 2) (5,) (5,)
(129, 2, 0) (5,) (5,)
(129, 2, 1) (5,) (5,)
(129, 2, 2) (5,) (5,)
(130, 0, 0) (5,) (5,)
(130, 0, 1) (5,) (5,)
(130, 0, 2) (5,) (5,)
(130, 1, 0) (5,) (5,)
(130, 1, 1) (5,) (5,)
(130, 1, 2) (5,) (5,)
(130, 2, 0) (5,) (5,)
(130, 2, 1) (5,) (5,)
(130, 2, 2) (5,) (5,)
(131, 0, 0) (5,) (5,)
(131, 0, 1) (5,) (5,)
(131, 0, 2) (5,) (5,)
(131, 1, 0) (5,) (5,)
(131, 1, 1) (5,) (5,)
(131, 1, 2) (5,) (5,)
(131, 2, 0) (5,) (5,)
(131, 2, 1) (5,) (5,)
(131, 2, 2) (5,) (5,)
(132, 0, 0) (5,) (5,)
(132, 0, 1) (5,) (5,)
(132, 0, 2) (5,) (5,)
(132, 1, 0) (5,) (5,)
(132, 1, 1) (5,) (5,)
(132, 1, 2) (5,) (5,)
(132, 2, 0) (5,) (5,)
(132, 2, 1) (5,) (5,)
(132, 2, 2) (5,) (5,)
(133, 0, 0) (5,) (5,)
(133, 0, 1) (5,) (5,)
(133, 0, 2) (5,) (5,)
(133, 1, 0) (5,) (5,)
(133, 1, 1) (5,) (5,)
(133, 1, 2) (5,) (5,)
(133, 2, 0) (5,) (5,)
(133, 2, 1) (5,) (5,)
(133, 2, 2) (5,) (5,)
(134, 0, 0) (5,) (5,)
(134, 0, 1) (5,) (5,)
(134, 0, 2) (5,) (5,)
(134, 1, 0) (5,) (5,)
(134, 1, 1) (5,) (5,)
(134, 1, 2) (5,) (5,)
(134, 2, 0) (5,) (5,)
(134, 2, 1) (5,) (5,)
(134, 2, 2) (5,) (5,)
(135, 0, 0) (5,) (5,)
(135, 0, 1) (5,) (5,)
(135, 0, 2) (5,) (5,)
(135, 1, 0) (5,) (5,)
(135, 1, 1) (5,) (5,)
(135, 1, 2) (5,) (5,)
(135, 2, 0) (5,) (5,)
(135, 2, 1) (5,) (5,)
(135, 2, 2) (5,) (5,)
(136, 0, 0) (5,) (5,)
(136, 0, 1) (5,) (5,)
(136, 0, 2) (5,) (5,)
(136, 1, 0) (5,) (5,)
(136, 1, 1) (5,) (5,)
(136, 1, 2) (5,) (5,)
(136, 2, 0) (5,) (5,)
(136, 2, 1) (5,) (5,)
(136, 2, 2) (5,) (5,)
(137, 0, 0) (5,) (5,)
(137, 0, 1) (5,) (5,)
(137, 0, 2) (5,) (5,)
(137, 1, 0) (5,) (5,)
(137, 1, 1) (5,) (5,)
(137, 1, 2) (5,) (5,)
(137, 2, 0) (5,) (5,)
(137, 2, 1) (5,) (5,)
(137, 2, 2) (5,) (5,)
(138, 0, 0) (5,) (5,)
(138, 0, 1) (5,) (5,)
(138, 0, 2) (5,) (5,)
(138, 1, 0) (5,) (5,)
(138, 1, 1) (5,) (5,)
(138, 1, 2) (5,) (5,)
(138, 2, 0) (5,) (5,)
(138, 2, 1) (5,) (5,)
(138, 2, 2) (5,) (5,)
(139, 0, 0) (5,) (5,)
(139, 0, 1) (5,) (5,)
(139, 0, 2) (5,) (5,)
(139, 1, 0) (5,) (5,)
(139, 1, 1) (5,) (5,)
(139, 1, 2) (5,) (5,)
(139, 2, 0) (5,) (5,)
(139, 2, 1) (5,) (5,)
(139, 2, 2) (5,) (5,)
(140, 0, 0) (5,) (5,)
(140, 0, 1) (5,) (5,)
(140, 0, 2) (5,) (5,)
(140, 1, 0) (5,) (5,)
(140, 1, 1) (5,) (5,)
(140, 1, 2) (5,) (5,)
(140, 2, 0) (5,) (5,)
(140, 2, 1) (5,) (5,)
(140, 2, 2) (5,) (5,)
(141, 0, 0) (5,) (5,)
(141, 0, 1) (5,) (5,)
(141, 0, 2) (5,) (5,)
(141, 1, 0) (5,) (5,)
(141, 1, 1) (5,) (5,)
(141, 1, 2) (5,) (5,)
(141, 2, 0) (5,) (5,)
(141, 2, 1) (5,) (5,)
(141, 2, 2) (5,) (5,)
(142, 0, 0) (5,) (5,)
(142, 0, 1) (5,) (5,)
(142, 0, 2) (5,) (5,)
(142, 1, 0) (5,) (5,)
(142, 1, 1) (5,) (5,)
(142, 1, 2) (5,) (5,)
(142, 2, 0) (5,) (5,)
(142, 2, 1) (5,) (5,)
(142, 2, 2) (5,) (5,)
(143, 0, 0) (5,) (5,)
(143, 0, 1) (5,) (5,)
(143, 0, 2) (5,) (5,)
(143, 1, 0) (5,) (5,)
(143, 1, 1) (5,) (5,)
(143, 1, 2) (5,) (5,)
(143, 2, 0) (5,) (5,)
(143, 2, 1) (5,) (5,)
(143, 2, 2) (5,) (5,)
(144, 0, 0) (5,) (5,)
(144, 0, 1) (5,) (5,)
(144, 0, 2) (5,) (5,)
(144, 1, 0) (5,) (5,)
(144, 1, 1) (5,) (5,)
(144, 1, 2) (5,) (5,)
(144, 2, 0) (5,) (5,)
(144, 2, 1) (5,) (5,)
(144, 2, 2) (5,) (5,)
(145, 0, 0) (5,) (5,)
(145, 0, 1) (5,) (5,)
(145, 0, 2) (5,) (5,)
(145, 1, 0) (5,) (5,)
(145, 1, 1) (5,) (5,)
(145, 1, 2) (5,) (5,)
(145, 2, 0) (5,) (5,)
(145, 2, 1) (5,) (5,)
(145, 2, 2) (5,) (5,)
(146, 0, 0) (5,) (5,)
(146, 0, 1) (5,) (5,)
(146, 0, 2) (5,) (5,)
(146, 1, 0) (5,) (5,)
(146, 1, 1) (5,) (5,)
(146, 1, 2) (5,) (5,)
(146, 2, 0) (5,) (5,)
(146, 2, 1) (5,) (5,)
(146, 2, 2) (5,) (5,)
(147, 0, 0) (5,) (5,)
(147, 0, 1) (5,) (5,)
(147, 0, 2) (5,) (5,)
(147, 1, 0) (5,) (5,)
(147, 1, 1) (5,) (5,)
(147, 1, 2) (5,) (5,)
(147, 2, 0) (5,) (5,)
(147, 2, 1) (5,) (5,)
(147, 2, 2) (5,) (5,)
(148, 0, 0) (5,) (5,)
(148, 0, 1) (5,) (5,)
(148, 0, 2) (5,) (5,)
(148, 1, 0) (5,) (5,)
(148, 1, 1) (5,) (5,)
(148, 1, 2) (5,) (5,)
(148, 2, 0) (5,) (5,)
(148, 2, 1) (5,) (5,)
(148, 2, 2) (5,) (5,)
(149, 0, 0) (5,) (5,)
(149, 0, 1) (5,) (5,)
(149, 0, 2) (5,) (5,)
(149, 1, 0) (5,) (5,)
(149, 1, 1) (5,) (5,)
(149, 1, 2) (5,) (5,)
(149, 2, 0) (5,) (5,)
(149, 2, 1) (5,) (5,)
(149, 2, 2) (5,) (5,)
(150, 0, 0) (5,) (5,)
(150, 0, 1) (5,) (5,)
(150, 0, 2) (5,) (5,)
(150, 1, 0) (5,) (5,)
(150, 1, 1) (5,) (5,)
(150, 1, 2) (5,) (5,)
(150, 2, 0) (5,) (5,)
(150, 2, 1) (5,) (5,)
(150, 2, 2) (5,) (5,)
(151, 0, 0) (5,) (5,)
(151, 0, 1) (5,) (5,)
(151, 0, 2) (5,) (5,)
(151, 1, 0) (5,) (5,)
(151, 1, 1) (5,) (5,)
(151, 1, 2) (5,) (5,)
(151, 2, 0) (5,) (5,)
(151, 2, 1) (5,) (5,)
(151, 2, 2) (5,) (5,)
(152, 0, 0) (5,) (5,)
(152, 0, 1) (5,) (5,)
(152, 0, 2) (5,) (5,)
(152, 1, 0) (5,) (5,)
(152, 1, 1) (5,) (5,)
(152, 1, 2) (5,) (5,)
(152, 2, 0) (5,) (5,)
(152, 2, 1) (5,) (5,)
(152, 2, 2) (5,) (5,)
(153, 0, 0) (5,) (5,)
(153, 0, 1) (5,) (5,)
(153, 0, 2) (5,) (5,)
(153, 1, 0) (5,) (5,)
(153, 1, 1) (5,) (5,)
(153, 1, 2) (5,) (5,)
(153, 2, 0) (5,) (5,)
(153, 2, 1) (5,) (5,)
(153, 2, 2) (5,) (5,)
(154, 0, 0) (5,) (5,)
(154, 0, 1) (5,) (5,)
(154, 0, 2) (5,) (5,)
(154, 1, 0) (5,) (5,)
(154, 1, 1) (5,) (5,)
(154, 1, 2) (5,) (5,)
(154, 2, 0) (5,) (5,)
(154, 2, 1) (5,) (5,)
(154, 2, 2) (5,) (5,)
(155, 0, 0) (5,) (5,)
(155, 0, 1) (5,) (5,)
(155, 0, 2) (5,) (5,)
(155, 1, 0) (5,) (5,)
(155, 1, 1) (5,) (5,)
(155, 1, 2) (5,) (5,)
(155, 2, 0) (5,) (5,)
(155, 2, 1) (5,) (5,)
(155, 2, 2) (5,) (5,)
(156, 0, 0) (5,) (5,)
(156, 0, 1) (5,) (5,)
(156, 0, 2) (5,) (5,)
(156, 1, 0) (5,) (5,)
(156, 1, 1) (5,) (5,)
(156, 1, 2) (5,) (5,)
(156, 2, 0) (5,) (5,)
(156, 2, 1) (5,) (5,)
(156, 2, 2) (5,) (5,)
(157, 0, 0) (5,) (5,)
(157, 0, 1) (5,) (5,)
(157, 0, 2) (5,) (5,)
(157, 1, 0) (5,) (5,)
(157, 1, 1) (5,) (5,)
(157, 1, 2) (5,) (5,)
(157, 2, 0) (5,) (5,)
(157, 2, 1) (5,) (5,)
(157, 2, 2) (5,) (5,)
(158, 0, 0) (5,) (5,)
(158, 0, 1) (5,) (5,)
(158, 0, 2) (5,) (5,)
(158, 1, 0) (5,) (5,)
(158, 1, 1) (5,) (5,)
(158, 1, 2) (5,) (5,)
(158, 2, 0) (5,) (5,)
(158, 2, 1) (5,) (5,)
(158, 2, 2) (5,) (5,)
(159, 0, 0) (5,) (5,)
(159, 0, 1) (5,) (5,)
(159, 0, 2) (5,) (5,)
(159, 1, 0) (5,) (5,)
(159, 1, 1) (5,) (5,)
(159, 1, 2) (5,) (5,)
(159, 2, 0) (5,) (5,)
(159, 2, 1) (5,) (5,)
(159, 2, 2) (5,) (5,)
(160, 0, 0) (5,) (5,)
(160, 0, 1) (5,) (5,)
(160, 0, 2) (5,) (5,)
(160, 1, 0) (5,) (5,)
(160, 1, 1) (5,) (5,)
(160, 1, 2) (5,) (5,)
(160, 2, 0) (5,) (5,)
(160, 2, 1) (5,) (5,)
(160, 2, 2) (5,) (5,)
(161, 0, 0) (5,) (5,)
(161, 0, 1) (5,) (5,)
(161, 0, 2) (5,) (5,)
(161, 1, 0) (5,) (5,)
(161, 1, 1) (5,) (5,)
(161, 1, 2) (5,) (5,)
(161, 2, 0) (5,) (5,)
(161, 2, 1) (5,) (5,)
(161, 2, 2) (5,) (5,)
(162, 0, 0) (5,) (5,)
(162, 0, 1) (5,) (5,)
(162, 0, 2) (5,) (5,)
(162, 1, 0) (5,) (5,)
(162, 1, 1) (5,) (5,)
(162, 1, 2) (5,) (5,)
(162, 2, 0) (5,) (5,)
(162, 2, 1) (5,) (5,)
(162, 2, 2) (5,) (5,)
(163, 0, 0) (5,) (5,)
(163, 0, 1) (5,) (5,)
(163, 0, 2) (5,) (5,)
(163, 1, 0) (5,) (5,)
(163, 1, 1) (5,) (5,)
(163, 1, 2) (5,) (5,)
(163, 2, 0) (5,) (5,)
(163, 2, 1) (5,) (5,)
(163, 2, 2) (5,) (5,)
(164, 0, 0) (5,) (5,)
(164, 0, 1) (5,) (5,)
(164, 0, 2) (5,) (5,)
(164, 1, 0) (5,) (5,)
(164, 1, 1) (5,) (5,)
(164, 1, 2) (5,) (5,)
(164, 2, 0) (5,) (5,)
(164, 2, 1) (5,) (5,)
(164, 2, 2) (5,) (5,)
(165, 0, 0) (5,) (5,)
(165, 0, 1) (5,) (5,)
(165, 0, 2) (5,) (5,)
(165, 1, 0) (5,) (5,)
(165, 1, 1) (5,) (5,)
(165, 1, 2) (5,) (5,)
(165, 2, 0) (5,) (5,)
(165, 2, 1) (5,) (5,)
(165, 2, 2) (5,) (5,)
(166, 0, 0) (5,) (5,)
(166, 0, 1) (5,) (5,)
(166, 0, 2) (5,) (5,)
(166, 1, 0) (5,) (5,)
(166, 1, 1) (5,) (5,)
(166, 1, 2) (5,) (5,)
(166, 2, 0) (5,) (5,)
(166, 2, 1) (5,) (5,)
(166, 2, 2) (5,) (5,)
(167, 0, 0) (5,) (5,)
(167, 0, 1) (5,) (5,)
(167, 0, 2) (5,) (5,)
(167, 1, 0) (5,) (5,)
(167, 1, 1) (5,) (5,)
(167, 1, 2) (5,) (5,)
(167, 2, 0) (5,) (5,)
(167, 2, 1) (5,) (5,)
(167, 2, 2) (5,) (5,)
(168, 0, 0) (5,) (5,)
(168, 0, 1) (5,) (5,)
(168, 0, 2) (5,) (5,)
(168, 1, 0) (5,) (5,)
(168, 1, 1) (5,) (5,)
(168, 1, 2) (5,) (5,)
(168, 2, 0) (5,) (5,)
(168, 2, 1) (5,) (5,)
(168, 2, 2) (5,) (5,)
(169, 0, 0) (5,) (5,)
(169, 0, 1) (5,) (5,)
(169, 0, 2) (5,) (5,)
(169, 1, 0) (5,) (5,)
(169, 1, 1) (5,) (5,)
(169, 1, 2) (5,) (5,)
(169, 2, 0) (5,) (5,)
(169, 2, 1) (5,) (5,)
(169, 2, 2) (5,) (5,)
(170, 0, 0) (5,) (5,)
(170, 0, 1) (5,) (5,)
(170, 0, 2) (5,) (5,)
(170, 1, 0) (5,) (5,)
(170, 1, 1) (5,) (5,)
(170, 1, 2) (5,) (5,)
(170, 2, 0) (5,) (5,)
(170, 2, 1) (5,) (5,)
(170, 2, 2) (5,) (5,)
(171, 0, 0) (5,) (5,)
(171, 0, 1) (5,) (5,)
(171, 0, 2) (5,) (5,)
(171, 1, 0) (5,) (5,)
(171, 1, 1) (5,) (5,)
(171, 1, 2) (5,) (5,)
(171, 2, 0) (5,) (5,)
(171, 2, 1) (5,) (5,)
(171, 2, 2) (5,) (5,)
(172, 0, 0) (5,) (5,)
(172, 0, 1) (5,) (5,)
(172, 0, 2) (5,) (5,)
(172, 1, 0) (5,) (5,)
(172, 1, 1) (5,) (5,)
(172, 1, 2) (5,) (5,)
(172, 2, 0) (5,) (5,)
(172, 2, 1) (5,) (5,)
(172, 2, 2) (5,) (5,)
(173, 0, 0) (5,) (5,)
(173, 0, 1) (5,) (5,)
(173, 0, 2) (5,) (5,)
(173, 1, 0) (5,) (5,)
(173, 1, 1) (5,) (5,)
(173, 1, 2) (5,) (5,)
(173, 2, 0) (5,) (5,)
(173, 2, 1) (5,) (5,)
(173, 2, 2) (5,) (5,)
(174, 0, 0) (5,) (5,)
(174, 0, 1) (5,) (5,)
(174, 0, 2) (5,) (5,)
(174, 1, 0) (5,) (5,)
(174, 1, 1) (5,) (5,)
(174, 1, 2) (5,) (5,)
(174, 2, 0) (5,) (5,)
(174, 2, 1) (5,) (5,)
(174, 2, 2) (5,) (5,)
(175, 0, 0) (5,) (5,)
(175, 0, 1) (5,) (5,)
(175, 0, 2) (5,) (5,)
(175, 1, 0) (5,) (5,)
(175, 1, 1) (5,) (5,)
(175, 1, 2) (5,) (5,)
(175, 2, 0) (5,) (5,)
(175, 2, 1) (5,) (5,)
(175, 2, 2) (5,) (5,)
(176, 0, 0) (5,) (5,)
(176, 0, 1) (5,) (5,)
(176, 0, 2) (5,) (5,)
(176, 1, 0) (5,) (5,)
(176, 1, 1) (5,) (5,)
(176, 1, 2) (5,) (5,)
(176, 2, 0) (5,) (5,)
(176, 2, 1) (5,) (5,)
(176, 2, 2) (5,) (5,)
(177, 0, 0) (5,) (5,)
(177, 0, 1) (5,) (5,)
(177, 0, 2) (5,) (5,)
(177, 1, 0) (5,) (5,)
(177, 1, 1) (5,) (5,)
(177, 1, 2) (5,) (5,)
(177, 2, 0) (5,) (5,)
(177, 2, 1) (5,) (5,)
(177, 2, 2) (5,) (5,)
(178, 0, 0) (5,) (5,)
(178, 0, 1) (5,) (5,)
(178, 0, 2) (5,) (5,)
(178, 1, 0) (5,) (5,)
(178, 1, 1) (5,) (5,)
(178, 1, 2) (5,) (5,)
(178, 2, 0) (5,) (5,)
(178, 2, 1) (5,) (5,)
(178, 2, 2) (5,) (5,)
(179, 0, 0) (5,) (5,)
(179, 0, 1) (5,) (5,)
(179, 0, 2) (5,) (5,)
(179, 1, 0) (5,) (5,)
(179, 1, 1) (5,) (5,)
(179, 1, 2) (5,) (5,)
(179, 2, 0) (5,) (5,)
(179, 2, 1) (5,) (5,)
(179, 2, 2) (5,) (5,)
(180, 0, 0) (5,) (5,)
(180, 0, 1) (5,) (5,)
(180, 0, 2) (5,) (5,)
(180, 1, 0) (5,) (5,)
(180, 1, 1) (5,) (5,)
(180, 1, 2) (5,) (5,)
(180, 2, 0) (5,) (5,)
(180, 2, 1) (5,) (5,)
(180, 2, 2) (5,) (5,)
(181, 0, 0) (5,) (5,)
(181, 0, 1) (5,) (5,)
(181, 0, 2) (5,) (5,)
(181, 1, 0) (5,) (5,)
(181, 1, 1) (5,) (5,)
(181, 1, 2) (5,) (5,)
(181, 2, 0) (5,) (5,)
(181, 2, 1) (5,) (5,)
(181, 2, 2) (5,) (5,)
(182, 0, 0) (5,) (5,)
(182, 0, 1) (5,) (5,)
(182, 0, 2) (5,) (5,)
(182, 1, 0) (5,) (5,)
(182, 1, 1) (5,) (5,)
(182, 1, 2) (5,) (5,)
(182, 2, 0) (5,) (5,)
(182, 2, 1) (5,) (5,)
(182, 2, 2) (5,) (5,)
(183, 0, 0) (5,) (5,)
(183, 0, 1) (5,) (5,)
(183, 0, 2) (5,) (5,)
(183, 1, 0) (5,) (5,)
(183, 1, 1) (5,) (5,)
(183, 1, 2) (5,) (5,)
(183, 2, 0) (5,) (5,)
(183, 2, 1) (5,) (5,)
(183, 2, 2) (5,) (5,)
(184, 0, 0) (5,) (5,)
(184, 0, 1) (5,) (5,)
(184, 0, 2) (5,) (5,)
(184, 1, 0) (5,) (5,)
(184, 1, 1) (5,) (5,)
(184, 1, 2) (5,) (5,)
(184, 2, 0) (5,) (5,)
(184, 2, 1) (5,) (5,)
(184, 2, 2) (5,) (5,)
(185, 0, 0) (5,) (5,)
(185, 0, 1) (5,) (5,)
(185, 0, 2) (5,) (5,)
(185, 1, 0) (5,) (5,)
(185, 1, 1) (5,) (5,)
(185, 1, 2) (5,) (5,)
(185, 2, 0) (5,) (5,)
(185, 2, 1) (5,) (5,)
(185, 2, 2) (5,) (5,)
(186, 0, 0) (5,) (5,)
(186, 0, 1) (5,) (5,)
(186, 0, 2) (5,) (5,)
(186, 1, 0) (5,) (5,)
(186, 1, 1) (5,) (5,)
(186, 1, 2) (5,) (5,)
(186, 2, 0) (5,) (5,)
(186, 2, 1) (5,) (5,)
(186, 2, 2) (5,) (5,)
(187, 0, 0) (5,) (5,)
(187, 0, 1) (5,) (5,)
(187, 0, 2) (5,) (5,)
(187, 1, 0) (5,) (5,)
(187, 1, 1) (5,) (5,)
(187, 1, 2) (5,) (5,)
(187, 2, 0) (5,) (5,)
(187, 2, 1) (5,) (5,)
(187, 2, 2) (5,) (5,)
(188, 0, 0) (5,) (5,)
(188, 0, 1) (5,) (5,)
(188, 0, 2) (5,) (5,)
(188, 1, 0) (5,) (5,)
(188, 1, 1) (5,) (5,)
(188, 1, 2) (5,) (5,)
(188, 2, 0) (5,) (5,)
(188, 2, 1) (5,) (5,)
(188, 2, 2) (5,) (5,)
(189, 0, 0) (5,) (5,)
(189, 0, 1) (5,) (5,)
(189, 0, 2) (5,) (5,)
(189, 1, 0) (5,) (5,)
(189, 1, 1) (5,) (5,)
(189, 1, 2) (5,) (5,)
(189, 2, 0) (5,) (5,)
(189, 2, 1) (5,) (5,)
(189, 2, 2) (5,) (5,)
(190, 0, 0) (5,) (5,)
(190, 0, 1) (5,) (5,)
(190, 0, 2) (5,) (5,)
(190, 1, 0) (5,) (5,)
(190, 1, 1) (5,) (5,)
(190, 1, 2) (5,) (5,)
(190, 2, 0) (5,) (5,)
(190, 2, 1) (5,) (5,)
(190, 2, 2) (5,) (5,)
(191, 0, 0) (5,) (5,)
(191, 0, 1) (5,) (5,)
(191, 0, 2) (5,) (5,)
(191, 1, 0) (5,) (5,)
(191, 1, 1) (5,) (5,)
(191, 1, 2) (5,) (5,)
(191, 2, 0) (5,) (5,)
(191, 2, 1) (5,) (5,)
(191, 2, 2) (5,) (5,)
(192, 0, 0) (5,) (5,)
(192, 0, 1) (5,) (5,)
(192, 0, 2) (5,) (5,)
(192, 1, 0) (5,) (5,)
(192, 1, 1) (5,) (5,)
(192, 1, 2) (5,) (5,)
(192, 2, 0) (5,) (5,)
(192, 2, 1) (5,) (5,)
(192, 2, 2) (5,) (5,)
(193, 0, 0) (5,) (5,)
(193, 0, 1) (5,) (5,)
(193, 0, 2) (5,) (5,)
(193, 1, 0) (5,) (5,)
(193, 1, 1) (5,) (5,)
(193, 1, 2) (5,) (5,)
(193, 2, 0) (5,) (5,)
(193, 2, 1) (5,) (5,)
(193, 2, 2) (5,) (5,)
(194, 0, 0) (5,) (5,)
(194, 0, 1) (5,) (5,)
(194, 0, 2) (5,) (5,)
(194, 1, 0) (5,) (5,)
(194, 1, 1) (5,) (5,)
(194, 1, 2) (5,) (5,)
(194, 2, 0) (5,) (5,)
(194, 2, 1) (5,) (5,)
(194, 2, 2) (5,) (5,)
(195, 0, 0) (5,) (5,)
(195, 0, 1) (5,) (5,)
(195, 0, 2) (5,) (5,)
(195, 1, 0) (5,) (5,)
(195, 1, 1) (5,) (5,)
(195, 1, 2) (5,) (5,)
(195, 2, 0) (5,) (5,)
(195, 2, 1) (5,) (5,)
(195, 2, 2) (5,) (5,)
(196, 0, 0) (5,) (5,)
(196, 0, 1) (5,) (5,)
(196, 0, 2) (5,) (5,)
(196, 1, 0) (5,) (5,)
(196, 1, 1) (5,) (5,)
(196, 1, 2) (5,) (5,)
(196, 2, 0) (5,) (5,)
(196, 2, 1) (5,) (5,)
(196, 2, 2) (5,) (5,)
(197, 0, 0) (5,) (5,)
(197, 0, 1) (5,) (5,)
(197, 0, 2) (5,) (5,)
(197, 1, 0) (5,) (5,)
(197, 1, 1) (5,) (5,)
(197, 1, 2) (5,) (5,)
(197, 2, 0) (5,) (5,)
(197, 2, 1) (5,) (5,)
(197, 2, 2) (5,) (5,)
(198, 0, 0) (5,) (5,)
(198, 0, 1) (5,) (5,)
(198, 0, 2) (5,) (5,)
(198, 1, 0) (5,) (5,)
(198, 1, 1) (5,) (5,)
(198, 1, 2) (5,) (5,)
(198, 2, 0) (5,) (5,)
(198, 2, 1) (5,) (5,)
(198, 2, 2) (5,) (5,)
(199, 0, 0) (5,) (5,)
(199, 0, 1) (5,) (5,)
(199, 0, 2) (5,) (5,)
(199, 1, 0) (5,) (5,)
(199, 1, 1) (5,) (5,)
(199, 1, 2) (5,) (5,)
(199, 2, 0) (5,) (5,)
(199, 2, 1) (5,) (5,)
(199, 2, 2) (5,) (5,)
(200, 0, 0) (5,) (5,)
(200, 0, 1) (5,) (5,)
(200, 0, 2) (5,) (5,)
(200, 1, 0) (5,) (5,)
(200, 1, 1) (5,) (5,)
(200, 1, 2) (5,) (5,)
(200, 2, 0) (5,) (5,)
(200, 2, 1) (5,) (5,)
(200, 2, 2) (5,) (5,)
(201, 0, 0) (5,) (5,)
(201, 0, 1) (5,) (5,)
(201, 0, 2) (5,) (5,)
(201, 1, 0) (5,) (5,)
(201, 1, 1) (5,) (5,)
(201, 1, 2) (5,) (5,)
(201, 2, 0) (5,) (5,)
(201, 2, 1) (5,) (5,)
(201, 2, 2) (5,) (5,)
(202, 0, 0) (5,) (5,)
(202, 0, 1) (5,) (5,)
(202, 0, 2) (5,) (5,)
(202, 1, 0) (5,) (5,)
(202, 1, 1) (5,) (5,)
(202, 1, 2) (5,) (5,)
(202, 2, 0) (5,) (5,)
(202, 2, 1) (5,) (5,)
(202, 2, 2) (5,) (5,)
(203, 0, 0) (5,) (5,)
(203, 0, 1) (5,) (5,)
(203, 0, 2) (5,) (5,)
(203, 1, 0) (5,) (5,)
(203, 1, 1) (5,) (5,)
(203, 1, 2) (5,) (5,)
(203, 2, 0) (5,) (5,)
(203, 2, 1) (5,) (5,)
(203, 2, 2) (5,) (5,)
(204, 0, 0) (5,) (5,)
(204, 0, 1) (5,) (5,)
(204, 0, 2) (5,) (5,)
(204, 1, 0) (5,) (5,)
(204, 1, 1) (5,) (5,)
(204, 1, 2) (5,) (5,)
(204, 2, 0) (5,) (5,)
(204, 2, 1) (5,) (5,)
(204, 2, 2) (5,) (5,)
(205, 0, 0) (5,) (5,)
(205, 0, 1) (5,) (5,)
(205, 0, 2) (5,) (5,)
(205, 1, 0) (5,) (5,)
(205, 1, 1) (5,) (5,)
(205, 1, 2) (5,) (5,)
(205, 2, 0) (5,) (5,)
(205, 2, 1) (5,) (5,)
(205, 2, 2) (5,) (5,)
(206, 0, 0) (5,) (5,)
(206, 0, 1) (5,) (5,)
(206, 0, 2) (5,) (5,)
(206, 1, 0) (5,) (5,)
(206, 1, 1) (5,) (5,)
(206, 1, 2) (5,) (5,)
(206, 2, 0) (5,) (5,)
(206, 2, 1) (5,) (5,)
(206, 2, 2) (5,) (5,)
(207, 0, 0) (5,) (5,)
(207, 0, 1) (5,) (5,)
(207, 0, 2) (5,) (5,)
(207, 1, 0) (5,) (5,)
(207, 1, 1) (5,) (5,)
(207, 1, 2) (5,) (5,)
(207, 2, 0) (5,) (5,)
(207, 2, 1) (5,) (5,)
(207, 2, 2) (5,) (5,)
(208, 0, 0) (5,) (5,)
(208, 0, 1) (5,) (5,)
(208, 0, 2) (5,) (5,)
(208, 1, 0) (5,) (5,)
(208, 1, 1) (5,) (5,)
(208, 1, 2) (5,) (5,)
(208, 2, 0) (5,) (5,)
(208, 2, 1) (5,) (5,)
(208, 2, 2) (5,) (5,)
(209, 0, 0) (5,) (5,)
(209, 0, 1) (5,) (5,)
(209, 0, 2) (5,) (5,)
(209, 1, 0) (5,) (5,)
(209, 1, 1) (5,) (5,)
(209, 1, 2) (5,) (5,)
(209, 2, 0) (5,) (5,)
(209, 2, 1) (5,) (5,)
(209, 2, 2) (5,) (5,)
(210, 0, 0) (5,) (5,)
(210, 0, 1) (5,) (5,)
(210, 0, 2) (5,) (5,)
(210, 1, 0) (5,) (5,)
(210, 1, 1) (5,) (5,)
(210, 1, 2) (5,) (5,)
(210, 2, 0) (5,) (5,)
(210, 2, 1) (5,) (5,)
(210, 2, 2) (5,) (5,)
(211, 0, 0) (5,) (5,)
(211, 0, 1) (5,) (5,)
(211, 0, 2) (5,) (5,)
(211, 1, 0) (5,) (5,)
(211, 1, 1) (5,) (5,)
(211, 1, 2) (5,) (5,)
(211, 2, 0) (5,) (5,)
(211, 2, 1) (5,) (5,)
(211, 2, 2) (5,) (5,)
(212, 0, 0) (5,) (5,)
(212, 0, 1) (5,) (5,)
(212, 0, 2) (5,) (5,)
(212, 1, 0) (5,) (5,)
(212, 1, 1) (5,) (5,)
(212, 1, 2) (5,) (5,)
(212, 2, 0) (5,) (5,)
(212, 2, 1) (5,) (5,)
(212, 2, 2) (5,) (5,)
(213, 0, 0) (5,) (5,)
(213, 0, 1) (5,) (5,)
(213, 0, 2) (5,) (5,)
(213, 1, 0) (5,) (5,)
(213, 1, 1) (5,) (5,)
(213, 1, 2) (5,) (5,)
(213, 2, 0) (5,) (5,)
(213, 2, 1) (5,) (5,)
(213, 2, 2) (5,) (5,)
(214, 0, 0) (5,) (5,)
(214, 0, 1) (5,) (5,)
(214, 0, 2) (5,) (5,)
(214, 1, 0) (5,) (5,)
(214, 1, 1) (5,) (5,)
(214, 1, 2) (5,) (5,)
(214, 2, 0) (5,) (5,)
(214, 2, 1) (5,) (5,)
(214, 2, 2) (5,) (5,)
(215, 0, 0) (5,) (5,)
(215, 0, 1) (5,) (5,)
(215, 0, 2) (5,) (5,)
(215, 1, 0) (5,) (5,)
(215, 1, 1) (5,) (5,)
(215, 1, 2) (5,) (5,)
(215, 2, 0) (5,) (5,)
(215, 2, 1) (5,) (5,)
(215, 2, 2) (5,) (5,)
(216, 0, 0) (5,) (5,)
(216, 0, 1) (5,) (5,)
(216, 0, 2) (5,) (5,)
(216, 1, 0) (5,) (5,)
(216, 1, 1) (5,) (5,)
(216, 1, 2) (5,) (5,)
(216, 2, 0) (5,) (5,)
(216, 2, 1) (5,) (5,)
(216, 2, 2) (5,) (5,)
(217, 0, 0) (5,) (5,)
(217, 0, 1) (5,) (5,)
(217, 0, 2) (5,) (5,)
(217, 1, 0) (5,) (5,)
(217, 1, 1) (5,) (5,)
(217, 1, 2) (5,) (5,)
(217, 2, 0) (5,) (5,)
(217, 2, 1) (5,) (5,)
(217, 2, 2) (5,) (5,)
(218, 0, 0) (5,) (5,)
(218, 0, 1) (5,) (5,)
(218, 0, 2) (5,) (5,)
(218, 1, 0) (5,) (5,)
(218, 1, 1) (5,) (5,)
(218, 1, 2) (5,) (5,)
(218, 2, 0) (5,) (5,)
(218, 2, 1) (5,) (5,)
(218, 2, 2) (5,) (5,)
(219, 0, 0) (5,) (5,)
(219, 0, 1) (5,) (5,)
(219, 0, 2) (5,) (5,)
(219, 1, 0) (5,) (5,)
(219, 1, 1) (5,) (5,)
(219, 1, 2) (5,) (5,)
(219, 2, 0) (5,) (5,)
(219, 2, 1) (5,) (5,)
(219, 2, 2) (5,) (5,)
(220, 0, 0) (5,) (5,)
(220, 0, 1) (5,) (5,)
(220, 0, 2) (5,) (5,)
(220, 1, 0) (5,) (5,)
(220, 1, 1) (5,) (5,)
(220, 1, 2) (5,) (5,)
(220, 2, 0) (5,) (5,)
(220, 2, 1) (5,) (5,)
(220, 2, 2) (5,) (5,)
(221, 0, 0) (5,) (5,)
(221, 0, 1) (5,) (5,)
(221, 0, 2) (5,) (5,)
(221, 1, 0) (5,) (5,)
(221, 1, 1) (5,) (5,)
(221, 1, 2) (5,) (5,)
(221, 2, 0) (5,) (5,)
(221, 2, 1) (5,) (5,)
(221, 2, 2) (5,) (5,)
(222, 0, 0) (5,) (5,)
(222, 0, 1) (5,) (5,)
(222, 0, 2) (5,) (5,)
(222, 1, 0) (5,) (5,)
(222, 1, 1) (5,) (5,)
(222, 1, 2) (5,) (5,)
(222, 2, 0) (5,) (5,)
(222, 2, 1) (5,) (5,)
(222, 2, 2) (5,) (5,)
(223, 0, 0) (5,) (5,)
(223, 0, 1) (5,) (5,)
(223, 0, 2) (5,) (5,)
(223, 1, 0) (5,) (5,)
(223, 1, 1) (5,) (5,)
(223, 1, 2) (5,) (5,)
(223, 2, 0) (5,) (5,)
(223, 2, 1) (5,) (5,)
(223, 2, 2) (5,) (5,)
(224, 0, 0) (5,) (5,)
(224, 0, 1) (5,) (5,)
(224, 0, 2) (5,) (5,)
(224, 1, 0) (5,) (5,)
(224, 1, 1) (5,) (5,)
(224, 1, 2) (5,) (5,)
(224, 2, 0) (5,) (5,)
(224, 2, 1) (5,) (5,)
(224, 2, 2) (5,) (5,)
(225, 0, 0) (5,) (5,)
(225, 0, 1) (5,) (5,)
(225, 0, 2) (5,) (5,)
(225, 1, 0) (5,) (5,)
(225, 1, 1) (5,) (5,)
(225, 1, 2) (5,) (5,)
(225, 2, 0) (5,) (5,)
(225, 2, 1) (5,) (5,)
(225, 2, 2) (5,) (5,)
(226, 0, 0) (5,) (5,)
(226, 0, 1) (5,) (5,)
(226, 0, 2) (5,) (5,)
(226, 1, 0) (5,) (5,)
(226, 1, 1) (5,) (5,)
(226, 1, 2) (5,) (5,)
(226, 2, 0) (5,) (5,)
(226, 2, 1) (5,) (5,)
(226, 2, 2) (5,) (5,)
(227, 0, 0) (5,) (5,)
(227, 0, 1) (5,) (5,)
(227, 0, 2) (5,) (5,)
(227, 1, 0) (5,) (5,)
(227, 1, 1) (5,) (5,)
(227, 1, 2) (5,) (5,)
(227, 2, 0) (5,) (5,)
(227, 2, 1) (5,) (5,)
(227, 2, 2) (5,) (5,)
(228, 0, 0) (5,) (5,)
(228, 0, 1) (5,) (5,)
(228, 0, 2) (5,) (5,)
(228, 1, 0) (5,) (5,)
(228, 1, 1) (5,) (5,)
(228, 1, 2) (5,) (5,)
(228, 2, 0) (5,) (5,)
(228, 2, 1) (5,) (5,)
(228, 2, 2) (5,) (5,)
(229, 0, 0) (5,) (5,)
(229, 0, 1) (5,) (5,)
(229, 0, 2) (5,) (5,)
(229, 1, 0) (5,) (5,)
(229, 1, 1) (5,) (5,)
(229, 1, 2) (5,) (5,)
(229, 2, 0) (5,) (5,)
(229, 2, 1) (5,) (5,)
(229, 2, 2) (5,) (5,)
(230, 0, 0) (5,) (5,)
(230, 0, 1) (5,) (5,)
(230, 0, 2) (5,) (5,)
(230, 1, 0) (5,) (5,)
(230, 1, 1) (5,) (5,)
(230, 1, 2) (5,) (5,)
(230, 2, 0) (5,) (5,)
(230, 2, 1) (5,) (5,)
(230, 2, 2) (5,) (5,)
(231, 0, 0) (5,) (5,)
(231, 0, 1) (5,) (5,)
(231, 0, 2) (5,) (5,)
(231, 1, 0) (5,) (5,)
(231, 1, 1) (5,) (5,)
(231, 1, 2) (5,) (5,)
(231, 2, 0) (5,) (5,)
(231, 2, 1) (5,) (5,)
(231, 2, 2) (5,) (5,)
(232, 0, 0) (5,) (5,)
(232, 0, 1) (5,) (5,)
(232, 0, 2) (5,) (5,)
(232, 1, 0) (5,) (5,)
(232, 1, 1) (5,) (5,)
(232, 1, 2) (5,) (5,)
(232, 2, 0) (5,) (5,)
(232, 2, 1) (5,) (5,)
(232, 2, 2) (5,) (5,)
(233, 0, 0) (5,) (5,)
(233, 0, 1) (5,) (5,)
(233, 0, 2) (5,) (5,)
(233, 1, 0) (5,) (5,)
(233, 1, 1) (5,) (5,)
(233, 1, 2) (5,) (5,)
(233, 2, 0) (5,) (5,)
(233, 2, 1) (5,) (5,)
(233, 2, 2) (5,) (5,)
(234, 0, 0) (5,) (5,)
(234, 0, 1) (5,) (5,)
(234, 0, 2) (5,) (5,)
(234, 1, 0) (5,) (5,)
(234, 1, 1) (5,) (5,)
(234, 1, 2) (5,) (5,)
(234, 2, 0) (5,) (5,)
(234, 2, 1) (5,) (5,)
(234, 2, 2) (5,) (5,)
(235, 0, 0) (5,) (5,)
(235, 0, 1) (5,) (5,)
(235, 0, 2) (5,) (5,)
(235, 1, 0) (5,) (5,)
(235, 1, 1) (5,) (5,)
(235, 1, 2) (5,) (5,)
(235, 2, 0) (5,) (5,)
(235, 2, 1) (5,) (5,)
(235, 2, 2) (5,) (5,)
(236, 0, 0) (5,) (5,)
(236, 0, 1) (5,) (5,)
(236, 0, 2) (5,) (5,)
(236, 1, 0) (5,) (5,)
(236, 1, 1) (5,) (5,)
(236, 1, 2) (5,) (5,)
(236, 2, 0) (5,) (5,)
(236, 2, 1) (5,) (5,)
(236, 2, 2) (5,) (5,)
(237, 0, 0) (5,) (5,)
(237, 0, 1) (5,) (5,)
(237, 0, 2) (5,) (5,)
(237, 1, 0) (5,) (5,)
(237, 1, 1) (5,) (5,)
(237, 1, 2) (5,) (5,)
(237, 2, 0) (5,) (5,)
(237, 2, 1) (5,) (5,)
(237, 2, 2) (5,) (5,)
(238, 0, 0) (5,) (5,)
(238, 0, 1) (5,) (5,)
(238, 0, 2) (5,) (5,)
(238, 1, 0) (5,) (5,)
(238, 1, 1) (5,) (5,)
(238, 1, 2) (5,) (5,)
(238, 2, 0) (5,) (5,)
(238, 2, 1) (5,) (5,)
(238, 2, 2) (5,) (5,)
(239, 0, 0) (5,) (5,)
(239, 0, 1) (5,) (5,)
(239, 0, 2) (5,) (5,)
(239, 1, 0) (5,) (5,)
(239, 1, 1) (5,) (5,)
(239, 1, 2) (5,) (5,)
(239, 2, 0) (5,) (5,)
(239, 2, 1) (5,) (5,)
(239, 2, 2) (5,) (5,)
(240, 0, 0) (5,) (5,)
(240, 0, 1) (5,) (5,)
(240, 0, 2) (5,) (5,)
(240, 1, 0) (5,) (5,)
(240, 1, 1) (5,) (5,)
(240, 1, 2) (5,) (5,)
(240, 2, 0) (5,) (5,)
(240, 2, 1) (5,) (5,)
(240, 2, 2) (5,) (5,)
(241, 0, 0) (5,) (5,)
(241, 0, 1) (5,) (5,)
(241, 0, 2) (5,) (5,)
(241, 1, 0) (5,) (5,)
(241, 1, 1) (5,) (5,)
(241, 1, 2) (5,) (5,)
(241, 2, 0) (5,) (5,)
(241, 2, 1) (5,) (5,)
(241, 2, 2) (5,) (5,)
(242, 0, 0) (5,) (5,)
(242, 0, 1) (5,) (5,)
(242, 0, 2) (5,) (5,)
(242, 1, 0) (5,) (5,)
(242, 1, 1) (5,) (5,)
(242, 1, 2) (5,) (5,)
(242, 2, 0) (5,) (5,)
(242, 2, 1) (5,) (5,)
(242, 2, 2) (5,) (5,)
(243, 0, 0) (5,) (5,)
(243, 0, 1) (5,) (5,)
(243, 0, 2) (5,) (5,)
(243, 1, 0) (5,) (5,)
(243, 1, 1) (5,) (5,)
(243, 1, 2) (5,) (5,)
(243, 2, 0) (5,) (5,)
(243, 2, 1) (5,) (5,)
(243, 2, 2) (5,) (5,)
(244, 0, 0) (5,) (5,)
(244, 0, 1) (5,) (5,)
(244, 0, 2) (5,) (5,)
(244, 1, 0) (5,) (5,)
(244, 1, 1) (5,) (5,)
(244, 1, 2) (5,) (5,)
(244, 2, 0) (5,) (5,)
(244, 2, 1) (5,) (5,)
(244, 2, 2) (5,) (5,)
(245, 0, 0) (5,) (5,)
(245, 0, 1) (5,) (5,)
(245, 0, 2) (5,) (5,)
(245, 1, 0) (5,) (5,)
(245, 1, 1) (5,) (5,)
(245, 1, 2) (5,) (5,)
(245, 2, 0) (5,) (5,)
(245, 2, 1) (5,) (5,)
(245, 2, 2) (5,) (5,)
(246, 0, 0) (5,) (5,)
(246, 0, 1) (5,) (5,)
(246, 0, 2) (5,) (5,)
(246, 1, 0) (5,) (5,)
(246, 1, 1) (5,) (5,)
(246, 1, 2) (5,) (5,)
(246, 2, 0) (5,) (5,)
(246, 2, 1) (5,) (5,)
(246, 2, 2) (5,) (5,)
(247, 0, 0) (5,) (5,)
(247, 0, 1) (5,) (5,)
(247, 0, 2) (5,) (5,)
(247, 1, 0) (5,) (5,)
(247, 1, 1) (5,) (5,)
(247, 1, 2) (5,) (5,)
(247, 2, 0) (5,) (5,)
(247, 2, 1) (5,) (5,)
(247, 2, 2) (5,) (5,)
(248, 0, 0) (5,) (5,)
(248, 0, 1) (5,) (5,)
(248, 0, 2) (5,) (5,)
(248, 1, 0) (5,) (5,)
(248, 1, 1) (5,) (5,)
(248, 1, 2) (5,) (5,)
(248, 2, 0) (5,) (5,)
(248, 2, 1) (5,) (5,)
(248, 2, 2) (5,) (5,)
(249, 0, 0) (5,) (5,)
(249, 0, 1) (5,) (5,)
(249, 0, 2) (5,) (5,)
(249, 1, 0) (5,) (5,)
(249, 1, 1) (5,) (5,)
(249, 1, 2) (5,) (5,)
(249, 2, 0) (5,) (5,)
(249, 2, 1) (5,) (5,)
(249, 2, 2) (5,) (5,)
(250, 0, 0) (5,) (5,)
(250, 0, 1) (5,) (5,)
(250, 0, 2) (5,) (5,)
(250, 1, 0) (5,) (5,)
(250, 1, 1) (5,) (5,)
(250, 1, 2) (5,) (5,)
(250, 2, 0) (5,) (5,)
(250, 2, 1) (5,) (5,)
(250, 2, 2) (5,) (5,)
(251, 0, 0) (5,) (5,)
(251, 0, 1) (5,) (5,)
(251, 0, 2) (5,) (5,)
(251, 1, 0) (5,) (5,)
(251, 1, 1) (5,) (5,)
(251, 1, 2) (5,) (5,)
(251, 2, 0) (5,) (5,)
(251, 2, 1) (5,) (5,)
(251, 2, 2) (5,) (5,)
(252, 0, 0) (5,) (5,)
(252, 0, 1) (5,) (5,)
(252, 0, 2) (5,) (5,)
(252, 1, 0) (5,) (5,)
(252, 1, 1) (5,) (5,)
(252, 1, 2) (5,) (5,)
(252, 2, 0) (5,) (5,)
(252, 2, 1) (5,) (5,)
(252, 2, 2) (5,) (5,)
(253, 0, 0) (5,) (5,)
(253, 0, 1) (5,) (5,)
(253, 0, 2) (5,) (5,)
(253, 1, 0) (5,) (5,)
(253, 1, 1) (5,) (5,)
(253, 1, 2) (5,) (5,)
(253, 2, 0) (5,) (5,)
(253, 2, 1) (5,) (5,)
(253, 2, 2) (5,) (5,)
(254, 0, 0) (5,) (5,)
(254, 0, 1) (5,) (5,)
(254, 0, 2) (5,) (5,)
(254, 1, 0) (5,) (5,)
(254, 1, 1) (5,) (5,)
(254, 1, 2) (5,) (5,)
(254, 2, 0) (5,) (5,)
(254, 2, 1) (5,) (5,)
(254, 2, 2) (5,) (5,)
(255, 0, 0) (5,) (5,)
(255, 0, 1) (5,) (5,)
(255, 0, 2) (5,) (5,)
(255, 1, 0) (5,) (5,)
(255, 1, 1) (5,) (5,)
(255, 1, 2) (5,) (5,)
(255, 2, 0) (5,) (5,)
(255, 2, 1) (5,) (5,)
(255, 2, 2) (5,) (5,)
(256, 0, 0) (5,) (5,)
(256, 0, 1) (5,) (5,)
(256, 0, 2) (5,) (5,)
(256, 1, 0) (5,) (5,)
(256, 1, 1) (5,) (5,)
(256, 1, 2) (5,) (5,)
(256, 2, 0) (5,) (5,)
(256, 2, 1) (5,) (5,)
(256, 2, 2) (5,) (5,)
(257, 0, 0) (5,) (5,)
(257, 0, 1) (5,) (5,)
(257, 0, 2) (5,) (5,)
(257, 1, 0) (5,) (5,)
(257, 1, 1) (5,) (5,)
(257, 1, 2) (5,) (5,)
(257, 2, 0) (5,) (5,)
(257, 2, 1) (5,) (5,)
(257, 2, 2) (5,) (5,)
(258, 0, 0) (5,) (5,)
(258, 0, 1) (5,) (5,)
(258, 0, 2) (5,) (5,)
(258, 1, 0) (5,) (5,)
(258, 1, 1) (5,) (5,)
(258, 1, 2) (5,) (5,)
(258, 2, 0) (5,) (5,)
(258, 2, 1) (5,) (5,)
(258, 2, 2) (5,) (5,)
(259, 0, 0) (5,) (5,)
(259, 0, 1) (5,) (5,)
(259, 0, 2) (5,) (5,)
(259, 1, 0) (5,) (5,)
(259, 1, 1) (5,) (5,)
(259, 1, 2) (5,) (5,)
(259, 2, 0) (5,) (5,)
(259, 2, 1) (5,) (5,)
(259, 2, 2) (5,) (5,)
(260, 0, 0) (5,) (5,)
(260, 0, 1) (5,) (5,)
(260, 0, 2) (5,) (5,)
(260, 1, 0) (5,) (5,)
(260, 1, 1) (5,) (5,)
(260, 1, 2) (5,) (5,)
(260, 2, 0) (5,) (5,)
(260, 2, 1) (5,) (5,)
(260, 2, 2) (5,) (5,)
(261, 0, 0) (5,) (5,)
(261, 0, 1) (5,) (5,)
(261, 0, 2) (5,) (5,)
(261, 1, 0) (5,) (5,)
(261, 1, 1) (5,) (5,)
(261, 1, 2) (5,) (5,)
(261, 2, 0) (5,) (5,)
(261, 2, 1) (5,) (5,)
(261, 2, 2) (5,) (5,)
(262, 0, 0) (5,) (5,)
(262, 0, 1) (5,) (5,)
(262, 0, 2) (5,) (5,)
(262, 1, 0) (5,) (5,)
(262, 1, 1) (5,) (5,)
(262, 1, 2) (5,) (5,)
(262, 2, 0) (5,) (5,)
(262, 2, 1) (5,) (5,)
(262, 2, 2) (5,) (5,)
(263, 0, 0) (5,) (5,)
(263, 0, 1) (5,) (5,)
(263, 0, 2) (5,) (5,)
(263, 1, 0) (5,) (5,)
(263, 1, 1) (5,) (5,)
(263, 1, 2) (5,) (5,)
(263, 2, 0) (5,) (5,)
(263, 2, 1) (5,) (5,)
(263, 2, 2) (5,) (5,)
(264, 0, 0) (5,) (5,)
(264, 0, 1) (5,) (5,)
(264, 0, 2) (5,) (5,)
(264, 1, 0) (5,) (5,)
(264, 1, 1) (5,) (5,)
(264, 1, 2) (5,) (5,)
(264, 2, 0) (5,) (5,)
(264, 2, 1) (5,) (5,)
(264, 2, 2) (5,) (5,)
(265, 0, 0) (5,) (5,)
(265, 0, 1) (5,) (5,)
(265, 0, 2) (5,) (5,)
(265, 1, 0) (5,) (5,)
(265, 1, 1) (5,) (5,)
(265, 1, 2) (5,) (5,)
(265, 2, 0) (5,) (5,)
(265, 2, 1) (5,) (5,)
(265, 2, 2) (5,) (5,)
(266, 0, 0) (5,) (5,)
(266, 0, 1) (5,) (5,)
(266, 0, 2) (5,) (5,)
(266, 1, 0) (5,) (5,)
(266, 1, 1) (5,) (5,)
(266, 1, 2) (5,) (5,)
(266, 2, 0) (5,) (5,)
(266, 2, 1) (5,) (5,)
(266, 2, 2) (5,) (5,)
(267, 0, 0) (5,) (5,)
(267, 0, 1) (5,) (5,)
(267, 0, 2) (5,) (5,)
(267, 1, 0) (5,) (5,)
(267, 1, 1) (5,) (5,)
(267, 1, 2) (5,) (5,)
(267, 2, 0) (5,) (5,)
(267, 2, 1) (5,) (5,)
(267, 2, 2) (5,) (5,)
(268, 0, 0) (5,) (5,)
(268, 0, 1) (5,) (5,)
(268, 0, 2) (5,) (5,)
(268, 1, 0) (5,) (5,)
(268, 1, 1) (5,) (5,)
(268, 1, 2) (5,) (5,)
(268, 2, 0) (5,) (5,)
(268, 2, 1) (5,) (5,)
(268, 2, 2) (5,) (5,)
(269, 0, 0) (5,) (5,)
(269, 0, 1) (5,) (5,)
(269, 0, 2) (5,) (5,)
(269, 1, 0) (5,) (5,)
(269, 1, 1) (5,) (5,)
(269, 1, 2) (5,) (5,)
(269, 2, 0) (5,) (5,)
(269, 2, 1) (5,) (5,)
(269, 2, 2) (5,) (5,)
(270, 0, 0) (5,) (5,)
(270, 0, 1) (5,) (5,)
(270, 0, 2) (5,) (5,)
(270, 1, 0) (5,) (5,)
(270, 1, 1) (5,) (5,)
(270, 1, 2) (5,) (5,)
(270, 2, 0) (5,) (5,)
(270, 2, 1) (5,) (5,)
(270, 2, 2) (5,) (5,)
(271, 0, 0) (5,) (5,)
(271, 0, 1) (5,) (5,)
(271, 0, 2) (5,) (5,)
(271, 1, 0) (5,) (5,)
(271, 1, 1) (5,) (5,)
(271, 1, 2) (5,) (5,)
(271, 2, 0) (5,) (5,)
(271, 2, 1) (5,) (5,)
(271, 2, 2) (5,) (5,)
(272, 0, 0) (5,) (5,)
(272, 0, 1) (5,) (5,)
(272, 0, 2) (5,) (5,)
(272, 1, 0) (5,) (5,)
(272, 1, 1) (5,) (5,)
(272, 1, 2) (5,) (5,)
(272, 2, 0) (5,) (5,)
(272, 2, 1) (5,) (5,)
(272, 2, 2) (5,) (5,)
(273, 0, 0) (5,) (5,)
(273, 0, 1) (5,) (5,)
(273, 0, 2) (5,) (5,)
(273, 1, 0) (5,) (5,)
(273, 1, 1) (5,) (5,)
(273, 1, 2) (5,) (5,)
(273, 2, 0) (5,) (5,)
(273, 2, 1) (5,) (5,)
(273, 2, 2) (5,) (5,)
(274, 0, 0) (5,) (5,)
(274, 0, 1) (5,) (5,)
(274, 0, 2) (5,) (5,)
(274, 1, 0) (5,) (5,)
(274, 1, 1) (5,) (5,)
(274, 1, 2) (5,) (5,)
(274, 2, 0) (5,) (5,)
(274, 2, 1) (5,) (5,)
(274, 2, 2) (5,) (5,)
(275, 0, 0) (5,) (5,)
(275, 0, 1) (5,) (5,)
(275, 0, 2) (5,) (5,)
(275, 1, 0) (5,) (5,)
(275, 1, 1) (5,) (5,)
(275, 1, 2) (5,) (5,)
(275, 2, 0) (5,) (5,)
(275, 2, 1) (5,) (5,)
(275, 2, 2) (5,) (5,)
(276, 0, 0) (5,) (5,)
(276, 0, 1) (5,) (5,)
(276, 0, 2) (5,) (5,)
(276, 1, 0) (5,) (5,)
(276, 1, 1) (5,) (5,)
(276, 1, 2) (5,) (5,)
(276, 2, 0) (5,) (5,)
(276, 2, 1) (5,) (5,)
(276, 2, 2) (5,) (5,)
(277, 0, 0) (5,) (5,)
(277, 0, 1) (5,) (5,)
(277, 0, 2) (5,) (5,)
(277, 1, 0) (5,) (5,)
(277, 1, 1) (5,) (5,)
(277, 1, 2) (5,) (5,)
(277, 2, 0) (5,) (5,)
(277, 2, 1) (5,) (5,)
(277, 2, 2) (5,) (5,)
(278, 0, 0) (5,) (5,)
(278, 0, 1) (5,) (5,)
(278, 0, 2) (5,) (5,)
(278, 1, 0) (5,) (5,)
(278, 1, 1) (5,) (5,)
(278, 1, 2) (5,) (5,)
(278, 2, 0) (5,) (5,)
(278, 2, 1) (5,) (5,)
(278, 2, 2) (5,) (5,)
(279, 0, 0) (5,) (5,)
(279, 0, 1) (5,) (5,)
(279, 0, 2) (5,) (5,)
(279, 1, 0) (5,) (5,)
(279, 1, 1) (5,) (5,)
(279, 1, 2) (5,) (5,)
(279, 2, 0) (5,) (5,)
(279, 2, 1) (5,) (5,)
(279, 2, 2) (5,) (5,)
(280, 0, 0) (5,) (5,)
(280, 0, 1) (5,) (5,)
(280, 0, 2) (5,) (5,)
(280, 1, 0) (5,) (5,)
(280, 1, 1) (5,) (5,)
(280, 1, 2) (5,) (5,)
(280, 2, 0) (5,) (5,)
(280, 2, 1) (5,) (5,)
(280, 2, 2) (5,) (5,)
(281, 0, 0) (5,) (5,)
(281, 0, 1) (5,) (5,)
(281, 0, 2) (5,) (5,)
(281, 1, 0) (5,) (5,)
(281, 1, 1) (5,) (5,)
(281, 1, 2) (5,) (5,)
(281, 2, 0) (5,) (5,)
(281, 2, 1) (5,) (5,)
(281, 2, 2) (5,) (5,)
(282, 0, 0) (5,) (5,)
(282, 0, 1) (5,) (5,)
(282, 0, 2) (5,) (5,)
(282, 1, 0) (5,) (5,)
(282, 1, 1) (5,) (5,)
(282, 1, 2) (5,) (5,)
(282, 2, 0) (5,) (5,)
(282, 2, 1) (5,) (5,)
(282, 2, 2) (5,) (5,)
(283, 0, 0) (5,) (5,)
(283, 0, 1) (5,) (5,)
(283, 0, 2) (5,) (5,)
(283, 1, 0) (5,) (5,)
(283, 1, 1) (5,) (5,)
(283, 1, 2) (5,) (5,)
(283, 2, 0) (5,) (5,)
(283, 2, 1) (5,) (5,)
(283, 2, 2) (5,) (5,)
(284, 0, 0) (5,) (5,)
(284, 0, 1) (5,) (5,)
(284, 0, 2) (5,) (5,)
(284, 1, 0) (5,) (5,)
(284, 1, 1) (5,) (5,)
(284, 1, 2) (5,) (5,)
(284, 2, 0) (5,) (5,)
(284, 2, 1) (5,) (5,)
(284, 2, 2) (5,) (5,)
(285, 0, 0) (5,) (5,)
(285, 0, 1) (5,) (5,)
(285, 0, 2) (5,) (5,)
(285, 1, 0) (5,) (5,)
(285, 1, 1) (5,) (5,)
(285, 1, 2) (5,) (5,)
(285, 2, 0) (5,) (5,)
(285, 2, 1) (5,) (5,)
(285, 2, 2) (5,) (5,)
(286, 0, 0) (5,) (5,)
(286, 0, 1) (5,) (5,)
(286, 0, 2) (5,) (5,)
(286, 1, 0) (5,) (5,)
(286, 1, 1) (5,) (5,)
(286, 1, 2) (5,) (5,)
(286, 2, 0) (5,) (5,)
(286, 2, 1) (5,) (5,)
(286, 2, 2) (5,) (5,)
(287, 0, 0) (5,) (5,)
(287, 0, 1) (5,) (5,)
(287, 0, 2) (5,) (5,)
(287, 1, 0) (5,) (5,)
(287, 1, 1) (5,) (5,)
(287, 1, 2) (5,) (5,)
(287, 2, 0) (5,) (5,)
(287, 2, 1) (5,) (5,)
(287, 2, 2) (5,) (5,)
(288, 0, 0) (5,) (5,)
(288, 0, 1) (5,) (5,)
(288, 0, 2) (5,) (5,)
(288, 1, 0) (5,) (5,)
(288, 1, 1) (5,) (5,)
(288, 1, 2) (5,) (5,)
(288, 2, 0) (5,) (5,)
(288, 2, 1) (5,) (5,)
(288, 2, 2) (5,) (5,)
(289, 0, 0) (5,) (5,)
(289, 0, 1) (5,) (5,)
(289, 0, 2) (5,) (5,)
(289, 1, 0) (5,) (5,)
(289, 1, 1) (5,) (5,)
(289, 1, 2) (5,) (5,)
(289, 2, 0) (5,) (5,)
(289, 2, 1) (5,) (5,)
(289, 2, 2) (5,) (5,)
(290, 0, 0) (5,) (5,)
(290, 0, 1) (5,) (5,)
(290, 0, 2) (5,) (5,)
(290, 1, 0) (5,) (5,)
(290, 1, 1) (5,) (5,)
(290, 1, 2) (5,) (5,)
(290, 2, 0) (5,) (5,)
(290, 2, 1) (5,) (5,)
(290, 2, 2) (5,) (5,)
(291, 0, 0) (5,) (5,)
(291, 0, 1) (5,) (5,)
(291, 0, 2) (5,) (5,)
(291, 1, 0) (5,) (5,)
(291, 1, 1) (5,) (5,)
(291, 1, 2) (5,) (5,)
(291, 2, 0) (5,) (5,)
(291, 2, 1) (5,) (5,)
(291, 2, 2) (5,) (5,)
(292, 0, 0) (5,) (5,)
(292, 0, 1) (5,) (5,)
(292, 0, 2) (5,) (5,)
(292, 1, 0) (5,) (5,)
(292, 1, 1) (5,) (5,)
(292, 1, 2) (5,) (5,)
(292, 2, 0) (5,) (5,)
(292, 2, 1) (5,) (5,)
(292, 2, 2) (5,) (5,)
(293, 0, 0) (5,) (5,)
(293, 0, 1) (5,) (5,)
(293, 0, 2) (5,) (5,)
(293, 1, 0) (5,) (5,)
(293, 1, 1) (5,) (5,)
(293, 1, 2) (5,) (5,)
(293, 2, 0) (5,) (5,)
(293, 2, 1) (5,) (5,)
(293, 2, 2) (5,) (5,)
(294, 0, 0) (5,) (5,)
(294, 0, 1) (5,) (5,)
(294, 0, 2) (5,) (5,)
(294, 1, 0) (5,) (5,)
(294, 1, 1) (5,) (5,)
(294, 1, 2) (5,) (5,)
(294, 2, 0) (5,) (5,)
(294, 2, 1) (5,) (5,)
(294, 2, 2) (5,) (5,)
(295, 0, 0) (5,) (5,)
(295, 0, 1) (5,) (5,)
(295, 0, 2) (5,) (5,)
(295, 1, 0) (5,) (5,)
(295, 1, 1) (5,) (5,)
(295, 1, 2) (5,) (5,)
(295, 2, 0) (5,) (5,)
(295, 2, 1) (5,) (5,)
(295, 2, 2) (5,) (5,)
(296, 0, 0) (5,) (5,)
(296, 0, 1) (5,) (5,)
(296, 0, 2) (5,) (5,)
(296, 1, 0) (5,) (5,)
(296, 1, 1) (5,) (5,)
(296, 1, 2) (5,) (5,)
(296, 2, 0) (5,) (5,)
(296, 2, 1) (5,) (5,)
(296, 2, 2) (5,) (5,)
(297, 0, 0) (5,) (5,)
(297, 0, 1) (5,) (5,)
(297, 0, 2) (5,) (5,)
(297, 1, 0) (5,) (5,)
(297, 1, 1) (5,) (5,)
(297, 1, 2) (5,) (5,)
(297, 2, 0) (5,) (5,)
(297, 2, 1) (5,) (5,)
(297, 2, 2) (5,) (5,)
(298, 0, 0) (5,) (5,)
(298, 0, 1) (5,) (5,)
(298, 0, 2) (5,) (5,)
(298, 1, 0) (5,) (5,)
(298, 1, 1) (5,) (5,)
(298, 1, 2) (5,) (5,)
(298, 2, 0) (5,) (5,)
(298, 2, 1) (5,) (5,)
(298, 2, 2) (5,) (5,)
(299, 0, 0) (5,) (5,)
(299, 0, 1) (5,) (5,)
(299, 0, 2) (5,) (5,)
(299, 1, 0) (5,) (5,)
(299, 1, 1) (5,) (5,)
(299, 1, 2) (5,) (5,)
(299, 2, 0) (5,) (5,)
(299, 2, 1) (5,) (5,)
(299, 2, 2) (5,) (5,)
(300, 0, 0) (5,) (5,)
(300, 0, 1) (5,) (5,)
(300, 0, 2) (5,) (5,)
(300, 1, 0) (5,) (5,)
(300, 1, 1) (5,) (5,)
(300, 1, 2) (5,) (5,)
(300, 2, 0) (5,) (5,)
(300, 2, 1) (5,) (5,)
(300, 2, 2) (5,) (5,)
(301, 0, 0) (5,) (5,)
(301, 0, 1) (5,) (5,)
(301, 0, 2) (5,) (5,)
(301, 1, 0) (5,) (5,)
(301, 1, 1) (5,) (5,)
(301, 1, 2) (5,) (5,)
(301, 2, 0) (5,) (5,)
(301, 2, 1) (5,) (5,)
(301, 2, 2) (5,) (5,)
(302, 0, 0) (5,) (5,)
(302, 0, 1) (5,) (5,)
(302, 0, 2) (5,) (5,)
(302, 1, 0) (5,) (5,)
(302, 1, 1) (5,) (5,)
(302, 1, 2) (5,) (5,)
(302, 2, 0) (5,) (5,)
(302, 2, 1) (5,) (5,)
(302, 2, 2) (5,) (5,)
(303, 0, 0) (5,) (5,)
(303, 0, 1) (5,) (5,)
(303, 0, 2) (5,) (5,)
(303, 1, 0) (5,) (5,)
(303, 1, 1) (5,) (5,)
(303, 1, 2) (5,) (5,)
(303, 2, 0) (5,) (5,)
(303, 2, 1) (5,) (5,)
(303, 2, 2) (5,) (5,)
(304, 0, 0) (5,) (5,)
(304, 0, 1) (5,) (5,)
(304, 0, 2) (5,) (5,)
(304, 1, 0) (5,) (5,)
(304, 1, 1) (5,) (5,)
(304, 1, 2) (5,) (5,)
(304, 2, 0) (5,) (5,)
(304, 2, 1) (5,) (5,)
(304, 2, 2) (5,) (5,)
(305, 0, 0) (5,) (5,)
(305, 0, 1) (5,) (5,)
(305, 0, 2) (5,) (5,)
(305, 1, 0) (5,) (5,)
(305, 1, 1) (5,) (5,)
(305, 1, 2) (5,) (5,)
(305, 2, 0) (5,) (5,)
(305, 2, 1) (5,) (5,)
(305, 2, 2) (5,) (5,)
(306, 0, 0) (5,) (5,)
(306, 0, 1) (5,) (5,)
(306, 0, 2) (5,) (5,)
(306, 1, 0) (5,) (5,)
(306, 1, 1) (5,) (5,)
(306, 1, 2) (5,) (5,)
(306, 2, 0) (5,) (5,)
(306, 2, 1) (5,) (5,)
(306, 2, 2) (5,) (5,)
(307, 0, 0) (5,) (5,)
(307, 0, 1) (5,) (5,)
(307, 0, 2) (5,) (5,)
(307, 1, 0) (5,) (5,)
(307, 1, 1) (5,) (5,)
(307, 1, 2) (5,) (5,)
(307, 2, 0) (5,) (5,)
(307, 2, 1) (5,) (5,)
(307, 2, 2) (5,) (5,)
(308, 0, 0) (5,) (5,)
(308, 0, 1) (5,) (5,)
(308, 0, 2) (5,) (5,)
(308, 1, 0) (5,) (5,)
(308, 1, 1) (5,) (5,)
(308, 1, 2) (5,) (5,)
(308, 2, 0) (5,) (5,)
(308, 2, 1) (5,) (5,)
(308, 2, 2) (5,) (5,)
(309, 0, 0) (5,) (5,)
(309, 0, 1) (5,) (5,)
(309, 0, 2) (5,) (5,)
(309, 1, 0) (5,) (5,)
(309, 1, 1) (5,) (5,)
(309, 1, 2) (5,) (5,)
(309, 2, 0) (5,) (5,)
(309, 2, 1) (5,) (5,)
(309, 2, 2) (5,) (5,)
(310, 0, 0) (5,) (5,)
(310, 0, 1) (5,) (5,)
(310, 0, 2) (5,) (5,)
(310, 1, 0) (5,) (5,)
(310, 1, 1) (5,) (5,)
(310, 1, 2) (5,) (5,)
(310, 2, 0) (5,) (5,)
(310, 2, 1) (5,) (5,)
(310, 2, 2) (5,) (5,)
(311, 0, 0) (5,) (5,)
(311, 0, 1) (5,) (5,)
(311, 0, 2) (5,) (5,)
(311, 1, 0) (5,) (5,)
(311, 1, 1) (5,) (5,)
(311, 1, 2) (5,) (5,)
(311, 2, 0) (5,) (5,)
(311, 2, 1) (5,) (5,)
(311, 2, 2) (5,) (5,)
(312, 0, 0) (5,) (5,)
(312, 0, 1) (5,) (5,)
(312, 0, 2) (5,) (5,)
(312, 1, 0) (5,) (5,)
(312, 1, 1) (5,) (5,)
(312, 1, 2) (5,) (5,)
(312, 2, 0) (5,) (5,)
(312, 2, 1) (5,) (5,)
(312, 2, 2) (5,) (5,)
(313, 0, 0) (5,) (5,)
(313, 0, 1) (5,) (5,)
(313, 0, 2) (5,) (5,)
(313, 1, 0) (5,) (5,)
(313, 1, 1) (5,) (5,)
(313, 1, 2) (5,) (5,)
(313, 2, 0) (5,) (5,)
(313, 2, 1) (5,) (5,)
(313, 2, 2) (5,) (5,)
(314, 0, 0) (5,) (5,)
(314, 0, 1) (5,) (5,)
(314, 0, 2) (5,) (5,)
(314, 1, 0) (5,) (5,)
(314, 1, 1) (5,) (5,)
(314, 1, 2) (5,) (5,)
(314, 2, 0) (5,) (5,)
(314, 2, 1) (5,) (5,)
(314, 2, 2) (5,) (5,)
(315, 0, 0) (5,) (5,)
(315, 0, 1) (5,) (5,)
(315, 0, 2) (5,) (5,)
(315, 1, 0) (5,) (5,)
(315, 1, 1) (5,) (5,)
(315, 1, 2) (5,) (5,)
(315, 2, 0) (5,) (5,)
(315, 2, 1) (5,) (5,)
(315, 2, 2) (5,) (5,)
(316, 0, 0) (5,) (5,)
(316, 0, 1) (5,) (5,)
(316, 0, 2) (5,) (5,)
(316, 1, 0) (5,) (5,)
(316, 1, 1) (5,) (5,)
(316, 1, 2) (5,) (5,)
(316, 2, 0) (5,) (5,)
(316, 2, 1) (5,) (5,)
(316, 2, 2) (5,) (5,)
(317, 0, 0) (5,) (5,)
(317, 0, 1) (5,) (5,)
(317, 0, 2) (5,) (5,)
(317, 1, 0) (5,) (5,)
(317, 1, 1) (5,) (5,)
(317, 1, 2) (5,) (5,)
(317, 2, 0) (5,) (5,)
(317, 2, 1) (5,) (5,)
(317, 2, 2) (5,) (5,)
(318, 0, 0) (5,) (5,)
(318, 0, 1) (5,) (5,)
(318, 0, 2) (5,) (5,)
(318, 1, 0) (5,) (5,)
(318, 1, 1) (5,) (5,)
(318, 1, 2) (5,) (5,)
(318, 2, 0) (5,) (5,)
(318, 2, 1) (5,) (5,)
(318, 2, 2) (5,) (5,)
(319, 0, 0) (5,) (5,)
(319, 0, 1) (5,) (5,)
(319, 0, 2) (5,) (5,)
(319, 1, 0) (5,) (5,)
(319, 1, 1) (5,) (5,)
(319, 1, 2) (5,) (5,)
(319, 2, 0) (5,) (5,)
(319, 2, 1) (5,) (5,)
(319, 2, 2) (5,) (5,)
(320, 0, 0) (5,) (5,)
(320, 0, 1) (5,) (5,)
(320, 0, 2) (5,) (5,)
(320, 1, 0) (5,) (5,)
(320, 1, 1) (5,) (5,)
(320, 1, 2) (5,) (5,)
(320, 2, 0) (5,) (5,)
(320, 2, 1) (5,) (5,)
(320, 2, 2) (5,) (5,)
(321, 0, 0) (5,) (5,)
(321, 0, 1) (5,) (5,)
(321, 0, 2) (5,) (5,)
(321, 1, 0) (5,) (5,)
(321, 1, 1) (5,) (5,)
(321, 1, 2) (5,) (5,)
(321, 2, 0) (5,) (5,)
(321, 2, 1) (5,) (5,)
(321, 2, 2) (5,) (5,)
(322, 0, 0) (5,) (5,)
(322, 0, 1) (5,) (5,)
(322, 0, 2) (5,) (5,)
(322, 1, 0) (5,) (5,)
(322, 1, 1) (5,) (5,)
(322, 1, 2) (5,) (5,)
(322, 2, 0) (5,) (5,)
(322, 2, 1) (5,) (5,)
(322, 2, 2) (5,) (5,)
(323, 0, 0) (5,) (5,)
(323, 0, 1) (5,) (5,)
(323, 0, 2) (5,) (5,)
(323, 1, 0) (5,) (5,)
(323, 1, 1) (5,) (5,)
(323, 1, 2) (5,) (5,)
(323, 2, 0) (5,) (5,)
(323, 2, 1) (5,) (5,)
(323, 2, 2) (5,) (5,)
(324, 0, 0) (5,) (5,)
(324, 0, 1) (5,) (5,)
(324, 0, 2) (5,) (5,)
(324, 1, 0) (5,) (5,)
(324, 1, 1) (5,) (5,)
(324, 1, 2) (5,) (5,)
(324, 2, 0) (5,) (5,)
(324, 2, 1) (5,) (5,)
(324, 2, 2) (5,) (5,)
(325, 0, 0) (5,) (5,)
(325, 0, 1) (5,) (5,)
(325, 0, 2) (5,) (5,)
(325, 1, 0) (5,) (5,)
(325, 1, 1) (5,) (5,)
(325, 1, 2) (5,) (5,)
(325, 2, 0) (5,) (5,)
(325, 2, 1) (5,) (5,)
(325, 2, 2) (5,) (5,)
(326, 0, 0) (5,) (5,)
(326, 0, 1) (5,) (5,)
(326, 0, 2) (5,) (5,)
(326, 1, 0) (5,) (5,)
(326, 1, 1) (5,) (5,)
(326, 1, 2) (5,) (5,)
(326, 2, 0) (5,) (5,)
(326, 2, 1) (5,) (5,)
(326, 2, 2) (5,) (5,)
(327, 0, 0) (5,) (5,)
(327, 0, 1) (5,) (5,)
(327, 0, 2) (5,) (5,)
(327, 1, 0) (5,) (5,)
(327, 1, 1) (5,) (5,)
(327, 1, 2) (5,) (5,)
(327, 2, 0) (5,) (5,)
(327, 2, 1) (5,) (5,)
(327, 2, 2) (5,) (5,)
(328, 0, 0) (5,) (5,)
(328, 0, 1) (5,) (5,)
(328, 0, 2) (5,) (5,)
(328, 1, 0) (5,) (5,)
(328, 1, 1) (5,) (5,)
(328, 1, 2) (5,) (5,)
(328, 2, 0) (5,) (5,)
(328, 2, 1) (5,) (5,)
(328, 2, 2) (5,) (5,)
(329, 0, 0) (5,) (5,)
(329, 0, 1) (5,) (5,)
(329, 0, 2) (5,) (5,)
(329, 1, 0) (5,) (5,)
(329, 1, 1) (5,) (5,)
(329, 1, 2) (5,) (5,)
(329, 2, 0) (5,) (5,)
(329, 2, 1) (5,) (5,)
(329, 2, 2) (5,) (5,)
(330, 0, 0) (5,) (5,)
(330, 0, 1) (5,) (5,)
(330, 0, 2) (5,) (5,)
(330, 1, 0) (5,) (5,)
(330, 1, 1) (5,) (5,)
(330, 1, 2) (5,) (5,)
(330, 2, 0) (5,) (5,)
(330, 2, 1) (5,) (5,)
(330, 2, 2) (5,) (5,)
(331, 0, 0) (5,) (5,)
(331, 0, 1) (5,) (5,)
(331, 0, 2) (5,) (5,)
(331, 1, 0) (5,) (5,)
(331, 1, 1) (5,) (5,)
(331, 1, 2) (5,) (5,)
(331, 2, 0) (5,) (5,)
(331, 2, 1) (5,) (5,)
(331, 2, 2) (5,) (5,)
(332, 0, 0) (5,) (5,)
(332, 0, 1) (5,) (5,)
(332, 0, 2) (5,) (5,)
(332, 1, 0) (5,) (5,)
(332, 1, 1) (5,) (5,)
(332, 1, 2) (5,) (5,)
(332, 2, 0) (5,) (5,)
(332, 2, 1) (5,) (5,)
(332, 2, 2) (5,) (5,)
(333, 0, 0) (5,) (5,)
(333, 0, 1) (5,) (5,)
(333, 0, 2) (5,) (5,)
(333, 1, 0) (5,) (5,)
(333, 1, 1) (5,) (5,)
(333, 1, 2) (5,) (5,)
(333, 2, 0) (5,) (5,)
(333, 2, 1) (5,) (5,)
(333, 2, 2) (5,) (5,)
(334, 0, 0) (5,) (5,)
(334, 0, 1) (5,) (5,)
(334, 0, 2) (5,) (5,)
(334, 1, 0) (5,) (5,)
(334, 1, 1) (5,) (5,)
(334, 1, 2) (5,) (5,)
(334, 2, 0) (5,) (5,)
(334, 2, 1) (5,) (5,)
(334, 2, 2) (5,) (5,)
(335, 0, 0) (5,) (5,)
(335, 0, 1) (5,) (5,)
(335, 0, 2) (5,) (5,)
(335, 1, 0) (5,) (5,)
(335, 1, 1) (5,) (5,)
(335, 1, 2) (5,) (5,)
(335, 2, 0) (5,) (5,)
(335, 2, 1) (5,) (5,)
(335, 2, 2) (5,) (5,)
(336, 0, 0) (5,) (5,)
(336, 0, 1) (5,) (5,)
(336, 0, 2) (5,) (5,)
(336, 1, 0) (5,) (5,)
(336, 1, 1) (5,) (5,)
(336, 1, 2) (5,) (5,)
(336, 2, 0) (5,) (5,)
(336, 2, 1) (5,) (5,)
(336, 2, 2) (5,) (5,)
(337, 0, 0) (5,) (5,)
(337, 0, 1) (5,) (5,)
(337, 0, 2) (5,) (5,)
(337, 1, 0) (5,) (5,)
(337, 1, 1) (5,) (5,)
(337, 1, 2) (5,) (5,)
(337, 2, 0) (5,) (5,)
(337, 2, 1) (5,) (5,)
(337, 2, 2) (5,) (5,)
(338, 0, 0) (5,) (5,)
(338, 0, 1) (5,) (5,)
(338, 0, 2) (5,) (5,)
(338, 1, 0) (5,) (5,)
(338, 1, 1) (5,) (5,)
(338, 1, 2) (5,) (5,)
(338, 2, 0) (5,) (5,)
(338, 2, 1) (5,) (5,)
(338, 2, 2) (5,) (5,)
(339, 0, 0) (5,) (5,)
(339, 0, 1) (5,) (5,)
(339, 0, 2) (5,) (5,)
(339, 1, 0) (5,) (5,)
(339, 1, 1) (5,) (5,)
(339, 1, 2) (5,) (5,)
(339, 2, 0) (5,) (5,)
(339, 2, 1) (5,) (5,)
(339, 2, 2) (5,) (5,)
(340, 0, 0) (5,) (5,)
(340, 0, 1) (5,) (5,)
(340, 0, 2) (5,) (5,)
(340, 1, 0) (5,) (5,)
(340, 1, 1) (5,) (5,)
(340, 1, 2) (5,) (5,)
(340, 2, 0) (5,) (5,)
(340, 2, 1) (5,) (5,)
(340, 2, 2) (5,) (5,)
(341, 0, 0) (5,) (5,)
(341, 0, 1) (5,) (5,)
(341, 0, 2) (5,) (5,)
(341, 1, 0) (5,) (5,)
(341, 1, 1) (5,) (5,)
(341, 1, 2) (5,) (5,)
(341, 2, 0) (5,) (5,)
(341, 2, 1) (5,) (5,)
(341, 2, 2) (5,) (5,)
(342, 0, 0) (5,) (5,)
(342, 0, 1) (5,) (5,)
(342, 0, 2) (5,) (5,)
(342, 1, 0) (5,) (5,)
(342, 1, 1) (5,) (5,)
(342, 1, 2) (5,) (5,)
(342, 2, 0) (5,) (5,)
(342, 2, 1) (5,) (5,)
(342, 2, 2) (5,) (5,)
(343, 0, 0) (5,) (5,)
(343, 0, 1) (5,) (5,)
(343, 0, 2) (5,) (5,)
(343, 1, 0) (5,) (5,)
(343, 1, 1) (5,) (5,)
(343, 1, 2) (5,) (5,)
(343, 2, 0) (5,) (5,)
(343, 2, 1) (5,) (5,)
(343, 2, 2) (5,) (5,)
(344, 0, 0) (5,) (5,)
(344, 0, 1) (5,) (5,)
(344, 0, 2) (5,) (5,)
(344, 1, 0) (5,) (5,)
(344, 1, 1) (5,) (5,)
(344, 1, 2) (5,) (5,)
(344, 2, 0) (5,) (5,)
(344, 2, 1) (5,) (5,)
(344, 2, 2) (5,) (5,)
(345, 0, 0) (5,) (5,)
(345, 0, 1) (5,) (5,)
(345, 0, 2) (5,) (5,)
(345, 1, 0) (5,) (5,)
(345, 1, 1) (5,) (5,)
(345, 1, 2) (5,) (5,)
(345, 2, 0) (5,) (5,)
(345, 2, 1) (5,) (5,)
(345, 2, 2) (5,) (5,)
(346, 0, 0) (5,) (5,)
(346, 0, 1) (5,) (5,)
(346, 0, 2) (5,) (5,)
(346, 1, 0) (5,) (5,)
(346, 1, 1) (5,) (5,)
(346, 1, 2) (5,) (5,)
(346, 2, 0) (5,) (5,)
(346, 2, 1) (5,) (5,)
(346, 2, 2) (5,) (5,)
(347, 0, 0) (5,) (5,)
(347, 0, 1) (5,) (5,)
(347, 0, 2) (5,) (5,)
(347, 1, 0) (5,) (5,)
(347, 1, 1) (5,) (5,)
(347, 1, 2) (5,) (5,)
(347, 2, 0) (5,) (5,)
(347, 2, 1) (5,) (5,)
(347, 2, 2) (5,) (5,)
(348, 0, 0) (5,) (5,)
(348, 0, 1) (5,) (5,)
(348, 0, 2) (5,) (5,)
(348, 1, 0) (5,) (5,)
(348, 1, 1) (5,) (5,)
(348, 1, 2) (5,) (5,)
(348, 2, 0) (5,) (5,)
(348, 2, 1) (5,) (5,)
(348, 2, 2) (5,) (5,)
(349, 0, 0) (5,) (5,)
(349, 0, 1) (5,) (5,)
(349, 0, 2) (5,) (5,)
(349, 1, 0) (5,) (5,)
(349, 1, 1) (5,) (5,)
(349, 1, 2) (5,) (5,)
(349, 2, 0) (5,) (5,)
(349, 2, 1) (5,) (5,)
(349, 2, 2) (5,) (5,)
(350, 0, 0) (5,) (5,)
(350, 0, 1) (5,) (5,)
(350, 0, 2) (5,) (5,)
(350, 1, 0) (5,) (5,)
(350, 1, 1) (5,) (5,)
(350, 1, 2) (5,) (5,)
(350, 2, 0) (5,) (5,)
(350, 2, 1) (5,) (5,)
(350, 2, 2) (5,) (5,)
(351, 0, 0) (5,) (5,)
(351, 0, 1) (5,) (5,)
(351, 0, 2) (5,) (5,)
(351, 1, 0) (5,) (5,)
(351, 1, 1) (5,) (5,)
(351, 1, 2) (5,) (5,)
(351, 2, 0) (5,) (5,)
(351, 2, 1) (5,) (5,)
(351, 2, 2) (5,) (5,)
(352, 0, 0) (5,) (5,)
(352, 0, 1) (5,) (5,)
(352, 0, 2) (5,) (5,)
(352, 1, 0) (5,) (5,)
(352, 1, 1) (5,) (5,)
(352, 1, 2) (5,) (5,)
(352, 2, 0) (5,) (5,)
(352, 2, 1) (5,) (5,)
(352, 2, 2) (5,) (5,)
(353, 0, 0) (5,) (5,)
(353, 0, 1) (5,) (5,)
(353, 0, 2) (5,) (5,)
(353, 1, 0) (5,) (5,)
(353, 1, 1) (5,) (5,)
(353, 1, 2) (5,) (5,)
(353, 2, 0) (5,) (5,)
(353, 2, 1) (5,) (5,)
(353, 2, 2) (5,) (5,)
(354, 0, 0) (5,) (5,)
(354, 0, 1) (5,) (5,)
(354, 0, 2) (5,) (5,)
(354, 1, 0) (5,) (5,)
(354, 1, 1) (5,) (5,)
(354, 1, 2) (5,) (5,)
(354, 2, 0) (5,) (5,)
(354, 2, 1) (5,) (5,)
(354, 2, 2) (5,) (5,)
(355, 0, 0) (5,) (5,)
(355, 0, 1) (5,) (5,)
(355, 0, 2) (5,) (5,)
(355, 1, 0) (5,) (5,)
(355, 1, 1) (5,) (5,)
(355, 1, 2) (5,) (5,)
(355, 2, 0) (5,) (5,)
(355, 2, 1) (5,) (5,)
(355, 2, 2) (5,) (5,)
(356, 0, 0) (5,) (5,)
(356, 0, 1) (5,) (5,)
(356, 0, 2) (5,) (5,)
(356, 1, 0) (5,) (5,)
(356, 1, 1) (5,) (5,)
(356, 1, 2) (5,) (5,)
(356, 2, 0) (5,) (5,)
(356, 2, 1) (5,) (5,)
(356, 2, 2) (5,) (5,)
(357, 0, 0) (5,) (5,)
(357, 0, 1) (5,) (5,)
(357, 0, 2) (5,) (5,)
(357, 1, 0) (5,) (5,)
(357, 1, 1) (5,) (5,)
(357, 1, 2) (5,) (5,)
(357, 2, 0) (5,) (5,)
(357, 2, 1) (5,) (5,)
(357, 2, 2) (5,) (5,)
(358, 0, 0) (5,) (5,)
(358, 0, 1) (5,) (5,)
(358, 0, 2) (5,) (5,)
(358, 1, 0) (5,) (5,)
(358, 1, 1) (5,) (5,)
(358, 1, 2) (5,) (5,)
(358, 2, 0) (5,) (5,)
(358, 2, 1) (5,) (5,)
(358, 2, 2) (5,) (5,)
(359, 0, 0) (5,) (5,)
(359, 0, 1) (5,) (5,)
(359, 0, 2) (5,) (5,)
(359, 1, 0) (5,) (5,)
(359, 1, 1) (5,) (5,)
(359, 1, 2) (5,) (5,)
(359, 2, 0) (5,) (5,)
(359, 2, 1) (5,) (5,)
(359, 2, 2) (5,) (5,)
(360, 0, 0) (5,) (5,)
(360, 0, 1) (5,) (5,)
(360, 0, 2) (5,) (5,)
(360, 1, 0) (5,) (5,)
(360, 1, 1) (5,) (5,)
(360, 1, 2) (5,) (5,)
(360, 2, 0) (5,) (5,)
(360, 2, 1) (5,) (5,)
(360, 2, 2) (5,) (5,)
(361, 0, 0) (5,) (5,)
(361, 0, 1) (5,) (5,)
(361, 0, 2) (5,) (5,)
(361, 1, 0) (5,) (5,)
(361, 1, 1) (5,) (5,)
(361, 1, 2) (5,) (5,)
(361, 2, 0) (5,) (5,)
(361, 2, 1) (5,) (5,)
(361, 2, 2) (5,) (5,)
(362, 0, 0) (5,) (5,)
(362, 0, 1) (5,) (5,)
(362, 0, 2) (5,) (5,)
(362, 1, 0) (5,) (5,)
(362, 1, 1) (5,) (5,)
(362, 1, 2) (5,) (5,)
(362, 2, 0) (5,) (5,)
(362, 2, 1) (5,) (5,)
(362, 2, 2) (5,) (5,)
(363, 0, 0) (5,) (5,)
(363, 0, 1) (5,) (5,)
(363, 0, 2) (5,) (5,)
(363, 1, 0) (5,) (5,)
(363, 1, 1) (5,) (5,)
(363, 1, 2) (5,) (5,)
(363, 2, 0) (5,) (5,)
(363, 2, 1) (5,) (5,)
(363, 2, 2) (5,) (5,)
(364, 0, 0) (5,) (5,)
(364, 0, 1) (5,) (5,)
(364, 0, 2) (5,) (5,)
(364, 1, 0) (5,) (5,)
(364, 1, 1) (5,) (5,)
(364, 1, 2) (5,) (5,)
(364, 2, 0) (5,) (5,)
(364, 2, 1) (5,) (5,)
(364, 2, 2) (5,) (5,)
(365, 0, 0) (5,) (5,)
(365, 0, 1) (5,) (5,)
(365, 0, 2) (5,) (5,)
(365, 1, 0) (5,) (5,)
(365, 1, 1) (5,) (5,)
(365, 1, 2) (5,) (5,)
(365, 2, 0) (5,) (5,)
(365, 2, 1) (5,) (5,)
(365, 2, 2) (5,) (5,)
(366, 0, 0) (5,) (5,)
(366, 0, 1) (5,) (5,)
(366, 0, 2) (5,) (5,)
(366, 1, 0) (5,) (5,)
(366, 1, 1) (5,) (5,)
(366, 1, 2) (5,) (5,)
(366, 2, 0) (5,) (5,)
(366, 2, 1) (5,) (5,)
(366, 2, 2) (5,) (5,)
(367, 0, 0) (5,) (5,)
(367, 0, 1) (5,) (5,)
(367, 0, 2) (5,) (5,)
(367, 1, 0) (5,) (5,)
(367, 1, 1) (5,) (5,)
(367, 1, 2) (5,) (5,)
(367, 2, 0) (5,) (5,)
(367, 2, 1) (5,) (5,)
(367, 2, 2) (5,) (5,)
(368, 0, 0) (5,) (5,)
(368, 0, 1) (5,) (5,)
(368, 0, 2) (5,) (5,)
(368, 1, 0) (5,) (5,)
(368, 1, 1) (5,) (5,)
(368, 1, 2) (5,) (5,)
(368, 2, 0) (5,) (5,)
(368, 2, 1) (5,) (5,)
(368, 2, 2) (5,) (5,)
(369, 0, 0) (5,) (5,)
(369, 0, 1) (5,) (5,)
(369, 0, 2) (5,) (5,)
(369, 1, 0) (5,) (5,)
(369, 1, 1) (5,) (5,)
(369, 1, 2) (5,) (5,)
(369, 2, 0) (5,) (5,)
(369, 2, 1) (5,) (5,)
(369, 2, 2) (5,) (5,)
(370, 0, 0) (5,) (5,)
(370, 0, 1) (5,) (5,)
(370, 0, 2) (5,) (5,)
(370, 1, 0) (5,) (5,)
(370, 1, 1) (5,) (5,)
(370, 1, 2) (5,) (5,)
(370, 2, 0) (5,) (5,)
(370, 2, 1) (5,) (5,)
(370, 2, 2) (5,) (5,)
(371, 0, 0) (5,) (5,)
(371, 0, 1) (5,) (5,)
(371, 0, 2) (5,) (5,)
(371, 1, 0) (5,) (5,)
(371, 1, 1) (5,) (5,)
(371, 1, 2) (5,) (5,)
(371, 2, 0) (5,) (5,)
(371, 2, 1) (5,) (5,)
(371, 2, 2) (5,) (5,)
(372, 0, 0) (5,) (5,)
(372, 0, 1) (5,) (5,)
(372, 0, 2) (5,) (5,)
(372, 1, 0) (5,) (5,)
(372, 1, 1) (5,) (5,)
(372, 1, 2) (5,) (5,)
(372, 2, 0) (5,) (5,)
(372, 2, 1) (5,) (5,)
(372, 2, 2) (5,) (5,)
(373, 0, 0) (5,) (5,)
(373, 0, 1) (5,) (5,)
(373, 0, 2) (5,) (5,)
(373, 1, 0) (5,) (5,)
(373, 1, 1) (5,) (5,)
(373, 1, 2) (5,) (5,)
(373, 2, 0) (5,) (5,)
(373, 2, 1) (5,) (5,)
(373, 2, 2) (5,) (5,)
(374, 0, 0) (5,) (5,)
(374, 0, 1) (5,) (5,)
(374, 0, 2) (5,) (5,)
(374, 1, 0) (5,) (5,)
(374, 1, 1) (5,) (5,)
(374, 1, 2) (5,) (5,)
(374, 2, 0) (5,) (5,)
(374, 2, 1) (5,) (5,)
(374, 2, 2) (5,) (5,)
(375, 0, 0) (5,) (5,)
(375, 0, 1) (5,) (5,)
(375, 0, 2) (5,) (5,)
(375, 1, 0) (5,) (5,)
(375, 1, 1) (5,) (5,)
(375, 1, 2) (5,) (5,)
(375, 2, 0) (5,) (5,)
(375, 2, 1) (5,) (5,)
(375, 2, 2) (5,) (5,)
(376, 0, 0) (5,) (5,)
(376, 0, 1) (5,) (5,)
(376, 0, 2) (5,) (5,)
(376, 1, 0) (5,) (5,)
(376, 1, 1) (5,) (5,)
(376, 1, 2) (5,) (5,)
(376, 2, 0) (5,) (5,)
(376, 2, 1) (5,) (5,)
(376, 2, 2) (5,) (5,)
(377, 0, 0) (5,) (5,)
(377, 0, 1) (5,) (5,)
(377, 0, 2) (5,) (5,)
(377, 1, 0) (5,) (5,)
(377, 1, 1) (5,) (5,)
(377, 1, 2) (5,) (5,)
(377, 2, 0) (5,) (5,)
(377, 2, 1) (5,) (5,)
(377, 2, 2) (5,) (5,)
(378, 0, 0) (5,) (5,)
(378, 0, 1) (5,) (5,)
(378, 0, 2) (5,) (5,)
(378, 1, 0) (5,) (5,)
(378, 1, 1) (5,) (5,)
(378, 1, 2) (5,) (5,)
(378, 2, 0) (5,) (5,)
(378, 2, 1) (5,) (5,)
(378, 2, 2) (5,) (5,)
(379, 0, 0) (5,) (5,)
(379, 0, 1) (5,) (5,)
(379, 0, 2) (5,) (5,)
(379, 1, 0) (5,) (5,)
(379, 1, 1) (5,) (5,)
(379, 1, 2) (5,) (5,)
(379, 2, 0) (5,) (5,)
(379, 2, 1) (5,) (5,)
(379, 2, 2) (5,) (5,)
(380, 0, 0) (5,) (5,)
(380, 0, 1) (5,) (5,)
(380, 0, 2) (5,) (5,)
(380, 1, 0) (5,) (5,)
(380, 1, 1) (5,) (5,)
(380, 1, 2) (5,) (5,)
(380, 2, 0) (5,) (5,)
(380, 2, 1) (5,) (5,)
(380, 2, 2) (5,) (5,)
(381, 0, 0) (5,) (5,)
(381, 0, 1) (5,) (5,)
(381, 0, 2) (5,) (5,)
(381, 1, 0) (5,) (5,)
(381, 1, 1) (5,) (5,)
(381, 1, 2) (5,) (5,)
(381, 2, 0) (5,) (5,)
(381, 2, 1) (5,) (5,)
(381, 2, 2) (5,) (5,)
(382, 0, 0) (5,) (5,)
(382, 0, 1) (5,) (5,)
(382, 0, 2) (5,) (5,)
(382, 1, 0) (5,) (5,)
(382, 1, 1) (5,) (5,)
(382, 1, 2) (5,) (5,)
(382, 2, 0) (5,) (5,)
(382, 2, 1) (5,) (5,)
(382, 2, 2) (5,) (5,)
(383, 0, 0) (5,) (5,)
(383, 0, 1) (5,) (5,)
(383, 0, 2) (5,) (5,)
(383, 1, 0) (5,) (5,)
(383, 1, 1) (5,) (5,)
(383, 1, 2) (5,) (5,)
(383, 2, 0) (5,) (5,)
(383, 2, 1) (5,) (5,)
(383, 2, 2) (5,) (5,)
(384, 0, 0) (5,) (5,)
(384, 0, 1) (5,) (5,)
(384, 0, 2) (5,) (5,)
(384, 1, 0) (5,) (5,)
(384, 1, 1) (5,) (5,)
(384, 1, 2) (5,) (5,)
(384, 2, 0) (5,) (5,)
(384, 2, 1) (5,) (5,)
(384, 2, 2) (5,) (5,)
(385, 0, 0) (5,) (5,)
(385, 0, 1) (5,) (5,)
(385, 0, 2) (5,) (5,)
(385, 1, 0) (5,) (5,)
(385, 1, 1) (5,) (5,)
(385, 1, 2) (5,) (5,)
(385, 2, 0) (5,) (5,)
(385, 2, 1) (5,) (5,)
(385, 2, 2) (5,) (5,)
(386, 0, 0) (5,) (5,)
(386, 0, 1) (5,) (5,)
(386, 0, 2) (5,) (5,)
(386, 1, 0) (5,) (5,)
(386, 1, 1) (5,) (5,)
(386, 1, 2) (5,) (5,)
(386, 2, 0) (5,) (5,)
(386, 2, 1) (5,) (5,)
(386, 2, 2) (5,) (5,)
(387, 0, 0) (5,) (5,)
(387, 0, 1) (5,) (5,)
(387, 0, 2) (5,) (5,)
(387, 1, 0) (5,) (5,)
(387, 1, 1) (5,) (5,)
(387, 1, 2) (5,) (5,)
(387, 2, 0) (5,) (5,)
(387, 2, 1) (5,) (5,)
(387, 2, 2) (5,) (5,)
(388, 0, 0) (5,) (5,)
(388, 0, 1) (5,) (5,)
(388, 0, 2) (5,) (5,)
(388, 1, 0) (5,) (5,)
(388, 1, 1) (5,) (5,)
(388, 1, 2) (5,) (5,)
(388, 2, 0) (5,) (5,)
(388, 2, 1) (5,) (5,)
(388, 2, 2) (5,) (5,)
(389, 0, 0) (5,) (5,)
(389, 0, 1) (5,) (5,)
(389, 0, 2) (5,) (5,)
(389, 1, 0) (5,) (5,)
(389, 1, 1) (5,) (5,)
(389, 1, 2) (5,) (5,)
(389, 2, 0) (5,) (5,)
(389, 2, 1) (5,) (5,)
(389, 2, 2) (5,) (5,)
(390, 0, 0) (5,) (5,)
(390, 0, 1) (5,) (5,)
(390, 0, 2) (5,) (5,)
(390, 1, 0) (5,) (5,)
(390, 1, 1) (5,) (5,)
(390, 1, 2) (5,) (5,)
(390, 2, 0) (5,) (5,)
(390, 2, 1) (5,) (5,)
(390, 2, 2) (5,) (5,)
(391, 0, 0) (5,) (5,)
(391, 0, 1) (5,) (5,)
(391, 0, 2) (5,) (5,)
(391, 1, 0) (5,) (5,)
(391, 1, 1) (5,) (5,)
(391, 1, 2) (5,) (5,)
(391, 2, 0) (5,) (5,)
(391, 2, 1) (5,) (5,)
(391, 2, 2) (5,) (5,)
(392, 0, 0) (5,) (5,)
(392, 0, 1) (5,) (5,)
(392, 0, 2) (5,) (5,)
(392, 1, 0) (5,) (5,)
(392, 1, 1) (5,) (5,)
(392, 1, 2) (5,) (5,)
(392, 2, 0) (5,) (5,)
(392, 2, 1) (5,) (5,)
(392, 2, 2) (5,) (5,)
(393, 0, 0) (5,) (5,)
(393, 0, 1) (5,) (5,)
(393, 0, 2) (5,) (5,)
(393, 1, 0) (5,) (5,)
(393, 1, 1) (5,) (5,)
(393, 1, 2) (5,) (5,)
(393, 2, 0) (5,) (5,)
(393, 2, 1) (5,) (5,)
(393, 2, 2) (5,) (5,)
(394, 0, 0) (5,) (5,)
(394, 0, 1) (5,) (5,)
(394, 0, 2) (5,) (5,)
(394, 1, 0) (5,) (5,)
(394, 1, 1) (5,) (5,)
(394, 1, 2) (5,) (5,)
(394, 2, 0) (5,) (5,)
(394, 2, 1) (5,) (5,)
(394, 2, 2) (5,) (5,)
(395, 0, 0) (5,) (5,)
(395, 0, 1) (5,) (5,)
(395, 0, 2) (5,) (5,)
(395, 1, 0) (5,) (5,)
(395, 1, 1) (5,) (5,)
(395, 1, 2) (5,) (5,)
(395, 2, 0) (5,) (5,)
(395, 2, 1) (5,) (5,)
(395, 2, 2) (5,) (5,)
(396, 0, 0) (5,) (5,)
(396, 0, 1) (5,) (5,)
(396, 0, 2) (5,) (5,)
(396, 1, 0) (5,) (5,)
(396, 1, 1) (5,) (5,)
(396, 1, 2) (5,) (5,)
(396, 2, 0) (5,) (5,)
(396, 2, 1) (5,) (5,)
(396, 2, 2) (5,) (5,)
(397, 0, 0) (5,) (5,)
(397, 0, 1) (5,) (5,)
(397, 0, 2) (5,) (5,)
(397, 1, 0) (5,) (5,)
(397, 1, 1) (5,) (5,)
(397, 1, 2) (5,) (5,)
(397, 2, 0) (5,) (5,)
(397, 2, 1) (5,) (5,)
(397, 2, 2) (5,) (5,)
(398, 0, 0) (5,) (5,)
(398, 0, 1) (5,) (5,)
(398, 0, 2) (5,) (5,)
(398, 1, 0) (5,) (5,)
(398, 1, 1) (5,) (5,)
(398, 1, 2) (5,) (5,)
(398, 2, 0) (5,) (5,)
(398, 2, 1) (5,) (5,)
(398, 2, 2) (5,) (5,)
(399, 0, 0) (5,) (5,)
(399, 0, 1) (5,) (5,)
(399, 0, 2) (5,) (5,)
(399, 1, 0) (5,) (5,)
(399, 1, 1) (5,) (5,)
(399, 1, 2) (5,) (5,)
(399, 2, 0) (5,) (5,)
(399, 2, 1) (5,) (5,)
(399, 2, 2) (5,) (5,)
(400, 0, 0) (5,) (5,)
(400, 0, 1) (5,) (5,)
(400, 0, 2) (5,) (5,)
(400, 1, 0) (5,) (5,)
(400, 1, 1) (5,) (5,)
(400, 1, 2) (5,) (5,)
(400, 2, 0) (5,) (5,)
(400, 2, 1) (5,) (5,)
(400, 2, 2) (5,) (5,)
(401, 0, 0) (5,) (5,)
(401, 0, 1) (5,) (5,)
(401, 0, 2) (5,) (5,)
(401, 1, 0) (5,) (5,)
(401, 1, 1) (5,) (5,)
(401, 1, 2) (5,) (5,)
(401, 2, 0) (5,) (5,)
(401, 2, 1) (5,) (5,)
(401, 2, 2) (5,) (5,)
(402, 0, 0) (5,) (5,)
(402, 0, 1) (5,) (5,)
(402, 0, 2) (5,) (5,)
(402, 1, 0) (5,) (5,)
(402, 1, 1) (5,) (5,)
(402, 1, 2) (5,) (5,)
(402, 2, 0) (5,) (5,)
(402, 2, 1) (5,) (5,)
(402, 2, 2) (5,) (5,)
(403, 0, 0) (5,) (5,)
(403, 0, 1) (5,) (5,)
(403, 0, 2) (5,) (5,)
(403, 1, 0) (5,) (5,)
(403, 1, 1) (5,) (5,)
(403, 1, 2) (5,) (5,)
(403, 2, 0) (5,) (5,)
(403, 2, 1) (5,) (5,)
(403, 2, 2) (5,) (5,)
(404, 0, 0) (5,) (5,)
(404, 0, 1) (5,) (5,)
(404, 0, 2) (5,) (5,)
(404, 1, 0) (5,) (5,)
(404, 1, 1) (5,) (5,)
(404, 1, 2) (5,) (5,)
(404, 2, 0) (5,) (5,)
(404, 2, 1) (5,) (5,)
(404, 2, 2) (5,) (5,)
(405, 0, 0) (5,) (5,)
(405, 0, 1) (5,) (5,)
(405, 0, 2) (5,) (5,)
(405, 1, 0) (5,) (5,)
(405, 1, 1) (5,) (5,)
(405, 1, 2) (5,) (5,)
(405, 2, 0) (5,) (5,)
(405, 2, 1) (5,) (5,)
(405, 2, 2) (5,) (5,)
(406, 0, 0) (5,) (5,)
(406, 0, 1) (5,) (5,)
(406, 0, 2) (5,) (5,)
(406, 1, 0) (5,) (5,)
(406, 1, 1) (5,) (5,)
(406, 1, 2) (5,) (5,)
(406, 2, 0) (5,) (5,)
(406, 2, 1) (5,) (5,)
(406, 2, 2) (5,) (5,)
(407, 0, 0) (5,) (5,)
(407, 0, 1) (5,) (5,)
(407, 0, 2) (5,) (5,)
(407, 1, 0) (5,) (5,)
(407, 1, 1) (5,) (5,)
(407, 1, 2) (5,) (5,)
(407, 2, 0) (5,) (5,)
(407, 2, 1) (5,) (5,)
(407, 2, 2) (5,) (5,)
(408, 0, 0) (5,) (5,)
(408, 0, 1) (5,) (5,)
(408, 0, 2) (5,) (5,)
(408, 1, 0) (5,) (5,)
(408, 1, 1) (5,) (5,)
(408, 1, 2) (5,) (5,)
(408, 2, 0) (5,) (5,)
(408, 2, 1) (5,) (5,)
(408, 2, 2) (5,) (5,)
(409, 0, 0) (5,) (5,)
(409, 0, 1) (5,) (5,)
(409, 0, 2) (5,) (5,)
(409, 1, 0) (5,) (5,)
(409, 1, 1) (5,) (5,)
(409, 1, 2) (5,) (5,)
(409, 2, 0) (5,) (5,)
(409, 2, 1) (5,) (5,)
(409, 2, 2) (5,) (5,)
(410, 0, 0) (5,) (5,)
(410, 0, 1) (5,) (5,)
(410, 0, 2) (5,) (5,)
(410, 1, 0) (5,) (5,)
(410, 1, 1) (5,) (5,)
(410, 1, 2) (5,) (5,)
(410, 2, 0) (5,) (5,)
(410, 2, 1) (5,) (5,)
(410, 2, 2) (5,) (5,)
(411, 0, 0) (5,) (5,)
(411, 0, 1) (5,) (5,)
(411, 0, 2) (5,) (5,)
(411, 1, 0) (5,) (5,)
(411, 1, 1) (5,) (5,)
(411, 1, 2) (5,) (5,)
(411, 2, 0) (5,) (5,)
(411, 2, 1) (5,) (5,)
(411, 2, 2) (5,) (5,)
(412, 0, 0) (5,) (5,)
(412, 0, 1) (5,) (5,)
(412, 0, 2) (5,) (5,)
(412, 1, 0) (5,) (5,)
(412, 1, 1) (5,) (5,)
(412, 1, 2) (5,) (5,)
(412, 2, 0) (5,) (5,)
(412, 2, 1) (5,) (5,)
(412, 2, 2) (5,) (5,)
(413, 0, 0) (5,) (5,)
(413, 0, 1) (5,) (5,)
(413, 0, 2) (5,) (5,)
(413, 1, 0) (5,) (5,)
(413, 1, 1) (5,) (5,)
(413, 1, 2) (5,) (5,)
(413, 2, 0) (5,) (5,)
(413, 2, 1) (5,) (5,)
(413, 2, 2) (5,) (5,)
(414, 0, 0) (5,) (5,)
(414, 0, 1) (5,) (5,)
(414, 0, 2) (5,) (5,)
(414, 1, 0) (5,) (5,)
(414, 1, 1) (5,) (5,)
(414, 1, 2) (5,) (5,)
(414, 2, 0) (5,) (5,)
(414, 2, 1) (5,) (5,)
(414, 2, 2) (5,) (5,)
(415, 0, 0) (5,) (5,)
(415, 0, 1) (5,) (5,)
(415, 0, 2) (5,) (5,)
(415, 1, 0) (5,) (5,)
(415, 1, 1) (5,) (5,)
(415, 1, 2) (5,) (5,)
(415, 2, 0) (5,) (5,)
(415, 2, 1) (5,) (5,)
(415, 2, 2) (5,) (5,)
(416, 0, 0) (5,) (5,)
(416, 0, 1) (5,) (5,)
(416, 0, 2) (5,) (5,)
(416, 1, 0) (5,) (5,)
(416, 1, 1) (5,) (5,)
(416, 1, 2) (5,) (5,)
(416, 2, 0) (5,) (5,)
(416, 2, 1) (5,) (5,)
(416, 2, 2) (5,) (5,)
(417, 0, 0) (5,) (5,)
(417, 0, 1) (5,) (5,)
(417, 0, 2) (5,) (5,)
(417, 1, 0) (5,) (5,)
(417, 1, 1) (5,) (5,)
(417, 1, 2) (5,) (5,)
(417, 2, 0) (5,) (5,)
(417, 2, 1) (5,) (5,)
(417, 2, 2) (5,) (5,)
(418, 0, 0) (5,) (5,)
(418, 0, 1) (5,) (5,)
(418, 0, 2) (5,) (5,)
(418, 1, 0) (5,) (5,)
(418, 1, 1) (5,) (5,)
(418, 1, 2) (5,) (5,)
(418, 2, 0) (5,) (5,)
(418, 2, 1) (5,) (5,)
(418, 2, 2) (5,) (5,)
(419, 0, 0) (5,) (5,)
(419, 0, 1) (5,) (5,)
(419, 0, 2) (5,) (5,)
(419, 1, 0) (5,) (5,)
(419, 1, 1) (5,) (5,)
(419, 1, 2) (5,) (5,)
(419, 2, 0) (5,) (5,)
(419, 2, 1) (5,) (5,)
(419, 2, 2) (5,) (5,)
(420, 0, 0) (5,) (5,)
(420, 0, 1) (5,) (5,)
(420, 0, 2) (5,) (5,)
(420, 1, 0) (5,) (5,)
(420, 1, 1) (5,) (5,)
(420, 1, 2) (5,) (5,)
(420, 2, 0) (5,) (5,)
(420, 2, 1) (5,) (5,)
(420, 2, 2) (5,) (5,)
(421, 0, 0) (5,) (5,)
(421, 0, 1) (5,) (5,)
(421, 0, 2) (5,) (5,)
(421, 1, 0) (5,) (5,)
(421, 1, 1) (5,) (5,)
(421, 1, 2) (5,) (5,)
(421, 2, 0) (5,) (5,)
(421, 2, 1) (5,) (5,)
(421, 2, 2) (5,) (5,)
(422, 0, 0) (5,) (5,)
(422, 0, 1) (5,) (5,)
(422, 0, 2) (5,) (5,)
(422, 1, 0) (5,) (5,)
(422, 1, 1) (5,) (5,)
(422, 1, 2) (5,) (5,)
(422, 2, 0) (5,) (5,)
(422, 2, 1) (5,) (5,)
(422, 2, 2) (5,) (5,)
(423, 0, 0) (5,) (5,)
(423, 0, 1) (5,) (5,)
(423, 0, 2) (5,) (5,)
(423, 1, 0) (5,) (5,)
(423, 1, 1) (5,) (5,)
(423, 1, 2) (5,) (5,)
(423, 2, 0) (5,) (5,)
(423, 2, 1) (5,) (5,)
(423, 2, 2) (5,) (5,)
(424, 0, 0) (5,) (5,)
(424, 0, 1) (5,) (5,)
(424, 0, 2) (5,) (5,)
(424, 1, 0) (5,) (5,)
(424, 1, 1) (5,) (5,)
(424, 1, 2) (5,) (5,)
(424, 2, 0) (5,) (5,)
(424, 2, 1) (5,) (5,)
(424, 2, 2) (5,) (5,)
(425, 0, 0) (5,) (5,)
(425, 0, 1) (5,) (5,)
(425, 0, 2) (5,) (5,)
(425, 1, 0) (5,) (5,)
(425, 1, 1) (5,) (5,)
(425, 1, 2) (5,) (5,)
(425, 2, 0) (5,) (5,)
(425, 2, 1) (5,) (5,)
(425, 2, 2) (5,) (5,)
(426, 0, 0) (5,) (5,)
(426, 0, 1) (5,) (5,)
(426, 0, 2) (5,) (5,)
(426, 1, 0) (5,) (5,)
(426, 1, 1) (5,) (5,)
(426, 1, 2) (5,) (5,)
(426, 2, 0) (5,) (5,)
(426, 2, 1) (5,) (5,)
(426, 2, 2) (5,) (5,)
(427, 0, 0) (5,) (5,)
(427, 0, 1) (5,) (5,)
(427, 0, 2) (5,) (5,)
(427, 1, 0) (5,) (5,)
(427, 1, 1) (5,) (5,)
(427, 1, 2) (5,) (5,)
(427, 2, 0) (5,) (5,)
(427, 2, 1) (5,) (5,)
(427, 2, 2) (5,) (5,)
(428, 0, 0) (5,) (5,)
(428, 0, 1) (5,) (5,)
(428, 0, 2) (5,) (5,)
(428, 1, 0) (5,) (5,)
(428, 1, 1) (5,) (5,)
(428, 1, 2) (5,) (5,)
(428, 2, 0) (5,) (5,)
(428, 2, 1) (5,) (5,)
(428, 2, 2) (5,) (5,)
(429, 0, 0) (5,) (5,)
(429, 0, 1) (5,) (5,)
(429, 0, 2) (5,) (5,)
(429, 1, 0) (5,) (5,)
(429, 1, 1) (5,) (5,)
(429, 1, 2) (5,) (5,)
(429, 2, 0) (5,) (5,)
(429, 2, 1) (5,) (5,)
(429, 2, 2) (5,) (5,)
(430, 0, 0) (5,) (5,)
(430, 0, 1) (5,) (5,)
(430, 0, 2) (5,) (5,)
(430, 1, 0) (5,) (5,)
(430, 1, 1) (5,) (5,)
(430, 1, 2) (5,) (5,)
(430, 2, 0) (5,) (5,)
(430, 2, 1) (5,) (5,)
(430, 2, 2) (5,) (5,)
(431, 0, 0) (5,) (5,)
(431, 0, 1) (5,) (5,)
(431, 0, 2) (5,) (5,)
(431, 1, 0) (5,) (5,)
(431, 1, 1) (5,) (5,)
(431, 1, 2) (5,) (5,)
(431, 2, 0) (5,) (5,)
(431, 2, 1) (5,) (5,)
(431, 2, 2) (5,) (5,)
(432, 0, 0) (5,) (5,)
(432, 0, 1) (5,) (5,)
(432, 0, 2) (5,) (5,)
(432, 1, 0) (5,) (5,)
(432, 1, 1) (5,) (5,)
(432, 1, 2) (5,) (5,)
(432, 2, 0) (5,) (5,)
(432, 2, 1) (5,) (5,)
(432, 2, 2) (5,) (5,)
(433, 0, 0) (5,) (5,)
(433, 0, 1) (5,) (5,)
(433, 0, 2) (5,) (5,)
(433, 1, 0) (5,) (5,)
(433, 1, 1) (5,) (5,)
(433, 1, 2) (5,) (5,)
(433, 2, 0) (5,) (5,)
(433, 2, 1) (5,) (5,)
(433, 2, 2) (5,) (5,)
(434, 0, 0) (5,) (5,)
(434, 0, 1) (5,) (5,)
(434, 0, 2) (5,) (5,)
(434, 1, 0) (5,) (5,)
(434, 1, 1) (5,) (5,)
(434, 1, 2) (5,) (5,)
(434, 2, 0) (5,) (5,)
(434, 2, 1) (5,) (5,)
(434, 2, 2) (5,) (5,)
(435, 0, 0) (5,) (5,)
(435, 0, 1) (5,) (5,)
(435, 0, 2) (5,) (5,)
(435, 1, 0) (5,) (5,)
(435, 1, 1) (5,) (5,)
(435, 1, 2) (5,) (5,)
(435, 2, 0) (5,) (5,)
(435, 2, 1) (5,) (5,)
(435, 2, 2) (5,) (5,)
(436, 0, 0) (5,) (5,)
(436, 0, 1) (5,) (5,)
(436, 0, 2) (5,) (5,)
(436, 1, 0) (5,) (5,)
(436, 1, 1) (5,) (5,)
(436, 1, 2) (5,) (5,)
(436, 2, 0) (5,) (5,)
(436, 2, 1) (5,) (5,)
(436, 2, 2) (5,) (5,)
(437, 0, 0) (5,) (5,)
(437, 0, 1) (5,) (5,)
(437, 0, 2) (5,) (5,)
(437, 1, 0) (5,) (5,)
(437, 1, 1) (5,) (5,)
(437, 1, 2) (5,) (5,)
(437, 2, 0) (5,) (5,)
(437, 2, 1) (5,) (5,)
(437, 2, 2) (5,) (5,)
(438, 0, 0) (5,) (5,)
(438, 0, 1) (5,) (5,)
(438, 0, 2) (5,) (5,)
(438, 1, 0) (5,) (5,)
(438, 1, 1) (5,) (5,)
(438, 1, 2) (5,) (5,)
(438, 2, 0) (5,) (5,)
(438, 2, 1) (5,) (5,)
(438, 2, 2) (5,) (5,)
(439, 0, 0) (5,) (5,)
(439, 0, 1) (5,) (5,)
(439, 0, 2) (5,) (5,)
(439, 1, 0) (5,) (5,)
(439, 1, 1) (5,) (5,)
(439, 1, 2) (5,) (5,)
(439, 2, 0) (5,) (5,)
(439, 2, 1) (5,) (5,)
(439, 2, 2) (5,) (5,)
(440, 0, 0) (5,) (5,)
(440, 0, 1) (5,) (5,)
(440, 0, 2) (5,) (5,)
(440, 1, 0) (5,) (5,)
(440, 1, 1) (5,) (5,)
(440, 1, 2) (5,) (5,)
(440, 2, 0) (5,) (5,)
(440, 2, 1) (5,) (5,)
(440, 2, 2) (5,) (5,)
(441, 0, 0) (5,) (5,)
(441, 0, 1) (5,) (5,)
(441, 0, 2) (5,) (5,)
(441, 1, 0) (5,) (5,)
(441, 1, 1) (5,) (5,)
(441, 1, 2) (5,) (5,)
(441, 2, 0) (5,) (5,)
(441, 2, 1) (5,) (5,)
(441, 2, 2) (5,) (5,)
(442, 0, 0) (5,) (5,)
(442, 0, 1) (5,) (5,)
(442, 0, 2) (5,) (5,)
(442, 1, 0) (5,) (5,)
(442, 1, 1) (5,) (5,)
(442, 1, 2) (5,) (5,)
(442, 2, 0) (5,) (5,)
(442, 2, 1) (5,) (5,)
(442, 2, 2) (5,) (5,)
(443, 0, 0) (5,) (5,)
(443, 0, 1) (5,) (5,)
(443, 0, 2) (5,) (5,)
(443, 1, 0) (5,) (5,)
(443, 1, 1) (5,) (5,)
(443, 1, 2) (5,) (5,)
(443, 2, 0) (5,) (5,)
(443, 2, 1) (5,) (5,)
(443, 2, 2) (5,) (5,)
(444, 0, 0) (5,) (5,)
(444, 0, 1) (5,) (5,)
(444, 0, 2) (5,) (5,)
(444, 1, 0) (5,) (5,)
(444, 1, 1) (5,) (5,)
(444, 1, 2) (5,) (5,)
(444, 2, 0) (5,) (5,)
(444, 2, 1) (5,) (5,)
(444, 2, 2) (5,) (5,)
(445, 0, 0) (5,) (5,)
(445, 0, 1) (5,) (5,)
(445, 0, 2) (5,) (5,)
(445, 1, 0) (5,) (5,)
(445, 1, 1) (5,) (5,)
(445, 1, 2) (5,) (5,)
(445, 2, 0) (5,) (5,)
(445, 2, 1) (5,) (5,)
(445, 2, 2) (5,) (5,)
(446, 0, 0) (5,) (5,)
(446, 0, 1) (5,) (5,)
(446, 0, 2) (5,) (5,)
(446, 1, 0) (5,) (5,)
(446, 1, 1) (5,) (5,)
(446, 1, 2) (5,) (5,)
(446, 2, 0) (5,) (5,)
(446, 2, 1) (5,) (5,)
(446, 2, 2) (5,) (5,)
(447, 0, 0) (5,) (5,)
(447, 0, 1) (5,) (5,)
(447, 0, 2) (5,) (5,)
(447, 1, 0) (5,) (5,)
(447, 1, 1) (5,) (5,)
(447, 1, 2) (5,) (5,)
(447, 2, 0) (5,) (5,)
(447, 2, 1) (5,) (5,)
(447, 2, 2) (5,) (5,)
(448, 0, 0) (5,) (5,)
(448, 0, 1) (5,) (5,)
(448, 0, 2) (5,) (5,)
(448, 1, 0) (5,) (5,)
(448, 1, 1) (5,) (5,)
(448, 1, 2) (5,) (5,)
(448, 2, 0) (5,) (5,)
(448, 2, 1) (5,) (5,)
(448, 2, 2) (5,) (5,)
(449, 0, 0) (5,) (5,)
(449, 0, 1) (5,) (5,)
(449, 0, 2) (5,) (5,)
(449, 1, 0) (5,) (5,)
(449, 1, 1) (5,) (5,)
(449, 1, 2) (5,) (5,)
(449, 2, 0) (5,) (5,)
(449, 2, 1) (5,) (5,)
(449, 2, 2) (5,) (5,)
(450, 0, 0) (5,) (5,)
(450, 0, 1) (5,) (5,)
(450, 0, 2) (5,) (5,)
(450, 1, 0) (5,) (5,)
(450, 1, 1) (5,) (5,)
(450, 1, 2) (5,) (5,)
(450, 2, 0) (5,) (5,)
(450, 2, 1) (5,) (5,)
(450, 2, 2) (5,) (5,)
(451, 0, 0) (5,) (5,)
(451, 0, 1) (5,) (5,)
(451, 0, 2) (5,) (5,)
(451, 1, 0) (5,) (5,)
(451, 1, 1) (5,) (5,)
(451, 1, 2) (5,) (5,)
(451, 2, 0) (5,) (5,)
(451, 2, 1) (5,) (5,)
(451, 2, 2) (5,) (5,)
(452, 0, 0) (5,) (5,)
(452, 0, 1) (5,) (5,)
(452, 0, 2) (5,) (5,)
(452, 1, 0) (5,) (5,)
(452, 1, 1) (5,) (5,)
(452, 1, 2) (5,) (5,)
(452, 2, 0) (5,) (5,)
(452, 2, 1) (5,) (5,)
(452, 2, 2) (5,) (5,)
(453, 0, 0) (5,) (5,)
(453, 0, 1) (5,) (5,)
(453, 0, 2) (5,) (5,)
(453, 1, 0) (5,) (5,)
(453, 1, 1) (5,) (5,)
(453, 1, 2) (5,) (5,)
(453, 2, 0) (5,) (5,)
(453, 2, 1) (5,) (5,)
(453, 2, 2) (5,) (5,)
(454, 0, 0) (5,) (5,)
(454, 0, 1) (5,) (5,)
(454, 0, 2) (5,) (5,)
(454, 1, 0) (5,) (5,)
(454, 1, 1) (5,) (5,)
(454, 1, 2) (5,) (5,)
(454, 2, 0) (5,) (5,)
(454, 2, 1) (5,) (5,)
(454, 2, 2) (5,) (5,)
(455, 0, 0) (5,) (5,)
(455, 0, 1) (5,) (5,)
(455, 0, 2) (5,) (5,)
(455, 1, 0) (5,) (5,)
(455, 1, 1) (5,) (5,)
(455, 1, 2) (5,) (5,)
(455, 2, 0) (5,) (5,)
(455, 2, 1) (5,) (5,)
(455, 2, 2) (5,) (5,)
(456, 0, 0) (5,) (5,)
(456, 0, 1) (5,) (5,)
(456, 0, 2) (5,) (5,)
(456, 1, 0) (5,) (5,)
(456, 1, 1) (5,) (5,)
(456, 1, 2) (5,) (5,)
(456, 2, 0) (5,) (5,)
(456, 2, 1) (5,) (5,)
(456, 2, 2) (5,) (5,)
(457, 0, 0) (5,) (5,)
(457, 0, 1) (5,) (5,)
(457, 0, 2) (5,) (5,)
(457, 1, 0) (5,) (5,)
(457, 1, 1) (5,) (5,)
(457, 1, 2) (5,) (5,)
(457, 2, 0) (5,) (5,)
(457, 2, 1) (5,) (5,)
(457, 2, 2) (5,) (5,)
(458, 0, 0) (5,) (5,)
(458, 0, 1) (5,) (5,)
(458, 0, 2) (5,) (5,)
(458, 1, 0) (5,) (5,)
(458, 1, 1) (5,) (5,)
(458, 1, 2) (5,) (5,)
(458, 2, 0) (5,) (5,)
(458, 2, 1) (5,) (5,)
(458, 2, 2) (5,) (5,)
(459, 0, 0) (5,) (5,)
(459, 0, 1) (5,) (5,)
(459, 0, 2) (5,) (5,)
(459, 1, 0) (5,) (5,)
(459, 1, 1) (5,) (5,)
(459, 1, 2) (5,) (5,)
(459, 2, 0) (5,) (5,)
(459, 2, 1) (5,) (5,)
(459, 2, 2) (5,) (5,)
(460, 0, 0) (5,) (5,)
(460, 0, 1) (5,) (5,)
(460, 0, 2) (5,) (5,)
(460, 1, 0) (5,) (5,)
(460, 1, 1) (5,) (5,)
(460, 1, 2) (5,) (5,)
(460, 2, 0) (5,) (5,)
(460, 2, 1) (5,) (5,)
(460, 2, 2) (5,) (5,)
(461, 0, 0) (5,) (5,)
(461, 0, 1) (5,) (5,)
(461, 0, 2) (5,) (5,)
(461, 1, 0) (5,) (5,)
(461, 1, 1) (5,) (5,)
(461, 1, 2) (5,) (5,)
(461, 2, 0) (5,) (5,)
(461, 2, 1) (5,) (5,)
(461, 2, 2) (5,) (5,)
(462, 0, 0) (5,) (5,)
(462, 0, 1) (5,) (5,)
(462, 0, 2) (5,) (5,)
(462, 1, 0) (5,) (5,)
(462, 1, 1) (5,) (5,)
(462, 1, 2) (5,) (5,)
(462, 2, 0) (5,) (5,)
(462, 2, 1) (5,) (5,)
(462, 2, 2) (5,) (5,)
(463, 0, 0) (5,) (5,)
(463, 0, 1) (5,) (5,)
(463, 0, 2) (5,) (5,)
(463, 1, 0) (5,) (5,)
(463, 1, 1) (5,) (5,)
(463, 1, 2) (5,) (5,)
(463, 2, 0) (5,) (5,)
(463, 2, 1) (5,) (5,)
(463, 2, 2) (5,) (5,)
(464, 0, 0) (5,) (5,)
(464, 0, 1) (5,) (5,)
(464, 0, 2) (5,) (5,)
(464, 1, 0) (5,) (5,)
(464, 1, 1) (5,) (5,)
(464, 1, 2) (5,) (5,)
(464, 2, 0) (5,) (5,)
(464, 2, 1) (5,) (5,)
(464, 2, 2) (5,) (5,)
(465, 0, 0) (5,) (5,)
(465, 0, 1) (5,) (5,)
(465, 0, 2) (5,) (5,)
(465, 1, 0) (5,) (5,)
(465, 1, 1) (5,) (5,)
(465, 1, 2) (5,) (5,)
(465, 2, 0) (5,) (5,)
(465, 2, 1) (5,) (5,)
(465, 2, 2) (5,) (5,)
(466, 0, 0) (5,) (5,)
(466, 0, 1) (5,) (5,)
(466, 0, 2) (5,) (5,)
(466, 1, 0) (5,) (5,)
(466, 1, 1) (5,) (5,)
(466, 1, 2) (5,) (5,)
(466, 2, 0) (5,) (5,)
(466, 2, 1) (5,) (5,)
(466, 2, 2) (5,) (5,)
(467, 0, 0) (5,) (5,)
(467, 0, 1) (5,) (5,)
(467, 0, 2) (5,) (5,)
(467, 1, 0) (5,) (5,)
(467, 1, 1) (5,) (5,)
(467, 1, 2) (5,) (5,)
(467, 2, 0) (5,) (5,)
(467, 2, 1) (5,) (5,)
(467, 2, 2) (5,) (5,)
(468, 0, 0) (5,) (5,)
(468, 0, 1) (5,) (5,)
(468, 0, 2) (5,) (5,)
(468, 1, 0) (5,) (5,)
(468, 1, 1) (5,) (5,)
(468, 1, 2) (5,) (5,)
(468, 2, 0) (5,) (5,)
(468, 2, 1) (5,) (5,)
(468, 2, 2) (5,) (5,)
(469, 0, 0) (5,) (5,)
(469, 0, 1) (5,) (5,)
(469, 0, 2) (5,) (5,)
(469, 1, 0) (5,) (5,)
(469, 1, 1) (5,) (5,)
(469, 1, 2) (5,) (5,)
(469, 2, 0) (5,) (5,)
(469, 2, 1) (5,) (5,)
(469, 2, 2) (5,) (5,)
(470, 0, 0) (5,) (5,)
(470, 0, 1) (5,) (5,)
(470, 0, 2) (5,) (5,)
(470, 1, 0) (5,) (5,)
(470, 1, 1) (5,) (5,)
(470, 1, 2) (5,) (5,)
(470, 2, 0) (5,) (5,)
(470, 2, 1) (5,) (5,)
(470, 2, 2) (5,) (5,)
(471, 0, 0) (5,) (5,)
(471, 0, 1) (5,) (5,)
(471, 0, 2) (5,) (5,)
(471, 1, 0) (5,) (5,)
(471, 1, 1) (5,) (5,)
(471, 1, 2) (5,) (5,)
(471, 2, 0) (5,) (5,)
(471, 2, 1) (5,) (5,)
(471, 2, 2) (5,) (5,)
(472, 0, 0) (5,) (5,)
(472, 0, 1) (5,) (5,)
(472, 0, 2) (5,) (5,)
(472, 1, 0) (5,) (5,)
(472, 1, 1) (5,) (5,)
(472, 1, 2) (5,) (5,)
(472, 2, 0) (5,) (5,)
(472, 2, 1) (5,) (5,)
(472, 2, 2) (5,) (5,)
(473, 0, 0) (5,) (5,)
(473, 0, 1) (5,) (5,)
(473, 0, 2) (5,) (5,)
(473, 1, 0) (5,) (5,)
(473, 1, 1) (5,) (5,)
(473, 1, 2) (5,) (5,)
(473, 2, 0) (5,) (5,)
(473, 2, 1) (5,) (5,)
(473, 2, 2) (5,) (5,)
(474, 0, 0) (5,) (5,)
(474, 0, 1) (5,) (5,)
(474, 0, 2) (5,) (5,)
(474, 1, 0) (5,) (5,)
(474, 1, 1) (5,) (5,)
(474, 1, 2) (5,) (5,)
(474, 2, 0) (5,) (5,)
(474, 2, 1) (5,) (5,)
(474, 2, 2) (5,) (5,)
(475, 0, 0) (5,) (5,)
(475, 0, 1) (5,) (5,)
(475, 0, 2) (5,) (5,)
(475, 1, 0) (5,) (5,)
(475, 1, 1) (5,) (5,)
(475, 1, 2) (5,) (5,)
(475, 2, 0) (5,) (5,)
(475, 2, 1) (5,) (5,)
(475, 2, 2) (5,) (5,)
(476, 0, 0) (5,) (5,)
(476, 0, 1) (5,) (5,)
(476, 0, 2) (5,) (5,)
(476, 1, 0) (5,) (5,)
(476, 1, 1) (5,) (5,)
(476, 1, 2) (5,) (5,)
(476, 2, 0) (5,) (5,)
(476, 2, 1) (5,) (5,)
(476, 2, 2) (5,) (5,)
(477, 0, 0) (5,) (5,)
(477, 0, 1) (5,) (5,)
(477, 0, 2) (5,) (5,)
(477, 1, 0) (5,) (5,)
(477, 1, 1) (5,) (5,)
(477, 1, 2) (5,) (5,)
(477, 2, 0) (5,) (5,)
(477, 2, 1) (5,) (5,)
(477, 2, 2) (5,) (5,)
(478, 0, 0) (5,) (5,)
(478, 0, 1) (5,) (5,)
(478, 0, 2) (5,) (5,)
(478, 1, 0) (5,) (5,)
(478, 1, 1) (5,) (5,)
(478, 1, 2) (5,) (5,)
(478, 2, 0) (5,) (5,)
(478, 2, 1) (5,) (5,)
(478, 2, 2) (5,) (5,)
(479, 0, 0) (5,) (5,)
(479, 0, 1) (5,) (5,)
(479, 0, 2) (5,) (5,)
(479, 1, 0) (5,) (5,)
(479, 1, 1) (5,) (5,)
(479, 1, 2) (5,) (5,)
(479, 2, 0) (5,) (5,)
(479, 2, 1) (5,) (5,)
(479, 2, 2) (5,) (5,)
(480, 0, 0) (5,) (5,)
(480, 0, 1) (5,) (5,)
(480, 0, 2) (5,) (5,)
(480, 1, 0) (5,) (5,)
(480, 1, 1) (5,) (5,)
(480, 1, 2) (5,) (5,)
(480, 2, 0) (5,) (5,)
(480, 2, 1) (5,) (5,)
(480, 2, 2) (5,) (5,)
(481, 0, 0) (5,) (5,)
(481, 0, 1) (5,) (5,)
(481, 0, 2) (5,) (5,)
(481, 1, 0) (5,) (5,)
(481, 1, 1) (5,) (5,)
(481, 1, 2) (5,) (5,)
(481, 2, 0) (5,) (5,)
(481, 2, 1) (5,) (5,)
(481, 2, 2) (5,) (5,)
(482, 0, 0) (5,) (5,)
(482, 0, 1) (5,) (5,)
(482, 0, 2) (5,) (5,)
(482, 1, 0) (5,) (5,)
(482, 1, 1) (5,) (5,)
(482, 1, 2) (5,) (5,)
(482, 2, 0) (5,) (5,)
(482, 2, 1) (5,) (5,)
(482, 2, 2) (5,) (5,)
(483, 0, 0) (5,) (5,)
(483, 0, 1) (5,) (5,)
(483, 0, 2) (5,) (5,)
(483, 1, 0) (5,) (5,)
(483, 1, 1) (5,) (5,)
(483, 1, 2) (5,) (5,)
(483, 2, 0) (5,) (5,)
(483, 2, 1) (5,) (5,)
(483, 2, 2) (5,) (5,)
(484, 0, 0) (5,) (5,)
(484, 0, 1) (5,) (5,)
(484, 0, 2) (5,) (5,)
(484, 1, 0) (5,) (5,)
(484, 1, 1) (5,) (5,)
(484, 1, 2) (5,) (5,)
(484, 2, 0) (5,) (5,)
(484, 2, 1) (5,) (5,)
(484, 2, 2) (5,) (5,)
(485, 0, 0) (5,) (5,)
(485, 0, 1) (5,) (5,)
(485, 0, 2) (5,) (5,)
(485, 1, 0) (5,) (5,)
(485, 1, 1) (5,) (5,)
(485, 1, 2) (5,) (5,)
(485, 2, 0) (5,) (5,)
(485, 2, 1) (5,) (5,)
(485, 2, 2) (5,) (5,)
(486, 0, 0) (5,) (5,)
(486, 0, 1) (5,) (5,)
(486, 0, 2) (5,) (5,)
(486, 1, 0) (5,) (5,)
(486, 1, 1) (5,) (5,)
(486, 1, 2) (5,) (5,)
(486, 2, 0) (5,) (5,)
(486, 2, 1) (5,) (5,)
(486, 2, 2) (5,) (5,)
(487, 0, 0) (5,) (5,)
(487, 0, 1) (5,) (5,)
(487, 0, 2) (5,) (5,)
(487, 1, 0) (5,) (5,)
(487, 1, 1) (5,) (5,)
(487, 1, 2) (5,) (5,)
(487, 2, 0) (5,) (5,)
(487, 2, 1) (5,) (5,)
(487, 2, 2) (5,) (5,)
(488, 0, 0) (5,) (5,)
(488, 0, 1) (5,) (5,)
(488, 0, 2) (5,) (5,)
(488, 1, 0) (5,) (5,)
(488, 1, 1) (5,) (5,)
(488, 1, 2) (5,) (5,)
(488, 2, 0) (5,) (5,)
(488, 2, 1) (5,) (5,)
(488, 2, 2) (5,) (5,)
(489, 0, 0) (5,) (5,)
(489, 0, 1) (5,) (5,)
(489, 0, 2) (5,) (5,)
(489, 1, 0) (5,) (5,)
(489, 1, 1) (5,) (5,)
(489, 1, 2) (5,) (5,)
(489, 2, 0) (5,) (5,)
(489, 2, 1) (5,) (5,)
(489, 2, 2) (5,) (5,)
(490, 0, 0) (5,) (5,)
(490, 0, 1) (5,) (5,)
(490, 0, 2) (5,) (5,)
(490, 1, 0) (5,) (5,)
(490, 1, 1) (5,) (5,)
(490, 1, 2) (5,) (5,)
(490, 2, 0) (5,) (5,)
(490, 2, 1) (5,) (5,)
(490, 2, 2) (5,) (5,)
(491, 0, 0) (5,) (5,)
(491, 0, 1) (5,) (5,)
(491, 0, 2) (5,) (5,)
(491, 1, 0) (5,) (5,)
(491, 1, 1) (5,) (5,)
(491, 1, 2) (5,) (5,)
(491, 2, 0) (5,) (5,)
(491, 2, 1) (5,) (5,)
(491, 2, 2) (5,) (5,)
(492, 0, 0) (5,) (5,)
(492, 0, 1) (5,) (5,)
(492, 0, 2) (5,) (5,)
(492, 1, 0) (5,) (5,)
(492, 1, 1) (5,) (5,)
(492, 1, 2) (5,) (5,)
(492, 2, 0) (5,) (5,)
(492, 2, 1) (5,) (5,)
(492, 2, 2) (5,) (5,)
(493, 0, 0) (5,) (5,)
(493, 0, 1) (5,) (5,)
(493, 0, 2) (5,) (5,)
(493, 1, 0) (5,) (5,)
(493, 1, 1) (5,) (5,)
(493, 1, 2) (5,) (5,)
(493, 2, 0) (5,) (5,)
(493, 2, 1) (5,) (5,)
(493, 2, 2) (5,) (5,)
(494, 0, 0) (5,) (5,)
(494, 0, 1) (5,) (5,)
(494, 0, 2) (5,) (5,)
(494, 1, 0) (5,) (5,)
(494, 1, 1) (5,) (5,)
(494, 1, 2) (5,) (5,)
(494, 2, 0) (5,) (5,)
(494, 2, 1) (5,) (5,)
(494, 2, 2) (5,) (5,)
(495, 0, 0) (5,) (5,)
(495, 0, 1) (5,) (5,)
(495, 0, 2) (5,) (5,)
(495, 1, 0) (5,) (5,)
(495, 1, 1) (5,) (5,)
(495, 1, 2) (5,) (5,)
(495, 2, 0) (5,) (5,)
(495, 2, 1) (5,) (5,)
(495, 2, 2) (5,) (5,)
(496, 0, 0) (5,) (5,)
(496, 0, 1) (5,) (5,)
(496, 0, 2) (5,) (5,)
(496, 1, 0) (5,) (5,)
(496, 1, 1) (5,) (5,)
(496, 1, 2) (5,) (5,)
(496, 2, 0) (5,) (5,)
(496, 2, 1) (5,) (5,)
(496, 2, 2) (5,) (5,)
(497, 0, 0) (5,) (5,)
(497, 0, 1) (5,) (5,)
(497, 0, 2) (5,) (5,)
(497, 1, 0) (5,) (5,)
(497, 1, 1) (5,) (5,)
(497, 1, 2) (5,) (5,)
(497, 2, 0) (5,) (5,)
(497, 2, 1) (5,) (5,)
(497, 2, 2) (5,) (5,)
(498, 0, 0) (5,) (5,)
(498, 0, 1) (5,) (5,)
(498, 0, 2) (5,) (5,)
(498, 1, 0) (5,) (5,)
(498, 1, 1) (5,) (5,)
(498, 1, 2) (5,) (5,)
(498, 2, 0) (5,) (5,)
(498, 2, 1) (5,) (5,)
(498, 2, 2) (5,) (5,)
(499, 0, 0) (5,) (5,)
(499, 0, 1) (5,) (5,)
(499, 0, 2) (5,) (5,)
(499, 1, 0) (5,) (5,)
(499, 1, 1) (5,) (5,)
(499, 1, 2) (5,) (5,)
(499, 2, 0) (5,) (5,)
(499, 2, 1) (5,) (5,)
(499, 2, 2) (5,) (5,)
(500, 0, 0) (5,) (5,)
(500, 0, 1) (5,) (5,)
(500, 0, 2) (5,) (5,)
(500, 1, 0) (5,) (5,)
(500, 1, 1) (5,) (5,)
(500, 1, 2) (5,) (5,)
(500, 2, 0) (5,) (5,)
(500, 2, 1) (5,) (5,)
(500, 2, 2) (5,) (5,)
Renormalised R is- 
[  0.99437596 -12.28720687   2.55592963  18.00874039  11.67143176]
(5, 3, 3, 501)
-----Interpolating non-physical mass data-----
m_val_s   [0.03, 0.035, 0.04]
data shape  (5, 3, 3, 501)
()
0.512392770383
[0.5330626395825, 0.40935309507225004, -0.62061654747374995]
0 0
