----------------------setting up as----------------------------
----------------------setting up as----------------------------
----------------------setting up as----------------------------
----------------------setting up as----------------------------
Reading 2pts...
Done

Reading 3pts...
Done

data/Zms_boot_mu_match_24cubed_qq_block.out
Z matrix is - 
[[ 0.947657  0.947525  0.947301  0.94765   0.947836]
 [ 0.947504  0.947971  0.947796  0.947713  0.94798 ]
 [ 0.948384  0.947706  0.947711  0.948163  0.947377]
 [ 0.947907  0.948142  0.948457  0.947898  0.948066]
 [ 0.948398  0.947857  0.948173  0.947762  0.947781]]
Renormalised B is- 
[  8.38662130e-01   1.41032411e+00  -1.03273520e-03  -1.17603958e+00
   1.76302162e+00]
Renormalised B is- 
[  8.38662130e-01   1.41032411e+00  -1.03273520e-03  -1.17603958e+00
   1.76302162e+00]
Renormalised B is- 
[  8.38662130e-01   1.41032411e+00  -1.03273520e-03  -1.17603958e+00
   1.76302162e+00]
Renormalised B is- 
[  8.38662130e-01   1.41032411e+00  -1.03273520e-03  -1.17603958e+00
   1.76302162e+00]
Renormalised B is- 
[  8.38662130e-01   1.41032411e+00  -1.03273520e-03  -1.17603958e+00
   1.76302162e+00]
Renormalised B is- 
[  8.38662130e-01   1.41032411e+00  -1.03273520e-03  -1.17603958e+00
   1.76302162e+00]
Renormalised B is- 
[  8.38662130e-01   1.41032411e+00  -1.03273520e-03  -1.17603958e+00
   1.76302162e+00]
Renormalised B is- 
[  8.38662130e-01   1.41032411e+00  -1.03273520e-03  -1.17603958e+00
   1.76302162e+00]
Renormalised B is- 
[  8.38662130e-01   1.41032411e+00  -1.03273520e-03  -1.17603958e+00
   1.76302162e+00]
-----Interpolating non-physical mass data-----
-----Interpolating non-physical mass data-----
Interpolate dR/dms to the near physical point data
(5, 3, 1, 501) (5, 3, 1, 501) (501,) (1, 3, 4, 1, 501)
0
[[ 0.01350903]
 [ 0.01393965]
 [ 0.01500488]]
1
[[ 0.42568424]
 [ 0.4392581 ]
 [ 0.47283365]] [[-0.19253822]
 [-0.19192903]
 [-0.19382638]]
2
[[  6.21854477e-05]
 [  6.09374772e-05]
 [  6.60452932e-05]] [[  1.66430876e-05]
 [  1.73148611e-05]
 [  1.88245456e-05]]
3
[[ 0.42596195]
 [ 0.43953653]
 [ 0.47312869]] [[-0.19272001]
 [-0.19210025]
 [-0.19399082]]
4
[[-0.2128559 ]
 [-0.21964284]
 [-0.23642848]] [[ 0.09637028]
 [ 0.09606055]
 [ 0.09700746]]
Interpolated B is -  [[  8.45338995e-01]
 [  1.42155574e+00]
 [ -1.03832926e-03]
 [ -1.18540262e+00]
 [  1.77705975e+00]]
Interpolated B is -  [[  8.72284987e-01]
 [  1.46688511e+00]
 [ -1.01749152e-03]
 [ -1.22317910e+00]
 [  1.83372151e+00]]
Reading 2pts...
Done

Reading 3pts...
Done

data/Zms_boot_mu_match_32cubed_qq_block.out
Z matrix is - 
[[ 0.970396  0.970384  0.970277  0.970394  0.970335]
 [ 0.96987   0.969885  0.969753  0.969847  0.969743]
 [ 0.969629  0.969858  0.97016   0.970069  0.970132]
 [ 0.969608  0.969265  0.970801  0.970246  0.969862]
 [ 0.970282  0.969711  0.970715  0.970395  0.970048]]
Renormalised B is- 
[ 0.81036619  1.48491746 -0.00330841 -1.23851284  1.85842363]
Renormalised B is- 
[ 0.81036619  1.48491746 -0.00330841 -1.23851284  1.85842363]
Renormalised B is- 
[ 0.81036619  1.48491746 -0.00330841 -1.23851284  1.85842363]
Renormalised B is- 
[ 0.81036619  1.48491746 -0.00330841 -1.23851284  1.85842363]
Renormalised B is- 
[ 0.81036619  1.48491746 -0.00330841 -1.23851284  1.85842363]
Renormalised B is- 
[ 0.81036619  1.48491746 -0.00330841 -1.23851284  1.85842363]
-----Interpolating non-physical mass data-----
-----Interpolating non-physical mass data-----
Interpolate dR/dms to the near physical point data
(5, 3, 1, 501) (5, 3, 1, 501) (501,) (1, 3, 3, 1, 501)
0
[[ 0.01291389]
 [ 0.01324748]
 [ 0.01340653]]
1
[[ 0.44341255]
 [ 0.45487576]
 [ 0.4603433 ]] [[-0.18737359]
 [-0.18847802]
 [-0.19042509]]
2
[[ 0.00019768]
 [ 0.00020119]
 [ 0.00020225]] [[-0.00012356]
 [-0.00012536]
 [-0.00012252]]
3
[[ 0.44380047]
 [ 0.45526705]
 [ 0.46073534]] [[-0.18789122]
 [-0.18900518]
 [-0.19093852]]
4
[[-0.22197846]
 [-0.22771256]
 [-0.23044653]] [[ 0.0939996 ]
 [ 0.09455764]
 [ 0.0955218 ]]
Interpolated B is -  [[ 0.80809752]
 [ 1.48075875]
 [-0.00330068]
 [-1.23504515]
 [ 1.85322084]]
Interpolated B is -  [[ 0.82897207]
 [ 1.51903967]
 [-0.00335934]
 [-1.26695532]
 [ 1.90109281]]
Interpolated B is -  [[ 0.83892496]
 [ 1.5372983 ]
 [-0.00337705]
 [-1.28217292]
 [ 1.9239178 ]]
 Reading Physical point Bag data...
Unrenormalised bag is -  [[ 1.55547701  1.55757778  1.55362159 ...,  1.5598041   1.55646184
   1.55742327]
 [ 1.22580799  1.22666295  1.22750156 ...,  1.22727901  1.22685875
   1.22644856]
 [-1.86547726 -1.86677924 -1.8678765  ..., -1.86694583 -1.86659135
  -1.86617962]
 [ 0.96107359  0.96078683  0.96008066 ...,  0.96052682  0.96087227
   0.96112814]
 [ 0.49515669  0.49498506  0.49461602 ...,  0.49480345  0.49504743
   0.49513115]]
Done

 Reading Physical point Mass data...
Done

Done

data/Zms_boot_mu_match_24cubed_qq_block.out
Z matrix is - 
[[ 0.947657  0.947525  0.947301  0.94765   0.947836]
 [ 0.947504  0.947971  0.947796  0.947713  0.94798 ]
 [ 0.948384  0.947706  0.947711  0.948163  0.947377]
 [ 0.947907  0.948142  0.948457  0.947898  0.948066]
 [ 0.948398  0.947857  0.948173  0.947762  0.947781]]
Renormalised B is- 
[  8.43853545e-01   1.41902606e+00  -1.06181114e-03  -1.18331750e+00
   1.77392118e+00]
Interpolating physical pt data to true strange physical point
Interpolating physical pt data to true strange physical point
(5, 1, 1, 501) (5, 1, 1, 501) (501,) (1, 1, 2, 1, 501)
0
[[ 0.0134667]]
1
[[ 0.42434068]] [[-0.19976975]]
2
[[  6.35348534e-05]] [[  1.61261561e-05]]
3
[[ 0.42462643]] [[-0.19997607]]
4
[[-0.21218697]] [[ 0.09999886]]
Interpolated B is -  [[  8.42690129e-01]
 [  1.41706899e+00]
 [ -1.06086070e-03]
 [ -1.18168603e+00]
 [  1.77147509e+00]]
 Reading Physical point Bag data...
Unrenormalised bag is -  [[ 1.50983843  1.4994198   1.49292605 ...,  1.50126416  1.48978841
   1.49653838]
 [ 1.22125555  1.215269    1.20608145 ...,  1.21334216  1.21217694
   1.21093375]
 [-1.86729716 -1.8575678  -1.84388862 ..., -1.85457716 -1.85304505
  -1.851134  ]
 [ 0.88713639  0.882251    0.87701784 ...,  0.88278688  0.87860248
   0.88037091]
 [ 0.44833232  0.44579453  0.44318866 ...,  0.44609351  0.44404573
   0.44488451]]
Done

 Reading Physical point Mass data...
Done

Done

data/Zms_boot_mu_match_32cubed_qq_block.out
Z matrix is - 
[[ 0.970396  0.970384  0.970277  0.970394  0.970335]
 [ 0.96987   0.969885  0.969753  0.969847  0.969743]
 [ 0.969629  0.969858  0.97016   0.970069  0.970132]
 [ 0.969608  0.969265  0.970801  0.970246  0.969862]
 [ 0.970282  0.969711  0.970715  0.970395  0.970048]]
Renormalised B is- 
[ 0.79394494  1.4547686  -0.0033074  -1.21339731  1.82076565]
Interpolating physical pt data to true strange physical point
Interpolating physical pt data to true strange physical point
(5, 1, 1, 501) (5, 1, 1, 501) (501,) (1, 1, 2, 1, 501)
0
[[ 0.01248114]]
1
[[ 0.42853381]] [[-0.19119213]]
2
[[ 0.00019544]] [[-0.0001335]]
3
[[ 0.42892126]] [[-0.19175506]]
4
[[-0.21453998]] [[ 0.09593828]]
Interpolated B is -  [[ 0.78101781]
 [ 1.43107176]
 [-0.00326338]
 [-1.19363803]
 [ 1.79111955]]
do log value is -  0
---Doing Global Fitting---
Scheme -  ms   Basis -  SUSY   Kinematics -  qq   Fit type -  linear
Channel -  1
---Fitting Results---
chisq -  2.10042308561  +/-  4.32450532278
chisq/dof -  0.300060440802 +/- 0.617786474683
parameters: 
p0 -  -16.0039749019  +/-  19.1651350044
p1 -  31.1559505105  +/-  18.7568247329
p2 -  3.20516242768  +/-  18.6430249633
---continuum point is: yp =  -15.7765595128  +/-  0.264353841463
Saving  ./plots/linear/R1_SUSY_ms_qq .pdf
Channel -  2
---Fitting Results---
chisq -  2.08353143662  +/-  4.31455561692
chisq/dof -  0.297647348088 +/- 0.616365088131
parameters: 
p0 -  -15.8921913507  +/-  19.0183429224
p1 -  30.891199305  +/-  18.6125343504
p2 -  2.94012228809  +/-  18.5107091732
---continuum point is: yp =  -15.6667084495  +/-  0.263565647153
Saving  ./plots/linear/R2_SUSY_ms_qq .pdf
Channel -  3
---Fitting Results---
chisq -  1055.68598862  +/-  273.276756427
chisq/dof -  150.812284089 +/- 39.0395366324
parameters: 
p0 -  -0.0236433535671  +/-  0.0406628039621
p1 -  0.0443889284417  +/-  0.0412879528131
p2 -  0.0735158304738  +/-  0.0398705198765
---continuum point is: yp =  -0.0233193472291  +/-  0.000262436972934
Saving  ./plots/linear/R3_SUSY_ms_qq .pdf
Channel -  4
---Fitting Results---
chisq -  2.09466882425  +/-  4.32114254752
chisq/dof -  0.299238403465 +/- 0.617306078217
parameters: 
p0 -  -15.971310137  +/-  19.1223332629
p1 -  31.0791760223  +/-  18.7147290807
p2 -  3.12801652934  +/-  18.6044556152
---continuum point is: yp =  -15.7444551449  +/-  0.264118544757
Saving  ./plots/linear/R4_SUSY_ms_qq .pdf
Channel -  5
---Fitting Results---
chisq -  2.09787674157  +/-  4.32276246694
chisq/dof -  0.299696677367 +/- 0.617537495277
parameters: 
p0 -  7.99459756677  +/-  9.57101806441
p1 -  -15.5566289981  +/-  9.36703376517
p2 -  -1.58802560137  +/-  9.3107181642
---continuum point is: yp =  7.88104568411  +/-  0.132109269225
Saving  ./plots/linear/R5_SUSY_ms_qq .pdf
do log value is -  0
---Doing Global Fitting---
Scheme -  ms   Basis -  SUSY   Kinematics -  qq   Fit type -  linear
Channel -  1
---Fitting Results---
chisq -  11.9617041138  +/-  7.79586471518
chisq/dof -  1.7088148734 +/- 1.11369495931
parameters: 
p0 -  0.723852345821  +/-  0.33686339774
p1 -  1.28999010173  +/-  0.362147540673
p2 -  0.334100198133  +/-  0.396166298756
---continuum point is: yp =  0.73326831921  +/-  0.00642816197929
Saving  ./plots/linear/B1_SUSY_ms_qq .pdf
Channel -  2
---Fitting Results---
chisq -  20.3993634918  +/-  9.88118188331
chisq/dof -  2.91419478454 +/- 1.4115974119
parameters: 
p0 -  1.48146208663  +/-  0.942598613339
p1 -  2.16575828678  +/-  0.985981291734
p2 -  -0.229447880668  +/-  1.03082720504
---continuum point is: yp =  1.49727051986  +/-  0.0116774629954
Saving  ./plots/linear/B2_SUSY_ms_qq .pdf
Channel -  3
---Fitting Results---
chisq -  546.908489367  +/-  120.771765188
chisq/dof -  78.1297841953 +/- 17.2531093126
parameters: 
p0 -  -0.00623163710858  +/-  0.00885401102201
p1 -  0.00484178935863  +/-  0.00893435831313
p2 -  0.0153855606246  +/-  0.00873679319832
---continuum point is: yp =  -0.00619629562829  +/-  4.29120555754e-05
Saving  ./plots/linear/B3_SUSY_ms_qq .pdf
Channel -  4
---Fitting Results---
chisq -  20.4327770139  +/-  9.88871504549
chisq/dof -  2.91896814485 +/- 1.41267357793
parameters: 
p0 -  -1.23598109983  +/-  0.786517492666
p1 -  -1.8045993868  +/-  0.822638302995
p2 -  0.193099428015  +/-  0.860001003085
---continuum point is: yp =  -1.24915334028  +/-  0.00973643431546
Saving  ./plots/linear/B4_SUSY_ms_qq .pdf
Channel -  5
---Fitting Results---
chisq -  20.5285778043  +/-  9.91006060133
chisq/dof -  2.93265397204 +/- 1.41572294305
parameters: 
p0 -  1.85672161235  +/-  1.18469843091
p1 -  2.70420457384  +/-  1.23885079903
p2 -  -0.300988780244  +/-  1.29469626906
---continuum point is: yp =  1.87646030513  +/-  0.0146090040502
Saving  ./plots/linear/B5_SUSY_ms_qq .pdf
do log value is -  1
---Doing Global Fitting---
Scheme -  ms   Basis -  SUSY   Kinematics -  qq   Fit type -  chiral
Channel -  1
---Fitting Results---
chisq -  2.42820029974  +/-  4.44729906063
chisq/dof -  0.346885757105 +/- 0.635328437233
parameters: 
p0 -  -16.502524629  +/-  17.2040503938
p1 -  -38.9272801745  +/-  17.6421968752
p2 -  3.64214983258  +/-  16.9058929262
---continuum point is: yp =  -15.8977012661  +/-  0.261866410886
Saving  ./plots/chiral/R1_SUSY_ms_qq .pdf
Channel -  2
---Fitting Results---
chisq -  4.47267567391  +/-  5.37344341237
chisq/dof -  0.638953667701 +/- 0.767634773196
parameters: 
p0 -  -16.7265368861  +/-  38.7443090191
p1 -  -87.5624631702  +/-  39.25434419
p2 -  3.65638363797  +/-  38.2159361875
---continuum point is: yp =  -15.8639599556  +/-  0.259530779567
Saving  ./plots/chiral/R2_SUSY_ms_qq .pdf
Channel -  3
---Fitting Results---
chisq -  42.0449548414  +/-  47.6130458986
chisq/dof -  6.0064221202 +/- 6.80186369979
parameters: 
p0 -  -0.0254688179655  +/-  0.0859754162318
p1 -  -0.135715256191  +/-  0.0875685919034
p2 -  0.076280834504  +/-  0.0870109377708
---continuum point is: yp =  -0.0241728337609  +/-  0.000346652209701
Saving  ./plots/chiral/R3_SUSY_ms_qq .pdf
Channel -  4
---Fitting Results---
chisq -  2.427838061  +/-  4.44671987157
chisq/dof -  0.346834008715 +/- 0.635245695939
parameters: 
p0 -  -16.468838042  +/-  17.1469493753
p1 -  -38.8607336614  +/-  17.5835354942
p2 -  3.56409432345  +/-  16.8474893374
---continuum point is: yp =  -15.8653435795  +/-  0.261640654965
Saving  ./plots/chiral/R4_SUSY_ms_qq .pdf
Channel -  5
---Fitting Results---
chisq -  2.42913244073  +/-  4.44729589822
chisq/dof -  0.347018920104 +/- 0.63532798546
parameters: 
p0 -  8.24364497197  +/-  8.59193538745
p1 -  19.4525356046  +/-  8.8107017504
p2 -  -1.80632318707  +/-  8.44274763714
---continuum point is: yp =  7.94156256966  +/-  0.130867509003
Saving  ./plots/chiral/R5_SUSY_ms_qq .pdf
do log value is -  1
---Doing Global Fitting---
Scheme -  ms   Basis -  SUSY   Kinematics -  qq   Fit type -  chiral
Channel -  1
---Fitting Results---
chisq -  15.8977039435  +/-  8.82863220934
chisq/dof -  2.27110056336 +/- 1.26123317276
parameters: 
p0 -  0.716006674775  +/-  0.25605608666
p1 -  0.291648510174  +/-  0.223051497282
p2 -  0.342336799499  +/-  0.191830191174
---continuum point is: yp =  0.730992191602  +/-  0.00640545520427
Saving  ./plots/chiral/B1_SUSY_ms_qq .pdf
Channel -  2
---Fitting Results---
chisq -  16.4070206705  +/-  8.98456599999
chisq/dof -  2.34386009579 +/- 1.28350942857
parameters: 
p0 -  1.49766229485  +/-  1.76170515921
p1 -  4.256950839  +/-  1.82461662792
p2 -  -0.246087425201  +/-  1.8878769746
---continuum point is: yp =  1.50184268964  +/-  0.0117523598387
Saving  ./plots/chiral/B2_SUSY_ms_qq .pdf
Channel -  3
---Fitting Results---
chisq -  496.688697987  +/-  118.199930007
chisq/dof -  70.9555282838 +/- 16.8857042867
parameters: 
p0 -  -0.00630236977016  +/-  0.00971939690097
p1 -  -0.00393866457318  +/-  0.00993855581875
p2 -  0.0154628212717  +/-  0.00988066796552
---continuum point is: yp =  -0.00621795302886  +/-  4.33759234553e-05
Saving  ./plots/chiral/B3_SUSY_ms_qq .pdf
Channel -  4
---Fitting Results---
chisq -  25.5924150272  +/-  10.9423552472
chisq/dof -  3.6560592896 +/- 1.56319360674
parameters: 
p0 -  -1.22263646096  +/-  0.677364795745
p1 -  -0.0989833534541  +/-  0.638438177805
p2 -  0.179179552692  +/-  0.597612474539
---continuum point is: yp =  -1.24531276758  +/-  0.00969416491396
Saving  ./plots/chiral/B4_SUSY_ms_qq .pdf
Channel -  5
---Fitting Results---
chisq -  25.7048997043  +/-  10.9646433699
chisq/dof -  3.67212852919 +/- 1.56637762427
parameters: 
p0 -  1.83667382071  +/-  1.02158652875
p1 -  0.142001820782  +/-  0.963324324151
p2 -  -0.28007490984  +/-  0.901992952581
---continuum point is: yp =  1.870689856  +/-  0.0145454405002
Saving  ./plots/chiral/B5_SUSY_ms_qq .pdf
