----------------------setting up as----------------------------
----------------------setting up as----------------------------
----------------------setting up as----------------------------
----------------------setting up as----------------------------
24 ms SUSY gg
Unrenormalised bag is -  [ 1.531126  1.184277 -1.791854  0.945944  0.489873]
Unrenormalised bare ratios is -  [[-21.395342 -21.323851 -21.438699 ..., -21.42395  -21.301824 -21.405902]
 [ 32.387562  32.279551  32.458398 ...,  32.469014  32.271109  32.418288]
 [-17.220644 -17.180836 -17.23766  ..., -17.379827 -17.277187 -17.271899]
 [ -8.862963  -8.846121  -8.872476 ...,  -8.945566  -8.890274  -8.894053]]
data/Zms_boot_mu_match_24cubed_gg_block.out
Z matrix is - 
[[ 0.920215  0.        0.        0.        0.      ]
 [ 0.        1.050434  0.281974  0.        0.      ]
 [ 0.        0.056536  0.953475  0.        0.      ]
 [ 0.        0.        0.        0.933499 -0.02688 ]
 [ 0.        0.        0.       -0.330651  1.161232]]
Renormalised B is- 
[ 0.52836192  0.54868567  0.96789863  0.86285501  0.58247319]
Renormalised R is- 
[  0.99437596 -14.24486033   1.79306912  26.87874709  11.15855281]
-----Interpolating non-physical mass data-----
Interpolate dR/dms to the near physical point data
24  - dy/dms =  [[ 1.57379823]
 [ 1.72040211]
 [ 1.47666424]]
Interpolated dy/dms =  [ 1.75251477]
-----Interpolating non-physical mass data-----
Interpolate dR/dms to the near physical point data
24  - dy/dms =  [[ 17.09057659]
 [ 15.81708077]
 [ 13.5778284 ]]
Interpolated dy/dms =  [ 18.01326238]
(5, 3, 1, 501) (5, 3, 1, 501) (501,) (1, 3, 4, 1, 501)
0
[[ 0.00850192]
 [ 0.00851048]
 [ 0.00922499]]
1
[[ 0.16511044]
 [ 0.173525  ]
 [ 0.18176847]] [[-0.12199129]
 [-0.11562659]
 [-0.1152571 ]]
2
[[-0.05820299]
 [-0.06128087]
 [-0.06427084]] [[ 0.01535733]
 [ 0.01440986]
 [ 0.01409807]]
3
[[-0.31133096]
 [-0.31546904]
 [-0.32880382]] [[ 0.22891088]
 [ 0.21191196]
 [ 0.20790353]]
4
[[-0.07038494]
 [-0.07234061]
 [-0.0766743 ]] [[ 0.09533425]
 [ 0.08894416]
 [ 0.08855265]]
Interpolated B is -  [[ 0.53201489]
 [ 0.55137979]
 [ 0.97183303]
 [ 0.86639791]
 [ 0.58761936]]
Interpolated B is -  [[ 0.53255018]
 [ 0.57947991]
 [ 1.02322526]
 [ 0.87791369]
 [ 0.6039465 ]]
32 ms SUSY gg
Unrenormalised bag is -  [ 1.494694  1.202869 -1.837128  0.907511  0.458776]
Unrenormalised bare ratios is -  [[-25.125635 -25.043168 -25.038251 ..., -25.028875 -24.923587 -25.114861]
 [ 38.287211  38.137487  38.10305  ...,  38.172154  37.97357   38.267258]
 [-19.01485  -18.905824 -18.819727 ..., -18.964935 -18.867802 -18.94673 ]
 [ -9.598064  -9.555677  -9.515797 ...,  -9.573961  -9.53175   -9.579905]]
data/Zms_boot_mu_match_32cubed_gg_block.out
Z matrix is - 
[[ 0.945261  0.        0.        0.        0.      ]
 [ 0.        1.0474    0.278183  0.        0.      ]
 [ 0.        0.043911  0.873855  0.        0.      ]
 [ 0.        0.        0.        0.865954 -0.012447]
 [ 0.        0.        0.       -0.326269  1.210841]]
Renormalised B is- 
[ 0.52982848  0.53692814  0.89597919  0.89044084  0.64421132]
Renormalised R is- 
[  1.02231611 -14.36403183   1.03688242  28.60992537  13.31615549]
-----Interpolating non-physical mass data-----
Interpolate dR/dms to the near physical point data
32  - dy/dms =  [[ 2.51619026]
 [ 2.61381209]
 [ 2.45061277]]
Interpolated dy/dms =  [ 2.73462749]
-----Interpolating non-physical mass data-----
Interpolate dR/dms to the near physical point data
32  - dy/dms =  [[ 24.36942361]
 [ 23.51415934]
 [ 22.14250538]]
Interpolated dy/dms =  [ 26.47174774]
(5, 3, 1, 501) (5, 3, 1, 501) (501,) (1, 3, 3, 1, 501)
0
[[ 0.00844567]
 [ 0.00864352]
 [ 0.00868849]]
1
[[ 0.16048404]
 [ 0.16279893]
 [ 0.1644903 ]] [[-0.11949943]
 [-0.12119455]
 [-0.11852888]]
2
[[-0.05357185]
 [-0.05420741]
 [-0.05477689]] [[ 0.0086989 ]
 [ 0.00864609]
 [ 0.00836014]]
3
[[-0.31945538]
 [-0.32150754]
 [-0.32157656]] [[ 0.23713976]
 [ 0.24187817]
 [ 0.23246223]]
4
[[-0.07694287]
 [-0.07807846]
 [-0.07868004]] [[ 0.110269  ]
 [ 0.11271527]
 [ 0.10910516]]
Interpolated B is -  [[ 0.5284949 ]
 [ 0.53593013]
 [ 0.89450545]
 [ 0.88900721]
 [ 0.64236925]]
Interpolated B is -  [[ 0.54087559]
 [ 0.54366062]
 [ 0.9051175 ]
 [ 0.89471815]
 [ 0.65184985]]
Interpolated B is -  [[ 0.54368975]
 [ 0.54930888]
 [ 0.91462641]
 [ 0.89491021]
 [ 0.65687227]]
48 ms SUSY gg
Unrenormalised bag is -  [[ 1.55547701  1.55757778  1.55362159 ...,  1.5598041   1.55646184
   1.55742327]
 [ 1.22580799  1.22666295  1.22750156 ...,  1.22727901  1.22685875
   1.22644856]
 [-1.86547726 -1.86677924 -1.8678765  ..., -1.86694583 -1.86659135
  -1.86617962]
 [ 0.96107359  0.96078683  0.96008066 ...,  0.96052682  0.96087227
   0.96112814]
 [ 0.49515669  0.49498506  0.49461602 ...,  0.49480345  0.49504743
   0.49513115]]
Unrenormalised bare ratios is -  [[-23.320056   -23.26213436 -23.333959   ..., -23.25488322 -23.3141627
  -23.28736511]
 [ 35.49050983  35.40023346  35.50647587 ...,  35.37570546  35.4685722
   35.43416867]
 [-18.27854849 -18.21654545 -18.24633115 ..., -18.19446715 -18.25215609
  -18.24681984]
 [ -9.41735237  -9.38455152  -9.39975583 ...,  -9.37283193  -9.40358238
   -9.39991398]]
data/Zms_boot_mu_match_24cubed_gg_block.out
Z matrix is - 
[[ 0.920215  0.        0.        0.        0.      ]
 [ 0.        1.050434  0.281974  0.        0.      ]
 [ 0.        0.056536  0.953475  0.        0.      ]
 [ 0.        0.        0.        0.933499 -0.02688 ]
 [ 0.        0.        0.       -0.330651  1.161232]]
Renormalised B is- 
[ 0.53743659  0.55753725  0.98831617  0.8988526   0.60087626]
Renormalised R is- 
[  1.01619427 -15.37771845   1.93268714  30.05814625  12.40048987]
Interpolating physical pt data to true strange physical point
uninterpolated value is  [[[ 0.53743659]]]
interpolated physical value is [[ 0.53673559]]
Interpolating physical pt data to true strange physical point
uninterpolated value is  [[[ 1.01619427]]]
interpolated physical value is [[ 1.00898897]]
(5, 1, 1, 501) (5, 1, 1, 501) (501,) (1, 1, 2, 1, 501)
0
[[ 0.00857736]]
1
[[ 0.16682356]] [[-0.132899]]
2
[[-0.05915106]] [[ 0.01670442]]
3
[[-0.32275128]] [[ 0.25993763]]
4
[[-0.07186052]] [[ 0.1072028]]
Interpolated B is -  [[ 0.53673559]
 [ 0.55710072]
 [ 0.98766321]
 [ 0.89817932]
 [ 0.59993841]]
64 ms SUSY gg
Unrenormalised bag is -  [[ 1.55547701  1.55757778  1.55362159 ...,  1.5598041   1.55646184
   1.55742327]
 [ 1.22580799  1.22666295  1.22750156 ...,  1.22727901  1.22685875
   1.22644856]
 [-1.86547726 -1.86677924 -1.8678765  ..., -1.86694583 -1.86659135
  -1.86617962]
 [ 0.96107359  0.96078683  0.96008066 ...,  0.96052682  0.96087227
   0.96112814]
 [ 0.49515669  0.49498506  0.49461602 ...,  0.49480345  0.49504743
   0.49513115]]
Unrenormalised bare ratios is -  [[-23.320056   -23.26213436 -23.333959   ..., -23.25488322 -23.3141627
  -23.28736511]
 [ 35.49050983  35.40023346  35.50647587 ...,  35.37570546  35.4685722
   35.43416867]
 [-18.27854849 -18.21654545 -18.24633115 ..., -18.19446715 -18.25215609
  -18.24681984]
 [ -9.41735237  -9.38455152  -9.39975583 ...,  -9.37283193  -9.40358238
   -9.39991398]]
data/Zms_boot_mu_match_32cubed_gg_block.out
Z matrix is - 
[[ 0.945261  0.        0.        0.        0.      ]
 [ 0.        1.0474    0.278183  0.        0.      ]
 [ 0.        0.043911  0.873855  0.        0.      ]
 [ 0.        0.        0.        0.865954 -0.012447]
 [ 0.        0.        0.       -0.326269  1.210841]]
Renormalised B is- 
[ 0.5520643   0.56857143  0.92944593  0.90440713  0.65850558]
Renormalised R is- 
[  1.06323312 -14.32325782   0.88821423  27.54214304  12.84257981]
Interpolating physical pt data to true strange physical point
uninterpolated value is  [[[ 0.5520643]]]
interpolated physical value is [[ 0.54380573]]
Interpolating physical pt data to true strange physical point
uninterpolated value is  [[[ 1.06323312]]]
interpolated physical value is [[ 0.98328844]]
(5, 1, 1, 501) (5, 1, 1, 501) (501,) (1, 1, 2, 1, 501)
0
[[ 0.00869035]]
1
[[ 0.16844753]] [[-0.12797803]]
2
[[-0.05510806]] [[ 0.00805184]]
3
[[-0.3218424]] [[ 0.24720367]]
4
[[-0.07758044]] [[ 0.11449238]]
Interpolated B is -  [[ 0.54380573]
 [ 0.56252389]
 [ 0.92015591]
 [ 0.89565   ]
 [ 0.64769204]]
do log value is -  0
---Doing Global Fitting---
Scheme -  ms   Basis -  SUSY   Kinematics -  gg   Fit type -  linear
Channel -  1
---Fitting Results---
chisq -  29.3946588757  +/-  10.9172540049
chisq/dof -  4.19923698224 +/- 1.55960771499
parameters: 
p0 -  1.00175204156  +/-  0.626812013364
p1 -  1.45321220929  +/-  0.603568071048
p2 -  0.0144152848611  +/-  0.569762829189
---continuum point is: yp =  1.01235941558  +/-  0.0149463959712
Saving  ./plots/linear/R1_SUSY_ms_gg .pdf
Channel -  2
---Fitting Results---
chisq -  16.7186305323  +/-  9.0249039963
chisq/dof -  2.38837579032 +/- 1.28927199947
parameters: 
p0 -  -15.2579154644  +/-  25.8459760379
p1 -  45.5643850857  +/-  25.467530616
p2 -  -1.0934314589  +/-  26.1854596244
---continuum point is: yp =  -14.9253291625  +/-  0.244154541249
Saving  ./plots/linear/R2_SUSY_ms_gg .pdf
Channel -  3
---Fitting Results---
chisq -  145.579598364  +/-  29.6287442059
chisq/dof -  20.7970854805 +/- 4.2326777437
parameters: 
p0 -  -0.021379341684  +/-  2.95170288763
p1 -  -1.03371278829  +/-  3.03702594975
p2 -  5.81451772151  +/-  3.19881113111
---continuum point is: yp =  -0.0289246802825  +/-  0.0271707194515
Saving  ./plots/linear/R3_SUSY_ms_gg .pdf
Channel -  4
---Fitting Results---
chisq -  67.7084852555  +/-  17.7008788562
chisq/dof -  9.67264075079 +/- 2.52869697945
parameters: 
p0 -  32.7998442646  +/-  67.4810948239
p1 -  -126.737371648  +/-  67.1042923785
p2 -  -6.40291281227  +/-  69.2951043328
---continuum point is: yp =  31.8747552138  +/-  0.48442121993
Saving  ./plots/linear/R4_SUSY_ms_gg .pdf
Channel -  5
---Fitting Results---
chisq -  58.3828567809  +/-  16.7962258313
chisq/dof -  8.34040811156 +/- 2.39946083305
parameters: 
p0 -  16.8465646519  +/-  29.2077460838
p1 -  -54.5688343757  +/-  28.9859056612
p2 -  -12.4929529823  +/-  29.4359079715
---continuum point is: yp =  16.4482525318  +/-  0.220571130379
Saving  ./plots/linear/R5_SUSY_ms_gg .pdf
do log value is -  0
---Doing Global Fitting---
Scheme -  ms   Basis -  SUSY   Kinematics -  gg   Fit type -  linear
Channel -  1
---Fitting Results---
chisq -  48.7627413363  +/-  14.5206230869
chisq/dof -  6.96610590518 +/- 2.0743747267
parameters: 
p0 -  0.569298707385  +/-  0.370120986262
p1 -  -0.311021397623  +/-  0.368767774467
p2 -  -0.0892840121728  +/-  0.357463590459
---continuum point is: yp =  0.567028481281  +/-  0.00103400945883
Saving  ./plots/linear/B1_SUSY_ms_gg .pdf
Channel -  2
---Fitting Results---
chisq -  256.595751596  +/-  34.6458127882
chisq/dof -  36.6565359423 +/- 4.94940182689
parameters: 
p0 -  0.584220324238  +/-  0.52586023699
p1 -  -0.708534732839  +/-  0.527972520722
p2 -  -0.0659291577898  +/-  0.541224430105
---continuum point is: yp =  0.579048544873  +/-  0.000690094181707
Saving  ./plots/linear/B2_SUSY_ms_gg .pdf
Channel -  3
---Fitting Results---
chisq -  101.9598174  +/-  21.283306539
chisq/dof -  14.5656882 +/- 3.04047236272
parameters: 
p0 -  0.862834951311  +/-  0.605446574715
p1 -  -0.554962581507  +/-  0.600288197436
p2 -  0.386498394729  +/-  0.652878925145
---continuum point is: yp =  0.858784135036  +/-  0.00135394916356
Saving  ./plots/linear/B3_SUSY_ms_gg .pdf
Channel -  4
---Fitting Results---
chisq -  16.2858048099  +/-  8.92362393593
chisq/dof -  2.32654354427 +/- 1.27480341942
parameters: 
p0 -  0.913254463811  +/-  0.5434079751
p1 -  -0.337317393323  +/-  0.54071784406
p2 -  -0.0371588978906  +/-  0.548255019265
---continuum point is: yp =  0.910792296393  +/-  0.000853969548997
Saving  ./plots/linear/B4_SUSY_ms_gg .pdf
Channel -  5
---Fitting Results---
chisq -  58.6062932449  +/-  16.1886254289
chisq/dof -  8.37232760641 +/- 2.31266077556
parameters: 
p0 -  0.726113471165  +/-  0.487847430398
p1 -  -0.193482625149  +/-  0.484240015713
p2 -  -0.371069247071  +/-  0.480593303381
---continuum point is: yp =  0.724701191142  +/-  0.00119878923358
Saving  ./plots/linear/B5_SUSY_ms_gg .pdf
do log value is -  1
---Doing Global Fitting---
Scheme -  ms   Basis -  SUSY   Kinematics -  gg   Fit type -  chiral
Channel -  1
---Fitting Results---
chisq -  18.4127100467  +/-  8.60145268907
chisq/dof -  2.63038714953 +/- 1.22877895558
parameters: 
p0 -  1.03277714776  +/-  2.57619103861
p1 -  5.87184171843  +/-  2.56550312344
p2 -  -0.012933788252  +/-  2.51989841817
---continuum point is: yp =  1.02000325133  +/-  0.0146763087277
Saving  ./plots/chiral/R1_SUSY_ms_gg .pdf
Channel -  2
---Fitting Results---
chisq -  22.7496645395  +/-  10.7538250647
chisq/dof -  3.24995207707 +/- 1.53626072353
parameters: 
p0 -  -16.0414122176  +/-  28.6600323411
p1 -  -68.2207250421  +/-  28.8845490095
p2 -  -0.463428434783  +/-  27.7263956946
---continuum point is: yp =  -15.099165796  +/-  0.238785338175
Saving  ./plots/chiral/R2_SUSY_ms_gg .pdf
Channel -  3
---Fitting Results---
chisq -  145.200194391  +/-  29.7234006931
chisq/dof -  20.742884913 +/- 4.24620009901
parameters: 
p0 -  -0.0264341287228  +/-  3.03951731952
p1 -  -1.18099655446  +/-  3.16379708921
p2 -  5.82607773206  +/-  3.23902424966
---continuum point is: yp =  -0.0326812585242  +/-  0.027695512347
Saving  ./plots/chiral/R3_SUSY_ms_gg .pdf
Channel -  4
---Fitting Results---
chisq -  70.5235382081  +/-  18.2910778138
chisq/dof -  10.0747911726 +/- 2.61301111625
parameters: 
p0 -  33.7670842105  +/-  16.3652513879
p1 -  17.1129004252  +/-  16.4557611988
p2 -  -7.10828565917  +/-  15.9185723234
---continuum point is: yp =  32.0730187423  +/-  0.477014305895
Saving  ./plots/chiral/R4_SUSY_ms_gg .pdf
Channel -  5
---Fitting Results---
chisq -  58.8493414067  +/-  16.9645243361
chisq/dof -  8.40704877238 +/- 2.42350347659
parameters: 
p0 -  17.3464627596  +/-  14.5043574807
p1 -  19.3720023524  +/-  14.7775834012
p2 -  -12.8677385018  +/-  14.0375204228
---continuum point is: yp =  16.5534387846  +/-  0.216731124226
Saving  ./plots/chiral/R5_SUSY_ms_gg .pdf
do log value is -  1
---Doing Global Fitting---
Scheme -  ms   Basis -  SUSY   Kinematics -  gg   Fit type -  chiral
Channel -  1
---Fitting Results---
chisq -  59.6704569192  +/-  16.0517058306
chisq/dof -  8.52435098846 +/- 2.29310083294
parameters: 
p0 -  0.564505791242  +/-  0.688518224189
p1 -  -1.11527965766  +/-  0.685590638811
p2 -  -0.0865943832121  +/-  0.671047753178
---continuum point is: yp =  0.566501405965  +/-  0.00100158731081
Saving  ./plots/chiral/B1_SUSY_ms_gg .pdf
Channel -  2
---Fitting Results---
chisq -  220.233302209  +/-  32.1175150759
chisq/dof -  31.4619003155 +/- 4.58821643942
parameters: 
p0 -  0.589100180968  +/-  0.272073673609
p1 -  0.137770610362  +/-  0.274549442147
p2 -  -0.0685063036121  +/-  0.277220125031
---continuum point is: yp =  0.579527853675  +/-  0.000851179091875
Saving  ./plots/chiral/B2_SUSY_ms_gg .pdf
Channel -  3
---Fitting Results---
chisq -  85.4677706743  +/-  19.520512917
chisq/dof -  12.2096815249 +/- 2.78864470242
parameters: 
p0 -  0.869944181095  +/-  0.196928084342
p1 -  0.693375745158  +/-  0.198349879599
p2 -  0.383023124938  +/-  0.203793081676
---continuum point is: yp =  0.85938449297  +/-  0.00145348931834
Saving  ./plots/chiral/B3_SUSY_ms_gg .pdf
Channel -  4
---Fitting Results---
chisq -  25.4922141089  +/-  10.9985575426
chisq/dof -  3.64174487269 +/- 1.57122250609
parameters: 
p0 -  0.905792207594  +/-  1.06608362631
p1 -  -1.63390050465  +/-  1.06052439658
p2 -  -0.0334259838485  +/-  1.07258604445
---continuum point is: yp =  0.910130452089  +/-  0.000838886017032
Saving  ./plots/chiral/B4_SUSY_ms_gg .pdf
Channel -  5
---Fitting Results---
chisq -  78.8077837982  +/-  18.7106331522
chisq/dof -  11.2582548283 +/- 2.67294759318
parameters: 
p0 -  0.720198156989  +/-  0.814434112989
p1 -  -1.22540949597  +/-  0.80306357016
p2 -  -0.368134621648  +/-  0.801031647075
---continuum point is: yp =  0.724185535452  +/-  0.00118976636741
Saving  ./plots/chiral/B5_SUSY_ms_gg .pdf
