----------------------setting up as----------------------------
----------------------setting up as----------------------------
----------------------setting up as----------------------------
----------------------setting up as----------------------------
0.005 0.005 0.03
0.005 0.005 0.035
0.005 0.005 0.04
0.005 0.005 0.005
0.01 0.01 0.03
0.01 0.01 0.035
0.01 0.01 0.04
0.01 0.01 0.01
0.02 0.02 0.03
0.02 0.02 0.035
0.02 0.02 0.04
0.02 0.02 0.02
Unrenormalised bag is -  [ 1.55114   1.512895  1.555642  1.50854   1.584835]
Unrenormalised bare ratios is -  [[-21.438699]
 [-21.405287]
 [-21.442041]
 [-21.389137]]
(0, 0, 0, 0, 0) [(0, 0, 0, 0, 0)]
(0, 0, 0, 0, 0)
(0, 1, 0, 0, 0) [(0, 1, 0, 0, 0)]
(0, 1, 0, 0, 0)
(0, 2, 0, 0, 0) [(0, 2, 0, 0, 0)]
(0, 2, 0, 0, 0)
(1, 0, 0, 0, 0) [(0, 0, 0, 0, 0)]
(1, 1, 0, 0, 0) [(0, 1, 0, 0, 0)]
(1, 2, 0, 0, 0) [(0, 2, 0, 0, 0)]
(2, 0, 0, 0, 0) [(0, 0, 0, 0, 0)]
(2, 1, 0, 0, 0) [(0, 1, 0, 0, 0)]
(2, 2, 0, 0, 0) [(0, 2, 0, 0, 0)]
(3, 0, 0, 0, 0) [(0, 0, 0, 0, 0)]
(3, 1, 0, 0, 0) [(0, 1, 0, 0, 0)]
(3, 2, 0, 0, 0) [(0, 2, 0, 0, 0)]
(4, 0, 0, 0, 0) [(0, 0, 0, 0, 0)]
(4, 1, 0, 0, 0) [(0, 1, 0, 0, 0)]
(4, 2, 0, 0, 0) [(0, 2, 0, 0, 0)]
ZA -  0.71273    ZP -  0.6945
Renormalised B is- 
[ 0.53306264  0.83835826  0.08415093 -0.7440333   1.59478313]
dimR  (5, 3, 1, 1, 1)
(1,)
(3, 1, 1, 1)
(0, 0, 0, 0)
(1,) (1,) (5, 5)
