----------------------setting up as----------------------------
----------------------setting up as----------------------------
----------------------setting up as----------------------------
----------------------setting up as----------------------------
Reading 2pts...
Done

Reading 3pts...
Done

data/Zms_boot_mu_match_24cubed_qq_block.out
Z matrix is - 
[[ 0.947955  0.        0.        0.        0.      ]
 [ 0.        1.051161  0.069378  0.        0.      ]
 [ 0.        0.287449  1.019458  0.        0.      ]
 [ 0.        0.        0.        0.991513 -0.355589]
 [ 0.        0.        0.       -0.027976  1.239301]]
Renormalised B is- 
[ 0.54428946  0.88353392  0.78128086  0.48174503  0.61042842]
Renormalised B is- 
[ 0.54428946  0.88353392  0.78128086  0.48174503  0.61042842]
Renormalised B is- 
[ 0.54428946  0.88353392  0.78128086  0.48174503  0.61042842]
Renormalised B is- 
[ 0.54428946  0.88353392  0.78128086  0.48174503  0.61042842]
Renormalised B is- 
[ 0.54428946  0.88353392  0.78128086  0.48174503  0.61042842]
Renormalised B is- 
[ 0.54428946  0.88353392  0.78128086  0.48174503  0.61042842]
Renormalised B is- 
[ 0.54428946  0.88353392  0.78128086  0.48174503  0.61042842]
Renormalised B is- 
[ 0.54428946  0.88353392  0.78128086  0.48174503  0.61042842]
Renormalised B is- 
[ 0.54428946  0.88353392  0.78128086  0.48174503  0.61042842]
-----Interpolating non-physical mass data-----
Interpolate dR/dms to the near physical point data
-----Interpolating non-physical mass data-----
Interpolate dR/dms to the near physical point data
(5, 3, 1, 501) (5, 3, 1, 501) (501,) (1, 3, 4, 1, 501)
0
[[ 0.00875821]
 [ 0.00876703]
 [ 0.00950307]]
1
[[ 0.21319658]
 [ 0.21809692]
 [ 0.22990055]] [[-0.18697865]
 [-0.17446838]
 [-0.17374239]]
2
[[-0.28175286]
 [-0.28504976]
 [-0.29653836]] [[ 0.24752583]
 [ 0.22916329]
 [ 0.2248636 ]]
3
[[ 0.14493884]
 [ 0.15238882]
 [ 0.15967292]] [[-0.12921142]
 [-0.12246891]
 [-0.12207553]]
4
[[ 0.11031939]
 [ 0.11570149]
 [ 0.12102859]] [[-0.09752682]
 [-0.0927506 ]
 [-0.09302156]]
Reading 2pts...
Done

Reading 3pts...
Done

data/Zms_boot_mu_match_32cubed_qq_block.out
Z matrix is - 
[[ 0.969986  0.        0.        0.        0.      ]
 [ 0.        1.049078  0.054959  0.        0.      ]
 [ 0.        0.282855  0.928208  0.        0.      ]
 [ 0.        0.        0.        0.912145 -0.347973]
 [ 0.        0.        0.       -0.012556  1.281952]]
Renormalised B is- 
[ 0.5436871   0.99894779  0.78302469  0.45992995  0.66168094]
Renormalised B is- 
[ 0.5436871   0.99894779  0.78302469  0.45992995  0.66168094]
Renormalised B is- 
[ 0.5436871   0.99894779  0.78302469  0.45992995  0.66168094]
Renormalised B is- 
[ 0.5436871   0.99894779  0.78302469  0.45992995  0.66168094]
Renormalised B is- 
[ 0.5436871   0.99894779  0.78302469  0.45992995  0.66168094]
Renormalised B is- 
[ 0.5436871   0.99894779  0.78302469  0.45992995  0.66168094]
-----Interpolating non-physical mass data-----
Interpolate dR/dms to the near physical point data
-----Interpolating non-physical mass data-----
Interpolate dR/dms to the near physical point data
(5, 3, 1, 501) (5, 3, 1, 501) (501,) (1, 3, 3, 1, 501)
0
[[ 0.00866658]
 [ 0.00886961]
 [ 0.00891576]]
1
[[ 0.23872703]
 [ 0.24155948]
 [ 0.24279582]] [[-0.21712621]
 [-0.22194972]
 [-0.21486223]]
2
[[-0.28096275]
 [-0.2824744 ]
 [-0.28226764]] [[ 0.25473076]
 [ 0.2598266 ]
 [ 0.24973097]]
3
[[ 0.1374762 ]
 [ 0.13938302]
 [ 0.14083462]] [[-0.12550351]
 [-0.12728255]
 [-0.12448229]]
4
[[ 0.11863866]
 [ 0.1206416 ]
 [ 0.12188157]] [[-0.10820392]
 [-0.11011199]
 [-0.10789292]]
 Reading Physical point Bag data...
Unrenormalised bag is -  [[ 1.55547701  1.55757778  1.55362159 ...,  1.5598041   1.55646184
   1.55742327]
 [ 1.22580799  1.22666295  1.22750156 ...,  1.22727901  1.22685875
   1.22644856]
 [-1.86547726 -1.86677924 -1.8678765  ..., -1.86694583 -1.86659135
  -1.86617962]
 [ 0.96107359  0.96078683  0.96008066 ...,  0.96052682  0.96087227
   0.96112814]
 [ 0.49515669  0.49498506  0.49461602 ...,  0.49480345  0.49504743
   0.49513115]]
Done

 Reading Physical point Mass data...
Done

Done

data/Zms_boot_mu_match_24cubed_qq_block.out
Z matrix is - 
[[ 0.947955  0.        0.        0.        0.      ]
 [ 0.        1.051161  0.069378  0.        0.      ]
 [ 0.        0.287449  1.019458  0.        0.      ]
 [ 0.        0.        0.        0.991513 -0.355589]
 [ 0.        0.        0.       -0.027976  1.239301]]
Renormalised B is- 
[ 0.55363769  0.91442076  0.81473861  0.49006227  0.61683262]
Interpolating physical pt data to true strange physical point
Interpolating physical pt data to true strange physical point
(5, 1, 1, 501) (5, 1, 1, 501) (501,) (1, 1, 2, 1, 501)
0
[[ 0.00883593]]
1
[[ 0.21877594]] [[-0.21022189]]
2
[[-0.29257399]] [[ 0.28104706]]
3
[[ 0.14663811]] [[-0.14076452]]
4
[[ 0.11072421]] [[-0.10630268]]
 Reading Physical point Bag data...
Unrenormalised bag is -  [[ 1.50983843  1.4994198   1.49292605 ...,  1.50126416  1.48978841
   1.49653838]
 [ 1.22125555  1.215269    1.20608145 ...,  1.21334216  1.21217694
   1.21093375]
 [-1.86729716 -1.8575678  -1.84388862 ..., -1.85457716 -1.85304505
  -1.851134  ]
 [ 0.88713639  0.882251    0.87701784 ...,  0.88278688  0.87860248
   0.88037091]
 [ 0.44833232  0.44579453  0.44318866 ...,  0.44609351  0.44404573
   0.44488451]]
Done

 Reading Physical point Mass data...
Done

Done

data/Zms_boot_mu_match_32cubed_qq_block.out
Z matrix is - 
[[ 0.969986  0.        0.        0.        0.      ]
 [ 0.        1.049078  0.054959  0.        0.      ]
 [ 0.        0.282855  0.928208  0.        0.      ]
 [ 0.        0.        0.        0.912145 -0.347973]
 [ 0.        0.        0.       -0.012556  1.281952]]
Renormalised B is- 
[ 0.54435798  1.00556547  0.78917377  0.44621628  0.64164072]
Interpolating physical pt data to true strange physical point
Interpolating physical pt data to true strange physical point
(5, 1, 1, 501) (5, 1, 1, 501) (501,) (1, 1, 2, 1, 501)
0
[[ 0.00856374]]
1
[[ 0.23745247]] [[-0.24046508]]
2
[[-0.28106254]] [[ 0.28540563]]
3
[[ 0.13209458]] [[-0.13627443]]
4
[[ 0.11384475]] [[-0.117663]]
do log value is -  0
---Doing Global Fitting---
Scheme -  ms   Basis -  Lattice   Kinematics -  qq   Fit type -  linear
Channel -  1
---Fitting Results---
chisq -  17.2187095862  +/-  8.337031273
chisq/dof -  2.45981565517 +/- 1.19100446757
parameters: 
p0 -  0.965658772976  +/-  0.780623263662
p1 -  1.90876474545  +/-  0.749459878288
p2 -  0.0889939212261  +/-  0.710913574064
---continuum point is: yp =  0.979591343485  +/-  0.0145117322582
Saving  ./plots/linear/R1_Lattice_ms_qq .pdf
Channel -  2
---Fitting Results---
chisq -  5.34560817652  +/-  6.34416046899
chisq/dof -  0.763658310931 +/- 0.906308638428
parameters: 
p0 -  -34.0488620781  +/-  62.1218008164
p1 -  117.570785878  +/-  61.6460407587
p2 -  28.9878088691  +/-  62.3533540839
---continuum point is: yp =  -33.1906823218  +/-  0.447309772623
Saving  ./plots/linear/R2_Lattice_ms_qq .pdf
Channel -  3
---Fitting Results---
chisq -  2.75884573014  +/-  5.0709670011
chisq/dof -  0.394120818591 +/- 0.724423857299
parameters: 
p0 -  36.3861972715  +/-  80.1899412203
p1 -  -153.064646493  +/-  79.6401798076
p2 -  -11.4454640919  +/-  81.919984681
---continuum point is: yp =  35.2689385916  +/-  0.533994864335
Saving  ./plots/linear/R3_Lattice_ms_qq .pdf
Channel -  4
---Fitting Results---
chisq -  2.25067913974  +/-  4.52656137062
chisq/dof -  0.321525591392 +/- 0.646651624374
parameters: 
p0 -  -16.1531503388  +/-  29.4236653948
p1 -  52.9638708092  +/-  29.03495424
p2 -  -0.0887245949811  +/-  29.8112176745
---continuum point is: yp =  -15.7665532654  +/-  0.257555695639
Saving  ./plots/linear/R4_Lattice_ms_qq .pdf
Channel -  5
---Fitting Results---
chisq -  4.87074942407  +/-  5.8037906349
chisq/dof -  0.695821346296 +/- 0.829112947842
parameters: 
p0 -  -15.9095484531  +/-  25.3358881251
p1 -  45.7382773551  +/-  24.9732759176
p2 -  10.9469025834  +/-  24.8618769837
---continuum point is: yp =  -15.5756928663  +/-  0.218388368474
Saving  ./plots/linear/R5_Lattice_ms_qq .pdf
do log value is -  0
---Doing Global Fitting---
Scheme -  ms   Basis -  Lattice   Kinematics -  qq   Fit type -  linear
Channel -  1
---Fitting Results---
chisq -  20.625029118  +/-  10.1098851454
chisq/dof -  2.94643273114 +/- 1.44426930648
parameters: 
p0 -  0.516402985222  +/-  0.193920080946
p1 -  0.550335475731  +/-  0.205850721339
p2 -  0.0977524404667  +/-  0.221646761828
---continuum point is: yp =  0.520420027048  +/-  0.00464214271414
Saving  ./plots/linear/B1_Lattice_ms_qq .pdf
Channel -  2
---Fitting Results---
chisq -  27.9790287507  +/-  11.3505943502
chisq/dof -  3.99700410724 +/- 1.6215134786
parameters: 
p0 -  1.08169221821  +/-  0.674529048205
p1 -  0.458378250455  +/-  0.661659692082
p2 -  -0.513126095091  +/-  0.647697427251
---continuum point is: yp =  1.08503804033  +/-  0.00628984315407
Saving  ./plots/linear/B2_Lattice_ms_qq .pdf
Channel -  3
---Fitting Results---
chisq -  11.5100916493  +/-  7.46048831345
chisq/dof -  1.64429880704 +/- 1.06578404478
parameters: 
p0 -  0.7491243596  +/-  0.376978198466
p1 -  0.0430132755916  +/-  0.325982615355
p2 -  0.193331997852  +/-  0.28807104655
---continuum point is: yp =  0.74943832469  +/-  0.00507234796972
Saving  ./plots/linear/B3_Lattice_ms_qq .pdf
Channel -  4
---Fitting Results---
chisq -  10.8990930895  +/-  7.09122718349
chisq/dof -  1.5570132985 +/- 1.01303245478
parameters: 
p0 -  0.382539841654  +/-  0.1801365012
p1 -  0.816168087015  +/-  0.19178619535
p2 -  0.305202096063  +/-  0.216676148324
---continuum point is: yp =  0.388497264876  +/-  0.00300909864809
Saving  ./plots/linear/B4_Lattice_ms_qq .pdf
Channel -  5
---Fitting Results---
chisq -  23.6124375171  +/-  9.83955548592
chisq/dof -  3.37320535959 +/- 1.4056507837
parameters: 
p0 -  0.653193462121  +/-  0.496878024812
p1 -  1.14683233818  +/-  0.503709992655
p2 -  -0.132178183746  +/-  0.53247781664
---continuum point is: yp =  0.661564489746  +/-  0.00413963062527
Saving  ./plots/linear/B5_Lattice_ms_qq .pdf
do log value is -  1
---Doing Global Fitting---
Scheme -  ms   Basis -  Lattice   Kinematics -  qq   Fit type -  chiral
Channel -  1
---Fitting Results---
chisq -  8.77729594713  +/-  5.99393557275
chisq/dof -  1.25389942102 +/- 0.856276510393
parameters: 
p0 -  0.995330449816  +/-  2.70014474006
p1 -  6.16901808483  +/-  2.68845428379
p2 -  0.0632782916969  +/-  2.64207171065
---continuum point is: yp =  0.986742912693  +/-  0.0142671459339
Saving  ./plots/chiral/R1_Lattice_ms_qq .pdf
Channel -  2
---Fitting Results---
chisq -  1.24100773514  +/-  4.08774945806
chisq/dof -  0.177286819306 +/- 0.583964208294
parameters: 
p0 -  -35.0772569929  +/-  29.3688571038
p1 -  -31.8266262627  +/-  29.9648502029
p2 -  29.7938509261  +/-  28.6009551299
---continuum point is: yp =  -33.4200139969  +/-  0.438052531155
Saving  ./plots/chiral/R2_Lattice_ms_qq .pdf
Channel -  3
---Fitting Results---
chisq -  1.17441132267  +/-  4.14905677529
chisq/dof -  0.167773046096 +/- 0.592722396469
parameters: 
p0 -  37.4841351448  +/-  20.2014713533
p1 -  6.42048977285  +/-  20.2163518892
p2 -  -12.2936757201  +/-  20.2060526611
---continuum point is: yp =  35.5117916028  +/-  0.522945525594
Saving  ./plots/chiral/R3_Lattice_ms_qq .pdf
Channel -  4
---Fitting Results---
chisq -  4.1939035206  +/-  5.40199203696
chisq/dof -  0.599129074371 +/- 0.771713148137
parameters: 
p0 -  -16.9959990685  +/-  28.5174646658
p1 -  -67.4813068523  +/-  28.792976713
p2 -  0.613266766713  +/-  27.5692076119
---continuum point is: yp =  -15.962652083  +/-  0.250335793735
Saving  ./plots/chiral/R4_Lattice_ms_qq .pdf
Channel -  5
---Fitting Results---
chisq -  3.97895985432  +/-  5.28512551168
chisq/dof -  0.568422836332 +/- 0.75501793024
parameters: 
p0 -  -16.7385504541  +/-  34.6697552588
p1 -  -72.9846025242  +/-  35.217601902
p2 -  11.6392706616  +/-  34.3607362386
---continuum point is: yp =  -15.7684873407  +/-  0.211572308115
Saving  ./plots/chiral/R5_Lattice_ms_qq .pdf
do log value is -  1
---Doing Global Fitting---
Scheme -  ms   Basis -  Lattice   Kinematics -  qq   Fit type -  chiral
Channel -  1
---Fitting Results---
chisq -  23.0967562205  +/-  10.6112545657
chisq/dof -  3.29953660293 +/- 1.51589350938
parameters: 
p0 -  0.510870902837  +/-  0.335821995646
p1 -  -0.161797382196  +/-  0.280545126515
p2 -  0.103424579356  +/-  0.253838282867
---continuum point is: yp =  0.518863158525  +/-  0.00461877934164
Saving  ./plots/chiral/B1_Lattice_ms_qq .pdf
Channel -  2
---Fitting Results---
chisq -  35.6328014962  +/-  12.7651438114
chisq/dof -  5.09040021374 +/- 1.82359197306
parameters: 
p0 -  1.06896205807  +/-  0.995541455898
p1 -  -1.02112382903  +/-  0.916149948558
p2 -  -0.497963990012  +/-  0.843113334137
---continuum point is: yp =  1.08070301562  +/-  0.00627597749553
Saving  ./plots/chiral/B2_Lattice_ms_qq .pdf
Channel -  3
---Fitting Results---
chisq -  13.7960184367  +/-  8.16810106329
chisq/dof -  1.97085977667 +/- 1.16687158047
parameters: 
p0 -  0.740555690387  +/-  0.81501605677
p1 -  -0.983661605861  +/-  0.750740448918
p2 -  0.203117022005  +/-  0.705360551962
---continuum point is: yp =  0.746673191818  +/-  0.00505331004114
Saving  ./plots/chiral/B3_Lattice_ms_qq .pdf
Channel -  4
---Fitting Results---
chisq -  13.3911483954  +/-  7.94004069832
chisq/dof -  1.91302119934 +/- 1.13429152833
parameters: 
p0 -  0.387009664335  +/-  0.436713436635
p1 -  1.3546127994  +/-  0.447383876059
p2 -  0.300080285767  +/-  0.47081428171
---continuum point is: yp =  0.38994814542  +/-  0.00302801643452
Saving  ./plots/chiral/B4_Lattice_ms_qq .pdf
Channel -  5
---Fitting Results---
chisq -  25.138652811  +/-  10.3481572374
chisq/dof -  3.59123611585 +/- 1.47830817677
parameters: 
p0 -  0.660993865168  +/-  0.877160430317
p1 -  2.06613605382  +/-  0.885296871607
p2 -  -0.141417577041  +/-  0.921730551898
---continuum point is: yp =  0.664206247691  +/-  0.00417444657401
Saving  ./plots/chiral/B5_Lattice_ms_qq .pdf
