----------------------setting up as----------------------------
----------------------setting up as----------------------------
----------------------setting up as----------------------------
----------------------setting up as----------------------------
Reading 2pts...
Done

Reading 3pts...
Done

data/ZMOM_boot_mu_match_24cubed_qq_block.out
Z matrix is - 
[[ 0.956151  0.956018  0.955791  0.956144  0.956331]
 [ 0.955996  0.956468  0.956291  0.956207  0.956477]
 [ 0.956884  0.956201  0.956206  0.956661  0.955868]
 [ 0.956403  0.95664   0.956958  0.956394  0.956564]
 [ 0.956898  0.956353  0.956672  0.956257  0.956275]]
Renormalised B is- 
[ 0.84617973  1.77882329 -1.18657967  1.42296477  2.37230111]
Renormalised B is- 
[ 0.84617973  1.77882329 -1.18657967  1.42296477  2.37230111]
Renormalised B is- 
[ 0.84617973  1.77882329 -1.18657967  1.42296477  2.37230111]
Renormalised B is- 
[ 0.84617973  1.77882329 -1.18657967  1.42296477  2.37230111]
Renormalised B is- 
[ 0.84617973  1.77882329 -1.18657967  1.42296477  2.37230111]
Renormalised B is- 
[ 0.84617973  1.77882329 -1.18657967  1.42296477  2.37230111]
Renormalised B is- 
[ 0.84617973  1.77882329 -1.18657967  1.42296477  2.37230111]
Renormalised B is- 
[ 0.84617973  1.77882329 -1.18657967  1.42296477  2.37230111]
Renormalised B is- 
[ 0.84617973  1.77882329 -1.18657967  1.42296477  2.37230111]
-----Interpolating non-physical mass data-----
-----Interpolating non-physical mass data-----
Interpolate dR/dms to the near physical point data
(5, 3, 1, 501) (5, 3, 1, 501) (501,) (1, 3, 4, 1, 501)
0
[[ 0.01363013]
 [ 0.0140646 ]
 [ 0.01513938]]
1
[[ 0.42952739]
 [ 0.44322292]
 [ 0.4770951 ]] [[-0.19446831]
 [-0.1938433 ]
 [-0.19575408]]
2
[[ 0.42977957]
 [ 0.44347582]
 [ 0.47736904]] [[-0.19444726]
 [-0.19382195]
 [-0.19572947]]
3
[[ 0.42949962]
 [ 0.44319515]
 [ 0.47707164]] [[-0.19426407]
 [-0.19364942]
 [-0.19556377]]
4
[[ 0.42962484]
 [ 0.44331784]
 [ 0.47720462]] [[-0.19423028]
 [-0.19361428]
 [-0.19552559]]
Interpolated B is -  [[ 0.85291644]
 [ 1.79298724]
 [-1.19602662]
 [ 1.43429707]
 [ 2.39119203]]
Interpolated B is -  [[ 0.88010396]
 [ 1.85015687]
 [-1.23414168]
 [ 1.48003274]
 [ 2.46740409]]
Reading 2pts...
Done

Reading 3pts...
Done

data/ZMOM_boot_mu_match_32cubed_qq_block.out
Z matrix is - 
[[ 0.979093  0.979082  0.978974  0.979092  0.979032]
 [ 0.978563  0.978578  0.978445  0.97854   0.978435]
 [ 0.978319  0.97855   0.978856  0.978764  0.978827]
 [ 0.978299  0.977952  0.979503  0.978942  0.978555]
 [ 0.978978  0.978403  0.979416  0.979093  0.978743]]
Renormalised B is- 
[ 0.81762916  1.87508079 -1.24961197  1.49822571  2.49926916]
Renormalised B is- 
[ 0.81762916  1.87508079 -1.24961197  1.49822571  2.49926916]
Renormalised B is- 
[ 0.81762916  1.87508079 -1.24961197  1.49822571  2.49926916]
Renormalised B is- 
[ 0.81762916  1.87508079 -1.24961197  1.49822571  2.49926916]
Renormalised B is- 
[ 0.81762916  1.87508079 -1.24961197  1.49822571  2.49926916]
Renormalised B is- 
[ 0.81762916  1.87508079 -1.24961197  1.49822571  2.49926916]
-----Interpolating non-physical mass data-----
-----Interpolating non-physical mass data-----
Interpolate dR/dms to the near physical point data
(5, 3, 1, 501) (5, 3, 1, 501) (501,) (1, 3, 3, 1, 501)
0
[[ 0.01302963]
 [ 0.01336621]
 [ 0.01352669]]
1
[[ 0.44793614]
 [ 0.45950712]
 [ 0.46502408]] [[-0.1896843 ]
 [-0.19081038]
 [-0.19275599]]
2
[[ 0.44777766]
 [ 0.45934701]
 [ 0.4648643 ]] [[-0.18957486]
 [-0.1906988 ]
 [-0.19264948]]
3
[[ 0.44738654]
 [ 0.45895249]
 [ 0.46446903]] [[-0.18905246]
 [-0.19016678]
 [-0.19213131]]
4
[[ 0.44778561]
 [ 0.45935864]
 [ 0.46487733]] [[-0.18930247]
 [-0.19042045]
 [-0.19237924]]
Interpolated B is -  [[ 0.81534016]
 [ 1.86983136]
 [-1.2461132 ]
 [ 1.49402972]
 [ 2.49227065]]
Interpolated B is -  [[ 0.8364018 ]
 [ 1.91813241]
 [-1.27830935]
 [ 1.53265374]
 [ 2.55668348]]
Interpolated B is -  [[ 0.84644389]
 [ 1.94116198]
 [-1.29366334]
 [ 1.55107603]
 [ 2.5873992 ]]
 Reading Physical point Bag data...
Unrenormalised bag is -  [[ 1.55547701  1.55757778  1.55362159 ...,  1.5598041   1.55646184
   1.55742327]
 [ 1.22580799  1.22666295  1.22750156 ...,  1.22727901  1.22685875
   1.22644856]
 [-1.86547726 -1.86677924 -1.8678765  ..., -1.86694583 -1.86659135
  -1.86617962]
 [ 0.96107359  0.96078683  0.96008066 ...,  0.96052682  0.96087227
   0.96112814]
 [ 0.49515669  0.49498506  0.49461602 ...,  0.49480345  0.49504743
   0.49513115]]
Done

 Reading Physical point Mass data...
Done

Done

data/ZMOM_boot_mu_match_24cubed_qq_block.out
Z matrix is - 
[[ 0.956151  0.956018  0.955791  0.956144  0.956331]
 [ 0.955996  0.956468  0.956291  0.956207  0.956477]
 [ 0.956884  0.956201  0.956206  0.956661  0.955868]
 [ 0.956403  0.95664   0.956958  0.956394  0.956564]
 [ 0.956898  0.956353  0.956672  0.956257  0.956275]]
Renormalised B is- 
[ 0.8514177   1.78982055 -1.19392279  1.43174472  2.38695387]
Interpolating physical pt data to true strange physical point
Interpolating physical pt data to true strange physical point
(5, 1, 1, 501) (5, 1, 1, 501) (501,) (1, 1, 2, 1, 501)
0
[[ 0.01358742]]
1
[[ 0.42817754]] [[-0.20179054]]
2
[[ 0.42843208]] [[-0.20176834]]
3
[[ 0.42814403]] [[-0.20156043]]
4
[[ 0.42827196]] [[-0.20152766]]
Interpolated B is -  [[ 0.85024385]
 [ 1.78735253]
 [-1.1922767 ]
 [ 1.4297701 ]
 [ 2.38366221]]
 Reading Physical point Bag data...
Unrenormalised bag is -  [[ 1.50983843  1.4994198   1.49292605 ...,  1.50126416  1.48978841
   1.49653838]
 [ 1.22125555  1.215269    1.20608145 ...,  1.21334216  1.21217694
   1.21093375]
 [-1.86729716 -1.8575678  -1.84388862 ..., -1.85457716 -1.85304505
  -1.851134  ]
 [ 0.88713639  0.882251    0.87701784 ...,  0.88278688  0.87860248
   0.88037091]
 [ 0.44833232  0.44579453  0.44318866 ...,  0.44609351  0.44404573
   0.44488451]]
Done

 Reading Physical point Mass data...
Done

Done

data/ZMOM_boot_mu_match_32cubed_qq_block.out
Z matrix is - 
[[ 0.979093  0.979082  0.978974  0.979092  0.979032]
 [ 0.978563  0.978578  0.978445  0.97854   0.978435]
 [ 0.978319  0.97855   0.978856  0.978764  0.978827]
 [ 0.978299  0.977952  0.979503  0.978942  0.978555]
 [ 0.978978  0.978403  0.979416  0.979093  0.978743]]
Renormalised B is- 
[ 0.80106072  1.83708526 -1.22427132  1.46780662  2.44856999]
Interpolating physical pt data to true strange physical point
Interpolating physical pt data to true strange physical point
(5, 1, 1, 501) (5, 1, 1, 501) (501,) (1, 1, 2, 1, 501)
0
[[ 0.01259301]]
1
[[ 0.43292583]] [[-0.19359641]]
2
[[ 0.43276508]] [[-0.19347329]]
3
[[ 0.43237444]] [[-0.19290517]]
4
[[ 0.43276899]] [[-0.19317564]]
Interpolated B is -  [[ 0.78801773]
 [ 1.80717344]
 [-1.20433495]
 [ 1.44389739]
 [ 2.40869167]]
do log value is -  0
---Doing Global Fitting---
Scheme -  MOM   Basis -  Lattice   Kinematics -  qq   Fit type -  linear
Channel -  1
---Fitting Results---
chisq -  2.10041565932  +/-  4.32450266696
chisq/dof -  0.300059379903 +/- 0.61778609528
parameters: 
p0 -  -16.0039706745  +/-  19.165168111
p1 -  31.1560195938  +/-  18.7568571198
p2 -  3.20505845953  +/-  18.6430649251
---continuum point is: yp =  -15.7765547812  +/-  0.264354081065
Saving  ./plots/linear/R1_Lattice_MOM_qq .pdf
Channel -  2
---Fitting Results---
chisq -  2.09788077278  +/-  4.32276506141
chisq/dof -  0.299697253254 +/- 0.617537865916
parameters: 
p0 -  -15.9892139985  +/-  19.1420631917
p1 -  31.1133075707  +/-  18.734093854
p2 -  3.17608942347  +/-  18.621462213
---continuum point is: yp =  -15.7621098713  +/-  0.264218710794
Saving  ./plots/linear/R2_Lattice_MOM_qq .pdf
Channel -  3
---Fitting Results---
chisq -  2.09466772739  +/-  4.3211416957
chisq/dof -  0.29923824677 +/- 0.617305956529
parameters: 
p0 -  -15.9712696078  +/-  19.1222691714
p1 -  31.0790586314  +/-  18.714666854
p2 -  3.12795819438  +/-  18.6043950716
---continuum point is: yp =  -15.7444154726  +/-  0.264118165939
Saving  ./plots/linear/R3_Lattice_MOM_qq .pdf
Channel -  4
---Fitting Results---
chisq -  2.08351638327  +/-  4.31454760169
chisq/dof -  0.29764519761 +/- 0.616363943098
parameters: 
p0 -  -15.8921052582  +/-  19.0182506965
p1 -  30.8910385091  +/-  18.6124442372
p2 -  2.93987275536  +/-  18.5106319464
---continuum point is: yp =  -15.6666235308  +/-  0.263565182932
Saving  ./plots/linear/R4_Lattice_MOM_qq .pdf
Channel -  5
---Fitting Results---
chisq -  2.09398616796  +/-  4.3202799046
chisq/dof -  0.299140881137 +/- 0.617182843515
parameters: 
p0 -  -15.9407686695  +/-  19.0701021851
p1 -  30.9821241213  +/-  18.6633399259
p2 -  3.09102650011  +/-  18.5536679987
---continuum point is: yp =  -15.7146220845  +/-  0.263811787253
Saving  ./plots/linear/R5_Lattice_MOM_qq .pdf
do log value is -  0
---Doing Global Fitting---
Scheme -  MOM   Basis -  Lattice   Kinematics -  qq   Fit type -  linear
Channel -  1
---Fitting Results---
chisq -  11.9616306042  +/-  7.79584426518
chisq/dof -  1.70880437202 +/- 1.11369203788
parameters: 
p0 -  0.73033863374  +/-  0.339880346791
p1 -  1.30155353813  +/-  0.365391138015
p2 -  0.337101587596  +/-  0.399714922244
---continuum point is: yp =  0.73983901166  +/-  0.00648577608179
Saving  ./plots/linear/B1_Lattice_MOM_qq .pdf
Channel -  2
---Fitting Results---
chisq -  20.5286067176  +/-  9.91006695467
chisq/dof -  2.93265810252 +/- 1.41572385067
parameters: 
p0 -  1.87336398244  +/-  1.19531805923
p1 -  2.72844198858  +/-  1.24995582834
p2 -  -0.303689118835  +/-  1.30630182463
---continuum point is: yp =  1.89327959041  +/-  0.0147399456659
Saving  ./plots/linear/B2_Lattice_MOM_qq .pdf
Channel -  3
---Fitting Results---
chisq -  20.4326971262  +/-  9.88869716955
chisq/dof -  2.91895673231 +/- 1.41267102422
parameters: 
p0 -  -1.24705645144  +/-  0.793564157444
p1 -  -1.82077471259  +/-  0.830008705531
p2 -  0.194824295364  +/-  0.86770633455
---continuum point is: yp =  -1.26034675981  +/-  0.00982369288215
Saving  ./plots/linear/B3_Lattice_MOM_qq .pdf
Channel -  4
---Fitting Results---
chisq -  20.3992923765  +/-  9.88116589449
chisq/dof -  2.91418462522 +/- 1.41159512778
parameters: 
p0 -  1.49473813511  +/-  0.951044174577
p1 -  2.18517146031  +/-  0.994815665961
p2 -  -0.231497787593  +/-  1.04006354229
---continuum point is: yp =  1.51068827015  +/-  0.0117821238567
Saving  ./plots/linear/B4_Lattice_MOM_qq .pdf
Channel -  5
---Fitting Results---
chisq -  20.4714092046  +/-  9.8973739328
chisq/dof -  2.92448702923 +/- 1.41391056183
parameters: 
p0 -  2.49527449737  +/-  1.59002621843
p1 -  3.64100413959  +/-  1.66297073319
p2 -  -0.395789006534  +/-  1.73824502992
---continuum point is: yp =  2.52185113392  +/-  0.0196523743111
Saving  ./plots/linear/B5_Lattice_MOM_qq .pdf
do log value is -  1
---Doing Global Fitting---
Scheme -  MOM   Basis -  Lattice   Kinematics -  qq   Fit type -  chiral
Channel -  1
---Fitting Results---
chisq -  2.42819516816  +/-  4.44729773259
chisq/dof -  0.346885024022 +/- 0.635328247513
parameters: 
p0 -  -16.5025202413  +/-  17.2039732467
p1 -  -38.9271925917  +/-  17.6421175381
p2 -  3.64204563973  +/-  16.9058105078
---continuum point is: yp =  -15.8976964755  +/-  0.261866649875
Saving  ./plots/chiral/R1_Lattice_MOM_qq .pdf
Channel -  2
---Fitting Results---
chisq -  2.42913141257  +/-  4.44729592427
chisq/dof -  0.347018773225 +/- 0.635327989182
parameters: 
p0 -  -16.4873093937  +/-  17.183898822
p1 -  -38.905104138  +/-  17.621432378
p2 -  3.61268508441  +/-  16.8855234983
---continuum point is: yp =  -15.8831437817  +/-  0.261735181511
Saving  ./plots/chiral/R2_Lattice_MOM_qq .pdf
Channel -  3
---Fitting Results---
chisq -  2.42783729184  +/-  4.44671922513
chisq/dof -  0.346833898834 +/- 0.635245603589
parameters: 
p0 -  -16.4687962238  +/-  17.1469022932
p1 -  -38.8606733404  +/-  17.5834871091
p2 -  3.56403480526  +/-  16.847441626
---continuum point is: yp =  -15.8653035737  +/-  0.261640285204
Saving  ./plots/chiral/R3_Lattice_MOM_qq .pdf
Channel -  4
---Fitting Results---
chisq -  4.47266577945  +/-  5.37343868228
chisq/dof -  0.638952254207 +/- 0.767634097469
parameters: 
p0 -  -16.7264462074  +/-  38.7440232557
p1 -  -87.5619813541  +/-  39.2540517238
p2 -  3.65613000918  +/-  38.2156447912
---continuum point is: yp =  -15.8638739012  +/-  0.259530356171
Saving  ./plots/chiral/R4_Lattice_MOM_qq .pdf
Channel -  5
---Fitting Results---
chisq -  4.47739119378  +/-  5.37605723851
chisq/dof -  0.639627313397 +/- 0.76800817693
parameters: 
p0 -  -16.777698809  +/-  38.908508811
p1 -  -87.834158651  +/-  39.4225495097
p2 -  3.80959613981  +/-  38.3835319401
---continuum point is: yp =  -15.9125117075  +/-  0.259756355153
Saving  ./plots/chiral/R5_Lattice_MOM_qq .pdf
do log value is -  1
---Doing Global Fitting---
Scheme -  MOM   Basis -  Lattice   Kinematics -  qq   Fit type -  chiral
Channel -  1
---Fitting Results---
chisq -  15.8976144537  +/-  8.82861048952
chisq/dof -  2.27108777911 +/- 1.26123006993
parameters: 
p0 -  0.722422652128  +/-  0.258348806689
p1 -  0.294266141422  +/-  0.225048052152
p2 -  0.345412014894  +/-  0.193546917334
---continuum point is: yp =  0.737542481757  +/-  0.00646286604523
Saving  ./plots/chiral/B1_Lattice_MOM_qq .pdf
Channel -  2
---Fitting Results---
chisq -  25.7049313344  +/-  10.9646495509
chisq/dof -  3.67213304777 +/- 1.56637850727
parameters: 
p0 -  1.85313652891  +/-  1.03074456547
p1 -  0.143272704807  +/-  0.971959797548
p2 -  -0.282587875805  +/-  0.910078747725
---continuum point is: yp =  1.887457447  +/-  0.0146758165963
Saving  ./plots/chiral/B2_Lattice_MOM_qq .pdf
Channel -  3
---Fitting Results---
chisq -  25.5923173546  +/-  10.9423357889
chisq/dof -  3.65604533637 +/- 1.56319082699
parameters: 
p0 -  -1.23359216605  +/-  0.68343109512
p1 -  -0.0998762212734  +/-  0.644158197108
p2 -  0.180779502943  +/-  0.602965295438
---continuum point is: yp =  -1.25647171185  +/-  0.00978104038882
Saving  ./plots/chiral/B3_Lattice_MOM_qq .pdf
Channel -  4
---Fitting Results---
chisq -  16.4069621034  +/-  8.98455128052
chisq/dof -  2.34385172906 +/- 1.28350732579
parameters: 
p0 -  1.5110835419  +/-  1.77749211408
p1 -  4.29510389877  +/-  1.84096732797
p2 -  -0.248286508583  +/-  1.90479465676
---continuum point is: yp =  1.51530143235  +/-  0.0118576912996
Saving  ./plots/chiral/B4_Lattice_MOM_qq .pdf
Channel -  5
---Fitting Results---
chisq -  16.4693864825  +/-  9.0002592342
chisq/dof -  2.3527694975 +/- 1.28575131917
parameters: 
p0 -  2.52256401355  +/-  2.96808965925
p1 -  7.16323174622  +/-  3.07406258601
p2 -  -0.423823584124  +/-  3.18050219752
---continuum point is: yp =  2.52955485534  +/-  0.0197786197084
Saving  ./plots/chiral/B5_Lattice_MOM_qq .pdf
