----------------------setting up as----------------------------
----------------------setting up as----------------------------
----------------------setting up as----------------------------
----------------------setting up as----------------------------
24 ms SUSY gg
Unrenormalised bag is -  [ 1.531126  1.184277 -1.791854  0.945944  0.489873]
Unrenormalised bare ratios is -  [[-21.395342 -21.323851 -21.438699 ..., -21.42395  -21.301824 -21.405902]
 [ 32.387562  32.279551  32.458398 ...,  32.469014  32.271109  32.418288]
 [-17.220644 -17.180836 -17.23766  ..., -17.379827 -17.277187 -17.271899]
 [ -8.862963  -8.846121  -8.872476 ...,  -8.945566  -8.890274  -8.894053]]
data/Zms_boot_mu_match_24cubed_gg_block.out
Z matrix is - 
[[ 0.920215  0.        0.        0.        0.      ]
 [ 0.        1.050434  0.281974  0.        0.      ]
 [ 0.        0.056536  0.953475  0.        0.      ]
 [ 0.        0.        0.        0.933499 -0.02688 ]
 [ 0.        0.        0.       -0.330651  1.161232]]
Renormalised B is- 
[ 0.52836192  0.54868567  0.96789863  0.86285501  0.58247319]
Renormalised R is- 
[  0.99437596 -14.24486033   1.79306912  26.87874709  11.15855281]
-----Interpolating non-physical mass data-----
Interpolate dR/dms to the near physical point data
-----Interpolating non-physical mass data-----
Interpolate dR/dms to the near physical point data
(5, 3, 1, 501) (5, 3, 1, 501) (501,) (1, 3, 4, 1, 501)
0
[[ 0.00850192]
 [ 0.00851048]
 [ 0.00922499]]
1
[[ 0.16511044]
 [ 0.173525  ]
 [ 0.18176847]] [[-0.12199129]
 [-0.11562659]
 [-0.1152571 ]]
2
[[-0.05820299]
 [-0.06128087]
 [-0.06427084]] [[ 0.01535733]
 [ 0.01440986]
 [ 0.01409807]]
3
[[-0.31133096]
 [-0.31546904]
 [-0.32880382]] [[ 0.22891088]
 [ 0.21191196]
 [ 0.20790353]]
4
[[-0.07038494]
 [-0.07234061]
 [-0.0766743 ]] [[ 0.09533425]
 [ 0.08894416]
 [ 0.08855265]]
Interpolated B is -  [[ 0.53201489]
 [ 0.55137979]
 [ 0.97183303]
 [ 0.86639791]
 [ 0.58761936]]
Interpolated B is -  [[ 0.53255018]
 [ 0.57947991]
 [ 1.02322526]
 [ 0.87791369]
 [ 0.6039465 ]]
32 ms SUSY gg
Unrenormalised bag is -  [ 1.494694  1.202869 -1.837128  0.907511  0.458776]
Unrenormalised bare ratios is -  [[-25.125635 -25.043168 -25.038251 ..., -25.028875 -24.923587 -25.114861]
 [ 38.287211  38.137487  38.10305  ...,  38.172154  37.97357   38.267258]
 [-19.01485  -18.905824 -18.819727 ..., -18.964935 -18.867802 -18.94673 ]
 [ -9.598064  -9.555677  -9.515797 ...,  -9.573961  -9.53175   -9.579905]]
data/Zms_boot_mu_match_32cubed_gg_block.out
Z matrix is - 
[[ 0.945261  0.        0.        0.        0.      ]
 [ 0.        1.0474    0.278183  0.        0.      ]
 [ 0.        0.043911  0.873855  0.        0.      ]
 [ 0.        0.        0.        0.865954 -0.012447]
 [ 0.        0.        0.       -0.326269  1.210841]]
Renormalised B is- 
[ 0.52982848  0.53692814  0.89597919  0.89044084  0.64421132]
Renormalised R is- 
[  1.02231611 -14.36403183   1.03688242  28.60992537  13.31615549]
-----Interpolating non-physical mass data-----
Interpolate dR/dms to the near physical point data
-----Interpolating non-physical mass data-----
Interpolate dR/dms to the near physical point data
(5, 3, 1, 501) (5, 3, 1, 501) (501,) (1, 3, 3, 1, 501)
0
[[ 0.00844567]
 [ 0.00864352]
 [ 0.00868849]]
1
[[ 0.16048404]
 [ 0.16279893]
 [ 0.1644903 ]] [[-0.11949943]
 [-0.12119455]
 [-0.11852888]]
2
[[-0.05357185]
 [-0.05420741]
 [-0.05477689]] [[ 0.0086989 ]
 [ 0.00864609]
 [ 0.00836014]]
3
[[-0.31945538]
 [-0.32150754]
 [-0.32157656]] [[ 0.23713976]
 [ 0.24187817]
 [ 0.23246223]]
4
[[-0.07694287]
 [-0.07807846]
 [-0.07868004]] [[ 0.110269  ]
 [ 0.11271527]
 [ 0.10910516]]
Interpolated B is -  [[ 0.5284949 ]
 [ 0.53593013]
 [ 0.89450545]
 [ 0.88900721]
 [ 0.64236925]]
Interpolated B is -  [[ 0.54087559]
 [ 0.54366062]
 [ 0.9051175 ]
 [ 0.89471815]
 [ 0.65184985]]
Interpolated B is -  [[ 0.54368975]
 [ 0.54930888]
 [ 0.91462641]
 [ 0.89491021]
 [ 0.65687227]]
48 ms SUSY gg
Unrenormalised bag is -  [[ 1.55547701  1.55757778  1.55362159 ...,  1.5598041   1.55646184
   1.55742327]
 [ 1.22580799  1.22666295  1.22750156 ...,  1.22727901  1.22685875
   1.22644856]
 [-1.86547726 -1.86677924 -1.8678765  ..., -1.86694583 -1.86659135
  -1.86617962]
 [ 0.96107359  0.96078683  0.96008066 ...,  0.96052682  0.96087227
   0.96112814]
 [ 0.49515669  0.49498506  0.49461602 ...,  0.49480345  0.49504743
   0.49513115]]
Unrenormalised bare ratios is -  [[-23.320056   -23.26213436 -23.333959   ..., -23.25488322 -23.3141627
  -23.28736511]
 [ 35.49050983  35.40023346  35.50647587 ...,  35.37570546  35.4685722
   35.43416867]
 [-18.27854849 -18.21654545 -18.24633115 ..., -18.19446715 -18.25215609
  -18.24681984]
 [ -9.41735237  -9.38455152  -9.39975583 ...,  -9.37283193  -9.40358238
   -9.39991398]]
data/Zms_boot_mu_match_24cubed_gg_block.out
Z matrix is - 
[[ 0.920215  0.        0.        0.        0.      ]
 [ 0.        1.050434  0.281974  0.        0.      ]
 [ 0.        0.056536  0.953475  0.        0.      ]
 [ 0.        0.        0.        0.933499 -0.02688 ]
 [ 0.        0.        0.       -0.330651  1.161232]]
Renormalised B is- 
[ 0.53743659  0.55753725  0.98831617  0.8988526   0.60087626]
Renormalised R is- 
[  1.01619427 -15.37771845   1.93268714  30.05814625  12.40048987]
Interpolating physical pt data to true strange physical point
Interpolating physical pt data to true strange physical point
(5, 1, 1, 501) (5, 1, 1, 501) (501,) (1, 1, 2, 1, 501)
0
[[ 0.00857736]]
1
[[ 0.16682356]] [[-0.132899]]
2
[[-0.05915106]] [[ 0.01670442]]
3
[[-0.32275128]] [[ 0.25993763]]
4
[[-0.07186052]] [[ 0.1072028]]
Interpolated B is -  [[ 0.53673559]
 [ 0.55710072]
 [ 0.98766321]
 [ 0.89817932]
 [ 0.59993841]]
64 ms SUSY gg
Unrenormalised bag is -  [[ 1.50983843  1.4994198   1.49292605 ...,  1.50126416  1.48978841
   1.49653838]
 [ 1.22125555  1.215269    1.20608145 ...,  1.21334216  1.21217694
   1.21093375]
 [-1.86729716 -1.8575678  -1.84388862 ..., -1.85457716 -1.85304505
  -1.851134  ]
 [ 0.88713639  0.882251    0.87701784 ...,  0.88278688  0.87860248
   0.88037091]
 [ 0.44833232  0.44579453  0.44318866 ...,  0.44609351  0.44404573
   0.44488451]]
Unrenormalised bare ratios is -  [[-26.02469587 -26.0435717  -26.03112909 ..., -26.02355119 -26.0888811
  -26.01830341]
 [ 39.85576774  39.87450589  39.86038076 ...,  39.83905727  39.94611175
   39.83975599]
 [-19.28125277 -19.28981647 -19.27712286 ..., -19.30113502 -19.30027811
  -19.27835546]
 [ -9.762003    -9.76543758  -9.7599914  ...,  -9.77116924  -9.77129263
   -9.76056549]]
data/Zms_boot_mu_match_32cubed_gg_block.out
Z matrix is - 
[[ 0.945261  0.        0.        0.        0.      ]
 [ 0.        1.0474    0.278183  0.        0.      ]
 [ 0.        0.043911  0.873855  0.        0.      ]
 [ 0.        0.        0.        0.865954 -0.012447]
 [ 0.        0.        0.       -0.326269  1.210841]]
Renormalised B is- 
[ 0.53048226  0.52087219  0.86954452  0.89725728  0.64812633]
Renormalised R is- 
[  1.06323312 -15.19564773   1.08603396  31.01794849  14.34246682]
Interpolating physical pt data to true strange physical point
Interpolating physical pt data to true strange physical point
(5, 1, 1, 501) (5, 1, 1, 501) (501,) (1, 1, 2, 1, 501)
0
[[ 0.00834545]]
1
[[ 0.15416401]] [[-0.12975563]]
2
[[-0.05152057]] [[ 0.00935815]]
3
[[-0.31927317]] [[ 0.26572866]]
4
[[-0.07633721]] [[ 0.12214156]]
Interpolated B is -  [[ 0.52222369]
 [ 0.51482464]
 [ 0.8602545 ]
 [ 0.88850014]
 [ 0.63731279]]
do log value is -  0
---Doing Global Fitting---
Scheme -  ms   Basis -  SUSY   Kinematics -  gg   Fit type -  linear
Channel -  1
---Fitting Results---
chisq -  29.3946588757  +/-  10.9172540049
chisq/dof -  4.19923698224 +/- 1.55960771499
parameters: 
p0 -  1.00175204156  +/-  0.626812013364
p1 -  1.45321220929  +/-  0.603568071048
p2 -  0.0144152848611  +/-  0.569762829189
---continuum point is: yp =  1.01235941558  +/-  0.0149463959712
Saving  ./plots/linear/R1_SUSY_ms_gg .pdf
Channel -  2
---Fitting Results---
chisq -  1.5963244654  +/-  4.23321624738
chisq/dof -  0.2280463522 +/- 0.604745178198
parameters: 
p0 -  -15.660629558  +/-  27.5148969861
p1 -  49.1404623617  +/-  27.1576407999
p2 -  -0.0363939554917  +/-  27.7757111905
---continuum point is: yp =  -15.3019405376  +/-  0.24914178083
Saving  ./plots/linear/R2_SUSY_ms_gg .pdf
Channel -  3
---Fitting Results---
chisq -  6.15821195423  +/-  6.54079169434
chisq/dof -  0.879744564891 +/- 0.934398813478
parameters: 
p0 -  0.171339020606  +/-  3.46706038372
p1 -  -3.30383132443  +/-  3.53574406917
p2 -  5.3312697572  +/-  3.76734011598
---continuum point is: yp =  0.147223496161  +/-  0.0287344776561
Saving  ./plots/linear/R3_SUSY_ms_gg .pdf
Channel -  4
---Fitting Results---
chisq -  3.49180660107  +/-  5.38964295163
chisq/dof -  0.498829514438 +/- 0.769948993089
parameters: 
p0 -  34.4290894643  +/-  74.2014075296
p1 -  -140.96663059  +/-  73.6969219713
p2 -  -10.6037920169  +/-  75.6120474749
---continuum point is: yp =  33.4001373502  +/-  0.505092021715
Saving  ./plots/linear/R4_SUSY_ms_gg .pdf
Channel -  5
---Fitting Results---
chisq -  5.20505483367  +/-  6.29777271014
chisq/dof -  0.743579261953 +/- 0.899681815735
parameters: 
p0 -  17.4933188071  +/-  31.6508952573
p1 -  -59.6739723251  +/-  31.4032983651
p2 -  -14.1929977933  +/-  31.7295456392
---continuum point is: yp =  17.0577429569  +/-  0.231085742286
Saving  ./plots/linear/R5_SUSY_ms_gg .pdf
do log value is -  0
---Doing Global Fitting---
Scheme -  ms   Basis -  SUSY   Kinematics -  gg   Fit type -  linear
Channel -  1
---Fitting Results---
chisq -  19.3301179754  +/-  9.70001930503
chisq/dof -  2.76144542506 +/- 1.38571704358
parameters: 
p0 -  0.51961003324  +/-  0.205415082117
p1 -  0.340924874712  +/-  0.197739498211
p2 -  0.046082490349  +/-  0.198789699672
---continuum point is: yp =  0.522098532604  +/-  0.00451773482531
Saving  ./plots/linear/B1_SUSY_ms_gg .pdf
Channel -  2
---Fitting Results---
chisq -  7.25181978966  +/-  5.9058821895
chisq/dof -  1.03597425567 +/- 0.843697455643
parameters: 
p0 -  0.473391753223  +/-  0.191348480061
p1 -  0.806978182331  +/-  0.204132148269
p2 -  0.236571959351  +/-  0.224461339564
---continuum point is: yp =  0.479282096939  +/-  0.00342404295759
Saving  ./plots/linear/B2_SUSY_ms_gg .pdf
Channel -  3
---Fitting Results---
chisq -  5.16146433478  +/-  5.24652425778
chisq/dof -  0.737352047826 +/- 0.749503465397
parameters: 
p0 -  0.723286369745  +/-  0.159570083597
p1 -  1.32820789645  +/-  0.205230093008
p2 -  0.767970855731  +/-  0.240729051379
---continuum point is: yp =  0.732981304762  +/-  0.00608134294587
Saving  ./plots/linear/B3_SUSY_ms_gg .pdf
Channel -  4
---Fitting Results---
chisq -  13.2541833791  +/-  8.02469564181
chisq/dof -  1.89345476844 +/- 1.14638509169
parameters: 
p0 -  0.89558095357  +/-  0.521599165317
p1 -  -0.10140579343  +/-  0.468709937029
p2 -  0.0111664302665  +/-  0.422754366854
---continuum point is: yp =  0.894840766299  +/-  0.00571441937361
Saving  ./plots/linear/B4_SUSY_ms_gg .pdf
Channel -  5
---Fitting Results---
chisq -  32.2219057294  +/-  12.0748725382
chisq/dof -  4.60312938991 +/- 1.72498179117
parameters: 
p0 -  0.695628993756  +/-  0.419698935855
p1 -  0.213116192856  +/-  0.407037339474
p2 -  -0.287674015968  +/-  0.391107852181
---continuum point is: yp =  0.697184584297  +/-  0.00411111563921
Saving  ./plots/linear/B5_SUSY_ms_gg .pdf
do log value is -  1
---Doing Global Fitting---
Scheme -  ms   Basis -  SUSY   Kinematics -  gg   Fit type -  chiral
Channel -  1
---Fitting Results---
chisq -  18.4127100467  +/-  8.60145268907
chisq/dof -  2.63038714953 +/- 1.22877895558
parameters: 
p0 -  1.03277714776  +/-  2.57619103861
p1 -  5.87184171843  +/-  2.56550312344
p2 -  -0.012933788252  +/-  2.51989841817
---continuum point is: yp =  1.02000325133  +/-  0.0146763087277
Saving  ./plots/chiral/R1_SUSY_ms_gg .pdf
Channel -  2
---Fitting Results---
chisq -  5.17571740579  +/-  5.93104976699
chisq/dof -  0.739388200827 +/- 0.847292823856
parameters: 
p0 -  -16.474068553  +/-  28.6668122598
p1 -  -67.6383535939  +/-  28.93586393
p2 -  0.63447718055  +/-  27.762662878
---continuum point is: yp =  -15.4887271154  +/-  0.242499173979
Saving  ./plots/chiral/R2_SUSY_ms_gg .pdf
Channel -  3
---Fitting Results---
chisq -  7.38474933069  +/-  6.97253908991
chisq/dof -  1.0549641901 +/- 0.996077012844
parameters: 
p0 -  0.178395825527  +/-  3.04743570678
p1 -  -2.02409579845  +/-  3.16878097538
p2 -  5.32898226133  +/-  3.27788553708
---continuum point is: yp =  0.147604943517  +/-  0.0291289638765
Saving  ./plots/chiral/R3_SUSY_ms_gg .pdf
Channel -  4
---Fitting Results---
chisq -  3.08304068079  +/-  5.1628528654
chisq/dof -  0.440434382971 +/- 0.737550409343
parameters: 
p0 -  35.4639053459  +/-  18.8330560728
p1 -  9.95571402096  +/-  18.8981239413
p2 -  -11.3954641692  +/-  18.5689351997
---continuum point is: yp =  33.6261927636  +/-  0.495026299963
Saving  ./plots/chiral/R4_SUSY_ms_gg .pdf
Channel -  5
---Fitting Results---
chisq -  2.36550839662  +/-  4.74841505384
chisq/dof -  0.337929770946 +/- 0.678345007692
parameters: 
p0 -  18.0202928983  +/-  14.9209999546
p1 -  17.0815610065  +/-  15.2229707305
p2 -  -14.6030830506  +/-  14.4889386358
---continuum point is: yp =  17.1742522807  +/-  0.226390511075
Saving  ./plots/chiral/R5_SUSY_ms_gg .pdf
do log value is -  1
---Doing Global Fitting---
Scheme -  ms   Basis -  SUSY   Kinematics -  gg   Fit type -  chiral
Channel -  1
---Fitting Results---
chisq -  23.5668626067  +/-  10.5919696432
chisq/dof -  3.3666946581 +/- 1.51313852045
parameters: 
p0 -  0.514064701386  +/-  0.413380803343
p1 -  -0.375952721874  +/-  0.37587868562
p2 -  0.0517361669085  +/-  0.349484394306
---continuum point is: yp =  0.520551129746  +/-  0.00449513624274
Saving  ./plots/chiral/B1_SUSY_ms_gg .pdf
Channel -  2
---Fitting Results---
chisq -  7.01720086212  +/-  5.84623649346
chisq/dof -  1.00245726602 +/- 0.835176641923
parameters: 
p0 -  0.478999629781  +/-  0.490799723434
p1 -  1.47268378602  +/-  0.50547111657
p2 -  0.230017911765  +/-  0.528461727065
---continuum point is: yp =  0.481148159284  +/-  0.00344730812106
Saving  ./plots/chiral/B2_SUSY_ms_gg .pdf
Channel -  3
---Fitting Results---
chisq -  5.51984333379  +/-  5.41376310416
chisq/dof -  0.788549047684 +/- 0.773394729166
parameters: 
p0 -  0.731189860367  +/-  0.653503304338
p1 -  2.35143668892  +/-  0.69384773839
p2 -  0.759797491365  +/-  0.723924775202
---continuum point is: yp =  0.735224279067  +/-  0.00611107400219
Saving  ./plots/chiral/B3_SUSY_ms_gg .pdf
Channel -  4
---Fitting Results---
chisq -  19.0554852594  +/-  9.48548456724
chisq/dof -  2.72221217992 +/- 1.35506922389
parameters: 
p0 -  0.885184717557  +/-  1.01482758215
p1 -  -1.32706088099  +/-  0.943382212387
p2 -  0.0232976033363  +/-  0.884766546007
---continuum point is: yp =  0.891392633832  +/-  0.00569918539693
Saving  ./plots/chiral/B4_SUSY_ms_gg .pdf
Channel -  5
---Fitting Results---
chisq -  44.2525735241  +/-  14.0309983622
chisq/dof -  6.32179621773 +/- 2.00442833746
parameters: 
p0 -  0.687662358227  +/-  0.663085306223
p1 -  -0.741274720962  +/-  0.617323280477
p2 -  -0.278533012771  +/-  0.562039116375
---continuum point is: yp =  0.694599345821  +/-  0.0041113486279
Saving  ./plots/chiral/B5_SUSY_ms_gg .pdf
