----------------------setting up as----------------------------
----------------------setting up as----------------------------
----------------------setting up as----------------------------
----------------------setting up as----------------------------
Unrenormalised bag is -  [[[ 1.531126  1.184277 -1.791854]
  [ 0.945944  0.489873  1.555054]
  [ 1.202825 -1.808926  0.956414]]

 [[ 0.496292  1.576716  1.220224]
  [-1.824416  0.966305  0.502361]
  [ 1.531749  1.210167 -1.815853]]

 [[ 0.994842  0.51433   1.557738]
  [ 1.229645 -1.834158  1.004192]
  [ 0.519895  1.581581  1.247883]]

 [[-1.850662  1.013316  0.525289]
  [ 1.663088  1.275432 -1.894977]
  [ 1.041879  0.53788   1.684956]]

 [[ 1.293366 -1.91044   1.052129]
  [ 0.544059  1.705877  1.310283]
  [-1.924432  1.062121  0.550109]]]
Unrenormalised bare ratios is -  [[[-21.405902  32.418288 -17.271899]
  [ -8.894053 -19.100821  28.748994]
  [-15.32659   -7.905535 -17.262492]]

 [[ 25.826351 -13.781837  -7.12046 ]
  [-19.30101   29.078955 -15.836434]
  [ -8.169151 -17.41366   26.08066 ]]

 [[-14.211968  -7.343547 -15.874819]
  [ 23.639256 -12.894903  -6.673944]
  [-15.975797  23.80472  -13.194012]]

 [[ -6.838131 -14.713062  21.798031]
  [-12.093694  -6.277431 -13.643834]
  [ 20.101117 -11.168005  -5.805662]]]
ZA -  0.71273    ZP -  0.6945
Renormalised B is- 
[ 0.52618466 -1.10264723 -5.62017246 -0.46668955  0.62929307]
-----Interpolating non-physical mass data-----
Interpolate dR/dms to the near physical point data
24  - dy/dms =  [-109.44298501   -2.82593099   -0.14024838]
-----Interpolating non-physical mass data-----
Interpolate dR/dms to the near physical point data
24  - dy/dms =  [ 17.09057659  15.81708077  13.5778284 ]
Interpolated B is -  [ 0.49084626 -0.09260145 -1.68297163 -0.34009071  0.82541907]
Interpolated B is -  [ 0.22528834  0.89991693  0.96416319 -0.28164721 -0.29239555]
Unrenormalised bag is -  [[[ 1.494694  1.202869]
  [-1.837128  0.907511]
  [ 0.458776  1.530186]]

 [[ 1.22968  -1.865461]
  [ 0.923437  0.467692]
  [ 1.529767  1.216509]]

 [[-1.848958  0.920516]
  [ 0.466467  1.566636]
  [ 1.24246  -1.874886]]

 [[ 0.935717  0.475225]
  [ 1.537462  1.222191]
  [-1.849507  0.930001]]

 [[ 0.471236  1.572029]
  [ 1.247478 -1.874272]
  [ 0.944626  0.479835]]]
Unrenormalised bare ratios is -  [[[-25.114861  38.267258]
  [-18.94673   -9.579905]
  [-21.519755  32.541059]]

 [[-16.10451   -8.161821]
  [-23.302703  35.416393]
  [-17.547552  -8.886963]]

 [[-20.130616  30.371114]
  [-15.095561  -7.662326]
  [-22.065049  33.397685]]

 [[-16.7623    -8.497334]
  [-19.249098  28.932602]
  [-14.52635   -7.384645]]]
ZA -  0.74404    ZP -  0.694
Renormalised B is- 
[ 0.52764529  0.54204338  0.87530797  0.83157755  0.67264668]
-----Interpolating non-physical mass data-----
Interpolate dR/dms to the near physical point data
32  - dy/dms =  [ -20.60355997  193.77823777   75.64417095]
-----Interpolating non-physical mass data-----
Interpolate dR/dms to the near physical point data
32  - dy/dms =  [ 24.36942361  23.51415934  22.14250538]
Interpolated B is -  [ 0.53856518  0.5725141   1.19137252  0.9616849   0.89927699]
Interpolated B is -  [-0.75123115  0.89775055 -0.03748544 -0.17479483  0.95916536]
Interpolated B is -  [ 0.12186214 -1.27427489 -5.97506686 -0.74521625  1.78126688]
ZA -  0.71273    ZP -  0.6945
Renormalised B is- 
[ 0.53522194  0.5459258   0.93050751  0.83366825  0.60778382]
Interpolating physical pt data to true strange physical point
uninterpolated value is  [[ 0.53522194]]
interpolated physical value is [ 0.57757559]
Interpolating physical pt data to true strange physical point
uninterpolated value is  [[ 1.01619427]]
interpolated physical value is [ 1.0089828]
Interpolated B is -  [ 0.57757559  0.56220317  1.00351448  0.82778529  0.50132854]
ZA -  0.74404    ZP -  0.694
Renormalised B is- 
[ 0.52829638  0.50995878  0.82062292  0.83284876  0.65522292]
Interpolating physical pt data to true strange physical point
uninterpolated value is  [[ 0.52829638]]
interpolated physical value is [ 0.66455271]
Interpolating physical pt data to true strange physical point
uninterpolated value is  [[ 1.06323312]]
interpolated physical value is [ 0.98379219]
Interpolated B is -  [ 0.66455271  1.81354715  6.45024034  3.0320414   2.22078742]
----------------------setting up as----------------------------
----------------------setting up as----------------------------
----------------------setting up as----------------------------
----------------------setting up as----------------------------
Unrenormalised bag is -  [[[ 1.531126  1.184277 -1.791854]
  [ 0.945944  0.489873  1.555054]
  [ 1.202825 -1.808926  0.956414]]

 [[ 0.496292  1.576716  1.220224]
  [-1.824416  0.966305  0.502361]
  [ 1.531749  1.210167 -1.815853]]

 [[ 0.994842  0.51433   1.557738]
  [ 1.229645 -1.834158  1.004192]
  [ 0.519895  1.581581  1.247883]]

 [[-1.850662  1.013316  0.525289]
  [ 1.663088  1.275432 -1.894977]
  [ 1.041879  0.53788   1.684956]]

 [[ 1.293366 -1.91044   1.052129]
  [ 0.544059  1.705877  1.310283]
  [-1.924432  1.062121  0.550109]]]
Unrenormalised bare ratios is -  [[[-21.405902  32.418288 -17.271899]
  [ -8.894053 -19.100821  28.748994]
  [-15.32659   -7.905535 -17.262492]]

 [[ 25.826351 -13.781837  -7.12046 ]
  [-19.30101   29.078955 -15.836434]
  [ -8.169151 -17.41366   26.08066 ]]

 [[-14.211968  -7.343547 -15.874819]
  [ 23.639256 -12.894903  -6.673944]
  [-15.975797  23.80472  -13.194012]]

 [[ -6.838131 -14.713062  21.798031]
  [-12.093694  -6.277431 -13.643834]
  [ 20.101117 -11.168005  -5.805662]]]
ZA -  0.71273    ZP -  0.6945
Renormalised B is- 
[ 0.52618466  0.62929307 -0.46668955 -1.10264723  1.90903625]
-----Interpolating non-physical mass data-----
Interpolate dR/dms to the near physical point data
24  - dy/dms =  [-109.44298501   -2.82593099   -0.14024838]
-----Interpolating non-physical mass data-----
Interpolate dR/dms to the near physical point data
24  - dy/dms =  [ 17.09057659  15.81708077  13.5778284 ]
Interpolated B is -  [ 0.49084626  0.82541907 -0.34009071 -0.09260145  0.99216125]
Interpolated B is -  [ 0.22528834 -0.29239555 -0.28164721  0.89991693  0.61035107]
Unrenormalised bag is -  [[[ 1.494694  1.202869]
  [-1.837128  0.907511]
  [ 0.458776  1.530186]]

 [[ 1.22968  -1.865461]
  [ 0.923437  0.467692]
  [ 1.529767  1.216509]]

 [[-1.848958  0.920516]
  [ 0.466467  1.566636]
  [ 1.24246  -1.874886]]

 [[ 0.935717  0.475225]
  [ 1.537462  1.222191]
  [-1.849507  0.930001]]

 [[ 0.471236  1.572029]
  [ 1.247478 -1.874272]
  [ 0.944626  0.479835]]]
Unrenormalised bare ratios is -  [[[-25.114861  38.267258]
  [-18.94673   -9.579905]
  [-21.519755  32.541059]]

 [[-16.10451   -8.161821]
  [-23.302703  35.416393]
  [-17.547552  -8.886963]]

 [[-20.130616  30.371114]
  [-15.095561  -7.662326]
  [-22.065049  33.397685]]

 [[-16.7623    -8.497334]
  [-19.249098  28.932602]
  [-14.52635   -7.384645]]]
ZA -  0.74404    ZP -  0.694
Renormalised B is- 
[ 0.52764529  0.67264668  0.83157755  0.54204338  0.31986699]
-----Interpolating non-physical mass data-----
Interpolate dR/dms to the near physical point data
32  - dy/dms =  [ -20.60355997  193.77823777   75.64417095]
-----Interpolating non-physical mass data-----
Interpolate dR/dms to the near physical point data
32  - dy/dms =  [ 24.36942361  23.51415934  22.14250538]
Interpolated B is -  [ 0.53856518  0.89927699  0.9616849   0.5725141   0.15994183]
Interpolated B is -  [-0.75123115  0.95916536 -0.17479483  0.89775055  1.52124121]
Interpolated B is -  [ 0.12186214  1.78126688 -0.74521625 -1.27427489  1.85958642]
ZA -  0.71273    ZP -  0.6945
Renormalised B is- 
[ 0.53522194  0.60778382  0.83366825  0.5459258   0.28953799]
Interpolating physical pt data to true strange physical point
uninterpolated value is  [[ 0.53522194]]
interpolated physical value is [ 0.57757559]
Interpolating physical pt data to true strange physical point
uninterpolated value is  [[ 1.01619427]]
interpolated physical value is [ 1.0089828]
Interpolated B is -  [ 0.57757559  0.50132854  0.82778529  0.56220317  0.27772708]
ZA -  0.74404    ZP -  0.694
Renormalised B is- 
[ 0.52829638  0.65522292  0.83284876  0.50995878  0.30284936]
Interpolating physical pt data to true strange physical point
uninterpolated value is  [[ 0.52829638]]
interpolated physical value is [ 0.66455271]
Interpolating physical pt data to true strange physical point
uninterpolated value is  [[ 1.06323312]]
interpolated physical value is [ 0.98379219]
Interpolated B is -  [ 0.66455271  2.22078742  3.0320414   1.81354715 -1.27758165]
----------------------setting up as----------------------------
----------------------setting up as----------------------------
----------------------setting up as----------------------------
----------------------setting up as----------------------------
Unrenormalised bag is -  [[[ 1.531126  1.184277 -1.791854]
  [ 0.945944  0.489873  1.555054]
  [ 1.202825 -1.808926  0.956414]]

 [[ 0.496292  1.576716  1.220224]
  [-1.824416  0.966305  0.502361]
  [ 1.531749  1.210167 -1.815853]]

 [[ 0.994842  0.51433   1.557738]
  [ 1.229645 -1.834158  1.004192]
  [ 0.519895  1.581581  1.247883]]

 [[-1.850662  1.013316  0.525289]
  [ 1.663088  1.275432 -1.894977]
  [ 1.041879  0.53788   1.684956]]

 [[ 1.293366 -1.91044   1.052129]
  [ 0.544059  1.705877  1.310283]
  [-1.924432  1.062121  0.550109]]]
Unrenormalised bare ratios is -  [[[-21.405902  32.418288 -17.271899]
  [ -8.894053 -19.100821  28.748994]
  [-15.32659   -7.905535 -17.262492]]

 [[ 25.826351 -13.781837  -7.12046 ]
  [-19.30101   29.078955 -15.836434]
  [ -8.169151 -17.41366   26.08066 ]]

 [[-14.211968  -7.343547 -15.874819]
  [ 23.639256 -12.894903  -6.673944]
  [-15.975797  23.80472  -13.194012]]

 [[ -6.838131 -14.713062  21.798031]
  [-12.093694  -6.277431 -13.643834]
  [ 20.101117 -11.168005  -5.805662]]]
ZA -  0.71273    ZP -  0.6945
Renormalised B is- 
[ 0.52836192 -1.11365499 -6.12351172 -0.5142794   0.63336697]
-----Interpolating non-physical mass data-----
Interpolate dR/dms to the near physical point data
24  - dy/dms =  [-109.89584117   -2.8376242    -0.14082871]
-----Interpolating non-physical mass data-----
Interpolate dR/dms to the near physical point data
24  - dy/dms =  [ 17.09057659  15.81708077  13.5778284 ]
Interpolated B is -  [ 0.4928773  -0.0981399  -1.86264431 -0.38272021  0.82999466]
Interpolated B is -  [ 0.22622055  0.91918936  0.99818557 -0.29766848 -0.2971035 ]
Unrenormalised bag is -  [[[ 1.494694  1.202869]
  [-1.837128  0.907511]
  [ 0.458776  1.530186]]

 [[ 1.22968  -1.865461]
  [ 0.923437  0.467692]
  [ 1.529767  1.216509]]

 [[-1.848958  0.920516]
  [ 0.466467  1.566636]
  [ 1.24246  -1.874886]]

 [[ 0.935717  0.475225]
  [ 1.537462  1.222191]
  [-1.849507  0.930001]]

 [[ 0.471236  1.572029]
  [ 1.247478 -1.874272]
  [ 0.944626  0.479835]]]
Unrenormalised bare ratios is -  [[[-25.114861  38.267258]
  [-18.94673   -9.579905]
  [-21.519755  32.541059]]

 [[-16.10451   -8.161821]
  [-23.302703  35.416393]
  [-17.547552  -8.886963]]

 [[-20.130616  30.371114]
  [-15.095561  -7.662326]
  [-22.065049  33.397685]]

 [[-16.7623    -8.497334]
  [-19.249098  28.932602]
  [-14.52635   -7.384645]]]
ZA -  0.74404    ZP -  0.694
Renormalised B is- 
[ 0.52982848  0.55476498  0.92951232  0.89752822  0.66690126]
-----Interpolating non-physical mass data-----
