----------------------setting up as----------------------------
----------------------setting up as----------------------------
----------------------setting up as----------------------------
----------------------setting up as----------------------------
Reading 2pts...
Done

Reading 3pts...
Done

data/Zms_boot_mu_match_24cubed_gg_block.out
Z matrix is - 
[[ 0.920049  0.920044  0.919722  0.920008  0.920104]
 [ 0.919961  0.920259  0.92015   0.920154  0.92026 ]
 [ 0.920353  0.919942  0.920108  0.920483  0.919797]
 [ 0.920156  0.920253  0.920547  0.920136  0.920367]
 [ 0.920559  0.920199  0.920251  0.919994  0.920071]]
Renormalised B is- 
[  8.14237689e-01   1.36907031e+00  -1.26808720e-03  -1.14129612e+00
   1.71164105e+00]
Renormalised B is- 
[  8.14237689e-01   1.36907031e+00  -1.26808720e-03  -1.14129612e+00
   1.71164105e+00]
Renormalised B is- 
[  8.14237689e-01   1.36907031e+00  -1.26808720e-03  -1.14129612e+00
   1.71164105e+00]
Renormalised B is- 
[  8.14237689e-01   1.36907031e+00  -1.26808720e-03  -1.14129612e+00
   1.71164105e+00]
Renormalised B is- 
[  8.14237689e-01   1.36907031e+00  -1.26808720e-03  -1.14129612e+00
   1.71164105e+00]
Renormalised B is- 
[  8.14237689e-01   1.36907031e+00  -1.26808720e-03  -1.14129612e+00
   1.71164105e+00]
Renormalised B is- 
[  8.14237689e-01   1.36907031e+00  -1.26808720e-03  -1.14129612e+00
   1.71164105e+00]
Renormalised B is- 
[  8.14237689e-01   1.36907031e+00  -1.26808720e-03  -1.14129612e+00
   1.71164105e+00]
Renormalised B is- 
[  8.14237689e-01   1.36907031e+00  -1.26808720e-03  -1.14129612e+00
   1.71164105e+00]
-----Interpolating non-physical mass data-----
-----Interpolating non-physical mass data-----
Interpolate dR/dms to the near physical point data
(5, 3, 1, 501) (5, 3, 1, 501) (501,) (1, 3, 4, 1, 501)
0
[[ 0.01311561]
 [ 0.01353367]
 [ 0.01456788]]
1
[[ 0.41323227]
 [ 0.42640853]
 [ 0.45900084]] [[-0.1869337 ]
 [-0.18634055]
 [-0.18818149]]
2
[[  7.63754777e-05]
 [  7.56636685e-05]
 [  8.11402504e-05]] [[ -2.06449313e-05]
 [ -1.84888658e-05]
 [ -1.68182364e-05]]
3
[[ 0.41337805]
 [ 0.42655543]
 [ 0.45915577]] [[-0.1870516 ]
 [-0.18645228]
 [-0.1882894 ]]
4
[[-0.20665252]
 [-0.21324139]
 [-0.22953796]] [[ 0.0935563 ]
 [ 0.09325565]
 [ 0.0941748 ]]
Interpolated B is -  [[  8.20720178e-01]
 [  1.37997287e+00]
 [ -1.27526449e-03]
 [ -1.15038308e+00]
 [  1.72526987e+00]]
Interpolated B is -  [[  8.46880504e-01]
 [  1.42397447e+00]
 [ -1.26337920e-03]
 [ -1.18705421e+00]
 [  1.78027808e+00]]
Reading 2pts...
Done

Reading 3pts...
Done

data/Zms_boot_mu_match_32cubed_gg_block.out
Z matrix is - 
[[ 0.945818  0.945591  0.945197  0.945412  0.945469]
 [ 0.945432  0.945164  0.945788  0.945393  0.945178]
 [ 0.945425  0.945541  0.945619  0.945642  0.945475]
 [ 0.945128  0.944971  0.945583  0.945604  0.945298]
 [ 0.945348  0.944869  0.945266  0.94557   0.945271]]
Renormalised B is- 
[  7.89904872e-01   1.44806183e+00  -1.28229748e-03  -1.20739444e+00
   1.81013182e+00]
Renormalised B is- 
[  7.89904872e-01   1.44806183e+00  -1.28229748e-03  -1.20739444e+00
   1.81013182e+00]
Renormalised B is- 
[  7.89904872e-01   1.44806183e+00  -1.28229748e-03  -1.20739444e+00
   1.81013182e+00]
Renormalised B is- 
[  7.89904872e-01   1.44806183e+00  -1.28229748e-03  -1.20739444e+00
   1.81013182e+00]
Renormalised B is- 
[  7.89904872e-01   1.44806183e+00  -1.28229748e-03  -1.20739444e+00
   1.81013182e+00]
Renormalised B is- 
[  7.89904872e-01   1.44806183e+00  -1.28229748e-03  -1.20739444e+00
   1.81013182e+00]
-----Interpolating non-physical mass data-----
-----Interpolating non-physical mass data-----
Interpolate dR/dms to the near physical point data
(5, 3, 1, 501) (5, 3, 1, 501) (501,) (1, 3, 3, 1, 501)
0
[[ 0.01258783]
 [ 0.01291294]
 [ 0.01306793]]
1
[[ 0.43240736]
 [ 0.44358064]
 [ 0.44890901]] [[-0.18303287]
 [-0.18411617]
 [-0.18600206]]
2
[[  7.66517051e-05]
 [  7.76266629e-05]
 [  7.77213793e-05]] [[ -5.66155847e-05]
 [ -5.74967019e-05]
 [ -5.56145788e-05]]
3
[[ 0.43264977]
 [ 0.4438271 ]
 [ 0.44915688]] [[-0.18323469]
 [-0.18432142]
 [-0.18620295]]
4
[[-0.21621015]
 [-0.22179752]
 [-0.22446179]] [[ 0.09145969]
 [ 0.09200041]
 [ 0.09294444]]
Interpolated B is -  [[  7.87693683e-01]
 [  1.44400733e+00]
 [ -1.27987674e-03]
 [ -1.20401406e+00]
 [  1.80506318e+00]]
Interpolated B is -  [[  8.08037890e-01]
 [  1.48132008e+00]
 [ -1.29615591e-03]
 [ -1.23511927e+00]
 [  1.85171023e+00]]
Interpolated B is -  [[  8.17736388e-01]
 [  1.49911396e+00]
 [ -1.29773742e-03]
 [ -1.24995142e+00]
 [  1.87395327e+00]]
 Reading Physical point Bag data...
Unrenormalised bag is -  [[ 1.55547701  1.55757778  1.55362159 ...,  1.5598041   1.55646184
   1.55742327]
 [ 1.22580799  1.22666295  1.22750156 ...,  1.22727901  1.22685875
   1.22644856]
 [-1.86547726 -1.86677924 -1.8678765  ..., -1.86694583 -1.86659135
  -1.86617962]
 [ 0.96107359  0.96078683  0.96008066 ...,  0.96052682  0.96087227
   0.96112814]
 [ 0.49515669  0.49498506  0.49461602 ...,  0.49480345  0.49504743
   0.49513115]]
Done

 Reading Physical point Mass data...
Done

Done

data/Zms_boot_mu_match_24cubed_gg_block.out
Z matrix is - 
[[ 0.920049  0.920044  0.919722  0.920008  0.920104]
 [ 0.919961  0.920259  0.92015   0.920154  0.92026 ]
 [ 0.920353  0.919942  0.920108  0.920483  0.919797]
 [ 0.920156  0.920253  0.920547  0.920136  0.920367]
 [ 0.920559  0.920199  0.920251  0.919994  0.920071]]
Renormalised B is- 
[  8.19278862e-01   1.37752055e+00  -1.31004642e-03  -1.14835216e+00
   1.72222305e+00]
Interpolating physical pt data to true strange physical point
Interpolating physical pt data to true strange physical point
(5, 1, 1, 501) (5, 1, 1, 501) (501,) (1, 1, 2, 1, 501)
0
[[ 0.01307453]]
1
[[ 0.41192905]] [[-0.1939575]]
2
[[  7.83849408e-05]] [[ -2.52052027e-05]]
3
[[ 0.41207929]] [[-0.19408989]]
4
[[-0.20600312]] [[ 0.09707865]]
Interpolated B is -  [[  8.18149315e-01]
 [  1.37562081e+00]
 [ -1.30881711e-03]
 [ -1.14676880e+00]
 [  1.71984828e+00]]
 Reading Physical point Bag data...
Unrenormalised bag is -  [[ 1.50983843  1.4994198   1.49292605 ...,  1.50126416  1.48978841
   1.49653838]
 [ 1.22125555  1.215269    1.20608145 ...,  1.21334216  1.21217694
   1.21093375]
 [-1.86729716 -1.8575678  -1.84388862 ..., -1.85457716 -1.85304505
  -1.851134  ]
 [ 0.88713639  0.882251    0.87701784 ...,  0.88278688  0.87860248
   0.88037091]
 [ 0.44833232  0.44579453  0.44318866 ...,  0.44609351  0.44404573
   0.44488451]]
Done

 Reading Physical point Mass data...
Done

Done

data/Zms_boot_mu_match_32cubed_gg_block.out
Z matrix is - 
[[ 0.945818  0.945591  0.945197  0.945412  0.945469]
 [ 0.945432  0.945164  0.945788  0.945393  0.945178]
 [ 0.945425  0.945541  0.945619  0.945642  0.945475]
 [ 0.945128  0.944971  0.945583  0.945604  0.945298]
 [ 0.945348  0.944869  0.945266  0.94557   0.945271]]
Renormalised B is- 
[  7.73907158e-01   1.41869134e+00  -1.29145254e-03  -1.18291970e+00
   1.77342442e+00]
Interpolating physical pt data to true strange physical point
Interpolating physical pt data to true strange physical point
(5, 1, 1, 501) (5, 1, 1, 501) (501,) (1, 1, 2, 1, 501)
0
[[ 0.01216616]]
1
[[ 0.41790832]] [[-0.18679323]]
2
[[  7.65188798e-05]] [[ -6.21978389e-05]]
3
[[ 0.41814821]] [[-0.18701101]]
4
[[-0.20896102]] [[ 0.09333583]]
Interpolated B is -  [[  7.61307557e-01]
 [  1.39558838e+00]
 [ -1.27765892e-03]
 [ -1.16365788e+00]
 [  1.74454274e+00]]
do log value is -  0
---Doing Global Fitting---
Scheme -  ms   Basis -  SUSY   Kinematics -  gg   Fit type -  linear
Channel -  1
---Fitting Results---
chisq -  2.10149113352  +/-  4.32503175307
chisq/dof -  0.300213019075 +/- 0.61786167901
parameters: 
p0 -  -16.0123605766  +/-  19.1759384692
p1 -  31.1756181392  +/-  18.7674244485
p2 -  3.22830400052  +/-  18.6526125585
---continuum point is: yp =  -15.7848016284  +/-  0.264390687113
Saving  ./plots/linear/R1_SUSY_ms_gg .pdf
Channel -  2
---Fitting Results---
chisq -  2.09772546057  +/-  4.32222123521
chisq/dof -  0.299675065796 +/- 0.617460176459
parameters: 
p0 -  -15.9656179529  +/-  19.0973567167
p1 -  31.0292721735  +/-  18.6901004707
p2 -  3.1560483879  +/-  18.5771926844
---continuum point is: yp =  -15.739127222  +/-  0.263965626363
Saving  ./plots/linear/R2_SUSY_ms_gg .pdf
Channel -  3
---Fitting Results---
chisq -  56.6311909022  +/-  26.0638889866
chisq/dof -  8.09017012888 +/- 3.72341271237
parameters: 
p0 -  -0.00889870307004  +/-  0.0153085306159
p1 -  0.0257893894735  +/-  0.0153700711878
p2 -  0.0204766708099  +/-  0.0148843483051
---continuum point is: yp =  -0.00871045960626  +/-  0.000109708825584
Saving  ./plots/linear/R3_SUSY_ms_gg .pdf
Channel -  4
---Fitting Results---
chisq -  2.10045814156  +/-  4.32407423638
chisq/dof -  0.300065448794 +/- 0.617724890912
parameters: 
p0 -  -15.9928836816  +/-  19.1387026624
p1 -  31.1052415773  +/-  18.7307918133
p2 -  3.20624282899  +/-  18.6160650461
---continuum point is: yp =  -15.7658384302  +/-  0.264200249336
Saving  ./plots/linear/R4_SUSY_ms_gg .pdf
Channel -  5
---Fitting Results---
chisq -  2.08642493477  +/-  4.31665117081
chisq/dof -  0.298060704968 +/- 0.616664452973
parameters: 
p0 -  7.96397941592  +/-  9.53862933615
p1 -  -15.5004364659  +/-  9.33525056064
p2 -  -1.49928979  +/-  9.28350339366
---continuum point is: yp =  7.85083769717  +/-  0.131937812509
Saving  ./plots/linear/R5_SUSY_ms_gg .pdf
do log value is -  0
---Doing Global Fitting---
Scheme -  ms   Basis -  SUSY   Kinematics -  gg   Fit type -  linear
Channel -  1
---Fitting Results---
chisq -  12.2684294811  +/-  7.8813664139
chisq/dof -  1.75263278302 +/- 1.1259094877
parameters: 
p0 -  0.709554105422  +/-  0.335445763146
p1 -  1.25230704427  +/-  0.359957698341
p2 -  0.304062226924  +/-  0.392710227588
---continuum point is: yp =  0.71869502037  +/-  0.00625934126447
Saving  ./plots/linear/B1_SUSY_ms_gg .pdf
Channel -  2
---Fitting Results---
chisq -  20.944948756  +/-  10.0023138329
chisq/dof -  2.99213553658 +/- 1.42890197614
parameters: 
p0 -  1.45245402368  +/-  0.936526683687
p1 -  2.10009457813  +/-  0.978728440676
p2 -  -0.265587040292  +/-  1.02161440983
---continuum point is: yp =  1.46778316042  +/-  0.0113866052455
Saving  ./plots/linear/B2_SUSY_ms_gg .pdf
Channel -  3
---Fitting Results---
chisq -  25.0378000951  +/-  10.9169049523
chisq/dof -  3.57682858502 +/- 1.55955785033
parameters: 
p0 -  -0.00126654766032  +/-  0.000618991804592
p1 -  -0.000153819152405  +/-  0.000554529610604
p2 -  -0.000125737900076  +/-  0.000507235791203
---continuum point is: yp =  -0.00126767042633  +/-  8.9625530494e-06
Saving  ./plots/linear/B3_SUSY_ms_gg .pdf
Channel -  4
---Fitting Results---
chisq -  20.9765030612  +/-  10.0092966484
chisq/dof -  2.99664329446 +/- 1.42989952119
parameters: 
p0 -  -1.21136254775  +/-  0.78137009543
p1 -  -1.7500623267  +/-  0.816529471472
p2 -  0.223016378653  +/-  0.852251927109
---continuum point is: yp =  -1.22413670801  +/-  0.00949302426379
Saving  ./plots/linear/B4_SUSY_ms_gg .pdf
Channel -  5
---Fitting Results---
chisq -  20.9373642247  +/-  10.0005682056
chisq/dof -  2.9910520321 +/- 1.42865260079
parameters: 
p0 -  1.81531636309  +/-  1.1698927456
p1 -  2.62537097904  +/-  1.2226380017
p2 -  -0.330269873422  +/-  1.27626887129
---continuum point is: yp =  1.83447962895  +/-  0.014234007466
Saving  ./plots/linear/B5_SUSY_ms_gg .pdf
do log value is -  1
---Doing Global Fitting---
Scheme -  ms   Basis -  SUSY   Kinematics -  gg   Fit type -  chiral
Channel -  1
---Fitting Results---
chisq -  2.42896845899  +/-  4.44764391449
chisq/dof -  0.346995494141 +/- 0.635377702069
parameters: 
p0 -  -16.5111809434  +/-  17.2200969383
p1 -  -38.9443395433  +/-  17.6586815834
p2 -  3.66554561641  +/-  16.9224550041
---continuum point is: yp =  -15.9060158  +/-  0.26190028969
Saving  ./plots/chiral/R1_SUSY_ms_gg .pdf
Channel -  2
---Fitting Results---
chisq -  4.48040148333  +/-  5.37737742448
chisq/dof -  0.640057354761 +/- 0.768196774926
parameters: 
p0 -  -16.8038799515  +/-  38.9885079425
p1 -  -87.9724505133  +/-  39.5043357233
p2 -  3.87581793238  +/-  38.4649335575
---continuum point is: yp =  -15.9373517202  +/-  0.259898516869
Saving  ./plots/chiral/R2_SUSY_ms_gg .pdf
Channel -  3
---Fitting Results---
chisq -  8.03228824797  +/-  8.27787881269
chisq/dof -  1.14746974971 +/- 1.1825541161
parameters: 
p0 -  -0.00937334944405  +/-  0.0248573557236
p1 -  -0.040625371366  +/-  0.0253294540029
p2 -  0.0208787283436  +/-  0.0249234848882
---continuum point is: yp =  -0.00882833987893  +/-  0.000112389903965
Saving  ./plots/chiral/R3_SUSY_ms_gg .pdf
Channel -  4
---Fitting Results---
chisq -  2.42913400799  +/-  4.44730717008
chisq/dof -  0.347019143999 +/- 0.635329595725
parameters: 
p0 -  -16.491095505  +/-  17.2057013173
p1 -  -38.9292588456  +/-  17.6437940696
p2 -  3.64295258837  +/-  16.9084350674
---continuum point is: yp =  -15.8869022529  +/-  0.261717383119
Saving  ./plots/chiral/R4_SUSY_ms_gg .pdf
Channel -  5
---Fitting Results---
chisq -  2.42749720238  +/-  4.4463037996
chisq/dof -  0.346785314626 +/- 0.635186257086
parameters: 
p0 -  8.21205540463  +/-  8.52533236993
p1 -  19.3745056988  +/-  8.74231239923
p2 -  -1.71669516653  +/-  8.37401732478
---continuum point is: yp =  7.91110511949  +/-  0.130704159839
Saving  ./plots/chiral/R5_SUSY_ms_gg .pdf
do log value is -  1
---Doing Global Fitting---
Scheme -  ms   Basis -  SUSY   Kinematics -  gg   Fit type -  chiral
Channel -  1
---Fitting Results---
chisq -  16.2588661399  +/-  8.91644152443
chisq/dof -  2.32269516284 +/- 1.27377736063
parameters: 
p0 -  0.701864087932  +/-  0.257163046581
p1 -  0.27367201635  +/-  0.225361818984
p2 -  0.312134198085  +/-  0.195414132009
---continuum point is: yp =  0.716464443733  +/-  0.00623701072526
Saving  ./plots/chiral/B1_SUSY_ms_gg .pdf
Channel -  2
---Fitting Results---
chisq -  16.8925118524  +/-  9.10518405246
chisq/dof -  2.41321597892 +/- 1.30074057892
parameters: 
p0 -  1.46833736505  +/-  1.73360223396
p1 -  4.15034722281  +/-  1.79542230252
p2 -  -0.281901757496  +/-  1.85684201291
---continuum point is: yp =  1.47226619414  +/-  0.0114603762984
Saving  ./plots/chiral/B2_SUSY_ms_gg .pdf
Channel -  3
---Fitting Results---
chisq -  20.292764307  +/-  9.89126782583
chisq/dof -  2.89896632956 +/- 1.41303826083
parameters: 
p0 -  -0.00128216013191  +/-  0.000691581856962
p1 -  -0.00191992605776  +/-  0.0007328136409
p2 -  -0.000106702792442  +/-  0.000778952531534
---continuum point is: yp =  -0.00127315155647  +/-  9.0330069046e-06
Saving  ./plots/chiral/B3_SUSY_ms_gg .pdf
Channel -  4
---Fitting Results---
chisq -  26.2066293839  +/-  11.063595874
chisq/dof -  3.7438041977 +/- 1.58051369629
parameters: 
p0 -  -1.19828585826  +/-  0.675936580132
p1 -  -0.0783784804702  +/-  0.638439901703
p2 -  0.209379737301  +/-  0.598587375821
---continuum point is: yp =  -1.22037452232  +/-  0.00945138879923
Saving  ./plots/chiral/B4_SUSY_ms_gg .pdf
Channel -  5
---Fitting Results---
chisq -  26.1591877392  +/-  11.0541548528
chisq/dof -  3.73702681988 +/- 1.57916497897
parameters: 
p0 -  1.79572243755  +/-  1.01141058467
p1 -  0.120194310938  +/-  0.955149131675
p2 -  -0.309841122634  +/-  0.895449763053
---continuum point is: yp =  1.82884396639  +/-  0.0141716291737
Saving  ./plots/chiral/B5_SUSY_ms_gg .pdf
