----------------------setting up as----------------------------
----------------------setting up as----------------------------
----------------------setting up as----------------------------
----------------------setting up as----------------------------
Reading 2pts...
Done

Reading 3pts...
Done

data/Zms_boot_mu_match_24cubed_qq_new.out
Z matrix is - 
[[ 0.94796   0.        0.        0.        0.      ]
 [ 0.        0.9635   -0.05595   0.        0.      ]
 [ 0.       -0.0399    1.26728   0.        0.      ]
 [ 0.        0.        0.        1.0195   -0.13876 ]
 [ 0.        0.        0.       -0.14372   1.051161]]
Renormalised B is- 
[ 0.54429233  0.97874672  1.21848504  0.56544574  0.39842974]
Renormalised B is- 
[ 0.54429233  0.97874672  1.21848504  0.56544574  0.39842974]
Renormalised B is- 
[ 0.54429233  0.97874672  1.21848504  0.56544574  0.39842974]
Renormalised B is- 
[ 0.54429233  0.97874672  1.21848504  0.56544574  0.39842974]
Renormalised B is- 
[ 0.54429233  0.97874672  1.21848504  0.56544574  0.39842974]
Renormalised B is- 
[ 0.54429233  0.97874672  1.21848504  0.56544574  0.39842974]
Renormalised B is- 
[ 0.54429233  0.97874672  1.21848504  0.56544574  0.39842974]
Renormalised B is- 
[ 0.54429233  0.97874672  1.21848504  0.56544574  0.39842974]
Renormalised B is- 
[ 0.54429233  0.97874672  1.21848504  0.56544574  0.39842974]
-----Interpolating non-physical mass data-----
Interpolate dR/dms to the near physical point data
-----Interpolating non-physical mass data-----
Interpolate dR/dms to the near physical point data
(5, 3, 1, 501) (5, 3, 1, 501) (501,) (1, 3, 4, 1, 501)
0
[[ 0.00875826]
 [ 0.00876707]
 [ 0.00950313]]
1
[[ 0.23604818]
 [ 0.24109389]
 [ 0.25367154]] [[-0.20707045]
 [-0.19300067]
 [-0.19179775]]
2
[[-0.43972104]
 [-0.44579268]
 [-0.4649202 ]] [[ 0.38618138]
 [ 0.35805669]
 [ 0.35231955]]
3
[[ 0.17014457]
 [ 0.17883691]
 [ 0.18734769]] [[-0.1515304 ]
 [-0.14368099]
 [-0.14332446]]
4
[[ 0.07202633]
 [ 0.07549402]
 [ 0.07893721]] [[-0.06354249]
 [-0.06048117]
 [-0.06074951]]
Reading 2pts...
Done

Reading 3pts...
Done

data/Zms_boot_mu_match_32cubed_qq_new.out
Z matrix is - 
[[  9.69990000e-01   0.00000000e+00   0.00000000e+00   0.00000000e+00
    0.00000000e+00]
 [  0.00000000e+00   8.99600000e-01  -2.51100000e-02   0.00000000e+00
    0.00000000e+00]
 [  0.00000000e+00   1.71900000e-02   1.29450000e+00   0.00000000e+00
    0.00000000e+00]
 [  0.00000000e+00   0.00000000e+00   0.00000000e+00   9.28200000e-01
   -1.09920000e-01]
 [  0.00000000e+00   0.00000000e+00   0.00000000e+00  -1.41430000e+04
    1.04908000e+00]]
Renormalised B is- 
[  5.43689337e-01   9.70805828e-01   1.35235874e+00   5.45138968e-01
  -1.47248251e+04]
Renormalised B is- 
[  5.43689337e-01   9.70805828e-01   1.35235874e+00   5.45138968e-01
  -1.47248251e+04]
Renormalised B is- 
[  5.43689337e-01   9.70805828e-01   1.35235874e+00   5.45138968e-01
  -1.47248251e+04]
Renormalised B is- 
[  5.43689337e-01   9.70805828e-01   1.35235874e+00   5.45138968e-01
  -1.47248251e+04]
Renormalised B is- 
[  5.43689337e-01   9.70805828e-01   1.35235874e+00   5.45138968e-01
  -1.47248251e+04]
Renormalised B is- 
[  5.43689337e-01   9.70805828e-01   1.35235874e+00   5.45138968e-01
  -1.47248251e+04]
-----Interpolating non-physical mass data-----
Interpolate dR/dms to the near physical point data
-----Interpolating non-physical mass data-----
Interpolate dR/dms to the near physical point data
(5, 3, 1, 501) (5, 3, 1, 501) (501,) (1, 3, 3, 1, 501)
0
[[ 0.00866662]
 [ 0.00886965]
 [ 0.00891579]]
1
[[ 0.23202335]
 [ 0.23463217]
 [ 0.23570236]] [[-0.21096508]
 [-0.21560719]
 [-0.20857998]]
2
[[-0.48516454]
 [-0.48834062]
 [-0.48849963]] [[ 0.44011871]
 [ 0.44909862]
 [ 0.43221028]]
3
[[ 0.16294004]
 [ 0.16526838]
 [ 0.16698642]] [[-0.14873011]
 [-0.15090994]
 [-0.14762876]]
4
[[-2640.68407931]
 [-2678.82047497]
 [-2706.6494549 ]] [[ 2410.27571322]
 [ 2446.02262805]
 [ 2393.06851835]]
 Reading Physical point Bag data...
Unrenormalised bag is -  [[ 1.55547701  1.55757778  1.55362159 ...,  1.5598041   1.55646184
   1.55742327]
 [ 1.22580799  1.22666295  1.22750156 ...,  1.22727901  1.22685875
   1.22644856]
 [-1.86547726 -1.86677924 -1.8678765  ..., -1.86694583 -1.86659135
  -1.86617962]
 [ 0.96107359  0.96078683  0.96008066 ...,  0.96052682  0.96087227
   0.96112814]
 [ 0.49515669  0.49498506  0.49461602 ...,  0.49480345  0.49504743
   0.49513115]]
Done

 Reading Physical point Mass data...
Done

Done

data/Zms_boot_mu_match_24cubed_qq_new.out
Z matrix is - 
[[ 0.94796   0.        0.        0.        0.      ]
 [ 0.        0.9635   -0.05595   0.        0.      ]
 [ 0.       -0.0399    1.26728   0.        0.      ]
 [ 0.        0.        0.        1.0195   -0.13876 ]
 [ 0.        0.        0.       -0.14372   1.051161]]
Renormalised B is- 
[ 0.55364061  1.01406347  1.26888167  0.57475021  0.40194627]
Interpolating physical pt data to true strange physical point
Interpolating physical pt data to true strange physical point
(5, 1, 1, 501) (5, 1, 1, 501) (501,) (1, 1, 2, 1, 501)
0
[[ 0.00883598]]
1
[[ 0.24263754]] [[-0.23314002]]
2
[[-0.45560478]] [[ 0.4376797]]
3
[[ 0.1719753]] [[-0.16508938]]
4
[[ 0.07214824]] [[-0.06926931]]
 Reading Physical point Bag data...
Unrenormalised bag is -  [[ 1.50983843  1.4994198   1.49292605 ...,  1.50126416  1.48978841
   1.49653838]
 [ 1.22125555  1.215269    1.20608145 ...,  1.21334216  1.21217694
   1.21093375]
 [-1.86729716 -1.8575678  -1.84388862 ..., -1.85457716 -1.85304505
  -1.851134  ]
 [ 0.88713639  0.882251    0.87701784 ...,  0.88278688  0.87860248
   0.88037091]
 [ 0.44833232  0.44579453  0.44318866 ...,  0.44609351  0.44404573
   0.44488451]]
Done

 Reading Physical point Mass data...
Done

Done

data/Zms_boot_mu_match_32cubed_qq_new.out
Z matrix is - 
[[  9.69990000e-01   0.00000000e+00   0.00000000e+00   0.00000000e+00
    0.00000000e+00]
 [  0.00000000e+00   8.99600000e-01  -2.51100000e-02   0.00000000e+00
    0.00000000e+00]
 [  0.00000000e+00   1.71900000e-02   1.29450000e+00   0.00000000e+00
    0.00000000e+00]
 [  0.00000000e+00   0.00000000e+00   0.00000000e+00   9.28200000e-01
   -1.09920000e-01]
 [  0.00000000e+00   0.00000000e+00   0.00000000e+00  -1.41430000e+04
    1.04908000e+00]]
Renormalised B is- 
[  5.44360223e-01   9.77351181e-01   1.36267983e+00   5.28848961e-01
  -1.42844636e+04]
Interpolating physical pt data to true strange physical point
Interpolating physical pt data to true strange physical point
(5, 1, 1, 501) (5, 1, 1, 501) (501,) (1, 1, 2, 1, 501)
0
[[ 0.00856378]]
1
[[ 0.23091032]] [[-0.23390219]]
2
[[-0.48483525]] [[ 0.49209196]]
3
[[ 0.1565326]] [[-0.16152791]]
4
[[-2536.67172782]] [[ 2617.86977373]]
do log value is -  0
---Doing Global Fitting---
Scheme -  ms   Basis -  Lattice   Kinematics -  qq   Fit type -  linear
Channel -  1
---Fitting Results---
chisq -  17.2187095862  +/-  8.33703127299
chisq/dof -  2.45981565517 +/- 1.19100446757
parameters: 
p0 -  0.965658805276  +/-  0.780623270161
p1 -  1.90876452814  +/-  0.749460046044
p2 -  0.0889938264139  +/-  0.710913623106
---continuum point is: yp =  0.979591374199  +/-  0.0145117316285
Saving  ./plots/linear/R1_Lattice_ms_qq .pdf
Channel -  2
---Fitting Results---
chisq -  2.51252992535  +/-  4.94134096708
chisq/dof -  0.358932846478 +/- 0.70590585244
parameters: 
p0 -  -29.6176879416  +/-  61.8372369625
p1 -  117.016310402  +/-  61.4233227238
p2 -  8.01723157814  +/-  63.3927528323
---continuum point is: yp =  -28.7635554461  +/-  0.435090380693
Saving  ./plots/linear/R2_Lattice_ms_qq .pdf
Channel -  3
---Fitting Results---
chisq -  4.97963681839  +/-  6.15411230503
chisq/dof -  0.711376688341 +/- 0.879158900719
parameters: 
p0 -  68.4236204281  +/-  133.960732973
p1 -  -256.259120438  +/-  132.91842177
p2 -  -52.7010208256  +/-  134.778456913
---continuum point is: yp =  66.5531184332  +/-  0.91787618187
Saving  ./plots/linear/R3_Lattice_ms_qq .pdf
Channel -  4
---Fitting Results---
chisq -  2.40869318832  +/-  4.60923155458
chisq/dof -  0.344099026903 +/- 0.658461650655
parameters: 
p0 -  -19.3731082433  +/-  34.7806067669
p1 -  62.7254596843  +/-  34.3121066017
p2 -  1.16990608892  +/-  35.1314707105
---continuum point is: yp =  -18.9152587928  +/-  0.304166509369
Saving  ./plots/linear/R4_Lattice_ms_qq .pdf
Channel -  5
---Fitting Results---
chisq -  35216.8443564  +/-  376.922243852
chisq/dof -  5030.9777652 +/- 53.846034836
parameters: 
p0 -  -2.72644723061  +/-  13.2711891347
p1 -  15.8324175441  +/-  14.6002478819
p2 -  -15.4702248533  +/-  13.0851290506
---continuum point is: yp =  -2.6108822956  +/-  3.87830583806
Saving  ./plots/linear/R5_Lattice_ms_qq .pdf
do log value is -  0
---Doing Global Fitting---
Scheme -  ms   Basis -  Lattice   Kinematics -  qq   Fit type -  linear
Channel -  1
---Fitting Results---
chisq -  20.6249093917  +/-  10.1098584885
chisq/dof -  2.94641562739 +/- 1.44426549835
parameters: 
p0 -  0.516404340169  +/-  0.193918837906
p1 -  0.550338718636  +/-  0.205849620198
p2 -  0.0977570487983  +/-  0.22164584133
---continuum point is: yp =  0.520421405667  +/-  0.00464216261116
Saving  ./plots/linear/B1_Lattice_ms_qq .pdf
Channel -  2
---Fitting Results---
chisq -  12.7199815569  +/-  7.85826236399
chisq/dof -  1.81714022242 +/- 1.12260890914
parameters: 
p0 -  0.903074025076  +/-  0.296766087465
p1 -  0.554865539037  +/-  0.252937166255
p2 -  0.317529694245  +/-  0.227014579528
---continuum point is: yp =  0.907124133013  +/-  0.00608565203698
Saving  ./plots/linear/B2_Lattice_ms_qq .pdf
Channel -  3
---Fitting Results---
chisq -  21.7961463143  +/-  10.0287326486
chisq/dof -  3.11373518775 +/- 1.43267609266
parameters: 
p0 -  1.45329126011  +/-  0.914868379746
p1 -  0.0431872748257  +/-  0.860457637044
p2 -  -0.556449594426  +/-  0.813281672189
---continuum point is: yp =  1.45360649527  +/-  0.00869071836576
Saving  ./plots/linear/B3_Lattice_ms_qq .pdf
Channel -  4
---Fitting Results---
chisq -  11.5193167723  +/-  7.24235237387
chisq/dof -  1.64561668175 +/- 1.0346217677
parameters: 
p0 -  0.46040569082  +/-  0.22893469055
p1 -  0.969770449377  +/-  0.240677460952
p2 -  0.322487890022  +/-  0.269980936736
---continuum point is: yp =  0.46748429765  +/-  0.00352634166258
Saving  ./plots/linear/B4_Lattice_ms_qq .pdf
Channel -  5
---Fitting Results---
chisq -  714119.524517  +/-  1627.4404904
chisq/dof -  102017.074931 +/- 232.491498629
parameters: 
p0 -  -2.5852603402  +/-  5.025281777
p1 -  5.65466550531  +/-  4.76200406322
p2 -  8.82974217448  +/-  6.65957651874
---continuum point is: yp =  -2.54398546541  +/-  0.815003904449
Saving  ./plots/linear/B5_Lattice_ms_qq .pdf
do log value is -  1
---Doing Global Fitting---
Scheme -  ms   Basis -  Lattice   Kinematics -  qq   Fit type -  chiral
Channel -  1
---Fitting Results---
chisq -  8.77729594712  +/-  5.99393557275
chisq/dof -  1.25389942102 +/- 0.856276510392
parameters: 
p0 -  0.99533048629  +/-  2.7001447279
p1 -  6.16901799559  +/-  2.68845429046
p2 -  0.0632781875146  +/-  2.64207169879
---continuum point is: yp =  0.98674294655  +/-  0.0142671471597
Saving  ./plots/chiral/R1_Lattice_ms_qq .pdf
Channel -  2
---Fitting Results---
chisq -  0.750969119749  +/-  3.83098111743
chisq/dof -  0.107281302821 +/- 0.547283016775
parameters: 
p0 -  -30.5133995378  +/-  15.7105242576
p1 -  -12.8225698045  +/-  15.8187977839
p2 -  8.71493824994  +/-  15.4046497489
---continuum point is: yp =  -28.9632884423  +/-  0.42621534617
Saving  ./plots/chiral/R2_Lattice_ms_qq .pdf
Channel -  3
---Fitting Results---
chisq -  1.65342500909  +/-  4.37728884583
chisq/dof -  0.236203572727 +/- 0.625326977976
parameters: 
p0 -  70.4866224951  +/-  52.7634773366
p1 -  43.8663700676  +/-  53.6513053031
p2 -  -54.3040503497  +/-  51.3199630961
---continuum point is: yp =  67.0098167636  +/-  0.898473301845
Saving  ./plots/chiral/R3_Lattice_ms_qq .pdf
Channel -  4
---Fitting Results---
chisq -  4.1419743961  +/-  5.37282412829
chisq/dof -  0.591710628014 +/- 0.767546304041
parameters: 
p0 -  -20.3839950559  +/-  34.9681897058
p1 -  -81.7388118961  +/-  35.3341103794
p2 -  2.01225320138  +/-  33.9179442725
---continuum point is: yp =  -19.150541075  +/-  0.295467029641
Saving  ./plots/chiral/R4_Lattice_ms_qq .pdf
Channel -  5
---Fitting Results---
chisq -  35217.4097224  +/-  1317.69320647
chisq/dof -  5031.05853176 +/- 188.241886639
parameters: 
p0 -  3.95556026991  +/-  7.70098647939
p1 -  32.5386590581  +/-  79.3852382989
p2 -  -34.8452029985  +/-  811.279097233
