----------------------setting up as----------------------------
----------------------setting up as----------------------------
----------------------setting up as----------------------------
----------------------setting up as----------------------------
24 MOM SUSY gg
Unrenormalised bag is -  [ 1.531126  1.184277 -1.791854  0.945944  0.489873]
Unrenormalised bare ratios is -  [[-21.395342 -21.323851 -21.438699 ..., -21.42395  -21.301824 -21.405902]
 [ 32.387562  32.279551  32.458398 ...,  32.469014  32.271109  32.418288]
 [-17.220644 -17.180836 -17.23766  ..., -17.379827 -17.277187 -17.271899]
 [ -8.862963  -8.846121  -8.872476 ...,  -8.945566  -8.890274  -8.894053]]
ZA -  0.71273    ZP -  0.6945
data/ZMOM_boot_mu_match_24cubed_gg_block.out
Z matrix is - 
[[ 0.916423  0.        0.        0.        0.      ]
 [ 0.        1.049363  0.277324  0.        0.      ]
 [ 0.        0.03677   0.872494  0.        0.      ]
 [ 0.        0.        0.        0.91754  -0.036247]
 [ 0.        0.        0.       -0.250958  1.042388]]
Renormalised B is- 
[ 0.52618466  0.5372424   0.91143797  0.80033592  0.58911002]
Renormalised R is- 
[  0.99437596 -14.77379945   2.69671858  24.24939478  11.53993007]
-----Interpolating non-physical mass data-----
