----------------------setting up as----------------------------
----------------------setting up as----------------------------
----------------------setting up as----------------------------
----------------------setting up as----------------------------
Reading 2pts...
Done

Reading 3pts...
Done

data/Zms_boot_mu_match_24cubed_gg_block.out
Z matrix is - 
[[ 0.920215  0.        0.        0.        0.      ]
 [ 0.        1.050434  0.281974  0.        0.      ]
 [ 0.        0.056536  0.953475  0.        0.      ]
 [ 0.        0.        0.        0.933499 -0.02688 ]
 [ 0.        0.        0.       -0.330651  1.161232]]
Renormalised B is- 
[ 0.52836192  0.54868567  0.96789863  0.86285501  0.58247319]
Renormalised B is- 
[ 0.52836192  0.54868567  0.96789863  0.86285501  0.58247319]
Renormalised B is- 
[ 0.52836192  0.54868567  0.96789863  0.86285501  0.58247319]
Renormalised B is- 
[ 0.52836192  0.54868567  0.96789863  0.86285501  0.58247319]
Renormalised B is- 
[ 0.52836192  0.54868567  0.96789863  0.86285501  0.58247319]
Renormalised B is- 
[ 0.52836192  0.54868567  0.96789863  0.86285501  0.58247319]
Renormalised B is- 
[ 0.52836192  0.54868567  0.96789863  0.86285501  0.58247319]
Renormalised B is- 
[ 0.52836192  0.54868567  0.96789863  0.86285501  0.58247319]
Renormalised B is- 
[ 0.52836192  0.54868567  0.96789863  0.86285501  0.58247319]
-----Interpolating non-physical mass data-----
Interpolate dR/dms to the near physical point data
-----Interpolating non-physical mass data-----
Interpolate dR/dms to the near physical point data
(5, 3, 1, 501) (5, 3, 1, 501) (501,) (1, 3, 4, 1, 501)
0
[[ 0.00850192]
 [ 0.00851048]
 [ 0.00922499]]
1
[[ 0.16511044]
 [ 0.173525  ]
 [ 0.18176847]] [[-0.14699259]
 [-0.1394006 ]
 [-0.13909533]]
2
[[-0.05820299]
 [-0.06128087]
 [-0.06427084]] [[ 0.05213443]
 [ 0.04932042]
 [ 0.04899199]]
3
[[-0.31133096]
 [-0.31546904]
 [-0.32880382]] [[ 0.27345304]
 [ 0.25344713]
 [ 0.24921609]]
4
[[-0.07038494]
 [-0.07234061]
 [-0.0766743 ]] [[ 0.06168627]
 [ 0.05775042]
 [ 0.0578657 ]]
Interpolated B is -  [[ 0.53201489]
 [ 0.55137979]
 [ 0.97183303]
 [ 0.86639791]
 [ 0.58761936]]
Interpolated B is -  [[ 0.53255018]
 [ 0.57947991]
 [ 1.02322526]
 [ 0.87791369]
 [ 0.6039465 ]]
Reading 2pts...
Done

Reading 3pts...
Done

data/Zms_boot_mu_match_32cubed_gg_block.out
Z matrix is - 
[[ 0.945261  0.        0.        0.        0.      ]
 [ 0.        1.0474    0.278183  0.        0.      ]
 [ 0.        0.043911  0.873855  0.        0.      ]
 [ 0.        0.        0.        0.865954 -0.012447]
 [ 0.        0.        0.       -0.326269  1.210841]]
Renormalised B is- 
[ 0.52982848  0.53692814  0.89597919  0.89044084  0.64421132]
Renormalised B is- 
[ 0.52982848  0.53692814  0.89597919  0.89044084  0.64421132]
Renormalised B is- 
[ 0.52982848  0.53692814  0.89597919  0.89044084  0.64421132]
Renormalised B is- 
[ 0.52982848  0.53692814  0.89597919  0.89044084  0.64421132]
Renormalised B is- 
[ 0.52982848  0.53692814  0.89597919  0.89044084  0.64421132]
Renormalised B is- 
[ 0.52982848  0.53692814  0.89597919  0.89044084  0.64421132]
-----Interpolating non-physical mass data-----
Interpolate dR/dms to the near physical point data
-----Interpolating non-physical mass data-----
Interpolate dR/dms to the near physical point data
(5, 3, 1, 501) (5, 3, 1, 501) (501,) (1, 3, 3, 1, 501)
0
[[ 0.00844567]
 [ 0.00864352]
 [ 0.00868849]]
1
[[ 0.16048404]
 [ 0.16279893]
 [ 0.1644903 ]] [[-0.14651161]
 [-0.1486816 ]
 [-0.14546119]]
2
[[-0.05357185]
 [-0.05420741]
 [-0.05477689]] [[ 0.04894705]
 [ 0.04952829]
 [ 0.04837745]]
3
[[-0.31945538]
 [-0.32150754]
 [-0.32157656]] [[ 0.28983609]
 [ 0.2957376 ]
 [ 0.2845776 ]]
4
[[-0.07694287]
 [-0.07807846]
 [-0.07868004]] [[ 0.07009389]
 [ 0.07171988]
 [ 0.06964952]]
Interpolated B is -  [[ 0.5284949 ]
 [ 0.53593013]
 [ 0.89450545]
 [ 0.88900721]
 [ 0.64236925]]
Interpolated B is -  [[ 0.54087559]
 [ 0.54366062]
 [ 0.9051175 ]
 [ 0.89471815]
 [ 0.65184985]]
Interpolated B is -  [[ 0.54368975]
 [ 0.54930888]
 [ 0.91462641]
 [ 0.89491021]
 [ 0.65687227]]
 Reading Physical point Bag data...
Unrenormalised bag is -  [[ 1.55547701  1.55757778  1.55362159 ...,  1.5598041   1.55646184
   1.55742327]
 [ 1.22580799  1.22666295  1.22750156 ...,  1.22727901  1.22685875
   1.22644856]
 [-1.86547726 -1.86677924 -1.8678765  ..., -1.86694583 -1.86659135
  -1.86617962]
 [ 0.96107359  0.96078683  0.96008066 ...,  0.96052682  0.96087227
   0.96112814]
 [ 0.49515669  0.49498506  0.49461602 ...,  0.49480345  0.49504743
   0.49513115]]
Done

 Reading Physical point Mass data...
Done

Done

data/Zms_boot_mu_match_24cubed_gg_block.out
Z matrix is - 
[[ 0.920215  0.        0.        0.        0.      ]
 [ 0.        1.050434  0.281974  0.        0.      ]
 [ 0.        0.056536  0.953475  0.        0.      ]
 [ 0.        0.        0.        0.933499 -0.02688 ]
 [ 0.        0.        0.       -0.330651  1.161232]]
Renormalised B is- 
[ 0.53743659  0.55753725  0.98831617  0.8988526   0.60087626]
Interpolating physical pt data to true strange physical point
Interpolating physical pt data to true strange physical point
(5, 1, 1, 501) (5, 1, 1, 501) (501,) (1, 1, 2, 1, 501)
0
[[ 0.00857736]]
1
[[ 0.16682356]] [[-0.16014951]]
2
[[-0.05915106]] [[ 0.05677922]]
3
[[-0.32275128]] [[ 0.31005769]]
4
[[-0.07186052]] [[ 0.06906212]]
Interpolated B is -  [[ 0.53673559]
 [ 0.55710072]
 [ 0.98766321]
 [ 0.89817932]
 [ 0.59993841]]
 Reading Physical point Bag data...
Unrenormalised bag is -  [[ 1.50983843  1.4994198   1.49292605 ...,  1.50126416  1.48978841
   1.49653838]
 [ 1.22125555  1.215269    1.20608145 ...,  1.21334216  1.21217694
   1.21093375]
 [-1.86729716 -1.8575678  -1.84388862 ..., -1.85457716 -1.85304505
  -1.851134  ]
 [ 0.88713639  0.882251    0.87701784 ...,  0.88278688  0.87860248
   0.88037091]
 [ 0.44833232  0.44579453  0.44318866 ...,  0.44609351  0.44404573
   0.44488451]]
Done

 Reading Physical point Mass data...
Done

Done

data/Zms_boot_mu_match_32cubed_gg_block.out
Z matrix is - 
[[ 0.945261  0.        0.        0.        0.      ]
 [ 0.        1.0474    0.278183  0.        0.      ]
 [ 0.        0.043911  0.873855  0.        0.      ]
 [ 0.        0.        0.        0.865954 -0.012447]
 [ 0.        0.        0.       -0.326269  1.210841]]
Renormalised B is- 
[ 0.53048226  0.52087219  0.86954452  0.89725728  0.64812633]
Interpolating physical pt data to true strange physical point
Interpolating physical pt data to true strange physical point
(5, 1, 1, 501) (5, 1, 1, 501) (501,) (1, 1, 2, 1, 501)
0
[[ 0.00834545]]
1
[[ 0.15416401]] [[-0.1591291]]
2
[[-0.05152057]] [[ 0.05309417]]
3
[[-0.31927317]] [[ 0.32413352]]
4
[[-0.07633721]] [[ 0.07722558]]
Interpolated B is -  [[ 0.52222369]
 [ 0.51482464]
 [ 0.8602545 ]
 [ 0.88850014]
 [ 0.63731279]]
do log value is -  0
---Doing Global Fitting---
Scheme -  ms   Basis -  SUSY   Kinematics -  gg   Fit type -  linear
Channel -  1
---Fitting Results---
chisq -  29.3946588757  +/-  10.9172540049
chisq/dof -  4.19923698224 +/- 1.55960771499
parameters: 
p0 -  1.00175204156  +/-  0.626812013364
p1 -  1.45321220929  +/-  0.603568071048
p2 -  0.0144152848611  +/-  0.569762829189
---continuum point is: yp =  1.01235941558  +/-  0.0149463959712
Saving  ./plots/linear/R1_SUSY_ms_gg .pdf
Channel -  2
---Fitting Results---
chisq -  1.77224483362  +/-  4.33331467859
chisq/dof -  0.253177833375 +/- 0.619044954085
parameters: 
p0 -  -19.5862797459  +/-  33.6637871932
p1 -  60.3119526396  +/-  33.2097585536
p2 -  2.0753144025  +/-  33.8171248142
---continuum point is: yp =  -19.1460471113  +/-  0.303886262996
Saving  ./plots/linear/R2_SUSY_ms_gg .pdf
Channel -  3
---Fitting Results---
chisq -  1.3175869662  +/-  4.07989881128
chisq/dof -  0.188226709457 +/- 0.582842687326
parameters: 
p0 -  6.08571393511  +/-  11.3998974189
p1 -  -20.1280197958  +/-  11.2717632307
p2 -  1.81143387695  +/-  11.662320428
---continuum point is: yp =  5.93879428161  +/-  0.103947637041
Saving  ./plots/linear/R3_SUSY_ms_gg .pdf
Channel -  4
---Fitting Results---
chisq -  3.72650206458  +/-  5.52035285931
chisq/dof -  0.532357437798 +/- 0.788621837044
parameters: 
p0 -  42.9389473845  +/-  89.1836033872
p1 -  -169.621973457  +/-  88.5435102311
p2 -  -18.2169148488  +/-  90.5731734125
---continuum point is: yp =  41.7008324672  +/-  0.614049595335
Saving  ./plots/linear/R4_SUSY_ms_gg .pdf
Channel -  5
---Fitting Results---
chisq -  4.97410230778  +/-  6.15946308598
chisq/dof -  0.710586043968 +/- 0.879923297997
parameters: 
p0 -  10.9395602259  +/-  19.4512336952
p1 -  -36.5140485242  +/-  19.2986716373
p2 -  -8.18884440288  +/-  19.5581580391
---continuum point is: yp =  10.6730346853  +/-  0.145692792327
Saving  ./plots/linear/R5_SUSY_ms_gg .pdf
do log value is -  0
---Doing Global Fitting---
Scheme -  ms   Basis -  SUSY   Kinematics -  gg   Fit type -  linear
Channel -  1
---Fitting Results---
chisq -  19.3301179754  +/-  9.70001930503
chisq/dof -  2.76144542506 +/- 1.38571704358
parameters: 
p0 -  0.51961003324  +/-  0.205415082117
p1 -  0.340924874712  +/-  0.197739498211
p2 -  0.046082490349  +/-  0.198789699672
---continuum point is: yp =  0.522098532604  +/-  0.00451773482531
Saving  ./plots/linear/B1_SUSY_ms_gg .pdf
Channel -  2
---Fitting Results---
chisq -  7.25181978966  +/-  5.9058821895
chisq/dof -  1.03597425567 +/- 0.843697455643
parameters: 
p0 -  0.473391753223  +/-  0.191348480061
p1 -  0.806978182331  +/-  0.204132148269
p2 -  0.236571959351  +/-  0.224461339564
---continuum point is: yp =  0.479282096939  +/-  0.00342404295759
Saving  ./plots/linear/B2_SUSY_ms_gg .pdf
Channel -  3
---Fitting Results---
chisq -  5.16146433478  +/-  5.24652425778
chisq/dof -  0.737352047826 +/- 0.749503465397
parameters: 
p0 -  0.723286369745  +/-  0.159570083597
p1 -  1.32820789645  +/-  0.205230093008
p2 -  0.767970855731  +/-  0.240729051379
---continuum point is: yp =  0.732981304762  +/-  0.00608134294587
Saving  ./plots/linear/B3_SUSY_ms_gg .pdf
Channel -  4
---Fitting Results---
chisq -  13.2541833791  +/-  8.02469564181
chisq/dof -  1.89345476844 +/- 1.14638509169
parameters: 
p0 -  0.89558095357  +/-  0.521599165317
p1 -  -0.10140579343  +/-  0.468709937029
p2 -  0.0111664302665  +/-  0.422754366854
---continuum point is: yp =  0.894840766299  +/-  0.00571441937361
Saving  ./plots/linear/B4_SUSY_ms_gg .pdf
Channel -  5
---Fitting Results---
chisq -  32.2219057294  +/-  12.0748725382
chisq/dof -  4.60312938991 +/- 1.72498179117
parameters: 
p0 -  0.695628993756  +/-  0.419698935855
p1 -  0.213116192856  +/-  0.407037339474
p2 -  -0.287674015968  +/-  0.391107852181
---continuum point is: yp =  0.697184584297  +/-  0.00411111563921
Saving  ./plots/linear/B5_SUSY_ms_gg .pdf
do log value is -  1
---Doing Global Fitting---
Scheme -  ms   Basis -  SUSY   Kinematics -  gg   Fit type -  chiral
Channel -  1
---Fitting Results---
chisq -  18.4127100467  +/-  8.60145268907
chisq/dof -  2.63038714953 +/- 1.22877895558
parameters: 
p0 -  1.03277714776  +/-  2.57619103861
p1 -  5.87184171843  +/-  2.56550312344
p2 -  -0.012933788252  +/-  2.51989841817
---continuum point is: yp =  1.02000325133  +/-  0.0146763087277
Saving  ./plots/chiral/R1_SUSY_ms_gg .pdf
Channel -  2
---Fitting Results---
chisq -  5.05658772368  +/-  5.87722398393
chisq/dof -  0.722369674811 +/- 0.839603426276
parameters: 
p0 -  -20.6037388433  +/-  37.046590429
p1 -  -85.7549047903  +/-  37.4392685664
p2 -  2.9152691372  +/-  36.0467560565
---continuum point is: yp =  -19.3798706452  +/-  0.295498643038
Saving  ./plots/chiral/R2_SUSY_ms_gg .pdf
Channel -  3
---Fitting Results---
chisq -  5.65459558803  +/-  6.14407879567
chisq/dof -  0.807799369719 +/- 0.877725542238
parameters: 
p0 -  6.40140688908  +/-  10.1241162533
p1 -  25.2405727125  +/-  10.1771769694
p2 -  1.55220747174  +/-  9.64418900536
---continuum point is: yp =  6.01092239287  +/-  0.101490145518
Saving  ./plots/chiral/R3_SUSY_ms_gg .pdf
Channel -  4
---Fitting Results---
chisq -  2.9171059699  +/-  5.07043009572
chisq/dof -  0.416729424271 +/- 0.724347156531
parameters: 
p0 -  44.2299675817  +/-  25.5977431273
p1 -  18.6393071692  +/-  25.833225874
p2 -  -19.2076418923  +/-  24.8701411662
---continuum point is: yp =  41.9834255302  +/-  0.601581200642
Saving  ./plots/chiral/R4_SUSY_ms_gg .pdf
Channel -  5
---Fitting Results---
chisq -  2.17611248492  +/-  4.62471773083
chisq/dof -  0.310873212131 +/- 0.660673961548
parameters: 
p0 -  11.2694288156  +/-  9.20249826267
p1 -  11.4858197288  +/-  9.39095669832
p2 -  -8.44633829245  +/-  8.91041290434
---continuum point is: yp =  10.7462013098  +/-  0.142731300687
Saving  ./plots/chiral/R5_SUSY_ms_gg .pdf
do log value is -  1
---Doing Global Fitting---
Scheme -  ms   Basis -  SUSY   Kinematics -  gg   Fit type -  chiral
Channel -  1
---Fitting Results---
chisq -  23.5668626067  +/-  10.5919696432
chisq/dof -  3.3666946581 +/- 1.51313852045
parameters: 
p0 -  0.514064701386  +/-  0.413380803343
p1 -  -0.375952721874  +/-  0.37587868562
p2 -  0.0517361669085  +/-  0.349484394306
---continuum point is: yp =  0.520551129746  +/-  0.00449513624274
Saving  ./plots/chiral/B1_SUSY_ms_gg .pdf
Channel -  2
---Fitting Results---
chisq -  7.01720086212  +/-  5.84623649346
chisq/dof -  1.00245726602 +/- 0.835176641923
parameters: 
p0 -  0.478999629781  +/-  0.490799723434
p1 -  1.47268378602  +/-  0.50547111657
p2 -  0.230017911765  +/-  0.528461727065
---continuum point is: yp =  0.481148159284  +/-  0.00344730812106
Saving  ./plots/chiral/B2_SUSY_ms_gg .pdf
Channel -  3
---Fitting Results---
chisq -  5.51984333379  +/-  5.41376310416
chisq/dof -  0.788549047684 +/- 0.773394729166
parameters: 
p0 -  0.731189860367  +/-  0.653503304338
p1 -  2.35143668892  +/-  0.69384773839
p2 -  0.759797491365  +/-  0.723924775202
---continuum point is: yp =  0.735224279067  +/-  0.00611107400219
Saving  ./plots/chiral/B3_SUSY_ms_gg .pdf
Channel -  4
---Fitting Results---
chisq -  19.0554852594  +/-  9.48548456724
chisq/dof -  2.72221217992 +/- 1.35506922389
parameters: 
p0 -  0.885184717557  +/-  1.01482758215
p1 -  -1.32706088099  +/-  0.943382212387
p2 -  0.0232976033363  +/-  0.884766546007
---continuum point is: yp =  0.891392633832  +/-  0.00569918539693
Saving  ./plots/chiral/B4_SUSY_ms_gg .pdf
Channel -  5
---Fitting Results---
chisq -  44.2525735241  +/-  14.0309983622
chisq/dof -  6.32179621773 +/- 2.00442833746
parameters: 
p0 -  0.687662358227  +/-  0.663085306223
p1 -  -0.741274720962  +/-  0.617323280477
p2 -  -0.278533012771  +/-  0.562039116375
---continuum point is: yp =  0.694599345821  +/-  0.0041113486279
Saving  ./plots/chiral/B5_SUSY_ms_gg .pdf
