----------------------setting up as----------------------------
----------------------setting up as----------------------------
----------------------setting up as----------------------------
----------------------setting up as----------------------------
24 MOM SUSY qq
Unrenormalised bag is -  [ 1.531126  1.184277 -1.791854  0.945944  0.489873]
Unrenormalised bare ratios is -  [[-21.395342 -21.323851 -21.438699 ..., -21.42395  -21.301824 -21.405902]
 [ 32.387562  32.279551  32.458398 ...,  32.469014  32.271109  32.418288]
 [-17.220644 -17.180836 -17.23766  ..., -17.379827 -17.277187 -17.271899]
 [ -8.862963  -8.846121  -8.872476 ...,  -8.945566  -8.890274  -8.894053]]
data/ZMOM_boot_mu_match_24cubed_qq_block.out
Z matrix is - 
[[ 0.956451  0.        0.        0.        0.      ]
 [ 0.        1.049965  0.282206  0.        0.      ]
 [ 0.        0.061294  0.98888   0.        0.      ]
 [ 0.        0.        0.        1.027146 -0.040576]
 [ 0.        0.        0.       -0.281005  1.16703 ]]
Renormalised B is- 
[ 0.54916762  0.60034735  1.01850428  0.89326572  0.58172423]
Renormalised R is- 
[  0.99437596 -15.84584034   2.89162839  27.04853923  10.65040118]
-----Interpolating non-physical mass data-----
Interpolate dR/dms to the near physical point data
24  - dy/dms =  [[ 1.63577087]
 [ 1.78814768]
 [ 1.53481196]]
Interpolated dy/dms =  [ 1.82152486]
-----Interpolating non-physical mass data-----
Interpolate dR/dms to the near physical point data
24  - dy/dms =  [[ 17.09057659]
 [ 15.81708077]
 [ 13.5778284 ]]
Interpolated dy/dms =  [ 18.01326238]
(5, 3, 1, 501) (5, 3, 1, 501) (501,) (1, 3, 4, 1, 501)
0
[[ 0.00883671]
 [ 0.0088456 ]
 [ 0.00958825]]
1
[[ 0.18065553]
 [ 0.18986446]
 [ 0.19888565]] [[-0.14104528]
 [-0.1337075 ]
 [-0.13331845]]
2
[[-0.06124787]
 [-0.06448269]
 [-0.06762602]] [[ 0.02574026]
 [ 0.02426148]
 [ 0.0239371 ]]
3
[[-0.32230191]
 [-0.32658056]
 [-0.34037845]] [[ 0.23943385]
 [ 0.22166715]
 [ 0.21749977]]
4
[[-0.07029472]
 [-0.07224874]
 [-0.07657799]] [[ 0.09457776]
 [ 0.08824259]
 [ 0.08786201]]
Interpolated B is -  [[ 0.55296444]
 [ 0.60329202]
 [ 1.02267419]
 [ 0.89692876]
 [ 0.58686612]]
Interpolated B is -  [[ 0.55352081]
 [ 0.63404488]
 [ 1.07668702]
 [ 0.90883575]
 [ 0.60317951]]
32 MOM SUSY qq
Unrenormalised bag is -  [ 1.494694  1.202869 -1.837128  0.907511  0.458776]
Unrenormalised bare ratios is -  [[-25.125635 -25.043168 -25.038251 ..., -25.028875 -24.923587 -25.114861]
 [ 38.287211  38.137487  38.10305  ...,  38.172154  37.97357   38.267258]
 [-19.01485  -18.905824 -18.819727 ..., -18.964935 -18.867802 -18.94673 ]
 [ -9.598064  -9.555677  -9.515797 ...,  -9.573961  -9.53175   -9.579905]]
data/ZMOM_boot_mu_match_32cubed_qq_block.out
Z matrix is - 
[[ 0.97868   0.        0.        0.        0.      ]
 [ 0.        1.047955  0.278064  0.        0.      ]
 [ 0.        0.047297  0.900244  0.        0.      ]
 [ 0.        0.        0.        0.945122 -0.025057]
 [ 0.        0.        0.       -0.278169  1.208091]]
Renormalised B is- 
[ 0.54856017  0.58251078  0.93689605  0.91609418  0.64510371]
Renormalised R is- 
[  1.02231611 -15.92173536   2.16411724  28.69096362  12.80105357]
-----Interpolating non-physical mass data-----
Interpolate dR/dms to the near physical point data
32  - dy/dms =  [[ 2.60514829]
 [ 2.70622147]
 [ 2.53725237]]
Interpolated dy/dms =  [ 2.83130821]
-----Interpolating non-physical mass data-----
Interpolate dR/dms to the near physical point data
32  - dy/dms =  [[ 24.36942361]
 [ 23.51415934]
 [ 22.14250538]]
Interpolated dy/dms =  [ 26.47174774]
(5, 3, 1, 501) (5, 3, 1, 501) (501,) (1, 3, 3, 1, 501)
0
[[ 0.00874426]
 [ 0.00894911]
 [ 0.00899567]]
1
[[ 0.17410859]
 [ 0.1766174 ]
 [ 0.17845245]] [[-0.13713209]
 [-0.1391001 ]
 [-0.13605298]]
2
[[-0.0560179 ]
 [-0.05668764]
 [-0.05728294]] [[ 0.01870813]
 [ 0.01880979]
 [ 0.01830707]]
3
[[-0.32865918]
 [-0.33076791]
 [-0.33083659]] [[ 0.24621738]
 [ 0.25114118]
 [ 0.24137747]]
4
[[-0.07704952]
 [-0.07818627]
 [-0.07878831]] [[ 0.10975076]
 [ 0.11218655]
 [ 0.10859662]]
Interpolated B is -  [[ 0.54717944]
 [ 0.58142877]
 [ 0.93534779]
 [ 0.91462033]
 [ 0.64325961]]
Interpolated B is -  [[ 0.55999784]
 [ 0.58980684]
 [ 0.94653062]
 [ 0.92048868]
 [ 0.65274992]]
Interpolated B is -  [[ 0.5629115 ]
 [ 0.59593492]
 [ 0.95647063]
 [ 0.92067978]
 [ 0.65777617]]
48 MOM SUSY qq
Unrenormalised bag is -  [[ 1.55547701  1.55757778  1.55362159 ...,  1.5598041   1.55646184
   1.55742327]
 [ 1.22580799  1.22666295  1.22750156 ...,  1.22727901  1.22685875
   1.22644856]
 [-1.86547726 -1.86677924 -1.8678765  ..., -1.86694583 -1.86659135
  -1.86617962]
 [ 0.96107359  0.96078683  0.96008066 ...,  0.96052682  0.96087227
   0.96112814]
 [ 0.49515669  0.49498506  0.49461602 ...,  0.49480345  0.49504743
   0.49513115]]
Unrenormalised bare ratios is -  [[-23.320056   -23.26213436 -23.333959   ..., -23.25488322 -23.3141627
  -23.28736511]
 [ 35.49050983  35.40023346  35.50647587 ...,  35.37570546  35.4685722
   35.43416867]
 [-18.27854849 -18.21654545 -18.24633115 ..., -18.19446715 -18.25215609
  -18.24681984]
 [ -9.41735237  -9.38455152  -9.39975583 ...,  -9.37283193  -9.40358238
   -9.39991398]]
data/ZMOM_boot_mu_match_24cubed_qq_block.out
Z matrix is - 
[[ 0.956451  0.        0.        0.        0.      ]
 [ 0.        1.049965  0.282206  0.        0.      ]
 [ 0.        0.061294  0.98888   0.        0.      ]
 [ 0.        0.        0.        1.027146 -0.040576]
 [ 0.        0.        0.       -0.281005  1.16703 ]]
Renormalised B is- 
[ 0.55859964  0.6100507   1.03981437  0.93054213  0.60009864]
Renormalised R is- 
[  1.01619427 -17.10643277   3.11892881  30.24653652  11.83532082]
Interpolating physical pt data to true strange physical point
uninterpolated value is  [[[ 0.55859964]]]
interpolated physical value is [[ 0.55787103]]
Interpolating physical pt data to true strange physical point
uninterpolated value is  [[[ 1.01619427]]]
interpolated physical value is [[ 1.00898897]]
(5, 1, 1, 501) (5, 1, 1, 501) (501,) (1, 1, 2, 1, 501)
0
[[ 0.00891512]]
1
[[ 0.18253652]] [[-0.15366044]]
2
[[-0.06223298]] [[ 0.02801759]]
3
[[-0.33413035]] [[ 0.27186603]]
4
[[-0.07176747]] [[ 0.10634569]]
Interpolated B is -  [[ 0.55787103]
 [ 0.60957352]
 [ 1.03912296]
 [ 0.92984596]
 [ 0.59916158]]
64 MOM SUSY qq
Unrenormalised bag is -  [[ 1.50328786  1.50021978  1.49073349 ...,  1.49891112  1.49406376
   1.49402816]
 [ 1.21768767  1.21438758  1.20813651 ...,  1.21401807  1.21248286
   1.21129582]
 [-1.86216181 -1.85639799 -1.84712784 ..., -1.85573146 -1.85395225
  -1.8518476 ]
 [ 0.88388738  0.88146122  0.87764092 ...,  0.88278268  0.87955024
   0.88028528]
 [ 0.44681842  0.44543438  0.44362705 ...,  0.44620933  0.44448511
   0.44490857]]
Unrenormalised bare ratios is -  [[-27.0266202  -26.96227548 -27.00766991 ..., -26.98906211 -27.00836066
  -27.01458487]
 [ 41.32925752  41.21400015  41.29248885 ...,  41.25236288  41.29502243
   41.299702  ]
 [-19.62073739 -19.56596908 -19.61910041 ..., -19.62761957 -19.59831638
  -19.6339144 ]
 [ -9.91863653  -9.88849381  -9.91683959 ...,  -9.92066689  -9.90416295
   -9.92335964]]
data/ZMOM_boot_mu_match_32cubed_qq_block.out
Z matrix is - 
[[ 0.97868   0.        0.        0.        0.      ]
 [ 0.        1.047955  0.278064  0.        0.      ]
 [ 0.        0.047297  0.900244  0.        0.      ]
 [ 0.        0.        0.        0.945122 -0.025057]
 [ 0.        0.        0.       -0.278169  1.208091]]
Renormalised B is- 
[ 0.5483158   0.565037    0.90900937  0.92346705  0.64918056]
Renormalised R is- 
[  1.06323312 -17.16077615   2.33559671  32.23119628  14.31690375]
Interpolating physical pt data to true strange physical point
uninterpolated value is  [[[ 0.5483158]]]
interpolated physical value is [[ 0.53976525]]
Interpolating physical pt data to true strange physical point
uninterpolated value is  [[[ 1.06323312]]]
interpolated physical value is [[ 0.98328844]]
(5, 1, 1, 501) (5, 1, 1, 501) (501,) (1, 1, 2, 1, 501)
0
[[ 0.00862578]]
1
[[ 0.16723631]] [[-0.15163346]]
2
[[-0.05385689]] [[ 0.02072112]]
3
[[-0.32860288]] [[ 0.28564108]]
4
[[-0.07646204]] [[ 0.12612052]]
Interpolated B is -  [[ 0.53976525]
 [ 0.55847907]
 [ 0.89926489]
 [ 0.91446364]
 [ 0.63835491]]
do log value is -  0
---Doing Global Fitting---
Scheme -  MOM   Basis -  SUSY   Kinematics -  qq   Fit type -  linear
Channel -  1
---Fitting Results---
chisq -  17.2187095862  +/-  8.337031273
chisq/dof -  2.45981565517 +/- 1.19100446757
parameters: 
p0 -  0.965658816264  +/-  0.780623203081
p1 -  1.90876443541  +/-  0.74945991627
p2 -  0.0889937952633  +/-  0.71091358539
---continuum point is: yp =  0.97959138451  +/-  0.0145117329435
Saving  ./plots/linear/R1_SUSY_MOM_qq .pdf
Channel -  2
---Fitting Results---
chisq -  5.10944636986  +/-  5.69862016165
chisq/dof -  0.72992090998 +/- 0.814088594521
parameters: 
p0 -  -17.631767119  +/-  32.3503693059
p1 -  58.3654941288  +/-  31.8010988415
p2 -  0.325945480657  +/-  32.690049593
---continuum point is: yp =  -17.2057421915  +/-  0.280821437177
Saving  ./plots/linear/R2_SUSY_MOM_qq .pdf
Channel -  3
---Fitting Results---
chisq -  4.22570750714  +/-  5.41284562694
chisq/dof -  0.60367250102 +/- 0.773263660992
parameters: 
p0 -  1.49724763487  +/-  5.44444239112
p1 -  -8.08654040402  +/-  5.43358133229
p2 -  5.0426141234  +/-  5.8453210606
---continuum point is: yp =  1.43822187246  +/-  0.0467547604365
Saving  ./plots/linear/R3_SUSY_MOM_qq .pdf
Channel -  4
---Fitting Results---
chisq -  8.51619310601  +/-  7.1483699657
chisq/dof -  1.21659901514 +/- 1.02119570939
parameters: 
p0 -  35.2278738039  +/-  78.5785310036
p1 -  -150.13614284  +/-  77.7985569781
p2 -  -11.8370427281  +/-  80.041045172
---continuum point is: yp =  34.1319910341  +/-  0.519164696279
Saving  ./plots/linear/R4_SUSY_MOM_qq .pdf
Channel -  5
---Fitting Results---
chisq -  11.8009085185  +/-  8.27107207585
chisq/dof -  1.68584407407 +/- 1.18158172512
parameters: 
p0 -  17.2213783329  +/-  31.8237010451
p1 -  -60.3014225083  +/-  31.4950649336
p2 -  -14.9204674422  +/-  31.8642430779
---continuum point is: yp =  16.7812225604  +/-  0.227938995535
Saving  ./plots/linear/R5_SUSY_MOM_qq .pdf
do log value is -  0
---Doing Global Fitting---
Scheme -  MOM   Basis -  SUSY   Kinematics -  qq   Fit type -  linear
Channel -  1
---Fitting Results---
chisq -  21.6755678929  +/-  10.3070223879
chisq/dof -  3.09650969899 +/- 1.47243176971
parameters: 
p0 -  0.517178175276  +/-  0.198272905294
p1 -  0.60584682288  +/-  0.211404441738
p2 -  0.109124034157  +/-  0.234441106214
---continuum point is: yp =  0.521600408869  +/-  0.00364028386819
Saving  ./plots/linear/B1_SUSY_MOM_qq .pdf
Channel -  2
---Fitting Results---
chisq -  12.8959146059  +/-  7.68776711618
chisq/dof -  1.84227351513 +/- 1.09825244517
parameters: 
p0 -  0.494473545185  +/-  0.281920768522
p1 -  1.06575128945  +/-  0.286987909236
p2 -  0.324256435882  +/-  0.306512639846
---continuum point is: yp =  0.502252741139  +/-  0.00312137730393
Saving  ./plots/linear/B2_SUSY_MOM_qq .pdf
Channel -  3
---Fitting Results---
chisq -  9.66468041767  +/-  6.87485659302
chisq/dof -  1.3806686311 +/- 0.982122370431
parameters: 
p0 -  0.728346626324  +/-  0.338052717677
p1 -  1.68437309623  +/-  0.359531626873
p2 -  0.898060961233  +/-  0.379834922306
---continuum point is: yp =  0.740641303803  +/-  0.00556152039356
Saving  ./plots/linear/B3_SUSY_MOM_qq .pdf
Channel -  4
---Fitting Results---
chisq -  13.8689400789  +/-  8.04916340672
chisq/dof -  1.98127715413 +/- 1.14988048667
parameters: 
p0 -  0.899220155069  +/-  0.431044881829
p1 -  0.116492619421  +/-  0.391891028928
p2 -  0.0888020804458  +/-  0.363768305072
---continuum point is: yp =  0.900070465007  +/-  0.00503893855848
Saving  ./plots/linear/B4_SUSY_MOM_qq .pdf
Channel -  5
---Fitting Results---
chisq -  26.480297238  +/-  10.9830492938
chisq/dof -  3.78289960543 +/- 1.56900704198
parameters: 
p0 -  0.681004371348  +/-  0.396910386489
p1 -  0.459388000572  +/-  0.397887284878
p2 -  -0.253766236636  +/-  0.397266047154
---continuum point is: yp =  0.68435756389  +/-  0.00347288318269
Saving  ./plots/linear/B5_SUSY_MOM_qq .pdf
do log value is -  1
---Doing Global Fitting---
Scheme -  MOM   Basis -  SUSY   Kinematics -  qq   Fit type -  chiral
Channel -  1
---Fitting Results---
chisq -  8.77729594713  +/-  5.99393557275
chisq/dof -  1.25389942102 +/- 0.856276510392
parameters: 
p0 -  0.995330468246  +/-  2.70014472741
p1 -  6.16901803218  +/-  2.68845426851
p2 -  0.0632782393137  +/-  2.64207169978
---continuum point is: yp =  0.986742929745  +/-  0.0142671483566
Saving  ./plots/chiral/R1_SUSY_MOM_qq .pdf
Channel -  2
---Fitting Results---
chisq -  6.30943126365  +/-  6.13021799064
chisq/dof -  0.901347323378 +/- 0.875745427234
parameters: 
p0 -  -18.5558131681  +/-  31.0069426666
p1 -  -73.1014326163  +/-  31.3201857958
p2 -  1.10266819178  +/-  30.0033881306
---continuum point is: yp =  -17.4234479331  +/-  0.27261283087
Saving  ./plots/chiral/R2_SUSY_MOM_qq .pdf
Channel -  3
---Fitting Results---
chisq -  6.90877299194  +/-  6.51549835041
chisq/dof -  0.986967570277 +/- 0.93078547863
parameters: 
p0 -  1.5757102752  +/-  1.4173602725
p1 -  3.05747589733  +/-  1.48031181217
p2 -  4.97758938919  +/-  1.49897595565
---continuum point is: yp =  1.45655940971  +/-  0.0465155796511
Saving  ./plots/chiral/R3_SUSY_MOM_qq .pdf
Channel -  4
---Fitting Results---
chisq -  6.09690607954  +/-  6.29217486085
chisq/dof -  0.870986582791 +/- 0.898882122979
parameters: 
p0 -  36.2971559309  +/-  20.0701263724
p1 -  4.24638924933  +/-  19.9673759394
p2 -  -12.6745366203  +/-  20.0525797268
---continuum point is: yp =  34.3728836707  +/-  0.508031819785
Saving  ./plots/chiral/R4_SUSY_MOM_qq .pdf
Channel -  5
---Fitting Results---
chisq -  6.7314912981  +/-  6.49005166779
chisq/dof -  0.961641614015 +/- 0.927150238256
parameters: 
p0 -  17.7443480494  +/-  14.8126510153
p1 -  15.252137505  +/-  15.0970391933
p2 -  -15.335546765  +/-  14.4251200947
---continuum point is: yp =  16.8998186864  +/-  0.223124572076
Saving  ./plots/chiral/R5_SUSY_MOM_qq .pdf
do log value is -  1
---Doing Global Fitting---
Scheme -  MOM   Basis -  SUSY   Kinematics -  qq   Fit type -  chiral
Channel -  1
---Fitting Results---
chisq -  23.7575948225  +/-  10.7223432089
chisq/dof -  3.3939421175 +/- 1.53176331555
parameters: 
p0 -  0.512256982324  +/-  0.318533290133
p1 -  -0.116431115715  +/-  0.275758608651
p2 -  0.113105734379  +/-  0.23729875187
---continuum point is: yp =  0.520605266798  +/-  0.0036341547436
Saving  ./plots/chiral/B1_SUSY_MOM_qq .pdf
Channel -  2
---Fitting Results---
chisq -  16.0081087721  +/-  8.68799256951
chisq/dof -  2.28687268173 +/- 1.24114179564
parameters: 
p0 -  0.499659208005  +/-  0.612756123758
p1 -  1.76923741319  +/-  0.617145231443
p2 -  0.319235586891  +/-  0.636055833796
---continuum point is: yp =  0.503601393821  +/-  0.00312082090626
Saving  ./plots/chiral/B2_SUSY_MOM_qq .pdf
Channel -  3
---Fitting Results---
chisq -  12.1099753909  +/-  7.71287339449
chisq/dof -  1.72999648441 +/- 1.10183905636
parameters: 
p0 -  0.735601679901  +/-  0.832034906021
p1 -  2.72322642101  +/-  0.850184116241
p2 -  0.891743969013  +/-  0.866594928286
---continuum point is: yp =  0.742270669449  +/-  0.00555782120558
Saving  ./plots/chiral/B3_SUSY_MOM_qq .pdf
Channel -  4
---Fitting Results---
chisq -  16.9920557007  +/-  8.93149306471
chisq/dof -  2.42743652866 +/- 1.27592758067
parameters: 
p0 -  0.889689971476  +/-  0.916754062586
p1 -  -1.12765874828  +/-  0.857935777939
p2 -  0.0984794881609  +/-  0.81874068821
---continuum point is: yp =  0.897434272657  +/-  0.0050330376131
Saving  ./plots/chiral/B4_SUSY_MOM_qq .pdf
Channel -  5
---Fitting Results---
chisq -  34.1975948886  +/-  12.4315640632
chisq/dof -  4.88537069837 +/- 1.77593772332
parameters: 
p0 -  0.673894597316  +/-  0.561595592383
p1 -  -0.485202856437  +/-  0.519026160937
p2 -  -0.246718198486  +/-  0.480263914098
---continuum point is: yp =  0.682453504571  +/-  0.0034854118651
Saving  ./plots/chiral/B5_SUSY_MOM_qq .pdf
----------------------setting up as----------------------------
----------------------setting up as----------------------------
----------------------setting up as----------------------------
----------------------setting up as----------------------------
24 MOM Lattice qq
Unrenormalised bag is -  [ 1.531126  1.184277 -1.791854  0.945944  0.489873]
Unrenormalised bare ratios is -  [[-21.395342 -21.323851 -21.438699 ..., -21.42395  -21.301824 -21.405902]
 [ 32.387562  32.279551  32.458398 ...,  32.469014  32.271109  32.418288]
 [-17.220644 -17.180836 -17.23766  ..., -17.379827 -17.277187 -17.271899]
 [ -8.862963  -8.846121  -8.872476 ...,  -8.945566  -8.890274  -8.894053]]
data/ZMOM_boot_mu_match_24cubed_qq_block.out
Z matrix is - 
[[ 0.956451  0.        0.        0.        0.      ]
 [ 0.        1.049965  0.282206  0.        0.      ]
 [ 0.        0.061294  0.98888   0.        0.      ]
 [ 0.        0.        0.        1.027146 -0.040576]
 [ 0.        0.        0.       -0.281005  1.16703 ]]
Renormalised B is- 
[ 0.54916762  0.58172423  0.89326572  0.60034735  0.32157606]
Renormalised R is- 
[  0.99437596 -21.30080236  27.04853923 -15.84584034 -10.06258356]
-----Interpolating non-physical mass data-----
Interpolate dR/dms to the near physical point data
24  - dy/dms =  [[ 1.63577087]
 [ 1.78814768]
 [ 1.53481196]]
Interpolated dy/dms =  [ 1.82152486]
-----Interpolating non-physical mass data-----
Interpolate dR/dms to the near physical point data
24  - dy/dms =  [[ 17.09057659]
 [ 15.81708077]
 [ 13.5778284 ]]
Interpolated dy/dms =  [ 18.01326238]
(5, 3, 1, 501) (5, 3, 1, 501) (501,) (1, 3, 4, 1, 501)
0
[[ 0.00883671]
 [ 0.0088456 ]
 [ 0.00958825]]
1
[[ 0.14058944]
 [ 0.14449747]
 [ 0.15315598]] [[-0.18915551]
 [-0.17648518]
 [-0.17572403]]
2
[[-0.32230191]
 [-0.32658056]
 [-0.34037845]] [[ 0.23943385]
 [ 0.22166715]
 [ 0.21749977]]
3
[[ 0.18065553]
 [ 0.18986446]
 [ 0.19888565]] [[-0.14104528]
 [-0.1337075 ]
 [-0.13331845]]
4
[[ 0.05815976]
 [ 0.06089908]
 [ 0.06363361]] [[-0.08956479]
 [-0.08518449]
 [-0.08544422]]
Interpolated B is -  [[ 0.55296444]
 [ 0.58686612]
 [ 0.89692876]
 [ 0.60329202]
 [ 0.32370369]]
Interpolated B is -  [[ 0.55352081]
 [ 0.60317951]
 [ 0.90883575]
 [ 0.63404488]
 [ 0.33895012]]
32 MOM Lattice qq
Unrenormalised bag is -  [ 1.494694  1.202869 -1.837128  0.907511  0.458776]
Unrenormalised bare ratios is -  [[-25.125635 -25.043168 -25.038251 ..., -25.028875 -24.923587 -25.114861]
 [ 38.287211  38.137487  38.10305  ...,  38.172154  37.97357   38.267258]
 [-19.01485  -18.905824 -18.819727 ..., -18.964935 -18.867802 -18.94673 ]
 [ -9.598064  -9.555677  -9.515797 ...,  -9.573961  -9.53175   -9.579905]]
data/ZMOM_boot_mu_match_32cubed_qq_block.out
Z matrix is - 
[[ 0.97868   0.        0.        0.        0.      ]
 [ 0.        1.047955  0.278064  0.        0.      ]
 [ 0.        0.047297  0.900244  0.        0.      ]
 [ 0.        0.        0.        0.945122 -0.025057]
 [ 0.        0.        0.       -0.278169  1.208091]]
Renormalised B is- 
[ 0.54856017  0.64510371  0.91609418  0.58251078  0.34625393]
Renormalised R is- 
[  1.02231611 -25.60210714  28.69096362 -15.92173536 -11.59350087]
-----Interpolating non-physical mass data-----
Interpolate dR/dms to the near physical point data
32  - dy/dms =  [[ 2.60514829]
 [ 2.70622147]
 [ 2.53725237]]
Interpolated dy/dms =  [ 2.83130821]
-----Interpolating non-physical mass data-----
Interpolate dR/dms to the near physical point data
32  - dy/dms =  [[ 24.36942361]
 [ 23.51415934]
 [ 22.14250538]]
Interpolated dy/dms =  [ 26.47174774]
(5, 3, 1, 501) (5, 3, 1, 501) (501,) (1, 3, 3, 1, 501)
0
[[ 0.00874426]
 [ 0.00894911]
 [ 0.00899567]]
1
[[ 0.15409904]
 [ 0.15637254]
 [ 0.15757663]] [[-0.21950151]
 [-0.2243731 ]
 [-0.21719325]]
2
[[-0.32865918]
 [-0.33076791]
 [-0.33083659]] [[ 0.24621738]
 [ 0.25114118]
 [ 0.24137747]]
3
[[ 0.17410859]
 [ 0.1766174 ]
 [ 0.17845245]] [[-0.13713209]
 [-0.1391001 ]
 [-0.13605298]]
4
[[ 0.0620728 ]
 [ 0.06324213]
 [ 0.06388657]] [[-0.09971583]
 [-0.10148053]
 [-0.09943883]]
Interpolated B is -  [[ 0.54717944]
 [ 0.64325961]
 [ 0.91462033]
 [ 0.58142877]
 [ 0.34548276]]
Interpolated B is -  [[ 0.55999784]
 [ 0.65274992]
 [ 0.92048868]
 [ 0.58980684]
 [ 0.35199098]]
Interpolated B is -  [[ 0.5629115 ]
 [ 0.65777617]
 [ 0.92067978]
 [ 0.59593492]
 [ 0.35557779]]
48 MOM Lattice qq
Unrenormalised bag is -  [[ 1.55547701  1.55757778  1.55362159 ...,  1.5598041   1.55646184
   1.55742327]
 [ 1.22580799  1.22666295  1.22750156 ...,  1.22727901  1.22685875
   1.22644856]
 [-1.86547726 -1.86677924 -1.8678765  ..., -1.86694583 -1.86659135
  -1.86617962]
 [ 0.96107359  0.96078683  0.96008066 ...,  0.96052682  0.96087227
   0.96112814]
 [ 0.49515669  0.49498506  0.49461602 ...,  0.49480345  0.49504743
   0.49513115]]
Unrenormalised bare ratios is -  [[-23.320056   -23.26213436 -23.333959   ..., -23.25488322 -23.3141627
  -23.28736511]
 [ 35.49050983  35.40023346  35.50647587 ...,  35.37570546  35.4685722
   35.43416867]
 [-18.27854849 -18.21654545 -18.24633115 ..., -18.19446715 -18.25215609
  -18.24681984]
 [ -9.41735237  -9.38455152  -9.39975583 ...,  -9.37283193  -9.40358238
   -9.39991398]]
data/ZMOM_boot_mu_match_24cubed_qq_block.out
Z matrix is - 
[[ 0.956451  0.        0.        0.        0.      ]
 [ 0.        1.049965  0.282206  0.        0.      ]
 [ 0.        0.061294  0.98888   0.        0.      ]
 [ 0.        0.        0.        1.027146 -0.040576]
 [ 0.        0.        0.       -0.281005  1.16703 ]]
Renormalised B is- 
[ 0.55859964  0.60009864  0.93054213  0.6100507   0.3235416 ]
Renormalised R is- 
[  1.01619427 -23.67064164  30.24653652 -17.10643277 -10.86857515]
Interpolating physical pt data to true strange physical point
uninterpolated value is  [[[ 0.55859964]]]
interpolated physical value is [[ 0.55787103]]
Interpolating physical pt data to true strange physical point
uninterpolated value is  [[[ 1.01619427]]]
interpolated physical value is [[ 1.00898897]]
(5, 1, 1, 501) (5, 1, 1, 501) (501,) (1, 1, 2, 1, 501)
0
[[ 0.00891512]]
1
[[ 0.14353494]] [[-0.21269137]]
2
[[-0.33413035]] [[ 0.27186603]]
3
[[ 0.18253652]] [[-0.15366044]]
4
[[ 0.05807098]] [[-0.09762526]]
Interpolated B is -  [[ 0.55787103]
 [ 0.59916158]
 [ 0.92984596]
 [ 0.60957352]
 [ 0.32320959]]
64 MOM Lattice qq
Unrenormalised bag is -  [[ 1.50328786  1.50021978  1.49073349 ...,  1.49891112  1.49406376
   1.49402816]
 [ 1.21768767  1.21438758  1.20813651 ...,  1.21401807  1.21248286
   1.21129582]
 [-1.86216181 -1.85639799 -1.84712784 ..., -1.85573146 -1.85395225
  -1.8518476 ]
 [ 0.88388738  0.88146122  0.87764092 ...,  0.88278268  0.87955024
   0.88028528]
 [ 0.44681842  0.44543438  0.44362705 ...,  0.44620933  0.44448511
   0.44490857]]
Unrenormalised bare ratios is -  [[-27.0266202  -26.96227548 -27.00766991 ..., -26.98906211 -27.00836066
  -27.01458487]
 [ 41.32925752  41.21400015  41.29248885 ...,  41.25236288  41.29502243
   41.299702  ]
 [-19.62073739 -19.56596908 -19.61910041 ..., -19.62761957 -19.59831638
  -19.6339144 ]
 [ -9.91863653  -9.88849381  -9.91683959 ...,  -9.92066689  -9.90416295
   -9.92335964]]
data/ZMOM_boot_mu_match_32cubed_qq_block.out
Z matrix is - 
[[ 0.97868   0.        0.        0.        0.      ]
 [ 0.        1.047955  0.278064  0.        0.      ]
 [ 0.        0.047297  0.900244  0.        0.      ]
 [ 0.        0.        0.        0.945122 -0.025057]
 [ 0.        0.        0.       -0.278169  1.208091]]
Renormalised B is- 
[ 0.5483158   0.64918056  0.92346705  0.565037    0.33572208]
Renormalised R is- 
[  1.06323312 -28.63380749  32.23119628 -17.16077615 -12.48958273]
Interpolating physical pt data to true strange physical point
uninterpolated value is  [[[ 0.5483158]]]
interpolated physical value is [[ 0.53976525]]
Interpolating physical pt data to true strange physical point
uninterpolated value is  [[[ 1.06323312]]]
interpolated physical value is [[ 0.98328844]]
(5, 1, 1, 501) (5, 1, 1, 501) (501,) (1, 1, 2, 1, 501)
0
[[ 0.00862578]]
1
[[ 0.15292408]] [[-0.25224103]]
2
[[-0.32860288]] [[ 0.28564108]]
3
[[ 0.16723631]] [[-0.15163346]]
4
[[ 0.05952505]] [[-0.11018217]]
Interpolated B is -  [[ 0.53976525]
 [ 0.63835491]
 [ 0.91446364]
 [ 0.55847907]
 [ 0.33130262]]
do log value is -  0
---Doing Global Fitting---
Scheme -  MOM   Basis -  Lattice   Kinematics -  qq   Fit type -  linear
Channel -  1
---Fitting Results---
chisq -  17.2187095862  +/-  8.337031273
chisq/dof -  2.45981565517 +/- 1.19100446757
parameters: 
p0 -  0.965658816264  +/-  0.780623203081
p1 -  1.90876443541  +/-  0.74945991627
p2 -  0.0889937952633  +/-  0.71091358539
---continuum point is: yp =  0.97959138451  +/-  0.0145117329435
Saving  ./plots/linear/R1_Lattice_MOM_qq .pdf
Channel -  2
---Fitting Results---
chisq -  11.8009085185  +/-  8.27107207585
chisq/dof -  1.68584407407 +/- 1.18158172512
parameters: 
p0 -  -34.4427566207  +/-  63.6474023486
p1 -  120.602844366  +/-  62.9901297783
p2 -  29.8409347798  +/-  63.7284861966
---continuum point is: yp =  -33.5624450806  +/-  0.455877984451
Saving  ./plots/linear/R2_Lattice_MOM_qq .pdf
Channel -  3
---Fitting Results---
chisq -  8.51619310601  +/-  7.1483699657
chisq/dof -  1.21659901514 +/- 1.02119570939
parameters: 
p0 -  35.2278738039  +/-  78.5785310036
p1 -  -150.13614284  +/-  77.7985569781
p2 -  -11.8370427281  +/-  80.041045172
---continuum point is: yp =  34.1319910341  +/-  0.519164696279
Saving  ./plots/linear/R3_Lattice_MOM_qq .pdf
Channel -  4
---Fitting Results---
chisq -  5.10944636986  +/-  5.69862016165
chisq/dof -  0.72992090998 +/- 0.814088594521
parameters: 
p0 -  -17.631767119  +/-  32.3503693059
p1 -  58.3654941288  +/-  31.8010988415
p2 -  0.325945480657  +/-  32.690049593
---continuum point is: yp =  -17.2057421915  +/-  0.280821437177
Saving  ./plots/linear/R4_Lattice_MOM_qq .pdf
Channel -  5
---Fitting Results---
chisq -  7.6178835685  +/-  6.74983125603
chisq/dof -  1.08826908121 +/- 0.964261608004
parameters: 
p0 -  -14.6443082664  +/-  23.428535726
p1 -  42.3306346218  +/-  23.0228559466
p2 -  10.4275527663  +/-  22.9457558488
---continuum point is: yp =  -14.3353259505  +/-  0.200918508107
Saving  ./plots/linear/R5_Lattice_MOM_qq .pdf
do log value is -  0
---Doing Global Fitting---
Scheme -  MOM   Basis -  Lattice   Kinematics -  qq   Fit type -  linear
Channel -  1
---Fitting Results---
chisq -  21.6755678929  +/-  10.3070223879
chisq/dof -  3.09650969899 +/- 1.47243176971
parameters: 
p0 -  0.517178175276  +/-  0.198272905294
p1 -  0.60584682288  +/-  0.211404441738
p2 -  0.109124034157  +/-  0.234441106214
---continuum point is: yp =  0.521600408869  +/-  0.00364028386819
Saving  ./plots/linear/B1_Lattice_MOM_qq .pdf
Channel -  2
---Fitting Results---
chisq -  26.480297238  +/-  10.9830492938
chisq/dof -  3.78289960543 +/- 1.56900704198
parameters: 
p0 -  0.681004371348  +/-  0.396910386489
p1 -  0.459388000572  +/-  0.397887284878
p2 -  -0.253766236636  +/-  0.397266047154
---continuum point is: yp =  0.68435756389  +/-  0.00347288318269
Saving  ./plots/linear/B2_Lattice_MOM_qq .pdf
Channel -  3
---Fitting Results---
chisq -  13.8689400789  +/-  8.04916340672
chisq/dof -  1.98127715413 +/- 1.14988048667
parameters: 
p0 -  0.899220155069  +/-  0.431044881829
p1 -  0.116492619421  +/-  0.391891028928
p2 -  0.0888020804458  +/-  0.363768305072
---continuum point is: yp =  0.900070465007  +/-  0.00503893855848
Saving  ./plots/linear/B3_Lattice_MOM_qq .pdf
Channel -  4
---Fitting Results---
chisq -  12.8959146059  +/-  7.68776711618
chisq/dof -  1.84227351513 +/- 1.09825244517
parameters: 
p0 -  0.494473545185  +/-  0.281920768522
p1 -  1.06575128945  +/-  0.286987909236
p2 -  0.324256435882  +/-  0.306512639846
---continuum point is: yp =  0.502252741139  +/-  0.00312137730393
Saving  ./plots/linear/B4_Lattice_MOM_qq .pdf
Channel -  5
---Fitting Results---
chisq -  21.5247254627  +/-  9.34563783936
chisq/dof -  3.07496078039 +/- 1.33509111991
parameters: 
p0 -  0.338207063796  +/-  0.282677226572
p1 -  0.652617884386  +/-  0.281190774481
p2 -  -0.057190897758  +/-  0.297680587485
---continuum point is: yp =  0.342970691536  +/-  0.00182224737271
Saving  ./plots/linear/B5_Lattice_MOM_qq .pdf
do log value is -  1
---Doing Global Fitting---
Scheme -  MOM   Basis -  Lattice   Kinematics -  qq   Fit type -  chiral
Channel -  1
---Fitting Results---
chisq -  8.77729594713  +/-  5.99393557275
chisq/dof -  1.25389942102 +/- 0.856276510392
parameters: 
p0 -  0.995330468246  +/-  2.70014472741
p1 -  6.16901803218  +/-  2.68845426851
p2 -  0.0632782393137  +/-  2.64207169978
---continuum point is: yp =  0.986742929745  +/-  0.0142671483566
Saving  ./plots/chiral/R1_Lattice_MOM_qq .pdf
Channel -  2
---Fitting Results---
chisq -  6.7314912981  +/-  6.49005166779
chisq/dof -  0.961641614015 +/- 0.927150238256
parameters: 
p0 -  -35.4886960398  +/-  29.6253020411
p1 -  -30.504275483  +/-  30.1940785342
p2 -  30.6710933868  +/-  28.8502403079
---continuum point is: yp =  -33.7996373204  +/-  0.44624914309
Saving  ./plots/chiral/R2_Lattice_MOM_qq .pdf
Channel -  3
---Fitting Results---
chisq -  6.09690607954  +/-  6.29217486085
chisq/dof -  0.870986582791 +/- 0.898882122979
parameters: 
p0 -  36.2971559309  +/-  20.0701263724
p1 -  4.24638924933  +/-  19.9673759394
p2 -  -12.6745366203  +/-  20.0525797268
---continuum point is: yp =  34.3728836707  +/-  0.508031819785
Saving  ./plots/chiral/R3_Lattice_MOM_qq .pdf
Channel -  4
---Fitting Results---
chisq -  6.30943126365  +/-  6.13021799064
chisq/dof -  0.901347323378 +/- 0.875745427234
parameters: 
p0 -  -18.5558131681  +/-  31.0069426666
p1 -  -73.1014326163  +/-  31.3201857958
p2 -  1.10266819178  +/-  30.0033881306
---continuum point is: yp =  -17.4234479331  +/-  0.27261283087
Saving  ./plots/chiral/R4_Lattice_MOM_qq .pdf
Channel -  5
---Fitting Results---
chisq -  5.943367672  +/-  6.02013224771
chisq/dof -  0.849052524571 +/- 0.86001889253
parameters: 
p0 -  -15.40980422  +/-  31.9378765105
p1 -  -66.9519882355  +/-  32.4385076219
p2 -  11.0712914341  +/-  31.6656617505
---continuum point is: yp =  -14.5150030888  +/-  0.194529002539
Saving  ./plots/chiral/R5_Lattice_MOM_qq .pdf
do log value is -  1
---Doing Global Fitting---
Scheme -  MOM   Basis -  Lattice   Kinematics -  qq   Fit type -  chiral
Channel -  1
---Fitting Results---
chisq -  23.7575948225  +/-  10.7223432089
chisq/dof -  3.3939421175 +/- 1.53176331555
parameters: 
p0 -  0.512256982324  +/-  0.318533290133
p1 -  -0.116431115715  +/-  0.275758608651
p2 -  0.113105734379  +/-  0.23729875187
---continuum point is: yp =  0.520605266798  +/-  0.0036341547436
Saving  ./plots/chiral/B1_Lattice_MOM_qq .pdf
Channel -  2
---Fitting Results---
chisq -  34.1975948886  +/-  12.4315640632
chisq/dof -  4.88537069837 +/- 1.77593772332
parameters: 
p0 -  0.673894597316  +/-  0.561595592383
p1 -  -0.485202856437  +/-  0.519026160937
p2 -  -0.246718198486  +/-  0.480263914098
---continuum point is: yp =  0.682453504571  +/-  0.0034854118651
Saving  ./plots/chiral/B2_Lattice_MOM_qq .pdf
Channel -  3
---Fitting Results---
chisq -  16.9920557007  +/-  8.93149306471
chisq/dof -  2.42743652866 +/- 1.27592758067
parameters: 
p0 -  0.889689971476  +/-  0.916754062586
p1 -  -1.12765874828  +/-  0.857935777939
p2 -  0.0984794881609  +/-  0.81874068821
---continuum point is: yp =  0.897434272657  +/-  0.0050330376131
Saving  ./plots/chiral/B3_Lattice_MOM_qq .pdf
Channel -  4
---Fitting Results---
chisq -  16.0081087721  +/-  8.68799256951
chisq/dof -  2.28687268173 +/- 1.24114179564
parameters: 
p0 -  0.499659208005  +/-  0.612756123758
p1 -  1.76923741319  +/-  0.617145231443
p2 -  0.319235586891  +/-  0.636055833796
---continuum point is: yp =  0.503601393821  +/-  0.00312082090626
Saving  ./plots/chiral/B4_Lattice_MOM_qq .pdf
Channel -  5
---Fitting Results---
chisq -  23.3524190213  +/-  9.96200277808
chisq/dof -  3.33605986019 +/- 1.42314325401
parameters: 
p0 -  0.341675274157  +/-  0.489150718634
p1 -  1.1356650321  +/-  0.487126862928
p2 -  -0.0604299475167  +/-  0.506328368354
---continuum point is: yp =  0.343829628062  +/-  0.00182060511835
Saving  ./plots/chiral/B5_Lattice_MOM_qq .pdf
----------------------setting up as----------------------------
----------------------setting up as----------------------------
----------------------setting up as----------------------------
----------------------setting up as----------------------------
24 ms SUSY qq
Unrenormalised bag is -  [ 1.531126  1.184277 -1.791854  0.945944  0.489873]
Unrenormalised bare ratios is -  [[-21.395342 -21.323851 -21.438699 ..., -21.42395  -21.301824 -21.405902]
 [ 32.387562  32.279551  32.458398 ...,  32.469014  32.271109  32.418288]
 [-17.220644 -17.180836 -17.23766  ..., -17.379827 -17.277187 -17.271899]
 [ -8.862963  -8.846121  -8.872476 ...,  -8.945566  -8.890274  -8.894053]]
data/Zms_boot_mu_match_24cubed_qq_block.out
Z matrix is - 
[[ 0.947955  0.        0.        0.        0.      ]
 [ 0.        1.051161  0.287449  0.        0.      ]
 [ 0.        0.069378  1.019458  0.        0.      ]
 [ 0.        0.        0.        0.991513 -0.027976]
 [ 0.        0.        0.       -0.355589  1.239301]]
Renormalised B is- 
[ 0.54428946  0.58297903  1.03051168  0.91703457  0.57543348]
Renormalised R is- 
[  0.99437596 -14.6464318    1.79556049  28.21306266  10.62183102]
-----Interpolating non-physical mass data-----
Interpolate dR/dms to the near physical point data
24  - dy/dms =  [[ 1.62124058]
 [ 1.77226385]
 [ 1.52117847]]
Interpolated dy/dms =  [ 1.80534455]
-----Interpolating non-physical mass data-----
Interpolate dR/dms to the near physical point data
24  - dy/dms =  [[ 17.09057659]
 [ 15.81708077]
 [ 13.5778284 ]]
Interpolated dy/dms =  [ 18.01326238]
(5, 3, 1, 501) (5, 3, 1, 501) (501,) (1, 3, 4, 1, 501)
0
[[ 0.00875821]
 [ 0.00876703]
 [ 0.00950307]]
1
[[ 0.17543004]
 [ 0.18437042]
 [ 0.19312903]] [[-0.12921142]
 [-0.12246891]
 [-0.12207553]]
2
[[-0.06196803]
 [-0.06524523]
 [-0.06842879]] [[ 0.01584233]
 [ 0.01485913]
 [ 0.01452697]]
3
[[-0.33087406]
 [-0.33525427]
 [-0.34940332]] [[ 0.24752583]
 [ 0.22916329]
 [ 0.2248636 ]]
4
[[-0.0695384 ]
 [-0.07148324]
 [-0.07578123]] [[ 0.09348932]
 [ 0.08723419]
 [ 0.08687119]]
Interpolated B is -  [[ 0.54805255]
 [ 0.58584171]
 [ 1.03469896]
 [ 0.92078407]
 [ 0.5805519 ]]
Interpolated B is -  [[ 0.54860397]
 [ 0.61569775]
 [ 1.08941939]
 [ 0.93297369]
 [ 0.59678866]]
32 ms SUSY qq
Unrenormalised bag is -  [ 1.494694  1.202869 -1.837128  0.907511  0.458776]
Unrenormalised bare ratios is -  [[-25.125635 -25.043168 -25.038251 ..., -25.028875 -24.923587 -25.114861]
 [ 38.287211  38.137487  38.10305  ...,  38.172154  37.97357   38.267258]
 [-19.01485  -18.905824 -18.819727 ..., -18.964935 -18.867802 -18.94673 ]
 [ -9.598064  -9.555677  -9.515797 ...,  -9.573961  -9.53175   -9.579905]]
data/Zms_boot_mu_match_32cubed_qq_block.out
Z matrix is - 
[[ 0.969986  0.        0.        0.        0.      ]
 [ 0.        1.049078  0.282855  0.        0.      ]
 [ 0.        0.054959  0.928208  0.        0.      ]
 [ 0.        0.        0.        0.912145 -0.012556]
 [ 0.        0.        0.       -0.347973  1.281952]]
Renormalised B is- 
[ 0.5436871   0.56585776  0.94596608  0.94027736  0.6386925 ]
Renormalised R is- 
[  1.02231611 -14.70113546   1.0041679   29.94914152  12.77614147]
-----Interpolating non-physical mass data-----
Interpolate dR/dms to the near physical point data
32  - dy/dms =  [[ 2.58200573]
 [ 2.68218104]
 [ 2.51471295]]
Interpolated dy/dms =  [ 2.80615658]
-----Interpolating non-physical mass data-----
Interpolate dR/dms to the near physical point data
32  - dy/dms =  [[ 24.36942361]
 [ 23.51415934]
 [ 22.14250538]]
Interpolated dy/dms =  [ 26.47174774]
(5, 3, 1, 501) (5, 3, 1, 501) (501,) (1, 3, 3, 1, 501)
0
[[ 0.00866658]
 [ 0.00886961]
 [ 0.00891576]]
1
[[ 0.16913089]
 [ 0.17157063]
 [ 0.17335313]] [[-0.12550351]
 [-0.12728255]
 [-0.12448229]]
2
[[-0.05656067]
 [-0.05723132]
 [-0.05783259]] [[ 0.00864979]
 [ 0.00858528]
 [ 0.00829468]]
3
[[-0.33733633]
 [-0.33949304]
 [-0.3395565 ]] [[ 0.25473076]
 [ 0.2598266 ]
 [ 0.24973097]]
4
[[-0.07628274]
 [-0.07741511]
 [-0.07801749]] [[ 0.10856311]
 [ 0.11097486]
 [ 0.10743111]]
Interpolated B is -  [[ 0.54231863]
 [ 0.56480594]
 [ 0.94441063]
 [ 0.93876782]
 [ 0.63685803]]
Interpolated B is -  [[ 0.55502316]
 [ 0.57295337]
 [ 0.95560863]
 [ 0.94476968]
 [ 0.64631178]]
Interpolated B is -  [[ 0.55791093]
 [ 0.57890594]
 [ 0.96564827]
 [ 0.94494628]
 [ 0.65134082]]
48 ms SUSY qq
Unrenormalised bag is -  [[ 1.55547701  1.55757778  1.55362159 ...,  1.5598041   1.55646184
   1.55742327]
 [ 1.22580799  1.22666295  1.22750156 ...,  1.22727901  1.22685875
   1.22644856]
 [-1.86547726 -1.86677924 -1.8678765  ..., -1.86694583 -1.86659135
  -1.86617962]
 [ 0.96107359  0.96078683  0.96008066 ...,  0.96052682  0.96087227
   0.96112814]
 [ 0.49515669  0.49498506  0.49461602 ...,  0.49480345  0.49504743
   0.49513115]]
Unrenormalised bare ratios is -  [[-23.320056   -23.26213436 -23.333959   ..., -23.25488322 -23.3141627
  -23.28736511]
 [ 35.49050983  35.40023346  35.50647587 ...,  35.37570546  35.4685722
   35.43416867]
 [-18.27854849 -18.21654545 -18.24633115 ..., -18.19446715 -18.25215609
  -18.24681984]
 [ -9.41735237  -9.38455152  -9.39975583 ...,  -9.37283193  -9.40358238
   -9.39991398]]
data/Zms_boot_mu_match_24cubed_qq_block.out
Z matrix is - 
[[ 0.947955  0.        0.        0.        0.      ]
 [ 0.        1.051161  0.287449  0.        0.      ]
 [ 0.        0.069378  1.019458  0.        0.      ]
 [ 0.        0.        0.        0.991513 -0.027976]
 [ 0.        0.        0.       -0.355589  1.239301]]
Renormalised B is- 
[ 0.55363769  0.59238289  1.05225966  0.95532645  0.5935404 ]
Renormalised R is- 
[  1.01619427 -15.81120385   1.93525769  31.54823784  11.80278754]
Interpolating physical pt data to true strange physical point
uninterpolated value is  [[[ 0.55363769]]]
interpolated physical value is [[ 0.55291555]]
Interpolating physical pt data to true strange physical point
uninterpolated value is  [[[ 1.01619427]]]
interpolated physical value is [[ 1.00898897]]
(5, 1, 1, 501) (5, 1, 1, 501) (501,) (1, 1, 2, 1, 501)
0
[[ 0.00883593]]
1
[[ 0.1772499]] [[-0.14076452]]
2
[[-0.06297812]] [[ 0.01723093]]
3
[[-0.34303037]] [[ 0.28104706]]
4
[[-0.07098246]] [[ 0.10511095]]
Interpolated B is -  [[ 0.55291555]
 [ 0.59191905]
 [ 1.05156469]
 [ 0.95461367]
 [ 0.59260784]]
64 ms SUSY qq
Unrenormalised bag is -  [[ 1.50328786  1.50021978  1.49073349 ...,  1.49891112  1.49406376
   1.49402816]
 [ 1.21768767  1.21438758  1.20813651 ...,  1.21401807  1.21248286
   1.21129582]
 [-1.86216181 -1.85639799 -1.84712784 ..., -1.85573146 -1.85395225
  -1.8518476 ]
 [ 0.88388738  0.88146122  0.87764092 ...,  0.88278268  0.87955024
   0.88028528]
 [ 0.44681842  0.44543438  0.44362705 ...,  0.44620933  0.44448511
   0.44490857]]
Unrenormalised bare ratios is -  [[-27.0266202  -26.96227548 -27.00766991 ..., -26.98906211 -27.00836066
  -27.01458487]
 [ 41.32925752  41.21400015  41.29248885 ...,  41.25236288  41.29502243
   41.299702  ]
 [-19.62073739 -19.56596908 -19.61910041 ..., -19.62761957 -19.59831638
  -19.6339144 ]
 [ -9.91863653  -9.88849381  -9.91683959 ...,  -9.92066689  -9.90416295
   -9.92335964]]
data/Zms_boot_mu_match_32cubed_qq_block.out
Z matrix is - 
[[ 0.969986  0.        0.        0.        0.      ]
 [ 0.        1.049078  0.282855  0.        0.      ]
 [ 0.        0.054959  0.928208  0.        0.      ]
 [ 0.        0.        0.        0.912145 -0.012556]
 [ 0.        0.        0.       -0.347973  1.281952]]
Renormalised B is- 
[ 0.5434449   0.54888268  0.91781827  0.94784931  0.6427168 ]
Renormalised R is- 
[  1.06323312 -15.84559803   1.08581143  33.64414469  14.28842412]
Interpolating physical pt data to true strange physical point
uninterpolated value is  [[[ 0.5434449]]]
interpolated physical value is [[ 0.53497031]]
Interpolating physical pt data to true strange physical point
uninterpolated value is  [[[ 1.06323312]]]
interpolated physical value is [[ 0.98328844]]
(5, 1, 1, 501) (5, 1, 1, 501) (501,) (1, 1, 2, 1, 501)
0
[[ 0.00854915]]
1
[[ 0.16245412]] [[-0.1387802]]
2
[[-0.05438076]] [[ 0.00960227]]
3
[[-0.33728549]] [[ 0.29550863]]
4
[[-0.07569489]] [[ 0.12474415]]
Interpolated B is -  [[ 0.53497031]
 [ 0.54250915]
 [ 0.9080121 ]
 [ 0.93862634]
 [ 0.63195027]]
do log value is -  0
---Doing Global Fitting---
Scheme -  ms   Basis -  SUSY   Kinematics -  qq   Fit type -  linear
Channel -  1
---Fitting Results---
chisq -  17.2187095862  +/-  8.337031273
chisq/dof -  2.45981565517 +/- 1.19100446757
parameters: 
p0 -  0.965658772976  +/-  0.780623263662
p1 -  1.90876474545  +/-  0.749459878288
p2 -  0.0889939212261  +/-  0.710913574064
---continuum point is: yp =  0.979591343485  +/-  0.0145117322582
Saving  ./plots/linear/R1_SUSY_ms_qq .pdf
Channel -  2
---Fitting Results---
chisq -  5.09909777536  +/-  5.69411387934
chisq/dof -  0.728442539337 +/- 0.813444839906
parameters: 
p0 -  -16.2625599573  +/-  29.8957252771
p1 -  53.9390282054  +/-  29.3893426515
p2 -  0.198279459852  +/-  30.2256476878
---continuum point is: yp =  -15.8688449563  +/-  0.259483426642
Saving  ./plots/linear/R2_SUSY_ms_qq .pdf
Channel -  3
---Fitting Results---
chisq -  6.57983588235  +/-  6.95264144151
chisq/dof -  0.939976554622 +/- 0.993234491645
parameters: 
p0 -  0.144786183729  +/-  3.75828532734
p1 -  -3.91230919342  +/-  3.80486490374
p2 -  5.46044811275  +/-  4.0859546086
---continuum point is: yp =  0.116229221001  +/-  0.0296671524389
Saving  ./plots/linear/R3_SUSY_ms_qq .pdf
Channel -  4
---Fitting Results---
chisq -  8.53425174387  +/-  7.15481160653
chisq/dof -  1.21917882055 +/- 1.02211594379
parameters: 
p0 -  36.7971601406  +/-  81.9881929609
p1 -  -156.661189522  +/-  81.1736228018
p2 -  -12.5047935275  +/-  83.5051043219
---continuum point is: yp =  35.6536493574  +/-  0.541848255599
Saving  ./plots/linear/R4_SUSY_ms_qq .pdf
Channel -  5
---Fitting Results---
chisq -  11.8214778797  +/-  8.27781231173
chisq/dof -  1.68878255424 +/- 1.18254461596
parameters: 
p0 -  17.1954375014  +/-  31.7369519961
p1 -  -60.125246688  +/-  31.4093809892
p2 -  -14.9439901137  +/-  31.7742580844
---continuum point is: yp =  16.7565676821  +/-  0.227482531699
Saving  ./plots/linear/R5_SUSY_ms_qq .pdf
do log value is -  0
---Doing Global Fitting---
Scheme -  ms   Basis -  SUSY   Kinematics -  qq   Fit type -  linear
Channel -  1
---Fitting Results---
chisq -  21.6755054276  +/-  10.3070089273
chisq/dof -  3.09650077536 +/- 1.47242984676
parameters: 
p0 -  0.51258350647  +/-  0.1965105968
p1 -  0.600465237969  +/-  0.209525502578
p2 -  0.108156674388  +/-  0.232357622038
---continuum point is: yp =  0.516966458474  +/-  0.00360794597326
Saving  ./plots/linear/B1_SUSY_ms_qq .pdf
Channel -  2
---Fitting Results---
chisq -  12.9208859817  +/-  7.69351686003
chisq/dof -  1.84584085452 +/- 1.09907383715
parameters: 
p0 -  0.4805964228  +/-  0.274441766944
p1 -  1.03540559931  +/-  0.27931858646
p2 -  0.313527507943  +/-  0.298314045252
---continuum point is: yp =  0.488154117667  +/-  0.00303062930783
Saving  ./plots/linear/B2_SUSY_ms_qq .pdf
Channel -  3
---Fitting Results---
chisq -  9.56034332191  +/-  6.84607385656
chisq/dof -  1.3657633317 +/- 0.978010550938
parameters: 
p0 -  0.732676897746  +/-  0.338599994322
p1 -  1.69953321538  +/-  0.360798797141
p2 -  0.922045043669  +/-  0.380660283277
---continuum point is: yp =  0.745082232878  +/-  0.00564281633623
Saving  ./plots/linear/B3_SUSY_ms_qq .pdf
Channel -  4
---Fitting Results---
chisq -  13.8419428605  +/-  8.04180650709
chisq/dof -  1.97742040864 +/- 1.14882950101
parameters: 
p0 -  0.922772482167  +/-  0.442519852732
p1 -  0.117982800938  +/-  0.402253384644
p2 -  0.092392897995  +/-  0.373344793511
---continuum point is: yp =  0.923633669329  +/-  0.00517333587052
Saving  ./plots/linear/B4_SUSY_ms_qq .pdf
Channel -  5
---Fitting Results---
chisq -  26.607834477  +/-  11.0090988747
chisq/dof -  3.80111921099 +/- 1.57272841067
parameters: 
p0 -  0.674771389945  +/-  0.394899203087
p1 -  0.458618912516  +/-  0.396134923524
p2 -  -0.254706721299  +/-  0.395724728928
---continuum point is: yp =  0.678118968713  +/-  0.00344078095642
Saving  ./plots/linear/B5_SUSY_ms_qq .pdf
do log value is -  1
---Doing Global Fitting---
Scheme -  ms   Basis -  SUSY   Kinematics -  qq   Fit type -  chiral
Channel -  1
---Fitting Results---
chisq -  8.77729594713  +/-  5.99393557275
chisq/dof -  1.25389942102 +/- 0.856276510393
parameters: 
p0 -  0.995330449816  +/-  2.70014474006
p1 -  6.16901808483  +/-  2.68845428379
p2 -  0.0632782916969  +/-  2.64207171065
---continuum point is: yp =  0.986742912693  +/-  0.0142671459339
Saving  ./plots/chiral/R1_SUSY_ms_qq .pdf
Channel -  2
---Fitting Results---
chisq -  6.34958098563  +/-  6.14820340549
chisq/dof -  0.907082997947 +/- 0.878314772213
parameters: 
p0 -  -17.1147994552  +/-  28.5218344017
p1 -  -67.3176604083  +/-  28.8056100972
p2 -  0.91455603416  +/-  27.5810410335
---continuum point is: yp =  -16.0695920045  +/-  0.251917264838
Saving  ./plots/chiral/R2_SUSY_ms_qq .pdf
Channel -  3
---Fitting Results---
chisq -  7.23563483115  +/-  7.17305075841
chisq/dof -  1.03366211874 +/- 1.02472153692
parameters: 
p0 -  0.151235716682  +/-  3.38879664404
p1 -  -2.83251713734  +/-  3.51463084368
p2 -  5.45723488662  +/-  3.64090592125
---continuum point is: yp =  0.116982407222  +/-  0.0300364533976
Saving  ./plots/chiral/R3_SUSY_ms_qq .pdf
Channel -  4
---Fitting Results---
chisq -  6.10307189053  +/-  6.29440710153
chisq/dof -  0.871867412933 +/- 0.899201014504
parameters: 
p0 -  37.9140630439  +/-  20.9995760499
p1 -  4.59960134931  +/-  20.8969922261
p2 -  -13.3796206115  +/-  20.9672147987
---continuum point is: yp =  35.9052688586  +/-  0.53022296757
Saving  ./plots/chiral/R4_SUSY_ms_qq .pdf
Channel -  5
---Fitting Results---
chisq -  6.73133700991  +/-  6.48955467806
chisq/dof -  0.961619572844 +/- 0.927079239723
parameters: 
p0 -  17.7176273811  +/-  14.8295437014
p1 -  15.3150450108  +/-  15.1151285137
p2 -  -15.358500588  +/-  14.4430263822
---continuum point is: yp =  16.8749965946  +/-  0.222681205855
Saving  ./plots/chiral/R5_SUSY_ms_qq .pdf
do log value is -  1
---Doing Global Fitting---
Scheme -  ms   Basis -  SUSY   Kinematics -  qq   Fit type -  chiral
Channel -  1
---Fitting Results---
chisq -  23.7575277042  +/-  10.7223294047
chisq/dof -  3.39393252917 +/- 1.53176134353
parameters: 
p0 -  0.507706025642  +/-  0.315703062213
p1 -  -0.115395754271  +/-  0.273308399456
p2 -  0.112103023609  +/-  0.235189942354
---continuum point is: yp =  0.515980149986  +/-  0.00360187183459
Saving  ./plots/chiral/B1_SUSY_ms_qq .pdf
Channel -  2
---Fitting Results---
chisq -  16.0350078983  +/-  8.6939893726
chisq/dof -  2.29071541404 +/- 1.2419984818
parameters: 
p0 -  0.485637767543  +/-  0.595901363023
p1 -  1.71914336961  +/-  0.600125245359
p2 -  0.308644091013  +/-  0.618541431999
---continuum point is: yp =  0.489466074503  +/-  0.00303009822121
Saving  ./plots/chiral/B2_SUSY_ms_qq .pdf
Channel -  3
---Fitting Results---
chisq -  11.9715979058  +/-  7.67463285391
chisq/dof -  1.71022827226 +/- 1.09637612199
parameters: 
p0 -  0.739958520334  +/-  0.834719058545
p1 -  2.74469886538  +/-  0.853497370794
p2 -  0.915736682329  +/-  0.869397003509
---continuum point is: yp =  0.746706010911  +/-  0.00563900166118
Saving  ./plots/chiral/B3_SUSY_ms_qq .pdf
Channel -  4
---Fitting Results---
chisq -  16.9491465349  +/-  8.92104878895
chisq/dof -  2.42130664784 +/- 1.27443554128
parameters: 
p0 -  0.912994626476  +/-  0.941517991583
p1 -  -1.15877257368  +/-  0.881175963944
p2 -  0.102318185636  +/-  0.840999724781
---continuum point is: yp =  0.920930280825  +/-  0.00516721253718
Saving  ./plots/chiral/B4_SUSY_ms_qq .pdf
Channel -  5
---Fitting Results---
chisq -  34.3440106561  +/-  12.4570480922
chisq/dof -  4.90628723658 +/- 1.77957829889
parameters: 
p0 -  0.667733696438  +/-  0.555837009229
p1 -  -0.477412347444  +/-  0.513710385041
p2 -  -0.247742873897  +/-  0.475287973116
---continuum point is: yp =  0.676238842799  +/-  0.00345335197276
Saving  ./plots/chiral/B5_SUSY_ms_qq .pdf
----------------------setting up as----------------------------
----------------------setting up as----------------------------
----------------------setting up as----------------------------
----------------------setting up as----------------------------
24 ms Lattice qq
Unrenormalised bag is -  [ 1.531126  1.184277 -1.791854  0.945944  0.489873]
Unrenormalised bare ratios is -  [[-21.395342 -21.323851 -21.438699 ..., -21.42395  -21.301824 -21.405902]
 [ 32.387562  32.279551  32.458398 ...,  32.469014  32.271109  32.418288]
 [-17.220644 -17.180836 -17.23766  ..., -17.379827 -17.277187 -17.271899]
 [ -8.862963  -8.846121  -8.872476 ...,  -8.945566  -8.890274  -8.894053]]
data/Zms_boot_mu_match_24cubed_qq_block.out
Z matrix is - 
[[ 0.947955  0.        0.        0.        0.      ]
 [ 0.        1.051161  0.287449  0.        0.      ]
 [ 0.        0.069378  1.019458  0.        0.      ]
 [ 0.        0.        0.        0.991513 -0.027976]
 [ 0.        0.        0.       -0.355589  1.239301]]
Renormalised B is- 
[ 0.54428946  0.57543348  0.91703457  0.58297903  0.28462393]
Renormalised R is- 
[  0.99437596 -21.24366204  28.21306266 -14.6464318  -11.05531082]
-----Interpolating non-physical mass data-----
Interpolate dR/dms to the near physical point data
24  - dy/dms =  [[ 1.62124058]
 [ 1.77226385]
 [ 1.52117847]]
Interpolated dy/dms =  [ 1.80534455]
-----Interpolating non-physical mass data-----
Interpolate dR/dms to the near physical point data
24  - dy/dms =  [[ 17.09057659]
 [ 15.81708077]
 [ 13.5778284 ]]
Interpolated dy/dms =  [ 18.01326238]
(5, 3, 1, 501) (5, 3, 1, 501) (501,) (1, 3, 4, 1, 501)
0
[[ 0.00875821]
 [ 0.00876703]
 [ 0.00950307]]
1
[[ 0.13907681]
 [ 0.14296648]
 [ 0.15156246]] [[-0.18697865]
 [-0.17446838]
 [-0.17374239]]
2
[[-0.33087406]
 [-0.33525427]
 [-0.34940332]] [[ 0.24752583]
 [ 0.22916329]
 [ 0.2248636 ]]
3
[[ 0.17543004]
 [ 0.18437042]
 [ 0.19312903]] [[-0.12921142]
 [-0.12246891]
 [-0.12207553]]
4
[[ 0.05149394]
 [ 0.05387996]
 [ 0.05627145]] [[-0.09752682]
 [-0.0927506 ]
 [-0.09302156]]
Interpolated B is -  [[ 0.54805255]
 [ 0.5805519 ]
 [ 0.92078407]
 [ 0.58584171]
 [ 0.28660329]]
Interpolated B is -  [[ 0.54860397]
 [ 0.59678866]
 [ 0.93297369]
 [ 0.61569775]
 [ 0.29988335]]
32 ms Lattice qq
Unrenormalised bag is -  [ 1.494694  1.202869 -1.837128  0.907511  0.458776]
Unrenormalised bare ratios is -  [[-25.125635 -25.043168 -25.038251 ..., -25.028875 -24.923587 -25.114861]
 [ 38.287211  38.137487  38.10305  ...,  38.172154  37.97357   38.267258]
 [-19.01485  -18.905824 -18.819727 ..., -18.964935 -18.867802 -18.94673 ]
 [ -9.598064  -9.555677  -9.515797 ...,  -9.573961  -9.53175   -9.579905]]
data/Zms_boot_mu_match_32cubed_qq_block.out
Z matrix is - 
[[ 0.969986  0.        0.        0.        0.      ]
 [ 0.        1.049078  0.282855  0.        0.      ]
 [ 0.        0.054959  0.928208  0.        0.      ]
 [ 0.        0.        0.        0.912145 -0.012556]
 [ 0.        0.        0.       -0.347973  1.281952]]
Renormalised B is- 
[ 0.5436871   0.6386925   0.94027736  0.56585776  0.31245221]
Renormalised R is- 
[  1.02231611 -25.55228293  29.94914152 -14.70113546 -12.69279966]
-----Interpolating non-physical mass data-----
Interpolate dR/dms to the near physical point data
32  - dy/dms =  [[ 2.58200573]
 [ 2.68218104]
 [ 2.51471295]]
Interpolated dy/dms =  [ 2.80615658]
-----Interpolating non-physical mass data-----
Interpolate dR/dms to the near physical point data
32  - dy/dms =  [[ 24.36942361]
 [ 23.51415934]
 [ 22.14250538]]
Interpolated dy/dms =  [ 26.47174774]
(5, 3, 1, 501) (5, 3, 1, 501) (501,) (1, 3, 3, 1, 501)
0
[[ 0.00866658]
 [ 0.00886961]
 [ 0.00891576]]
1
[[ 0.15256548]
 [ 0.15483022]
 [ 0.15603498]] [[-0.21712621]
 [-0.22194972]
 [-0.21486223]]
2
[[-0.33733633]
 [-0.33949304]
 [-0.3395565 ]] [[ 0.25473076]
 [ 0.2598266 ]
 [ 0.24973097]]
3
[[ 0.16913089]
 [ 0.17157063]
 [ 0.17335313]] [[-0.12550351]
 [-0.12728255]
 [-0.12448229]]
4
[[ 0.05600955]
 [ 0.057108  ]
 [ 0.05768795]] [[-0.10820392]
 [-0.11011199]
 [-0.10789292]]
Interpolated B is -  [[ 0.54231863]
 [ 0.63685803]
 [ 0.93876782]
 [ 0.56480594]
 [ 0.31173615]]
Interpolated B is -  [[ 0.55502316]
 [ 0.64631178]
 [ 0.94476968]
 [ 0.57295337]
 [ 0.31784986]]
Interpolated B is -  [[ 0.55791093]
 [ 0.65134082]
 [ 0.94494628]
 [ 0.57890594]
 [ 0.32107772]]
48 ms Lattice qq
Unrenormalised bag is -  [[ 1.55547701  1.55757778  1.55362159 ...,  1.5598041   1.55646184
   1.55742327]
 [ 1.22580799  1.22666295  1.22750156 ...,  1.22727901  1.22685875
   1.22644856]
 [-1.86547726 -1.86677924 -1.8678765  ..., -1.86694583 -1.86659135
  -1.86617962]
 [ 0.96107359  0.96078683  0.96008066 ...,  0.96052682  0.96087227
   0.96112814]
 [ 0.49515669  0.49498506  0.49461602 ...,  0.49480345  0.49504743
   0.49513115]]
Unrenormalised bare ratios is -  [[-23.320056   -23.26213436 -23.333959   ..., -23.25488322 -23.3141627
  -23.28736511]
 [ 35.49050983  35.40023346  35.50647587 ...,  35.37570546  35.4685722
   35.43416867]
 [-18.27854849 -18.21654545 -18.24633115 ..., -18.19446715 -18.25215609
  -18.24681984]
 [ -9.41735237  -9.38455152  -9.39975583 ...,  -9.37283193  -9.40358238
   -9.39991398]]
data/Zms_boot_mu_match_24cubed_qq_block.out
Z matrix is - 
[[ 0.947955  0.        0.        0.        0.      ]
 [ 0.        1.051161  0.287449  0.        0.      ]
 [ 0.        0.069378  1.019458  0.        0.      ]
 [ 0.        0.        0.        0.991513 -0.027976]
 [ 0.        0.        0.       -0.355589  1.239301]]
Renormalised B is- 
[ 0.55363769  0.5935404   0.95532645  0.59238289  0.28579837]
Renormalised R is- 
[  1.01619427 -23.60557508  31.54823784 -15.81120385 -11.94068848]
Interpolating physical pt data to true strange physical point
uninterpolated value is  [[[ 0.55363769]]]
interpolated physical value is [[ 0.55291555]]
Interpolating physical pt data to true strange physical point
uninterpolated value is  [[[ 1.01619427]]]
interpolated physical value is [[ 1.00898897]]
(5, 1, 1, 501) (5, 1, 1, 501) (501,) (1, 1, 2, 1, 501)
0
[[ 0.00883593]]
1
[[ 0.14196492]] [[-0.21022189]]
2
[[-0.34303037]] [[ 0.28104706]]
3
[[ 0.1772499]] [[-0.14076452]]
4
[[ 0.05129412]] [[-0.10630268]]
Interpolated B is -  [[ 0.55291555]
 [ 0.59260784]
 [ 0.95461367]
 [ 0.59191905]
 [ 0.28549115]]
64 ms Lattice qq
Unrenormalised bag is -  [[ 1.50328786  1.50021978  1.49073349 ...,  1.49891112  1.49406376
   1.49402816]
 [ 1.21768767  1.21438758  1.20813651 ...,  1.21401807  1.21248286
   1.21129582]
 [-1.86216181 -1.85639799 -1.84712784 ..., -1.85573146 -1.85395225
  -1.8518476 ]
 [ 0.88388738  0.88146122  0.87764092 ...,  0.88278268  0.87955024
   0.88028528]
 [ 0.44681842  0.44543438  0.44362705 ...,  0.44620933  0.44448511
   0.44490857]]
Unrenormalised bare ratios is -  [[-27.0266202  -26.96227548 -27.00766991 ..., -26.98906211 -27.00836066
  -27.01458487]
 [ 41.32925752  41.21400015  41.29248885 ...,  41.25236288  41.29502243
   41.299702  ]
 [-19.62073739 -19.56596908 -19.61910041 ..., -19.62761957 -19.59831638
  -19.6339144 ]
 [ -9.91863653  -9.88849381  -9.91683959 ...,  -9.92066689  -9.90416295
   -9.92335964]]
data/Zms_boot_mu_match_32cubed_qq_block.out
Z matrix is - 
[[ 0.969986  0.        0.        0.        0.      ]
 [ 0.        1.049078  0.282855  0.        0.      ]
 [ 0.        0.054959  0.928208  0.        0.      ]
 [ 0.        0.        0.        0.912145 -0.012556]
 [ 0.        0.        0.       -0.347973  1.281952]]
Renormalised B is- 
[ 0.5434449   0.6427168   0.94784931  0.54888268  0.30292562]
Renormalised R is- 
[  1.06323312 -28.57684825  33.64414469 -15.84559803 -13.67397518]
Interpolating physical pt data to true strange physical point
uninterpolated value is  [[[ 0.5434449]]]
interpolated physical value is [[ 0.53497031]]
Interpolating physical pt data to true strange physical point
uninterpolated value is  [[[ 1.06323312]]]
interpolated physical value is [[ 0.98328844]]
(5, 1, 1, 501) (5, 1, 1, 501) (501,) (1, 1, 2, 1, 501)
0
[[ 0.00854915]]
1
[[ 0.15138978]] [[-0.24948831]]
2
[[-0.33728549]] [[ 0.29550863]]
3
[[ 0.16245412]] [[-0.1387802]]
4
[[ 0.05369522]] [[-0.11956285]]
Interpolated B is -  [[ 0.53497031]
 [ 0.63195027]
 [ 0.93862634]
 [ 0.54250915]
 [ 0.29885513]]
do log value is -  0
---Doing Global Fitting---
Scheme -  ms   Basis -  Lattice   Kinematics -  qq   Fit type -  linear
Channel -  1
---Fitting Results---
chisq -  17.2187095862  +/-  8.337031273
chisq/dof -  2.45981565517 +/- 1.19100446757
parameters: 
p0 -  0.965658772976  +/-  0.780623263662
p1 -  1.90876474545  +/-  0.749459878288
p2 -  0.0889939212261  +/-  0.710913574064
---continuum point is: yp =  0.979591343485  +/-  0.0145117322582
Saving  ./plots/linear/R1_Lattice_ms_qq .pdf
Channel -  2
---Fitting Results---
chisq -  11.8214778797  +/-  8.27781231173
chisq/dof -  1.68878255424 +/- 1.18254461596
parameters: 
p0 -  -34.3908749934  +/-  63.4739043466
p1 -  120.250493642  +/-  62.8187616353
p2 -  29.8879801764  +/-  63.5485160571
---continuum point is: yp =  -33.5131353529  +/-  0.454965065516
Saving  ./plots/linear/R2_Lattice_ms_qq .pdf
Channel -  3
---Fitting Results---
chisq -  8.53425174387  +/-  7.15481160653
chisq/dof -  1.21917882055 +/- 1.02211594379
parameters: 
p0 -  36.7971601406  +/-  81.9881929609
p1 -  -156.661189522  +/-  81.1736228018
p2 -  -12.5047935275  +/-  83.5051043219
---continuum point is: yp =  35.6536493574  +/-  0.541848255599
Saving  ./plots/linear/R3_Lattice_ms_qq .pdf
Channel -  4
---Fitting Results---
chisq -  5.09909777536  +/-  5.69411387934
chisq/dof -  0.728442539337 +/- 0.813444839906
parameters: 
p0 -  -16.2625599573  +/-  29.8957252771
p1 -  53.9390282054  +/-  29.3893426515
p2 -  0.198279459852  +/-  30.2256476878
---continuum point is: yp =  -15.8688449563  +/-  0.259483426642
Saving  ./plots/linear/R4_Lattice_ms_qq .pdf
Channel -  5
---Fitting Results---
chisq -  7.53206006364  +/-  6.71591952008
chisq/dof -  1.07600858052 +/- 0.959417074297
parameters: 
p0 -  -15.9854960592  +/-  25.6364747866
p1 -  46.3433038858  +/-  25.1912673357
p2 -  11.1493735997  +/-  25.1246898945
---continuum point is: yp =  -15.6472242263  +/-  0.219931574254
Saving  ./plots/linear/R5_Lattice_ms_qq .pdf
do log value is -  0
---Doing Global Fitting---
Scheme -  ms   Basis -  Lattice   Kinematics -  qq   Fit type -  linear
Channel -  1
---Fitting Results---
chisq -  21.6755054276  +/-  10.3070089273
chisq/dof -  3.09650077536 +/- 1.47242984676
parameters: 
p0 -  0.51258350647  +/-  0.1965105968
p1 -  0.600465237969  +/-  0.209525502578
p2 -  0.108156674388  +/-  0.232357622038
---continuum point is: yp =  0.516966458474  +/-  0.00360794597326
Saving  ./plots/linear/B1_Lattice_ms_qq .pdf
Channel -  2
---Fitting Results---
chisq -  26.607834477  +/-  11.0090988747
chisq/dof -  3.80111921099 +/- 1.57272841067
parameters: 
p0 -  0.674771389945  +/-  0.394899203087
p1 -  0.458618912516  +/-  0.396134923524
p2 -  -0.254706721299  +/-  0.395724728928
---continuum point is: yp =  0.678118968713  +/-  0.00344078095642
Saving  ./plots/linear/B2_Lattice_ms_qq .pdf
Channel -  3
---Fitting Results---
chisq -  13.8419428605  +/-  8.04180650709
chisq/dof -  1.97742040864 +/- 1.14882950101
parameters: 
p0 -  0.922772482167  +/-  0.442519852732
p1 -  0.117982800938  +/-  0.402253384644
p2 -  0.092392897995  +/-  0.373344793511
---continuum point is: yp =  0.923633669329  +/-  0.00517333587052
Saving  ./plots/linear/B3_Lattice_ms_qq .pdf
Channel -  4
---Fitting Results---
chisq -  12.9208859817  +/-  7.69351686003
chisq/dof -  1.84584085452 +/- 1.09907383715
parameters: 
p0 -  0.4805964228  +/-  0.274441766944
p1 -  1.03540559931  +/-  0.27931858646
p2 -  0.313527507943  +/-  0.298314045252
---continuum point is: yp =  0.488154117667  +/-  0.00303062930783
Saving  ./plots/linear/B4_Lattice_ms_qq .pdf
Channel -  5
---Fitting Results---
chisq -  23.0147133403  +/-  9.58957638371
chisq/dof -  3.28781619147 +/- 1.36993948339
parameters: 
p0 -  0.312166976397  +/-  0.274391998859
p1 -  0.590755441643  +/-  0.272718929813
p2 -  -0.0909582151142  +/-  0.288562484946
---continuum point is: yp =  0.316479054071  +/-  0.00167896113302
Saving  ./plots/linear/B5_Lattice_ms_qq .pdf
do log value is -  1
---Doing Global Fitting---
Scheme -  ms   Basis -  Lattice   Kinematics -  qq   Fit type -  chiral
Channel -  1
---Fitting Results---
chisq -  8.77729594713  +/-  5.99393557275
chisq/dof -  1.25389942102 +/- 0.856276510393
parameters: 
p0 -  0.995330449816  +/-  2.70014474006
p1 -  6.16901808483  +/-  2.68845428379
p2 -  0.0632782916969  +/-  2.64207171065
---continuum point is: yp =  0.986742912693  +/-  0.0142671459339
Saving  ./plots/chiral/R1_Lattice_ms_qq .pdf
Channel -  2
---Fitting Results---
chisq -  6.73133700991  +/-  6.48955467806
chisq/dof -  0.961619572844 +/- 0.927079239723
parameters: 
p0 -  -35.4352547468  +/-  29.6590874381
p1 -  -30.6300909199  +/-  30.2302566524
p2 -  30.7170011909  +/-  28.8860525914
---continuum point is: yp =  -33.749993181  +/-  0.445362409201
Saving  ./plots/chiral/R2_Lattice_ms_qq .pdf
Channel -  3
---Fitting Results---
chisq -  6.10307189053  +/-  6.29440710153
chisq/dof -  0.871867412933 +/- 0.899201014504
parameters: 
p0 -  37.9140630439  +/-  20.9995760499
p1 -  4.59960134931  +/-  20.8969922261
p2 -  -13.3796206115  +/-  20.9672147987
---continuum point is: yp =  35.9052688586  +/-  0.53022296757
Saving  ./plots/chiral/R3_Lattice_ms_qq .pdf
Channel -  4
---Fitting Results---
chisq -  6.34958098563  +/-  6.14820340549
chisq/dof -  0.907082997947 +/- 0.878314772213
parameters: 
p0 -  -17.1147994552  +/-  28.5218344017
p1 -  -67.3176604083  +/-  28.8056100972
p2 -  0.91455603416  +/-  27.5810410335
---continuum point is: yp =  -16.0695920045  +/-  0.251917264838
Saving  ./plots/chiral/R4_Lattice_ms_qq .pdf
Channel -  5
---Fitting Results---
chisq -  5.94834831526  +/-  6.02045954464
chisq/dof -  0.849764045037 +/- 0.860065649235
parameters: 
p0 -  -16.8211466537  +/-  34.7205370879
p1 -  -72.9454736364  +/-  35.2617803733
p2 -  11.852087594  +/-  34.4118071446
---continuum point is: yp =  -15.843382394  +/-  0.212929246024
Saving  ./plots/chiral/R5_Lattice_ms_qq .pdf
do log value is -  1
---Doing Global Fitting---
Scheme -  ms   Basis -  Lattice   Kinematics -  qq   Fit type -  chiral
Channel -  1
---Fitting Results---
chisq -  23.7575277042  +/-  10.7223294047
chisq/dof -  3.39393252917 +/- 1.53176134353
parameters: 
p0 -  0.507706025642  +/-  0.315703062213
p1 -  -0.115395754271  +/-  0.273308399456
p2 -  0.112103023609  +/-  0.235189942354
---continuum point is: yp =  0.515980149986  +/-  0.00360187183459
Saving  ./plots/chiral/B1_Lattice_ms_qq .pdf
Channel -  2
---Fitting Results---
chisq -  34.3440106561  +/-  12.4570480922
chisq/dof -  4.90628723658 +/- 1.77957829889
parameters: 
p0 -  0.667733696438  +/-  0.555837009229
p1 -  -0.477412347444  +/-  0.513710385041
p2 -  -0.247742873897  +/-  0.475287973116
---continuum point is: yp =  0.676238842799  +/-  0.00345335197276
Saving  ./plots/chiral/B2_Lattice_ms_qq .pdf
Channel -  3
---Fitting Results---
chisq -  16.9491465349  +/-  8.92104878895
chisq/dof -  2.42130664784 +/- 1.27443554128
parameters: 
p0 -  0.912994626476  +/-  0.941517991583
p1 -  -1.15877257368  +/-  0.881175963944
p2 -  0.102318185636  +/-  0.840999724781
---continuum point is: yp =  0.920930280825  +/-  0.00516721253718
Saving  ./plots/chiral/B3_Lattice_ms_qq .pdf
Channel -  4
---Fitting Results---
chisq -  16.0350078983  +/-  8.6939893726
chisq/dof -  2.29071541404 +/- 1.2419984818
parameters: 
p0 -  0.485637767543  +/-  0.595901363023
p1 -  1.71914336961  +/-  0.600125245359
p2 -  0.308644091013  +/-  0.618541431999
---continuum point is: yp =  0.489466074503  +/-  0.00303009822121
Saving  ./plots/chiral/B4_Lattice_ms_qq .pdf
Channel -  5
---Fitting Results---
chisq -  24.4571535856  +/-  10.1183032978
chisq/dof -  3.49387908366 +/- 1.44547189969
parameters: 
p0 -  0.315315163316  +/-  0.462060642337
p1 -  1.03719760408  +/-  0.459793979729
p2 -  -0.0938030906517  +/-  0.478565383234
---continuum point is: yp =  0.317224103036  +/-  0.00167721174077
Saving  ./plots/chiral/B5_Lattice_ms_qq .pdf
