0.916258 
0.916253 
0.915932 
0.916217 
0.916312 
0.916170 
0.916467 
0.916358 
0.916362 
0.916468 
0.916561 
0.916151 
0.916316 
0.916690 
0.916007 
0.916364 
0.916461 
0.916754 
0.916345 
0.916575 
0.916766 
0.916407 
0.916459 
0.916203 
0.916279 
0.916166 
0.916223 
0.916023 
0.916198 
0.916609 
0.916211 
0.916872 
0.916276 
0.916355 
0.916323 
0.916810 
0.916140 
0.916660 
0.916755 
0.916581 
0.916265 
0.916759 
0.916341 
0.916678 
0.916143 
0.916658 
0.916816 
0.916629 
0.916190 
0.916662 
0.916295 
0.916259 
0.916673 
0.916689 
0.916660 
0.916687 
0.916582 
0.916350 
0.917018 
0.916359 
0.915872 
0.916311 
0.916809 
0.916470 
0.916207 
0.916676 
0.916531 
0.916016 
0.916645 
0.916181 
0.916195 
0.917018 
0.916314 
0.916477 
0.916499 
0.916591 
0.916570 
0.916311 
0.916498 
0.916332 
0.916232 
0.916779 
0.916540 
0.916781 
0.915997 
0.916488 
0.916277 
0.916610 
0.916231 
0.916139 
0.916594 
0.916721 
0.916116 
0.916305 
0.916229 
0.916464 
0.916569 
0.916503 
0.916501 
0.915618 
0.916423 
0.000000 
0.000000 
0.000000 
0.000000 
0.000000 
0.000000 
0.000000 
0.000000 
0.000000 
0.000000 
0.000000 
0.000000 
0.000000 
0.000000 
0.000000 
0.000000 
0.000000 
0.000000 
0.000000 
0.000000 
0.000000 
0.000000 
0.000000 
0.000000 
0.000000 
0.000000 
0.000000 
0.000000 
0.000000 
0.000000 
0.000000 
0.000000 
0.000000 
0.000000 
0.000000 
0.000000 
0.000000 
0.000000 
0.000000 
0.000000 
0.000000 
0.000000 
0.000000 
0.000000 
0.000000 
0.000000 
0.000000 
0.000000 
0.000000 
0.000000 
0.000000 
0.000000 
0.000000 
0.000000 
0.000000 
0.000000 
0.000000 
0.000000 
0.000000 
0.000000 
0.000000 
0.000000 
0.000000 
0.000000 
0.000000 
0.000000 
0.000000 
0.000000 
0.000000 
0.000000 
0.000000 
0.000000 
0.000000 
0.000000 
0.000000 
0.000000 
0.000000 
0.000000 
0.000000 
0.000000 
0.000000 
0.000000 
0.000000 
0.000000 
0.000000 
0.000000 
0.000000 
0.000000 
0.000000 
0.000000 
0.000000 
0.000000 
0.000000 
0.000000 
0.000000 
0.000000 
0.000000 
0.000000 
0.000000 
0.000000 
0.000000 
0.000000 
0.000000 
0.000000 
0.000000 
0.000000 
0.000000 
0.000000 
0.000000 
0.000000 
0.000000 
0.000000 
0.000000 
0.000000 
0.000000 
0.000000 
0.000000 
0.000000 
0.000000 
0.000000 
0.000000 
0.000000 
0.000000 
0.000000 
0.000000 
0.000000 
0.000000 
0.000000 
0.000000 
0.000000 
0.000000 
0.000000 
0.000000 
0.000000 
0.000000 
0.000000 
0.000000 
0.000000 
0.000000 
0.000000 
0.000000 
0.000000 
0.000000 
0.000000 
0.000000 
0.000000 
0.000000 
0.000000 
0.000000 
0.000000 
0.000000 
0.000000 
0.000000 
0.000000 
0.000000 
0.000000 
0.000000 
0.000000 
0.000000 
0.000000 
0.000000 
0.000000 
0.000000 
0.000000 
0.000000 
0.000000 
0.000000 
0.000000 
0.000000 
0.000000 
0.000000 
0.000000 
0.000000 
0.000000 
0.000000 
0.000000 
0.000000 
0.000000 
0.000000 
0.000000 
0.000000 
0.000000 
0.000000 
0.000000 
0.000000 
0.000000 
0.000000 
0.000000 
0.000000 
0.000000 
0.000000 
0.000000 
0.000000 
0.000000 
0.000000 
0.000000 
0.000000 
0.000000 
0.000000 
0.000000 
0.000000 
0.000000 
0.000000 
0.000000 
0.000000 
0.000000 
0.000000 
0.000000 
0.000000 
0.000000 
0.000000 
0.000000 
0.000000 
0.000000 
0.000000 
0.000000 
0.000000 
0.000000 
0.000000 
0.000000 
0.000000 
0.000000 
0.000000 
0.000000 
0.000000 
0.000000 
0.000000 
0.000000 
0.000000 
0.000000 
0.000000 
0.000000 
0.000000 
0.000000 
0.000000 
0.000000 
0.000000 
0.000000 
0.000000 
0.000000 
0.000000 
0.000000 
0.000000 
0.000000 
0.000000 
0.000000 
0.000000 
0.000000 
0.000000 
0.000000 
0.000000 
0.000000 
0.000000 
0.000000 
0.000000 
0.000000 
0.000000 
0.000000 
0.000000 
0.000000 
0.000000 
0.000000 
0.000000 
0.000000 
0.000000 
0.000000 
0.000000 
0.000000 
0.000000 
0.000000 
0.000000 
0.000000 
0.000000 
0.000000 
0.000000 
0.000000 
0.000000 
0.000000 
0.000000 
0.000000 
0.000000 
0.000000 
0.000000 
0.000000 
0.000000 
0.000000 
0.000000 
0.000000 
0.000000 
0.000000 
0.000000 
0.000000 
0.000000 
0.000000 
0.000000 
0.000000 
0.000000 
0.000000 
0.000000 
0.000000 
0.000000 
0.000000 
0.000000 
0.000000 
0.000000 
0.000000 
0.000000 
0.000000 
0.000000 
0.000000 
0.000000 
0.000000 
0.000000 
0.000000 
0.000000 
0.000000 
0.000000 
0.000000 
0.000000 
0.000000 
0.000000 
0.000000 
0.000000 
0.000000 
0.000000 
0.000000 
0.000000 
0.000000 
0.000000 
0.000000 
0.000000 
0.000000 
0.000000 
0.000000 
0.000000 
0.000000 
0.000000 
0.000000 
0.000000 
0.000000 
0.000000 
0.000000 
0.000000 
0.000000 
0.000000 
0.000000 
0.000000 
0.000000 
0.000000 
0.000000 
0.000000 
0.000000 
0.000000 
0.000000 
0.000000 
0.000000 
0.000000 
0.000000 
0.000000 
0.000000 
0.000000 
0.000000 
0.000000 
0.000000 
0.000000 
0.000000 
0.000000 
0.000000 
0.000000 
0.000000 
0.000000 
0.000000 
0.000000 
0.000000 
0.000000 
0.000000 
0.000000 
0.000000 
0.000000 
0.000000 
0.000000 
0.000000 
0.000000 
0.000000 
0.000000 
0.000000 
0.000000 
0.000000 
0.000000 
0.000000 
0.000000 
0.000000 
0.000000 
0.000000 
0.000000 
0.000000 
0.000000 
0.000000 
0.000000 
0.000000 
0.000000 
0.000000 
0.000000 
0.000000 
0.000000 
0.000000 
0.000000 
0.000000 
0.000000 
0.000000 
0.000000 
0.000000 
0.000000 
0.000000 
0.000000 
0.000000 
0.000000 
0.000000 
0.000000 
0.000000 
0.000000 
0.000000 
0.000000 
0.000000 
0.000000 
0.000000 
0.000000 
0.000000 
0.000000 
0.000000 
0.000000 
0.000000 
0.000000 
0.000000 
0.000000 
0.000000 
0.000000 
0.000000 
0.000000 
0.000000 
0.000000 
0.000000 
0.000000 
0.000000 
0.000000 
0.000000 
0.000000 
0.000000 
0.000000 
0.000000 
0.000000 
0.000000 
0.000000 
0.000000 
0.000000 
0.000000 
0.000000 
0.000000 
0.000000 
0.000000 
0.000000 
0.000000 
0.000000 
0.000000 
0.000000 
0.000000 
0.000000 
0.000000 
0.000000 
0.000000 
0.000000 
0.000000 
0.000000 
0.000000 
0.000000 
0.000000 
0.000000 
0.000000 
0.000000 
0.000000 
0.000000 
0.000000 
0.000000 
0.000000 
0.000000 
0.000000 
0.000000 
0.000000 
0.000000 
0.000000 
0.000000 
0.000000 
0.000000 
0.000000 
0.000000 
0.000000 
0.000000 
0.000000 
0.000000 
0.000000 
0.000000 
0.000000 
0.000000 
0.000000 
0.000000 
1.049406 
1.049386 
1.049437 
1.049355 
1.049368 
1.049356 
1.049343 
1.049415 
1.049298 
1.049356 
1.049443 
1.049566 
1.049387 
1.049349 
1.049418 
1.049454 
1.049314 
1.049349 
1.049378 
1.049356 
1.049319 
1.049376 
1.049411 
1.049385 
1.049434 
1.049384 
1.049369 
1.049377 
1.049409 
1.049234 
1.049397 
1.049214 
1.049409 
1.049360 
1.049458 
1.049273 
1.049503 
1.049385 
1.049323 
1.049370 
1.049274 
1.049365 
1.049346 
1.049311 
1.049364 
1.049285 
1.049274 
1.049256 
1.049481 
1.049410 
1.049439 
1.049375 
1.049319 
1.049346 
1.049350 
1.049266 
1.049374 
1.049435 
1.049336 
1.049330 
1.049416 
1.049463 
1.049295 
1.049353 
1.049392 
1.049352 
1.049306 
1.049427 
1.049391 
1.049291 
1.049391 
1.049134 
1.049321 
1.049385 
1.049371 
1.049314 
1.049321 
1.049313 
1.049379 
1.049393 
1.049372 
1.049301 
1.049258 
1.049236 
1.049405 
1.049377 
1.049359 
1.049333 
1.049485 
1.049411 
1.049269 
1.049289 
1.049339 
1.049341 
1.049349 
1.049301 
1.049463 
1.049337 
1.049331 
1.049395 
1.049363 
0.276949 
0.277018 
0.276710 
0.277069 
0.277385 
0.276742 
0.277377 
0.277440 
0.276699 
0.277171 
0.278141 
0.277559 
0.277022 
0.277369 
0.276779 
0.277239 
0.277301 
0.277951 
0.277420 
0.277183 
0.277664 
0.277397 
0.277929 
0.277574 
0.277291 
0.276772 
0.277157 
0.276988 
0.276917 
0.277101 
0.277100 
0.277522 
0.277383 
0.277190 
0.277829 
0.278164 
0.277400 
0.277739 
0.277653 
0.277510 
0.276918 
0.277960 
0.277001 
0.277643 
0.277014 
0.277270 
0.277318 
0.277451 
0.277225 
0.277864 
0.277462 
0.277096 
0.277570 
0.277677 
0.277481 
0.277322 
0.277201 
0.277685 
0.278269 
0.276918 
0.276811 
0.277222 
0.277646 
0.276937 
0.276957 
0.277546 
0.277556 
0.277090 
0.278024 
0.276636 
0.277153 
0.277145 
0.277004 
0.277306 
0.277339 
0.277644 
0.277303 
0.277263 
0.277591 
0.277138 
0.277243 
0.277875 
0.277145 
0.277469 
0.276989 
0.277790 
0.277291 
0.277306 
0.277658 
0.277063 
0.277357 
0.277568 
0.276925 
0.277000 
0.276786 
0.277383 
0.278059 
0.277390 
0.277593 
0.276082 
0.277324 
0.000000 
0.000000 
0.000000 
0.000000 
0.000000 
0.000000 
0.000000 
0.000000 
0.000000 
0.000000 
0.000000 
0.000000 
0.000000 
0.000000 
0.000000 
0.000000 
0.000000 
0.000000 
0.000000 
0.000000 
0.000000 
0.000000 
0.000000 
0.000000 
0.000000 
0.000000 
0.000000 
0.000000 
0.000000 
0.000000 
0.000000 
0.000000 
0.000000 
0.000000 
0.000000 
0.000000 
0.000000 
0.000000 
0.000000 
0.000000 
0.000000 
0.000000 
0.000000 
0.000000 
0.000000 
0.000000 
0.000000 
0.000000 
0.000000 
0.000000 
0.000000 
0.000000 
0.000000 
0.000000 
0.000000 
0.000000 
0.000000 
0.000000 
0.000000 
0.000000 
0.000000 
0.000000 
0.000000 
0.000000 
0.000000 
0.000000 
0.000000 
0.000000 
0.000000 
0.000000 
0.000000 
0.000000 
0.000000 
0.000000 
0.000000 
0.000000 
0.000000 
0.000000 
0.000000 
0.000000 
0.000000 
0.000000 
0.000000 
0.000000 
0.000000 
0.000000 
0.000000 
0.000000 
0.000000 
0.000000 
0.000000 
0.000000 
0.000000 
0.000000 
0.000000 
0.000000 
0.000000 
0.000000 
0.000000 
0.000000 
0.000000 
0.000000 
0.000000 
0.000000 
0.000000 
0.000000 
0.000000 
0.000000 
0.000000 
0.000000 
0.000000 
0.000000 
0.000000 
0.000000 
0.000000 
0.000000 
0.000000 
0.000000 
0.000000 
0.000000 
0.000000 
0.000000 
0.000000 
0.000000 
0.000000 
0.000000 
0.000000 
0.000000 
0.000000 
0.000000 
0.000000 
0.000000 
0.000000 
0.000000 
0.000000 
0.000000 
0.000000 
0.000000 
0.000000 
0.000000 
0.000000 
0.000000 
0.000000 
0.000000 
0.000000 
0.000000 
0.000000 
0.000000 
0.000000 
0.000000 
0.000000 
0.000000 
0.000000 
0.000000 
0.000000 
0.000000 
0.000000 
0.000000 
0.000000 
0.000000 
0.000000 
0.000000 
0.000000 
0.000000 
0.000000 
0.000000 
0.000000 
0.000000 
0.000000 
0.000000 
0.000000 
0.000000 
0.000000 
0.000000 
0.000000 
0.000000 
0.000000 
0.000000 
0.000000 
0.000000 
0.000000 
0.000000 
0.000000 
0.000000 
0.000000 
0.000000 
0.000000 
0.000000 
0.000000 
0.000000 
0.000000 
0.000000 
0.000000 
0.000000 
0.000000 
0.000000 
0.000000 
0.000000 
0.000000 
0.000000 
0.000000 
0.000000 
0.000000 
0.000000 
0.000000 
0.000000 
0.000000 
0.000000 
0.000000 
0.000000 
0.000000 
0.000000 
0.000000 
0.000000 
0.000000 
0.000000 
0.000000 
0.000000 
0.000000 
0.000000 
0.000000 
0.000000 
0.000000 
0.000000 
0.000000 
0.000000 
0.000000 
0.000000 
0.000000 
0.000000 
0.000000 
0.000000 
0.000000 
0.000000 
0.000000 
0.000000 
0.000000 
0.000000 
0.000000 
0.000000 
0.000000 
0.000000 
0.000000 
0.000000 
0.000000 
0.000000 
0.000000 
0.000000 
0.000000 
0.000000 
0.000000 
0.000000 
0.000000 
0.000000 
0.000000 
0.000000 
0.000000 
0.000000 
0.000000 
0.000000 
0.000000 
0.000000 
0.000000 
0.000000 
0.000000 
0.000000 
0.000000 
0.000000 
0.000000 
0.000000 
0.000000 
0.000000 
0.000000 
0.000000 
0.000000 
0.000000 
0.000000 
0.000000 
0.000000 
0.000000 
0.000000 
0.000000 
0.000000 
0.000000 
0.000000 
0.000000 
0.000000 
0.000000 
0.000000 
0.000000 
0.000000 
0.000000 
0.000000 
0.000000 
0.000000 
0.000000 
0.000000 
0.000000 
0.000000 
0.000000 
0.000000 
0.000000 
0.000000 
0.036905 
0.036931 
0.037127 
0.036910 
0.036808 
0.037053 
0.036726 
0.036818 
0.036838 
0.036756 
0.036639 
0.037113 
0.036876 
0.036581 
0.037118 
0.036912 
0.036660 
0.036505 
0.036828 
0.036691 
0.036460 
0.036799 
0.036674 
0.036814 
0.036906 
0.036992 
0.036918 
0.037003 
0.036956 
0.036613 
0.036912 
0.036361 
0.036862 
0.036830 
0.036817 
0.036387 
0.037042 
0.036574 
0.036523 
0.036645 
0.036856 
0.036501 
0.036785 
0.036589 
0.037023 
0.036581 
0.036523 
0.036534 
0.037010 
0.036590 
0.036828 
0.036942 
0.036552 
0.036550 
0.036602 
0.036512 
0.036716 
0.036780 
0.036316 
0.036826 
0.037172 
0.036982 
0.036442 
0.036833 
0.036969 
0.036604 
0.036627 
0.037051 
0.036537 
0.037006 
0.036917 
0.036388 
0.036831 
0.036795 
0.036739 
0.036567 
0.036677 
0.036764 
0.036700 
0.036802 
0.036901 
0.036497 
0.036669 
0.036471 
0.037077 
0.036697 
0.036822 
0.036635 
0.036913 
0.037047 
0.036556 
0.036475 
0.036942 
0.036895 
0.036984 
0.036662 
0.036653 
0.036704 
0.036674 
0.037454 
0.036770 
0.873919 
0.873813 
0.875862 
0.873726 
0.872667 
0.874943 
0.872070 
0.872638 
0.873942 
0.872685 
0.870501 
0.874436 
0.873739 
0.871348 
0.875547 
0.873590 
0.871821 
0.869943 
0.872543 
0.872307 
0.870193 
0.872522 
0.870981 
0.872421 
0.873491 
0.874679 
0.873618 
0.874351 
0.874365 
0.871700 
0.873740 
0.869621 
0.873073 
0.872949 
0.872131 
0.868834 
0.874222 
0.870866 
0.870495 
0.871699 
0.873407 
0.869955 
0.873003 
0.870766 
0.874288 
0.871394 
0.870962 
0.870898 
0.874347 
0.870470 
0.872795 
0.873856 
0.870855 
0.870656 
0.871295 
0.870941 
0.872422 
0.872047 
0.868273 
0.873426 
0.875771 
0.873836 
0.869992 
0.873386 
0.874370 
0.871095 
0.871222 
0.874566 
0.870049 
0.874885 
0.873690 
0.870126 
0.873403 
0.872768 
0.872347 
0.870781 
0.871962 
0.872561 
0.871617 
0.873039 
0.873355 
0.870007 
0.871951 
0.870211 
0.874716 
0.871352 
0.872782 
0.871613 
0.872900 
0.874566 
0.871206 
0.870451 
0.874158 
0.873664 
0.874569 
0.871683 
0.870806 
0.871861 
0.871388 
0.878339 
0.872494 
0.000000 
0.000000 
0.000000 
0.000000 
0.000000 
0.000000 
0.000000 
0.000000 
0.000000 
0.000000 
0.000000 
0.000000 
0.000000 
0.000000 
0.000000 
0.000000 
0.000000 
0.000000 
0.000000 
0.000000 
0.000000 
0.000000 
0.000000 
0.000000 
0.000000 
0.000000 
0.000000 
0.000000 
0.000000 
0.000000 
0.000000 
0.000000 
0.000000 
0.000000 
0.000000 
0.000000 
0.000000 
0.000000 
0.000000 
0.000000 
0.000000 
0.000000 
0.000000 
0.000000 
0.000000 
0.000000 
0.000000 
0.000000 
0.000000 
0.000000 
0.000000 
0.000000 
0.000000 
0.000000 
0.000000 
0.000000 
0.000000 
0.000000 
0.000000 
0.000000 
0.000000 
0.000000 
0.000000 
0.000000 
0.000000 
0.000000 
0.000000 
0.000000 
0.000000 
0.000000 
0.000000 
0.000000 
0.000000 
0.000000 
0.000000 
0.000000 
0.000000 
0.000000 
0.000000 
0.000000 
0.000000 
0.000000 
0.000000 
0.000000 
0.000000 
0.000000 
0.000000 
0.000000 
0.000000 
0.000000 
0.000000 
0.000000 
0.000000 
0.000000 
0.000000 
0.000000 
0.000000 
0.000000 
0.000000 
0.000000 
0.000000 
0.000000 
0.000000 
0.000000 
0.000000 
0.000000 
0.000000 
0.000000 
0.000000 
0.000000 
0.000000 
0.000000 
0.000000 
0.000000 
0.000000 
0.000000 
0.000000 
0.000000 
0.000000 
0.000000 
0.000000 
0.000000 
0.000000 
0.000000 
0.000000 
0.000000 
0.000000 
0.000000 
0.000000 
0.000000 
0.000000 
0.000000 
0.000000 
0.000000 
0.000000 
0.000000 
0.000000 
0.000000 
0.000000 
0.000000 
0.000000 
0.000000 
0.000000 
0.000000 
0.000000 
0.000000 
0.000000 
0.000000 
0.000000 
0.000000 
0.000000 
0.000000 
0.000000 
0.000000 
0.000000 
0.000000 
0.000000 
0.000000 
0.000000 
0.000000 
0.000000 
0.000000 
0.000000 
0.000000 
0.000000 
0.000000 
0.000000 
0.000000 
0.000000 
0.000000 
0.000000 
0.000000 
0.000000 
0.000000 
0.000000 
0.000000 
0.000000 
0.000000 
0.000000 
0.000000 
0.000000 
0.000000 
0.000000 
0.000000 
0.000000 
0.000000 
0.000000 
0.000000 
0.000000 
0.000000 
0.000000 
0.000000 
0.000000 
0.000000 
0.000000 
0.000000 
0.000000 
0.000000 
0.000000 
0.000000 
0.000000 
0.000000 
0.000000 
0.000000 
0.000000 
0.000000 
0.000000 
0.000000 
0.000000 
0.000000 
0.000000 
0.000000 
0.000000 
0.000000 
0.000000 
0.000000 
0.000000 
0.000000 
0.000000 
0.000000 
0.000000 
0.000000 
0.000000 
0.000000 
0.000000 
0.000000 
0.000000 
0.000000 
0.000000 
0.000000 
0.000000 
0.000000 
0.000000 
0.000000 
0.000000 
0.000000 
0.000000 
0.000000 
0.000000 
0.000000 
0.000000 
0.000000 
0.000000 
0.000000 
0.000000 
0.000000 
0.000000 
0.000000 
0.000000 
0.000000 
0.000000 
0.000000 
0.000000 
0.000000 
0.000000 
0.000000 
0.000000 
0.000000 
0.000000 
0.000000 
0.000000 
0.000000 
0.000000 
0.000000 
0.000000 
0.000000 
0.000000 
0.000000 
0.000000 
0.000000 
0.000000 
0.000000 
0.000000 
0.000000 
0.000000 
0.000000 
0.000000 
0.000000 
0.000000 
0.000000 
0.000000 
0.000000 
0.000000 
0.000000 
0.000000 
0.000000 
0.000000 
0.000000 
0.000000 
0.000000 
0.000000 
0.000000 
0.000000 
0.000000 
0.000000 
0.000000 
0.000000 
0.000000 
0.000000 
0.000000 
0.000000 
0.000000 
0.000000 
0.000000 
0.000000 
0.000000 
0.000000 
0.000000 
0.000000 
0.000000 
0.000000 
0.000000 
0.000000 
0.000000 
0.000000 
0.000000 
0.000000 
0.000000 
0.000000 
0.000000 
0.000000 
0.000000 
0.000000 
0.000000 
0.000000 
0.000000 
0.000000 
0.000000 
0.000000 
0.000000 
0.000000 
0.000000 
0.000000 
0.000000 
0.000000 
0.000000 
0.000000 
0.000000 
0.000000 
0.000000 
0.000000 
0.000000 
0.000000 
0.000000 
0.000000 
0.000000 
0.000000 
0.000000 
0.000000 
0.000000 
0.000000 
0.000000 
0.000000 
0.000000 
0.000000 
0.000000 
0.000000 
0.000000 
0.000000 
0.000000 
0.000000 
0.000000 
0.000000 
0.000000 
0.000000 
0.000000 
0.000000 
0.000000 
0.000000 
0.000000 
0.000000 
0.000000 
0.000000 
0.000000 
0.000000 
0.000000 
0.000000 
0.000000 
0.000000 
0.000000 
0.000000 
0.000000 
0.000000 
0.000000 
0.000000 
0.000000 
0.000000 
0.000000 
0.000000 
0.000000 
0.000000 
0.000000 
0.000000 
0.000000 
0.000000 
0.000000 
0.000000 
0.000000 
0.000000 
0.000000 
0.000000 
0.000000 
0.000000 
0.000000 
0.000000 
0.000000 
0.000000 
0.000000 
0.000000 
0.000000 
0.000000 
0.000000 
0.000000 
0.000000 
0.000000 
0.000000 
0.000000 
0.000000 
0.000000 
0.000000 
0.000000 
0.000000 
0.000000 
0.000000 
0.000000 
0.000000 
0.000000 
0.000000 
0.000000 
0.000000 
0.000000 
0.000000 
0.000000 
0.000000 
0.000000 
0.000000 
0.000000 
0.000000 
0.000000 
0.000000 
0.000000 
0.000000 
0.000000 
0.000000 
0.000000 
0.000000 
0.000000 
0.000000 
0.000000 
0.000000 
0.000000 
0.000000 
0.000000 
0.000000 
0.000000 
0.000000 
0.000000 
0.000000 
0.000000 
0.000000 
0.000000 
0.000000 
0.000000 
0.000000 
0.000000 
0.000000 
0.000000 
0.000000 
0.000000 
0.000000 
0.000000 
0.000000 
0.000000 
0.000000 
0.000000 
0.000000 
0.000000 
0.000000 
0.000000 
0.000000 
0.000000 
0.000000 
0.000000 
0.000000 
0.000000 
0.000000 
0.000000 
0.000000 
0.000000 
0.000000 
0.000000 
0.000000 
0.000000 
0.000000 
0.000000 
0.000000 
0.000000 
0.000000 
0.000000 
0.000000 
0.000000 
0.000000 
0.000000 
0.000000 
0.000000 
0.918810 
0.918792 
0.920619 
0.918685 
0.917739 
0.919831 
0.917135 
0.917727 
0.918788 
0.917736 
0.915737 
0.919581 
0.918676 
0.916522 
0.920382 
0.918580 
0.916750 
0.915221 
0.917562 
0.917358 
0.915369 
0.917602 
0.916149 
0.917423 
0.918517 
0.919533 
0.918581 
0.919169 
0.919256 
0.916679 
0.918718 
0.914823 
0.918129 
0.917937 
0.917273 
0.914126 
0.919252 
0.916041 
0.915642 
0.916827 
0.918323 
0.915186 
0.917930 
0.915921 
0.919260 
0.916478 
0.916129 
0.915982 
0.919316 
0.915754 
0.917814 
0.918834 
0.915945 
0.915838 
0.916484 
0.916007 
0.917503 
0.917117 
0.913706 
0.918337 
0.920585 
0.918910 
0.915151 
0.918373 
0.919303 
0.916338 
0.916303 
0.919432 
0.915299 
0.919707 
0.918643 
0.915290 
0.918363 
0.917833 
0.917449 
0.915889 
0.917030 
0.917476 
0.916727 
0.918003 
0.918341 
0.915262 
0.916946 
0.915358 
0.919578 
0.916484 
0.917732 
0.916708 
0.918060 
0.919481 
0.916263 
0.915588 
0.919022 
0.918609 
0.919513 
0.916718 
0.916025 
0.916991 
0.916570 
0.923000 
0.917540 
-0.036425 
-0.036447 
-0.036688 
-0.036415 
-0.036297 
-0.036566 
-0.036212 
-0.036314 
-0.036342 
-0.036243 
-0.036053 
-0.036630 
-0.036367 
-0.036067 
-0.036667 
-0.036404 
-0.036109 
-0.035928 
-0.036282 
-0.036174 
-0.035888 
-0.036289 
-0.036114 
-0.036294 
-0.036399 
-0.036526 
-0.036406 
-0.036519 
-0.036481 
-0.036072 
-0.036414 
-0.035783 
-0.036354 
-0.036314 
-0.036312 
-0.035765 
-0.036544 
-0.036023 
-0.035930 
-0.036129 
-0.036341 
-0.035906 
-0.036286 
-0.035996 
-0.036539 
-0.036044 
-0.035975 
-0.035971 
-0.036529 
-0.036041 
-0.036321 
-0.036438 
-0.035986 
-0.036003 
-0.036069 
-0.035942 
-0.036186 
-0.036242 
-0.035729 
-0.036300 
-0.036711 
-0.036500 
-0.035869 
-0.036325 
-0.036497 
-0.036082 
-0.036074 
-0.036578 
-0.035983 
-0.036514 
-0.036441 
-0.035797 
-0.036331 
-0.036267 
-0.036228 
-0.036003 
-0.036122 
-0.036229 
-0.036157 
-0.036287 
-0.036390 
-0.035907 
-0.036108 
-0.035897 
-0.036598 
-0.036138 
-0.036300 
-0.036095 
-0.036419 
-0.036523 
-0.036005 
-0.035908 
-0.036470 
-0.036382 
-0.036508 
-0.036120 
-0.036087 
-0.036188 
-0.036125 
-0.037076 
-0.036247 
0.000000 
0.000000 
0.000000 
0.000000 
0.000000 
0.000000 
0.000000 
0.000000 
0.000000 
0.000000 
0.000000 
0.000000 
0.000000 
0.000000 
0.000000 
0.000000 
0.000000 
0.000000 
0.000000 
0.000000 
0.000000 
0.000000 
0.000000 
0.000000 
0.000000 
0.000000 
0.000000 
0.000000 
0.000000 
0.000000 
0.000000 
0.000000 
0.000000 
0.000000 
0.000000 
0.000000 
0.000000 
0.000000 
0.000000 
0.000000 
0.000000 
0.000000 
0.000000 
0.000000 
0.000000 
0.000000 
0.000000 
0.000000 
0.000000 
0.000000 
0.000000 
0.000000 
0.000000 
0.000000 
0.000000 
0.000000 
0.000000 
0.000000 
0.000000 
0.000000 
0.000000 
0.000000 
0.000000 
0.000000 
0.000000 
0.000000 
0.000000 
0.000000 
0.000000 
0.000000 
0.000000 
0.000000 
0.000000 
0.000000 
0.000000 
0.000000 
0.000000 
0.000000 
0.000000 
0.000000 
0.000000 
0.000000 
0.000000 
0.000000 
0.000000 
0.000000 
0.000000 
0.000000 
0.000000 
0.000000 
0.000000 
0.000000 
0.000000 
0.000000 
0.000000 
0.000000 
0.000000 
0.000000 
0.000000 
0.000000 
0.000000 
0.000000 
0.000000 
0.000000 
0.000000 
0.000000 
0.000000 
0.000000 
0.000000 
0.000000 
0.000000 
0.000000 
0.000000 
0.000000 
0.000000 
0.000000 
0.000000 
0.000000 
0.000000 
0.000000 
0.000000 
0.000000 
0.000000 
0.000000 
0.000000 
0.000000 
0.000000 
0.000000 
0.000000 
0.000000 
0.000000 
0.000000 
0.000000 
0.000000 
0.000000 
0.000000 
0.000000 
0.000000 
0.000000 
0.000000 
0.000000 
0.000000 
0.000000 
0.000000 
0.000000 
0.000000 
0.000000 
0.000000 
0.000000 
0.000000 
0.000000 
0.000000 
0.000000 
0.000000 
0.000000 
0.000000 
0.000000 
0.000000 
0.000000 
0.000000 
0.000000 
0.000000 
0.000000 
0.000000 
0.000000 
0.000000 
0.000000 
0.000000 
0.000000 
0.000000 
0.000000 
0.000000 
0.000000 
0.000000 
0.000000 
0.000000 
0.000000 
0.000000 
0.000000 
0.000000 
0.000000 
0.000000 
0.000000 
0.000000 
0.000000 
0.000000 
0.000000 
0.000000 
0.000000 
0.000000 
0.000000 
0.000000 
0.000000 
0.000000 
0.000000 
0.000000 
0.000000 
0.000000 
0.000000 
0.000000 
0.000000 
0.000000 
0.000000 
0.000000 
0.000000 
0.000000 
0.000000 
0.000000 
0.000000 
0.000000 
0.000000 
0.000000 
0.000000 
0.000000 
0.000000 
0.000000 
0.000000 
0.000000 
0.000000 
0.000000 
0.000000 
0.000000 
0.000000 
0.000000 
0.000000 
0.000000 
0.000000 
0.000000 
0.000000 
0.000000 
0.000000 
0.000000 
0.000000 
0.000000 
0.000000 
0.000000 
0.000000 
0.000000 
0.000000 
0.000000 
0.000000 
0.000000 
0.000000 
0.000000 
0.000000 
0.000000 
0.000000 
0.000000 
0.000000 
0.000000 
0.000000 
0.000000 
0.000000 
0.000000 
0.000000 
0.000000 
0.000000 
0.000000 
0.000000 
0.000000 
0.000000 
0.000000 
0.000000 
0.000000 
0.000000 
0.000000 
0.000000 
0.000000 
0.000000 
0.000000 
0.000000 
0.000000 
0.000000 
0.000000 
0.000000 
0.000000 
0.000000 
0.000000 
0.000000 
0.000000 
0.000000 
0.000000 
0.000000 
0.000000 
0.000000 
0.000000 
0.000000 
0.000000 
0.000000 
0.000000 
0.000000 
0.000000 
0.000000 
0.000000 
0.000000 
0.000000 
0.000000 
0.000000 
0.000000 
0.000000 
0.000000 
0.000000 
0.000000 
-0.250501 
-0.250488 
-0.250244 
-0.250632 
-0.251019 
-0.250203 
-0.250948 
-0.251004 
-0.250265 
-0.250800 
-0.251839 
-0.250920 
-0.250642 
-0.251070 
-0.250293 
-0.250785 
-0.251119 
-0.251659 
-0.251063 
-0.250896 
-0.251482 
-0.250967 
-0.251662 
-0.251246 
-0.250820 
-0.250297 
-0.250723 
-0.250586 
-0.250468 
-0.250793 
-0.250676 
-0.251300 
-0.250948 
-0.250847 
-0.251431 
-0.252003 
-0.250880 
-0.251387 
-0.251431 
-0.251161 
-0.250545 
-0.251651 
-0.250652 
-0.251438 
-0.250466 
-0.251005 
-0.250972 
-0.251228 
-0.250687 
-0.251591 
-0.251130 
-0.250651 
-0.251310 
-0.251399 
-0.251137 
-0.251092 
-0.250789 
-0.251390 
-0.252040 
-0.250529 
-0.250300 
-0.250722 
-0.251414 
-0.250506 
-0.250446 
-0.251245 
-0.251249 
-0.250624 
-0.251766 
-0.250110 
-0.250735 
-0.250917 
-0.250645 
-0.250931 
-0.250979 
-0.251412 
-0.251037 
-0.250914 
-0.251334 
-0.250862 
-0.250820 
-0.251618 
-0.250875 
-0.251269 
-0.250510 
-0.251487 
-0.250957 
-0.251011 
-0.251223 
-0.250594 
-0.251082 
-0.251371 
-0.250499 
-0.250591 
-0.250355 
-0.251134 
-0.251775 
-0.251053 
-0.251278 
-0.249346 
-0.250958 
1.041637 
1.041714 
1.040704 
1.041718 
1.042235 
1.041295 
1.042498 
1.042286 
1.041664 
1.042341 
1.043367 
1.041659 
1.041862 
1.042994 
1.040976 
1.041917 
1.042701 
1.043715 
1.042344 
1.042569 
1.043527 
1.042383 
1.043173 
1.042224 
1.041968 
1.041294 
1.041766 
1.041299 
1.041518 
1.042662 
1.041695 
1.043673 
1.042138 
1.042151 
1.042488 
1.044086 
1.041667 
1.043199 
1.043382 
1.042796 
1.041809 
1.043586 
1.042049 
1.043281 
1.041298 
1.042878 
1.043236 
1.043023 
1.041468 
1.043359 
1.042233 
1.041764 
1.043153 
1.043349 
1.042955 
1.043070 
1.042567 
1.042633 
1.044433 
1.041996 
1.040699 
1.041893 
1.043647 
1.042126 
1.041479 
1.043111 
1.042891 
1.041276 
1.043511 
1.041206 
1.041711 
1.043553 
1.041882 
1.042459 
1.042555 
1.043163 
1.042821 
1.042281 
1.042861 
1.042162 
1.041913 
1.043729 
1.042528 
1.043494 
1.041283 
1.042927 
1.042091 
1.042878 
1.042204 
1.041485 
1.042907 
1.043348 
1.041375 
1.041813 
1.041427 
1.042669 
1.043354 
1.042601 
1.042764 
1.039425 
1.042388 
