0.881819 
0.881239 
0.880563 
0.881398 
0.881049 
0.881204 
0.881043 
0.882255 
0.881258 
0.881094 
0.881821 
0.881885 
0.881753 
0.881664 
0.881923 
0.880973 
0.881522 
0.880806 
0.881701 
0.881199 
0.880991 
0.880540 
0.880245 
0.881310 
0.881059 
0.880947 
0.880823 
0.881106 
0.881190 
0.881152 
0.880051 
0.881260 
0.880453 
0.880765 
0.881548 
0.881152 
0.881486 
0.881354 
0.881108 
0.881630 
0.880759 
0.881231 
0.881048 
0.881320 
0.880793 
0.879732 
0.881567 
0.881129 
0.880218 
0.881785 
0.881230 
0.881564 
0.881291 
0.881549 
0.880371 
0.881191 
0.881635 
0.880412 
0.881134 
0.881457 
0.882123 
0.880682 
0.880976 
0.880337 
0.880425 
0.880761 
0.881446 
0.880742 
0.881767 
0.881521 
0.880578 
0.880723 
0.881602 
0.880938 
0.881627 
0.881220 
0.881504 
0.881255 
0.880503 
0.881501 
0.881338 
0.881239 
0.881614 
0.882110 
0.881005 
0.881740 
0.881064 
0.881000 
0.880435 
0.881395 
0.881260 
0.881355 
0.880453 
0.880589 
0.880061 
0.880573 
0.882278 
0.881671 
0.881733 
0.881416 
0.881086 
0.000000 
0.000000 
0.000000 
0.000000 
0.000000 
0.000000 
0.000000 
0.000000 
0.000000 
0.000000 
0.000000 
0.000000 
0.000000 
0.000000 
0.000000 
0.000000 
0.000000 
0.000000 
0.000000 
0.000000 
0.000000 
0.000000 
0.000000 
0.000000 
0.000000 
0.000000 
0.000000 
0.000000 
0.000000 
0.000000 
0.000000 
0.000000 
0.000000 
0.000000 
0.000000 
0.000000 
0.000000 
0.000000 
0.000000 
0.000000 
0.000000 
0.000000 
0.000000 
0.000000 
0.000000 
0.000000 
0.000000 
0.000000 
0.000000 
0.000000 
0.000000 
0.000000 
0.000000 
0.000000 
0.000000 
0.000000 
0.000000 
0.000000 
0.000000 
0.000000 
0.000000 
0.000000 
0.000000 
0.000000 
0.000000 
0.000000 
0.000000 
0.000000 
0.000000 
0.000000 
0.000000 
0.000000 
0.000000 
0.000000 
0.000000 
0.000000 
0.000000 
0.000000 
0.000000 
0.000000 
0.000000 
0.000000 
0.000000 
0.000000 
0.000000 
0.000000 
0.000000 
0.000000 
0.000000 
0.000000 
0.000000 
0.000000 
0.000000 
0.000000 
0.000000 
0.000000 
0.000000 
0.000000 
0.000000 
0.000000 
0.000000 
0.000000 
0.000000 
0.000000 
0.000000 
0.000000 
0.000000 
0.000000 
0.000000 
0.000000 
0.000000 
0.000000 
0.000000 
0.000000 
0.000000 
0.000000 
0.000000 
0.000000 
0.000000 
0.000000 
0.000000 
0.000000 
0.000000 
0.000000 
0.000000 
0.000000 
0.000000 
0.000000 
0.000000 
0.000000 
0.000000 
0.000000 
0.000000 
0.000000 
0.000000 
0.000000 
0.000000 
0.000000 
0.000000 
0.000000 
0.000000 
0.000000 
0.000000 
0.000000 
0.000000 
0.000000 
0.000000 
0.000000 
0.000000 
0.000000 
0.000000 
0.000000 
0.000000 
0.000000 
0.000000 
0.000000 
0.000000 
0.000000 
0.000000 
0.000000 
0.000000 
0.000000 
0.000000 
0.000000 
0.000000 
0.000000 
0.000000 
0.000000 
0.000000 
0.000000 
0.000000 
0.000000 
0.000000 
0.000000 
0.000000 
0.000000 
0.000000 
0.000000 
0.000000 
0.000000 
0.000000 
0.000000 
0.000000 
0.000000 
0.000000 
0.000000 
0.000000 
0.000000 
0.000000 
0.000000 
0.000000 
0.000000 
0.000000 
0.000000 
0.000000 
0.000000 
0.000000 
0.000000 
0.000000 
0.000000 
0.000000 
0.000000 
0.000000 
0.000000 
0.000000 
0.000000 
0.000000 
0.000000 
0.000000 
0.000000 
0.000000 
0.000000 
0.000000 
0.000000 
0.000000 
0.000000 
0.000000 
0.000000 
0.000000 
0.000000 
0.000000 
0.000000 
0.000000 
0.000000 
0.000000 
0.000000 
0.000000 
0.000000 
0.000000 
0.000000 
0.000000 
0.000000 
0.000000 
0.000000 
0.000000 
0.000000 
0.000000 
0.000000 
0.000000 
0.000000 
0.000000 
0.000000 
0.000000 
0.000000 
0.000000 
0.000000 
0.000000 
0.000000 
0.000000 
0.000000 
0.000000 
0.000000 
0.000000 
0.000000 
0.000000 
0.000000 
0.000000 
0.000000 
0.000000 
0.000000 
0.000000 
0.000000 
0.000000 
0.000000 
0.000000 
0.000000 
0.000000 
0.000000 
0.000000 
0.000000 
0.000000 
0.000000 
0.000000 
0.000000 
0.000000 
0.000000 
0.000000 
0.000000 
0.000000 
0.000000 
0.000000 
0.000000 
0.000000 
0.000000 
0.000000 
0.000000 
0.000000 
0.000000 
0.000000 
0.000000 
0.000000 
0.000000 
0.000000 
0.000000 
0.000000 
0.000000 
0.000000 
0.000000 
0.000000 
0.000000 
0.000000 
0.000000 
0.000000 
0.000000 
0.000000 
0.000000 
0.000000 
0.000000 
0.000000 
0.000000 
0.000000 
0.000000 
0.000000 
0.000000 
0.000000 
0.000000 
0.000000 
0.000000 
0.000000 
0.000000 
0.000000 
0.000000 
0.000000 
0.000000 
0.000000 
0.000000 
0.000000 
0.000000 
0.000000 
0.000000 
0.000000 
0.000000 
0.000000 
0.000000 
0.000000 
0.000000 
0.000000 
0.000000 
0.000000 
0.000000 
0.000000 
0.000000 
0.000000 
0.000000 
0.000000 
0.000000 
0.000000 
0.000000 
0.000000 
0.000000 
0.000000 
0.000000 
0.000000 
0.000000 
0.000000 
0.000000 
0.000000 
0.000000 
0.000000 
0.000000 
0.000000 
0.000000 
0.000000 
0.000000 
0.000000 
0.000000 
0.000000 
0.000000 
0.000000 
0.000000 
0.000000 
0.000000 
0.000000 
0.000000 
0.000000 
0.000000 
0.000000 
0.000000 
0.000000 
0.000000 
0.000000 
0.000000 
0.000000 
0.000000 
0.000000 
0.000000 
0.000000 
0.000000 
0.000000 
0.000000 
0.000000 
0.000000 
0.000000 
0.000000 
0.000000 
0.000000 
0.000000 
0.000000 
0.000000 
0.000000 
0.000000 
0.000000 
0.000000 
0.000000 
0.000000 
0.000000 
0.000000 
0.000000 
0.000000 
0.000000 
0.000000 
0.000000 
0.000000 
0.000000 
0.000000 
0.000000 
0.000000 
0.000000 
0.000000 
0.000000 
0.000000 
0.000000 
0.000000 
0.000000 
0.000000 
0.000000 
0.000000 
0.000000 
0.000000 
0.000000 
0.000000 
0.000000 
0.000000 
0.000000 
0.000000 
0.000000 
0.000000 
0.000000 
0.000000 
0.000000 
0.000000 
0.000000 
0.000000 
0.000000 
0.000000 
0.000000 
0.000000 
0.000000 
0.000000 
0.000000 
0.000000 
0.000000 
0.000000 
0.000000 
0.000000 
0.000000 
0.000000 
0.000000 
0.000000 
0.000000 
0.000000 
0.000000 
0.000000 
0.000000 
0.000000 
0.000000 
0.000000 
0.000000 
0.000000 
0.000000 
0.000000 
0.000000 
0.000000 
0.000000 
0.000000 
0.000000 
0.000000 
0.000000 
0.000000 
0.000000 
0.000000 
0.000000 
0.000000 
0.000000 
0.000000 
0.000000 
0.000000 
0.000000 
0.000000 
0.000000 
0.000000 
0.000000 
0.000000 
0.000000 
0.000000 
0.000000 
0.000000 
0.000000 
0.000000 
0.000000 
0.000000 
0.000000 
0.000000 
0.000000 
0.000000 
0.943939 
0.943207 
0.942431 
0.943662 
0.943164 
0.943436 
0.943541 
0.944690 
0.943551 
0.943576 
0.944365 
0.944271 
0.943858 
0.943751 
0.944463 
0.943625 
0.944412 
0.942568 
0.943952 
0.943517 
0.943224 
0.943234 
0.942135 
0.943227 
0.943355 
0.943225 
0.943096 
0.943415 
0.943693 
0.943567 
0.942118 
0.943913 
0.942572 
0.942868 
0.944441 
0.943308 
0.943837 
0.943583 
0.943836 
0.944089 
0.943358 
0.943530 
0.943448 
0.943704 
0.943174 
0.941814 
0.943718 
0.943343 
0.942584 
0.944705 
0.943515 
0.943990 
0.943633 
0.943524 
0.942650 
0.943392 
0.943834 
0.942898 
0.943502 
0.944067 
0.944413 
0.943105 
0.943314 
0.943012 
0.942401 
0.943780 
0.944113 
0.943300 
0.944258 
0.943822 
0.942214 
0.943042 
0.944118 
0.943248 
0.944208 
0.943325 
0.943813 
0.944092 
0.942644 
0.943705 
0.943595 
0.943369 
0.943837 
0.944902 
0.942870 
0.944061 
0.943125 
0.943239 
0.943332 
0.943678 
0.943452 
0.943835 
0.942834 
0.942960 
0.942295 
0.943076 
0.944523 
0.943674 
0.944286 
0.943740 
0.943437 
0.251306 
0.250637 
0.250017 
0.251979 
0.251171 
0.249104 
0.250483 
0.249728 
0.249151 
0.250388 
0.250237 
0.249619 
0.250386 
0.249609 
0.251653 
0.250363 
0.249875 
0.251617 
0.250327 
0.249822 
0.250542 
0.251024 
0.252138 
0.250319 
0.250117 
0.249748 
0.250272 
0.249280 
0.250057 
0.250671 
0.249624 
0.249941 
0.249408 
0.250706 
0.250746 
0.251886 
0.250733 
0.250594 
0.250647 
0.249345 
0.249353 
0.250111 
0.250261 
0.249431 
0.250706 
0.249781 
0.251757 
0.249492 
0.250148 
0.250250 
0.249967 
0.249189 
0.250444 
0.250321 
0.249688 
0.249894 
0.249323 
0.251228 
0.250309 
0.249969 
0.250403 
0.249756 
0.250736 
0.248870 
0.250224 
0.250426 
0.250635 
0.249563 
0.251189 
0.251132 
0.250315 
0.249964 
0.249922 
0.250097 
0.249523 
0.250624 
0.250187 
0.250410 
0.250399 
0.250326 
0.249041 
0.250247 
0.249852 
0.250697 
0.252004 
0.250078 
0.250578 
0.251317 
0.251172 
0.250821 
0.250793 
0.250011 
0.249699 
0.250414 
0.250448 
0.250446 
0.250460 
0.251368 
0.251027 
0.250923 
0.250366 
0.000000 
0.000000 
0.000000 
0.000000 
0.000000 
0.000000 
0.000000 
0.000000 
0.000000 
0.000000 
0.000000 
0.000000 
0.000000 
0.000000 
0.000000 
0.000000 
0.000000 
0.000000 
0.000000 
0.000000 
0.000000 
0.000000 
0.000000 
0.000000 
0.000000 
0.000000 
0.000000 
0.000000 
0.000000 
0.000000 
0.000000 
0.000000 
0.000000 
0.000000 
0.000000 
0.000000 
0.000000 
0.000000 
0.000000 
0.000000 
0.000000 
0.000000 
0.000000 
0.000000 
0.000000 
0.000000 
0.000000 
0.000000 
0.000000 
0.000000 
0.000000 
0.000000 
0.000000 
0.000000 
0.000000 
0.000000 
0.000000 
0.000000 
0.000000 
0.000000 
0.000000 
0.000000 
0.000000 
0.000000 
0.000000 
0.000000 
0.000000 
0.000000 
0.000000 
0.000000 
0.000000 
0.000000 
0.000000 
0.000000 
0.000000 
0.000000 
0.000000 
0.000000 
0.000000 
0.000000 
0.000000 
0.000000 
0.000000 
0.000000 
0.000000 
0.000000 
0.000000 
0.000000 
0.000000 
0.000000 
0.000000 
0.000000 
0.000000 
0.000000 
0.000000 
0.000000 
0.000000 
0.000000 
0.000000 
0.000000 
0.000000 
0.000000 
0.000000 
0.000000 
0.000000 
0.000000 
0.000000 
0.000000 
0.000000 
0.000000 
0.000000 
0.000000 
0.000000 
0.000000 
0.000000 
0.000000 
0.000000 
0.000000 
0.000000 
0.000000 
0.000000 
0.000000 
0.000000 
0.000000 
0.000000 
0.000000 
0.000000 
0.000000 
0.000000 
0.000000 
0.000000 
0.000000 
0.000000 
0.000000 
0.000000 
0.000000 
0.000000 
0.000000 
0.000000 
0.000000 
0.000000 
0.000000 
0.000000 
0.000000 
0.000000 
0.000000 
0.000000 
0.000000 
0.000000 
0.000000 
0.000000 
0.000000 
0.000000 
0.000000 
0.000000 
0.000000 
0.000000 
0.000000 
0.000000 
0.000000 
0.000000 
0.000000 
0.000000 
0.000000 
0.000000 
0.000000 
0.000000 
0.000000 
0.000000 
0.000000 
0.000000 
0.000000 
0.000000 
0.000000 
0.000000 
0.000000 
0.000000 
0.000000 
0.000000 
0.000000 
0.000000 
0.000000 
0.000000 
0.000000 
0.000000 
0.000000 
0.000000 
0.000000 
0.000000 
0.000000 
0.000000 
0.000000 
0.000000 
0.000000 
0.000000 
0.000000 
0.000000 
0.000000 
0.000000 
0.000000 
0.000000 
0.000000 
0.000000 
0.000000 
0.000000 
0.000000 
0.000000 
0.000000 
0.000000 
0.000000 
0.000000 
0.000000 
0.000000 
0.000000 
0.000000 
0.000000 
0.000000 
0.000000 
0.000000 
0.000000 
0.000000 
0.000000 
0.000000 
0.000000 
0.000000 
0.000000 
0.000000 
0.000000 
0.000000 
0.000000 
0.000000 
0.000000 
0.000000 
0.000000 
0.000000 
0.000000 
0.000000 
0.000000 
0.000000 
0.000000 
0.000000 
0.000000 
0.000000 
0.000000 
0.000000 
0.000000 
0.000000 
0.000000 
0.000000 
0.000000 
0.000000 
0.000000 
0.000000 
0.000000 
0.000000 
0.000000 
0.000000 
0.000000 
0.000000 
0.000000 
0.000000 
0.000000 
0.000000 
0.000000 
0.000000 
0.000000 
0.000000 
0.000000 
0.000000 
0.000000 
0.000000 
0.000000 
0.000000 
0.000000 
0.000000 
0.000000 
0.000000 
0.000000 
0.000000 
0.000000 
0.000000 
0.000000 
0.000000 
0.000000 
0.000000 
0.000000 
0.000000 
0.000000 
0.000000 
0.000000 
0.000000 
0.000000 
0.000000 
0.000000 
0.000000 
0.000000 
0.000000 
0.000000 
0.000000 
0.000000 
0.000000 
0.000000 
0.000000 
0.042196 
0.042600 
0.042550 
0.042569 
0.042613 
0.042611 
0.042576 
0.042429 
0.042390 
0.042590 
0.042395 
0.042381 
0.042357 
0.042069 
0.042250 
0.042855 
0.042570 
0.042726 
0.042435 
0.042412 
0.042662 
0.043218 
0.042961 
0.042229 
0.042685 
0.042738 
0.042726 
0.042790 
0.042420 
0.042530 
0.042734 
0.042875 
0.042765 
0.042613 
0.042452 
0.042741 
0.042506 
0.042508 
0.042644 
0.042485 
0.042716 
0.042442 
0.042564 
0.042304 
0.042713 
0.042667 
0.042333 
0.042712 
0.042778 
0.042543 
0.042698 
0.042712 
0.042597 
0.042326 
0.042750 
0.042289 
0.042538 
0.043008 
0.042907 
0.042485 
0.042222 
0.042643 
0.042561 
0.042781 
0.042852 
0.042934 
0.042687 
0.042567 
0.042556 
0.042539 
0.042526 
0.042768 
0.042478 
0.042554 
0.042623 
0.042530 
0.042390 
0.042688 
0.042702 
0.042353 
0.042440 
0.042412 
0.042274 
0.042410 
0.042543 
0.042385 
0.042407 
0.042642 
0.043013 
0.042631 
0.042598 
0.042524 
0.042702 
0.042722 
0.042800 
0.042693 
0.042211 
0.042076 
0.042534 
0.042519 
0.042577 
0.807702 
0.810330 
0.809808 
0.808387 
0.809074 
0.812068 
0.810283 
0.811534 
0.811113 
0.810606 
0.811329 
0.811670 
0.810073 
0.809766 
0.808185 
0.812616 
0.813063 
0.807783 
0.810335 
0.810673 
0.810219 
0.812579 
0.807894 
0.808770 
0.811513 
0.812343 
0.810996 
0.812967 
0.810832 
0.810067 
0.810780 
0.813127 
0.811997 
0.809573 
0.810751 
0.808495 
0.810632 
0.809339 
0.811632 
0.812267 
0.813482 
0.810628 
0.810818 
0.811408 
0.810239 
0.809729 
0.807671 
0.812349 
0.810958 
0.812633 
0.811157 
0.813513 
0.809932 
0.809552 
0.811845 
0.809999 
0.812067 
0.810694 
0.812325 
0.810953 
0.810083 
0.811758 
0.809735 
0.813634 
0.811120 
0.813236 
0.810903 
0.811445 
0.810336 
0.809567 
0.808476 
0.811452 
0.811544 
0.810005 
0.812453 
0.809960 
0.810053 
0.811861 
0.810284 
0.809859 
0.811788 
0.810220 
0.810753 
0.810782 
0.806798 
0.811011 
0.808854 
0.809371 
0.811499 
0.809967 
0.810486 
0.811606 
0.811706 
0.811080 
0.810314 
0.810502 
0.810490 
0.806912 
0.810208 
0.809474 
0.810538 
0.000000 
0.000000 
0.000000 
0.000000 
0.000000 
0.000000 
0.000000 
0.000000 
0.000000 
0.000000 
0.000000 
0.000000 
0.000000 
0.000000 
0.000000 
0.000000 
0.000000 
0.000000 
0.000000 
0.000000 
0.000000 
0.000000 
0.000000 
0.000000 
0.000000 
0.000000 
0.000000 
0.000000 
0.000000 
0.000000 
0.000000 
0.000000 
0.000000 
0.000000 
0.000000 
0.000000 
0.000000 
0.000000 
0.000000 
0.000000 
0.000000 
0.000000 
0.000000 
0.000000 
0.000000 
0.000000 
0.000000 
0.000000 
0.000000 
0.000000 
0.000000 
0.000000 
0.000000 
0.000000 
0.000000 
0.000000 
0.000000 
0.000000 
0.000000 
0.000000 
0.000000 
0.000000 
0.000000 
0.000000 
0.000000 
0.000000 
0.000000 
0.000000 
0.000000 
0.000000 
0.000000 
0.000000 
0.000000 
0.000000 
0.000000 
0.000000 
0.000000 
0.000000 
0.000000 
0.000000 
0.000000 
0.000000 
0.000000 
0.000000 
0.000000 
0.000000 
0.000000 
0.000000 
0.000000 
0.000000 
0.000000 
0.000000 
0.000000 
0.000000 
0.000000 
0.000000 
0.000000 
0.000000 
0.000000 
0.000000 
0.000000 
0.000000 
0.000000 
0.000000 
0.000000 
0.000000 
0.000000 
0.000000 
0.000000 
0.000000 
0.000000 
0.000000 
0.000000 
0.000000 
0.000000 
0.000000 
0.000000 
0.000000 
0.000000 
0.000000 
0.000000 
0.000000 
0.000000 
0.000000 
0.000000 
0.000000 
0.000000 
0.000000 
0.000000 
0.000000 
0.000000 
0.000000 
0.000000 
0.000000 
0.000000 
0.000000 
0.000000 
0.000000 
0.000000 
0.000000 
0.000000 
0.000000 
0.000000 
0.000000 
0.000000 
0.000000 
0.000000 
0.000000 
0.000000 
0.000000 
0.000000 
0.000000 
0.000000 
0.000000 
0.000000 
0.000000 
0.000000 
0.000000 
0.000000 
0.000000 
0.000000 
0.000000 
0.000000 
0.000000 
0.000000 
0.000000 
0.000000 
0.000000 
0.000000 
0.000000 
0.000000 
0.000000 
0.000000 
0.000000 
0.000000 
0.000000 
0.000000 
0.000000 
0.000000 
0.000000 
0.000000 
0.000000 
0.000000 
0.000000 
0.000000 
0.000000 
0.000000 
0.000000 
0.000000 
0.000000 
0.000000 
0.000000 
0.000000 
0.000000 
0.000000 
0.000000 
0.000000 
0.000000 
0.000000 
0.000000 
0.000000 
0.000000 
0.000000 
0.000000 
0.000000 
0.000000 
0.000000 
0.000000 
0.000000 
0.000000 
0.000000 
0.000000 
0.000000 
0.000000 
0.000000 
0.000000 
0.000000 
0.000000 
0.000000 
0.000000 
0.000000 
0.000000 
0.000000 
0.000000 
0.000000 
0.000000 
0.000000 
0.000000 
0.000000 
0.000000 
0.000000 
0.000000 
0.000000 
0.000000 
0.000000 
0.000000 
0.000000 
0.000000 
0.000000 
0.000000 
0.000000 
0.000000 
0.000000 
0.000000 
0.000000 
0.000000 
0.000000 
0.000000 
0.000000 
0.000000 
0.000000 
0.000000 
0.000000 
0.000000 
0.000000 
0.000000 
0.000000 
0.000000 
0.000000 
0.000000 
0.000000 
0.000000 
0.000000 
0.000000 
0.000000 
0.000000 
0.000000 
0.000000 
0.000000 
0.000000 
0.000000 
0.000000 
0.000000 
0.000000 
0.000000 
0.000000 
0.000000 
0.000000 
0.000000 
0.000000 
0.000000 
0.000000 
0.000000 
0.000000 
0.000000 
0.000000 
0.000000 
0.000000 
0.000000 
0.000000 
0.000000 
0.000000 
0.000000 
0.000000 
0.000000 
0.000000 
0.000000 
0.000000 
0.000000 
0.000000 
0.000000 
0.000000 
0.000000 
0.000000 
0.000000 
0.000000 
0.000000 
0.000000 
0.000000 
0.000000 
0.000000 
0.000000 
0.000000 
0.000000 
0.000000 
0.000000 
0.000000 
0.000000 
0.000000 
0.000000 
0.000000 
0.000000 
0.000000 
0.000000 
0.000000 
0.000000 
0.000000 
0.000000 
0.000000 
0.000000 
0.000000 
0.000000 
0.000000 
0.000000 
0.000000 
0.000000 
0.000000 
0.000000 
0.000000 
0.000000 
0.000000 
0.000000 
0.000000 
0.000000 
0.000000 
0.000000 
0.000000 
0.000000 
0.000000 
0.000000 
0.000000 
0.000000 
0.000000 
0.000000 
0.000000 
0.000000 
0.000000 
0.000000 
0.000000 
0.000000 
0.000000 
0.000000 
0.000000 
0.000000 
0.000000 
0.000000 
0.000000 
0.000000 
0.000000 
0.000000 
0.000000 
0.000000 
0.000000 
0.000000 
0.000000 
0.000000 
0.000000 
0.000000 
0.000000 
0.000000 
0.000000 
0.000000 
0.000000 
0.000000 
0.000000 
0.000000 
0.000000 
0.000000 
0.000000 
0.000000 
0.000000 
0.000000 
0.000000 
0.000000 
0.000000 
0.000000 
0.000000 
0.000000 
0.000000 
0.000000 
0.000000 
0.000000 
0.000000 
0.000000 
0.000000 
0.000000 
0.000000 
0.000000 
0.000000 
0.000000 
0.000000 
0.000000 
0.000000 
0.000000 
0.000000 
0.000000 
0.000000 
0.000000 
0.000000 
0.000000 
0.000000 
0.000000 
0.000000 
0.000000 
0.000000 
0.000000 
0.000000 
0.000000 
0.000000 
0.000000 
0.000000 
0.000000 
0.000000 
0.000000 
0.000000 
0.000000 
0.000000 
0.000000 
0.000000 
0.000000 
0.000000 
0.000000 
0.000000 
0.000000 
0.000000 
0.000000 
0.000000 
0.000000 
0.000000 
0.000000 
0.000000 
0.000000 
0.000000 
0.000000 
0.000000 
0.000000 
0.000000 
0.000000 
0.000000 
0.000000 
0.000000 
0.000000 
0.000000 
0.000000 
0.000000 
0.000000 
0.000000 
0.000000 
0.000000 
0.000000 
0.000000 
0.000000 
0.000000 
0.000000 
0.000000 
0.000000 
0.000000 
0.000000 
0.000000 
0.000000 
0.000000 
0.000000 
0.000000 
0.000000 
0.000000 
0.000000 
0.000000 
0.000000 
0.000000 
0.000000 
0.000000 
0.000000 
0.000000 
0.000000 
0.000000 
0.000000 
0.000000 
0.000000 
0.000000 
0.000000 
0.000000 
0.000000 
0.000000 
0.000000 
0.000000 
0.848629 
0.851179 
0.850028 
0.849795 
0.849835 
0.851774 
0.850386 
0.851973 
0.850797 
0.850909 
0.851867 
0.852154 
0.850937 
0.849982 
0.848678 
0.853254 
0.853602 
0.848773 
0.850668 
0.850754 
0.850412 
0.853248 
0.848640 
0.848862 
0.851637 
0.852455 
0.851417 
0.853131 
0.850918 
0.850564 
0.850898 
0.853417 
0.851948 
0.850142 
0.850941 
0.849488 
0.851614 
0.849881 
0.852261 
0.852308 
0.853543 
0.850611 
0.850937 
0.851063 
0.850718 
0.849520 
0.848961 
0.852424 
0.850941 
0.852803 
0.851510 
0.853820 
0.850308 
0.850145 
0.852151 
0.850211 
0.852494 
0.851552 
0.853080 
0.850761 
0.850514 
0.851929 
0.850391 
0.853103 
0.851446 
0.853495 
0.851277 
0.851085 
0.851221 
0.850462 
0.848566 
0.851516 
0.851859 
0.849741 
0.852533 
0.850738 
0.850048 
0.852046 
0.850656 
0.850530 
0.851629 
0.850575 
0.851008 
0.851500 
0.847853 
0.851592 
0.848848 
0.850015 
0.851903 
0.851056 
0.851321 
0.851735 
0.851542 
0.851311 
0.850617 
0.850680 
0.851451 
0.847975 
0.850713 
0.849822 
0.850887 
-0.022230 
-0.022491 
-0.022305 
-0.022562 
-0.022527 
-0.022623 
-0.022541 
-0.022527 
-0.022413 
-0.022604 
-0.022682 
-0.022566 
-0.022532 
-0.022328 
-0.022258 
-0.022885 
-0.022905 
-0.022370 
-0.022412 
-0.022445 
-0.022561 
-0.023090 
-0.022432 
-0.022267 
-0.022622 
-0.022703 
-0.022635 
-0.022723 
-0.022544 
-0.022668 
-0.022691 
-0.022784 
-0.022664 
-0.022489 
-0.022450 
-0.022483 
-0.022608 
-0.022462 
-0.022777 
-0.022556 
-0.022822 
-0.022528 
-0.022505 
-0.022373 
-0.022638 
-0.022503 
-0.022246 
-0.022649 
-0.022689 
-0.022744 
-0.022618 
-0.022714 
-0.022534 
-0.022377 
-0.022839 
-0.022417 
-0.022634 
-0.022752 
-0.022889 
-0.022446 
-0.022312 
-0.022714 
-0.022520 
-0.022870 
-0.022681 
-0.022973 
-0.022698 
-0.022621 
-0.022611 
-0.022481 
-0.022273 
-0.022638 
-0.022562 
-0.022469 
-0.022735 
-0.022588 
-0.022433 
-0.022661 
-0.022631 
-0.022506 
-0.022494 
-0.022401 
-0.022430 
-0.022541 
-0.022226 
-0.022565 
-0.022322 
-0.022526 
-0.022858 
-0.022543 
-0.022567 
-0.022540 
-0.022702 
-0.022649 
-0.022773 
-0.022658 
-0.022484 
-0.022206 
-0.022534 
-0.022431 
-0.022560 
0.000000 
0.000000 
0.000000 
0.000000 
0.000000 
0.000000 
0.000000 
0.000000 
0.000000 
0.000000 
0.000000 
0.000000 
0.000000 
0.000000 
0.000000 
0.000000 
0.000000 
0.000000 
0.000000 
0.000000 
0.000000 
0.000000 
0.000000 
0.000000 
0.000000 
0.000000 
0.000000 
0.000000 
0.000000 
0.000000 
0.000000 
0.000000 
0.000000 
0.000000 
0.000000 
0.000000 
0.000000 
0.000000 
0.000000 
0.000000 
0.000000 
0.000000 
0.000000 
0.000000 
0.000000 
0.000000 
0.000000 
0.000000 
0.000000 
0.000000 
0.000000 
0.000000 
0.000000 
0.000000 
0.000000 
0.000000 
0.000000 
0.000000 
0.000000 
0.000000 
0.000000 
0.000000 
0.000000 
0.000000 
0.000000 
0.000000 
0.000000 
0.000000 
0.000000 
0.000000 
0.000000 
0.000000 
0.000000 
0.000000 
0.000000 
0.000000 
0.000000 
0.000000 
0.000000 
0.000000 
0.000000 
0.000000 
0.000000 
0.000000 
0.000000 
0.000000 
0.000000 
0.000000 
0.000000 
0.000000 
0.000000 
0.000000 
0.000000 
0.000000 
0.000000 
0.000000 
0.000000 
0.000000 
0.000000 
0.000000 
0.000000 
0.000000 
0.000000 
0.000000 
0.000000 
0.000000 
0.000000 
0.000000 
0.000000 
0.000000 
0.000000 
0.000000 
0.000000 
0.000000 
0.000000 
0.000000 
0.000000 
0.000000 
0.000000 
0.000000 
0.000000 
0.000000 
0.000000 
0.000000 
0.000000 
0.000000 
0.000000 
0.000000 
0.000000 
0.000000 
0.000000 
0.000000 
0.000000 
0.000000 
0.000000 
0.000000 
0.000000 
0.000000 
0.000000 
0.000000 
0.000000 
0.000000 
0.000000 
0.000000 
0.000000 
0.000000 
0.000000 
0.000000 
0.000000 
0.000000 
0.000000 
0.000000 
0.000000 
0.000000 
0.000000 
0.000000 
0.000000 
0.000000 
0.000000 
0.000000 
0.000000 
0.000000 
0.000000 
0.000000 
0.000000 
0.000000 
0.000000 
0.000000 
0.000000 
0.000000 
0.000000 
0.000000 
0.000000 
0.000000 
0.000000 
0.000000 
0.000000 
0.000000 
0.000000 
0.000000 
0.000000 
0.000000 
0.000000 
0.000000 
0.000000 
0.000000 
0.000000 
0.000000 
0.000000 
0.000000 
0.000000 
0.000000 
0.000000 
0.000000 
0.000000 
0.000000 
0.000000 
0.000000 
0.000000 
0.000000 
0.000000 
0.000000 
0.000000 
0.000000 
0.000000 
0.000000 
0.000000 
0.000000 
0.000000 
0.000000 
0.000000 
0.000000 
0.000000 
0.000000 
0.000000 
0.000000 
0.000000 
0.000000 
0.000000 
0.000000 
0.000000 
0.000000 
0.000000 
0.000000 
0.000000 
0.000000 
0.000000 
0.000000 
0.000000 
0.000000 
0.000000 
0.000000 
0.000000 
0.000000 
0.000000 
0.000000 
0.000000 
0.000000 
0.000000 
0.000000 
0.000000 
0.000000 
0.000000 
0.000000 
0.000000 
0.000000 
0.000000 
0.000000 
0.000000 
0.000000 
0.000000 
0.000000 
0.000000 
0.000000 
0.000000 
0.000000 
0.000000 
0.000000 
0.000000 
0.000000 
0.000000 
0.000000 
0.000000 
0.000000 
0.000000 
0.000000 
0.000000 
0.000000 
0.000000 
0.000000 
0.000000 
0.000000 
0.000000 
0.000000 
0.000000 
0.000000 
0.000000 
0.000000 
0.000000 
0.000000 
0.000000 
0.000000 
0.000000 
0.000000 
0.000000 
0.000000 
0.000000 
0.000000 
0.000000 
0.000000 
0.000000 
0.000000 
0.000000 
0.000000 
0.000000 
0.000000 
0.000000 
0.000000 
0.000000 
0.000000 
0.000000 
0.000000 
0.000000 
-0.251298 
-0.250532 
-0.250635 
-0.251684 
-0.251287 
-0.249370 
-0.250669 
-0.249011 
-0.249661 
-0.250563 
-0.249852 
-0.249490 
-0.250593 
-0.249974 
-0.251062 
-0.249790 
-0.249244 
-0.251863 
-0.249997 
-0.250043 
-0.250597 
-0.250237 
-0.252356 
-0.250726 
-0.250119 
-0.249659 
-0.250549 
-0.249050 
-0.250116 
-0.250762 
-0.250485 
-0.249395 
-0.249478 
-0.251051 
-0.250140 
-0.251797 
-0.250075 
-0.251139 
-0.250269 
-0.248911 
-0.248904 
-0.250222 
-0.250476 
-0.249502 
-0.250990 
-0.251467 
-0.251774 
-0.249309 
-0.250698 
-0.249411 
-0.250223 
-0.248883 
-0.250642 
-0.250862 
-0.250100 
-0.250049 
-0.249279 
-0.250782 
-0.249439 
-0.249863 
-0.249957 
-0.250011 
-0.250670 
-0.249181 
-0.250230 
-0.249454 
-0.250213 
-0.249848 
-0.250524 
-0.251403 
-0.251073 
-0.250313 
-0.249458 
-0.250907 
-0.249404 
-0.250374 
-0.250471 
-0.249969 
-0.250769 
-0.250350 
-0.249320 
-0.250283 
-0.249789 
-0.249893 
-0.252683 
-0.249732 
-0.251232 
-0.250904 
-0.250959 
-0.250633 
-0.250416 
-0.249619 
-0.249656 
-0.250603 
-0.251199 
-0.250757 
-0.249616 
-0.251600 
-0.250655 
-0.250638 
-0.250427 
1.089236 
1.088102 
1.088168 
1.088732 
1.088413 
1.086718 
1.087624 
1.087603 
1.087269 
1.087626 
1.087309 
1.087236 
1.088120 
1.087496 
1.088383 
1.086734 
1.086178 
1.089585 
1.087556 
1.087389 
1.087841 
1.086895 
1.089276 
1.087974 
1.087276 
1.086693 
1.087475 
1.086692 
1.087158 
1.087631 
1.087208 
1.086725 
1.086699 
1.088274 
1.087005 
1.088977 
1.087563 
1.088780 
1.086920 
1.086500 
1.085588 
1.087193 
1.087425 
1.086562 
1.087958 
1.087982 
1.089535 
1.087145 
1.087102 
1.086283 
1.087741 
1.086536 
1.088120 
1.088477 
1.086687 
1.087534 
1.087172 
1.087446 
1.086885 
1.087303 
1.087877 
1.086632 
1.087668 
1.085565 
1.087154 
1.085813 
1.087747 
1.086867 
1.088110 
1.088719 
1.088682 
1.087452 
1.086944 
1.087962 
1.086922 
1.087817 
1.087716 
1.087073 
1.087866 
1.087979 
1.086736 
1.088019 
1.087337 
1.087576 
1.089852 
1.087457 
1.088300 
1.087888 
1.087106 
1.088442 
1.088065 
1.086865 
1.086346 
1.087085 
1.087407 
1.087210 
1.087819 
1.089339 
1.087971 
1.088123 
1.087622 
