0.979093 
0.979082 
0.978974 
0.979092 
0.979032 
0.978563 
0.978578 
0.978445 
0.978540 
0.978435 
0.978319 
0.978550 
0.978856 
0.978764 
0.978827 
0.978299 
0.977952 
0.979503 
0.978942 
0.978555 
0.978978 
0.978403 
0.979416 
0.979093 
0.978743 
0.978724 
0.978776 
0.978687 
0.978509 
0.978554 
0.978849 
0.978361 
0.978827 
0.979012 
0.978207 
0.979216 
0.978637 
0.979003 
0.978252 
0.978474 
0.978186 
0.978695 
0.978578 
0.978330 
0.978745 
0.978837 
0.979203 
0.978576 
0.978508 
0.978074 
0.978829 
0.978429 
0.978725 
0.978777 
0.978503 
0.978629 
0.978719 
0.978912 
0.978771 
0.978497 
0.978659 
0.978403 
0.978871 
0.977950 
0.979030 
0.977928 
0.978509 
0.978346 
0.978722 
0.978872 
0.979267 
0.978666 
0.978376 
0.978771 
0.978356 
0.978961 
0.978697 
0.978254 
0.978823 
0.978800 
0.978564 
0.978758 
0.978704 
0.978332 
0.979521 
0.978517 
0.978972 
0.979055 
0.978392 
0.978989 
0.978939 
0.978401 
0.978584 
0.978558 
0.978796 
0.978449 
0.978549 
0.979245 
0.978643 
0.978805 
0.978680 
0.000000 
0.000000 
0.000000 
0.000000 
0.000000 
0.000000 
0.000000 
0.000000 
0.000000 
0.000000 
0.000000 
0.000000 
0.000000 
0.000000 
0.000000 
0.000000 
0.000000 
0.000000 
0.000000 
0.000000 
0.000000 
0.000000 
0.000000 
0.000000 
0.000000 
0.000000 
0.000000 
0.000000 
0.000000 
0.000000 
0.000000 
0.000000 
0.000000 
0.000000 
0.000000 
0.000000 
0.000000 
0.000000 
0.000000 
0.000000 
0.000000 
0.000000 
0.000000 
0.000000 
0.000000 
0.000000 
0.000000 
0.000000 
0.000000 
0.000000 
0.000000 
0.000000 
0.000000 
0.000000 
0.000000 
0.000000 
0.000000 
0.000000 
0.000000 
0.000000 
0.000000 
0.000000 
0.000000 
0.000000 
0.000000 
0.000000 
0.000000 
0.000000 
0.000000 
0.000000 
0.000000 
0.000000 
0.000000 
0.000000 
0.000000 
0.000000 
0.000000 
0.000000 
0.000000 
0.000000 
0.000000 
0.000000 
0.000000 
0.000000 
0.000000 
0.000000 
0.000000 
0.000000 
0.000000 
0.000000 
0.000000 
0.000000 
0.000000 
0.000000 
0.000000 
0.000000 
0.000000 
0.000000 
0.000000 
0.000000 
0.000000 
0.000000 
0.000000 
0.000000 
0.000000 
0.000000 
0.000000 
0.000000 
0.000000 
0.000000 
0.000000 
0.000000 
0.000000 
0.000000 
0.000000 
0.000000 
0.000000 
0.000000 
0.000000 
0.000000 
0.000000 
0.000000 
0.000000 
0.000000 
0.000000 
0.000000 
0.000000 
0.000000 
0.000000 
0.000000 
0.000000 
0.000000 
0.000000 
0.000000 
0.000000 
0.000000 
0.000000 
0.000000 
0.000000 
0.000000 
0.000000 
0.000000 
0.000000 
0.000000 
0.000000 
0.000000 
0.000000 
0.000000 
0.000000 
0.000000 
0.000000 
0.000000 
0.000000 
0.000000 
0.000000 
0.000000 
0.000000 
0.000000 
0.000000 
0.000000 
0.000000 
0.000000 
0.000000 
0.000000 
0.000000 
0.000000 
0.000000 
0.000000 
0.000000 
0.000000 
0.000000 
0.000000 
0.000000 
0.000000 
0.000000 
0.000000 
0.000000 
0.000000 
0.000000 
0.000000 
0.000000 
0.000000 
0.000000 
0.000000 
0.000000 
0.000000 
0.000000 
0.000000 
0.000000 
0.000000 
0.000000 
0.000000 
0.000000 
0.000000 
0.000000 
0.000000 
0.000000 
0.000000 
0.000000 
0.000000 
0.000000 
0.000000 
0.000000 
0.000000 
0.000000 
0.000000 
0.000000 
0.000000 
0.000000 
0.000000 
0.000000 
0.000000 
0.000000 
0.000000 
0.000000 
0.000000 
0.000000 
0.000000 
0.000000 
0.000000 
0.000000 
0.000000 
0.000000 
0.000000 
0.000000 
0.000000 
0.000000 
0.000000 
0.000000 
0.000000 
0.000000 
0.000000 
0.000000 
0.000000 
0.000000 
0.000000 
0.000000 
0.000000 
0.000000 
0.000000 
0.000000 
0.000000 
0.000000 
0.000000 
0.000000 
0.000000 
0.000000 
0.000000 
0.000000 
0.000000 
0.000000 
0.000000 
0.000000 
0.000000 
0.000000 
0.000000 
0.000000 
0.000000 
0.000000 
0.000000 
0.000000 
0.000000 
0.000000 
0.000000 
0.000000 
0.000000 
0.000000 
0.000000 
0.000000 
0.000000 
0.000000 
0.000000 
0.000000 
0.000000 
0.000000 
0.000000 
0.000000 
0.000000 
0.000000 
0.000000 
0.000000 
0.000000 
0.000000 
0.000000 
0.000000 
0.000000 
0.000000 
0.000000 
0.000000 
0.000000 
0.000000 
0.000000 
0.000000 
0.000000 
0.000000 
0.000000 
0.000000 
0.000000 
0.000000 
0.000000 
0.000000 
0.000000 
0.000000 
0.000000 
0.000000 
0.000000 
0.000000 
0.000000 
0.000000 
0.000000 
0.000000 
0.000000 
0.000000 
0.000000 
0.000000 
0.000000 
0.000000 
0.000000 
0.000000 
0.000000 
0.000000 
0.000000 
0.000000 
0.000000 
0.000000 
0.000000 
0.000000 
0.000000 
0.000000 
0.000000 
0.000000 
0.000000 
0.000000 
0.000000 
0.000000 
0.000000 
0.000000 
0.000000 
0.000000 
0.000000 
0.000000 
0.000000 
0.000000 
0.000000 
0.000000 
0.000000 
0.000000 
0.000000 
0.000000 
0.000000 
0.000000 
0.000000 
0.000000 
0.000000 
0.000000 
0.000000 
0.000000 
0.000000 
0.000000 
0.000000 
0.000000 
0.000000 
0.000000 
0.000000 
0.000000 
0.000000 
0.000000 
0.000000 
0.000000 
0.000000 
0.000000 
0.000000 
0.000000 
0.000000 
0.000000 
0.000000 
0.000000 
0.000000 
0.000000 
0.000000 
0.000000 
0.000000 
0.000000 
0.000000 
0.000000 
0.000000 
0.000000 
0.000000 
0.000000 
0.000000 
0.000000 
0.000000 
0.000000 
0.000000 
0.000000 
0.000000 
0.000000 
0.000000 
0.000000 
0.000000 
0.000000 
0.000000 
0.000000 
0.000000 
0.000000 
0.000000 
0.000000 
0.000000 
0.000000 
0.000000 
0.000000 
0.000000 
0.000000 
0.000000 
0.000000 
0.000000 
0.000000 
0.000000 
0.000000 
0.000000 
0.000000 
0.000000 
0.000000 
0.000000 
0.000000 
0.000000 
0.000000 
0.000000 
0.000000 
0.000000 
0.000000 
0.000000 
0.000000 
0.000000 
0.000000 
0.000000 
0.000000 
0.000000 
0.000000 
0.000000 
0.000000 
0.000000 
0.000000 
0.000000 
0.000000 
0.000000 
0.000000 
0.000000 
0.000000 
0.000000 
0.000000 
0.000000 
0.000000 
0.000000 
0.000000 
0.000000 
0.000000 
0.000000 
0.000000 
0.000000 
0.000000 
0.000000 
0.000000 
0.000000 
0.000000 
0.000000 
0.000000 
0.000000 
0.000000 
0.000000 
0.000000 
0.000000 
0.000000 
0.000000 
0.000000 
0.000000 
0.000000 
0.000000 
0.000000 
0.000000 
0.000000 
0.000000 
0.000000 
0.000000 
0.000000 
0.000000 
0.000000 
0.000000 
0.000000 
0.000000 
0.000000 
0.000000 
0.000000 
0.000000 
0.000000 
0.000000 
0.000000 
0.000000 
0.000000 
0.000000 
0.000000 
0.000000 
0.000000 
0.000000 
0.000000 
1.048082 
1.048034 
1.047822 
1.048325 
1.048183 
1.047689 
1.047971 
1.047689 
1.047668 
1.047846 
1.047906 
1.047757 
1.047949 
1.047745 
1.048130 
1.048063 
1.047813 
1.048163 
1.047964 
1.047775 
1.048045 
1.048147 
1.048401 
1.047944 
1.047968 
1.047966 
1.047920 
1.047796 
1.047963 
1.048003 
1.047815 
1.047955 
1.047888 
1.048103 
1.047958 
1.048322 
1.047936 
1.048020 
1.048002 
1.047766 
1.047746 
1.047973 
1.047936 
1.047697 
1.048020 
1.047808 
1.048280 
1.047755 
1.047946 
1.047928 
1.047872 
1.047744 
1.047889 
1.047852 
1.047787 
1.047802 
1.047690 
1.048206 
1.047984 
1.047840 
1.047880 
1.047752 
1.048089 
1.047597 
1.048039 
1.047968 
1.047970 
1.047780 
1.048134 
1.048190 
1.047893 
1.047902 
1.047846 
1.047851 
1.047774 
1.048049 
1.047881 
1.048002 
1.047979 
1.047981 
1.047623 
1.047863 
1.047849 
1.047957 
1.048253 
1.047782 
1.048003 
1.048217 
1.048220 
1.048010 
1.048065 
1.047849 
1.047872 
1.047931 
1.048064 
1.048005 
1.047904 
1.048151 
1.048140 
1.048007 
1.047955 
0.278981 
0.278420 
0.277880 
0.279882 
0.279124 
0.276636 
0.278107 
0.276968 
0.276619 
0.278028 
0.277674 
0.276955 
0.277942 
0.277114 
0.279145 
0.278121 
0.277150 
0.279760 
0.277850 
0.277381 
0.278310 
0.278915 
0.280492 
0.278085 
0.277814 
0.277457 
0.277956 
0.276801 
0.277672 
0.278435 
0.277595 
0.277452 
0.277244 
0.278764 
0.278094 
0.279882 
0.278312 
0.278296 
0.278281 
0.276638 
0.276913 
0.277771 
0.277904 
0.276842 
0.278509 
0.277877 
0.279588 
0.277086 
0.278081 
0.277509 
0.277569 
0.276531 
0.278047 
0.277986 
0.277545 
0.277518 
0.276695 
0.279151 
0.277949 
0.277366 
0.277784 
0.277386 
0.278542 
0.276446 
0.278235 
0.278041 
0.278178 
0.277220 
0.278758 
0.278903 
0.278375 
0.277730 
0.277369 
0.277748 
0.276831 
0.278413 
0.277706 
0.277958 
0.278381 
0.277926 
0.276427 
0.277918 
0.277345 
0.277953 
0.280080 
0.277484 
0.278487 
0.279235 
0.279099 
0.278509 
0.278522 
0.277527 
0.277494 
0.278210 
0.278592 
0.278256 
0.277838 
0.279142 
0.278611 
0.278547 
0.278064 
0.000000 
0.000000 
0.000000 
0.000000 
0.000000 
0.000000 
0.000000 
0.000000 
0.000000 
0.000000 
0.000000 
0.000000 
0.000000 
0.000000 
0.000000 
0.000000 
0.000000 
0.000000 
0.000000 
0.000000 
0.000000 
0.000000 
0.000000 
0.000000 
0.000000 
0.000000 
0.000000 
0.000000 
0.000000 
0.000000 
0.000000 
0.000000 
0.000000 
0.000000 
0.000000 
0.000000 
0.000000 
0.000000 
0.000000 
0.000000 
0.000000 
0.000000 
0.000000 
0.000000 
0.000000 
0.000000 
0.000000 
0.000000 
0.000000 
0.000000 
0.000000 
0.000000 
0.000000 
0.000000 
0.000000 
0.000000 
0.000000 
0.000000 
0.000000 
0.000000 
0.000000 
0.000000 
0.000000 
0.000000 
0.000000 
0.000000 
0.000000 
0.000000 
0.000000 
0.000000 
0.000000 
0.000000 
0.000000 
0.000000 
0.000000 
0.000000 
0.000000 
0.000000 
0.000000 
0.000000 
0.000000 
0.000000 
0.000000 
0.000000 
0.000000 
0.000000 
0.000000 
0.000000 
0.000000 
0.000000 
0.000000 
0.000000 
0.000000 
0.000000 
0.000000 
0.000000 
0.000000 
0.000000 
0.000000 
0.000000 
0.000000 
0.000000 
0.000000 
0.000000 
0.000000 
0.000000 
0.000000 
0.000000 
0.000000 
0.000000 
0.000000 
0.000000 
0.000000 
0.000000 
0.000000 
0.000000 
0.000000 
0.000000 
0.000000 
0.000000 
0.000000 
0.000000 
0.000000 
0.000000 
0.000000 
0.000000 
0.000000 
0.000000 
0.000000 
0.000000 
0.000000 
0.000000 
0.000000 
0.000000 
0.000000 
0.000000 
0.000000 
0.000000 
0.000000 
0.000000 
0.000000 
0.000000 
0.000000 
0.000000 
0.000000 
0.000000 
0.000000 
0.000000 
0.000000 
0.000000 
0.000000 
0.000000 
0.000000 
0.000000 
0.000000 
0.000000 
0.000000 
0.000000 
0.000000 
0.000000 
0.000000 
0.000000 
0.000000 
0.000000 
0.000000 
0.000000 
0.000000 
0.000000 
0.000000 
0.000000 
0.000000 
0.000000 
0.000000 
0.000000 
0.000000 
0.000000 
0.000000 
0.000000 
0.000000 
0.000000 
0.000000 
0.000000 
0.000000 
0.000000 
0.000000 
0.000000 
0.000000 
0.000000 
0.000000 
0.000000 
0.000000 
0.000000 
0.000000 
0.000000 
0.000000 
0.000000 
0.000000 
0.000000 
0.000000 
0.000000 
0.000000 
0.000000 
0.000000 
0.000000 
0.000000 
0.000000 
0.000000 
0.000000 
0.000000 
0.000000 
0.000000 
0.000000 
0.000000 
0.000000 
0.000000 
0.000000 
0.000000 
0.000000 
0.000000 
0.000000 
0.000000 
0.000000 
0.000000 
0.000000 
0.000000 
0.000000 
0.000000 
0.000000 
0.000000 
0.000000 
0.000000 
0.000000 
0.000000 
0.000000 
0.000000 
0.000000 
0.000000 
0.000000 
0.000000 
0.000000 
0.000000 
0.000000 
0.000000 
0.000000 
0.000000 
0.000000 
0.000000 
0.000000 
0.000000 
0.000000 
0.000000 
0.000000 
0.000000 
0.000000 
0.000000 
0.000000 
0.000000 
0.000000 
0.000000 
0.000000 
0.000000 
0.000000 
0.000000 
0.000000 
0.000000 
0.000000 
0.000000 
0.000000 
0.000000 
0.000000 
0.000000 
0.000000 
0.000000 
0.000000 
0.000000 
0.000000 
0.000000 
0.000000 
0.000000 
0.000000 
0.000000 
0.000000 
0.000000 
0.000000 
0.000000 
0.000000 
0.000000 
0.000000 
0.000000 
0.000000 
0.000000 
0.000000 
0.000000 
0.000000 
0.000000 
0.000000 
0.000000 
0.000000 
0.000000 
0.000000 
0.000000 
0.000000 
0.000000 
0.046857 
0.047344 
0.047314 
0.047304 
0.047361 
0.047319 
0.047289 
0.047051 
0.047066 
0.047297 
0.047055 
0.047027 
0.047046 
0.046712 
0.046890 
0.047603 
0.047238 
0.047514 
0.047116 
0.047100 
0.047399 
0.048029 
0.047811 
0.046928 
0.047427 
0.047494 
0.047482 
0.047528 
0.047108 
0.047245 
0.047526 
0.047605 
0.047540 
0.047369 
0.047107 
0.047510 
0.047201 
0.047208 
0.047357 
0.047155 
0.047439 
0.047146 
0.047289 
0.046974 
0.047468 
0.047475 
0.047031 
0.047440 
0.047565 
0.047198 
0.047425 
0.047420 
0.047304 
0.047019 
0.047523 
0.046973 
0.047222 
0.047818 
0.047659 
0.047157 
0.046855 
0.047383 
0.047293 
0.047525 
0.047659 
0.047664 
0.047378 
0.047278 
0.047244 
0.047254 
0.047294 
0.047523 
0.047148 
0.047268 
0.047298 
0.047256 
0.047067 
0.047378 
0.047474 
0.047033 
0.047130 
0.047109 
0.046939 
0.047036 
0.047310 
0.047046 
0.047126 
0.047391 
0.047798 
0.047351 
0.047325 
0.047218 
0.047456 
0.047495 
0.047601 
0.047445 
0.046833 
0.046738 
0.047225 
0.047218 
0.047297 
0.896762 
0.900283 
0.900178 
0.898237 
0.898963 
0.901688 
0.899846 
0.899786 
0.900485 
0.900089 
0.900079 
0.900525 
0.899491 
0.898988 
0.896923 
0.902276 
0.901976 
0.898224 
0.899748 
0.900069 
0.900181 
0.902872 
0.898776 
0.898587 
0.901522 
0.902537 
0.901257 
0.903016 
0.900281 
0.899621 
0.901805 
0.902651 
0.902608 
0.899858 
0.899498 
0.898572 
0.899909 
0.898901 
0.901116 
0.901418 
0.903254 
0.900254 
0.900607 
0.900691 
0.900341 
0.901054 
0.897136 
0.901987 
0.901445 
0.901263 
0.901112 
0.903051 
0.899429 
0.898853 
0.902399 
0.899476 
0.901509 
0.901599 
0.902298 
0.900269 
0.898659 
0.901952 
0.899735 
0.903756 
0.901838 
0.902564 
0.900030 
0.901228 
0.899300 
0.899058 
0.898902 
0.901625 
0.900528 
0.899842 
0.901477 
0.899819 
0.899343 
0.900912 
0.900639 
0.899073 
0.901464 
0.899707 
0.899986 
0.899083 
0.897274 
0.899958 
0.898783 
0.899425 
0.901852 
0.899760 
0.900186 
0.901039 
0.901966 
0.901538 
0.901119 
0.900425 
0.898529 
0.896057 
0.899407 
0.898752 
0.900244 
0.000000 
0.000000 
0.000000 
0.000000 
0.000000 
0.000000 
0.000000 
0.000000 
0.000000 
0.000000 
0.000000 
0.000000 
0.000000 
0.000000 
0.000000 
0.000000 
0.000000 
0.000000 
0.000000 
0.000000 
0.000000 
0.000000 
0.000000 
0.000000 
0.000000 
0.000000 
0.000000 
0.000000 
0.000000 
0.000000 
0.000000 
0.000000 
0.000000 
0.000000 
0.000000 
0.000000 
0.000000 
0.000000 
0.000000 
0.000000 
0.000000 
0.000000 
0.000000 
0.000000 
0.000000 
0.000000 
0.000000 
0.000000 
0.000000 
0.000000 
0.000000 
0.000000 
0.000000 
0.000000 
0.000000 
0.000000 
0.000000 
0.000000 
0.000000 
0.000000 
0.000000 
0.000000 
0.000000 
0.000000 
0.000000 
0.000000 
0.000000 
0.000000 
0.000000 
0.000000 
0.000000 
0.000000 
0.000000 
0.000000 
0.000000 
0.000000 
0.000000 
0.000000 
0.000000 
0.000000 
0.000000 
0.000000 
0.000000 
0.000000 
0.000000 
0.000000 
0.000000 
0.000000 
0.000000 
0.000000 
0.000000 
0.000000 
0.000000 
0.000000 
0.000000 
0.000000 
0.000000 
0.000000 
0.000000 
0.000000 
0.000000 
0.000000 
0.000000 
0.000000 
0.000000 
0.000000 
0.000000 
0.000000 
0.000000 
0.000000 
0.000000 
0.000000 
0.000000 
0.000000 
0.000000 
0.000000 
0.000000 
0.000000 
0.000000 
0.000000 
0.000000 
0.000000 
0.000000 
0.000000 
0.000000 
0.000000 
0.000000 
0.000000 
0.000000 
0.000000 
0.000000 
0.000000 
0.000000 
0.000000 
0.000000 
0.000000 
0.000000 
0.000000 
0.000000 
0.000000 
0.000000 
0.000000 
0.000000 
0.000000 
0.000000 
0.000000 
0.000000 
0.000000 
0.000000 
0.000000 
0.000000 
0.000000 
0.000000 
0.000000 
0.000000 
0.000000 
0.000000 
0.000000 
0.000000 
0.000000 
0.000000 
0.000000 
0.000000 
0.000000 
0.000000 
0.000000 
0.000000 
0.000000 
0.000000 
0.000000 
0.000000 
0.000000 
0.000000 
0.000000 
0.000000 
0.000000 
0.000000 
0.000000 
0.000000 
0.000000 
0.000000 
0.000000 
0.000000 
0.000000 
0.000000 
0.000000 
0.000000 
0.000000 
0.000000 
0.000000 
0.000000 
0.000000 
0.000000 
0.000000 
0.000000 
0.000000 
0.000000 
0.000000 
0.000000 
0.000000 
0.000000 
0.000000 
0.000000 
0.000000 
0.000000 
0.000000 
0.000000 
0.000000 
0.000000 
0.000000 
0.000000 
0.000000 
0.000000 
0.000000 
0.000000 
0.000000 
0.000000 
0.000000 
0.000000 
0.000000 
0.000000 
0.000000 
0.000000 
0.000000 
0.000000 
0.000000 
0.000000 
0.000000 
0.000000 
0.000000 
0.000000 
0.000000 
0.000000 
0.000000 
0.000000 
0.000000 
0.000000 
0.000000 
0.000000 
0.000000 
0.000000 
0.000000 
0.000000 
0.000000 
0.000000 
0.000000 
0.000000 
0.000000 
0.000000 
0.000000 
0.000000 
0.000000 
0.000000 
0.000000 
0.000000 
0.000000 
0.000000 
0.000000 
0.000000 
0.000000 
0.000000 
0.000000 
0.000000 
0.000000 
0.000000 
0.000000 
0.000000 
0.000000 
0.000000 
0.000000 
0.000000 
0.000000 
0.000000 
0.000000 
0.000000 
0.000000 
0.000000 
0.000000 
0.000000 
0.000000 
0.000000 
0.000000 
0.000000 
0.000000 
0.000000 
0.000000 
0.000000 
0.000000 
0.000000 
0.000000 
0.000000 
0.000000 
0.000000 
0.000000 
0.000000 
0.000000 
0.000000 
0.000000 
0.000000 
0.000000 
0.000000 
0.000000 
0.000000 
0.000000 
0.000000 
0.000000 
0.000000 
0.000000 
0.000000 
0.000000 
0.000000 
0.000000 
0.000000 
0.000000 
0.000000 
0.000000 
0.000000 
0.000000 
0.000000 
0.000000 
0.000000 
0.000000 
0.000000 
0.000000 
0.000000 
0.000000 
0.000000 
0.000000 
0.000000 
0.000000 
0.000000 
0.000000 
0.000000 
0.000000 
0.000000 
0.000000 
0.000000 
0.000000 
0.000000 
0.000000 
0.000000 
0.000000 
0.000000 
0.000000 
0.000000 
0.000000 
0.000000 
0.000000 
0.000000 
0.000000 
0.000000 
0.000000 
0.000000 
0.000000 
0.000000 
0.000000 
0.000000 
0.000000 
0.000000 
0.000000 
0.000000 
0.000000 
0.000000 
0.000000 
0.000000 
0.000000 
0.000000 
0.000000 
0.000000 
0.000000 
0.000000 
0.000000 
0.000000 
0.000000 
0.000000 
0.000000 
0.000000 
0.000000 
0.000000 
0.000000 
0.000000 
0.000000 
0.000000 
0.000000 
0.000000 
0.000000 
0.000000 
0.000000 
0.000000 
0.000000 
0.000000 
0.000000 
0.000000 
0.000000 
0.000000 
0.000000 
0.000000 
0.000000 
0.000000 
0.000000 
0.000000 
0.000000 
0.000000 
0.000000 
0.000000 
0.000000 
0.000000 
0.000000 
0.000000 
0.000000 
0.000000 
0.000000 
0.000000 
0.000000 
0.000000 
0.000000 
0.000000 
0.000000 
0.000000 
0.000000 
0.000000 
0.000000 
0.000000 
0.000000 
0.000000 
0.000000 
0.000000 
0.000000 
0.000000 
0.000000 
0.000000 
0.000000 
0.000000 
0.000000 
0.000000 
0.000000 
0.000000 
0.000000 
0.000000 
0.000000 
0.000000 
0.000000 
0.000000 
0.000000 
0.000000 
0.000000 
0.000000 
0.000000 
0.000000 
0.000000 
0.000000 
0.000000 
0.000000 
0.000000 
0.000000 
0.000000 
0.000000 
0.000000 
0.000000 
0.000000 
0.000000 
0.000000 
0.000000 
0.000000 
0.000000 
0.000000 
0.000000 
0.000000 
0.000000 
0.000000 
0.000000 
0.000000 
0.000000 
0.000000 
0.000000 
0.000000 
0.000000 
0.000000 
0.000000 
0.000000 
0.000000 
0.000000 
0.000000 
0.000000 
0.000000 
0.000000 
0.000000 
0.000000 
0.000000 
0.000000 
0.000000 
0.000000 
0.000000 
0.000000 
0.000000 
0.000000 
0.000000 
0.000000 
0.000000 
0.000000 
0.000000 
0.000000 
0.000000 
0.000000 
0.000000 
0.942237 
0.945665 
0.945009 
0.944032 
0.944272 
0.945851 
0.944546 
0.944799 
0.944706 
0.944887 
0.944970 
0.945561 
0.944664 
0.943587 
0.941984 
0.947393 
0.946961 
0.943886 
0.944540 
0.944710 
0.945027 
0.948054 
0.944195 
0.943048 
0.946075 
0.947070 
0.946209 
0.947672 
0.944868 
0.944521 
0.946457 
0.947429 
0.947144 
0.944925 
0.944258 
0.944027 
0.945445 
0.944063 
0.946184 
0.945951 
0.947895 
0.944661 
0.945151 
0.944719 
0.945347 
0.945287 
0.943004 
0.946597 
0.945911 
0.945890 
0.945913 
0.947680 
0.944370 
0.943836 
0.947117 
0.944189 
0.946431 
0.946992 
0.947632 
0.944538 
0.943570 
0.946526 
0.944911 
0.947695 
0.946741 
0.947507 
0.945000 
0.945363 
0.944774 
0.944356 
0.943599 
0.946203 
0.945298 
0.944166 
0.946068 
0.945083 
0.943789 
0.945760 
0.945569 
0.944348 
0.945652 
0.944655 
0.944702 
0.944374 
0.942769 
0.945031 
0.943165 
0.944627 
0.946706 
0.945359 
0.945648 
0.945502 
0.946397 
0.946071 
0.945997 
0.945160 
0.944145 
0.941777 
0.944220 
0.943708 
0.945122 
-0.024680 
-0.024984 
-0.024793 
-0.025061 
-0.025029 
-0.025121 
-0.025032 
-0.024981 
-0.024884 
-0.025100 
-0.025164 
-0.025036 
-0.025012 
-0.024787 
-0.024700 
-0.025414 
-0.025406 
-0.024873 
-0.024883 
-0.024921 
-0.025066 
-0.025654 
-0.024955 
-0.024737 
-0.025128 
-0.025220 
-0.025146 
-0.025235 
-0.025031 
-0.025173 
-0.025237 
-0.025291 
-0.025194 
-0.025000 
-0.024906 
-0.024984 
-0.025094 
-0.024948 
-0.025287 
-0.025030 
-0.025342 
-0.025018 
-0.024994 
-0.024833 
-0.025152 
-0.025038 
-0.024707 
-0.025151 
-0.025220 
-0.025223 
-0.025121 
-0.025209 
-0.025022 
-0.024844 
-0.025385 
-0.024893 
-0.025124 
-0.025294 
-0.025421 
-0.024915 
-0.024751 
-0.025232 
-0.025020 
-0.025405 
-0.025218 
-0.025502 
-0.025195 
-0.025127 
-0.025092 
-0.024964 
-0.024767 
-0.025154 
-0.025037 
-0.024960 
-0.025227 
-0.025091 
-0.024905 
-0.025152 
-0.025156 
-0.024986 
-0.024973 
-0.024877 
-0.024898 
-0.024996 
-0.024710 
-0.025037 
-0.024804 
-0.025030 
-0.025401 
-0.025039 
-0.025064 
-0.025021 
-0.025228 
-0.025168 
-0.025328 
-0.025173 
-0.024932 
-0.024659 
-0.025011 
-0.024905 
-0.025057 
0.000000 
0.000000 
0.000000 
0.000000 
0.000000 
0.000000 
0.000000 
0.000000 
0.000000 
0.000000 
0.000000 
0.000000 
0.000000 
0.000000 
0.000000 
0.000000 
0.000000 
0.000000 
0.000000 
0.000000 
0.000000 
0.000000 
0.000000 
0.000000 
0.000000 
0.000000 
0.000000 
0.000000 
0.000000 
0.000000 
0.000000 
0.000000 
0.000000 
0.000000 
0.000000 
0.000000 
0.000000 
0.000000 
0.000000 
0.000000 
0.000000 
0.000000 
0.000000 
0.000000 
0.000000 
0.000000 
0.000000 
0.000000 
0.000000 
0.000000 
0.000000 
0.000000 
0.000000 
0.000000 
0.000000 
0.000000 
0.000000 
0.000000 
0.000000 
0.000000 
0.000000 
0.000000 
0.000000 
0.000000 
0.000000 
0.000000 
0.000000 
0.000000 
0.000000 
0.000000 
0.000000 
0.000000 
0.000000 
0.000000 
0.000000 
0.000000 
0.000000 
0.000000 
0.000000 
0.000000 
0.000000 
0.000000 
0.000000 
0.000000 
0.000000 
0.000000 
0.000000 
0.000000 
0.000000 
0.000000 
0.000000 
0.000000 
0.000000 
0.000000 
0.000000 
0.000000 
0.000000 
0.000000 
0.000000 
0.000000 
0.000000 
0.000000 
0.000000 
0.000000 
0.000000 
0.000000 
0.000000 
0.000000 
0.000000 
0.000000 
0.000000 
0.000000 
0.000000 
0.000000 
0.000000 
0.000000 
0.000000 
0.000000 
0.000000 
0.000000 
0.000000 
0.000000 
0.000000 
0.000000 
0.000000 
0.000000 
0.000000 
0.000000 
0.000000 
0.000000 
0.000000 
0.000000 
0.000000 
0.000000 
0.000000 
0.000000 
0.000000 
0.000000 
0.000000 
0.000000 
0.000000 
0.000000 
0.000000 
0.000000 
0.000000 
0.000000 
0.000000 
0.000000 
0.000000 
0.000000 
0.000000 
0.000000 
0.000000 
0.000000 
0.000000 
0.000000 
0.000000 
0.000000 
0.000000 
0.000000 
0.000000 
0.000000 
0.000000 
0.000000 
0.000000 
0.000000 
0.000000 
0.000000 
0.000000 
0.000000 
0.000000 
0.000000 
0.000000 
0.000000 
0.000000 
0.000000 
0.000000 
0.000000 
0.000000 
0.000000 
0.000000 
0.000000 
0.000000 
0.000000 
0.000000 
0.000000 
0.000000 
0.000000 
0.000000 
0.000000 
0.000000 
0.000000 
0.000000 
0.000000 
0.000000 
0.000000 
0.000000 
0.000000 
0.000000 
0.000000 
0.000000 
0.000000 
0.000000 
0.000000 
0.000000 
0.000000 
0.000000 
0.000000 
0.000000 
0.000000 
0.000000 
0.000000 
0.000000 
0.000000 
0.000000 
0.000000 
0.000000 
0.000000 
0.000000 
0.000000 
0.000000 
0.000000 
0.000000 
0.000000 
0.000000 
0.000000 
0.000000 
0.000000 
0.000000 
0.000000 
0.000000 
0.000000 
0.000000 
0.000000 
0.000000 
0.000000 
0.000000 
0.000000 
0.000000 
0.000000 
0.000000 
0.000000 
0.000000 
0.000000 
0.000000 
0.000000 
0.000000 
0.000000 
0.000000 
0.000000 
0.000000 
0.000000 
0.000000 
0.000000 
0.000000 
0.000000 
0.000000 
0.000000 
0.000000 
0.000000 
0.000000 
0.000000 
0.000000 
0.000000 
0.000000 
0.000000 
0.000000 
0.000000 
0.000000 
0.000000 
0.000000 
0.000000 
0.000000 
0.000000 
0.000000 
0.000000 
0.000000 
0.000000 
0.000000 
0.000000 
0.000000 
0.000000 
0.000000 
0.000000 
0.000000 
0.000000 
0.000000 
0.000000 
0.000000 
0.000000 
0.000000 
0.000000 
0.000000 
0.000000 
0.000000 
0.000000 
0.000000 
0.000000 
0.000000 
0.000000 
0.000000 
0.000000 
0.000000 
-0.279024 
-0.278376 
-0.278655 
-0.279608 
-0.279261 
-0.276935 
-0.278398 
-0.276157 
-0.277207 
-0.278247 
-0.277255 
-0.276837 
-0.278247 
-0.277537 
-0.278603 
-0.277452 
-0.276532 
-0.280074 
-0.277549 
-0.277665 
-0.278437 
-0.278071 
-0.280801 
-0.278579 
-0.277865 
-0.277403 
-0.278395 
-0.276617 
-0.277755 
-0.278529 
-0.278586 
-0.276886 
-0.277353 
-0.279095 
-0.277532 
-0.279838 
-0.277646 
-0.278934 
-0.277899 
-0.276234 
-0.276430 
-0.277922 
-0.278227 
-0.276993 
-0.278892 
-0.279788 
-0.279671 
-0.276890 
-0.278724 
-0.276652 
-0.277912 
-0.276258 
-0.278327 
-0.278608 
-0.278006 
-0.277720 
-0.276711 
-0.278794 
-0.277047 
-0.277332 
-0.277337 
-0.277752 
-0.278518 
-0.276817 
-0.278271 
-0.276952 
-0.277734 
-0.277530 
-0.278076 
-0.279223 
-0.279223 
-0.278143 
-0.276867 
-0.278717 
-0.276750 
-0.278166 
-0.278086 
-0.277466 
-0.278792 
-0.277998 
-0.276823 
-0.277995 
-0.277319 
-0.277135 
-0.280937 
-0.277156 
-0.279185 
-0.278825 
-0.278879 
-0.278362 
-0.278167 
-0.277135 
-0.277454 
-0.278519 
-0.279396 
-0.278642 
-0.276909 
-0.279443 
-0.278237 
-0.278313 
-0.278169 
1.209397 
1.208925 
1.209786 
1.209418 
1.209448 
1.206773 
1.208035 
1.206169 
1.207291 
1.207775 
1.206301 
1.206415 
1.207986 
1.207266 
1.207971 
1.206790 
1.205022 
1.211654 
1.207497 
1.207524 
1.208819 
1.207704 
1.211985 
1.208698 
1.207834 
1.207317 
1.208437 
1.207074 
1.207222 
1.207850 
1.209253 
1.206474 
1.208126 
1.209656 
1.206180 
1.210176 
1.207419 
1.209397 
1.206768 
1.205851 
1.205661 
1.207444 
1.207820 
1.206170 
1.208950 
1.210550 
1.210226 
1.207368 
1.208495 
1.204909 
1.208222 
1.205950 
1.208418 
1.208543 
1.207818 
1.207783 
1.206904 
1.209124 
1.207324 
1.207028 
1.206938 
1.207211 
1.208525 
1.205931 
1.208902 
1.205569 
1.207512 
1.207310 
1.207742 
1.208958 
1.210664 
1.208392 
1.206255 
1.208780 
1.206187 
1.208467 
1.207660 
1.206715 
1.209326 
1.208065 
1.206640 
1.208412 
1.207100 
1.206201 
1.211771 
1.206830 
1.209225 
1.208961 
1.208051 
1.208963 
1.208666 
1.206561 
1.207401 
1.208051 
1.209392 
1.208053 
1.206511 
1.209868 
1.207559 
1.208353 
1.208091 
