0.854371 
0.854483 
0.853932 
0.854336 
0.854275 
0.854359 
0.854412 
0.854400 
0.854427 
0.854355 
0.854172 
0.854154 
0.854292 
0.854642 
0.854038 
0.854290 
0.854175 
0.854514 
0.854196 
0.854461 
0.854580 
0.854455 
0.854108 
0.854084 
0.854202 
0.854204 
0.854052 
0.854117 
0.854261 
0.854439 
0.854181 
0.854812 
0.854304 
0.854169 
0.854081 
0.854453 
0.853823 
0.854459 
0.854531 
0.854511 
0.854293 
0.854319 
0.854365 
0.854184 
0.854062 
0.854449 
0.854789 
0.854377 
0.854229 
0.854432 
0.854263 
0.854200 
0.854424 
0.854515 
0.854562 
0.854446 
0.854705 
0.853950 
0.854832 
0.854154 
0.853953 
0.854477 
0.854752 
0.854421 
0.854305 
0.854678 
0.854342 
0.853894 
0.854405 
0.854149 
0.854060 
0.854865 
0.854352 
0.854333 
0.854499 
0.854350 
0.854466 
0.854118 
0.854269 
0.854225 
0.854133 
0.854429 
0.854378 
0.854634 
0.853977 
0.854039 
0.854146 
0.854413 
0.854085 
0.853954 
0.854397 
0.854506 
0.854133 
0.854207 
0.854298 
0.854300 
0.854118 
0.854498 
0.854352 
0.854053 
0.854320 
0.000000 
0.000000 
0.000000 
0.000000 
0.000000 
0.000000 
0.000000 
0.000000 
0.000000 
0.000000 
0.000000 
0.000000 
0.000000 
0.000000 
0.000000 
0.000000 
0.000000 
0.000000 
0.000000 
0.000000 
0.000000 
0.000000 
0.000000 
0.000000 
0.000000 
0.000000 
0.000000 
0.000000 
0.000000 
0.000000 
0.000000 
0.000000 
0.000000 
0.000000 
0.000000 
0.000000 
0.000000 
0.000000 
0.000000 
0.000000 
0.000000 
0.000000 
0.000000 
0.000000 
0.000000 
0.000000 
0.000000 
0.000000 
0.000000 
0.000000 
0.000000 
0.000000 
0.000000 
0.000000 
0.000000 
0.000000 
0.000000 
0.000000 
0.000000 
0.000000 
0.000000 
0.000000 
0.000000 
0.000000 
0.000000 
0.000000 
0.000000 
0.000000 
0.000000 
0.000000 
0.000000 
0.000000 
0.000000 
0.000000 
0.000000 
0.000000 
0.000000 
0.000000 
0.000000 
0.000000 
0.000000 
0.000000 
0.000000 
0.000000 
0.000000 
0.000000 
0.000000 
0.000000 
0.000000 
0.000000 
0.000000 
0.000000 
0.000000 
0.000000 
0.000000 
0.000000 
0.000000 
0.000000 
0.000000 
0.000000 
0.000000 
0.000000 
0.000000 
0.000000 
0.000000 
0.000000 
0.000000 
0.000000 
0.000000 
0.000000 
0.000000 
0.000000 
0.000000 
0.000000 
0.000000 
0.000000 
0.000000 
0.000000 
0.000000 
0.000000 
0.000000 
0.000000 
0.000000 
0.000000 
0.000000 
0.000000 
0.000000 
0.000000 
0.000000 
0.000000 
0.000000 
0.000000 
0.000000 
0.000000 
0.000000 
0.000000 
0.000000 
0.000000 
0.000000 
0.000000 
0.000000 
0.000000 
0.000000 
0.000000 
0.000000 
0.000000 
0.000000 
0.000000 
0.000000 
0.000000 
0.000000 
0.000000 
0.000000 
0.000000 
0.000000 
0.000000 
0.000000 
0.000000 
0.000000 
0.000000 
0.000000 
0.000000 
0.000000 
0.000000 
0.000000 
0.000000 
0.000000 
0.000000 
0.000000 
0.000000 
0.000000 
0.000000 
0.000000 
0.000000 
0.000000 
0.000000 
0.000000 
0.000000 
0.000000 
0.000000 
0.000000 
0.000000 
0.000000 
0.000000 
0.000000 
0.000000 
0.000000 
0.000000 
0.000000 
0.000000 
0.000000 
0.000000 
0.000000 
0.000000 
0.000000 
0.000000 
0.000000 
0.000000 
0.000000 
0.000000 
0.000000 
0.000000 
0.000000 
0.000000 
0.000000 
0.000000 
0.000000 
0.000000 
0.000000 
0.000000 
0.000000 
0.000000 
0.000000 
0.000000 
0.000000 
0.000000 
0.000000 
0.000000 
0.000000 
0.000000 
0.000000 
0.000000 
0.000000 
0.000000 
0.000000 
0.000000 
0.000000 
0.000000 
0.000000 
0.000000 
0.000000 
0.000000 
0.000000 
0.000000 
0.000000 
0.000000 
0.000000 
0.000000 
0.000000 
0.000000 
0.000000 
0.000000 
0.000000 
0.000000 
0.000000 
0.000000 
0.000000 
0.000000 
0.000000 
0.000000 
0.000000 
0.000000 
0.000000 
0.000000 
0.000000 
0.000000 
0.000000 
0.000000 
0.000000 
0.000000 
0.000000 
0.000000 
0.000000 
0.000000 
0.000000 
0.000000 
0.000000 
0.000000 
0.000000 
0.000000 
0.000000 
0.000000 
0.000000 
0.000000 
0.000000 
0.000000 
0.000000 
0.000000 
0.000000 
0.000000 
0.000000 
0.000000 
0.000000 
0.000000 
0.000000 
0.000000 
0.000000 
0.000000 
0.000000 
0.000000 
0.000000 
0.000000 
0.000000 
0.000000 
0.000000 
0.000000 
0.000000 
0.000000 
0.000000 
0.000000 
0.000000 
0.000000 
0.000000 
0.000000 
0.000000 
0.000000 
0.000000 
0.000000 
0.000000 
0.000000 
0.000000 
0.000000 
0.000000 
0.000000 
0.000000 
0.000000 
0.000000 
0.000000 
0.000000 
0.000000 
0.000000 
0.000000 
0.000000 
0.000000 
0.000000 
0.000000 
0.000000 
0.000000 
0.000000 
0.000000 
0.000000 
0.000000 
0.000000 
0.000000 
0.000000 
0.000000 
0.000000 
0.000000 
0.000000 
0.000000 
0.000000 
0.000000 
0.000000 
0.000000 
0.000000 
0.000000 
0.000000 
0.000000 
0.000000 
0.000000 
0.000000 
0.000000 
0.000000 
0.000000 
0.000000 
0.000000 
0.000000 
0.000000 
0.000000 
0.000000 
0.000000 
0.000000 
0.000000 
0.000000 
0.000000 
0.000000 
0.000000 
0.000000 
0.000000 
0.000000 
0.000000 
0.000000 
0.000000 
0.000000 
0.000000 
0.000000 
0.000000 
0.000000 
0.000000 
0.000000 
0.000000 
0.000000 
0.000000 
0.000000 
0.000000 
0.000000 
0.000000 
0.000000 
0.000000 
0.000000 
0.000000 
0.000000 
0.000000 
0.000000 
0.000000 
0.000000 
0.000000 
0.000000 
0.000000 
0.000000 
0.000000 
0.000000 
0.000000 
0.000000 
0.000000 
0.000000 
0.000000 
0.000000 
0.000000 
0.000000 
0.000000 
0.000000 
0.000000 
0.000000 
0.000000 
0.000000 
0.000000 
0.000000 
0.000000 
0.000000 
0.000000 
0.000000 
0.000000 
0.000000 
0.000000 
0.000000 
0.000000 
0.000000 
0.000000 
0.000000 
0.000000 
0.000000 
0.000000 
0.000000 
0.000000 
0.000000 
0.000000 
0.000000 
0.000000 
0.000000 
0.000000 
0.000000 
0.000000 
0.000000 
0.000000 
0.000000 
0.000000 
0.000000 
0.000000 
0.000000 
0.000000 
0.000000 
0.000000 
0.000000 
0.000000 
0.000000 
0.000000 
0.000000 
0.000000 
0.000000 
0.000000 
0.000000 
0.000000 
0.000000 
0.000000 
0.000000 
0.000000 
0.000000 
0.000000 
0.000000 
0.000000 
0.000000 
0.000000 
0.000000 
0.000000 
0.000000 
0.000000 
0.000000 
0.000000 
0.000000 
0.000000 
0.000000 
0.000000 
0.000000 
0.000000 
0.000000 
0.000000 
0.000000 
0.000000 
0.000000 
0.000000 
0.000000 
0.000000 
0.000000 
0.000000 
0.000000 
0.000000 
0.000000 
0.000000 
0.000000 
0.000000 
0.000000 
0.000000 
0.000000 
0.000000 
0.938190 
0.938441 
0.938026 
0.938137 
0.937939 
0.938286 
0.937916 
0.938146 
0.938136 
0.937856 
0.937435 
0.938123 
0.938051 
0.937959 
0.938119 
0.937910 
0.937471 
0.937628 
0.937810 
0.937875 
0.937710 
0.938098 
0.937499 
0.937796 
0.937987 
0.938119 
0.937767 
0.938105 
0.938162 
0.937695 
0.937986 
0.937895 
0.938048 
0.937751 
0.937620 
0.937431 
0.937576 
0.937678 
0.937667 
0.937865 
0.937981 
0.937298 
0.938073 
0.937183 
0.937899 
0.937620 
0.938022 
0.937530 
0.938087 
0.937667 
0.937968 
0.937861 
0.937557 
0.937738 
0.937877 
0.937642 
0.938255 
0.937324 
0.937728 
0.937706 
0.938143 
0.938297 
0.937979 
0.937970 
0.938223 
0.938008 
0.937687 
0.937766 
0.937603 
0.937862 
0.937777 
0.937695 
0.938021 
0.937881 
0.938040 
0.937565 
0.937851 
0.937650 
0.937657 
0.937914 
0.937812 
0.937517 
0.937712 
0.937750 
0.937982 
0.937307 
0.937780 
0.937766 
0.937758 
0.937781 
0.937652 
0.937700 
0.937942 
0.937845 
0.938047 
0.937709 
0.937391 
0.937954 
0.937685 
0.938643 
0.937851 
0.251850 
0.251952 
0.251468 
0.251952 
0.252231 
0.251710 
0.252144 
0.252241 
0.251557 
0.251926 
0.252842 
0.252477 
0.251824 
0.252047 
0.251646 
0.252161 
0.251937 
0.252563 
0.252106 
0.251972 
0.252336 
0.252225 
0.252427 
0.252343 
0.252114 
0.251658 
0.251831 
0.251717 
0.251748 
0.251674 
0.251932 
0.252245 
0.252234 
0.251803 
0.252498 
0.252795 
0.252130 
0.252272 
0.252183 
0.252280 
0.251758 
0.252375 
0.251670 
0.252229 
0.251662 
0.252073 
0.252087 
0.252048 
0.252172 
0.252383 
0.252247 
0.251961 
0.252230 
0.252418 
0.252155 
0.251941 
0.252096 
0.252286 
0.252930 
0.251539 
0.251616 
0.252087 
0.252395 
0.251768 
0.251810 
0.252300 
0.252398 
0.251791 
0.252576 
0.251375 
0.251893 
0.251925 
0.251827 
0.252089 
0.252252 
0.252244 
0.252118 
0.251910 
0.252247 
0.251843 
0.252055 
0.252611 
0.251809 
0.252216 
0.251793 
0.252323 
0.251995 
0.251963 
0.252283 
0.251737 
0.251848 
0.252230 
0.251798 
0.251600 
0.251721 
0.252025 
0.252512 
0.252194 
0.252289 
0.251232 
0.252070 
0.000000 
0.000000 
0.000000 
0.000000 
0.000000 
0.000000 
0.000000 
0.000000 
0.000000 
0.000000 
0.000000 
0.000000 
0.000000 
0.000000 
0.000000 
0.000000 
0.000000 
0.000000 
0.000000 
0.000000 
0.000000 
0.000000 
0.000000 
0.000000 
0.000000 
0.000000 
0.000000 
0.000000 
0.000000 
0.000000 
0.000000 
0.000000 
0.000000 
0.000000 
0.000000 
0.000000 
0.000000 
0.000000 
0.000000 
0.000000 
0.000000 
0.000000 
0.000000 
0.000000 
0.000000 
0.000000 
0.000000 
0.000000 
0.000000 
0.000000 
0.000000 
0.000000 
0.000000 
0.000000 
0.000000 
0.000000 
0.000000 
0.000000 
0.000000 
0.000000 
0.000000 
0.000000 
0.000000 
0.000000 
0.000000 
0.000000 
0.000000 
0.000000 
0.000000 
0.000000 
0.000000 
0.000000 
0.000000 
0.000000 
0.000000 
0.000000 
0.000000 
0.000000 
0.000000 
0.000000 
0.000000 
0.000000 
0.000000 
0.000000 
0.000000 
0.000000 
0.000000 
0.000000 
0.000000 
0.000000 
0.000000 
0.000000 
0.000000 
0.000000 
0.000000 
0.000000 
0.000000 
0.000000 
0.000000 
0.000000 
0.000000 
0.000000 
0.000000 
0.000000 
0.000000 
0.000000 
0.000000 
0.000000 
0.000000 
0.000000 
0.000000 
0.000000 
0.000000 
0.000000 
0.000000 
0.000000 
0.000000 
0.000000 
0.000000 
0.000000 
0.000000 
0.000000 
0.000000 
0.000000 
0.000000 
0.000000 
0.000000 
0.000000 
0.000000 
0.000000 
0.000000 
0.000000 
0.000000 
0.000000 
0.000000 
0.000000 
0.000000 
0.000000 
0.000000 
0.000000 
0.000000 
0.000000 
0.000000 
0.000000 
0.000000 
0.000000 
0.000000 
0.000000 
0.000000 
0.000000 
0.000000 
0.000000 
0.000000 
0.000000 
0.000000 
0.000000 
0.000000 
0.000000 
0.000000 
0.000000 
0.000000 
0.000000 
0.000000 
0.000000 
0.000000 
0.000000 
0.000000 
0.000000 
0.000000 
0.000000 
0.000000 
0.000000 
0.000000 
0.000000 
0.000000 
0.000000 
0.000000 
0.000000 
0.000000 
0.000000 
0.000000 
0.000000 
0.000000 
0.000000 
0.000000 
0.000000 
0.000000 
0.000000 
0.000000 
0.000000 
0.000000 
0.000000 
0.000000 
0.000000 
0.000000 
0.000000 
0.000000 
0.000000 
0.000000 
0.000000 
0.000000 
0.000000 
0.000000 
0.000000 
0.000000 
0.000000 
0.000000 
0.000000 
0.000000 
0.000000 
0.000000 
0.000000 
0.000000 
0.000000 
0.000000 
0.000000 
0.000000 
0.000000 
0.000000 
0.000000 
0.000000 
0.000000 
0.000000 
0.000000 
0.000000 
0.000000 
0.000000 
0.000000 
0.000000 
0.000000 
0.000000 
0.000000 
0.000000 
0.000000 
0.000000 
0.000000 
0.000000 
0.000000 
0.000000 
0.000000 
0.000000 
0.000000 
0.000000 
0.000000 
0.000000 
0.000000 
0.000000 
0.000000 
0.000000 
0.000000 
0.000000 
0.000000 
0.000000 
0.000000 
0.000000 
0.000000 
0.000000 
0.000000 
0.000000 
0.000000 
0.000000 
0.000000 
0.000000 
0.000000 
0.000000 
0.000000 
0.000000 
0.000000 
0.000000 
0.000000 
0.000000 
0.000000 
0.000000 
0.000000 
0.000000 
0.000000 
0.000000 
0.000000 
0.000000 
0.000000 
0.000000 
0.000000 
0.000000 
0.000000 
0.000000 
0.000000 
0.000000 
0.000000 
0.000000 
0.000000 
0.000000 
0.000000 
0.000000 
0.000000 
0.000000 
0.000000 
0.000000 
0.000000 
0.000000 
0.000000 
0.000000 
0.000000 
0.000000 
0.054848 
0.054833 
0.055056 
0.054847 
0.054783 
0.054985 
0.054696 
0.054790 
0.054791 
0.054741 
0.054722 
0.055113 
0.054829 
0.054542 
0.055065 
0.054894 
0.054685 
0.054547 
0.054780 
0.054683 
0.054449 
0.054756 
0.054682 
0.054820 
0.054889 
0.054907 
0.054907 
0.054916 
0.054891 
0.054570 
0.054859 
0.054349 
0.054828 
0.054811 
0.054861 
0.054482 
0.055086 
0.054610 
0.054548 
0.054621 
0.054790 
0.054524 
0.054697 
0.054652 
0.054932 
0.054612 
0.054488 
0.054551 
0.054997 
0.054599 
0.054818 
0.054902 
0.054567 
0.054569 
0.054571 
0.054499 
0.054635 
0.054839 
0.054345 
0.054761 
0.055121 
0.054893 
0.054476 
0.054802 
0.054916 
0.054592 
0.054648 
0.055019 
0.054569 
0.054919 
0.054906 
0.054357 
0.054764 
0.054815 
0.054741 
0.054557 
0.054703 
0.054758 
0.054695 
0.054757 
0.054911 
0.054567 
0.054624 
0.054502 
0.055018 
0.054802 
0.054815 
0.054623 
0.054897 
0.055035 
0.054564 
0.054509 
0.054915 
0.054833 
0.054923 
0.054622 
0.054766 
0.054652 
0.054648 
0.055260 
0.054754 
0.884661 
0.884534 
0.886655 
0.884503 
0.883454 
0.885743 
0.882873 
0.883418 
0.884698 
0.883528 
0.881442 
0.885293 
0.884559 
0.882206 
0.886305 
0.884380 
0.882698 
0.880769 
0.883361 
0.883117 
0.881023 
0.883318 
0.881846 
0.883254 
0.884307 
0.885402 
0.884447 
0.885101 
0.885162 
0.882467 
0.884527 
0.880435 
0.883890 
0.883781 
0.882962 
0.879772 
0.885143 
0.881717 
0.881398 
0.882509 
0.884156 
0.880834 
0.883753 
0.881705 
0.885083 
0.882256 
0.881754 
0.881754 
0.885115 
0.881366 
0.883588 
0.884656 
0.881720 
0.881520 
0.882168 
0.881767 
0.883196 
0.882946 
0.879156 
0.884255 
0.886569 
0.884614 
0.880813 
0.884188 
0.885143 
0.881914 
0.882072 
0.885391 
0.880908 
0.885665 
0.884526 
0.880964 
0.884201 
0.883602 
0.883172 
0.881618 
0.882815 
0.883397 
0.882406 
0.883880 
0.884185 
0.880913 
0.882813 
0.881017 
0.885517 
0.882321 
0.883634 
0.882480 
0.883713 
0.885419 
0.882078 
0.881337 
0.884887 
0.884484 
0.885363 
0.882508 
0.881761 
0.882650 
0.882234 
0.889051 
0.883318 
0.000000 
0.000000 
0.000000 
0.000000 
0.000000 
0.000000 
0.000000 
0.000000 
0.000000 
0.000000 
0.000000 
0.000000 
0.000000 
0.000000 
0.000000 
0.000000 
0.000000 
0.000000 
0.000000 
0.000000 
0.000000 
0.000000 
0.000000 
0.000000 
0.000000 
0.000000 
0.000000 
0.000000 
0.000000 
0.000000 
0.000000 
0.000000 
0.000000 
0.000000 
0.000000 
0.000000 
0.000000 
0.000000 
0.000000 
0.000000 
0.000000 
0.000000 
0.000000 
0.000000 
0.000000 
0.000000 
0.000000 
0.000000 
0.000000 
0.000000 
0.000000 
0.000000 
0.000000 
0.000000 
0.000000 
0.000000 
0.000000 
0.000000 
0.000000 
0.000000 
0.000000 
0.000000 
0.000000 
0.000000 
0.000000 
0.000000 
0.000000 
0.000000 
0.000000 
0.000000 
0.000000 
0.000000 
0.000000 
0.000000 
0.000000 
0.000000 
0.000000 
0.000000 
0.000000 
0.000000 
0.000000 
0.000000 
0.000000 
0.000000 
0.000000 
0.000000 
0.000000 
0.000000 
0.000000 
0.000000 
0.000000 
0.000000 
0.000000 
0.000000 
0.000000 
0.000000 
0.000000 
0.000000 
0.000000 
0.000000 
0.000000 
0.000000 
0.000000 
0.000000 
0.000000 
0.000000 
0.000000 
0.000000 
0.000000 
0.000000 
0.000000 
0.000000 
0.000000 
0.000000 
0.000000 
0.000000 
0.000000 
0.000000 
0.000000 
0.000000 
0.000000 
0.000000 
0.000000 
0.000000 
0.000000 
0.000000 
0.000000 
0.000000 
0.000000 
0.000000 
0.000000 
0.000000 
0.000000 
0.000000 
0.000000 
0.000000 
0.000000 
0.000000 
0.000000 
0.000000 
0.000000 
0.000000 
0.000000 
0.000000 
0.000000 
0.000000 
0.000000 
0.000000 
0.000000 
0.000000 
0.000000 
0.000000 
0.000000 
0.000000 
0.000000 
0.000000 
0.000000 
0.000000 
0.000000 
0.000000 
0.000000 
0.000000 
0.000000 
0.000000 
0.000000 
0.000000 
0.000000 
0.000000 
0.000000 
0.000000 
0.000000 
0.000000 
0.000000 
0.000000 
0.000000 
0.000000 
0.000000 
0.000000 
0.000000 
0.000000 
0.000000 
0.000000 
0.000000 
0.000000 
0.000000 
0.000000 
0.000000 
0.000000 
0.000000 
0.000000 
0.000000 
0.000000 
0.000000 
0.000000 
0.000000 
0.000000 
0.000000 
0.000000 
0.000000 
0.000000 
0.000000 
0.000000 
0.000000 
0.000000 
0.000000 
0.000000 
0.000000 
0.000000 
0.000000 
0.000000 
0.000000 
0.000000 
0.000000 
0.000000 
0.000000 
0.000000 
0.000000 
0.000000 
0.000000 
0.000000 
0.000000 
0.000000 
0.000000 
0.000000 
0.000000 
0.000000 
0.000000 
0.000000 
0.000000 
0.000000 
0.000000 
0.000000 
0.000000 
0.000000 
0.000000 
0.000000 
0.000000 
0.000000 
0.000000 
0.000000 
0.000000 
0.000000 
0.000000 
0.000000 
0.000000 
0.000000 
0.000000 
0.000000 
0.000000 
0.000000 
0.000000 
0.000000 
0.000000 
0.000000 
0.000000 
0.000000 
0.000000 
0.000000 
0.000000 
0.000000 
0.000000 
0.000000 
0.000000 
0.000000 
0.000000 
0.000000 
0.000000 
0.000000 
0.000000 
0.000000 
0.000000 
0.000000 
0.000000 
0.000000 
0.000000 
0.000000 
0.000000 
0.000000 
0.000000 
0.000000 
0.000000 
0.000000 
0.000000 
0.000000 
0.000000 
0.000000 
0.000000 
0.000000 
0.000000 
0.000000 
0.000000 
0.000000 
0.000000 
0.000000 
0.000000 
0.000000 
0.000000 
0.000000 
0.000000 
0.000000 
0.000000 
0.000000 
0.000000 
0.000000 
0.000000 
0.000000 
0.000000 
0.000000 
0.000000 
0.000000 
0.000000 
0.000000 
0.000000 
0.000000 
0.000000 
0.000000 
0.000000 
0.000000 
0.000000 
0.000000 
0.000000 
0.000000 
0.000000 
0.000000 
0.000000 
0.000000 
0.000000 
0.000000 
0.000000 
0.000000 
0.000000 
0.000000 
0.000000 
0.000000 
0.000000 
0.000000 
0.000000 
0.000000 
0.000000 
0.000000 
0.000000 
0.000000 
0.000000 
0.000000 
0.000000 
0.000000 
0.000000 
0.000000 
0.000000 
0.000000 
0.000000 
0.000000 
0.000000 
0.000000 
0.000000 
0.000000 
0.000000 
0.000000 
0.000000 
0.000000 
0.000000 
0.000000 
0.000000 
0.000000 
0.000000 
0.000000 
0.000000 
0.000000 
0.000000 
0.000000 
0.000000 
0.000000 
0.000000 
0.000000 
0.000000 
0.000000 
0.000000 
0.000000 
0.000000 
0.000000 
0.000000 
0.000000 
0.000000 
0.000000 
0.000000 
0.000000 
0.000000 
0.000000 
0.000000 
0.000000 
0.000000 
0.000000 
0.000000 
0.000000 
0.000000 
0.000000 
0.000000 
0.000000 
0.000000 
0.000000 
0.000000 
0.000000 
0.000000 
0.000000 
0.000000 
0.000000 
0.000000 
0.000000 
0.000000 
0.000000 
0.000000 
0.000000 
0.000000 
0.000000 
0.000000 
0.000000 
0.000000 
0.000000 
0.000000 
0.000000 
0.000000 
0.000000 
0.000000 
0.000000 
0.000000 
0.000000 
0.000000 
0.000000 
0.000000 
0.000000 
0.000000 
0.000000 
0.000000 
0.000000 
0.000000 
0.000000 
0.000000 
0.000000 
0.000000 
0.000000 
0.000000 
0.000000 
0.000000 
0.000000 
0.000000 
0.000000 
0.000000 
0.000000 
0.000000 
0.000000 
0.000000 
0.000000 
0.000000 
0.000000 
0.000000 
0.000000 
0.000000 
0.000000 
0.000000 
0.000000 
0.000000 
0.000000 
0.000000 
0.000000 
0.000000 
0.000000 
0.000000 
0.000000 
0.000000 
0.000000 
0.000000 
0.000000 
0.000000 
0.000000 
0.000000 
0.000000 
0.000000 
0.000000 
0.000000 
0.000000 
0.000000 
0.000000 
0.000000 
0.000000 
0.000000 
0.000000 
0.000000 
0.000000 
0.000000 
0.000000 
0.000000 
0.000000 
0.000000 
0.000000 
0.000000 
0.000000 
0.000000 
0.000000 
0.000000 
0.000000 
0.000000 
0.000000 
0.000000 
0.000000 
0.000000 
0.918772 
0.918865 
0.920601 
0.918660 
0.917791 
0.919809 
0.917052 
0.917697 
0.918813 
0.917864 
0.915725 
0.919699 
0.918693 
0.916504 
0.920467 
0.918477 
0.916650 
0.915274 
0.917527 
0.917416 
0.915470 
0.917613 
0.916212 
0.917369 
0.918538 
0.919423 
0.918435 
0.919155 
0.919228 
0.916608 
0.918712 
0.914741 
0.918082 
0.917883 
0.917232 
0.914019 
0.919180 
0.916003 
0.915633 
0.916913 
0.918261 
0.915165 
0.918023 
0.915842 
0.919156 
0.916368 
0.916132 
0.915932 
0.919236 
0.915743 
0.917773 
0.918876 
0.916007 
0.915847 
0.916578 
0.915938 
0.917421 
0.917058 
0.913634 
0.918307 
0.920602 
0.918955 
0.915123 
0.918321 
0.919357 
0.916386 
0.916204 
0.919333 
0.915326 
0.919668 
0.918635 
0.915299 
0.918284 
0.917816 
0.917506 
0.915866 
0.916971 
0.917426 
0.916639 
0.918061 
0.918249 
0.915331 
0.917020 
0.915416 
0.919560 
0.916440 
0.917763 
0.916619 
0.918063 
0.919467 
0.916178 
0.915538 
0.918944 
0.918461 
0.919404 
0.916649 
0.916035 
0.916945 
0.916695 
0.922974 
0.917519 
-0.036411 
-0.036424 
-0.036699 
-0.036392 
-0.036287 
-0.036532 
-0.036185 
-0.036293 
-0.036348 
-0.036241 
-0.036034 
-0.036616 
-0.036374 
-0.036047 
-0.036663 
-0.036410 
-0.036089 
-0.035908 
-0.036293 
-0.036176 
-0.035899 
-0.036275 
-0.036106 
-0.036284 
-0.036405 
-0.036538 
-0.036384 
-0.036502 
-0.036492 
-0.036080 
-0.036413 
-0.035778 
-0.036331 
-0.036331 
-0.036326 
-0.035756 
-0.036515 
-0.036012 
-0.035905 
-0.036134 
-0.036345 
-0.035908 
-0.036279 
-0.035981 
-0.036538 
-0.036047 
-0.035956 
-0.035989 
-0.036529 
-0.036017 
-0.036331 
-0.036436 
-0.035987 
-0.036022 
-0.036051 
-0.035969 
-0.036184 
-0.036204 
-0.035711 
-0.036326 
-0.036675 
-0.036477 
-0.035859 
-0.036312 
-0.036494 
-0.036090 
-0.036088 
-0.036553 
-0.035979 
-0.036505 
-0.036468 
-0.035789 
-0.036313 
-0.036249 
-0.036245 
-0.036022 
-0.036100 
-0.036235 
-0.036140 
-0.036293 
-0.036370 
-0.035921 
-0.036115 
-0.035880 
-0.036583 
-0.036122 
-0.036297 
-0.036083 
-0.036401 
-0.036497 
-0.035988 
-0.035911 
-0.036463 
-0.036372 
-0.036490 
-0.036122 
-0.036066 
-0.036184 
-0.036117 
-0.037050 
-0.036240 
0.000000 
0.000000 
0.000000 
0.000000 
0.000000 
0.000000 
0.000000 
0.000000 
0.000000 
0.000000 
0.000000 
0.000000 
0.000000 
0.000000 
0.000000 
0.000000 
0.000000 
0.000000 
0.000000 
0.000000 
0.000000 
0.000000 
0.000000 
0.000000 
0.000000 
0.000000 
0.000000 
0.000000 
0.000000 
0.000000 
0.000000 
0.000000 
0.000000 
0.000000 
0.000000 
0.000000 
0.000000 
0.000000 
0.000000 
0.000000 
0.000000 
0.000000 
0.000000 
0.000000 
0.000000 
0.000000 
0.000000 
0.000000 
0.000000 
0.000000 
0.000000 
0.000000 
0.000000 
0.000000 
0.000000 
0.000000 
0.000000 
0.000000 
0.000000 
0.000000 
0.000000 
0.000000 
0.000000 
0.000000 
0.000000 
0.000000 
0.000000 
0.000000 
0.000000 
0.000000 
0.000000 
0.000000 
0.000000 
0.000000 
0.000000 
0.000000 
0.000000 
0.000000 
0.000000 
0.000000 
0.000000 
0.000000 
0.000000 
0.000000 
0.000000 
0.000000 
0.000000 
0.000000 
0.000000 
0.000000 
0.000000 
0.000000 
0.000000 
0.000000 
0.000000 
0.000000 
0.000000 
0.000000 
0.000000 
0.000000 
0.000000 
0.000000 
0.000000 
0.000000 
0.000000 
0.000000 
0.000000 
0.000000 
0.000000 
0.000000 
0.000000 
0.000000 
0.000000 
0.000000 
0.000000 
0.000000 
0.000000 
0.000000 
0.000000 
0.000000 
0.000000 
0.000000 
0.000000 
0.000000 
0.000000 
0.000000 
0.000000 
0.000000 
0.000000 
0.000000 
0.000000 
0.000000 
0.000000 
0.000000 
0.000000 
0.000000 
0.000000 
0.000000 
0.000000 
0.000000 
0.000000 
0.000000 
0.000000 
0.000000 
0.000000 
0.000000 
0.000000 
0.000000 
0.000000 
0.000000 
0.000000 
0.000000 
0.000000 
0.000000 
0.000000 
0.000000 
0.000000 
0.000000 
0.000000 
0.000000 
0.000000 
0.000000 
0.000000 
0.000000 
0.000000 
0.000000 
0.000000 
0.000000 
0.000000 
0.000000 
0.000000 
0.000000 
0.000000 
0.000000 
0.000000 
0.000000 
0.000000 
0.000000 
0.000000 
0.000000 
0.000000 
0.000000 
0.000000 
0.000000 
0.000000 
0.000000 
0.000000 
0.000000 
0.000000 
0.000000 
0.000000 
0.000000 
0.000000 
0.000000 
0.000000 
0.000000 
0.000000 
0.000000 
0.000000 
0.000000 
0.000000 
0.000000 
0.000000 
0.000000 
0.000000 
0.000000 
0.000000 
0.000000 
0.000000 
0.000000 
0.000000 
0.000000 
0.000000 
0.000000 
0.000000 
0.000000 
0.000000 
0.000000 
0.000000 
0.000000 
0.000000 
0.000000 
0.000000 
0.000000 
0.000000 
0.000000 
0.000000 
0.000000 
0.000000 
0.000000 
0.000000 
0.000000 
0.000000 
0.000000 
0.000000 
0.000000 
0.000000 
0.000000 
0.000000 
0.000000 
0.000000 
0.000000 
0.000000 
0.000000 
0.000000 
0.000000 
0.000000 
0.000000 
0.000000 
0.000000 
0.000000 
0.000000 
0.000000 
0.000000 
0.000000 
0.000000 
0.000000 
0.000000 
0.000000 
0.000000 
0.000000 
0.000000 
0.000000 
0.000000 
0.000000 
0.000000 
0.000000 
0.000000 
0.000000 
0.000000 
0.000000 
0.000000 
0.000000 
0.000000 
0.000000 
0.000000 
0.000000 
0.000000 
0.000000 
0.000000 
0.000000 
0.000000 
0.000000 
0.000000 
0.000000 
0.000000 
0.000000 
0.000000 
0.000000 
0.000000 
0.000000 
0.000000 
0.000000 
0.000000 
0.000000 
0.000000 
0.000000 
0.000000 
0.000000 
0.000000 
0.000000 
0.000000 
0.000000 
-0.250435 
-0.250465 
-0.250250 
-0.250680 
-0.251032 
-0.250187 
-0.250936 
-0.251078 
-0.250278 
-0.250734 
-0.251886 
-0.250867 
-0.250667 
-0.251017 
-0.250377 
-0.250805 
-0.251213 
-0.251629 
-0.251087 
-0.250924 
-0.251465 
-0.250950 
-0.251799 
-0.251284 
-0.250839 
-0.250385 
-0.250866 
-0.250613 
-0.250514 
-0.250842 
-0.250687 
-0.251357 
-0.250974 
-0.250982 
-0.251547 
-0.252130 
-0.250888 
-0.251346 
-0.251403 
-0.251108 
-0.250674 
-0.251621 
-0.250613 
-0.251590 
-0.250589 
-0.251066 
-0.251026 
-0.251238 
-0.250767 
-0.251587 
-0.251197 
-0.250664 
-0.251220 
-0.251441 
-0.251014 
-0.251287 
-0.250762 
-0.251426 
-0.252063 
-0.250599 
-0.250379 
-0.250757 
-0.251488 
-0.250521 
-0.250461 
-0.251319 
-0.251413 
-0.250632 
-0.251755 
-0.250086 
-0.250822 
-0.250948 
-0.250743 
-0.250998 
-0.250957 
-0.251445 
-0.251108 
-0.250914 
-0.251362 
-0.250904 
-0.250851 
-0.251667 
-0.250813 
-0.251329 
-0.250518 
-0.251535 
-0.250928 
-0.251030 
-0.251215 
-0.250666 
-0.251058 
-0.251462 
-0.250539 
-0.250717 
-0.250386 
-0.251244 
-0.251816 
-0.251093 
-0.251233 
-0.249333 
-0.250996 
1.041555 
1.041777 
1.040598 
1.041737 
1.042290 
1.041362 
1.042448 
1.042286 
1.041573 
1.042266 
1.043422 
1.041721 
1.041872 
1.042933 
1.041018 
1.041876 
1.042825 
1.043668 
1.042304 
1.042550 
1.043494 
1.042377 
1.043261 
1.042222 
1.041965 
1.041292 
1.041840 
1.041303 
1.041510 
1.042642 
1.041666 
1.043654 
1.042188 
1.042206 
1.042406 
1.044187 
1.041713 
1.043126 
1.043362 
1.042696 
1.041826 
1.043531 
1.042029 
1.043445 
1.041252 
1.042885 
1.043214 
1.042925 
1.041532 
1.043376 
1.042223 
1.041844 
1.043118 
1.043318 
1.042874 
1.043074 
1.042512 
1.042717 
1.044447 
1.041918 
1.040747 
1.041933 
1.043698 
1.042046 
1.041461 
1.043068 
1.042969 
1.041238 
1.043448 
1.041163 
1.041652 
1.043608 
1.041976 
1.042490 
1.042428 
1.043135 
1.042931 
1.042268 
1.042845 
1.042131 
1.041866 
1.043742 
1.042530 
1.043498 
1.041281 
1.042961 
1.042079 
1.042869 
1.042170 
1.041598 
1.042811 
1.043317 
1.041265 
1.041769 
1.041437 
1.042678 
1.043439 
1.042600 
1.042678 
1.039346 
1.042387 
