0.891281 
0.891397 
0.890823 
0.891244 
0.891180 
0.891268 
0.891323 
0.891311 
0.891339 
0.891263 
0.891072 
0.891053 
0.891198 
0.891563 
0.890933 
0.891196 
0.891076 
0.891429 
0.891098 
0.891374 
0.891499 
0.891368 
0.891006 
0.890981 
0.891104 
0.891106 
0.890947 
0.891015 
0.891166 
0.891351 
0.891082 
0.891741 
0.891210 
0.891070 
0.890978 
0.891366 
0.890709 
0.891372 
0.891448 
0.891427 
0.891199 
0.891227 
0.891274 
0.891085 
0.890958 
0.891362 
0.891717 
0.891287 
0.891132 
0.891344 
0.891168 
0.891101 
0.891335 
0.891431 
0.891480 
0.891359 
0.891629 
0.890841 
0.891761 
0.891053 
0.890844 
0.891391 
0.891678 
0.891333 
0.891211 
0.891601 
0.891250 
0.890783 
0.891315 
0.891049 
0.890955 
0.891796 
0.891261 
0.891241 
0.891414 
0.891259 
0.891379 
0.891017 
0.891174 
0.891128 
0.891032 
0.891341 
0.891287 
0.891555 
0.890870 
0.890934 
0.891045 
0.891324 
0.890982 
0.890845 
0.891307 
0.891421 
0.891032 
0.891109 
0.891204 
0.891206 
0.891017 
0.891412 
0.891261 
0.890948 
0.891227 
0.000000 
0.000000 
0.000000 
0.000000 
0.000000 
0.000000 
0.000000 
0.000000 
0.000000 
0.000000 
0.000000 
0.000000 
0.000000 
0.000000 
0.000000 
0.000000 
0.000000 
0.000000 
0.000000 
0.000000 
0.000000 
0.000000 
0.000000 
0.000000 
0.000000 
0.000000 
0.000000 
0.000000 
0.000000 
0.000000 
0.000000 
0.000000 
0.000000 
0.000000 
0.000000 
0.000000 
0.000000 
0.000000 
0.000000 
0.000000 
0.000000 
0.000000 
0.000000 
0.000000 
0.000000 
0.000000 
0.000000 
0.000000 
0.000000 
0.000000 
0.000000 
0.000000 
0.000000 
0.000000 
0.000000 
0.000000 
0.000000 
0.000000 
0.000000 
0.000000 
0.000000 
0.000000 
0.000000 
0.000000 
0.000000 
0.000000 
0.000000 
0.000000 
0.000000 
0.000000 
0.000000 
0.000000 
0.000000 
0.000000 
0.000000 
0.000000 
0.000000 
0.000000 
0.000000 
0.000000 
0.000000 
0.000000 
0.000000 
0.000000 
0.000000 
0.000000 
0.000000 
0.000000 
0.000000 
0.000000 
0.000000 
0.000000 
0.000000 
0.000000 
0.000000 
0.000000 
0.000000 
0.000000 
0.000000 
0.000000 
0.000000 
0.000000 
0.000000 
0.000000 
0.000000 
0.000000 
0.000000 
0.000000 
0.000000 
0.000000 
0.000000 
0.000000 
0.000000 
0.000000 
0.000000 
0.000000 
0.000000 
0.000000 
0.000000 
0.000000 
0.000000 
0.000000 
0.000000 
0.000000 
0.000000 
0.000000 
0.000000 
0.000000 
0.000000 
0.000000 
0.000000 
0.000000 
0.000000 
0.000000 
0.000000 
0.000000 
0.000000 
0.000000 
0.000000 
0.000000 
0.000000 
0.000000 
0.000000 
0.000000 
0.000000 
0.000000 
0.000000 
0.000000 
0.000000 
0.000000 
0.000000 
0.000000 
0.000000 
0.000000 
0.000000 
0.000000 
0.000000 
0.000000 
0.000000 
0.000000 
0.000000 
0.000000 
0.000000 
0.000000 
0.000000 
0.000000 
0.000000 
0.000000 
0.000000 
0.000000 
0.000000 
0.000000 
0.000000 
0.000000 
0.000000 
0.000000 
0.000000 
0.000000 
0.000000 
0.000000 
0.000000 
0.000000 
0.000000 
0.000000 
0.000000 
0.000000 
0.000000 
0.000000 
0.000000 
0.000000 
0.000000 
0.000000 
0.000000 
0.000000 
0.000000 
0.000000 
0.000000 
0.000000 
0.000000 
0.000000 
0.000000 
0.000000 
0.000000 
0.000000 
0.000000 
0.000000 
0.000000 
0.000000 
0.000000 
0.000000 
0.000000 
0.000000 
0.000000 
0.000000 
0.000000 
0.000000 
0.000000 
0.000000 
0.000000 
0.000000 
0.000000 
0.000000 
0.000000 
0.000000 
0.000000 
0.000000 
0.000000 
0.000000 
0.000000 
0.000000 
0.000000 
0.000000 
0.000000 
0.000000 
0.000000 
0.000000 
0.000000 
0.000000 
0.000000 
0.000000 
0.000000 
0.000000 
0.000000 
0.000000 
0.000000 
0.000000 
0.000000 
0.000000 
0.000000 
0.000000 
0.000000 
0.000000 
0.000000 
0.000000 
0.000000 
0.000000 
0.000000 
0.000000 
0.000000 
0.000000 
0.000000 
0.000000 
0.000000 
0.000000 
0.000000 
0.000000 
0.000000 
0.000000 
0.000000 
0.000000 
0.000000 
0.000000 
0.000000 
0.000000 
0.000000 
0.000000 
0.000000 
0.000000 
0.000000 
0.000000 
0.000000 
0.000000 
0.000000 
0.000000 
0.000000 
0.000000 
0.000000 
0.000000 
0.000000 
0.000000 
0.000000 
0.000000 
0.000000 
0.000000 
0.000000 
0.000000 
0.000000 
0.000000 
0.000000 
0.000000 
0.000000 
0.000000 
0.000000 
0.000000 
0.000000 
0.000000 
0.000000 
0.000000 
0.000000 
0.000000 
0.000000 
0.000000 
0.000000 
0.000000 
0.000000 
0.000000 
0.000000 
0.000000 
0.000000 
0.000000 
0.000000 
0.000000 
0.000000 
0.000000 
0.000000 
0.000000 
0.000000 
0.000000 
0.000000 
0.000000 
0.000000 
0.000000 
0.000000 
0.000000 
0.000000 
0.000000 
0.000000 
0.000000 
0.000000 
0.000000 
0.000000 
0.000000 
0.000000 
0.000000 
0.000000 
0.000000 
0.000000 
0.000000 
0.000000 
0.000000 
0.000000 
0.000000 
0.000000 
0.000000 
0.000000 
0.000000 
0.000000 
0.000000 
0.000000 
0.000000 
0.000000 
0.000000 
0.000000 
0.000000 
0.000000 
0.000000 
0.000000 
0.000000 
0.000000 
0.000000 
0.000000 
0.000000 
0.000000 
0.000000 
0.000000 
0.000000 
0.000000 
0.000000 
0.000000 
0.000000 
0.000000 
0.000000 
0.000000 
0.000000 
0.000000 
0.000000 
0.000000 
0.000000 
0.000000 
0.000000 
0.000000 
0.000000 
0.000000 
0.000000 
0.000000 
0.000000 
0.000000 
0.000000 
0.000000 
0.000000 
0.000000 
0.000000 
0.000000 
0.000000 
0.000000 
0.000000 
0.000000 
0.000000 
0.000000 
0.000000 
0.000000 
0.000000 
0.000000 
0.000000 
0.000000 
0.000000 
0.000000 
0.000000 
0.000000 
0.000000 
0.000000 
0.000000 
0.000000 
0.000000 
0.000000 
0.000000 
0.000000 
0.000000 
0.000000 
0.000000 
0.000000 
0.000000 
0.000000 
0.000000 
0.000000 
0.000000 
0.000000 
0.000000 
0.000000 
0.000000 
0.000000 
0.000000 
0.000000 
0.000000 
0.000000 
0.000000 
0.000000 
0.000000 
0.000000 
0.000000 
0.000000 
0.000000 
0.000000 
0.000000 
0.000000 
0.000000 
0.000000 
0.000000 
0.000000 
0.000000 
0.000000 
0.000000 
0.000000 
0.000000 
0.000000 
0.000000 
0.000000 
0.000000 
0.000000 
0.000000 
0.000000 
0.000000 
0.000000 
0.000000 
0.000000 
0.000000 
0.000000 
0.000000 
0.000000 
0.000000 
0.000000 
0.000000 
0.000000 
0.000000 
0.000000 
0.000000 
0.000000 
0.000000 
0.000000 
0.000000 
0.000000 
0.000000 
0.000000 
0.000000 
0.000000 
0.000000 
0.000000 
0.000000 
0.000000 
0.000000 
0.000000 
0.000000 
0.000000 
0.000000 
0.000000 
0.988124 
0.988388 
0.987953 
0.988068 
0.987859 
0.988226 
0.987835 
0.988077 
0.988067 
0.987771 
0.987328 
0.988054 
0.987978 
0.987879 
0.988050 
0.987830 
0.987366 
0.987531 
0.987723 
0.987792 
0.987616 
0.988026 
0.987395 
0.987709 
0.987910 
0.988049 
0.987679 
0.988035 
0.988095 
0.987601 
0.987909 
0.987810 
0.987974 
0.987662 
0.987523 
0.987322 
0.987478 
0.987584 
0.987572 
0.987781 
0.987904 
0.987183 
0.988000 
0.987063 
0.987818 
0.987522 
0.987945 
0.987427 
0.988016 
0.987572 
0.987890 
0.987777 
0.987456 
0.987646 
0.987793 
0.987545 
0.988191 
0.987212 
0.987635 
0.987614 
0.988075 
0.988236 
0.987900 
0.987892 
0.988159 
0.987931 
0.987593 
0.987678 
0.987504 
0.987779 
0.987689 
0.987600 
0.987945 
0.987799 
0.987965 
0.987464 
0.987766 
0.987555 
0.987562 
0.987833 
0.987726 
0.987414 
0.987620 
0.987659 
0.987906 
0.987194 
0.987692 
0.987677 
0.987669 
0.987695 
0.987555 
0.987606 
0.987863 
0.987761 
0.987974 
0.987617 
0.987282 
0.987874 
0.987592 
0.988603 
0.987767 
0.269657 
0.269764 
0.269266 
0.269764 
0.270052 
0.269516 
0.269958 
0.270063 
0.269349 
0.269732 
0.270686 
0.270321 
0.269630 
0.269852 
0.269451 
0.269983 
0.269739 
0.270388 
0.269921 
0.269778 
0.270151 
0.270046 
0.270251 
0.270170 
0.269933 
0.269459 
0.269636 
0.269520 
0.269553 
0.269461 
0.269743 
0.270052 
0.270057 
0.269604 
0.270331 
0.270628 
0.269954 
0.270087 
0.269991 
0.270099 
0.269558 
0.270191 
0.269463 
0.270042 
0.269461 
0.269880 
0.269892 
0.269852 
0.269999 
0.270202 
0.270070 
0.269774 
0.270042 
0.270240 
0.269966 
0.269739 
0.269909 
0.270108 
0.270767 
0.269328 
0.269421 
0.269906 
0.270212 
0.269569 
0.269618 
0.270117 
0.270221 
0.269599 
0.270403 
0.269162 
0.269703 
0.269718 
0.269631 
0.269903 
0.270073 
0.270057 
0.269931 
0.269714 
0.270064 
0.269646 
0.269871 
0.270440 
0.269604 
0.270025 
0.269601 
0.270144 
0.269805 
0.269765 
0.270109 
0.269542 
0.269643 
0.270041 
0.269604 
0.269393 
0.269525 
0.269831 
0.270340 
0.270009 
0.270108 
0.269029 
0.269882 
0.000000 
0.000000 
0.000000 
0.000000 
0.000000 
0.000000 
0.000000 
0.000000 
0.000000 
0.000000 
0.000000 
0.000000 
0.000000 
0.000000 
0.000000 
0.000000 
0.000000 
0.000000 
0.000000 
0.000000 
0.000000 
0.000000 
0.000000 
0.000000 
0.000000 
0.000000 
0.000000 
0.000000 
0.000000 
0.000000 
0.000000 
0.000000 
0.000000 
0.000000 
0.000000 
0.000000 
0.000000 
0.000000 
0.000000 
0.000000 
0.000000 
0.000000 
0.000000 
0.000000 
0.000000 
0.000000 
0.000000 
0.000000 
0.000000 
0.000000 
0.000000 
0.000000 
0.000000 
0.000000 
0.000000 
0.000000 
0.000000 
0.000000 
0.000000 
0.000000 
0.000000 
0.000000 
0.000000 
0.000000 
0.000000 
0.000000 
0.000000 
0.000000 
0.000000 
0.000000 
0.000000 
0.000000 
0.000000 
0.000000 
0.000000 
0.000000 
0.000000 
0.000000 
0.000000 
0.000000 
0.000000 
0.000000 
0.000000 
0.000000 
0.000000 
0.000000 
0.000000 
0.000000 
0.000000 
0.000000 
0.000000 
0.000000 
0.000000 
0.000000 
0.000000 
0.000000 
0.000000 
0.000000 
0.000000 
0.000000 
0.000000 
0.000000 
0.000000 
0.000000 
0.000000 
0.000000 
0.000000 
0.000000 
0.000000 
0.000000 
0.000000 
0.000000 
0.000000 
0.000000 
0.000000 
0.000000 
0.000000 
0.000000 
0.000000 
0.000000 
0.000000 
0.000000 
0.000000 
0.000000 
0.000000 
0.000000 
0.000000 
0.000000 
0.000000 
0.000000 
0.000000 
0.000000 
0.000000 
0.000000 
0.000000 
0.000000 
0.000000 
0.000000 
0.000000 
0.000000 
0.000000 
0.000000 
0.000000 
0.000000 
0.000000 
0.000000 
0.000000 
0.000000 
0.000000 
0.000000 
0.000000 
0.000000 
0.000000 
0.000000 
0.000000 
0.000000 
0.000000 
0.000000 
0.000000 
0.000000 
0.000000 
0.000000 
0.000000 
0.000000 
0.000000 
0.000000 
0.000000 
0.000000 
0.000000 
0.000000 
0.000000 
0.000000 
0.000000 
0.000000 
0.000000 
0.000000 
0.000000 
0.000000 
0.000000 
0.000000 
0.000000 
0.000000 
0.000000 
0.000000 
0.000000 
0.000000 
0.000000 
0.000000 
0.000000 
0.000000 
0.000000 
0.000000 
0.000000 
0.000000 
0.000000 
0.000000 
0.000000 
0.000000 
0.000000 
0.000000 
0.000000 
0.000000 
0.000000 
0.000000 
0.000000 
0.000000 
0.000000 
0.000000 
0.000000 
0.000000 
0.000000 
0.000000 
0.000000 
0.000000 
0.000000 
0.000000 
0.000000 
0.000000 
0.000000 
0.000000 
0.000000 
0.000000 
0.000000 
0.000000 
0.000000 
0.000000 
0.000000 
0.000000 
0.000000 
0.000000 
0.000000 
0.000000 
0.000000 
0.000000 
0.000000 
0.000000 
0.000000 
0.000000 
0.000000 
0.000000 
0.000000 
0.000000 
0.000000 
0.000000 
0.000000 
0.000000 
0.000000 
0.000000 
0.000000 
0.000000 
0.000000 
0.000000 
0.000000 
0.000000 
0.000000 
0.000000 
0.000000 
0.000000 
0.000000 
0.000000 
0.000000 
0.000000 
0.000000 
0.000000 
0.000000 
0.000000 
0.000000 
0.000000 
0.000000 
0.000000 
0.000000 
0.000000 
0.000000 
0.000000 
0.000000 
0.000000 
0.000000 
0.000000 
0.000000 
0.000000 
0.000000 
0.000000 
0.000000 
0.000000 
0.000000 
0.000000 
0.000000 
0.000000 
0.000000 
0.000000 
0.000000 
0.000000 
0.000000 
0.000000 
0.000000 
0.000000 
0.000000 
0.000000 
0.000000 
0.000000 
0.000000 
0.000000 
0.000000 
0.064930 
0.064915 
0.065154 
0.064928 
0.064857 
0.065078 
0.064763 
0.064867 
0.064868 
0.064812 
0.064789 
0.065216 
0.064909 
0.064597 
0.065163 
0.064978 
0.064749 
0.064601 
0.064854 
0.064750 
0.064496 
0.064830 
0.064746 
0.064897 
0.064973 
0.064993 
0.064991 
0.065003 
0.064976 
0.064626 
0.064941 
0.064388 
0.064908 
0.064887 
0.064940 
0.064530 
0.065183 
0.064669 
0.064603 
0.064683 
0.064866 
0.064574 
0.064766 
0.064711 
0.065019 
0.064672 
0.064539 
0.064604 
0.065091 
0.064657 
0.064896 
0.064987 
0.064623 
0.064626 
0.064628 
0.064549 
0.064700 
0.064914 
0.064383 
0.064833 
0.065224 
0.064979 
0.064526 
0.064878 
0.065003 
0.064652 
0.064711 
0.065112 
0.064625 
0.065005 
0.064990 
0.064396 
0.064838 
0.064892 
0.064813 
0.064611 
0.064771 
0.064830 
0.064761 
0.064829 
0.064996 
0.064622 
0.064685 
0.064554 
0.065112 
0.064875 
0.064892 
0.064684 
0.064980 
0.065130 
0.064620 
0.064560 
0.065001 
0.064911 
0.065010 
0.064683 
0.064836 
0.064717 
0.064711 
0.065377 
0.064826 
0.958090 
0.957953 
0.960243 
0.957919 
0.956787 
0.959258 
0.956157 
0.956748 
0.958128 
0.956865 
0.954614 
0.958777 
0.957979 
0.955436 
0.959866 
0.957787 
0.955968 
0.953885 
0.956685 
0.956420 
0.954158 
0.956640 
0.955049 
0.956571 
0.957708 
0.958889 
0.957858 
0.958564 
0.958630 
0.955716 
0.957945 
0.953522 
0.957258 
0.957138 
0.956257 
0.952808 
0.958612 
0.954908 
0.954564 
0.955765 
0.957543 
0.953954 
0.957107 
0.954895 
0.958544 
0.955491 
0.954947 
0.954947 
0.958582 
0.954529 
0.956931 
0.958085 
0.954911 
0.954696 
0.955395 
0.954961 
0.956506 
0.956237 
0.952143 
0.957649 
0.960151 
0.958040 
0.953931 
0.957578 
0.958610 
0.955122 
0.955293 
0.958878 
0.954036 
0.959173 
0.957943 
0.954093 
0.957592 
0.956946 
0.956482 
0.954801 
0.956094 
0.956723 
0.955654 
0.957245 
0.957576 
0.954041 
0.956090 
0.954151 
0.959014 
0.955562 
0.956979 
0.955732 
0.957067 
0.958909 
0.955296 
0.954497 
0.958334 
0.957897 
0.958847 
0.955763 
0.954957 
0.955917 
0.955468 
0.962833 
0.956638 
0.000000 
0.000000 
0.000000 
0.000000 
0.000000 
0.000000 
0.000000 
0.000000 
0.000000 
0.000000 
0.000000 
0.000000 
0.000000 
0.000000 
0.000000 
0.000000 
0.000000 
0.000000 
0.000000 
0.000000 
0.000000 
0.000000 
0.000000 
0.000000 
0.000000 
0.000000 
0.000000 
0.000000 
0.000000 
0.000000 
0.000000 
0.000000 
0.000000 
0.000000 
0.000000 
0.000000 
0.000000 
0.000000 
0.000000 
0.000000 
0.000000 
0.000000 
0.000000 
0.000000 
0.000000 
0.000000 
0.000000 
0.000000 
0.000000 
0.000000 
0.000000 
0.000000 
0.000000 
0.000000 
0.000000 
0.000000 
0.000000 
0.000000 
0.000000 
0.000000 
0.000000 
0.000000 
0.000000 
0.000000 
0.000000 
0.000000 
0.000000 
0.000000 
0.000000 
0.000000 
0.000000 
0.000000 
0.000000 
0.000000 
0.000000 
0.000000 
0.000000 
0.000000 
0.000000 
0.000000 
0.000000 
0.000000 
0.000000 
0.000000 
0.000000 
0.000000 
0.000000 
0.000000 
0.000000 
0.000000 
0.000000 
0.000000 
0.000000 
0.000000 
0.000000 
0.000000 
0.000000 
0.000000 
0.000000 
0.000000 
0.000000 
0.000000 
0.000000 
0.000000 
0.000000 
0.000000 
0.000000 
0.000000 
0.000000 
0.000000 
0.000000 
0.000000 
0.000000 
0.000000 
0.000000 
0.000000 
0.000000 
0.000000 
0.000000 
0.000000 
0.000000 
0.000000 
0.000000 
0.000000 
0.000000 
0.000000 
0.000000 
0.000000 
0.000000 
0.000000 
0.000000 
0.000000 
0.000000 
0.000000 
0.000000 
0.000000 
0.000000 
0.000000 
0.000000 
0.000000 
0.000000 
0.000000 
0.000000 
0.000000 
0.000000 
0.000000 
0.000000 
0.000000 
0.000000 
0.000000 
0.000000 
0.000000 
0.000000 
0.000000 
0.000000 
0.000000 
0.000000 
0.000000 
0.000000 
0.000000 
0.000000 
0.000000 
0.000000 
0.000000 
0.000000 
0.000000 
0.000000 
0.000000 
0.000000 
0.000000 
0.000000 
0.000000 
0.000000 
0.000000 
0.000000 
0.000000 
0.000000 
0.000000 
0.000000 
0.000000 
0.000000 
0.000000 
0.000000 
0.000000 
0.000000 
0.000000 
0.000000 
0.000000 
0.000000 
0.000000 
0.000000 
0.000000 
0.000000 
0.000000 
0.000000 
0.000000 
0.000000 
0.000000 
0.000000 
0.000000 
0.000000 
0.000000 
0.000000 
0.000000 
0.000000 
0.000000 
0.000000 
0.000000 
0.000000 
0.000000 
0.000000 
0.000000 
0.000000 
0.000000 
0.000000 
0.000000 
0.000000 
0.000000 
0.000000 
0.000000 
0.000000 
0.000000 
0.000000 
0.000000 
0.000000 
0.000000 
0.000000 
0.000000 
0.000000 
0.000000 
0.000000 
0.000000 
0.000000 
0.000000 
0.000000 
0.000000 
0.000000 
0.000000 
0.000000 
0.000000 
0.000000 
0.000000 
0.000000 
0.000000 
0.000000 
0.000000 
0.000000 
0.000000 
0.000000 
0.000000 
0.000000 
0.000000 
0.000000 
0.000000 
0.000000 
0.000000 
0.000000 
0.000000 
0.000000 
0.000000 
0.000000 
0.000000 
0.000000 
0.000000 
0.000000 
0.000000 
0.000000 
0.000000 
0.000000 
0.000000 
0.000000 
0.000000 
0.000000 
0.000000 
0.000000 
0.000000 
0.000000 
0.000000 
0.000000 
0.000000 
0.000000 
0.000000 
0.000000 
0.000000 
0.000000 
0.000000 
0.000000 
0.000000 
0.000000 
0.000000 
0.000000 
0.000000 
0.000000 
0.000000 
0.000000 
0.000000 
0.000000 
0.000000 
0.000000 
0.000000 
0.000000 
0.000000 
0.000000 
0.000000 
0.000000 
0.000000 
0.000000 
0.000000 
0.000000 
0.000000 
0.000000 
0.000000 
0.000000 
0.000000 
0.000000 
0.000000 
0.000000 
0.000000 
0.000000 
0.000000 
0.000000 
0.000000 
0.000000 
0.000000 
0.000000 
0.000000 
0.000000 
0.000000 
0.000000 
0.000000 
0.000000 
0.000000 
0.000000 
0.000000 
0.000000 
0.000000 
0.000000 
0.000000 
0.000000 
0.000000 
0.000000 
0.000000 
0.000000 
0.000000 
0.000000 
0.000000 
0.000000 
0.000000 
0.000000 
0.000000 
0.000000 
0.000000 
0.000000 
0.000000 
0.000000 
0.000000 
0.000000 
0.000000 
0.000000 
0.000000 
0.000000 
0.000000 
0.000000 
0.000000 
0.000000 
0.000000 
0.000000 
0.000000 
0.000000 
0.000000 
0.000000 
0.000000 
0.000000 
0.000000 
0.000000 
0.000000 
0.000000 
0.000000 
0.000000 
0.000000 
0.000000 
0.000000 
0.000000 
0.000000 
0.000000 
0.000000 
0.000000 
0.000000 
0.000000 
0.000000 
0.000000 
0.000000 
0.000000 
0.000000 
0.000000 
0.000000 
0.000000 
0.000000 
0.000000 
0.000000 
0.000000 
0.000000 
0.000000 
0.000000 
0.000000 
0.000000 
0.000000 
0.000000 
0.000000 
0.000000 
0.000000 
0.000000 
0.000000 
0.000000 
0.000000 
0.000000 
0.000000 
0.000000 
0.000000 
0.000000 
0.000000 
0.000000 
0.000000 
0.000000 
0.000000 
0.000000 
0.000000 
0.000000 
0.000000 
0.000000 
0.000000 
0.000000 
0.000000 
0.000000 
0.000000 
0.000000 
0.000000 
0.000000 
0.000000 
0.000000 
0.000000 
0.000000 
0.000000 
0.000000 
0.000000 
0.000000 
0.000000 
0.000000 
0.000000 
0.000000 
0.000000 
0.000000 
0.000000 
0.000000 
0.000000 
0.000000 
0.000000 
0.000000 
0.000000 
0.000000 
0.000000 
0.000000 
0.000000 
0.000000 
0.000000 
0.000000 
0.000000 
0.000000 
0.000000 
0.000000 
0.000000 
0.000000 
0.000000 
0.000000 
0.000000 
0.000000 
0.000000 
0.000000 
0.000000 
0.000000 
0.000000 
0.000000 
0.000000 
0.000000 
0.000000 
0.000000 
0.000000 
0.000000 
0.000000 
0.000000 
0.000000 
0.000000 
0.000000 
0.000000 
0.000000 
0.000000 
0.000000 
0.000000 
0.000000 
0.000000 
0.000000 
0.000000 
0.000000 
0.000000 
0.000000 
0.934761 
0.934856 
0.936628 
0.934644 
0.933754 
0.935821 
0.933002 
0.933658 
0.934804 
0.933832 
0.931639 
0.935702 
0.934678 
0.932441 
0.936491 
0.934456 
0.932589 
0.931181 
0.933484 
0.933373 
0.931383 
0.933573 
0.932136 
0.933321 
0.934519 
0.935426 
0.934413 
0.935150 
0.935225 
0.932549 
0.934697 
0.930641 
0.934052 
0.933849 
0.933179 
0.929897 
0.935172 
0.931927 
0.931549 
0.932858 
0.934238 
0.931070 
0.933995 
0.931761 
0.935151 
0.932302 
0.932062 
0.931857 
0.935231 
0.931660 
0.933734 
0.934865 
0.931932 
0.931767 
0.932517 
0.931862 
0.933380 
0.933003 
0.929504 
0.934285 
0.936629 
0.934945 
0.931029 
0.934300 
0.935357 
0.932318 
0.932132 
0.935331 
0.931233 
0.935678 
0.934617 
0.931213 
0.934260 
0.933780 
0.933464 
0.931787 
0.932917 
0.933383 
0.932577 
0.934031 
0.934223 
0.931239 
0.932970 
0.931329 
0.935564 
0.932371 
0.933727 
0.932559 
0.934030 
0.935468 
0.932109 
0.931452 
0.934936 
0.934441 
0.935406 
0.932587 
0.931956 
0.932891 
0.932635 
0.939057 
0.933478 
-0.027055 
-0.027067 
-0.027359 
-0.027034 
-0.026921 
-0.027181 
-0.026816 
-0.026927 
-0.026990 
-0.026874 
-0.026653 
-0.027263 
-0.027015 
-0.026670 
-0.027317 
-0.027051 
-0.026715 
-0.026521 
-0.026928 
-0.026806 
-0.026514 
-0.026908 
-0.026728 
-0.026919 
-0.027045 
-0.027188 
-0.027025 
-0.027150 
-0.027138 
-0.026707 
-0.027056 
-0.026389 
-0.026967 
-0.026968 
-0.026961 
-0.026361 
-0.027160 
-0.026633 
-0.026521 
-0.026761 
-0.026985 
-0.026523 
-0.026916 
-0.026598 
-0.027187 
-0.026671 
-0.026575 
-0.026612 
-0.027175 
-0.026636 
-0.026968 
-0.027078 
-0.026607 
-0.026641 
-0.026675 
-0.026589 
-0.026814 
-0.026833 
-0.026313 
-0.026965 
-0.027332 
-0.027119 
-0.026471 
-0.026950 
-0.027141 
-0.026713 
-0.026712 
-0.027203 
-0.026596 
-0.027155 
-0.027112 
-0.026401 
-0.026951 
-0.026881 
-0.026877 
-0.026643 
-0.026725 
-0.026869 
-0.026766 
-0.026929 
-0.027011 
-0.026534 
-0.026744 
-0.026494 
-0.027234 
-0.026747 
-0.026934 
-0.026707 
-0.027039 
-0.027143 
-0.026612 
-0.026528 
-0.027111 
-0.027014 
-0.027137 
-0.026749 
-0.026685 
-0.026814 
-0.026744 
-0.027728 
-0.026873 
0.000000 
0.000000 
0.000000 
0.000000 
0.000000 
0.000000 
0.000000 
0.000000 
0.000000 
0.000000 
0.000000 
0.000000 
0.000000 
0.000000 
0.000000 
0.000000 
0.000000 
0.000000 
0.000000 
0.000000 
0.000000 
0.000000 
0.000000 
0.000000 
0.000000 
0.000000 
0.000000 
0.000000 
0.000000 
0.000000 
0.000000 
0.000000 
0.000000 
0.000000 
0.000000 
0.000000 
0.000000 
0.000000 
0.000000 
0.000000 
0.000000 
0.000000 
0.000000 
0.000000 
0.000000 
0.000000 
0.000000 
0.000000 
0.000000 
0.000000 
0.000000 
0.000000 
0.000000 
0.000000 
0.000000 
0.000000 
0.000000 
0.000000 
0.000000 
0.000000 
0.000000 
0.000000 
0.000000 
0.000000 
0.000000 
0.000000 
0.000000 
0.000000 
0.000000 
0.000000 
0.000000 
0.000000 
0.000000 
0.000000 
0.000000 
0.000000 
0.000000 
0.000000 
0.000000 
0.000000 
0.000000 
0.000000 
0.000000 
0.000000 
0.000000 
0.000000 
0.000000 
0.000000 
0.000000 
0.000000 
0.000000 
0.000000 
0.000000 
0.000000 
0.000000 
0.000000 
0.000000 
0.000000 
0.000000 
0.000000 
0.000000 
0.000000 
0.000000 
0.000000 
0.000000 
0.000000 
0.000000 
0.000000 
0.000000 
0.000000 
0.000000 
0.000000 
0.000000 
0.000000 
0.000000 
0.000000 
0.000000 
0.000000 
0.000000 
0.000000 
0.000000 
0.000000 
0.000000 
0.000000 
0.000000 
0.000000 
0.000000 
0.000000 
0.000000 
0.000000 
0.000000 
0.000000 
0.000000 
0.000000 
0.000000 
0.000000 
0.000000 
0.000000 
0.000000 
0.000000 
0.000000 
0.000000 
0.000000 
0.000000 
0.000000 
0.000000 
0.000000 
0.000000 
0.000000 
0.000000 
0.000000 
0.000000 
0.000000 
0.000000 
0.000000 
0.000000 
0.000000 
0.000000 
0.000000 
0.000000 
0.000000 
0.000000 
0.000000 
0.000000 
0.000000 
0.000000 
0.000000 
0.000000 
0.000000 
0.000000 
0.000000 
0.000000 
0.000000 
0.000000 
0.000000 
0.000000 
0.000000 
0.000000 
0.000000 
0.000000 
0.000000 
0.000000 
0.000000 
0.000000 
0.000000 
0.000000 
0.000000 
0.000000 
0.000000 
0.000000 
0.000000 
0.000000 
0.000000 
0.000000 
0.000000 
0.000000 
0.000000 
0.000000 
0.000000 
0.000000 
0.000000 
0.000000 
0.000000 
0.000000 
0.000000 
0.000000 
0.000000 
0.000000 
0.000000 
0.000000 
0.000000 
0.000000 
0.000000 
0.000000 
0.000000 
0.000000 
0.000000 
0.000000 
0.000000 
0.000000 
0.000000 
0.000000 
0.000000 
0.000000 
0.000000 
0.000000 
0.000000 
0.000000 
0.000000 
0.000000 
0.000000 
0.000000 
0.000000 
0.000000 
0.000000 
0.000000 
0.000000 
0.000000 
0.000000 
0.000000 
0.000000 
0.000000 
0.000000 
0.000000 
0.000000 
0.000000 
0.000000 
0.000000 
0.000000 
0.000000 
0.000000 
0.000000 
0.000000 
0.000000 
0.000000 
0.000000 
0.000000 
0.000000 
0.000000 
0.000000 
0.000000 
0.000000 
0.000000 
0.000000 
0.000000 
0.000000 
0.000000 
0.000000 
0.000000 
0.000000 
0.000000 
0.000000 
0.000000 
0.000000 
0.000000 
0.000000 
0.000000 
0.000000 
0.000000 
0.000000 
0.000000 
0.000000 
0.000000 
0.000000 
0.000000 
0.000000 
0.000000 
0.000000 
0.000000 
0.000000 
0.000000 
0.000000 
0.000000 
0.000000 
0.000000 
0.000000 
0.000000 
0.000000 
0.000000 
0.000000 
0.000000 
0.000000 
0.000000 
-0.330139 
-0.330178 
-0.330036 
-0.330405 
-0.330748 
-0.329922 
-0.330600 
-0.330794 
-0.329967 
-0.330420 
-0.331581 
-0.330671 
-0.330392 
-0.330658 
-0.330170 
-0.330533 
-0.330885 
-0.331270 
-0.330794 
-0.330607 
-0.331098 
-0.330647 
-0.331512 
-0.331004 
-0.330575 
-0.330120 
-0.330599 
-0.330359 
-0.330253 
-0.330470 
-0.330416 
-0.330938 
-0.330700 
-0.330697 
-0.331288 
-0.331757 
-0.330665 
-0.330996 
-0.331039 
-0.330782 
-0.330376 
-0.331255 
-0.330294 
-0.331259 
-0.330332 
-0.330706 
-0.330647 
-0.330872 
-0.330534 
-0.331250 
-0.330930 
-0.330399 
-0.330856 
-0.331094 
-0.330660 
-0.330927 
-0.330426 
-0.331144 
-0.331660 
-0.330295 
-0.330179 
-0.330507 
-0.331104 
-0.330209 
-0.330201 
-0.330987 
-0.331082 
-0.330389 
-0.331414 
-0.329802 
-0.330562 
-0.330514 
-0.330453 
-0.330711 
-0.330648 
-0.331099 
-0.330786 
-0.330596 
-0.331050 
-0.330621 
-0.330571 
-0.331316 
-0.330460 
-0.330945 
-0.330275 
-0.331231 
-0.330630 
-0.330679 
-0.330966 
-0.330435 
-0.330686 
-0.331099 
-0.330264 
-0.330435 
-0.330120 
-0.330919 
-0.331521 
-0.330767 
-0.330910 
-0.329149 
-0.330692 
1.160314 
1.160562 
1.159266 
1.160516 
1.161125 
1.160106 
1.161295 
1.161121 
1.160331 
1.161096 
1.162370 
1.160511 
1.160666 
1.161826 
1.159732 
1.160672 
1.161709 
1.162636 
1.161141 
1.161408 
1.162442 
1.161221 
1.162195 
1.161050 
1.160771 
1.160029 
1.160630 
1.160039 
1.160269 
1.161505 
1.160438 
1.162613 
1.161014 
1.161034 
1.161256 
1.163205 
1.160496 
1.162039 
1.162296 
1.161568 
1.160612 
1.162484 
1.160834 
1.162392 
1.159985 
1.161774 
1.162134 
1.161815 
1.160295 
1.162318 
1.161053 
1.160638 
1.162029 
1.162253 
1.161762 
1.161980 
1.161367 
1.161595 
1.163492 
1.160713 
1.159430 
1.160739 
1.162667 
1.160855 
1.160215 
1.161979 
1.161869 
1.159970 
1.162396 
1.159884 
1.160426 
1.162563 
1.160777 
1.161345 
1.161276 
1.162050 
1.161827 
1.161098 
1.161735 
1.160949 
1.160658 
1.162719 
1.161382 
1.162445 
1.160019 
1.161862 
1.160891 
1.161757 
1.160998 
1.160367 
1.161688 
1.162246 
1.159995 
1.160551 
1.160187 
1.161548 
1.162390 
1.161464 
1.161547 
1.157894 
1.161230 
