0.939023 
0.938579 
0.937734 
0.938771 
0.938222 
0.936502 
0.937505 
0.936842 
0.936588 
0.936756 
0.935860 
0.936462 
0.937244 
0.936834 
0.937714 
0.935909 
0.935393 
0.939477 
0.937540 
0.936652 
0.937867 
0.936088 
0.939232 
0.937967 
0.937036 
0.936193 
0.936869 
0.935915 
0.936624 
0.937525 
0.936854 
0.935817 
0.936577 
0.937657 
0.936032 
0.938775 
0.936613 
0.938622 
0.936092 
0.935508 
0.935422 
0.937472 
0.936919 
0.935981 
0.937921 
0.937827 
0.939322 
0.936664 
0.936343 
0.934832 
0.937496 
0.935859 
0.937745 
0.937683 
0.935480 
0.936988 
0.936493 
0.937541 
0.936701 
0.936946 
0.936154 
0.935780 
0.937298 
0.934600 
0.936832 
0.934585 
0.936700 
0.936483 
0.937470 
0.937822 
0.938196 
0.936881 
0.936480 
0.936653 
0.935905 
0.937589 
0.937261 
0.936085 
0.937429 
0.937017 
0.936476 
0.937155 
0.936994 
0.936730 
0.940342 
0.937297 
0.938047 
0.937642 
0.936405 
0.938463 
0.937369 
0.935943 
0.936007 
0.936580 
0.937067 
0.936884 
0.937249 
0.938754 
0.937560 
0.937866 
0.937106 
0.000000 
0.000000 
0.000000 
0.000000 
0.000000 
0.000000 
0.000000 
0.000000 
0.000000 
0.000000 
0.000000 
0.000000 
0.000000 
0.000000 
0.000000 
0.000000 
0.000000 
0.000000 
0.000000 
0.000000 
0.000000 
0.000000 
0.000000 
0.000000 
0.000000 
0.000000 
0.000000 
0.000000 
0.000000 
0.000000 
0.000000 
0.000000 
0.000000 
0.000000 
0.000000 
0.000000 
0.000000 
0.000000 
0.000000 
0.000000 
0.000000 
0.000000 
0.000000 
0.000000 
0.000000 
0.000000 
0.000000 
0.000000 
0.000000 
0.000000 
0.000000 
0.000000 
0.000000 
0.000000 
0.000000 
0.000000 
0.000000 
0.000000 
0.000000 
0.000000 
0.000000 
0.000000 
0.000000 
0.000000 
0.000000 
0.000000 
0.000000 
0.000000 
0.000000 
0.000000 
0.000000 
0.000000 
0.000000 
0.000000 
0.000000 
0.000000 
0.000000 
0.000000 
0.000000 
0.000000 
0.000000 
0.000000 
0.000000 
0.000000 
0.000000 
0.000000 
0.000000 
0.000000 
0.000000 
0.000000 
0.000000 
0.000000 
0.000000 
0.000000 
0.000000 
0.000000 
0.000000 
0.000000 
0.000000 
0.000000 
0.000000 
0.000000 
0.000000 
0.000000 
0.000000 
0.000000 
0.000000 
0.000000 
0.000000 
0.000000 
0.000000 
0.000000 
0.000000 
0.000000 
0.000000 
0.000000 
0.000000 
0.000000 
0.000000 
0.000000 
0.000000 
0.000000 
0.000000 
0.000000 
0.000000 
0.000000 
0.000000 
0.000000 
0.000000 
0.000000 
0.000000 
0.000000 
0.000000 
0.000000 
0.000000 
0.000000 
0.000000 
0.000000 
0.000000 
0.000000 
0.000000 
0.000000 
0.000000 
0.000000 
0.000000 
0.000000 
0.000000 
0.000000 
0.000000 
0.000000 
0.000000 
0.000000 
0.000000 
0.000000 
0.000000 
0.000000 
0.000000 
0.000000 
0.000000 
0.000000 
0.000000 
0.000000 
0.000000 
0.000000 
0.000000 
0.000000 
0.000000 
0.000000 
0.000000 
0.000000 
0.000000 
0.000000 
0.000000 
0.000000 
0.000000 
0.000000 
0.000000 
0.000000 
0.000000 
0.000000 
0.000000 
0.000000 
0.000000 
0.000000 
0.000000 
0.000000 
0.000000 
0.000000 
0.000000 
0.000000 
0.000000 
0.000000 
0.000000 
0.000000 
0.000000 
0.000000 
0.000000 
0.000000 
0.000000 
0.000000 
0.000000 
0.000000 
0.000000 
0.000000 
0.000000 
0.000000 
0.000000 
0.000000 
0.000000 
0.000000 
0.000000 
0.000000 
0.000000 
0.000000 
0.000000 
0.000000 
0.000000 
0.000000 
0.000000 
0.000000 
0.000000 
0.000000 
0.000000 
0.000000 
0.000000 
0.000000 
0.000000 
0.000000 
0.000000 
0.000000 
0.000000 
0.000000 
0.000000 
0.000000 
0.000000 
0.000000 
0.000000 
0.000000 
0.000000 
0.000000 
0.000000 
0.000000 
0.000000 
0.000000 
0.000000 
0.000000 
0.000000 
0.000000 
0.000000 
0.000000 
0.000000 
0.000000 
0.000000 
0.000000 
0.000000 
0.000000 
0.000000 
0.000000 
0.000000 
0.000000 
0.000000 
0.000000 
0.000000 
0.000000 
0.000000 
0.000000 
0.000000 
0.000000 
0.000000 
0.000000 
0.000000 
0.000000 
0.000000 
0.000000 
0.000000 
0.000000 
0.000000 
0.000000 
0.000000 
0.000000 
0.000000 
0.000000 
0.000000 
0.000000 
0.000000 
0.000000 
0.000000 
0.000000 
0.000000 
0.000000 
0.000000 
0.000000 
0.000000 
0.000000 
0.000000 
0.000000 
0.000000 
0.000000 
0.000000 
0.000000 
0.000000 
0.000000 
0.000000 
0.000000 
0.000000 
0.000000 
0.000000 
0.000000 
0.000000 
0.000000 
0.000000 
0.000000 
0.000000 
0.000000 
0.000000 
0.000000 
0.000000 
0.000000 
0.000000 
0.000000 
0.000000 
0.000000 
0.000000 
0.000000 
0.000000 
0.000000 
0.000000 
0.000000 
0.000000 
0.000000 
0.000000 
0.000000 
0.000000 
0.000000 
0.000000 
0.000000 
0.000000 
0.000000 
0.000000 
0.000000 
0.000000 
0.000000 
0.000000 
0.000000 
0.000000 
0.000000 
0.000000 
0.000000 
0.000000 
0.000000 
0.000000 
0.000000 
0.000000 
0.000000 
0.000000 
0.000000 
0.000000 
0.000000 
0.000000 
0.000000 
0.000000 
0.000000 
0.000000 
0.000000 
0.000000 
0.000000 
0.000000 
0.000000 
0.000000 
0.000000 
0.000000 
0.000000 
0.000000 
0.000000 
0.000000 
0.000000 
0.000000 
0.000000 
0.000000 
0.000000 
0.000000 
0.000000 
0.000000 
0.000000 
0.000000 
0.000000 
0.000000 
0.000000 
0.000000 
0.000000 
0.000000 
0.000000 
0.000000 
0.000000 
0.000000 
0.000000 
0.000000 
0.000000 
0.000000 
0.000000 
0.000000 
0.000000 
0.000000 
0.000000 
0.000000 
0.000000 
0.000000 
0.000000 
0.000000 
0.000000 
0.000000 
0.000000 
0.000000 
0.000000 
0.000000 
0.000000 
0.000000 
0.000000 
0.000000 
0.000000 
0.000000 
0.000000 
0.000000 
0.000000 
0.000000 
0.000000 
0.000000 
0.000000 
0.000000 
0.000000 
0.000000 
0.000000 
0.000000 
0.000000 
0.000000 
0.000000 
0.000000 
0.000000 
0.000000 
0.000000 
0.000000 
0.000000 
0.000000 
0.000000 
0.000000 
0.000000 
0.000000 
0.000000 
0.000000 
0.000000 
0.000000 
0.000000 
0.000000 
0.000000 
0.000000 
0.000000 
0.000000 
0.000000 
0.000000 
0.000000 
0.000000 
0.000000 
0.000000 
0.000000 
0.000000 
0.000000 
0.000000 
0.000000 
0.000000 
0.000000 
0.000000 
0.000000 
0.000000 
0.000000 
0.000000 
0.000000 
0.000000 
0.000000 
0.000000 
0.000000 
0.000000 
0.000000 
0.000000 
0.000000 
0.000000 
0.000000 
0.000000 
0.000000 
0.000000 
0.000000 
0.000000 
0.000000 
0.000000 
0.000000 
0.000000 
0.000000 
0.000000 
0.000000 
0.000000 
0.000000 
0.000000 
0.000000 
0.000000 
0.000000 
0.000000 
1.061872 
1.060462 
1.061325 
1.060294 
1.060572 
1.060810 
1.060245 
1.060941 
1.061449 
1.059838 
1.060305 
1.060697 
1.060617 
1.060399 
1.062436 
1.061461 
1.059563 
1.061803 
1.060997 
1.059766 
1.061498 
1.060162 
1.061371 
1.060798 
1.060791 
1.060375 
1.061541 
1.059545 
1.060814 
1.060480 
1.061203 
1.059990 
1.061368 
1.060245 
1.060842 
1.061711 
1.061266 
1.061583 
1.061141 
1.059969 
1.059611 
1.060435 
1.061508 
1.060355 
1.061052 
1.060948 
1.062292 
1.060263 
1.061180 
1.060358 
1.060959 
1.061014 
1.059775 
1.060361 
1.059643 
1.061013 
1.060517 
1.061364 
1.060881 
1.061258 
1.061467 
1.060768 
1.060591 
1.059162 
1.060691 
1.060100 
1.060761 
1.060371 
1.060470 
1.061316 
1.061136 
1.060091 
1.060748 
1.060217 
1.060382 
1.061655 
1.060547 
1.060507 
1.061181 
1.061999 
1.060130 
1.061295 
1.060354 
1.059875 
1.061501 
1.060083 
1.061731 
1.061311 
1.060094 
1.060546 
1.060435 
1.060725 
1.060638 
1.060836 
1.061854 
1.061347 
1.060427 
1.060553 
1.061082 
1.061504 
1.060750 
0.409995 
0.397149 
0.404101 
0.403059 
0.402808 
0.404044 
0.407712 
0.403993 
0.402928 
0.399844 
0.406270 
0.396512 
0.407138 
0.407650 
0.414068 
0.397916 
0.388755 
0.409398 
0.397752 
0.396379 
0.400129 
0.400554 
0.414717 
0.402634 
0.404004 
0.404589 
0.407049 
0.391209 
0.407022 
0.394325 
0.403767 
0.402196 
0.407630 
0.403645 
0.404136 
0.404712 
0.403913 
0.403172 
0.395320 
0.393778 
0.391832 
0.389397 
0.407400 
0.394244 
0.405527 
0.394649 
0.407607 
0.398879 
0.408164 
0.402290 
0.401296 
0.399614 
0.393951 
0.402448 
0.393734 
0.396989 
0.398678 
0.400325 
0.398022 
0.402778 
0.414257 
0.398898 
0.403690 
0.385253 
0.404666 
0.401457 
0.403974 
0.395166 
0.399899 
0.403526 
0.407198 
0.400370 
0.394880 
0.400680 
0.394350 
0.411470 
0.401848 
0.405682 
0.411519 
0.406594 
0.398213 
0.410941 
0.401164 
0.400718 
0.401452 
0.397620 
0.410803 
0.402392 
0.400807 
0.399272 
0.399199 
0.400825 
0.399638 
0.400186 
0.404397 
0.403635 
0.398084 
0.401639 
0.398026 
0.411323 
0.401811 
0.000000 
0.000000 
0.000000 
0.000000 
0.000000 
0.000000 
0.000000 
0.000000 
0.000000 
0.000000 
0.000000 
0.000000 
0.000000 
0.000000 
0.000000 
0.000000 
0.000000 
0.000000 
0.000000 
0.000000 
0.000000 
0.000000 
0.000000 
0.000000 
0.000000 
0.000000 
0.000000 
0.000000 
0.000000 
0.000000 
0.000000 
0.000000 
0.000000 
0.000000 
0.000000 
0.000000 
0.000000 
0.000000 
0.000000 
0.000000 
0.000000 
0.000000 
0.000000 
0.000000 
0.000000 
0.000000 
0.000000 
0.000000 
0.000000 
0.000000 
0.000000 
0.000000 
0.000000 
0.000000 
0.000000 
0.000000 
0.000000 
0.000000 
0.000000 
0.000000 
0.000000 
0.000000 
0.000000 
0.000000 
0.000000 
0.000000 
0.000000 
0.000000 
0.000000 
0.000000 
0.000000 
0.000000 
0.000000 
0.000000 
0.000000 
0.000000 
0.000000 
0.000000 
0.000000 
0.000000 
0.000000 
0.000000 
0.000000 
0.000000 
0.000000 
0.000000 
0.000000 
0.000000 
0.000000 
0.000000 
0.000000 
0.000000 
0.000000 
0.000000 
0.000000 
0.000000 
0.000000 
0.000000 
0.000000 
0.000000 
0.000000 
0.000000 
0.000000 
0.000000 
0.000000 
0.000000 
0.000000 
0.000000 
0.000000 
0.000000 
0.000000 
0.000000 
0.000000 
0.000000 
0.000000 
0.000000 
0.000000 
0.000000 
0.000000 
0.000000 
0.000000 
0.000000 
0.000000 
0.000000 
0.000000 
0.000000 
0.000000 
0.000000 
0.000000 
0.000000 
0.000000 
0.000000 
0.000000 
0.000000 
0.000000 
0.000000 
0.000000 
0.000000 
0.000000 
0.000000 
0.000000 
0.000000 
0.000000 
0.000000 
0.000000 
0.000000 
0.000000 
0.000000 
0.000000 
0.000000 
0.000000 
0.000000 
0.000000 
0.000000 
0.000000 
0.000000 
0.000000 
0.000000 
0.000000 
0.000000 
0.000000 
0.000000 
0.000000 
0.000000 
0.000000 
0.000000 
0.000000 
0.000000 
0.000000 
0.000000 
0.000000 
0.000000 
0.000000 
0.000000 
0.000000 
0.000000 
0.000000 
0.000000 
0.000000 
0.000000 
0.000000 
0.000000 
0.000000 
0.000000 
0.000000 
0.000000 
0.000000 
0.000000 
0.000000 
0.000000 
0.000000 
0.000000 
0.000000 
0.000000 
0.000000 
0.000000 
0.000000 
0.000000 
0.000000 
0.000000 
0.000000 
0.000000 
0.000000 
0.000000 
0.000000 
0.000000 
0.000000 
0.000000 
0.000000 
0.000000 
0.000000 
0.000000 
0.000000 
0.000000 
0.000000 
0.000000 
0.000000 
0.000000 
0.000000 
0.000000 
0.000000 
0.000000 
0.000000 
0.000000 
0.000000 
0.000000 
0.000000 
0.000000 
0.000000 
0.000000 
0.000000 
0.000000 
0.000000 
0.000000 
0.000000 
0.000000 
0.000000 
0.000000 
0.000000 
0.000000 
0.000000 
0.000000 
0.000000 
0.000000 
0.000000 
0.000000 
0.000000 
0.000000 
0.000000 
0.000000 
0.000000 
0.000000 
0.000000 
0.000000 
0.000000 
0.000000 
0.000000 
0.000000 
0.000000 
0.000000 
0.000000 
0.000000 
0.000000 
0.000000 
0.000000 
0.000000 
0.000000 
0.000000 
0.000000 
0.000000 
0.000000 
0.000000 
0.000000 
0.000000 
0.000000 
0.000000 
0.000000 
0.000000 
0.000000 
0.000000 
0.000000 
0.000000 
0.000000 
0.000000 
0.000000 
0.000000 
0.000000 
0.000000 
0.000000 
0.000000 
0.000000 
0.000000 
0.000000 
0.000000 
0.000000 
0.000000 
0.000000 
0.000000 
0.000000 
0.000000 
0.000000 
0.000000 
0.000000 
0.046354 
0.047388 
0.047609 
0.047503 
0.047718 
0.047265 
0.047187 
0.047213 
0.047612 
0.048154 
0.047461 
0.048204 
0.047035 
0.047540 
0.046564 
0.048490 
0.050087 
0.046704 
0.048111 
0.048454 
0.047776 
0.048515 
0.045962 
0.047496 
0.047965 
0.047316 
0.047461 
0.049154 
0.047187 
0.048828 
0.047555 
0.048010 
0.047633 
0.047485 
0.047977 
0.046988 
0.047327 
0.047433 
0.048475 
0.048985 
0.049444 
0.049443 
0.047215 
0.049166 
0.047218 
0.048637 
0.046847 
0.048434 
0.047539 
0.048105 
0.047925 
0.048259 
0.048331 
0.047420 
0.049498 
0.048694 
0.048080 
0.047892 
0.048451 
0.047592 
0.046428 
0.048675 
0.047638 
0.050564 
0.047808 
0.048824 
0.047817 
0.048514 
0.048377 
0.047523 
0.046926 
0.047952 
0.048797 
0.048007 
0.048846 
0.047123 
0.048045 
0.047412 
0.046618 
0.047182 
0.048179 
0.046772 
0.047929 
0.048064 
0.047117 
0.048097 
0.046104 
0.047615 
0.047926 
0.048088 
0.048100 
0.048342 
0.048371 
0.048109 
0.047836 
0.047536 
0.048397 
0.047292 
0.048244 
0.046255 
0.047843 
0.664428 
0.690368 
0.678895 
0.678218 
0.680152 
0.678346 
0.669125 
0.679070 
0.682522 
0.687603 
0.673805 
0.695898 
0.671292 
0.670613 
0.658234 
0.695612 
0.715213 
0.665614 
0.693566 
0.695577 
0.687926 
0.687356 
0.653206 
0.681388 
0.680721 
0.677447 
0.674475 
0.707397 
0.673243 
0.700478 
0.680080 
0.683373 
0.673978 
0.677979 
0.680333 
0.678133 
0.679927 
0.680938 
0.700446 
0.703904 
0.708027 
0.712769 
0.673441 
0.703360 
0.674773 
0.701795 
0.670342 
0.690352 
0.672192 
0.684742 
0.685853 
0.691397 
0.697886 
0.680141 
0.703496 
0.697181 
0.690531 
0.686935 
0.693344 
0.682998 
0.656449 
0.693217 
0.679035 
0.723266 
0.677545 
0.688710 
0.678885 
0.699196 
0.687781 
0.679688 
0.669913 
0.686669 
0.700741 
0.685287 
0.703049 
0.663777 
0.683759 
0.676420 
0.661552 
0.674727 
0.691344 
0.665217 
0.684671 
0.685028 
0.682098 
0.691807 
0.661931 
0.680844 
0.686345 
0.688617 
0.689647 
0.688961 
0.691291 
0.688661 
0.681149 
0.680565 
0.692178 
0.681715 
0.692551 
0.662097 
0.684064 
0.000000 
0.000000 
0.000000 
0.000000 
0.000000 
0.000000 
0.000000 
0.000000 
0.000000 
0.000000 
0.000000 
0.000000 
0.000000 
0.000000 
0.000000 
0.000000 
0.000000 
0.000000 
0.000000 
0.000000 
0.000000 
0.000000 
0.000000 
0.000000 
0.000000 
0.000000 
0.000000 
0.000000 
0.000000 
0.000000 
0.000000 
0.000000 
0.000000 
0.000000 
0.000000 
0.000000 
0.000000 
0.000000 
0.000000 
0.000000 
0.000000 
0.000000 
0.000000 
0.000000 
0.000000 
0.000000 
0.000000 
0.000000 
0.000000 
0.000000 
0.000000 
0.000000 
0.000000 
0.000000 
0.000000 
0.000000 
0.000000 
0.000000 
0.000000 
0.000000 
0.000000 
0.000000 
0.000000 
0.000000 
0.000000 
0.000000 
0.000000 
0.000000 
0.000000 
0.000000 
0.000000 
0.000000 
0.000000 
0.000000 
0.000000 
0.000000 
0.000000 
0.000000 
0.000000 
0.000000 
0.000000 
0.000000 
0.000000 
0.000000 
0.000000 
0.000000 
0.000000 
0.000000 
0.000000 
0.000000 
0.000000 
0.000000 
0.000000 
0.000000 
0.000000 
0.000000 
0.000000 
0.000000 
0.000000 
0.000000 
0.000000 
0.000000 
0.000000 
0.000000 
0.000000 
0.000000 
0.000000 
0.000000 
0.000000 
0.000000 
0.000000 
0.000000 
0.000000 
0.000000 
0.000000 
0.000000 
0.000000 
0.000000 
0.000000 
0.000000 
0.000000 
0.000000 
0.000000 
0.000000 
0.000000 
0.000000 
0.000000 
0.000000 
0.000000 
0.000000 
0.000000 
0.000000 
0.000000 
0.000000 
0.000000 
0.000000 
0.000000 
0.000000 
0.000000 
0.000000 
0.000000 
0.000000 
0.000000 
0.000000 
0.000000 
0.000000 
0.000000 
0.000000 
0.000000 
0.000000 
0.000000 
0.000000 
0.000000 
0.000000 
0.000000 
0.000000 
0.000000 
0.000000 
0.000000 
0.000000 
0.000000 
0.000000 
0.000000 
0.000000 
0.000000 
0.000000 
0.000000 
0.000000 
0.000000 
0.000000 
0.000000 
0.000000 
0.000000 
0.000000 
0.000000 
0.000000 
0.000000 
0.000000 
0.000000 
0.000000 
0.000000 
0.000000 
0.000000 
0.000000 
0.000000 
0.000000 
0.000000 
0.000000 
0.000000 
0.000000 
0.000000 
0.000000 
0.000000 
0.000000 
0.000000 
0.000000 
0.000000 
0.000000 
0.000000 
0.000000 
0.000000 
0.000000 
0.000000 
0.000000 
0.000000 
0.000000 
0.000000 
0.000000 
0.000000 
0.000000 
0.000000 
0.000000 
0.000000 
0.000000 
0.000000 
0.000000 
0.000000 
0.000000 
0.000000 
0.000000 
0.000000 
0.000000 
0.000000 
0.000000 
0.000000 
0.000000 
0.000000 
0.000000 
0.000000 
0.000000 
0.000000 
0.000000 
0.000000 
0.000000 
0.000000 
0.000000 
0.000000 
0.000000 
0.000000 
0.000000 
0.000000 
0.000000 
0.000000 
0.000000 
0.000000 
0.000000 
0.000000 
0.000000 
0.000000 
0.000000 
0.000000 
0.000000 
0.000000 
0.000000 
0.000000 
0.000000 
0.000000 
0.000000 
0.000000 
0.000000 
0.000000 
0.000000 
0.000000 
0.000000 
0.000000 
0.000000 
0.000000 
0.000000 
0.000000 
0.000000 
0.000000 
0.000000 
0.000000 
0.000000 
0.000000 
0.000000 
0.000000 
0.000000 
0.000000 
0.000000 
0.000000 
0.000000 
0.000000 
0.000000 
0.000000 
0.000000 
0.000000 
0.000000 
0.000000 
0.000000 
0.000000 
0.000000 
0.000000 
0.000000 
0.000000 
0.000000 
0.000000 
0.000000 
0.000000 
0.000000 
0.000000 
0.000000 
0.000000 
0.000000 
0.000000 
0.000000 
0.000000 
0.000000 
0.000000 
0.000000 
0.000000 
0.000000 
0.000000 
0.000000 
0.000000 
0.000000 
0.000000 
0.000000 
0.000000 
0.000000 
0.000000 
0.000000 
0.000000 
0.000000 
0.000000 
0.000000 
0.000000 
0.000000 
0.000000 
0.000000 
0.000000 
0.000000 
0.000000 
0.000000 
0.000000 
0.000000 
0.000000 
0.000000 
0.000000 
0.000000 
0.000000 
0.000000 
0.000000 
0.000000 
0.000000 
0.000000 
0.000000 
0.000000 
0.000000 
0.000000 
0.000000 
0.000000 
0.000000 
0.000000 
0.000000 
0.000000 
0.000000 
0.000000 
0.000000 
0.000000 
0.000000 
0.000000 
0.000000 
0.000000 
0.000000 
0.000000 
0.000000 
0.000000 
0.000000 
0.000000 
0.000000 
0.000000 
0.000000 
0.000000 
0.000000 
0.000000 
0.000000 
0.000000 
0.000000 
0.000000 
0.000000 
0.000000 
0.000000 
0.000000 
0.000000 
0.000000 
0.000000 
0.000000 
0.000000 
0.000000 
0.000000 
0.000000 
0.000000 
0.000000 
0.000000 
0.000000 
0.000000 
0.000000 
0.000000 
0.000000 
0.000000 
0.000000 
0.000000 
0.000000 
0.000000 
0.000000 
0.000000 
0.000000 
0.000000 
0.000000 
0.000000 
0.000000 
0.000000 
0.000000 
0.000000 
0.000000 
0.000000 
0.000000 
0.000000 
0.000000 
0.000000 
0.000000 
0.000000 
0.000000 
0.000000 
0.000000 
0.000000 
0.000000 
0.000000 
0.000000 
0.000000 
0.000000 
0.000000 
0.000000 
0.000000 
0.000000 
0.000000 
0.000000 
0.000000 
0.000000 
0.000000 
0.000000 
0.000000 
0.000000 
0.000000 
0.000000 
0.000000 
0.000000 
0.000000 
0.000000 
0.000000 
0.000000 
0.000000 
0.000000 
0.000000 
0.000000 
0.000000 
0.000000 
0.000000 
0.000000 
0.000000 
0.000000 
0.000000 
0.000000 
0.000000 
0.000000 
0.000000 
0.000000 
0.000000 
0.000000 
0.000000 
0.000000 
0.000000 
0.000000 
0.000000 
0.000000 
0.000000 
0.000000 
0.000000 
0.000000 
0.000000 
0.000000 
0.000000 
0.000000 
0.000000 
0.000000 
0.000000 
0.000000 
0.000000 
0.000000 
0.000000 
0.000000 
0.000000 
0.000000 
0.000000 
0.000000 
0.000000 
0.000000 
0.000000 
0.000000 
0.000000 
0.000000 
0.000000 
0.000000 
0.000000 
0.689121 
0.709476 
0.704002 
0.697501 
0.705043 
0.702950 
0.695167 
0.704507 
0.707315 
0.710892 
0.700895 
0.717276 
0.696042 
0.694672 
0.687004 
0.718595 
0.733092 
0.691027 
0.713559 
0.715985 
0.710983 
0.707823 
0.681946 
0.704386 
0.705025 
0.701593 
0.700414 
0.725482 
0.698402 
0.720296 
0.706040 
0.707559 
0.697658 
0.697054 
0.706820 
0.697041 
0.703975 
0.704284 
0.723474 
0.722869 
0.729523 
0.730092 
0.701788 
0.725052 
0.698333 
0.718998 
0.696756 
0.713649 
0.699243 
0.707800 
0.709314 
0.713854 
0.718392 
0.702323 
0.722323 
0.718457 
0.709503 
0.710391 
0.716307 
0.706022 
0.686459 
0.712455 
0.703492 
0.736894 
0.701085 
0.713736 
0.703145 
0.720190 
0.707906 
0.701706 
0.694158 
0.710345 
0.720969 
0.706631 
0.719527 
0.692716 
0.708423 
0.699320 
0.687041 
0.702142 
0.714353 
0.692973 
0.709228 
0.706701 
0.702457 
0.711683 
0.687123 
0.705401 
0.706419 
0.712841 
0.707929 
0.711139 
0.716802 
0.711832 
0.707225 
0.702633 
0.712331 
0.701816 
0.709655 
0.687672 
0.706860 
-0.010950 
-0.011474 
-0.012660 
-0.011354 
-0.012018 
-0.012402 
-0.011603 
-0.012408 
-0.012887 
-0.012592 
-0.012511 
-0.012880 
-0.011439 
-0.011861 
-0.011813 
-0.014478 
-0.014301 
-0.010806 
-0.012426 
-0.012698 
-0.012308 
-0.012698 
-0.010301 
-0.011841 
-0.012506 
-0.011806 
-0.012345 
-0.013598 
-0.012410 
-0.012882 
-0.012772 
-0.012454 
-0.012374 
-0.011294 
-0.013744 
-0.011191 
-0.011730 
-0.012048 
-0.014137 
-0.013594 
-0.014240 
-0.013752 
-0.013039 
-0.013948 
-0.011591 
-0.013155 
-0.011485 
-0.012798 
-0.012574 
-0.012841 
-0.012574 
-0.013086 
-0.012311 
-0.011359 
-0.013995 
-0.013190 
-0.012276 
-0.012854 
-0.013295 
-0.012609 
-0.011860 
-0.013283 
-0.012235 
-0.014557 
-0.011858 
-0.013634 
-0.012649 
-0.013045 
-0.012035 
-0.012172 
-0.010843 
-0.012135 
-0.013477 
-0.012366 
-0.013025 
-0.012002 
-0.012505 
-0.012089 
-0.011018 
-0.012073 
-0.012775 
-0.011628 
-0.012456 
-0.012185 
-0.010949 
-0.012509 
-0.010812 
-0.011813 
-0.012275 
-0.012698 
-0.012424 
-0.013038 
-0.013474 
-0.013656 
-0.012994 
-0.013025 
-0.012613 
-0.010860 
-0.011980 
-0.011377 
-0.012390 
0.000000 
0.000000 
0.000000 
0.000000 
0.000000 
0.000000 
0.000000 
0.000000 
0.000000 
0.000000 
0.000000 
0.000000 
0.000000 
0.000000 
0.000000 
0.000000 
0.000000 
0.000000 
0.000000 
0.000000 
0.000000 
0.000000 
0.000000 
0.000000 
0.000000 
0.000000 
0.000000 
0.000000 
0.000000 
0.000000 
0.000000 
0.000000 
0.000000 
0.000000 
0.000000 
0.000000 
0.000000 
0.000000 
0.000000 
0.000000 
0.000000 
0.000000 
0.000000 
0.000000 
0.000000 
0.000000 
0.000000 
0.000000 
0.000000 
0.000000 
0.000000 
0.000000 
0.000000 
0.000000 
0.000000 
0.000000 
0.000000 
0.000000 
0.000000 
0.000000 
0.000000 
0.000000 
0.000000 
0.000000 
0.000000 
0.000000 
0.000000 
0.000000 
0.000000 
0.000000 
0.000000 
0.000000 
0.000000 
0.000000 
0.000000 
0.000000 
0.000000 
0.000000 
0.000000 
0.000000 
0.000000 
0.000000 
0.000000 
0.000000 
0.000000 
0.000000 
0.000000 
0.000000 
0.000000 
0.000000 
0.000000 
0.000000 
0.000000 
0.000000 
0.000000 
0.000000 
0.000000 
0.000000 
0.000000 
0.000000 
0.000000 
0.000000 
0.000000 
0.000000 
0.000000 
0.000000 
0.000000 
0.000000 
0.000000 
0.000000 
0.000000 
0.000000 
0.000000 
0.000000 
0.000000 
0.000000 
0.000000 
0.000000 
0.000000 
0.000000 
0.000000 
0.000000 
0.000000 
0.000000 
0.000000 
0.000000 
0.000000 
0.000000 
0.000000 
0.000000 
0.000000 
0.000000 
0.000000 
0.000000 
0.000000 
0.000000 
0.000000 
0.000000 
0.000000 
0.000000 
0.000000 
0.000000 
0.000000 
0.000000 
0.000000 
0.000000 
0.000000 
0.000000 
0.000000 
0.000000 
0.000000 
0.000000 
0.000000 
0.000000 
0.000000 
0.000000 
0.000000 
0.000000 
0.000000 
0.000000 
0.000000 
0.000000 
0.000000 
0.000000 
0.000000 
0.000000 
0.000000 
0.000000 
0.000000 
0.000000 
0.000000 
0.000000 
0.000000 
0.000000 
0.000000 
0.000000 
0.000000 
0.000000 
0.000000 
0.000000 
0.000000 
0.000000 
0.000000 
0.000000 
0.000000 
0.000000 
0.000000 
0.000000 
0.000000 
0.000000 
0.000000 
0.000000 
0.000000 
0.000000 
0.000000 
0.000000 
0.000000 
0.000000 
0.000000 
0.000000 
0.000000 
0.000000 
0.000000 
0.000000 
0.000000 
0.000000 
0.000000 
0.000000 
0.000000 
0.000000 
0.000000 
0.000000 
0.000000 
0.000000 
0.000000 
0.000000 
0.000000 
0.000000 
0.000000 
0.000000 
0.000000 
0.000000 
0.000000 
0.000000 
0.000000 
0.000000 
0.000000 
0.000000 
0.000000 
0.000000 
0.000000 
0.000000 
0.000000 
0.000000 
0.000000 
0.000000 
0.000000 
0.000000 
0.000000 
0.000000 
0.000000 
0.000000 
0.000000 
0.000000 
0.000000 
0.000000 
0.000000 
0.000000 
0.000000 
0.000000 
0.000000 
0.000000 
0.000000 
0.000000 
0.000000 
0.000000 
0.000000 
0.000000 
0.000000 
0.000000 
0.000000 
0.000000 
0.000000 
0.000000 
0.000000 
0.000000 
0.000000 
0.000000 
0.000000 
0.000000 
0.000000 
0.000000 
0.000000 
0.000000 
0.000000 
0.000000 
0.000000 
0.000000 
0.000000 
0.000000 
0.000000 
0.000000 
0.000000 
0.000000 
0.000000 
0.000000 
0.000000 
0.000000 
0.000000 
0.000000 
0.000000 
0.000000 
0.000000 
0.000000 
0.000000 
0.000000 
0.000000 
0.000000 
0.000000 
0.000000 
0.000000 
0.000000 
0.000000 
-0.445761 
-0.434706 
-0.437912 
-0.440705 
-0.439507 
-0.436986 
-0.440870 
-0.438121 
-0.436494 
-0.434096 
-0.438046 
-0.432183 
-0.441149 
-0.441376 
-0.446665 
-0.431015 
-0.423937 
-0.446591 
-0.434857 
-0.432075 
-0.436478 
-0.435595 
-0.449247 
-0.439171 
-0.438276 
-0.438099 
-0.440189 
-0.427732 
-0.439285 
-0.431788 
-0.436515 
-0.434862 
-0.440531 
-0.440205 
-0.435422 
-0.443857 
-0.438714 
-0.439161 
-0.428929 
-0.429520 
-0.425168 
-0.427789 
-0.438742 
-0.429377 
-0.439869 
-0.433757 
-0.443764 
-0.433738 
-0.440411 
-0.434974 
-0.436604 
-0.433672 
-0.431929 
-0.439127 
-0.430064 
-0.433275 
-0.434376 
-0.435708 
-0.432531 
-0.436659 
-0.445386 
-0.434420 
-0.438263 
-0.422611 
-0.439099 
-0.433257 
-0.437954 
-0.429831 
-0.437646 
-0.438989 
-0.442674 
-0.434864 
-0.430580 
-0.437423 
-0.431538 
-0.444388 
-0.436851 
-0.438721 
-0.444809 
-0.440612 
-0.431387 
-0.443808 
-0.435522 
-0.435533 
-0.441306 
-0.433609 
-0.444890 
-0.437770 
-0.436452 
-0.435019 
-0.437191 
-0.434509 
-0.432046 
-0.433953 
-0.437597 
-0.437367 
-0.434546 
-0.440209 
-0.436131 
-0.444290 
-0.436713 
1.280512 
1.273275 
1.270566 
1.276772 
1.277922 
1.266605 
1.270742 
1.270858 
1.268691 
1.267801 
1.266577 
1.268590 
1.272643 
1.270754 
1.275525 
1.261813 
1.258509 
1.284348 
1.272144 
1.267576 
1.273209 
1.267956 
1.282100 
1.276178 
1.269429 
1.268494 
1.270647 
1.263692 
1.266863 
1.270587 
1.267448 
1.265386 
1.267789 
1.274822 
1.262682 
1.281450 
1.272375 
1.274983 
1.262018 
1.263741 
1.257989 
1.267345 
1.267240 
1.264674 
1.272605 
1.273088 
1.281161 
1.268444 
1.268605 
1.262995 
1.271989 
1.265817 
1.273197 
1.275789 
1.265970 
1.269837 
1.268144 
1.271126 
1.266683 
1.267785 
1.272328 
1.267791 
1.272381 
1.258382 
1.270887 
1.261815 
1.269009 
1.263975 
1.276005 
1.272736 
1.277449 
1.269357 
1.265360 
1.273249 
1.266435 
1.274973 
1.271372 
1.266341 
1.274232 
1.273567 
1.263644 
1.273135 
1.269652 
1.268796 
1.284532 
1.268434 
1.276312 
1.274346 
1.269143 
1.272684 
1.273667 
1.264773 
1.263422 
1.265036 
1.269252 
1.267181 
1.270086 
1.280102 
1.273330 
1.272643 
1.270189 
