0.995736 
0.996231 
0.996404 
0.995999 
0.996231 
0.995400 
0.995413 
0.994387 
0.995239 
0.995138 
0.994633 
0.994772 
0.995655 
0.995404 
0.994903 
0.995180 
0.994105 
0.996961 
0.995427 
0.995296 
0.995978 
0.995525 
0.997314 
0.996139 
0.995720 
0.995831 
0.995885 
0.995584 
0.995211 
0.995428 
0.996493 
0.994983 
0.996322 
0.996349 
0.994142 
0.996312 
0.995140 
0.995842 
0.994919 
0.994776 
0.994868 
0.995569 
0.995509 
0.994955 
0.995818 
0.996819 
0.996120 
0.995464 
0.995982 
0.993992 
0.995607 
0.995067 
0.995419 
0.995669 
0.995777 
0.995458 
0.995230 
0.996282 
0.995537 
0.994905 
0.994794 
0.995374 
0.995816 
0.994951 
0.996643 
0.994336 
0.994952 
0.995268 
0.995047 
0.995629 
0.996878 
0.995893 
0.994727 
0.995740 
0.994709 
0.995951 
0.995422 
0.994675 
0.996327 
0.995574 
0.995266 
0.995620 
0.995403 
0.994177 
0.997027 
0.994866 
0.996138 
0.996076 
0.995416 
0.995716 
0.995860 
0.994897 
0.995616 
0.995790 
0.996505 
0.995612 
0.994612 
0.995935 
0.995120 
0.995503 
0.995541 
0.000000 
0.000000 
0.000000 
0.000000 
0.000000 
0.000000 
0.000000 
0.000000 
0.000000 
0.000000 
0.000000 
0.000000 
0.000000 
0.000000 
0.000000 
0.000000 
0.000000 
0.000000 
0.000000 
0.000000 
0.000000 
0.000000 
0.000000 
0.000000 
0.000000 
0.000000 
0.000000 
0.000000 
0.000000 
0.000000 
0.000000 
0.000000 
0.000000 
0.000000 
0.000000 
0.000000 
0.000000 
0.000000 
0.000000 
0.000000 
0.000000 
0.000000 
0.000000 
0.000000 
0.000000 
0.000000 
0.000000 
0.000000 
0.000000 
0.000000 
0.000000 
0.000000 
0.000000 
0.000000 
0.000000 
0.000000 
0.000000 
0.000000 
0.000000 
0.000000 
0.000000 
0.000000 
0.000000 
0.000000 
0.000000 
0.000000 
0.000000 
0.000000 
0.000000 
0.000000 
0.000000 
0.000000 
0.000000 
0.000000 
0.000000 
0.000000 
0.000000 
0.000000 
0.000000 
0.000000 
0.000000 
0.000000 
0.000000 
0.000000 
0.000000 
0.000000 
0.000000 
0.000000 
0.000000 
0.000000 
0.000000 
0.000000 
0.000000 
0.000000 
0.000000 
0.000000 
0.000000 
0.000000 
0.000000 
0.000000 
0.000000 
0.000000 
0.000000 
0.000000 
0.000000 
0.000000 
0.000000 
0.000000 
0.000000 
0.000000 
0.000000 
0.000000 
0.000000 
0.000000 
0.000000 
0.000000 
0.000000 
0.000000 
0.000000 
0.000000 
0.000000 
0.000000 
0.000000 
0.000000 
0.000000 
0.000000 
0.000000 
0.000000 
0.000000 
0.000000 
0.000000 
0.000000 
0.000000 
0.000000 
0.000000 
0.000000 
0.000000 
0.000000 
0.000000 
0.000000 
0.000000 
0.000000 
0.000000 
0.000000 
0.000000 
0.000000 
0.000000 
0.000000 
0.000000 
0.000000 
0.000000 
0.000000 
0.000000 
0.000000 
0.000000 
0.000000 
0.000000 
0.000000 
0.000000 
0.000000 
0.000000 
0.000000 
0.000000 
0.000000 
0.000000 
0.000000 
0.000000 
0.000000 
0.000000 
0.000000 
0.000000 
0.000000 
0.000000 
0.000000 
0.000000 
0.000000 
0.000000 
0.000000 
0.000000 
0.000000 
0.000000 
0.000000 
0.000000 
0.000000 
0.000000 
0.000000 
0.000000 
0.000000 
0.000000 
0.000000 
0.000000 
0.000000 
0.000000 
0.000000 
0.000000 
0.000000 
0.000000 
0.000000 
0.000000 
0.000000 
0.000000 
0.000000 
0.000000 
0.000000 
0.000000 
0.000000 
0.000000 
0.000000 
0.000000 
0.000000 
0.000000 
0.000000 
0.000000 
0.000000 
0.000000 
0.000000 
0.000000 
0.000000 
0.000000 
0.000000 
0.000000 
0.000000 
0.000000 
0.000000 
0.000000 
0.000000 
0.000000 
0.000000 
0.000000 
0.000000 
0.000000 
0.000000 
0.000000 
0.000000 
0.000000 
0.000000 
0.000000 
0.000000 
0.000000 
0.000000 
0.000000 
0.000000 
0.000000 
0.000000 
0.000000 
0.000000 
0.000000 
0.000000 
0.000000 
0.000000 
0.000000 
0.000000 
0.000000 
0.000000 
0.000000 
0.000000 
0.000000 
0.000000 
0.000000 
0.000000 
0.000000 
0.000000 
0.000000 
0.000000 
0.000000 
0.000000 
0.000000 
0.000000 
0.000000 
0.000000 
0.000000 
0.000000 
0.000000 
0.000000 
0.000000 
0.000000 
0.000000 
0.000000 
0.000000 
0.000000 
0.000000 
0.000000 
0.000000 
0.000000 
0.000000 
0.000000 
0.000000 
0.000000 
0.000000 
0.000000 
0.000000 
0.000000 
0.000000 
0.000000 
0.000000 
0.000000 
0.000000 
0.000000 
0.000000 
0.000000 
0.000000 
0.000000 
0.000000 
0.000000 
0.000000 
0.000000 
0.000000 
0.000000 
0.000000 
0.000000 
0.000000 
0.000000 
0.000000 
0.000000 
0.000000 
0.000000 
0.000000 
0.000000 
0.000000 
0.000000 
0.000000 
0.000000 
0.000000 
0.000000 
0.000000 
0.000000 
0.000000 
0.000000 
0.000000 
0.000000 
0.000000 
0.000000 
0.000000 
0.000000 
0.000000 
0.000000 
0.000000 
0.000000 
0.000000 
0.000000 
0.000000 
0.000000 
0.000000 
0.000000 
0.000000 
0.000000 
0.000000 
0.000000 
0.000000 
0.000000 
0.000000 
0.000000 
0.000000 
0.000000 
0.000000 
0.000000 
0.000000 
0.000000 
0.000000 
0.000000 
0.000000 
0.000000 
0.000000 
0.000000 
0.000000 
0.000000 
0.000000 
0.000000 
0.000000 
0.000000 
0.000000 
0.000000 
0.000000 
0.000000 
0.000000 
0.000000 
0.000000 
0.000000 
0.000000 
0.000000 
0.000000 
0.000000 
0.000000 
0.000000 
0.000000 
0.000000 
0.000000 
0.000000 
0.000000 
0.000000 
0.000000 
0.000000 
0.000000 
0.000000 
0.000000 
0.000000 
0.000000 
0.000000 
0.000000 
0.000000 
0.000000 
0.000000 
0.000000 
0.000000 
0.000000 
0.000000 
0.000000 
0.000000 
0.000000 
0.000000 
0.000000 
0.000000 
0.000000 
0.000000 
0.000000 
0.000000 
0.000000 
0.000000 
0.000000 
0.000000 
0.000000 
0.000000 
0.000000 
0.000000 
0.000000 
0.000000 
0.000000 
0.000000 
0.000000 
0.000000 
0.000000 
0.000000 
0.000000 
0.000000 
0.000000 
0.000000 
0.000000 
0.000000 
0.000000 
0.000000 
0.000000 
0.000000 
0.000000 
0.000000 
0.000000 
0.000000 
0.000000 
0.000000 
0.000000 
0.000000 
0.000000 
0.000000 
0.000000 
0.000000 
0.000000 
0.000000 
0.000000 
0.000000 
0.000000 
0.000000 
0.000000 
0.000000 
0.000000 
0.000000 
0.000000 
0.000000 
0.000000 
0.000000 
0.000000 
0.000000 
0.000000 
0.000000 
0.000000 
0.000000 
0.000000 
0.000000 
0.000000 
0.000000 
0.000000 
0.000000 
0.000000 
0.000000 
0.000000 
0.000000 
0.000000 
0.000000 
0.000000 
0.000000 
0.000000 
0.000000 
0.000000 
0.000000 
0.000000 
0.000000 
0.000000 
0.000000 
0.000000 
0.000000 
0.000000 
0.000000 
0.000000 
0.000000 
0.000000 
0.000000 
0.000000 
1.102541 
1.103182 
1.103589 
1.103273 
1.103572 
1.102422 
1.102859 
1.101102 
1.102160 
1.102541 
1.101667 
1.101708 
1.102336 
1.102056 
1.101899 
1.102924 
1.101482 
1.104331 
1.102310 
1.102442 
1.103367 
1.103527 
1.105113 
1.102962 
1.103043 
1.103227 
1.103166 
1.102689 
1.102545 
1.102811 
1.104189 
1.102382 
1.103778 
1.103863 
1.101532 
1.103665 
1.102321 
1.103068 
1.102471 
1.101716 
1.102483 
1.102781 
1.102779 
1.101840 
1.103428 
1.104634 
1.103146 
1.102635 
1.103767 
1.101271 
1.102866 
1.101960 
1.102604 
1.102532 
1.103522 
1.102458 
1.102113 
1.103965 
1.102939 
1.101972 
1.101452 
1.102867 
1.103193 
1.102626 
1.104153 
1.102427 
1.102319 
1.102739 
1.102336 
1.102975 
1.104097 
1.103371 
1.101860 
1.103064 
1.101757 
1.103095 
1.102271 
1.102289 
1.103848 
1.102561 
1.102044 
1.102772 
1.102182 
1.101268 
1.104105 
1.101760 
1.103274 
1.103447 
1.103567 
1.102907 
1.103092 
1.102032 
1.103264 
1.103283 
1.104463 
1.103333 
1.101318 
1.102897 
1.102304 
1.102525 
1.102884 
0.294021 
0.293383 
0.293410 
0.294894 
0.294259 
0.291904 
0.293386 
0.291631 
0.291865 
0.293176 
0.292411 
0.291817 
0.293222 
0.292370 
0.293513 
0.292870 
0.291841 
0.295103 
0.292619 
0.292563 
0.293249 
0.293718 
0.295944 
0.293310 
0.292725 
0.292431 
0.293217 
0.291788 
0.292676 
0.293526 
0.293337 
0.292202 
0.292466 
0.293992 
0.292424 
0.294888 
0.293056 
0.293684 
0.293066 
0.291481 
0.291588 
0.292906 
0.293141 
0.291879 
0.293828 
0.294132 
0.294666 
0.292092 
0.293556 
0.291802 
0.292825 
0.291576 
0.293300 
0.293497 
0.293068 
0.292657 
0.291810 
0.294081 
0.292713 
0.292126 
0.292314 
0.292721 
0.293490 
0.291594 
0.293421 
0.292406 
0.292860 
0.292337 
0.293187 
0.294144 
0.294049 
0.293106 
0.292112 
0.293171 
0.291792 
0.293326 
0.292736 
0.292546 
0.293804 
0.292986 
0.291677 
0.292971 
0.292250 
0.292365 
0.295511 
0.292369 
0.293781 
0.293966 
0.293871 
0.293602 
0.293326 
0.292277 
0.292447 
0.293457 
0.294059 
0.293647 
0.292353 
0.294319 
0.293359 
0.293323 
0.293131 
0.000000 
0.000000 
0.000000 
0.000000 
0.000000 
0.000000 
0.000000 
0.000000 
0.000000 
0.000000 
0.000000 
0.000000 
0.000000 
0.000000 
0.000000 
0.000000 
0.000000 
0.000000 
0.000000 
0.000000 
0.000000 
0.000000 
0.000000 
0.000000 
0.000000 
0.000000 
0.000000 
0.000000 
0.000000 
0.000000 
0.000000 
0.000000 
0.000000 
0.000000 
0.000000 
0.000000 
0.000000 
0.000000 
0.000000 
0.000000 
0.000000 
0.000000 
0.000000 
0.000000 
0.000000 
0.000000 
0.000000 
0.000000 
0.000000 
0.000000 
0.000000 
0.000000 
0.000000 
0.000000 
0.000000 
0.000000 
0.000000 
0.000000 
0.000000 
0.000000 
0.000000 
0.000000 
0.000000 
0.000000 
0.000000 
0.000000 
0.000000 
0.000000 
0.000000 
0.000000 
0.000000 
0.000000 
0.000000 
0.000000 
0.000000 
0.000000 
0.000000 
0.000000 
0.000000 
0.000000 
0.000000 
0.000000 
0.000000 
0.000000 
0.000000 
0.000000 
0.000000 
0.000000 
0.000000 
0.000000 
0.000000 
0.000000 
0.000000 
0.000000 
0.000000 
0.000000 
0.000000 
0.000000 
0.000000 
0.000000 
0.000000 
0.000000 
0.000000 
0.000000 
0.000000 
0.000000 
0.000000 
0.000000 
0.000000 
0.000000 
0.000000 
0.000000 
0.000000 
0.000000 
0.000000 
0.000000 
0.000000 
0.000000 
0.000000 
0.000000 
0.000000 
0.000000 
0.000000 
0.000000 
0.000000 
0.000000 
0.000000 
0.000000 
0.000000 
0.000000 
0.000000 
0.000000 
0.000000 
0.000000 
0.000000 
0.000000 
0.000000 
0.000000 
0.000000 
0.000000 
0.000000 
0.000000 
0.000000 
0.000000 
0.000000 
0.000000 
0.000000 
0.000000 
0.000000 
0.000000 
0.000000 
0.000000 
0.000000 
0.000000 
0.000000 
0.000000 
0.000000 
0.000000 
0.000000 
0.000000 
0.000000 
0.000000 
0.000000 
0.000000 
0.000000 
0.000000 
0.000000 
0.000000 
0.000000 
0.000000 
0.000000 
0.000000 
0.000000 
0.000000 
0.000000 
0.000000 
0.000000 
0.000000 
0.000000 
0.000000 
0.000000 
0.000000 
0.000000 
0.000000 
0.000000 
0.000000 
0.000000 
0.000000 
0.000000 
0.000000 
0.000000 
0.000000 
0.000000 
0.000000 
0.000000 
0.000000 
0.000000 
0.000000 
0.000000 
0.000000 
0.000000 
0.000000 
0.000000 
0.000000 
0.000000 
0.000000 
0.000000 
0.000000 
0.000000 
0.000000 
0.000000 
0.000000 
0.000000 
0.000000 
0.000000 
0.000000 
0.000000 
0.000000 
0.000000 
0.000000 
0.000000 
0.000000 
0.000000 
0.000000 
0.000000 
0.000000 
0.000000 
0.000000 
0.000000 
0.000000 
0.000000 
0.000000 
0.000000 
0.000000 
0.000000 
0.000000 
0.000000 
0.000000 
0.000000 
0.000000 
0.000000 
0.000000 
0.000000 
0.000000 
0.000000 
0.000000 
0.000000 
0.000000 
0.000000 
0.000000 
0.000000 
0.000000 
0.000000 
0.000000 
0.000000 
0.000000 
0.000000 
0.000000 
0.000000 
0.000000 
0.000000 
0.000000 
0.000000 
0.000000 
0.000000 
0.000000 
0.000000 
0.000000 
0.000000 
0.000000 
0.000000 
0.000000 
0.000000 
0.000000 
0.000000 
0.000000 
0.000000 
0.000000 
0.000000 
0.000000 
0.000000 
0.000000 
0.000000 
0.000000 
0.000000 
0.000000 
0.000000 
0.000000 
0.000000 
0.000000 
0.000000 
0.000000 
0.000000 
0.000000 
0.000000 
0.000000 
0.000000 
0.000000 
0.000000 
0.000000 
0.000000 
0.000000 
0.000000 
0.046966 
0.047264 
0.047201 
0.047341 
0.047305 
0.047299 
0.047285 
0.047198 
0.047128 
0.047367 
0.047367 
0.047234 
0.047252 
0.046970 
0.047003 
0.047607 
0.047537 
0.047220 
0.047134 
0.047188 
0.047270 
0.047864 
0.047463 
0.046968 
0.047342 
0.047388 
0.047382 
0.047410 
0.047254 
0.047343 
0.047400 
0.047522 
0.047340 
0.047294 
0.047232 
0.047335 
0.047328 
0.047216 
0.047470 
0.047248 
0.047480 
0.047236 
0.047294 
0.047169 
0.047403 
0.047257 
0.047065 
0.047402 
0.047502 
0.047444 
0.047302 
0.047422 
0.047273 
0.047217 
0.047546 
0.047145 
0.047264 
0.047486 
0.047568 
0.047169 
0.047055 
0.047462 
0.047231 
0.047514 
0.047433 
0.047714 
0.047387 
0.047325 
0.047327 
0.047311 
0.047153 
0.047409 
0.047242 
0.047222 
0.047414 
0.047275 
0.047168 
0.047434 
0.047390 
0.047196 
0.047197 
0.047217 
0.047097 
0.047205 
0.047077 
0.047272 
0.047115 
0.047292 
0.047626 
0.047291 
0.047302 
0.047317 
0.047403 
0.047438 
0.047436 
0.047390 
0.047152 
0.046980 
0.047292 
0.047225 
0.047309 
0.920744 
0.924322 
0.924115 
0.922373 
0.922997 
0.925634 
0.923790 
0.923836 
0.924503 
0.924112 
0.924314 
0.924811 
0.923691 
0.923204 
0.921124 
0.926402 
0.926345 
0.922082 
0.923833 
0.924149 
0.924187 
0.926889 
0.922514 
0.922646 
0.925639 
0.926682 
0.925291 
0.927079 
0.924411 
0.923715 
0.925830 
0.926662 
0.926566 
0.923956 
0.923766 
0.922501 
0.924123 
0.922843 
0.925276 
0.925548 
0.927605 
0.924342 
0.924591 
0.924868 
0.924380 
0.924861 
0.921108 
0.926000 
0.925494 
0.925614 
0.925115 
0.927092 
0.923385 
0.922948 
0.926585 
0.923567 
0.925631 
0.925564 
0.926468 
0.924293 
0.922822 
0.926167 
0.923909 
0.927827 
0.925904 
0.926861 
0.924065 
0.925232 
0.923530 
0.923080 
0.922762 
0.925535 
0.924613 
0.923795 
0.925517 
0.923988 
0.923428 
0.925039 
0.924555 
0.923202 
0.925601 
0.923821 
0.924188 
0.923250 
0.921178 
0.924126 
0.922796 
0.923502 
0.925899 
0.923726 
0.924292 
0.925203 
0.926189 
0.925577 
0.925222 
0.924341 
0.922738 
0.920203 
0.923503 
0.922747 
0.924319 
0.000000 
0.000000 
0.000000 
0.000000 
0.000000 
0.000000 
0.000000 
0.000000 
0.000000 
0.000000 
0.000000 
0.000000 
0.000000 
0.000000 
0.000000 
0.000000 
0.000000 
0.000000 
0.000000 
0.000000 
0.000000 
0.000000 
0.000000 
0.000000 
0.000000 
0.000000 
0.000000 
0.000000 
0.000000 
0.000000 
0.000000 
0.000000 
0.000000 
0.000000 
0.000000 
0.000000 
0.000000 
0.000000 
0.000000 
0.000000 
0.000000 
0.000000 
0.000000 
0.000000 
0.000000 
0.000000 
0.000000 
0.000000 
0.000000 
0.000000 
0.000000 
0.000000 
0.000000 
0.000000 
0.000000 
0.000000 
0.000000 
0.000000 
0.000000 
0.000000 
0.000000 
0.000000 
0.000000 
0.000000 
0.000000 
0.000000 
0.000000 
0.000000 
0.000000 
0.000000 
0.000000 
0.000000 
0.000000 
0.000000 
0.000000 
0.000000 
0.000000 
0.000000 
0.000000 
0.000000 
0.000000 
0.000000 
0.000000 
0.000000 
0.000000 
0.000000 
0.000000 
0.000000 
0.000000 
0.000000 
0.000000 
0.000000 
0.000000 
0.000000 
0.000000 
0.000000 
0.000000 
0.000000 
0.000000 
0.000000 
0.000000 
0.000000 
0.000000 
0.000000 
0.000000 
0.000000 
0.000000 
0.000000 
0.000000 
0.000000 
0.000000 
0.000000 
0.000000 
0.000000 
0.000000 
0.000000 
0.000000 
0.000000 
0.000000 
0.000000 
0.000000 
0.000000 
0.000000 
0.000000 
0.000000 
0.000000 
0.000000 
0.000000 
0.000000 
0.000000 
0.000000 
0.000000 
0.000000 
0.000000 
0.000000 
0.000000 
0.000000 
0.000000 
0.000000 
0.000000 
0.000000 
0.000000 
0.000000 
0.000000 
0.000000 
0.000000 
0.000000 
0.000000 
0.000000 
0.000000 
0.000000 
0.000000 
0.000000 
0.000000 
0.000000 
0.000000 
0.000000 
0.000000 
0.000000 
0.000000 
0.000000 
0.000000 
0.000000 
0.000000 
0.000000 
0.000000 
0.000000 
0.000000 
0.000000 
0.000000 
0.000000 
0.000000 
0.000000 
0.000000 
0.000000 
0.000000 
0.000000 
0.000000 
0.000000 
0.000000 
0.000000 
0.000000 
0.000000 
0.000000 
0.000000 
0.000000 
0.000000 
0.000000 
0.000000 
0.000000 
0.000000 
0.000000 
0.000000 
0.000000 
0.000000 
0.000000 
0.000000 
0.000000 
0.000000 
0.000000 
0.000000 
0.000000 
0.000000 
0.000000 
0.000000 
0.000000 
0.000000 
0.000000 
0.000000 
0.000000 
0.000000 
0.000000 
0.000000 
0.000000 
0.000000 
0.000000 
0.000000 
0.000000 
0.000000 
0.000000 
0.000000 
0.000000 
0.000000 
0.000000 
0.000000 
0.000000 
0.000000 
0.000000 
0.000000 
0.000000 
0.000000 
0.000000 
0.000000 
0.000000 
0.000000 
0.000000 
0.000000 
0.000000 
0.000000 
0.000000 
0.000000 
0.000000 
0.000000 
0.000000 
0.000000 
0.000000 
0.000000 
0.000000 
0.000000 
0.000000 
0.000000 
0.000000 
0.000000 
0.000000 
0.000000 
0.000000 
0.000000 
0.000000 
0.000000 
0.000000 
0.000000 
0.000000 
0.000000 
0.000000 
0.000000 
0.000000 
0.000000 
0.000000 
0.000000 
0.000000 
0.000000 
0.000000 
0.000000 
0.000000 
0.000000 
0.000000 
0.000000 
0.000000 
0.000000 
0.000000 
0.000000 
0.000000 
0.000000 
0.000000 
0.000000 
0.000000 
0.000000 
0.000000 
0.000000 
0.000000 
0.000000 
0.000000 
0.000000 
0.000000 
0.000000 
0.000000 
0.000000 
0.000000 
0.000000 
0.000000 
0.000000 
0.000000 
0.000000 
0.000000 
0.000000 
0.000000 
0.000000 
0.000000 
0.000000 
0.000000 
0.000000 
0.000000 
0.000000 
0.000000 
0.000000 
0.000000 
0.000000 
0.000000 
0.000000 
0.000000 
0.000000 
0.000000 
0.000000 
0.000000 
0.000000 
0.000000 
0.000000 
0.000000 
0.000000 
0.000000 
0.000000 
0.000000 
0.000000 
0.000000 
0.000000 
0.000000 
0.000000 
0.000000 
0.000000 
0.000000 
0.000000 
0.000000 
0.000000 
0.000000 
0.000000 
0.000000 
0.000000 
0.000000 
0.000000 
0.000000 
0.000000 
0.000000 
0.000000 
0.000000 
0.000000 
0.000000 
0.000000 
0.000000 
0.000000 
0.000000 
0.000000 
0.000000 
0.000000 
0.000000 
0.000000 
0.000000 
0.000000 
0.000000 
0.000000 
0.000000 
0.000000 
0.000000 
0.000000 
0.000000 
0.000000 
0.000000 
0.000000 
0.000000 
0.000000 
0.000000 
0.000000 
0.000000 
0.000000 
0.000000 
0.000000 
0.000000 
0.000000 
0.000000 
0.000000 
0.000000 
0.000000 
0.000000 
0.000000 
0.000000 
0.000000 
0.000000 
0.000000 
0.000000 
0.000000 
0.000000 
0.000000 
0.000000 
0.000000 
0.000000 
0.000000 
0.000000 
0.000000 
0.000000 
0.000000 
0.000000 
0.000000 
0.000000 
0.000000 
0.000000 
0.000000 
0.000000 
0.000000 
0.000000 
0.000000 
0.000000 
0.000000 
0.000000 
0.000000 
0.000000 
0.000000 
0.000000 
0.000000 
0.000000 
0.000000 
0.000000 
0.000000 
0.000000 
0.000000 
0.000000 
0.000000 
0.000000 
0.000000 
0.000000 
0.000000 
0.000000 
0.000000 
0.000000 
0.000000 
0.000000 
0.000000 
0.000000 
0.000000 
0.000000 
0.000000 
0.000000 
0.000000 
0.000000 
0.000000 
0.000000 
0.000000 
0.000000 
0.000000 
0.000000 
0.000000 
0.000000 
0.000000 
0.000000 
0.000000 
0.000000 
0.000000 
0.000000 
0.000000 
0.000000 
0.000000 
0.000000 
0.000000 
0.000000 
0.000000 
0.000000 
0.000000 
0.000000 
0.000000 
0.000000 
0.000000 
0.000000 
0.000000 
0.000000 
0.000000 
0.000000 
0.000000 
0.000000 
0.000000 
0.000000 
0.000000 
0.000000 
0.000000 
0.000000 
0.000000 
0.000000 
0.000000 
0.000000 
0.000000 
0.000000 
0.000000 
0.000000 
0.000000 
0.000000 
0.000000 
0.000000 
0.000000 
0.909619 
0.912683 
0.912233 
0.911260 
0.911653 
0.913526 
0.912144 
0.912002 
0.912423 
0.912392 
0.912413 
0.912820 
0.912053 
0.911336 
0.909741 
0.914402 
0.914175 
0.911021 
0.912070 
0.912147 
0.912536 
0.915165 
0.911591 
0.910878 
0.913597 
0.914443 
0.913490 
0.914826 
0.912496 
0.912027 
0.913861 
0.914534 
0.914450 
0.912322 
0.911830 
0.911373 
0.912439 
0.911522 
0.913356 
0.913362 
0.915101 
0.912462 
0.912682 
0.912593 
0.912788 
0.912968 
0.910083 
0.913881 
0.913556 
0.913466 
0.913152 
0.914867 
0.911904 
0.911358 
0.914472 
0.911727 
0.913554 
0.914006 
0.914674 
0.912241 
0.911008 
0.914055 
0.912166 
0.915255 
0.914040 
0.914855 
0.912471 
0.913138 
0.911988 
0.911600 
0.911255 
0.913652 
0.912509 
0.912077 
0.913579 
0.912397 
0.911678 
0.913234 
0.912966 
0.911705 
0.913282 
0.912037 
0.912263 
0.911601 
0.910163 
0.912286 
0.911170 
0.912028 
0.914145 
0.912213 
0.912648 
0.912982 
0.914055 
0.913469 
0.913523 
0.912639 
0.911099 
0.909147 
0.911842 
0.911286 
0.912558 
-0.012105 
-0.012444 
-0.012279 
-0.012537 
-0.012494 
-0.012569 
-0.012512 
-0.012443 
-0.012311 
-0.012569 
-0.012598 
-0.012535 
-0.012438 
-0.012248 
-0.012224 
-0.012876 
-0.012849 
-0.012299 
-0.012391 
-0.012400 
-0.012472 
-0.013069 
-0.012503 
-0.012171 
-0.012558 
-0.012666 
-0.012592 
-0.012651 
-0.012535 
-0.012563 
-0.012636 
-0.012750 
-0.012615 
-0.012462 
-0.012480 
-0.012458 
-0.012580 
-0.012387 
-0.012738 
-0.012522 
-0.012832 
-0.012506 
-0.012458 
-0.012401 
-0.012575 
-0.012366 
-0.012180 
-0.012567 
-0.012681 
-0.012758 
-0.012508 
-0.012691 
-0.012466 
-0.012366 
-0.012791 
-0.012308 
-0.012547 
-0.012723 
-0.012862 
-0.012347 
-0.012227 
-0.012729 
-0.012469 
-0.012783 
-0.012657 
-0.013081 
-0.012596 
-0.012511 
-0.012525 
-0.012486 
-0.012224 
-0.012613 
-0.012497 
-0.012402 
-0.012671 
-0.012524 
-0.012386 
-0.012698 
-0.012565 
-0.012433 
-0.012423 
-0.012397 
-0.012344 
-0.012490 
-0.012164 
-0.012501 
-0.012296 
-0.012499 
-0.012860 
-0.012458 
-0.012503 
-0.012521 
-0.012679 
-0.012610 
-0.012712 
-0.012613 
-0.012372 
-0.012122 
-0.012479 
-0.012379 
-0.012517 
0.000000 
0.000000 
0.000000 
0.000000 
0.000000 
0.000000 
0.000000 
0.000000 
0.000000 
0.000000 
0.000000 
0.000000 
0.000000 
0.000000 
0.000000 
0.000000 
0.000000 
0.000000 
0.000000 
0.000000 
0.000000 
0.000000 
0.000000 
0.000000 
0.000000 
0.000000 
0.000000 
0.000000 
0.000000 
0.000000 
0.000000 
0.000000 
0.000000 
0.000000 
0.000000 
0.000000 
0.000000 
0.000000 
0.000000 
0.000000 
0.000000 
0.000000 
0.000000 
0.000000 
0.000000 
0.000000 
0.000000 
0.000000 
0.000000 
0.000000 
0.000000 
0.000000 
0.000000 
0.000000 
0.000000 
0.000000 
0.000000 
0.000000 
0.000000 
0.000000 
0.000000 
0.000000 
0.000000 
0.000000 
0.000000 
0.000000 
0.000000 
0.000000 
0.000000 
0.000000 
0.000000 
0.000000 
0.000000 
0.000000 
0.000000 
0.000000 
0.000000 
0.000000 
0.000000 
0.000000 
0.000000 
0.000000 
0.000000 
0.000000 
0.000000 
0.000000 
0.000000 
0.000000 
0.000000 
0.000000 
0.000000 
0.000000 
0.000000 
0.000000 
0.000000 
0.000000 
0.000000 
0.000000 
0.000000 
0.000000 
0.000000 
0.000000 
0.000000 
0.000000 
0.000000 
0.000000 
0.000000 
0.000000 
0.000000 
0.000000 
0.000000 
0.000000 
0.000000 
0.000000 
0.000000 
0.000000 
0.000000 
0.000000 
0.000000 
0.000000 
0.000000 
0.000000 
0.000000 
0.000000 
0.000000 
0.000000 
0.000000 
0.000000 
0.000000 
0.000000 
0.000000 
0.000000 
0.000000 
0.000000 
0.000000 
0.000000 
0.000000 
0.000000 
0.000000 
0.000000 
0.000000 
0.000000 
0.000000 
0.000000 
0.000000 
0.000000 
0.000000 
0.000000 
0.000000 
0.000000 
0.000000 
0.000000 
0.000000 
0.000000 
0.000000 
0.000000 
0.000000 
0.000000 
0.000000 
0.000000 
0.000000 
0.000000 
0.000000 
0.000000 
0.000000 
0.000000 
0.000000 
0.000000 
0.000000 
0.000000 
0.000000 
0.000000 
0.000000 
0.000000 
0.000000 
0.000000 
0.000000 
0.000000 
0.000000 
0.000000 
0.000000 
0.000000 
0.000000 
0.000000 
0.000000 
0.000000 
0.000000 
0.000000 
0.000000 
0.000000 
0.000000 
0.000000 
0.000000 
0.000000 
0.000000 
0.000000 
0.000000 
0.000000 
0.000000 
0.000000 
0.000000 
0.000000 
0.000000 
0.000000 
0.000000 
0.000000 
0.000000 
0.000000 
0.000000 
0.000000 
0.000000 
0.000000 
0.000000 
0.000000 
0.000000 
0.000000 
0.000000 
0.000000 
0.000000 
0.000000 
0.000000 
0.000000 
0.000000 
0.000000 
0.000000 
0.000000 
0.000000 
0.000000 
0.000000 
0.000000 
0.000000 
0.000000 
0.000000 
0.000000 
0.000000 
0.000000 
0.000000 
0.000000 
0.000000 
0.000000 
0.000000 
0.000000 
0.000000 
0.000000 
0.000000 
0.000000 
0.000000 
0.000000 
0.000000 
0.000000 
0.000000 
0.000000 
0.000000 
0.000000 
0.000000 
0.000000 
0.000000 
0.000000 
0.000000 
0.000000 
0.000000 
0.000000 
0.000000 
0.000000 
0.000000 
0.000000 
0.000000 
0.000000 
0.000000 
0.000000 
0.000000 
0.000000 
0.000000 
0.000000 
0.000000 
0.000000 
0.000000 
0.000000 
0.000000 
0.000000 
0.000000 
0.000000 
0.000000 
0.000000 
0.000000 
0.000000 
0.000000 
0.000000 
0.000000 
0.000000 
0.000000 
0.000000 
0.000000 
0.000000 
0.000000 
0.000000 
0.000000 
0.000000 
0.000000 
0.000000 
0.000000 
0.000000 
0.000000 
-0.348710 
-0.348180 
-0.348329 
-0.349550 
-0.349018 
-0.346658 
-0.348178 
-0.346151 
-0.346653 
-0.347909 
-0.346990 
-0.346489 
-0.347981 
-0.346998 
-0.348123 
-0.347452 
-0.346381 
-0.350022 
-0.347443 
-0.347339 
-0.348202 
-0.348336 
-0.350904 
-0.348223 
-0.347494 
-0.347209 
-0.348142 
-0.346535 
-0.347486 
-0.348169 
-0.348260 
-0.346936 
-0.347290 
-0.348809 
-0.347200 
-0.349739 
-0.347605 
-0.348594 
-0.347638 
-0.346156 
-0.346310 
-0.347746 
-0.348063 
-0.346634 
-0.348581 
-0.349203 
-0.349572 
-0.346833 
-0.348390 
-0.346334 
-0.347795 
-0.346193 
-0.348013 
-0.348229 
-0.347708 
-0.347315 
-0.346629 
-0.348990 
-0.347355 
-0.347074 
-0.346903 
-0.347500 
-0.348301 
-0.346360 
-0.348240 
-0.346957 
-0.347614 
-0.347113 
-0.347966 
-0.349036 
-0.348957 
-0.348028 
-0.346762 
-0.348225 
-0.346358 
-0.347952 
-0.347661 
-0.347194 
-0.348567 
-0.347661 
-0.346578 
-0.347754 
-0.346916 
-0.347063 
-0.350577 
-0.346983 
-0.348689 
-0.348723 
-0.348672 
-0.348480 
-0.348052 
-0.346856 
-0.347172 
-0.348355 
-0.348825 
-0.348449 
-0.346841 
-0.349128 
-0.348065 
-0.348039 
-0.347904 
1.283415 
1.282892 
1.283562 
1.283426 
1.283535 
1.280793 
1.282082 
1.280043 
1.281169 
1.281568 
1.280136 
1.280397 
1.281961 
1.281209 
1.281780 
1.280658 
1.278846 
1.285613 
1.281635 
1.281583 
1.282849 
1.281532 
1.286178 
1.282849 
1.281652 
1.281260 
1.282314 
1.280903 
1.281253 
1.281829 
1.283081 
1.280443 
1.281973 
1.283603 
1.280052 
1.284129 
1.281297 
1.283402 
1.280458 
1.279941 
1.279622 
1.281623 
1.281822 
1.280176 
1.282850 
1.284416 
1.284321 
1.281339 
1.282484 
1.278721 
1.282134 
1.279769 
1.282232 
1.282442 
1.281618 
1.281689 
1.280795 
1.282989 
1.281254 
1.280971 
1.280807 
1.281069 
1.282524 
1.279551 
1.283020 
1.279406 
1.281382 
1.281114 
1.281788 
1.282937 
1.284771 
1.282352 
1.280228 
1.282802 
1.279965 
1.282302 
1.281658 
1.280511 
1.283248 
1.282016 
1.280602 
1.282235 
1.281097 
1.280123 
1.285683 
1.280694 
1.283285 
1.283073 
1.281790 
1.282954 
1.282544 
1.280297 
1.281299 
1.281931 
1.283177 
1.282159 
1.280598 
1.284168 
1.281513 
1.282309 
1.282006 
