0.923235 
0.922830 
0.921977 
0.923019 
0.922421 
0.920760 
0.921760 
0.921077 
0.920822 
0.920985 
0.920073 
0.920675 
0.921468 
0.921048 
0.921924 
0.920179 
0.919688 
0.923679 
0.921779 
0.920894 
0.922108 
0.920301 
0.923431 
0.922204 
0.921277 
0.920406 
0.921100 
0.920153 
0.920885 
0.921779 
0.921112 
0.920037 
0.920823 
0.921872 
0.920273 
0.922988 
0.920811 
0.922855 
0.920390 
0.919740 
0.919740 
0.921754 
0.921173 
0.920248 
0.922174 
0.922078 
0.923542 
0.920917 
0.920572 
0.919060 
0.921739 
0.920084 
0.921970 
0.921893 
0.919700 
0.921224 
0.920734 
0.921794 
0.920955 
0.921211 
0.920315 
0.920002 
0.921539 
0.918881 
0.921037 
0.918813 
0.920940 
0.920772 
0.921649 
0.922053 
0.922381 
0.921113 
0.920741 
0.920836 
0.920147 
0.921833 
0.921513 
0.920319 
0.921644 
0.921211 
0.920743 
0.921378 
0.921237 
0.920969 
0.924573 
0.921556 
0.922244 
0.921862 
0.920648 
0.922708 
0.921585 
0.920198 
0.920270 
0.920841 
0.921299 
0.921136 
0.921509 
0.922935 
0.921774 
0.922096 
0.921344 
-0.004473 
-0.003528 
-0.002682 
-0.003093 
-0.003801 
-0.004626 
-0.003402 
-0.004121 
-0.003376 
-0.003845 
-0.003170 
-0.002679 
-0.003784 
-0.003326 
-0.003846 
-0.003716 
-0.002348 
-0.004027 
-0.003310 
-0.003250 
-0.003832 
-0.002066 
-0.004695 
-0.004736 
-0.002995 
-0.002428 
-0.003516 
-0.003342 
-0.004533 
-0.002830 
-0.004839 
-0.001929 
-0.002889 
-0.003469 
-0.003173 
-0.004278 
-0.003968 
-0.002907 
-0.004209 
-0.002774 
-0.003823 
-0.004139 
-0.003182 
-0.003512 
-0.003163 
-0.003677 
-0.003736 
-0.004184 
-0.003728 
-0.002854 
-0.003730 
-0.001718 
-0.003399 
-0.004109 
-0.002786 
-0.002325 
-0.003202 
-0.004174 
-0.003412 
-0.002710 
-0.003429 
-0.002966 
-0.004798 
-0.003063 
-0.003114 
-0.003238 
-0.005193 
-0.003363 
-0.002468 
-0.003111 
-0.003567 
-0.002895 
-0.002925 
-0.003997 
-0.002765 
-0.004382 
-0.004243 
-0.002685 
-0.003245 
-0.003576 
-0.002944 
-0.003813 
-0.003558 
-0.003835 
-0.005068 
-0.003220 
-0.002816 
-0.003280 
-0.004487 
-0.002678 
-0.003553 
-0.002639 
-0.002941 
-0.003387 
-0.002650 
-0.003629 
-0.002838 
-0.003264 
-0.002276 
-0.003832 
-0.003391 
-0.001678 
-0.001219 
-0.000697 
-0.001118 
-0.001086 
-0.001677 
-0.001079 
-0.001481 
-0.001166 
-0.001196 
-0.001154 
-0.000893 
-0.001384 
-0.001218 
-0.001460 
-0.001566 
-0.000531 
-0.001337 
-0.000947 
-0.000916 
-0.001365 
-0.000661 
-0.001641 
-0.001628 
-0.001116 
-0.000787 
-0.001270 
-0.001056 
-0.001772 
-0.000745 
-0.001666 
-0.000443 
-0.001019 
-0.001171 
-0.001145 
-0.001643 
-0.001147 
-0.000953 
-0.001463 
-0.001002 
-0.001220 
-0.001339 
-0.001284 
-0.001219 
-0.001035 
-0.001319 
-0.001363 
-0.001330 
-0.001362 
-0.001031 
-0.001292 
-0.000562 
-0.001178 
-0.001488 
-0.001186 
-0.000790 
-0.001059 
-0.001576 
-0.000998 
-0.000922 
-0.001307 
-0.001132 
-0.001551 
-0.000999 
-0.000963 
-0.001084 
-0.001883 
-0.001020 
-0.000686 
-0.001051 
-0.001110 
-0.000765 
-0.001064 
-0.001548 
-0.000906 
-0.001737 
-0.001408 
-0.000983 
-0.001139 
-0.001146 
-0.000788 
-0.001367 
-0.001185 
-0.001312 
-0.001809 
-0.001039 
-0.000933 
-0.001113 
-0.001781 
-0.000636 
-0.001334 
-0.000945 
-0.000804 
-0.001349 
-0.000811 
-0.001484 
-0.000902 
-0.001034 
-0.000618 
-0.001570 
-0.001145 
0.000260 
0.000130 
0.000203 
0.000208 
0.000223 
0.000215 
0.000201 
0.000217 
0.000278 
0.000201 
0.000245 
0.000137 
0.000280 
0.000244 
0.000290 
0.000077 
0.000091 
0.000283 
0.000230 
0.000205 
0.000205 
0.000217 
0.000173 
0.000201 
0.000183 
0.000194 
0.000216 
0.000151 
0.000175 
0.000168 
0.000197 
0.000239 
0.000169 
0.000263 
0.000160 
0.000180 
0.000271 
0.000162 
0.000156 
0.000109 
0.000102 
-0.000015 
0.000149 
0.000125 
0.000148 
0.000112 
0.000235 
0.000258 
0.000331 
0.000236 
0.000195 
0.000141 
0.000150 
0.000191 
0.000198 
0.000183 
0.000183 
0.000195 
0.000192 
0.000144 
0.000338 
0.000242 
0.000236 
0.000175 
0.000246 
0.000182 
0.000223 
0.000086 
0.000239 
0.000230 
0.000192 
0.000173 
0.000136 
0.000241 
0.000161 
0.000256 
0.000261 
0.000209 
0.000265 
0.000236 
0.000094 
0.000257 
0.000207 
0.000220 
0.000125 
0.000099 
0.000247 
0.000179 
0.000218 
0.000150 
0.000188 
0.000174 
0.000127 
0.000166 
0.000241 
0.000163 
0.000159 
0.000203 
0.000201 
0.000165 
0.000194 
-0.000008 
0.000020 
0.000003 
0.000014 
-0.000041 
-0.000002 
-0.000021 
-0.000041 
-0.000019 
0.000014 
-0.000037 
0.000009 
0.000005 
-0.000019 
-0.000084 
-0.000002 
0.000030 
-0.000039 
0.000017 
0.000024 
0.000005 
0.000009 
0.000011 
-0.000023 
-0.000015 
0.000030 
0.000004 
0.000029 
-0.000024 
0.000023 
-0.000024 
0.000016 
0.000012 
-0.000012 
-0.000042 
0.000002 
-0.000043 
0.000033 
0.000033 
0.000018 
0.000017 
-0.000001 
0.000038 
-0.000027 
0.000012 
-0.000021 
-0.000011 
-0.000044 
-0.000017 
-0.000016 
0.000015 
0.000036 
0.000013 
0.000014 
0.000030 
-0.000007 
0.000052 
-0.000044 
-0.000030 
0.000021 
-0.000039 
0.000049 
-0.000009 
0.000015 
-0.000055 
-0.000003 
-0.000049 
0.000033 
-0.000003 
0.000004 
-0.000009 
0.000023 
0.000017 
-0.000014 
0.000049 
-0.000037 
-0.000058 
0.000031 
0.000026 
0.000000 
0.000040 
-0.000006 
0.000013 
0.000069 
0.000036 
0.000020 
0.000043 
0.000003 
0.000025 
-0.000006 
-0.000000 
0.000029 
0.000034 
0.000002 
0.000006 
0.000017 
0.000016 
-0.000005 
0.000007 
-0.000006 
0.000005 
-0.003479 
-0.002802 
-0.002318 
-0.002470 
-0.003090 
-0.003639 
-0.002573 
-0.003144 
-0.002752 
-0.002901 
-0.002506 
-0.002103 
-0.002885 
-0.002688 
-0.003117 
-0.002726 
-0.001879 
-0.003200 
-0.002777 
-0.002546 
-0.002980 
-0.001686 
-0.003514 
-0.003649 
-0.002335 
-0.001866 
-0.002722 
-0.002625 
-0.003497 
-0.002301 
-0.003695 
-0.001665 
-0.002266 
-0.002621 
-0.002513 
-0.003272 
-0.003311 
-0.002441 
-0.003249 
-0.002076 
-0.002948 
-0.003150 
-0.002452 
-0.002684 
-0.002488 
-0.002778 
-0.002955 
-0.003416 
-0.002949 
-0.002328 
-0.002876 
-0.001522 
-0.002744 
-0.003213 
-0.002001 
-0.001899 
-0.002481 
-0.003281 
-0.002729 
-0.002120 
-0.002874 
-0.002174 
-0.003630 
-0.002328 
-0.002580 
-0.002477 
-0.003918 
-0.002615 
-0.002028 
-0.002513 
-0.002729 
-0.002211 
-0.002341 
-0.003090 
-0.002115 
-0.003376 
-0.003409 
-0.002153 
-0.002543 
-0.002858 
-0.002364 
-0.002909 
-0.002771 
-0.002658 
-0.003744 
-0.002491 
-0.002299 
-0.002666 
-0.003380 
-0.002168 
-0.002742 
-0.002080 
-0.002242 
-0.002565 
-0.002156 
-0.002812 
-0.002103 
-0.002587 
-0.001897 
-0.002887 
-0.002661 
1.089745 
1.088317 
1.089390 
1.088183 
1.088517 
1.088835 
1.088142 
1.088931 
1.089503 
1.087809 
1.088280 
1.088752 
1.088513 
1.088404 
1.090474 
1.089701 
1.087821 
1.089687 
1.089071 
1.087781 
1.089576 
1.088238 
1.089157 
1.088771 
1.088856 
1.088333 
1.089608 
1.087644 
1.088846 
1.088569 
1.089283 
1.088021 
1.089505 
1.088120 
1.088969 
1.089688 
1.089290 
1.089616 
1.089364 
1.088100 
1.087802 
1.088491 
1.089596 
1.088542 
1.089016 
1.089055 
1.090282 
1.088339 
1.089243 
1.088460 
1.089018 
1.089170 
1.087674 
1.088275 
1.087771 
1.089152 
1.088555 
1.089449 
1.089020 
1.089360 
1.089350 
1.088894 
1.088570 
1.087423 
1.088691 
1.088281 
1.088812 
1.088481 
1.088470 
1.089355 
1.089012 
1.088064 
1.088932 
1.088203 
1.088546 
1.089691 
1.088585 
1.088523 
1.089049 
1.090074 
1.088195 
1.089298 
1.088351 
1.087838 
1.089394 
1.088077 
1.089588 
1.089315 
1.088092 
1.088499 
1.088435 
1.088897 
1.088785 
1.088944 
1.090018 
1.089435 
1.088481 
1.088369 
1.089173 
1.089429 
1.088790 
0.484427 
0.473409 
0.480983 
0.479145 
0.479106 
0.481306 
0.484145 
0.480956 
0.479785 
0.477443 
0.483345 
0.474646 
0.483269 
0.484514 
0.489321 
0.476660 
0.469268 
0.483864 
0.475473 
0.474559 
0.477226 
0.478486 
0.488838 
0.479205 
0.481327 
0.481787 
0.483823 
0.470322 
0.484149 
0.472281 
0.481011 
0.480278 
0.485076 
0.479734 
0.482049 
0.480771 
0.480813 
0.479502 
0.474345 
0.472763 
0.471707 
0.466512 
0.484492 
0.473251 
0.481947 
0.472254 
0.482707 
0.476791 
0.484862 
0.480661 
0.478717 
0.478213 
0.470872 
0.478823 
0.472737 
0.475034 
0.476124 
0.477444 
0.476044 
0.480437 
0.488675 
0.476441 
0.480458 
0.465992 
0.481527 
0.480570 
0.480974 
0.473828 
0.476946 
0.479985 
0.482562 
0.477998 
0.473741 
0.477711 
0.473483 
0.487350 
0.479079 
0.483102 
0.486294 
0.483096 
0.476590 
0.487277 
0.478472 
0.477862 
0.476623 
0.475415 
0.485378 
0.478841 
0.478407 
0.475621 
0.476514 
0.479454 
0.478320 
0.478066 
0.481762 
0.480698 
0.475837 
0.477273 
0.475595 
0.487054 
0.479166 
-0.011788 
0.013146 
-0.004461 
-0.002515 
0.004644 
-0.009029 
-0.001089 
-0.005933 
-0.013933 
0.002985 
-0.008005 
0.000716 
-0.009051 
-0.002750 
-0.009824 
-0.001877 
0.003703 
-0.004812 
0.003454 
-0.003175 
0.001066 
-0.006836 
-0.004558 
-0.000684 
0.007965 
-0.008216 
-0.006665 
0.002879 
-0.001329 
0.003505 
-0.006888 
-0.007005 
-0.004295 
-0.010998 
0.000172 
-0.000462 
-0.010721 
0.004034 
-0.005557 
0.007998 
0.006779 
0.027155 
0.002992 
0.008349 
-0.002277 
0.012918 
-0.002468 
-0.004975 
-0.015115 
-0.008627 
0.003462 
-0.003783 
0.014223 
-0.002066 
0.000234 
0.008019 
-0.012392 
-0.000248 
-0.003117 
0.002331 
-0.023507 
-0.018803 
-0.007517 
-0.005743 
-0.004624 
-0.000316 
-0.004699 
0.006790 
-0.000656 
-0.006095 
-0.005136 
0.000197 
0.002720 
-0.003390 
-0.003337 
-0.007572 
-0.003624 
-0.007558 
-0.017251 
-0.008039 
0.003755 
-0.003921 
-0.002624 
-0.010010 
0.004108 
0.008426 
-0.015631 
-0.000933 
-0.007277 
0.016068 
-0.001871 
0.000764 
-0.001249 
0.000537 
-0.001116 
-0.010434 
0.002678 
0.004943 
-0.003261 
-0.000121 
-0.001529 
0.000272 
-0.000511 
-0.000376 
0.000009 
-0.001002 
0.000030 
-0.000112 
0.000400 
-0.000365 
-0.000007 
0.000363 
-0.000273 
0.000399 
-0.001488 
-0.000355 
-0.000748 
-0.000825 
-0.001041 
-0.000237 
-0.000243 
-0.001591 
-0.001004 
0.000150 
-0.000416 
-0.001396 
-0.000698 
-0.001012 
-0.002242 
-0.000343 
-0.001417 
0.000313 
-0.000021 
-0.002162 
0.000498 
-0.000834 
-0.000781 
-0.000777 
-0.001369 
0.000747 
-0.001525 
-0.001195 
-0.000663 
0.000078 
0.000298 
0.000014 
-0.000416 
0.000448 
-0.000397 
0.000401 
-0.000275 
-0.000954 
-0.000919 
-0.000780 
-0.001569 
-0.000879 
-0.000791 
-0.001186 
-0.000539 
-0.001312 
-0.000651 
0.000173 
0.000196 
0.000574 
-0.000598 
-0.001353 
0.000016 
-0.000423 
-0.000254 
-0.001077 
-0.001116 
-0.000547 
-0.001040 
-0.001295 
-0.000692 
-0.000694 
0.000212 
0.000168 
-0.001230 
-0.001440 
-0.001440 
-0.000597 
-0.000190 
-0.000692 
-0.000751 
-0.000013 
-0.000888 
-0.000165 
-0.000198 
-0.000558 
-0.001232 
-0.000833 
-0.000949 
-0.000467 
-0.000986 
-0.000645 
-0.000136 
-0.000367 
-0.001304 
-0.000837 
-0.000110 
-0.000658 
0.000294 
0.000218 
0.000320 
0.000230 
0.000372 
0.000304 
0.000279 
0.000105 
0.000284 
0.000235 
0.000196 
0.000304 
0.000170 
0.000355 
0.000412 
0.000373 
0.000262 
0.000255 
0.000297 
0.000274 
0.000365 
0.000174 
0.000408 
0.000217 
0.000269 
0.000321 
0.000270 
0.000319 
0.000234 
0.000243 
0.000302 
0.000184 
0.000265 
0.000020 
0.000363 
0.000314 
0.000185 
0.000189 
0.000484 
0.000201 
0.000374 
0.000397 
0.000325 
0.000207 
0.000179 
0.000182 
0.000263 
0.000326 
0.000297 
0.000200 
0.000307 
0.000284 
0.000392 
0.000382 
0.000179 
0.000263 
0.000063 
0.000286 
0.000182 
0.000213 
0.000243 
0.000111 
0.000123 
0.000224 
0.000229 
0.000166 
0.000262 
0.000291 
0.000172 
0.000096 
0.000357 
0.000200 
0.000321 
0.000271 
0.000164 
0.000325 
0.000335 
0.000233 
0.000267 
0.000304 
0.000232 
0.000287 
0.000272 
0.000196 
0.000178 
0.000248 
0.000154 
0.000238 
0.000265 
0.000317 
0.000161 
0.000187 
0.000327 
0.000288 
0.000228 
0.000219 
0.000189 
0.000276 
0.000202 
0.000249 
0.000256 
0.033967 
0.034897 
0.034927 
0.034927 
0.035136 
0.034524 
0.034508 
0.034552 
0.034944 
0.035404 
0.034701 
0.035438 
0.034434 
0.034787 
0.034007 
0.035607 
0.037003 
0.034319 
0.035401 
0.035662 
0.035125 
0.035680 
0.033574 
0.034892 
0.035231 
0.034591 
0.034765 
0.036259 
0.034456 
0.036087 
0.034820 
0.035153 
0.034836 
0.034879 
0.035127 
0.034486 
0.034672 
0.034883 
0.035590 
0.036109 
0.036427 
0.036906 
0.034494 
0.036288 
0.034589 
0.035999 
0.034410 
0.035629 
0.034828 
0.035191 
0.035218 
0.035397 
0.035749 
0.034826 
0.036581 
0.035941 
0.035351 
0.035208 
0.035665 
0.034836 
0.033962 
0.035918 
0.034959 
0.037459 
0.035098 
0.035823 
0.035080 
0.035674 
0.035701 
0.034916 
0.034416 
0.035203 
0.035932 
0.035307 
0.035959 
0.034490 
0.035319 
0.034636 
0.034136 
0.034558 
0.035342 
0.034128 
0.035204 
0.035337 
0.034761 
0.035350 
0.033713 
0.034992 
0.035164 
0.035555 
0.035422 
0.035457 
0.035480 
0.035321 
0.035107 
0.034830 
0.035640 
0.034842 
0.035537 
0.033694 
0.035118 
0.565346 
0.588488 
0.575261 
0.576066 
0.577900 
0.573540 
0.565632 
0.575221 
0.579129 
0.582774 
0.569214 
0.590379 
0.568746 
0.566467 
0.557249 
0.588887 
0.605501 
0.566644 
0.589031 
0.589893 
0.584411 
0.581808 
0.554195 
0.578643 
0.576420 
0.572860 
0.571005 
0.600265 
0.568767 
0.595731 
0.575642 
0.577107 
0.569058 
0.575773 
0.574469 
0.576628 
0.576346 
0.578905 
0.593242 
0.597189 
0.599291 
0.611207 
0.569213 
0.596664 
0.571808 
0.598450 
0.570329 
0.584949 
0.568690 
0.577939 
0.581545 
0.584766 
0.595021 
0.577526 
0.596584 
0.592390 
0.586114 
0.583150 
0.588051 
0.577947 
0.556917 
0.589087 
0.575509 
0.613488 
0.573798 
0.580822 
0.574810 
0.592665 
0.584342 
0.577083 
0.568987 
0.581690 
0.594007 
0.581545 
0.595966 
0.561651 
0.579597 
0.571405 
0.561572 
0.571896 
0.584884 
0.562271 
0.580264 
0.580891 
0.582577 
0.586649 
0.562310 
0.578036 
0.581420 
0.586945 
0.585721 
0.582182 
0.584443 
0.583384 
0.576927 
0.576573 
0.587330 
0.581017 
0.588249 
0.560004 
0.579653 
0.023610 
-0.034398 
0.009093 
0.004371 
-0.011314 
0.018884 
0.002586 
0.012483 
0.032076 
-0.011327 
0.015994 
-0.003121 
0.018456 
0.007785 
0.022177 
0.001236 
-0.009105 
0.010269 
-0.010802 
0.004969 
-0.002440 
0.016704 
0.008430 
0.000648 
-0.018804 
0.019808 
0.015046 
-0.004846 
0.000366 
-0.008924 
0.013408 
0.014086 
0.012531 
0.020888 
-0.001996 
-0.000641 
0.024652 
-0.011193 
0.008213 
-0.020391 
-0.015200 
-0.068739 
-0.010711 
-0.022652 
0.002885 
-0.033727 
0.001988 
0.010280 
0.032459 
0.018920 
-0.008726 
0.008977 
-0.035866 
0.005215 
-0.000754 
-0.021228 
0.029148 
-0.001092 
0.007929 
-0.005777 
0.053471 
0.041164 
0.014074 
0.013164 
0.011664 
-0.001172 
0.008082 
-0.018346 
0.000551 
0.013545 
0.009807 
-0.000664 
-0.005848 
0.005613 
0.007104 
0.016141 
0.006085 
0.018635 
0.042376 
0.019967 
-0.010346 
0.007933 
0.004773 
0.022697 
-0.014835 
-0.018800 
0.035564 
-0.001404 
0.014957 
-0.039539 
0.004177 
-0.003001 
0.001486 
-0.002031 
0.000572 
0.021712 
-0.007459 
-0.014977 
0.005965 
-0.002728 
0.002265 
-0.001045 
0.001550 
-0.000437 
-0.000181 
0.000506 
-0.000884 
-0.000122 
-0.000567 
-0.001518 
0.000520 
-0.000737 
0.000133 
-0.000828 
-0.000407 
-0.001040 
-0.000102 
0.000382 
-0.000495 
0.000492 
-0.000240 
0.000068 
-0.000808 
-0.000378 
-0.000035 
0.000829 
-0.000923 
-0.000734 
0.000149 
-0.000033 
0.000366 
-0.000619 
-0.000668 
-0.000655 
-0.000929 
0.000067 
0.000020 
-0.001145 
0.000476 
-0.000366 
0.000889 
0.000638 
0.003179 
0.000506 
0.001055 
-0.000129 
0.001569 
-0.000055 
-0.000494 
-0.001516 
-0.000897 
0.000378 
-0.000462 
0.001615 
-0.000284 
0.000005 
0.000962 
-0.001373 
0.000038 
-0.000413 
0.000246 
-0.002502 
-0.001934 
-0.000633 
-0.000674 
-0.000578 
0.000044 
-0.000394 
0.000831 
-0.000054 
-0.000663 
-0.000467 
-0.000004 
0.000219 
-0.000281 
-0.000365 
-0.000735 
-0.000276 
-0.000902 
-0.001982 
-0.000968 
0.000449 
-0.000371 
-0.000243 
-0.001064 
0.000690 
0.000834 
-0.001623 
0.000054 
-0.000712 
0.001807 
-0.000217 
0.000093 
-0.000091 
0.000063 
-0.000049 
-0.001036 
0.000331 
0.000633 
-0.000294 
0.000125 
-0.000126 
0.000070 
0.000031 
0.000057 
0.000074 
0.000066 
0.000065 
0.000126 
-0.000010 
0.000014 
0.000020 
0.000005 
0.000023 
0.000019 
0.000129 
0.000102 
0.000045 
0.000034 
0.000095 
0.000054 
0.000024 
0.000081 
0.000092 
0.000049 
0.000012 
0.000100 
0.000027 
-0.000010 
0.000041 
0.000004 
-0.000014 
0.000034 
0.000081 
0.000059 
-0.000030 
0.000055 
-0.000018 
0.000045 
0.000067 
0.000112 
-0.000024 
0.000029 
0.000003 
0.000090 
0.000003 
-0.000005 
-0.000027 
0.000103 
0.000058 
0.000077 
-0.000025 
0.000086 
0.000044 
0.000065 
0.000035 
0.000039 
0.000055 
-0.000078 
0.000019 
-0.000042 
0.000069 
0.000090 
0.000033 
0.000031 
0.000017 
0.000122 
0.000056 
-0.000019 
0.000013 
0.000049 
0.000055 
0.000063 
0.000004 
0.000110 
-0.000032 
-0.000058 
0.000054 
-0.000004 
0.000126 
0.000051 
0.000070 
0.000109 
0.000051 
0.000043 
0.000125 
-0.000002 
0.000056 
0.000082 
0.000037 
-0.000037 
0.000013 
0.000057 
0.000066 
0.000023 
0.000011 
0.000078 
0.000046 
0.000037 
0.000061 
0.000057 
0.000070 
0.000040 
0.001045 
-0.001456 
0.000500 
0.000243 
-0.000672 
0.000703 
0.000143 
0.000845 
0.001570 
-0.000799 
0.000412 
-0.000004 
0.000981 
-0.000158 
0.000787 
0.000074 
-0.000462 
0.000437 
-0.000137 
0.000291 
0.000014 
0.000696 
0.000334 
0.000136 
-0.000766 
0.000806 
0.000546 
-0.000085 
-0.000194 
-0.000260 
0.000571 
0.000606 
0.000398 
0.000565 
-0.000401 
-0.000002 
0.001234 
-0.000211 
0.000649 
-0.000728 
-0.000546 
-0.002834 
-0.000336 
-0.000906 
0.000135 
-0.001194 
0.000318 
0.000496 
0.001473 
0.000683 
-0.000471 
0.000632 
-0.001563 
0.000197 
-0.000151 
-0.000700 
0.001176 
0.000003 
0.000507 
-0.000261 
0.002318 
0.001738 
0.000559 
0.000666 
0.000606 
-0.000223 
-0.000000 
-0.000546 
-0.000012 
0.000654 
0.000239 
0.000083 
-0.000046 
-0.000100 
0.000345 
0.000509 
0.000218 
0.000750 
0.001779 
0.000978 
-0.000543 
0.000183 
0.000214 
0.000859 
-0.000558 
-0.000717 
0.001793 
-0.000059 
0.000421 
-0.001776 
0.000635 
-0.000107 
0.000149 
-0.000213 
0.000122 
0.000961 
-0.000337 
-0.000741 
0.000280 
-0.000283 
0.000106 
0.022395 
-0.018724 
0.011396 
0.009030 
-0.004070 
0.018549 
0.005865 
0.012363 
0.028142 
-0.003764 
0.014375 
0.003192 
0.017755 
0.009512 
0.020378 
0.005571 
-0.001712 
0.012154 
-0.001148 
0.008845 
0.002531 
0.016498 
0.010108 
0.005187 
-0.009861 
0.017507 
0.014462 
0.001270 
0.004004 
-0.002435 
0.013972 
0.014806 
0.012991 
0.020232 
0.001721 
0.004457 
0.021669 
-0.004214 
0.011176 
-0.011101 
-0.006873 
-0.044008 
-0.004364 
-0.012098 
0.006437 
-0.019480 
0.006383 
0.013160 
0.028311 
0.018031 
-0.001338 
0.011776 
-0.020809 
0.008553 
0.003408 
-0.010664 
0.024900 
0.003701 
0.009163 
-0.000589 
0.042819 
0.035172 
0.014146 
0.015305 
0.012981 
0.002147 
0.010328 
-0.009230 
0.005220 
0.014122 
0.011871 
0.003307 
0.001385 
0.007992 
0.009817 
0.015695 
0.008886 
0.017346 
0.035399 
0.017678 
-0.003491 
0.008761 
0.007293 
0.019879 
-0.004582 
-0.008292 
0.030635 
0.003120 
0.015786 
-0.024619 
0.008650 
0.001926 
0.004923 
0.002050 
0.004305 
0.021354 
-0.001874 
-0.006025 
0.009810 
0.001847 
0.006140 
0.646112 
0.665455 
0.657743 
0.652321 
0.660048 
0.655703 
0.648378 
0.658128 
0.661860 
0.664049 
0.653612 
0.670332 
0.650371 
0.647422 
0.642034 
0.670615 
0.683674 
0.648021 
0.667260 
0.668870 
0.665318 
0.660418 
0.638160 
0.658987 
0.658326 
0.654492 
0.654133 
0.677780 
0.651024 
0.674284 
0.659230 
0.659254 
0.649980 
0.652014 
0.658664 
0.652371 
0.657989 
0.659484 
0.675425 
0.675429 
0.680697 
0.688639 
0.654727 
0.677731 
0.652331 
0.674440 
0.653138 
0.666566 
0.653078 
0.659171 
0.662835 
0.665715 
0.674081 
0.656919 
0.674625 
0.672348 
0.663444 
0.664434 
0.669492 
0.658716 
0.643411 
0.667103 
0.657352 
0.687945 
0.654646 
0.664345 
0.656475 
0.672661 
0.662244 
0.656356 
0.649692 
0.663343 
0.673264 
0.660574 
0.671651 
0.647080 
0.662030 
0.651754 
0.643519 
0.656504 
0.666316 
0.646528 
0.662640 
0.660473 
0.659696 
0.664797 
0.643704 
0.659928 
0.659488 
0.669134 
0.661919 
0.662688 
0.668507 
0.664702 
0.660601 
0.656254 
0.665724 
0.658084 
0.663458 
0.641654 
0.660178 
-0.029034 
-0.029373 
-0.030401 
-0.029261 
-0.029958 
-0.030002 
-0.029309 
-0.030137 
-0.030613 
-0.030237 
-0.030114 
-0.030540 
-0.029237 
-0.029541 
-0.029700 
-0.031968 
-0.031643 
-0.028978 
-0.030186 
-0.030331 
-0.030126 
-0.030314 
-0.028389 
-0.029726 
-0.030199 
-0.029448 
-0.030068 
-0.031127 
-0.030019 
-0.030635 
-0.030418 
-0.029980 
-0.029977 
-0.029160 
-0.031233 
-0.029217 
-0.029501 
-0.029962 
-0.031623 
-0.031137 
-0.031600 
-0.031657 
-0.030674 
-0.031517 
-0.029374 
-0.031040 
-0.029570 
-0.030447 
-0.030264 
-0.030293 
-0.030321 
-0.030626 
-0.030186 
-0.029236 
-0.031558 
-0.030920 
-0.029961 
-0.030615 
-0.030934 
-0.030233 
-0.029762 
-0.030987 
-0.029998 
-0.031913 
-0.029588 
-0.031026 
-0.030333 
-0.030590 
-0.029900 
-0.030007 
-0.028802 
-0.029804 
-0.031045 
-0.030153 
-0.030591 
-0.029840 
-0.030245 
-0.029663 
-0.028945 
-0.029891 
-0.030290 
-0.029398 
-0.030155 
-0.029879 
-0.029152 
-0.030165 
-0.028798 
-0.029659 
-0.029935 
-0.030610 
-0.030233 
-0.030555 
-0.030962 
-0.031242 
-0.030692 
-0.030691 
-0.030314 
-0.028908 
-0.029776 
-0.029169 
-0.030095 
0.000041 
-0.000013 
0.000047 
0.000053 
0.000037 
0.000019 
0.000048 
-0.000008 
0.000007 
0.000015 
0.000042 
0.000001 
0.000031 
0.000054 
0.000043 
0.000016 
0.000017 
0.000063 
0.000025 
0.000044 
0.000006 
0.000027 
0.000044 
-0.000003 
0.000045 
0.000024 
0.000028 
0.000033 
0.000023 
0.000030 
0.000017 
0.000021 
0.000019 
0.000024 
0.000032 
0.000017 
0.000013 
0.000034 
0.000030 
-0.000012 
0.000026 
0.000008 
0.000021 
0.000015 
0.000036 
0.000014 
0.000059 
0.000054 
0.000049 
-0.000015 
0.000012 
0.000017 
0.000024 
0.000016 
0.000025 
0.000037 
-0.000007 
0.000016 
-0.000000 
0.000011 
0.000027 
0.000032 
0.000025 
0.000030 
0.000048 
0.000029 
0.000023 
0.000009 
0.000055 
0.000036 
0.000041 
-0.000006 
0.000042 
0.000020 
0.000015 
0.000054 
0.000053 
0.000034 
0.000034 
0.000019 
0.000024 
0.000028 
0.000032 
0.000037 
0.000007 
0.000002 
0.000022 
0.000038 
0.000033 
0.000032 
0.000017 
0.000018 
0.000000 
0.000019 
0.000043 
0.000022 
0.000031 
0.000047 
0.000035 
0.000007 
0.000027 
0.000563 
-0.000033 
-0.000027 
-0.000113 
-0.000334 
0.000568 
0.000029 
0.000339 
0.000464 
0.000335 
0.000540 
-0.000022 
0.000236 
-0.000343 
0.000373 
0.000219 
-0.000453 
-0.000041 
0.000097 
0.000018 
-0.000254 
-0.000279 
0.000143 
-0.000106 
-0.000629 
-0.000238 
0.000025 
-0.000866 
0.000160 
-0.000640 
0.000455 
0.000318 
-0.000650 
0.000660 
0.000168 
-0.000351 
0.000289 
-0.000431 
0.001058 
-0.000552 
-0.000485 
-0.000459 
0.000359 
0.000145 
0.000026 
-0.000393 
0.000546 
0.000159 
0.000644 
0.000556 
-0.000320 
-0.000144 
-0.000148 
-0.000544 
-0.000387 
-0.000363 
-0.000366 
0.000150 
-0.000434 
-0.000032 
0.000759 
0.000453 
0.000648 
-0.000135 
-0.000368 
0.000254 
0.000338 
-0.000130 
-0.000331 
-0.000184 
0.000167 
-0.000357 
-0.000363 
0.000097 
-0.000264 
0.000460 
0.000325 
-0.000273 
-0.000239 
-0.000075 
-0.000030 
0.000217 
-0.000073 
0.000085 
-0.000001 
-0.000580 
0.000266 
0.000335 
-0.000031 
-0.000444 
-0.000461 
-0.000174 
0.000054 
-0.000218 
0.000103 
0.000335 
-0.000087 
-0.000207 
-0.000247 
0.000267 
-0.000063 
0.009372 
-0.005266 
0.004959 
0.003874 
-0.000201 
0.007500 
0.002568 
0.005424 
0.010731 
0.000170 
0.006251 
0.001965 
0.007471 
0.003741 
0.008026 
0.003204 
-0.000154 
0.005543 
0.000708 
0.004246 
0.001840 
0.006069 
0.004767 
0.002561 
-0.002651 
0.006641 
0.005832 
0.000932 
0.002453 
0.000069 
0.006100 
0.006381 
0.004624 
0.008488 
0.001705 
0.002537 
0.008612 
-0.000251 
0.005319 
-0.002840 
-0.001936 
-0.013736 
-0.000245 
-0.003164 
0.003190 
-0.005441 
0.003919 
0.005553 
0.011180 
0.007077 
0.000284 
0.004644 
-0.005959 
0.003629 
0.001699 
-0.002470 
0.009214 
0.002350 
0.003969 
0.000393 
0.016027 
0.013311 
0.006338 
0.006026 
0.005103 
0.001595 
0.004884 
-0.002268 
0.002956 
0.005942 
0.005400 
0.001850 
0.001120 
0.004076 
0.003993 
0.006290 
0.004341 
0.006543 
0.012496 
0.006998 
-0.000486 
0.003977 
0.003506 
0.007737 
0.000250 
-0.002492 
0.011586 
0.002385 
0.006493 
-0.007229 
0.003627 
0.001393 
0.002600 
0.001597 
0.002804 
0.008397 
0.000259 
-0.000431 
0.004396 
0.001730 
0.003065 
-0.454500 
-0.444631 
-0.448550 
-0.450594 
-0.449733 
-0.447934 
-0.451331 
-0.448840 
-0.446941 
-0.445201 
-0.448940 
-0.443564 
-0.451213 
-0.452058 
-0.456219 
-0.442889 
-0.436891 
-0.455430 
-0.445881 
-0.443460 
-0.447188 
-0.446817 
-0.458049 
-0.449506 
-0.449241 
-0.448969 
-0.450742 
-0.439709 
-0.450165 
-0.442969 
-0.447449 
-0.446392 
-0.451555 
-0.449978 
-0.446924 
-0.453645 
-0.449256 
-0.449320 
-0.441009 
-0.441400 
-0.437773 
-0.437903 
-0.449690 
-0.441336 
-0.450148 
-0.444491 
-0.453130 
-0.445051 
-0.450908 
-0.446656 
-0.447565 
-0.445449 
-0.442374 
-0.449337 
-0.441942 
-0.444531 
-0.445099 
-0.446459 
-0.443872 
-0.447810 
-0.454195 
-0.445092 
-0.448784 
-0.435500 
-0.449669 
-0.445522 
-0.448679 
-0.441576 
-0.448179 
-0.449186 
-0.452173 
-0.446003 
-0.442467 
-0.448056 
-0.443427 
-0.454429 
-0.447734 
-0.449700 
-0.453764 
-0.451025 
-0.443077 
-0.454207 
-0.446467 
-0.446197 
-0.450513 
-0.444748 
-0.453760 
-0.448097 
-0.447408 
-0.445147 
-0.447863 
-0.446318 
-0.444000 
-0.445254 
-0.448585 
-0.448001 
-0.445644 
-0.449728 
-0.446949 
-0.454198 
-0.447620 
1.217690 
1.210687 
1.208293 
1.214260 
1.215425 
1.204624 
1.208496 
1.208731 
1.206590 
1.205653 
1.204588 
1.206508 
1.210342 
1.208665 
1.213101 
1.199966 
1.197018 
1.221384 
1.209889 
1.205531 
1.210866 
1.206064 
1.219173 
1.213782 
1.207320 
1.206516 
1.208497 
1.201794 
1.204792 
1.208347 
1.205358 
1.203583 
1.205849 
1.212371 
1.200778 
1.218820 
1.210200 
1.212404 
1.200244 
1.201898 
1.196467 
1.205108 
1.205150 
1.202877 
1.210254 
1.210751 
1.218360 
1.206437 
1.206640 
1.201362 
1.209808 
1.204035 
1.210820 
1.213378 
1.204179 
1.207734 
1.206132 
1.208851 
1.204623 
1.205747 
1.210151 
1.205985 
1.210146 
1.196991 
1.208656 
1.200278 
1.206797 
1.202071 
1.213636 
1.210345 
1.214752 
1.207235 
1.203474 
1.211004 
1.204649 
1.212714 
1.209210 
1.204460 
1.211814 
1.211318 
1.201720 
1.210930 
1.207495 
1.206675 
1.221497 
1.206320 
1.213719 
1.211898 
1.207139 
1.210180 
1.211380 
1.202975 
1.201638 
1.203040 
1.207084 
1.205085 
1.207980 
1.217247 
1.211063 
1.210190 
1.208017 
