0.889062 
0.887126 
0.890361 
0.890849 
0.889811 
0.889828 
0.887148 
0.889845 
0.889504 
0.887497 
0.890259 
0.890554 
0.891250 
0.890153 
0.890993 
0.890142 
0.889846 
0.890137 
0.886062 
0.891330 
0.890344 
0.887782 
0.890566 
0.890715 
0.890959 
0.890411 
0.887993 
0.888629 
0.889851 
0.890859 
0.888629 
0.889865 
0.890829 
0.890575 
0.890343 
0.889797 
0.891194 
0.890616 
0.889294 
0.889879 
0.888455 
0.889408 
0.887153 
0.890653 
0.890606 
0.891161 
0.889179 
0.888930 
0.890071 
0.891153 
0.888144 
0.890926 
0.890037 
0.889284 
0.891362 
0.890998 
0.891941 
0.889509 
0.891562 
0.888475 
0.889429 
0.885649 
0.889736 
0.890028 
0.890107 
0.890618 
0.890365 
0.891908 
0.889311 
0.887887 
0.888745 
0.888970 
0.888554 
0.890534 
0.888237 
0.891955 
0.889993 
0.891452 
0.887960 
0.888633 
0.892803 
0.888584 
0.889244 
0.891407 
0.889619 
0.890222 
0.888172 
0.889361 
0.888227 
0.889437 
0.890412 
0.888348 
0.889911 
0.890426 
0.891005 
0.892512 
0.890591 
0.887765 
0.889425 
0.890299 
0.889844 
0.000000 
0.000000 
0.000000 
0.000000 
0.000000 
0.000000 
0.000000 
0.000000 
0.000000 
0.000000 
0.000000 
0.000000 
0.000000 
0.000000 
0.000000 
0.000000 
0.000000 
0.000000 
0.000000 
0.000000 
0.000000 
0.000000 
0.000000 
0.000000 
0.000000 
0.000000 
0.000000 
0.000000 
0.000000 
0.000000 
0.000000 
0.000000 
0.000000 
0.000000 
0.000000 
0.000000 
0.000000 
0.000000 
0.000000 
0.000000 
0.000000 
0.000000 
0.000000 
0.000000 
0.000000 
0.000000 
0.000000 
0.000000 
0.000000 
0.000000 
0.000000 
0.000000 
0.000000 
0.000000 
0.000000 
0.000000 
0.000000 
0.000000 
0.000000 
0.000000 
0.000000 
0.000000 
0.000000 
0.000000 
0.000000 
0.000000 
0.000000 
0.000000 
0.000000 
0.000000 
0.000000 
0.000000 
0.000000 
0.000000 
0.000000 
0.000000 
0.000000 
0.000000 
0.000000 
0.000000 
0.000000 
0.000000 
0.000000 
0.000000 
0.000000 
0.000000 
0.000000 
0.000000 
0.000000 
0.000000 
0.000000 
0.000000 
0.000000 
0.000000 
0.000000 
0.000000 
0.000000 
0.000000 
0.000000 
0.000000 
0.000000 
0.000000 
0.000000 
0.000000 
0.000000 
0.000000 
0.000000 
0.000000 
0.000000 
0.000000 
0.000000 
0.000000 
0.000000 
0.000000 
0.000000 
0.000000 
0.000000 
0.000000 
0.000000 
0.000000 
0.000000 
0.000000 
0.000000 
0.000000 
0.000000 
0.000000 
0.000000 
0.000000 
0.000000 
0.000000 
0.000000 
0.000000 
0.000000 
0.000000 
0.000000 
0.000000 
0.000000 
0.000000 
0.000000 
0.000000 
0.000000 
0.000000 
0.000000 
0.000000 
0.000000 
0.000000 
0.000000 
0.000000 
0.000000 
0.000000 
0.000000 
0.000000 
0.000000 
0.000000 
0.000000 
0.000000 
0.000000 
0.000000 
0.000000 
0.000000 
0.000000 
0.000000 
0.000000 
0.000000 
0.000000 
0.000000 
0.000000 
0.000000 
0.000000 
0.000000 
0.000000 
0.000000 
0.000000 
0.000000 
0.000000 
0.000000 
0.000000 
0.000000 
0.000000 
0.000000 
0.000000 
0.000000 
0.000000 
0.000000 
0.000000 
0.000000 
0.000000 
0.000000 
0.000000 
0.000000 
0.000000 
0.000000 
0.000000 
0.000000 
0.000000 
0.000000 
0.000000 
0.000000 
0.000000 
0.000000 
0.000000 
0.000000 
0.000000 
0.000000 
0.000000 
0.000000 
0.000000 
0.000000 
0.000000 
0.000000 
0.000000 
0.000000 
0.000000 
0.000000 
0.000000 
0.000000 
0.000000 
0.000000 
0.000000 
0.000000 
0.000000 
0.000000 
0.000000 
0.000000 
0.000000 
0.000000 
0.000000 
0.000000 
0.000000 
0.000000 
0.000000 
0.000000 
0.000000 
0.000000 
0.000000 
0.000000 
0.000000 
0.000000 
0.000000 
0.000000 
0.000000 
0.000000 
0.000000 
0.000000 
0.000000 
0.000000 
0.000000 
0.000000 
0.000000 
0.000000 
0.000000 
0.000000 
0.000000 
0.000000 
0.000000 
0.000000 
0.000000 
0.000000 
0.000000 
0.000000 
0.000000 
0.000000 
0.000000 
0.000000 
0.000000 
0.000000 
0.000000 
0.000000 
0.000000 
0.000000 
0.000000 
0.000000 
0.000000 
0.000000 
0.000000 
0.000000 
0.000000 
0.000000 
0.000000 
0.000000 
0.000000 
0.000000 
0.000000 
0.000000 
0.000000 
0.000000 
0.000000 
0.000000 
0.000000 
0.000000 
0.000000 
0.000000 
0.000000 
0.000000 
0.000000 
0.000000 
0.000000 
0.000000 
0.000000 
0.000000 
0.000000 
0.000000 
0.000000 
0.000000 
0.000000 
0.000000 
0.000000 
0.000000 
0.000000 
0.000000 
0.000000 
0.000000 
0.000000 
0.000000 
0.000000 
0.000000 
0.000000 
0.000000 
0.000000 
0.000000 
0.000000 
0.000000 
0.000000 
0.000000 
0.000000 
0.000000 
0.000000 
0.000000 
0.000000 
0.000000 
0.000000 
0.000000 
0.000000 
0.000000 
0.000000 
0.000000 
0.000000 
0.000000 
0.000000 
0.000000 
0.000000 
0.000000 
0.000000 
0.000000 
0.000000 
0.000000 
0.000000 
0.000000 
0.000000 
0.000000 
0.000000 
0.000000 
0.000000 
0.000000 
0.000000 
0.000000 
0.000000 
0.000000 
0.000000 
0.000000 
0.000000 
0.000000 
0.000000 
0.000000 
0.000000 
0.000000 
0.000000 
0.000000 
0.000000 
0.000000 
0.000000 
0.000000 
0.000000 
0.000000 
0.000000 
0.000000 
0.000000 
0.000000 
0.000000 
0.000000 
0.000000 
0.000000 
0.000000 
0.000000 
0.000000 
0.000000 
0.000000 
0.000000 
0.000000 
0.000000 
0.000000 
0.000000 
0.000000 
0.000000 
0.000000 
0.000000 
0.000000 
0.000000 
0.000000 
0.000000 
0.000000 
0.000000 
0.000000 
0.000000 
0.000000 
0.000000 
0.000000 
0.000000 
0.000000 
0.000000 
0.000000 
0.000000 
0.000000 
0.000000 
0.000000 
0.000000 
0.000000 
0.000000 
0.000000 
0.000000 
0.000000 
0.000000 
0.000000 
0.000000 
0.000000 
0.000000 
0.000000 
0.000000 
0.000000 
0.000000 
0.000000 
0.000000 
0.000000 
0.000000 
0.000000 
0.000000 
0.000000 
0.000000 
0.000000 
0.000000 
0.000000 
0.000000 
0.000000 
0.000000 
0.000000 
0.000000 
0.000000 
0.000000 
0.000000 
0.000000 
0.000000 
0.000000 
0.000000 
0.000000 
0.000000 
0.000000 
0.000000 
0.000000 
0.000000 
0.000000 
0.000000 
0.000000 
0.000000 
0.000000 
0.000000 
0.000000 
0.000000 
0.000000 
0.000000 
0.000000 
0.000000 
0.000000 
0.000000 
0.000000 
0.000000 
0.000000 
0.000000 
0.000000 
0.000000 
0.000000 
0.000000 
0.000000 
0.000000 
0.000000 
0.000000 
0.000000 
0.000000 
0.000000 
0.000000 
0.000000 
0.000000 
0.000000 
0.000000 
0.000000 
0.000000 
0.000000 
0.000000 
0.000000 
0.000000 
0.000000 
0.000000 
0.000000 
0.000000 
0.000000 
0.000000 
1.101589 
1.102592 
1.101353 
1.101427 
1.101355 
1.101198 
1.102844 
1.101532 
1.101533 
1.102817 
1.101472 
1.101430 
1.101004 
1.101407 
1.100964 
1.101514 
1.101282 
1.101192 
1.103145 
1.101049 
1.101189 
1.102573 
1.101114 
1.101048 
1.100768 
1.101332 
1.102345 
1.102444 
1.101387 
1.101034 
1.101885 
1.101619 
1.101040 
1.101023 
1.101767 
1.101459 
1.100633 
1.101135 
1.101748 
1.101746 
1.102476 
1.101676 
1.102953 
1.100828 
1.101225 
1.101338 
1.101891 
1.101844 
1.101668 
1.100746 
1.101979 
1.101105 
1.101691 
1.102062 
1.101284 
1.100848 
1.100633 
1.102033 
1.100781 
1.101825 
1.101612 
1.103625 
1.101311 
1.101600 
1.101521 
1.101266 
1.101567 
1.100734 
1.101891 
1.102416 
1.101905 
1.101730 
1.102189 
1.101415 
1.102364 
1.100490 
1.101327 
1.101049 
1.102479 
1.102170 
1.100715 
1.102058 
1.101785 
1.101215 
1.101878 
1.101418 
1.102129 
1.101945 
1.102255 
1.101478 
1.101498 
1.102114 
1.101344 
1.101146 
1.100705 
1.100329 
1.101296 
1.102466 
1.101724 
1.101446 
1.101493 
0.530354 
0.532534 
0.529826 
0.530435 
0.529954 
0.529395 
0.533901 
0.529693 
0.530592 
0.532248 
0.529439 
0.530428 
0.529821 
0.530396 
0.528636 
0.529505 
0.528631 
0.528366 
0.535770 
0.529439 
0.530962 
0.532411 
0.528831 
0.529274 
0.527739 
0.530334 
0.531738 
0.532247 
0.529100 
0.529558 
0.531703 
0.531374 
0.528432 
0.529436 
0.531724 
0.529780 
0.529653 
0.529492 
0.532134 
0.530248 
0.532643 
0.530702 
0.533834 
0.527828 
0.530023 
0.529624 
0.531789 
0.531855 
0.531404 
0.529153 
0.530187 
0.529403 
0.531486 
0.531884 
0.530773 
0.529088 
0.529328 
0.531056 
0.529648 
0.530389 
0.530792 
0.533967 
0.529986 
0.530278 
0.531980 
0.530308 
0.530213 
0.529982 
0.530909 
0.531498 
0.530521 
0.530385 
0.530642 
0.529794 
0.531490 
0.528174 
0.530111 
0.529674 
0.531236 
0.531185 
0.530505 
0.531065 
0.530491 
0.529092 
0.531089 
0.529088 
0.531127 
0.532345 
0.531579 
0.528878 
0.530280 
0.531170 
0.529290 
0.528032 
0.528673 
0.529048 
0.530003 
0.532154 
0.529335 
0.530753 
0.530187 
0.000000 
0.000000 
0.000000 
0.000000 
0.000000 
0.000000 
0.000000 
0.000000 
0.000000 
0.000000 
0.000000 
0.000000 
0.000000 
0.000000 
0.000000 
0.000000 
0.000000 
0.000000 
0.000000 
0.000000 
0.000000 
0.000000 
0.000000 
0.000000 
0.000000 
0.000000 
0.000000 
0.000000 
0.000000 
0.000000 
0.000000 
0.000000 
0.000000 
0.000000 
0.000000 
0.000000 
0.000000 
0.000000 
0.000000 
0.000000 
0.000000 
0.000000 
0.000000 
0.000000 
0.000000 
0.000000 
0.000000 
0.000000 
0.000000 
0.000000 
0.000000 
0.000000 
0.000000 
0.000000 
0.000000 
0.000000 
0.000000 
0.000000 
0.000000 
0.000000 
0.000000 
0.000000 
0.000000 
0.000000 
0.000000 
0.000000 
0.000000 
0.000000 
0.000000 
0.000000 
0.000000 
0.000000 
0.000000 
0.000000 
0.000000 
0.000000 
0.000000 
0.000000 
0.000000 
0.000000 
0.000000 
0.000000 
0.000000 
0.000000 
0.000000 
0.000000 
0.000000 
0.000000 
0.000000 
0.000000 
0.000000 
0.000000 
0.000000 
0.000000 
0.000000 
0.000000 
0.000000 
0.000000 
0.000000 
0.000000 
0.000000 
0.000000 
0.000000 
0.000000 
0.000000 
0.000000 
0.000000 
0.000000 
0.000000 
0.000000 
0.000000 
0.000000 
0.000000 
0.000000 
0.000000 
0.000000 
0.000000 
0.000000 
0.000000 
0.000000 
0.000000 
0.000000 
0.000000 
0.000000 
0.000000 
0.000000 
0.000000 
0.000000 
0.000000 
0.000000 
0.000000 
0.000000 
0.000000 
0.000000 
0.000000 
0.000000 
0.000000 
0.000000 
0.000000 
0.000000 
0.000000 
0.000000 
0.000000 
0.000000 
0.000000 
0.000000 
0.000000 
0.000000 
0.000000 
0.000000 
0.000000 
0.000000 
0.000000 
0.000000 
0.000000 
0.000000 
0.000000 
0.000000 
0.000000 
0.000000 
0.000000 
0.000000 
0.000000 
0.000000 
0.000000 
0.000000 
0.000000 
0.000000 
0.000000 
0.000000 
0.000000 
0.000000 
0.000000 
0.000000 
0.000000 
0.000000 
0.000000 
0.000000 
0.000000 
0.000000 
0.000000 
0.000000 
0.000000 
0.000000 
0.000000 
0.000000 
0.000000 
0.000000 
0.000000 
0.000000 
0.000000 
0.000000 
0.000000 
0.000000 
0.000000 
0.000000 
0.000000 
0.000000 
0.000000 
0.000000 
0.000000 
0.000000 
0.000000 
0.000000 
0.000000 
0.000000 
0.000000 
0.000000 
0.000000 
0.000000 
0.000000 
0.000000 
0.000000 
0.000000 
0.000000 
0.000000 
0.000000 
0.000000 
0.000000 
0.000000 
0.000000 
0.000000 
0.000000 
0.000000 
0.000000 
0.000000 
0.000000 
0.000000 
0.000000 
0.000000 
0.000000 
0.000000 
0.000000 
0.000000 
0.000000 
0.000000 
0.000000 
0.000000 
0.000000 
0.000000 
0.000000 
0.000000 
0.000000 
0.000000 
0.000000 
0.000000 
0.000000 
0.000000 
0.000000 
0.000000 
0.000000 
0.000000 
0.000000 
0.000000 
0.000000 
0.000000 
0.000000 
0.000000 
0.000000 
0.000000 
0.000000 
0.000000 
0.000000 
0.000000 
0.000000 
0.000000 
0.000000 
0.000000 
0.000000 
0.000000 
0.000000 
0.000000 
0.000000 
0.000000 
0.000000 
0.000000 
0.000000 
0.000000 
0.000000 
0.000000 
0.000000 
0.000000 
0.000000 
0.000000 
0.000000 
0.000000 
0.000000 
0.000000 
0.000000 
0.000000 
0.000000 
0.000000 
0.000000 
0.000000 
0.000000 
0.000000 
0.000000 
0.000000 
0.000000 
0.000000 
0.000000 
0.000000 
0.000000 
0.047289 
0.048535 
0.046441 
0.046106 
0.046903 
0.046764 
0.048062 
0.046963 
0.046906 
0.048333 
0.046816 
0.046380 
0.045854 
0.046610 
0.046312 
0.046748 
0.047050 
0.046960 
0.048923 
0.046177 
0.046202 
0.048038 
0.046368 
0.046417 
0.046349 
0.046462 
0.047982 
0.047542 
0.046936 
0.046341 
0.047516 
0.046529 
0.046367 
0.046549 
0.046256 
0.046869 
0.045980 
0.046539 
0.046854 
0.047067 
0.047659 
0.047051 
0.048309 
0.046574 
0.046234 
0.046224 
0.046992 
0.047314 
0.046589 
0.045931 
0.048145 
0.046278 
0.046611 
0.047128 
0.046114 
0.046040 
0.045420 
0.047123 
0.045705 
0.047632 
0.047011 
0.049343 
0.046887 
0.046863 
0.046291 
0.046202 
0.046544 
0.045434 
0.047115 
0.048120 
0.047675 
0.047564 
0.048061 
0.046765 
0.047951 
0.045643 
0.046489 
0.045816 
0.048303 
0.047556 
0.044683 
0.047714 
0.047298 
0.046113 
0.046897 
0.047007 
0.047927 
0.046988 
0.047757 
0.047492 
0.046510 
0.047857 
0.046973 
0.046908 
0.046200 
0.045116 
0.046204 
0.048175 
0.047474 
0.046540 
0.046870 
0.595170 
0.600536 
0.590311 
0.587093 
0.592856 
0.592511 
0.597198 
0.593558 
0.592528 
0.600306 
0.592883 
0.588513 
0.585260 
0.590396 
0.590177 
0.593032 
0.596565 
0.595445 
0.598368 
0.587490 
0.586784 
0.597634 
0.590802 
0.590375 
0.592593 
0.589221 
0.598649 
0.594956 
0.594469 
0.589036 
0.594668 
0.589143 
0.592036 
0.590155 
0.586032 
0.593336 
0.585944 
0.590211 
0.589601 
0.592891 
0.594553 
0.592986 
0.598414 
0.593574 
0.588024 
0.589034 
0.591138 
0.593051 
0.588264 
0.586971 
0.601519 
0.589180 
0.588540 
0.592109 
0.585279 
0.588583 
0.583347 
0.593165 
0.584189 
0.597888 
0.593586 
0.606739 
0.593452 
0.591796 
0.585848 
0.587556 
0.590310 
0.581968 
0.593505 
0.599049 
0.597294 
0.596652 
0.599523 
0.591072 
0.598768 
0.586645 
0.590246 
0.585487 
0.601870 
0.596224 
0.577024 
0.597627 
0.595053 
0.588312 
0.591648 
0.593943 
0.598912 
0.589922 
0.597448 
0.598189 
0.589914 
0.597482 
0.594161 
0.595345 
0.589541 
0.582259 
0.588660 
0.599849 
0.597435 
0.588674 
0.592285 
0.000000 
0.000000 
0.000000 
0.000000 
0.000000 
0.000000 
0.000000 
0.000000 
0.000000 
0.000000 
0.000000 
0.000000 
0.000000 
0.000000 
0.000000 
0.000000 
0.000000 
0.000000 
0.000000 
0.000000 
0.000000 
0.000000 
0.000000 
0.000000 
0.000000 
0.000000 
0.000000 
0.000000 
0.000000 
0.000000 
0.000000 
0.000000 
0.000000 
0.000000 
0.000000 
0.000000 
0.000000 
0.000000 
0.000000 
0.000000 
0.000000 
0.000000 
0.000000 
0.000000 
0.000000 
0.000000 
0.000000 
0.000000 
0.000000 
0.000000 
0.000000 
0.000000 
0.000000 
0.000000 
0.000000 
0.000000 
0.000000 
0.000000 
0.000000 
0.000000 
0.000000 
0.000000 
0.000000 
0.000000 
0.000000 
0.000000 
0.000000 
0.000000 
0.000000 
0.000000 
0.000000 
0.000000 
0.000000 
0.000000 
0.000000 
0.000000 
0.000000 
0.000000 
0.000000 
0.000000 
0.000000 
0.000000 
0.000000 
0.000000 
0.000000 
0.000000 
0.000000 
0.000000 
0.000000 
0.000000 
0.000000 
0.000000 
0.000000 
0.000000 
0.000000 
0.000000 
0.000000 
0.000000 
0.000000 
0.000000 
0.000000 
0.000000 
0.000000 
0.000000 
0.000000 
0.000000 
0.000000 
0.000000 
0.000000 
0.000000 
0.000000 
0.000000 
0.000000 
0.000000 
0.000000 
0.000000 
0.000000 
0.000000 
0.000000 
0.000000 
0.000000 
0.000000 
0.000000 
0.000000 
0.000000 
0.000000 
0.000000 
0.000000 
0.000000 
0.000000 
0.000000 
0.000000 
0.000000 
0.000000 
0.000000 
0.000000 
0.000000 
0.000000 
0.000000 
0.000000 
0.000000 
0.000000 
0.000000 
0.000000 
0.000000 
0.000000 
0.000000 
0.000000 
0.000000 
0.000000 
0.000000 
0.000000 
0.000000 
0.000000 
0.000000 
0.000000 
0.000000 
0.000000 
0.000000 
0.000000 
0.000000 
0.000000 
0.000000 
0.000000 
0.000000 
0.000000 
0.000000 
0.000000 
0.000000 
0.000000 
0.000000 
0.000000 
0.000000 
0.000000 
0.000000 
0.000000 
0.000000 
0.000000 
0.000000 
0.000000 
0.000000 
0.000000 
0.000000 
0.000000 
0.000000 
0.000000 
0.000000 
0.000000 
0.000000 
0.000000 
0.000000 
0.000000 
0.000000 
0.000000 
0.000000 
0.000000 
0.000000 
0.000000 
0.000000 
0.000000 
0.000000 
0.000000 
0.000000 
0.000000 
0.000000 
0.000000 
0.000000 
0.000000 
0.000000 
0.000000 
0.000000 
0.000000 
0.000000 
0.000000 
0.000000 
0.000000 
0.000000 
0.000000 
0.000000 
0.000000 
0.000000 
0.000000 
0.000000 
0.000000 
0.000000 
0.000000 
0.000000 
0.000000 
0.000000 
0.000000 
0.000000 
0.000000 
0.000000 
0.000000 
0.000000 
0.000000 
0.000000 
0.000000 
0.000000 
0.000000 
0.000000 
0.000000 
0.000000 
0.000000 
0.000000 
0.000000 
0.000000 
0.000000 
0.000000 
0.000000 
0.000000 
0.000000 
0.000000 
0.000000 
0.000000 
0.000000 
0.000000 
0.000000 
0.000000 
0.000000 
0.000000 
0.000000 
0.000000 
0.000000 
0.000000 
0.000000 
0.000000 
0.000000 
0.000000 
0.000000 
0.000000 
0.000000 
0.000000 
0.000000 
0.000000 
0.000000 
0.000000 
0.000000 
0.000000 
0.000000 
0.000000 
0.000000 
0.000000 
0.000000 
0.000000 
0.000000 
0.000000 
0.000000 
0.000000 
0.000000 
0.000000 
0.000000 
0.000000 
0.000000 
0.000000 
0.000000 
0.000000 
0.000000 
0.000000 
0.000000 
0.000000 
0.000000 
0.000000 
0.000000 
0.000000 
0.000000 
0.000000 
0.000000 
0.000000 
0.000000 
0.000000 
0.000000 
0.000000 
0.000000 
0.000000 
0.000000 
0.000000 
0.000000 
0.000000 
0.000000 
0.000000 
0.000000 
0.000000 
0.000000 
0.000000 
0.000000 
0.000000 
0.000000 
0.000000 
0.000000 
0.000000 
0.000000 
0.000000 
0.000000 
0.000000 
0.000000 
0.000000 
0.000000 
0.000000 
0.000000 
0.000000 
0.000000 
0.000000 
0.000000 
0.000000 
0.000000 
0.000000 
0.000000 
0.000000 
0.000000 
0.000000 
0.000000 
0.000000 
0.000000 
0.000000 
0.000000 
0.000000 
0.000000 
0.000000 
0.000000 
0.000000 
0.000000 
0.000000 
0.000000 
0.000000 
0.000000 
0.000000 
0.000000 
0.000000 
0.000000 
0.000000 
0.000000 
0.000000 
0.000000 
0.000000 
0.000000 
0.000000 
0.000000 
0.000000 
0.000000 
0.000000 
0.000000 
0.000000 
0.000000 
0.000000 
0.000000 
0.000000 
0.000000 
0.000000 
0.000000 
0.000000 
0.000000 
0.000000 
0.000000 
0.000000 
0.000000 
0.000000 
0.000000 
0.000000 
0.000000 
0.000000 
0.000000 
0.000000 
0.000000 
0.000000 
0.000000 
0.000000 
0.000000 
0.000000 
0.000000 
0.000000 
0.000000 
0.000000 
0.000000 
0.000000 
0.000000 
0.000000 
0.000000 
0.000000 
0.000000 
0.000000 
0.000000 
0.000000 
0.000000 
0.000000 
0.000000 
0.000000 
0.000000 
0.000000 
0.000000 
0.000000 
0.000000 
0.000000 
0.000000 
0.000000 
0.000000 
0.000000 
0.000000 
0.000000 
0.000000 
0.000000 
0.000000 
0.000000 
0.000000 
0.000000 
0.000000 
0.000000 
0.000000 
0.000000 
0.000000 
0.000000 
0.000000 
0.000000 
0.000000 
0.000000 
0.000000 
0.000000 
0.000000 
0.000000 
0.000000 
0.000000 
0.000000 
0.000000 
0.000000 
0.000000 
0.000000 
0.000000 
0.000000 
0.000000 
0.000000 
0.000000 
0.000000 
0.000000 
0.000000 
0.000000 
0.000000 
0.000000 
0.000000 
0.000000 
0.000000 
0.000000 
0.000000 
0.000000 
0.000000 
0.000000 
0.000000 
0.000000 
0.000000 
0.000000 
0.000000 
0.000000 
0.000000 
0.000000 
0.000000 
0.000000 
0.000000 
0.000000 
0.000000 
0.000000 
0.000000 
0.000000 
0.000000 
0.000000 
0.000000 
0.000000 
0.675922 
0.681973 
0.671014 
0.668593 
0.673884 
0.672905 
0.679100 
0.674454 
0.673455 
0.681715 
0.674043 
0.669489 
0.665862 
0.672102 
0.671125 
0.674076 
0.677328 
0.675922 
0.680655 
0.668227 
0.668076 
0.678928 
0.671187 
0.671513 
0.673034 
0.670080 
0.680120 
0.676302 
0.675235 
0.670344 
0.676019 
0.670034 
0.672743 
0.671423 
0.666935 
0.673983 
0.666547 
0.670815 
0.671131 
0.674260 
0.676246 
0.674106 
0.680368 
0.674300 
0.669156 
0.670695 
0.672741 
0.674360 
0.669598 
0.667820 
0.682485 
0.670535 
0.670033 
0.673507 
0.667272 
0.669635 
0.664828 
0.674593 
0.665020 
0.678564 
0.674754 
0.688455 
0.674301 
0.672585 
0.667470 
0.668419 
0.671075 
0.663294 
0.674759 
0.680548 
0.677717 
0.677835 
0.680764 
0.672236 
0.679971 
0.667465 
0.671400 
0.666790 
0.683203 
0.677538 
0.659402 
0.678765 
0.675966 
0.669177 
0.672926 
0.675355 
0.680016 
0.671304 
0.678262 
0.678854 
0.670508 
0.678608 
0.675133 
0.675800 
0.670384 
0.663307 
0.670180 
0.681465 
0.678301 
0.669837 
0.673350 
-0.043238 
-0.044778 
-0.042468 
-0.042247 
-0.042859 
-0.042644 
-0.044456 
-0.042884 
-0.042887 
-0.044643 
-0.042826 
-0.042403 
-0.041785 
-0.042735 
-0.042129 
-0.042719 
-0.043072 
-0.042789 
-0.045616 
-0.041947 
-0.042244 
-0.044287 
-0.042245 
-0.042223 
-0.042073 
-0.042495 
-0.044209 
-0.043802 
-0.042927 
-0.042284 
-0.043559 
-0.042579 
-0.042233 
-0.042307 
-0.042321 
-0.042851 
-0.041627 
-0.042348 
-0.042862 
-0.043011 
-0.043878 
-0.043148 
-0.044635 
-0.042415 
-0.042305 
-0.042247 
-0.043273 
-0.043342 
-0.042532 
-0.041739 
-0.044235 
-0.042125 
-0.042681 
-0.043225 
-0.041982 
-0.041873 
-0.041232 
-0.043216 
-0.041394 
-0.043608 
-0.043069 
-0.046056 
-0.042724 
-0.042761 
-0.042452 
-0.042169 
-0.042541 
-0.041205 
-0.043264 
-0.044317 
-0.043724 
-0.043574 
-0.044208 
-0.042534 
-0.044108 
-0.041449 
-0.042562 
-0.041648 
-0.044561 
-0.043744 
-0.040534 
-0.043955 
-0.043322 
-0.041970 
-0.042994 
-0.042881 
-0.044049 
-0.043075 
-0.043939 
-0.043451 
-0.042418 
-0.043913 
-0.042911 
-0.042823 
-0.041890 
-0.041000 
-0.042348 
-0.044517 
-0.043430 
-0.042484 
-0.042868 
0.000000 
0.000000 
0.000000 
0.000000 
0.000000 
0.000000 
0.000000 
0.000000 
0.000000 
0.000000 
0.000000 
0.000000 
0.000000 
0.000000 
0.000000 
0.000000 
0.000000 
0.000000 
0.000000 
0.000000 
0.000000 
0.000000 
0.000000 
0.000000 
0.000000 
0.000000 
0.000000 
0.000000 
0.000000 
0.000000 
0.000000 
0.000000 
0.000000 
0.000000 
0.000000 
0.000000 
0.000000 
0.000000 
0.000000 
0.000000 
0.000000 
0.000000 
0.000000 
0.000000 
0.000000 
0.000000 
0.000000 
0.000000 
0.000000 
0.000000 
0.000000 
0.000000 
0.000000 
0.000000 
0.000000 
0.000000 
0.000000 
0.000000 
0.000000 
0.000000 
0.000000 
0.000000 
0.000000 
0.000000 
0.000000 
0.000000 
0.000000 
0.000000 
0.000000 
0.000000 
0.000000 
0.000000 
0.000000 
0.000000 
0.000000 
0.000000 
0.000000 
0.000000 
0.000000 
0.000000 
0.000000 
0.000000 
0.000000 
0.000000 
0.000000 
0.000000 
0.000000 
0.000000 
0.000000 
0.000000 
0.000000 
0.000000 
0.000000 
0.000000 
0.000000 
0.000000 
0.000000 
0.000000 
0.000000 
0.000000 
0.000000 
0.000000 
0.000000 
0.000000 
0.000000 
0.000000 
0.000000 
0.000000 
0.000000 
0.000000 
0.000000 
0.000000 
0.000000 
0.000000 
0.000000 
0.000000 
0.000000 
0.000000 
0.000000 
0.000000 
0.000000 
0.000000 
0.000000 
0.000000 
0.000000 
0.000000 
0.000000 
0.000000 
0.000000 
0.000000 
0.000000 
0.000000 
0.000000 
0.000000 
0.000000 
0.000000 
0.000000 
0.000000 
0.000000 
0.000000 
0.000000 
0.000000 
0.000000 
0.000000 
0.000000 
0.000000 
0.000000 
0.000000 
0.000000 
0.000000 
0.000000 
0.000000 
0.000000 
0.000000 
0.000000 
0.000000 
0.000000 
0.000000 
0.000000 
0.000000 
0.000000 
0.000000 
0.000000 
0.000000 
0.000000 
0.000000 
0.000000 
0.000000 
0.000000 
0.000000 
0.000000 
0.000000 
0.000000 
0.000000 
0.000000 
0.000000 
0.000000 
0.000000 
0.000000 
0.000000 
0.000000 
0.000000 
0.000000 
0.000000 
0.000000 
0.000000 
0.000000 
0.000000 
0.000000 
0.000000 
0.000000 
0.000000 
0.000000 
0.000000 
0.000000 
0.000000 
0.000000 
0.000000 
0.000000 
0.000000 
0.000000 
0.000000 
0.000000 
0.000000 
0.000000 
0.000000 
0.000000 
0.000000 
0.000000 
0.000000 
0.000000 
0.000000 
0.000000 
0.000000 
0.000000 
0.000000 
0.000000 
0.000000 
0.000000 
0.000000 
0.000000 
0.000000 
0.000000 
0.000000 
0.000000 
0.000000 
0.000000 
0.000000 
0.000000 
0.000000 
0.000000 
0.000000 
0.000000 
0.000000 
0.000000 
0.000000 
0.000000 
0.000000 
0.000000 
0.000000 
0.000000 
0.000000 
0.000000 
0.000000 
0.000000 
0.000000 
0.000000 
0.000000 
0.000000 
0.000000 
0.000000 
0.000000 
0.000000 
0.000000 
0.000000 
0.000000 
0.000000 
0.000000 
0.000000 
0.000000 
0.000000 
0.000000 
0.000000 
0.000000 
0.000000 
0.000000 
0.000000 
0.000000 
0.000000 
0.000000 
0.000000 
0.000000 
0.000000 
0.000000 
0.000000 
0.000000 
0.000000 
0.000000 
0.000000 
0.000000 
0.000000 
0.000000 
0.000000 
0.000000 
0.000000 
0.000000 
0.000000 
0.000000 
0.000000 
0.000000 
0.000000 
0.000000 
0.000000 
0.000000 
0.000000 
0.000000 
0.000000 
0.000000 
0.000000 
0.000000 
0.000000 
0.000000 
0.000000 
-0.493376 
-0.494327 
-0.493306 
-0.493242 
-0.492702 
-0.493294 
-0.495886 
-0.492887 
-0.493615 
-0.494387 
-0.493161 
-0.493847 
-0.493794 
-0.493253 
-0.492666 
-0.493022 
-0.491587 
-0.491989 
-0.497096 
-0.493282 
-0.493731 
-0.494310 
-0.492219 
-0.492776 
-0.491922 
-0.493106 
-0.494096 
-0.494750 
-0.492795 
-0.493241 
-0.494392 
-0.494189 
-0.492234 
-0.492636 
-0.494568 
-0.492750 
-0.493587 
-0.493043 
-0.494694 
-0.493171 
-0.494917 
-0.493483 
-0.496090 
-0.491315 
-0.493186 
-0.492940 
-0.493991 
-0.494125 
-0.494752 
-0.492866 
-0.492760 
-0.492610 
-0.494005 
-0.494454 
-0.493463 
-0.492215 
-0.493005 
-0.493613 
-0.493346 
-0.493342 
-0.493737 
-0.495401 
-0.493753 
-0.493384 
-0.494596 
-0.493577 
-0.493905 
-0.493296 
-0.493479 
-0.493928 
-0.493200 
-0.493302 
-0.493317 
-0.493192 
-0.494077 
-0.492719 
-0.493201 
-0.493208 
-0.493833 
-0.493491 
-0.494130 
-0.493556 
-0.493074 
-0.493577 
-0.493663 
-0.492505 
-0.493839 
-0.494687 
-0.494198 
-0.492218 
-0.493486 
-0.493828 
-0.492471 
-0.491635 
-0.492363 
-0.493200 
-0.493013 
-0.494217 
-0.492527 
-0.493834 
-0.493218 
1.190698 
1.187243 
1.193242 
1.193459 
1.191045 
1.192927 
1.188181 
1.191806 
1.191621 
1.188493 
1.193496 
1.193814 
1.195652 
1.192136 
1.194284 
1.193390 
1.190265 
1.192353 
1.186527 
1.195637 
1.192719 
1.188248 
1.192609 
1.193702 
1.193642 
1.192244 
1.189098 
1.190022 
1.192543 
1.194457 
1.189802 
1.191606 
1.193925 
1.192694 
1.193254 
1.191138 
1.194890 
1.193828 
1.191594 
1.192136 
1.189817 
1.191143 
1.188727 
1.192449 
1.193400 
1.193628 
1.190156 
1.189932 
1.193541 
1.194699 
1.188597 
1.193733 
1.191962 
1.191137 
1.194227 
1.193737 
1.196596 
1.191283 
1.195697 
1.189733 
1.190808 
1.185376 
1.192650 
1.191785 
1.192499 
1.193040 
1.193370 
1.195620 
1.190599 
1.189296 
1.189415 
1.190240 
1.189967 
1.193871 
1.189588 
1.196670 
1.192494 
1.195089 
1.188544 
1.189516 
1.197899 
1.189197 
1.190343 
1.196624 
1.191428 
1.192591 
1.189066 
1.191101 
1.189422 
1.191008 
1.192644 
1.189912 
1.192040 
1.192530 
1.194085 
1.197624 
1.192842 
1.187926 
1.191083 
1.192595 
1.191811 
