0.923220 
0.922820 
0.921971 
0.923011 
0.922409 
0.920744 
0.921752 
0.921065 
0.920813 
0.920974 
0.920066 
0.920670 
0.921458 
0.921039 
0.921912 
0.920170 
0.919684 
0.923667 
0.921770 
0.920886 
0.922097 
0.920298 
0.923415 
0.922188 
0.921271 
0.920403 
0.921091 
0.920145 
0.920870 
0.921773 
0.921095 
0.920034 
0.920817 
0.921864 
0.920265 
0.922974 
0.920799 
0.922848 
0.920377 
0.919736 
0.919729 
0.921741 
0.921166 
0.920240 
0.922167 
0.922067 
0.923530 
0.920903 
0.920562 
0.919054 
0.921728 
0.920083 
0.921960 
0.921881 
0.919696 
0.921220 
0.920727 
0.921781 
0.920947 
0.921206 
0.920306 
0.919997 
0.921523 
0.918875 
0.921029 
0.918807 
0.920921 
0.920764 
0.921643 
0.922045 
0.922370 
0.921107 
0.920735 
0.920824 
0.920142 
0.921819 
0.921499 
0.920314 
0.921636 
0.921201 
0.920737 
0.921368 
0.921228 
0.920960 
0.924554 
0.921548 
0.922236 
0.921853 
0.920634 
0.922701 
0.921576 
0.920194 
0.920264 
0.920833 
0.921293 
0.921127 
0.921504 
0.922924 
0.921769 
0.922086 
0.921335 
0.000000 
0.000000 
0.000000 
0.000000 
0.000000 
0.000000 
0.000000 
0.000000 
0.000000 
0.000000 
0.000000 
0.000000 
0.000000 
0.000000 
0.000000 
0.000000 
0.000000 
0.000000 
0.000000 
0.000000 
0.000000 
0.000000 
0.000000 
0.000000 
0.000000 
0.000000 
0.000000 
0.000000 
0.000000 
0.000000 
0.000000 
0.000000 
0.000000 
0.000000 
0.000000 
0.000000 
0.000000 
0.000000 
0.000000 
0.000000 
0.000000 
0.000000 
0.000000 
0.000000 
0.000000 
0.000000 
0.000000 
0.000000 
0.000000 
0.000000 
0.000000 
0.000000 
0.000000 
0.000000 
0.000000 
0.000000 
0.000000 
0.000000 
0.000000 
0.000000 
0.000000 
0.000000 
0.000000 
0.000000 
0.000000 
0.000000 
0.000000 
0.000000 
0.000000 
0.000000 
0.000000 
0.000000 
0.000000 
0.000000 
0.000000 
0.000000 
0.000000 
0.000000 
0.000000 
0.000000 
0.000000 
0.000000 
0.000000 
0.000000 
0.000000 
0.000000 
0.000000 
0.000000 
0.000000 
0.000000 
0.000000 
0.000000 
0.000000 
0.000000 
0.000000 
0.000000 
0.000000 
0.000000 
0.000000 
0.000000 
0.000000 
0.000000 
0.000000 
0.000000 
0.000000 
0.000000 
0.000000 
0.000000 
0.000000 
0.000000 
0.000000 
0.000000 
0.000000 
0.000000 
0.000000 
0.000000 
0.000000 
0.000000 
0.000000 
0.000000 
0.000000 
0.000000 
0.000000 
0.000000 
0.000000 
0.000000 
0.000000 
0.000000 
0.000000 
0.000000 
0.000000 
0.000000 
0.000000 
0.000000 
0.000000 
0.000000 
0.000000 
0.000000 
0.000000 
0.000000 
0.000000 
0.000000 
0.000000 
0.000000 
0.000000 
0.000000 
0.000000 
0.000000 
0.000000 
0.000000 
0.000000 
0.000000 
0.000000 
0.000000 
0.000000 
0.000000 
0.000000 
0.000000 
0.000000 
0.000000 
0.000000 
0.000000 
0.000000 
0.000000 
0.000000 
0.000000 
0.000000 
0.000000 
0.000000 
0.000000 
0.000000 
0.000000 
0.000000 
0.000000 
0.000000 
0.000000 
0.000000 
0.000000 
0.000000 
0.000000 
0.000000 
0.000000 
0.000000 
0.000000 
0.000000 
0.000000 
0.000000 
0.000000 
0.000000 
0.000000 
0.000000 
0.000000 
0.000000 
0.000000 
0.000000 
0.000000 
0.000000 
0.000000 
0.000000 
0.000000 
0.000000 
0.000000 
0.000000 
0.000000 
0.000000 
0.000000 
0.000000 
0.000000 
0.000000 
0.000000 
0.000000 
0.000000 
0.000000 
0.000000 
0.000000 
0.000000 
0.000000 
0.000000 
0.000000 
0.000000 
0.000000 
0.000000 
0.000000 
0.000000 
0.000000 
0.000000 
0.000000 
0.000000 
0.000000 
0.000000 
0.000000 
0.000000 
0.000000 
0.000000 
0.000000 
0.000000 
0.000000 
0.000000 
0.000000 
0.000000 
0.000000 
0.000000 
0.000000 
0.000000 
0.000000 
0.000000 
0.000000 
0.000000 
0.000000 
0.000000 
0.000000 
0.000000 
0.000000 
0.000000 
0.000000 
0.000000 
0.000000 
0.000000 
0.000000 
0.000000 
0.000000 
0.000000 
0.000000 
0.000000 
0.000000 
0.000000 
0.000000 
0.000000 
0.000000 
0.000000 
0.000000 
0.000000 
0.000000 
0.000000 
0.000000 
0.000000 
0.000000 
0.000000 
0.000000 
0.000000 
0.000000 
0.000000 
0.000000 
0.000000 
0.000000 
0.000000 
0.000000 
0.000000 
0.000000 
0.000000 
0.000000 
0.000000 
0.000000 
0.000000 
0.000000 
0.000000 
0.000000 
0.000000 
0.000000 
0.000000 
0.000000 
0.000000 
0.000000 
0.000000 
0.000000 
0.000000 
0.000000 
0.000000 
0.000000 
0.000000 
0.000000 
0.000000 
0.000000 
0.000000 
0.000000 
0.000000 
0.000000 
0.000000 
0.000000 
0.000000 
0.000000 
0.000000 
0.000000 
0.000000 
0.000000 
0.000000 
0.000000 
0.000000 
0.000000 
0.000000 
0.000000 
0.000000 
0.000000 
0.000000 
0.000000 
0.000000 
0.000000 
0.000000 
0.000000 
0.000000 
0.000000 
0.000000 
0.000000 
0.000000 
0.000000 
0.000000 
0.000000 
0.000000 
0.000000 
0.000000 
0.000000 
0.000000 
0.000000 
0.000000 
0.000000 
0.000000 
0.000000 
0.000000 
0.000000 
0.000000 
0.000000 
0.000000 
0.000000 
0.000000 
0.000000 
0.000000 
0.000000 
0.000000 
0.000000 
0.000000 
0.000000 
0.000000 
0.000000 
0.000000 
0.000000 
0.000000 
0.000000 
0.000000 
0.000000 
0.000000 
0.000000 
0.000000 
0.000000 
0.000000 
0.000000 
0.000000 
0.000000 
0.000000 
0.000000 
0.000000 
0.000000 
0.000000 
0.000000 
0.000000 
0.000000 
0.000000 
0.000000 
0.000000 
0.000000 
0.000000 
0.000000 
0.000000 
0.000000 
0.000000 
0.000000 
0.000000 
0.000000 
0.000000 
0.000000 
0.000000 
0.000000 
0.000000 
0.000000 
0.000000 
0.000000 
0.000000 
0.000000 
0.000000 
0.000000 
0.000000 
0.000000 
0.000000 
0.000000 
0.000000 
0.000000 
0.000000 
0.000000 
0.000000 
0.000000 
0.000000 
0.000000 
0.000000 
0.000000 
0.000000 
0.000000 
0.000000 
0.000000 
0.000000 
0.000000 
0.000000 
0.000000 
0.000000 
0.000000 
0.000000 
0.000000 
0.000000 
0.000000 
0.000000 
0.000000 
0.000000 
0.000000 
0.000000 
0.000000 
0.000000 
0.000000 
0.000000 
0.000000 
0.000000 
0.000000 
0.000000 
0.000000 
0.000000 
0.000000 
0.000000 
0.000000 
0.000000 
0.000000 
0.000000 
0.000000 
0.000000 
0.000000 
0.000000 
0.000000 
0.000000 
0.000000 
0.000000 
0.000000 
0.000000 
0.000000 
0.000000 
0.000000 
0.000000 
0.000000 
0.000000 
0.000000 
0.000000 
0.000000 
0.000000 
0.000000 
0.000000 
0.000000 
0.000000 
0.000000 
0.000000 
0.000000 
0.000000 
0.000000 
0.000000 
0.000000 
0.000000 
0.000000 
0.000000 
0.000000 
0.000000 
0.000000 
1.089748 
1.088336 
1.089386 
1.088176 
1.088512 
1.088826 
1.088132 
1.088924 
1.089527 
1.087801 
1.088277 
1.088747 
1.088515 
1.088393 
1.090475 
1.089691 
1.087821 
1.089676 
1.089060 
1.087774 
1.089562 
1.088242 
1.089141 
1.088752 
1.088857 
1.088338 
1.089604 
1.087633 
1.088829 
1.088562 
1.089270 
1.088022 
1.089500 
1.088119 
1.088961 
1.089668 
1.089296 
1.089608 
1.089353 
1.088104 
1.087801 
1.088590 
1.089590 
1.088546 
1.089007 
1.089062 
1.090270 
1.088327 
1.089266 
1.088461 
1.089008 
1.089173 
1.087698 
1.088260 
1.087766 
1.089155 
1.088568 
1.089434 
1.089011 
1.089356 
1.089425 
1.088938 
1.088557 
1.087431 
1.088687 
1.088275 
1.088790 
1.088478 
1.088462 
1.089353 
1.089004 
1.088057 
1.088927 
1.088189 
1.088544 
1.089685 
1.088570 
1.088527 
1.089090 
1.090075 
1.088192 
1.089286 
1.088342 
1.087840 
1.089371 
1.088077 
1.089624 
1.089305 
1.088081 
1.088531 
1.088425 
1.088892 
1.088779 
1.088935 
1.090011 
1.089440 
1.088476 
1.088360 
1.089168 
1.089416 
1.088780 
0.484881 
0.473795 
0.481056 
0.479166 
0.479174 
0.481561 
0.484153 
0.481061 
0.480400 
0.477457 
0.483518 
0.474646 
0.483506 
0.484566 
0.489674 
0.476679 
0.469329 
0.483970 
0.475448 
0.474609 
0.477211 
0.478675 
0.488903 
0.479194 
0.481436 
0.481997 
0.483984 
0.470335 
0.484164 
0.472279 
0.481152 
0.480410 
0.485186 
0.480073 
0.482051 
0.480712 
0.481185 
0.479478 
0.474437 
0.472917 
0.471939 
0.468271 
0.484514 
0.473449 
0.481954 
0.472554 
0.482751 
0.476896 
0.485519 
0.480887 
0.478719 
0.478292 
0.471318 
0.478856 
0.472740 
0.475159 
0.476619 
0.477442 
0.476090 
0.480450 
0.490271 
0.477451 
0.480608 
0.466299 
0.481635 
0.480585 
0.481047 
0.473945 
0.476949 
0.480124 
0.482704 
0.477999 
0.473774 
0.477754 
0.473596 
0.487594 
0.479118 
0.483343 
0.487313 
0.483341 
0.476634 
0.487326 
0.478503 
0.478173 
0.476552 
0.475521 
0.486144 
0.478843 
0.478600 
0.476133 
0.476521 
0.479460 
0.478339 
0.478083 
0.481768 
0.481046 
0.475844 
0.477282 
0.475628 
0.487043 
0.479179 
0.000000 
0.000000 
0.000000 
0.000000 
0.000000 
0.000000 
0.000000 
0.000000 
0.000000 
0.000000 
0.000000 
0.000000 
0.000000 
0.000000 
0.000000 
0.000000 
0.000000 
0.000000 
0.000000 
0.000000 
0.000000 
0.000000 
0.000000 
0.000000 
0.000000 
0.000000 
0.000000 
0.000000 
0.000000 
0.000000 
0.000000 
0.000000 
0.000000 
0.000000 
0.000000 
0.000000 
0.000000 
0.000000 
0.000000 
0.000000 
0.000000 
0.000000 
0.000000 
0.000000 
0.000000 
0.000000 
0.000000 
0.000000 
0.000000 
0.000000 
0.000000 
0.000000 
0.000000 
0.000000 
0.000000 
0.000000 
0.000000 
0.000000 
0.000000 
0.000000 
0.000000 
0.000000 
0.000000 
0.000000 
0.000000 
0.000000 
0.000000 
0.000000 
0.000000 
0.000000 
0.000000 
0.000000 
0.000000 
0.000000 
0.000000 
0.000000 
0.000000 
0.000000 
0.000000 
0.000000 
0.000000 
0.000000 
0.000000 
0.000000 
0.000000 
0.000000 
0.000000 
0.000000 
0.000000 
0.000000 
0.000000 
0.000000 
0.000000 
0.000000 
0.000000 
0.000000 
0.000000 
0.000000 
0.000000 
0.000000 
0.000000 
0.000000 
0.000000 
0.000000 
0.000000 
0.000000 
0.000000 
0.000000 
0.000000 
0.000000 
0.000000 
0.000000 
0.000000 
0.000000 
0.000000 
0.000000 
0.000000 
0.000000 
0.000000 
0.000000 
0.000000 
0.000000 
0.000000 
0.000000 
0.000000 
0.000000 
0.000000 
0.000000 
0.000000 
0.000000 
0.000000 
0.000000 
0.000000 
0.000000 
0.000000 
0.000000 
0.000000 
0.000000 
0.000000 
0.000000 
0.000000 
0.000000 
0.000000 
0.000000 
0.000000 
0.000000 
0.000000 
0.000000 
0.000000 
0.000000 
0.000000 
0.000000 
0.000000 
0.000000 
0.000000 
0.000000 
0.000000 
0.000000 
0.000000 
0.000000 
0.000000 
0.000000 
0.000000 
0.000000 
0.000000 
0.000000 
0.000000 
0.000000 
0.000000 
0.000000 
0.000000 
0.000000 
0.000000 
0.000000 
0.000000 
0.000000 
0.000000 
0.000000 
0.000000 
0.000000 
0.000000 
0.000000 
0.000000 
0.000000 
0.000000 
0.000000 
0.000000 
0.000000 
0.000000 
0.000000 
0.000000 
0.000000 
0.000000 
0.000000 
0.000000 
0.000000 
0.000000 
0.000000 
0.000000 
0.000000 
0.000000 
0.000000 
0.000000 
0.000000 
0.000000 
0.000000 
0.000000 
0.000000 
0.000000 
0.000000 
0.000000 
0.000000 
0.000000 
0.000000 
0.000000 
0.000000 
0.000000 
0.000000 
0.000000 
0.000000 
0.000000 
0.000000 
0.000000 
0.000000 
0.000000 
0.000000 
0.000000 
0.000000 
0.000000 
0.000000 
0.000000 
0.000000 
0.000000 
0.000000 
0.000000 
0.000000 
0.000000 
0.000000 
0.000000 
0.000000 
0.000000 
0.000000 
0.000000 
0.000000 
0.000000 
0.000000 
0.000000 
0.000000 
0.000000 
0.000000 
0.000000 
0.000000 
0.000000 
0.000000 
0.000000 
0.000000 
0.000000 
0.000000 
0.000000 
0.000000 
0.000000 
0.000000 
0.000000 
0.000000 
0.000000 
0.000000 
0.000000 
0.000000 
0.000000 
0.000000 
0.000000 
0.000000 
0.000000 
0.000000 
0.000000 
0.000000 
0.000000 
0.000000 
0.000000 
0.000000 
0.000000 
0.000000 
0.000000 
0.000000 
0.000000 
0.000000 
0.000000 
0.000000 
0.000000 
0.000000 
0.000000 
0.000000 
0.000000 
0.000000 
0.000000 
0.000000 
0.000000 
0.000000 
0.000000 
0.000000 
0.000000 
0.000000 
0.000000 
0.033926 
0.034818 
0.034921 
0.034927 
0.035118 
0.034505 
0.034508 
0.034536 
0.034868 
0.035392 
0.034691 
0.035439 
0.034408 
0.034790 
0.033977 
0.035607 
0.036994 
0.034314 
0.035404 
0.035660 
0.035127 
0.035663 
0.033572 
0.034894 
0.035210 
0.034570 
0.034753 
0.036262 
0.034456 
0.036085 
0.034810 
0.035145 
0.034829 
0.034862 
0.035127 
0.034494 
0.034627 
0.034881 
0.035586 
0.036084 
0.036401 
0.036624 
0.034489 
0.036252 
0.034590 
0.035949 
0.034407 
0.035623 
0.034756 
0.035174 
0.035213 
0.035389 
0.035664 
0.034826 
0.036581 
0.035919 
0.035301 
0.035210 
0.035662 
0.034833 
0.033771 
0.035811 
0.034948 
0.037426 
0.035088 
0.035822 
0.035081 
0.035659 
0.035702 
0.034902 
0.034408 
0.035204 
0.035929 
0.035309 
0.035951 
0.034471 
0.035318 
0.034614 
0.034019 
0.034529 
0.035331 
0.034127 
0.035203 
0.035310 
0.034761 
0.035330 
0.033613 
0.034993 
0.035154 
0.035459 
0.035419 
0.035455 
0.035481 
0.035320 
0.035107 
0.034799 
0.035636 
0.034830 
0.035537 
0.033694 
0.035119 
0.564441 
0.587501 
0.575126 
0.576048 
0.577746 
0.573001 
0.565608 
0.574987 
0.577763 
0.582709 
0.568864 
0.590386 
0.568258 
0.566353 
0.556479 
0.588862 
0.605356 
0.566449 
0.589080 
0.589810 
0.584449 
0.581393 
0.554064 
0.578673 
0.576137 
0.572396 
0.570673 
0.600251 
0.568735 
0.595723 
0.575357 
0.576851 
0.568808 
0.575131 
0.574467 
0.576784 
0.575537 
0.578930 
0.593077 
0.596767 
0.598731 
0.606798 
0.569130 
0.596138 
0.571811 
0.597653 
0.570260 
0.584734 
0.567286 
0.577455 
0.581532 
0.584600 
0.593898 
0.577463 
0.596583 
0.592048 
0.585042 
0.583162 
0.587962 
0.577911 
0.553360 
0.586918 
0.575213 
0.612797 
0.573564 
0.580785 
0.574684 
0.592352 
0.584358 
0.576805 
0.568695 
0.581692 
0.593926 
0.581481 
0.595732 
0.561125 
0.579526 
0.570877 
0.559228 
0.571348 
0.584767 
0.562169 
0.580211 
0.580231 
0.582714 
0.586397 
0.560608 
0.578042 
0.581033 
0.585654 
0.585712 
0.582159 
0.584414 
0.583348 
0.576929 
0.575864 
0.587305 
0.580940 
0.588216 
0.560031 
0.579638 
0.000000 
0.000000 
0.000000 
0.000000 
0.000000 
0.000000 
0.000000 
0.000000 
0.000000 
0.000000 
0.000000 
0.000000 
0.000000 
0.000000 
0.000000 
0.000000 
0.000000 
0.000000 
0.000000 
0.000000 
0.000000 
0.000000 
0.000000 
0.000000 
0.000000 
0.000000 
0.000000 
0.000000 
0.000000 
0.000000 
0.000000 
0.000000 
0.000000 
0.000000 
0.000000 
0.000000 
0.000000 
0.000000 
0.000000 
0.000000 
0.000000 
0.000000 
0.000000 
0.000000 
0.000000 
0.000000 
0.000000 
0.000000 
0.000000 
0.000000 
0.000000 
0.000000 
0.000000 
0.000000 
0.000000 
0.000000 
0.000000 
0.000000 
0.000000 
0.000000 
0.000000 
0.000000 
0.000000 
0.000000 
0.000000 
0.000000 
0.000000 
0.000000 
0.000000 
0.000000 
0.000000 
0.000000 
0.000000 
0.000000 
0.000000 
0.000000 
0.000000 
0.000000 
0.000000 
0.000000 
0.000000 
0.000000 
0.000000 
0.000000 
0.000000 
0.000000 
0.000000 
0.000000 
0.000000 
0.000000 
0.000000 
0.000000 
0.000000 
0.000000 
0.000000 
0.000000 
0.000000 
0.000000 
0.000000 
0.000000 
0.000000 
0.000000 
0.000000 
0.000000 
0.000000 
0.000000 
0.000000 
0.000000 
0.000000 
0.000000 
0.000000 
0.000000 
0.000000 
0.000000 
0.000000 
0.000000 
0.000000 
0.000000 
0.000000 
0.000000 
0.000000 
0.000000 
0.000000 
0.000000 
0.000000 
0.000000 
0.000000 
0.000000 
0.000000 
0.000000 
0.000000 
0.000000 
0.000000 
0.000000 
0.000000 
0.000000 
0.000000 
0.000000 
0.000000 
0.000000 
0.000000 
0.000000 
0.000000 
0.000000 
0.000000 
0.000000 
0.000000 
0.000000 
0.000000 
0.000000 
0.000000 
0.000000 
0.000000 
0.000000 
0.000000 
0.000000 
0.000000 
0.000000 
0.000000 
0.000000 
0.000000 
0.000000 
0.000000 
0.000000 
0.000000 
0.000000 
0.000000 
0.000000 
0.000000 
0.000000 
0.000000 
0.000000 
0.000000 
0.000000 
0.000000 
0.000000 
0.000000 
0.000000 
0.000000 
0.000000 
0.000000 
0.000000 
0.000000 
0.000000 
0.000000 
0.000000 
0.000000 
0.000000 
0.000000 
0.000000 
0.000000 
0.000000 
0.000000 
0.000000 
0.000000 
0.000000 
0.000000 
0.000000 
0.000000 
0.000000 
0.000000 
0.000000 
0.000000 
0.000000 
0.000000 
0.000000 
0.000000 
0.000000 
0.000000 
0.000000 
0.000000 
0.000000 
0.000000 
0.000000 
0.000000 
0.000000 
0.000000 
0.000000 
0.000000 
0.000000 
0.000000 
0.000000 
0.000000 
0.000000 
0.000000 
0.000000 
0.000000 
0.000000 
0.000000 
0.000000 
0.000000 
0.000000 
0.000000 
0.000000 
0.000000 
0.000000 
0.000000 
0.000000 
0.000000 
0.000000 
0.000000 
0.000000 
0.000000 
0.000000 
0.000000 
0.000000 
0.000000 
0.000000 
0.000000 
0.000000 
0.000000 
0.000000 
0.000000 
0.000000 
0.000000 
0.000000 
0.000000 
0.000000 
0.000000 
0.000000 
0.000000 
0.000000 
0.000000 
0.000000 
0.000000 
0.000000 
0.000000 
0.000000 
0.000000 
0.000000 
0.000000 
0.000000 
0.000000 
0.000000 
0.000000 
0.000000 
0.000000 
0.000000 
0.000000 
0.000000 
0.000000 
0.000000 
0.000000 
0.000000 
0.000000 
0.000000 
0.000000 
0.000000 
0.000000 
0.000000 
0.000000 
0.000000 
0.000000 
0.000000 
0.000000 
0.000000 
0.000000 
0.000000 
0.000000 
0.000000 
0.000000 
0.000000 
0.000000 
0.000000 
0.000000 
0.000000 
0.000000 
0.000000 
0.000000 
0.000000 
0.000000 
0.000000 
0.000000 
0.000000 
0.000000 
0.000000 
0.000000 
0.000000 
0.000000 
0.000000 
0.000000 
0.000000 
0.000000 
0.000000 
0.000000 
0.000000 
0.000000 
0.000000 
0.000000 
0.000000 
0.000000 
0.000000 
0.000000 
0.000000 
0.000000 
0.000000 
0.000000 
0.000000 
0.000000 
0.000000 
0.000000 
0.000000 
0.000000 
0.000000 
0.000000 
0.000000 
0.000000 
0.000000 
0.000000 
0.000000 
0.000000 
0.000000 
0.000000 
0.000000 
0.000000 
0.000000 
0.000000 
0.000000 
0.000000 
0.000000 
0.000000 
0.000000 
0.000000 
0.000000 
0.000000 
0.000000 
0.000000 
0.000000 
0.000000 
0.000000 
0.000000 
0.000000 
0.000000 
0.000000 
0.000000 
0.000000 
0.000000 
0.000000 
0.000000 
0.000000 
0.000000 
0.000000 
0.000000 
0.000000 
0.000000 
0.000000 
0.000000 
0.000000 
0.000000 
0.000000 
0.000000 
0.000000 
0.000000 
0.000000 
0.000000 
0.000000 
0.000000 
0.000000 
0.000000 
0.000000 
0.000000 
0.000000 
0.000000 
0.000000 
0.000000 
0.000000 
0.000000 
0.000000 
0.000000 
0.000000 
0.000000 
0.000000 
0.000000 
0.000000 
0.000000 
0.000000 
0.000000 
0.000000 
0.000000 
0.000000 
0.000000 
0.000000 
0.000000 
0.000000 
0.000000 
0.000000 
0.000000 
0.000000 
0.000000 
0.000000 
0.000000 
0.000000 
0.000000 
0.000000 
0.000000 
0.000000 
0.000000 
0.000000 
0.000000 
0.000000 
0.000000 
0.000000 
0.000000 
0.000000 
0.000000 
0.000000 
0.000000 
0.000000 
0.000000 
0.000000 
0.000000 
0.000000 
0.000000 
0.000000 
0.000000 
0.000000 
0.000000 
0.000000 
0.000000 
0.000000 
0.000000 
0.000000 
0.000000 
0.000000 
0.000000 
0.000000 
0.000000 
0.000000 
0.000000 
0.000000 
0.000000 
0.000000 
0.000000 
0.000000 
0.000000 
0.000000 
0.000000 
0.000000 
0.000000 
0.000000 
0.000000 
0.000000 
0.000000 
0.000000 
0.000000 
0.000000 
0.000000 
0.000000 
0.000000 
0.000000 
0.000000 
0.000000 
0.000000 
0.000000 
0.000000 
0.000000 
0.000000 
0.000000 
0.000000 
0.000000 
0.000000 
0.000000 
0.000000 
0.000000 
0.000000 
0.645062 
0.664354 
0.657585 
0.652298 
0.659878 
0.655076 
0.648349 
0.657862 
0.660293 
0.663980 
0.653200 
0.670340 
0.649811 
0.647283 
0.641132 
0.670586 
0.683511 
0.647791 
0.667316 
0.668774 
0.665361 
0.659940 
0.638005 
0.659021 
0.658007 
0.653955 
0.653745 
0.677761 
0.650986 
0.674277 
0.658898 
0.658958 
0.649687 
0.651267 
0.658662 
0.652548 
0.657063 
0.659514 
0.675235 
0.674951 
0.680055 
0.683682 
0.654632 
0.677134 
0.652333 
0.673544 
0.653057 
0.666316 
0.651455 
0.658611 
0.662824 
0.665527 
0.672822 
0.656844 
0.674624 
0.671961 
0.662216 
0.664447 
0.669389 
0.658677 
0.639281 
0.664626 
0.657007 
0.687158 
0.654376 
0.664301 
0.656323 
0.672304 
0.662262 
0.656037 
0.649352 
0.663345 
0.673171 
0.660495 
0.671381 
0.646460 
0.661946 
0.651143 
0.640811 
0.655872 
0.666186 
0.646408 
0.662578 
0.659711 
0.659857 
0.664516 
0.641755 
0.659935 
0.659039 
0.667678 
0.661911 
0.662663 
0.668472 
0.664659 
0.660603 
0.655437 
0.665698 
0.658001 
0.663420 
0.641686 
0.660159 
-0.028989 
-0.029324 
-0.030393 
-0.029261 
-0.029951 
-0.029972 
-0.029308 
-0.030125 
-0.030539 
-0.030234 
-0.030095 
-0.030540 
-0.029212 
-0.029535 
-0.029659 
-0.031966 
-0.031635 
-0.028967 
-0.030189 
-0.030326 
-0.030128 
-0.030291 
-0.028382 
-0.029727 
-0.030185 
-0.029423 
-0.030049 
-0.031126 
-0.030017 
-0.030635 
-0.030402 
-0.029966 
-0.029962 
-0.029127 
-0.031233 
-0.029226 
-0.029459 
-0.029963 
-0.031614 
-0.031116 
-0.031570 
-0.031428 
-0.030670 
-0.031489 
-0.029374 
-0.030999 
-0.029568 
-0.030435 
-0.030188 
-0.030266 
-0.030321 
-0.030616 
-0.030129 
-0.029232 
-0.031558 
-0.030903 
-0.029903 
-0.030616 
-0.030929 
-0.030231 
-0.029569 
-0.030871 
-0.029983 
-0.031874 
-0.029575 
-0.031024 
-0.030326 
-0.030574 
-0.029901 
-0.029992 
-0.028786 
-0.029804 
-0.031040 
-0.030150 
-0.030578 
-0.029813 
-0.030241 
-0.029634 
-0.028819 
-0.029860 
-0.030284 
-0.029393 
-0.030152 
-0.029844 
-0.029160 
-0.030153 
-0.028709 
-0.029659 
-0.029914 
-0.030543 
-0.030232 
-0.030553 
-0.030961 
-0.031241 
-0.030692 
-0.030652 
-0.030313 
-0.028905 
-0.029775 
-0.029170 
-0.030094 
0.000000 
0.000000 
0.000000 
0.000000 
0.000000 
0.000000 
0.000000 
0.000000 
0.000000 
0.000000 
0.000000 
0.000000 
0.000000 
0.000000 
0.000000 
0.000000 
0.000000 
0.000000 
0.000000 
0.000000 
0.000000 
0.000000 
0.000000 
0.000000 
0.000000 
0.000000 
0.000000 
0.000000 
0.000000 
0.000000 
0.000000 
0.000000 
0.000000 
0.000000 
0.000000 
0.000000 
0.000000 
0.000000 
0.000000 
0.000000 
0.000000 
0.000000 
0.000000 
0.000000 
0.000000 
0.000000 
0.000000 
0.000000 
0.000000 
0.000000 
0.000000 
0.000000 
0.000000 
0.000000 
0.000000 
0.000000 
0.000000 
0.000000 
0.000000 
0.000000 
0.000000 
0.000000 
0.000000 
0.000000 
0.000000 
0.000000 
0.000000 
0.000000 
0.000000 
0.000000 
0.000000 
0.000000 
0.000000 
0.000000 
0.000000 
0.000000 
0.000000 
0.000000 
0.000000 
0.000000 
0.000000 
0.000000 
0.000000 
0.000000 
0.000000 
0.000000 
0.000000 
0.000000 
0.000000 
0.000000 
0.000000 
0.000000 
0.000000 
0.000000 
0.000000 
0.000000 
0.000000 
0.000000 
0.000000 
0.000000 
0.000000 
0.000000 
0.000000 
0.000000 
0.000000 
0.000000 
0.000000 
0.000000 
0.000000 
0.000000 
0.000000 
0.000000 
0.000000 
0.000000 
0.000000 
0.000000 
0.000000 
0.000000 
0.000000 
0.000000 
0.000000 
0.000000 
0.000000 
0.000000 
0.000000 
0.000000 
0.000000 
0.000000 
0.000000 
0.000000 
0.000000 
0.000000 
0.000000 
0.000000 
0.000000 
0.000000 
0.000000 
0.000000 
0.000000 
0.000000 
0.000000 
0.000000 
0.000000 
0.000000 
0.000000 
0.000000 
0.000000 
0.000000 
0.000000 
0.000000 
0.000000 
0.000000 
0.000000 
0.000000 
0.000000 
0.000000 
0.000000 
0.000000 
0.000000 
0.000000 
0.000000 
0.000000 
0.000000 
0.000000 
0.000000 
0.000000 
0.000000 
0.000000 
0.000000 
0.000000 
0.000000 
0.000000 
0.000000 
0.000000 
0.000000 
0.000000 
0.000000 
0.000000 
0.000000 
0.000000 
0.000000 
0.000000 
0.000000 
0.000000 
0.000000 
0.000000 
0.000000 
0.000000 
0.000000 
0.000000 
0.000000 
0.000000 
0.000000 
0.000000 
0.000000 
0.000000 
0.000000 
0.000000 
0.000000 
0.000000 
0.000000 
0.000000 
0.000000 
0.000000 
0.000000 
0.000000 
0.000000 
0.000000 
0.000000 
0.000000 
0.000000 
0.000000 
0.000000 
0.000000 
0.000000 
0.000000 
0.000000 
0.000000 
0.000000 
0.000000 
0.000000 
0.000000 
0.000000 
0.000000 
0.000000 
0.000000 
0.000000 
0.000000 
0.000000 
0.000000 
0.000000 
0.000000 
0.000000 
0.000000 
0.000000 
0.000000 
0.000000 
0.000000 
0.000000 
0.000000 
0.000000 
0.000000 
0.000000 
0.000000 
0.000000 
0.000000 
0.000000 
0.000000 
0.000000 
0.000000 
0.000000 
0.000000 
0.000000 
0.000000 
0.000000 
0.000000 
0.000000 
0.000000 
0.000000 
0.000000 
0.000000 
0.000000 
0.000000 
0.000000 
0.000000 
0.000000 
0.000000 
0.000000 
0.000000 
0.000000 
0.000000 
0.000000 
0.000000 
0.000000 
0.000000 
0.000000 
0.000000 
0.000000 
0.000000 
0.000000 
0.000000 
0.000000 
0.000000 
0.000000 
0.000000 
0.000000 
0.000000 
0.000000 
0.000000 
0.000000 
0.000000 
0.000000 
0.000000 
0.000000 
0.000000 
0.000000 
0.000000 
0.000000 
0.000000 
0.000000 
0.000000 
0.000000 
0.000000 
-0.454941 
-0.444971 
-0.448625 
-0.450615 
-0.449775 
-0.448178 
-0.451343 
-0.448957 
-0.447543 
-0.445202 
-0.449113 
-0.443556 
-0.451455 
-0.452115 
-0.456573 
-0.442897 
-0.436936 
-0.455539 
-0.445843 
-0.443504 
-0.447171 
-0.447005 
-0.458122 
-0.449498 
-0.449317 
-0.449190 
-0.450902 
-0.439709 
-0.450178 
-0.442952 
-0.447591 
-0.446517 
-0.451669 
-0.450283 
-0.446921 
-0.453590 
-0.449630 
-0.449280 
-0.441088 
-0.441518 
-0.437973 
-0.439482 
-0.449703 
-0.441505 
-0.450153 
-0.444731 
-0.453171 
-0.445154 
-0.451546 
-0.446865 
-0.447558 
-0.445522 
-0.442754 
-0.449373 
-0.441943 
-0.444616 
-0.445583 
-0.446455 
-0.443925 
-0.447818 
-0.455749 
-0.446040 
-0.448933 
-0.435787 
-0.449784 
-0.445534 
-0.448747 
-0.441672 
-0.448178 
-0.449327 
-0.452308 
-0.446001 
-0.442486 
-0.448097 
-0.443533 
-0.454673 
-0.447776 
-0.449942 
-0.454761 
-0.451283 
-0.443112 
-0.454260 
-0.446497 
-0.446503 
-0.450423 
-0.444824 
-0.454512 
-0.448090 
-0.447593 
-0.445574 
-0.447874 
-0.446315 
-0.444014 
-0.445266 
-0.448586 
-0.448323 
-0.445642 
-0.449713 
-0.446977 
-0.454184 
-0.447631 
1.217709 
1.210702 
1.208296 
1.214261 
1.215427 
1.204636 
1.208496 
1.208737 
1.206619 
1.205653 
1.204596 
1.206507 
1.210353 
1.208667 
1.213117 
1.199967 
1.197020 
1.221388 
1.209887 
1.205533 
1.210865 
1.206072 
1.219176 
1.213781 
1.207323 
1.206526 
1.208505 
1.201793 
1.204792 
1.208346 
1.205365 
1.203589 
1.205853 
1.212384 
1.200778 
1.218817 
1.210217 
1.212401 
1.200247 
1.201903 
1.196476 
1.205180 
1.205150 
1.202885 
1.210254 
1.210762 
1.218361 
1.206442 
1.206670 
1.201372 
1.209808 
1.204038 
1.210838 
1.213378 
1.204179 
1.207738 
1.206153 
1.208851 
1.204625 
1.205747 
1.210224 
1.206029 
1.210153 
1.197005 
1.208660 
1.200279 
1.206800 
1.202075 
1.213636 
1.210351 
1.214758 
1.207234 
1.203474 
1.211006 
1.204654 
1.212724 
1.209212 
1.204470 
1.211858 
1.211330 
1.201721 
1.210932 
1.207496 
1.206689 
1.221493 
1.206323 
1.213753 
1.211898 
1.207148 
1.210199 
1.211380 
1.202975 
1.201638 
1.203040 
1.207084 
1.205100 
1.207980 
1.217245 
1.211064 
1.210189 
1.208017 
