0.889104 
0.887165 
0.890405 
0.890900 
0.889855 
0.889871 
0.887184 
0.889885 
0.889546 
0.887538 
0.890306 
0.890601 
0.891296 
0.890201 
0.891041 
0.890185 
0.889892 
0.890182 
0.886107 
0.891380 
0.890385 
0.887822 
0.890609 
0.890758 
0.891004 
0.890454 
0.888033 
0.888673 
0.889894 
0.890909 
0.888670 
0.889907 
0.890874 
0.890629 
0.890384 
0.889836 
0.891245 
0.890654 
0.889340 
0.889918 
0.888498 
0.889450 
0.887193 
0.890697 
0.890652 
0.891210 
0.889224 
0.888979 
0.890122 
0.891202 
0.888184 
0.890969 
0.890080 
0.889323 
0.891411 
0.891047 
0.891985 
0.889557 
0.891614 
0.888517 
0.889477 
0.885696 
0.889784 
0.890076 
0.890157 
0.890661 
0.890409 
0.891953 
0.889352 
0.887930 
0.888785 
0.889012 
0.888593 
0.890579 
0.888278 
0.892008 
0.890034 
0.891496 
0.888003 
0.888674 
0.892861 
0.888626 
0.889285 
0.891452 
0.889667 
0.890270 
0.888211 
0.889403 
0.888273 
0.889479 
0.890461 
0.888390 
0.889956 
0.890473 
0.891055 
0.892559 
0.890639 
0.887810 
0.889469 
0.890343 
0.889888 
-0.008036 
-0.007499 
-0.008350 
-0.008800 
-0.008241 
-0.008245 
-0.007316 
-0.007883 
-0.007979 
-0.007885 
-0.008524 
-0.008606 
-0.008571 
-0.008668 
-0.008648 
-0.008083 
-0.008359 
-0.008385 
-0.008230 
-0.008789 
-0.007997 
-0.007702 
-0.008119 
-0.008221 
-0.008347 
-0.008213 
-0.007766 
-0.008112 
-0.008284 
-0.008734 
-0.007983 
-0.008029 
-0.008432 
-0.009101 
-0.008112 
-0.007924 
-0.008764 
-0.007789 
-0.008426 
-0.007814 
-0.008175 
-0.008218 
-0.007708 
-0.008160 
-0.008468 
-0.008711 
-0.008303 
-0.008635 
-0.008827 
-0.008699 
-0.007813 
-0.008241 
-0.008171 
-0.007868 
-0.008669 
-0.008683 
-0.008368 
-0.008563 
-0.009015 
-0.008097 
-0.008623 
-0.008241 
-0.008542 
-0.008644 
-0.008719 
-0.008227 
-0.008352 
-0.008437 
-0.007979 
-0.008089 
-0.007811 
-0.008028 
-0.007681 
-0.008336 
-0.007862 
-0.009022 
-0.008097 
-0.008357 
-0.008076 
-0.007798 
-0.009493 
-0.007954 
-0.007845 
-0.008496 
-0.008592 
-0.008555 
-0.007778 
-0.008156 
-0.008337 
-0.008072 
-0.008598 
-0.007957 
-0.008437 
-0.008451 
-0.008772 
-0.008571 
-0.008734 
-0.008196 
-0.008215 
-0.008358 
-0.008257 
-0.003340 
-0.003123 
-0.003440 
-0.003699 
-0.003415 
-0.003294 
-0.002960 
-0.003214 
-0.003310 
-0.003282 
-0.003437 
-0.003504 
-0.003476 
-0.003656 
-0.003467 
-0.003362 
-0.003559 
-0.003442 
-0.003531 
-0.003536 
-0.003292 
-0.003241 
-0.003263 
-0.003351 
-0.003438 
-0.003412 
-0.003269 
-0.003409 
-0.003315 
-0.003675 
-0.003286 
-0.003376 
-0.003473 
-0.003791 
-0.003366 
-0.003219 
-0.003663 
-0.003200 
-0.003463 
-0.003167 
-0.003384 
-0.003402 
-0.003319 
-0.003302 
-0.003494 
-0.003607 
-0.003403 
-0.003631 
-0.003632 
-0.003569 
-0.003218 
-0.003388 
-0.003395 
-0.003256 
-0.003605 
-0.003549 
-0.003352 
-0.003538 
-0.003638 
-0.003353 
-0.003555 
-0.003619 
-0.003491 
-0.003578 
-0.003636 
-0.003383 
-0.003475 
-0.003409 
-0.003261 
-0.003386 
-0.003261 
-0.003342 
-0.003209 
-0.003505 
-0.003280 
-0.003671 
-0.003234 
-0.003426 
-0.003357 
-0.003176 
-0.004003 
-0.003333 
-0.003256 
-0.003489 
-0.003658 
-0.003575 
-0.003258 
-0.003438 
-0.003538 
-0.003343 
-0.003522 
-0.003329 
-0.003534 
-0.003475 
-0.003574 
-0.003650 
-0.003638 
-0.003441 
-0.003425 
-0.003490 
-0.003404 
0.000482 
0.000476 
0.000534 
0.000625 
0.000528 
0.000512 
0.000487 
0.000476 
0.000536 
0.000482 
0.000536 
0.000565 
0.000598 
0.000498 
0.000509 
0.000504 
0.000535 
0.000482 
0.000451 
0.000624 
0.000529 
0.000452 
0.000547 
0.000559 
0.000530 
0.000561 
0.000478 
0.000488 
0.000518 
0.000541 
0.000473 
0.000565 
0.000511 
0.000535 
0.000580 
0.000471 
0.000513 
0.000522 
0.000537 
0.000536 
0.000493 
0.000517 
0.000467 
0.000533 
0.000568 
0.000507 
0.000565 
0.000514 
0.000511 
0.000515 
0.000448 
0.000503 
0.000558 
0.000533 
0.000628 
0.000567 
0.000609 
0.000527 
0.000545 
0.000460 
0.000510 
0.000451 
0.000443 
0.000536 
0.000596 
0.000552 
0.000520 
0.000594 
0.000498 
0.000459 
0.000497 
0.000443 
0.000483 
0.000505 
0.000475 
0.000566 
0.000540 
0.000561 
0.000485 
0.000517 
0.000636 
0.000470 
0.000491 
0.000569 
0.000516 
0.000515 
0.000461 
0.000529 
0.000506 
0.000511 
0.000563 
0.000505 
0.000484 
0.000544 
0.000547 
0.000616 
0.000542 
0.000479 
0.000486 
0.000565 
0.000520 
0.000025 
0.000039 
0.000024 
-0.000001 
0.000023 
0.000017 
0.000046 
0.000026 
0.000009 
0.000015 
0.000019 
0.000004 
0.000002 
0.000026 
0.000021 
0.000027 
0.000004 
0.000025 
0.000018 
0.000006 
0.000016 
0.000019 
0.000026 
0.000001 
-0.000001 
0.000017 
0.000015 
0.000018 
0.000030 
0.000038 
0.000038 
0.000011 
0.000018 
0.000004 
0.000012 
0.000028 
0.000044 
0.000036 
0.000025 
0.000023 
0.000025 
0.000024 
0.000030 
0.000008 
0.000013 
0.000051 
0.000022 
0.000025 
0.000008 
0.000035 
0.000031 
0.000031 
0.000005 
0.000007 
0.000009 
0.000012 
0.000008 
0.000020 
0.000035 
0.000029 
0.000025 
-0.000016 
0.000036 
0.000012 
0.000020 
0.000017 
0.000027 
0.000012 
0.000023 
0.000034 
0.000019 
0.000032 
0.000037 
0.000021 
0.000020 
0.000014 
0.000007 
0.000028 
0.000033 
0.000014 
0.000033 
0.000028 
0.000013 
0.000018 
0.000025 
0.000027 
0.000036 
0.000018 
0.000024 
0.000020 
0.000015 
0.000012 
0.000025 
0.000014 
0.000012 
0.000025 
0.000050 
0.000021 
0.000016 
0.000027 
0.000020 
-0.005789 
-0.005362 
-0.006045 
-0.006302 
-0.005946 
-0.005965 
-0.005174 
-0.005703 
-0.005746 
-0.005595 
-0.006125 
-0.006158 
-0.006188 
-0.006192 
-0.006237 
-0.005808 
-0.005979 
-0.006031 
-0.005848 
-0.006354 
-0.005820 
-0.005521 
-0.005842 
-0.005888 
-0.005935 
-0.005893 
-0.005554 
-0.005823 
-0.005897 
-0.006222 
-0.005708 
-0.005780 
-0.006012 
-0.006544 
-0.005813 
-0.005654 
-0.006265 
-0.005656 
-0.006086 
-0.005640 
-0.005857 
-0.005866 
-0.005504 
-0.005874 
-0.006074 
-0.006234 
-0.005997 
-0.006176 
-0.006327 
-0.006244 
-0.005577 
-0.005952 
-0.005838 
-0.005660 
-0.006256 
-0.006218 
-0.006079 
-0.006179 
-0.006514 
-0.005795 
-0.006173 
-0.005752 
-0.006098 
-0.006176 
-0.006269 
-0.005916 
-0.006011 
-0.006101 
-0.005750 
-0.005760 
-0.005585 
-0.005732 
-0.005479 
-0.005967 
-0.005656 
-0.006481 
-0.005859 
-0.006019 
-0.005786 
-0.005621 
-0.006797 
-0.005669 
-0.005672 
-0.006077 
-0.006157 
-0.006074 
-0.005537 
-0.005875 
-0.005922 
-0.005756 
-0.006192 
-0.005718 
-0.006026 
-0.006117 
-0.006308 
-0.006178 
-0.006268 
-0.005838 
-0.005861 
-0.005925 
-0.005924 
1.101631 
1.102621 
1.101382 
1.101457 
1.101391 
1.101238 
1.102867 
1.101573 
1.101567 
1.102846 
1.101517 
1.101467 
1.101037 
1.101448 
1.101019 
1.101550 
1.101324 
1.101235 
1.103172 
1.101093 
1.101222 
1.102601 
1.101145 
1.101080 
1.100814 
1.101357 
1.102372 
1.102480 
1.101424 
1.101079 
1.101919 
1.101641 
1.101084 
1.101078 
1.101777 
1.101498 
1.100684 
1.101164 
1.101784 
1.101775 
1.102503 
1.101705 
1.102975 
1.100870 
1.101255 
1.101383 
1.101910 
1.101880 
1.101720 
1.100797 
1.102021 
1.101146 
1.101721 
1.102086 
1.101314 
1.100887 
1.100667 
1.102075 
1.100828 
1.101863 
1.101651 
1.103672 
1.101367 
1.101639 
1.101544 
1.101297 
1.101603 
1.100764 
1.101919 
1.102452 
1.101929 
1.101773 
1.102223 
1.101462 
1.102394 
1.100538 
1.101358 
1.101088 
1.102514 
1.102194 
1.100758 
1.102095 
1.101817 
1.101255 
1.101915 
1.101469 
1.102164 
1.101969 
1.102290 
1.101513 
1.101540 
1.102142 
1.101388 
1.101190 
1.100760 
1.100363 
1.101328 
1.102506 
1.101765 
1.101477 
1.101529 
0.530179 
0.532201 
0.529375 
0.529841 
0.529629 
0.529159 
0.533489 
0.529559 
0.530271 
0.531884 
0.529220 
0.530087 
0.529407 
0.530080 
0.528541 
0.529237 
0.528370 
0.528135 
0.535287 
0.529083 
0.530645 
0.532030 
0.528467 
0.528923 
0.527582 
0.529839 
0.531378 
0.531935 
0.528813 
0.529194 
0.531408 
0.530855 
0.528213 
0.529228 
0.531001 
0.529600 
0.529439 
0.529149 
0.531743 
0.529917 
0.532198 
0.530302 
0.533368 
0.527609 
0.529554 
0.529330 
0.531171 
0.531449 
0.531211 
0.528950 
0.530030 
0.529188 
0.531078 
0.531474 
0.530248 
0.528727 
0.528938 
0.530753 
0.529309 
0.530137 
0.530446 
0.533740 
0.529920 
0.529961 
0.531330 
0.529932 
0.529902 
0.529547 
0.530511 
0.531200 
0.530095 
0.530242 
0.530380 
0.529623 
0.531135 
0.527869 
0.529749 
0.529344 
0.530921 
0.530768 
0.529946 
0.530800 
0.530208 
0.528806 
0.530708 
0.528896 
0.530874 
0.531855 
0.531208 
0.528581 
0.529953 
0.530782 
0.529088 
0.527780 
0.528564 
0.528551 
0.529511 
0.531856 
0.529077 
0.530312 
0.529874 
-0.007503 
-0.009869 
-0.011747 
-0.013416 
-0.009512 
-0.008741 
-0.011330 
-0.006753 
-0.009700 
-0.010258 
-0.008246 
-0.010426 
-0.011460 
-0.009636 
-0.006439 
-0.008811 
-0.009119 
-0.008334 
-0.011161 
-0.010794 
-0.009455 
-0.010867 
-0.010702 
-0.010244 
-0.007300 
-0.012181 
-0.010146 
-0.009713 
-0.009483 
-0.011237 
-0.009357 
-0.012439 
-0.008187 
-0.008774 
-0.014776 
-0.008020 
-0.008314 
-0.010509 
-0.010980 
-0.010225 
-0.011716 
-0.010943 
-0.011337 
-0.008367 
-0.012101 
-0.009582 
-0.013593 
-0.010931 
-0.008180 
-0.008477 
-0.007175 
-0.008510 
-0.011355 
-0.010728 
-0.012105 
-0.010339 
-0.011234 
-0.009270 
-0.010611 
-0.008611 
-0.009886 
-0.008189 
-0.005882 
-0.009946 
-0.013880 
-0.010773 
-0.009976 
-0.011652 
-0.010871 
-0.009322 
-0.011387 
-0.006768 
-0.008972 
-0.007908 
-0.010556 
-0.009525 
-0.010834 
-0.010481 
-0.009552 
-0.010812 
-0.013635 
-0.009005 
-0.009285 
-0.009586 
-0.010897 
-0.008045 
-0.008779 
-0.012040 
-0.010537 
-0.009779 
-0.009912 
-0.010666 
-0.008418 
-0.009090 
-0.006897 
-0.012091 
-0.012625 
-0.009588 
-0.008740 
-0.011659 
-0.009846 
-0.000065 
0.000173 
0.000279 
0.000389 
-0.000288 
0.000074 
0.000474 
-0.000201 
-0.000223 
0.000088 
0.000067 
0.000084 
0.000004 
0.000007 
-0.000084 
-0.000056 
0.000184 
0.000004 
-0.000562 
0.000453 
-0.000189 
0.000513 
0.000176 
0.000002 
-0.000035 
0.000075 
0.000037 
0.000174 
0.000162 
0.000860 
0.000042 
0.000181 
-0.000114 
0.000374 
0.000434 
0.000255 
0.000125 
0.000473 
0.000081 
0.000276 
0.000458 
0.000192 
0.000106 
-0.000058 
0.000466 
0.000219 
0.000253 
0.000056 
-0.000014 
0.000208 
0.000206 
0.000157 
0.000092 
-0.000320 
-0.000144 
0.000093 
0.000331 
-0.000071 
0.000058 
-0.000074 
-0.000106 
-0.000272 
-0.000006 
-0.000116 
0.000203 
0.000084 
0.000339 
0.000262 
0.000045 
-0.000079 
0.000357 
0.000087 
0.000104 
0.000105 
0.000417 
-0.000324 
0.000501 
0.000237 
0.000004 
-0.000043 
0.000747 
0.000017 
0.000121 
0.000280 
0.000174 
0.000278 
0.000005 
0.000133 
0.000036 
0.000269 
-0.000020 
0.000121 
0.000510 
0.000032 
0.000204 
0.000158 
0.000675 
0.000208 
-0.000018 
0.000319 
0.000140 
0.000368 
0.000285 
0.000415 
0.000421 
0.000349 
0.000404 
0.000302 
0.000384 
0.000352 
0.000345 
0.000376 
0.000429 
0.000466 
0.000400 
0.000429 
0.000324 
0.000363 
0.000384 
0.000330 
0.000458 
0.000325 
0.000336 
0.000361 
0.000371 
0.000378 
0.000394 
0.000347 
0.000360 
0.000376 
0.000387 
0.000411 
0.000348 
0.000380 
0.000452 
0.000369 
0.000343 
0.000378 
0.000368 
0.000369 
0.000362 
0.000372 
0.000382 
0.000337 
0.000410 
0.000391 
0.000404 
0.000396 
0.000373 
0.000442 
0.000406 
0.000332 
0.000404 
0.000350 
0.000367 
0.000445 
0.000422 
0.000416 
0.000403 
0.000515 
0.000398 
0.000391 
0.000323 
0.000418 
0.000396 
0.000412 
0.000383 
0.000361 
0.000422 
0.000381 
0.000352 
0.000337 
0.000400 
0.000303 
0.000409 
0.000333 
0.000452 
0.000413 
0.000359 
0.000346 
0.000360 
0.000430 
0.000328 
0.000388 
0.000398 
0.000389 
0.000378 
0.000352 
0.000392 
0.000322 
0.000374 
0.000395 
0.000347 
0.000385 
0.000431 
0.000445 
0.000394 
0.000451 
0.000340 
0.000399 
0.000361 
0.000385 
0.047308 
0.048583 
0.046505 
0.046179 
0.046946 
0.046795 
0.048115 
0.046979 
0.046947 
0.048386 
0.046842 
0.046432 
0.045910 
0.046650 
0.046319 
0.046785 
0.047080 
0.046989 
0.048996 
0.046215 
0.046245 
0.048088 
0.046418 
0.046466 
0.046366 
0.046529 
0.048037 
0.047583 
0.046976 
0.046375 
0.047556 
0.046601 
0.046392 
0.046570 
0.046359 
0.046886 
0.046001 
0.046582 
0.046899 
0.047111 
0.047725 
0.047106 
0.048380 
0.046596 
0.046296 
0.046258 
0.047085 
0.047373 
0.046610 
0.045949 
0.048159 
0.046301 
0.046668 
0.047188 
0.046185 
0.046090 
0.045468 
0.047162 
0.045743 
0.047665 
0.047060 
0.049367 
0.046889 
0.046912 
0.046385 
0.046254 
0.046590 
0.045496 
0.047171 
0.048162 
0.047739 
0.047580 
0.048093 
0.046779 
0.047999 
0.045677 
0.046536 
0.045850 
0.048346 
0.047620 
0.044748 
0.047747 
0.047338 
0.046149 
0.046952 
0.047021 
0.047956 
0.047057 
0.047808 
0.047529 
0.046551 
0.047916 
0.046999 
0.046938 
0.046208 
0.045171 
0.046268 
0.048207 
0.047503 
0.046596 
0.046910 
0.595664 
0.601473 
0.591540 
0.588663 
0.593771 
0.593155 
0.598303 
0.593943 
0.593416 
0.601325 
0.593492 
0.589489 
0.586395 
0.591278 
0.590468 
0.593776 
0.597282 
0.596087 
0.599713 
0.588435 
0.587669 
0.598668 
0.591776 
0.591307 
0.593030 
0.590560 
0.599669 
0.595818 
0.595261 
0.589980 
0.595487 
0.590546 
0.592623 
0.590732 
0.587989 
0.593833 
0.586533 
0.591127 
0.590664 
0.593804 
0.595785 
0.594090 
0.599731 
0.594162 
0.589249 
0.589847 
0.592843 
0.594210 
0.588821 
0.587519 
0.601947 
0.589762 
0.589669 
0.593231 
0.586677 
0.589593 
0.584373 
0.594014 
0.585136 
0.598599 
0.594570 
0.607345 
0.593644 
0.592700 
0.587611 
0.588594 
0.591182 
0.583172 
0.594603 
0.599884 
0.598466 
0.597052 
0.600233 
0.591536 
0.599725 
0.587437 
0.591248 
0.586371 
0.602750 
0.597412 
0.578503 
0.598347 
0.595848 
0.589082 
0.592717 
0.594450 
0.599590 
0.591275 
0.598465 
0.598972 
0.590806 
0.598568 
0.594725 
0.596024 
0.589874 
0.583569 
0.589989 
0.600650 
0.598145 
0.589873 
0.593143 
0.019650 
0.027120 
0.031220 
0.034850 
0.026248 
0.022499 
0.029621 
0.017612 
0.026219 
0.028215 
0.021289 
0.028387 
0.030601 
0.025818 
0.016177 
0.023606 
0.023527 
0.021855 
0.032178 
0.027150 
0.026010 
0.028343 
0.027850 
0.026668 
0.018176 
0.032607 
0.028233 
0.025805 
0.024858 
0.027218 
0.025137 
0.033279 
0.020847 
0.021688 
0.039732 
0.020523 
0.020897 
0.026832 
0.029176 
0.027073 
0.031386 
0.029428 
0.031933 
0.021371 
0.030707 
0.024940 
0.037161 
0.030407 
0.021275 
0.020923 
0.017841 
0.021434 
0.030504 
0.029570 
0.032289 
0.027875 
0.028495 
0.025211 
0.028312 
0.023325 
0.027462 
0.021249 
0.013482 
0.027111 
0.037465 
0.028898 
0.026285 
0.031243 
0.029485 
0.025463 
0.030508 
0.016991 
0.023403 
0.019743 
0.027376 
0.024196 
0.028572 
0.027049 
0.026106 
0.030673 
0.034434 
0.023544 
0.025069 
0.024285 
0.029467 
0.019299 
0.022736 
0.032867 
0.028240 
0.024660 
0.026118 
0.029248 
0.020799 
0.023108 
0.017112 
0.031389 
0.032669 
0.024768 
0.023206 
0.030850 
0.025912 
-0.001291 
-0.001796 
-0.002001 
-0.002211 
-0.001721 
-0.001462 
-0.001947 
-0.001165 
-0.001725 
-0.001867 
-0.001384 
-0.001843 
-0.001973 
-0.001664 
-0.001070 
-0.001524 
-0.001520 
-0.001411 
-0.002195 
-0.001725 
-0.001682 
-0.001851 
-0.001784 
-0.001705 
-0.001176 
-0.002106 
-0.001861 
-0.001691 
-0.001618 
-0.001716 
-0.001645 
-0.002144 
-0.001343 
-0.001382 
-0.002549 
-0.001330 
-0.001335 
-0.001712 
-0.001896 
-0.001758 
-0.002051 
-0.001910 
-0.002111 
-0.001377 
-0.001955 
-0.001591 
-0.002423 
-0.001987 
-0.001397 
-0.001339 
-0.001167 
-0.001375 
-0.001993 
-0.001944 
-0.002057 
-0.001769 
-0.001789 
-0.001642 
-0.001811 
-0.001532 
-0.001784 
-0.001429 
-0.000892 
-0.001776 
-0.002404 
-0.001861 
-0.001699 
-0.001974 
-0.001926 
-0.001686 
-0.001988 
-0.001107 
-0.001544 
-0.001281 
-0.001787 
-0.001540 
-0.001831 
-0.001718 
-0.001725 
-0.002013 
-0.002125 
-0.001550 
-0.001633 
-0.001549 
-0.001914 
-0.001234 
-0.001497 
-0.002144 
-0.001857 
-0.001599 
-0.001684 
-0.001921 
-0.001344 
-0.001505 
-0.001105 
-0.001953 
-0.002075 
-0.001624 
-0.001512 
-0.001981 
-0.001678 
0.000066 
0.000045 
0.000080 
0.000115 
0.000081 
0.000082 
0.000059 
0.000093 
0.000102 
0.000061 
0.000059 
0.000077 
0.000092 
0.000085 
0.000105 
0.000078 
0.000053 
0.000093 
0.000081 
0.000107 
0.000070 
0.000067 
0.000097 
0.000081 
0.000070 
0.000089 
0.000066 
0.000065 
0.000087 
0.000110 
0.000076 
0.000101 
0.000096 
0.000095 
0.000112 
0.000062 
0.000090 
0.000103 
0.000087 
0.000082 
0.000082 
0.000081 
0.000073 
0.000083 
0.000090 
0.000093 
0.000082 
0.000063 
0.000089 
0.000082 
0.000077 
0.000092 
0.000105 
0.000061 
0.000105 
0.000102 
0.000119 
0.000076 
0.000085 
0.000080 
0.000099 
0.000026 
0.000076 
0.000087 
0.000116 
0.000081 
0.000077 
0.000089 
0.000091 
0.000094 
0.000061 
0.000077 
0.000073 
0.000090 
0.000058 
0.000102 
0.000088 
0.000091 
0.000053 
0.000078 
0.000109 
0.000058 
0.000096 
0.000085 
0.000102 
0.000073 
0.000056 
0.000082 
0.000064 
0.000067 
0.000083 
0.000076 
0.000104 
0.000075 
0.000084 
0.000123 
0.000108 
0.000076 
0.000082 
0.000080 
0.000083 
0.000793 
0.001278 
0.001446 
0.001495 
0.001163 
0.001023 
0.001264 
0.000767 
0.001124 
0.001344 
0.000911 
0.001347 
0.001370 
0.001117 
0.000500 
0.001132 
0.000977 
0.000976 
0.001588 
0.001077 
0.001162 
0.001268 
0.001281 
0.001320 
0.000736 
0.001462 
0.001407 
0.001165 
0.001156 
0.000969 
0.001163 
0.001531 
0.000887 
0.000833 
0.001808 
0.000791 
0.000755 
0.001161 
0.001158 
0.001185 
0.001502 
0.001355 
0.001555 
0.000857 
0.001406 
0.001026 
0.001751 
0.001397 
0.000798 
0.000752 
0.000681 
0.000819 
0.001338 
0.001448 
0.001484 
0.001291 
0.001230 
0.001125 
0.001121 
0.001074 
0.001302 
0.000891 
0.000395 
0.001300 
0.001786 
0.001326 
0.001282 
0.001431 
0.001376 
0.001204 
0.001478 
0.000744 
0.000997 
0.000714 
0.001262 
0.001049 
0.001245 
0.001009 
0.001222 
0.001495 
0.001362 
0.001042 
0.001191 
0.001076 
0.001359 
0.000623 
0.000974 
0.001508 
0.001302 
0.001123 
0.001149 
0.001454 
0.000930 
0.000997 
0.000597 
0.001223 
0.001445 
0.000966 
0.000958 
0.001314 
0.001146 
0.018221 
0.023501 
0.026897 
0.029726 
0.023416 
0.020383 
0.025287 
0.016734 
0.023322 
0.024461 
0.019870 
0.024981 
0.026838 
0.022714 
0.015908 
0.021338 
0.021159 
0.020107 
0.027265 
0.024206 
0.023157 
0.024579 
0.024399 
0.023540 
0.017352 
0.028133 
0.024587 
0.022632 
0.022216 
0.023649 
0.022162 
0.028579 
0.019522 
0.019609 
0.033461 
0.018902 
0.019206 
0.023653 
0.025300 
0.023938 
0.026723 
0.025495 
0.027457 
0.019605 
0.026521 
0.022316 
0.031332 
0.026050 
0.019507 
0.019255 
0.016455 
0.019769 
0.026250 
0.025769 
0.027932 
0.024609 
0.024788 
0.022551 
0.024914 
0.021074 
0.024312 
0.018785 
0.013423 
0.023859 
0.031605 
0.025301 
0.023304 
0.027133 
0.025658 
0.022287 
0.026300 
0.016056 
0.020786 
0.018116 
0.023850 
0.021853 
0.024801 
0.023647 
0.023131 
0.026375 
0.028892 
0.020925 
0.022217 
0.021762 
0.025303 
0.017700 
0.020365 
0.028219 
0.024500 
0.022026 
0.023419 
0.025440 
0.019204 
0.021143 
0.016597 
0.027229 
0.027803 
0.021647 
0.020903 
0.026520 
0.022939 
0.676497 
0.683059 
0.672436 
0.670421 
0.674946 
0.673651 
0.680387 
0.674902 
0.674485 
0.682898 
0.674752 
0.670615 
0.667175 
0.673128 
0.671465 
0.674940 
0.678163 
0.676667 
0.682221 
0.669327 
0.669105 
0.680129 
0.672315 
0.672592 
0.673542 
0.671632 
0.681300 
0.677305 
0.676152 
0.671449 
0.676970 
0.671660 
0.673426 
0.672096 
0.669201 
0.674563 
0.667236 
0.671878 
0.672371 
0.675319 
0.677672 
0.675385 
0.681895 
0.674985 
0.670575 
0.671643 
0.674715 
0.675703 
0.670248 
0.668461 
0.682987 
0.671214 
0.671342 
0.674806 
0.668898 
0.670806 
0.666020 
0.675580 
0.666122 
0.679389 
0.675894 
0.689166 
0.674527 
0.673629 
0.669515 
0.669620 
0.672082 
0.664689 
0.676030 
0.681517 
0.679069 
0.678301 
0.681592 
0.672779 
0.681082 
0.668387 
0.672562 
0.667820 
0.684224 
0.678912 
0.661129 
0.679602 
0.676887 
0.670071 
0.674164 
0.675951 
0.680806 
0.672873 
0.679440 
0.679761 
0.671544 
0.679863 
0.675786 
0.676587 
0.670774 
0.664838 
0.671722 
0.682401 
0.679128 
0.671231 
0.674347 
-0.043276 
-0.044850 
-0.042560 
-0.042362 
-0.042929 
-0.042694 
-0.044540 
-0.042915 
-0.042955 
-0.044721 
-0.042872 
-0.042477 
-0.041871 
-0.042801 
-0.042153 
-0.042775 
-0.043127 
-0.042837 
-0.045720 
-0.042017 
-0.042311 
-0.044365 
-0.042318 
-0.042292 
-0.042107 
-0.042595 
-0.044286 
-0.043867 
-0.042987 
-0.042354 
-0.043621 
-0.042683 
-0.042277 
-0.042350 
-0.042466 
-0.042890 
-0.041671 
-0.042416 
-0.042943 
-0.043080 
-0.043971 
-0.043231 
-0.044735 
-0.042460 
-0.042396 
-0.042307 
-0.043402 
-0.043430 
-0.042575 
-0.041780 
-0.044268 
-0.042169 
-0.042768 
-0.043310 
-0.042085 
-0.041947 
-0.041307 
-0.043280 
-0.041466 
-0.043662 
-0.043143 
-0.046102 
-0.042740 
-0.042830 
-0.042583 
-0.042247 
-0.042607 
-0.041294 
-0.043347 
-0.044381 
-0.043812 
-0.043604 
-0.044262 
-0.042570 
-0.044181 
-0.041507 
-0.042638 
-0.041714 
-0.044628 
-0.043834 
-0.040641 
-0.044010 
-0.043382 
-0.042027 
-0.043075 
-0.042919 
-0.044101 
-0.043177 
-0.044016 
-0.043510 
-0.042485 
-0.043995 
-0.042954 
-0.042875 
-0.041916 
-0.041094 
-0.042447 
-0.044577 
-0.043484 
-0.042574 
-0.042932 
0.000081 
0.000069 
0.000094 
0.000092 
0.000087 
0.000100 
0.000062 
0.000090 
0.000087 
0.000072 
0.000075 
0.000087 
0.000094 
0.000083 
0.000087 
0.000089 
0.000069 
0.000089 
0.000040 
0.000091 
0.000094 
0.000073 
0.000092 
0.000101 
0.000090 
0.000084 
0.000082 
0.000077 
0.000073 
0.000093 
0.000082 
0.000095 
0.000097 
0.000076 
0.000088 
0.000083 
0.000096 
0.000075 
0.000077 
0.000086 
0.000078 
0.000086 
0.000085 
0.000092 
0.000077 
0.000080 
0.000078 
0.000077 
0.000092 
0.000094 
0.000073 
0.000090 
0.000089 
0.000076 
0.000089 
0.000091 
0.000103 
0.000085 
0.000086 
0.000075 
0.000096 
0.000059 
0.000102 
0.000087 
0.000086 
0.000100 
0.000095 
0.000087 
0.000086 
0.000075 
0.000078 
0.000083 
0.000081 
0.000087 
0.000075 
0.000108 
0.000084 
0.000083 
0.000078 
0.000076 
0.000096 
0.000074 
0.000076 
0.000090 
0.000087 
0.000068 
0.000074 
0.000083 
0.000077 
0.000076 
0.000086 
0.000072 
0.000092 
0.000070 
0.000081 
0.000085 
0.000090 
0.000077 
0.000069 
0.000086 
0.000083 
0.000329 
0.000471 
0.000562 
0.000831 
0.000422 
0.000488 
0.000728 
0.000290 
0.000459 
0.000429 
0.000461 
0.000390 
0.000529 
0.000460 
0.000352 
0.000340 
0.000605 
0.000471 
0.000220 
0.000774 
0.000294 
0.000754 
0.000640 
0.000486 
0.000577 
0.000624 
0.000411 
0.000544 
0.000590 
0.001056 
0.000478 
0.000638 
0.000465 
0.000615 
0.000831 
0.000611 
0.000581 
0.000703 
0.000662 
0.000622 
0.000665 
0.000554 
0.000547 
0.000546 
0.000703 
0.000697 
0.000642 
0.000463 
0.000482 
0.000639 
0.000575 
0.000578 
0.000678 
0.000340 
0.000527 
0.000524 
0.000710 
0.000371 
0.000661 
0.000396 
0.000433 
0.000224 
0.000507 
0.000473 
0.000665 
0.000487 
0.000477 
0.000630 
0.000504 
0.000355 
0.000615 
0.000415 
0.000513 
0.000621 
0.000705 
0.000349 
0.000689 
0.000805 
0.000416 
0.000367 
0.001133 
0.000513 
0.000447 
0.000497 
0.000561 
0.000786 
0.000518 
0.000604 
0.000462 
0.000609 
0.000545 
0.000485 
0.000645 
0.000452 
0.000485 
0.000623 
0.000832 
0.000549 
0.000511 
0.000812 
0.000552 
0.005977 
0.007327 
0.008645 
0.009568 
0.007419 
0.006743 
0.008096 
0.005552 
0.007497 
0.007606 
0.006559 
0.007984 
0.008690 
0.007309 
0.005463 
0.006908 
0.006976 
0.006617 
0.008214 
0.008070 
0.007340 
0.007858 
0.007912 
0.007698 
0.006058 
0.008969 
0.007638 
0.007267 
0.007357 
0.008149 
0.007042 
0.008995 
0.006581 
0.006650 
0.010369 
0.006323 
0.006508 
0.007769 
0.008167 
0.007716 
0.008501 
0.008071 
0.008417 
0.006611 
0.008786 
0.007444 
0.009686 
0.008068 
0.006509 
0.006576 
0.005714 
0.006696 
0.008438 
0.008056 
0.008972 
0.007844 
0.008269 
0.007096 
0.008114 
0.006684 
0.007737 
0.006126 
0.004967 
0.007665 
0.009847 
0.008063 
0.007470 
0.008639 
0.008160 
0.007031 
0.008271 
0.005496 
0.006826 
0.006244 
0.007770 
0.007500 
0.008033 
0.007886 
0.007282 
0.007989 
0.009720 
0.006829 
0.007052 
0.007258 
0.007969 
0.006295 
0.006805 
0.008770 
0.007723 
0.007375 
0.007554 
0.007906 
0.006523 
0.007047 
0.005738 
0.008933 
0.009023 
0.007130 
0.006868 
0.008455 
0.007454 
-0.493190 
-0.493990 
-0.492854 
-0.492668 
-0.492370 
-0.493054 
-0.495485 
-0.492741 
-0.493291 
-0.494018 
-0.492934 
-0.493491 
-0.493375 
-0.492928 
-0.492557 
-0.492743 
-0.491321 
-0.491749 
-0.496609 
-0.492931 
-0.493403 
-0.493936 
-0.491863 
-0.492425 
-0.491755 
-0.492620 
-0.493728 
-0.494434 
-0.492501 
-0.492885 
-0.494094 
-0.493684 
-0.492009 
-0.492419 
-0.493881 
-0.492566 
-0.493364 
-0.492706 
-0.494305 
-0.492840 
-0.494470 
-0.493083 
-0.495621 
-0.491092 
-0.492724 
-0.492637 
-0.493387 
-0.493712 
-0.494545 
-0.492659 
-0.492593 
-0.492391 
-0.493598 
-0.494045 
-0.492943 
-0.491848 
-0.492619 
-0.493303 
-0.493001 
-0.493083 
-0.493376 
-0.495163 
-0.493676 
-0.493056 
-0.493961 
-0.493199 
-0.493588 
-0.492863 
-0.493079 
-0.493621 
-0.492780 
-0.493147 
-0.493051 
-0.493015 
-0.493724 
-0.492402 
-0.492836 
-0.492881 
-0.493512 
-0.493072 
-0.493579 
-0.493288 
-0.492785 
-0.493285 
-0.493280 
-0.492308 
-0.493581 
-0.494206 
-0.493829 
-0.491922 
-0.493160 
-0.493440 
-0.492262 
-0.491378 
-0.492238 
-0.492705 
-0.492529 
-0.493912 
-0.492261 
-0.493406 
-0.492901 
1.190686 
1.187221 
1.193213 
1.193422 
1.191024 
1.192911 
1.188154 
1.191796 
1.191599 
1.188469 
1.193481 
1.193791 
1.195625 
1.192115 
1.194276 
1.193372 
1.190248 
1.192337 
1.186495 
1.195615 
1.192698 
1.188224 
1.192586 
1.193679 
1.193631 
1.192213 
1.189073 
1.190002 
1.192523 
1.194434 
1.189783 
1.191574 
1.193911 
1.192679 
1.193209 
1.191125 
1.194875 
1.193807 
1.191569 
1.192114 
1.189788 
1.191117 
1.188696 
1.192435 
1.193371 
1.193609 
1.190116 
1.189905 
1.193527 
1.194685 
1.188587 
1.193719 
1.191934 
1.191110 
1.194194 
1.193713 
1.196572 
1.191263 
1.195674 
1.189716 
1.190784 
1.185360 
1.192644 
1.191763 
1.192459 
1.193015 
1.193350 
1.195592 
1.190573 
1.189276 
1.189388 
1.190230 
1.189950 
1.193859 
1.189565 
1.196650 
1.192470 
1.195068 
1.188523 
1.189489 
1.197865 
1.189179 
1.190324 
1.196605 
1.191403 
1.192578 
1.189049 
1.191070 
1.189398 
1.190989 
1.192623 
1.189886 
1.192026 
1.192513 
1.194077 
1.197594 
1.192811 
1.187906 
1.191066 
1.192567 
1.191790 
