0.941921 
0.941695 
0.941302 
0.941516 
0.941573 
0.941536 
0.941269 
0.941891 
0.941498 
0.941284 
0.941530 
0.941645 
0.941722 
0.941745 
0.941579 
0.941234 
0.941078 
0.941687 
0.941707 
0.941402 
0.941453 
0.940975 
0.941371 
0.941674 
0.941376 
0.941374 
0.941198 
0.941375 
0.941363 
0.941405 
0.941026 
0.941318 
0.941240 
0.941473 
0.941099 
0.941578 
0.941441 
0.941660 
0.941103 
0.941441 
0.940924 
0.941436 
0.941276 
0.941294 
0.941256 
0.941000 
0.941856 
0.941474 
0.940956 
0.941209 
0.941420 
0.941538 
0.941495 
0.941697 
0.940959 
0.941460 
0.941598 
0.941106 
0.941349 
0.941322 
0.941736 
0.941024 
0.941354 
0.940717 
0.941330 
0.940795 
0.941465 
0.941131 
0.941592 
0.941581 
0.941579 
0.941307 
0.941427 
0.941369 
0.941473 
0.941540 
0.941607 
0.941259 
0.941370 
0.941691 
0.941412 
0.941487 
0.941678 
0.941592 
0.941705 
0.941516 
0.941598 
0.941439 
0.940882 
0.941598 
0.941564 
0.941231 
0.941007 
0.940988 
0.941090 
0.941061 
0.941851 
0.941829 
0.941580 
0.941544 
0.941366 
0.000000 
0.000000 
0.000000 
0.000000 
0.000000 
0.000000 
0.000000 
0.000000 
0.000000 
0.000000 
0.000000 
0.000000 
0.000000 
0.000000 
0.000000 
0.000000 
0.000000 
0.000000 
0.000000 
0.000000 
0.000000 
0.000000 
0.000000 
0.000000 
0.000000 
0.000000 
0.000000 
0.000000 
0.000000 
0.000000 
0.000000 
0.000000 
0.000000 
0.000000 
0.000000 
0.000000 
0.000000 
0.000000 
0.000000 
0.000000 
0.000000 
0.000000 
0.000000 
0.000000 
0.000000 
0.000000 
0.000000 
0.000000 
0.000000 
0.000000 
0.000000 
0.000000 
0.000000 
0.000000 
0.000000 
0.000000 
0.000000 
0.000000 
0.000000 
0.000000 
0.000000 
0.000000 
0.000000 
0.000000 
0.000000 
0.000000 
0.000000 
0.000000 
0.000000 
0.000000 
0.000000 
0.000000 
0.000000 
0.000000 
0.000000 
0.000000 
0.000000 
0.000000 
0.000000 
0.000000 
0.000000 
0.000000 
0.000000 
0.000000 
0.000000 
0.000000 
0.000000 
0.000000 
0.000000 
0.000000 
0.000000 
0.000000 
0.000000 
0.000000 
0.000000 
0.000000 
0.000000 
0.000000 
0.000000 
0.000000 
0.000000 
0.000000 
0.000000 
0.000000 
0.000000 
0.000000 
0.000000 
0.000000 
0.000000 
0.000000 
0.000000 
0.000000 
0.000000 
0.000000 
0.000000 
0.000000 
0.000000 
0.000000 
0.000000 
0.000000 
0.000000 
0.000000 
0.000000 
0.000000 
0.000000 
0.000000 
0.000000 
0.000000 
0.000000 
0.000000 
0.000000 
0.000000 
0.000000 
0.000000 
0.000000 
0.000000 
0.000000 
0.000000 
0.000000 
0.000000 
0.000000 
0.000000 
0.000000 
0.000000 
0.000000 
0.000000 
0.000000 
0.000000 
0.000000 
0.000000 
0.000000 
0.000000 
0.000000 
0.000000 
0.000000 
0.000000 
0.000000 
0.000000 
0.000000 
0.000000 
0.000000 
0.000000 
0.000000 
0.000000 
0.000000 
0.000000 
0.000000 
0.000000 
0.000000 
0.000000 
0.000000 
0.000000 
0.000000 
0.000000 
0.000000 
0.000000 
0.000000 
0.000000 
0.000000 
0.000000 
0.000000 
0.000000 
0.000000 
0.000000 
0.000000 
0.000000 
0.000000 
0.000000 
0.000000 
0.000000 
0.000000 
0.000000 
0.000000 
0.000000 
0.000000 
0.000000 
0.000000 
0.000000 
0.000000 
0.000000 
0.000000 
0.000000 
0.000000 
0.000000 
0.000000 
0.000000 
0.000000 
0.000000 
0.000000 
0.000000 
0.000000 
0.000000 
0.000000 
0.000000 
0.000000 
0.000000 
0.000000 
0.000000 
0.000000 
0.000000 
0.000000 
0.000000 
0.000000 
0.000000 
0.000000 
0.000000 
0.000000 
0.000000 
0.000000 
0.000000 
0.000000 
0.000000 
0.000000 
0.000000 
0.000000 
0.000000 
0.000000 
0.000000 
0.000000 
0.000000 
0.000000 
0.000000 
0.000000 
0.000000 
0.000000 
0.000000 
0.000000 
0.000000 
0.000000 
0.000000 
0.000000 
0.000000 
0.000000 
0.000000 
0.000000 
0.000000 
0.000000 
0.000000 
0.000000 
0.000000 
0.000000 
0.000000 
0.000000 
0.000000 
0.000000 
0.000000 
0.000000 
0.000000 
0.000000 
0.000000 
0.000000 
0.000000 
0.000000 
0.000000 
0.000000 
0.000000 
0.000000 
0.000000 
0.000000 
0.000000 
0.000000 
0.000000 
0.000000 
0.000000 
0.000000 
0.000000 
0.000000 
0.000000 
0.000000 
0.000000 
0.000000 
0.000000 
0.000000 
0.000000 
0.000000 
0.000000 
0.000000 
0.000000 
0.000000 
0.000000 
0.000000 
0.000000 
0.000000 
0.000000 
0.000000 
0.000000 
0.000000 
0.000000 
0.000000 
0.000000 
0.000000 
0.000000 
0.000000 
0.000000 
0.000000 
0.000000 
0.000000 
0.000000 
0.000000 
0.000000 
0.000000 
0.000000 
0.000000 
0.000000 
0.000000 
0.000000 
0.000000 
0.000000 
0.000000 
0.000000 
0.000000 
0.000000 
0.000000 
0.000000 
0.000000 
0.000000 
0.000000 
0.000000 
0.000000 
0.000000 
0.000000 
0.000000 
0.000000 
0.000000 
0.000000 
0.000000 
0.000000 
0.000000 
0.000000 
0.000000 
0.000000 
0.000000 
0.000000 
0.000000 
0.000000 
0.000000 
0.000000 
0.000000 
0.000000 
0.000000 
0.000000 
0.000000 
0.000000 
0.000000 
0.000000 
0.000000 
0.000000 
0.000000 
0.000000 
0.000000 
0.000000 
0.000000 
0.000000 
0.000000 
0.000000 
0.000000 
0.000000 
0.000000 
0.000000 
0.000000 
0.000000 
0.000000 
0.000000 
0.000000 
0.000000 
0.000000 
0.000000 
0.000000 
0.000000 
0.000000 
0.000000 
0.000000 
0.000000 
0.000000 
0.000000 
0.000000 
0.000000 
0.000000 
0.000000 
0.000000 
0.000000 
0.000000 
0.000000 
0.000000 
0.000000 
0.000000 
0.000000 
0.000000 
0.000000 
0.000000 
0.000000 
0.000000 
0.000000 
0.000000 
0.000000 
0.000000 
0.000000 
0.000000 
0.000000 
0.000000 
0.000000 
0.000000 
0.000000 
0.000000 
0.000000 
0.000000 
0.000000 
0.000000 
0.000000 
0.000000 
0.000000 
0.000000 
0.000000 
0.000000 
0.000000 
0.000000 
0.000000 
0.000000 
0.000000 
0.000000 
0.000000 
0.000000 
0.000000 
0.000000 
0.000000 
0.000000 
0.000000 
0.000000 
0.000000 
0.000000 
0.000000 
0.000000 
0.000000 
0.000000 
0.000000 
0.000000 
0.000000 
0.000000 
0.000000 
0.000000 
0.000000 
0.000000 
0.000000 
0.000000 
0.000000 
0.000000 
0.000000 
0.000000 
0.000000 
0.000000 
0.000000 
0.000000 
0.000000 
0.000000 
0.000000 
0.000000 
0.000000 
0.000000 
0.000000 
0.000000 
0.000000 
0.000000 
0.000000 
0.000000 
0.000000 
0.000000 
0.000000 
0.000000 
0.000000 
0.000000 
0.000000 
0.000000 
0.000000 
0.000000 
0.000000 
0.000000 
0.000000 
0.000000 
0.000000 
0.000000 
0.000000 
0.000000 
0.000000 
0.000000 
0.000000 
1.046474 
1.046448 
1.046191 
1.046624 
1.046579 
1.046191 
1.046482 
1.046281 
1.046091 
1.046335 
1.046400 
1.046343 
1.046428 
1.046144 
1.046413 
1.046549 
1.046357 
1.046586 
1.046346 
1.046247 
1.046469 
1.046614 
1.046752 
1.046259 
1.046420 
1.046455 
1.046340 
1.046207 
1.046362 
1.046459 
1.046263 
1.046467 
1.046320 
1.046446 
1.046314 
1.046630 
1.046418 
1.046541 
1.046419 
1.046219 
1.046207 
1.046424 
1.046392 
1.046087 
1.046495 
1.046254 
1.046669 
1.046286 
1.046352 
1.046393 
1.046434 
1.046317 
1.046380 
1.046429 
1.046277 
1.046165 
1.046303 
1.046516 
1.046475 
1.046223 
1.046290 
1.046279 
1.046407 
1.046056 
1.046455 
1.046427 
1.046424 
1.046132 
1.046654 
1.046688 
1.046297 
1.046409 
1.046346 
1.046373 
1.046320 
1.046420 
1.046320 
1.046451 
1.046399 
1.046459 
1.046078 
1.046353 
1.046283 
1.046495 
1.046622 
1.046321 
1.046324 
1.046457 
1.046540 
1.046472 
1.046531 
1.046192 
1.046141 
1.046347 
1.046481 
1.046485 
1.046424 
1.046505 
1.046598 
1.046355 
1.046389 
0.274878 
0.274100 
0.273991 
0.275530 
0.274822 
0.272771 
0.274242 
0.272865 
0.272823 
0.274010 
0.273449 
0.272942 
0.274122 
0.273288 
0.274630 
0.273575 
0.273021 
0.275491 
0.273585 
0.273453 
0.273971 
0.274326 
0.276139 
0.274006 
0.273472 
0.273139 
0.273993 
0.272656 
0.273533 
0.274248 
0.273754 
0.273158 
0.273030 
0.274402 
0.273640 
0.275440 
0.274000 
0.274454 
0.273914 
0.272630 
0.272493 
0.273701 
0.273962 
0.272907 
0.274484 
0.274379 
0.275406 
0.272914 
0.274048 
0.273069 
0.273662 
0.272615 
0.274180 
0.274294 
0.273595 
0.273490 
0.272849 
0.274673 
0.273555 
0.273201 
0.273460 
0.273518 
0.274199 
0.272410 
0.273864 
0.273330 
0.273802 
0.273091 
0.274178 
0.274865 
0.274431 
0.273756 
0.273151 
0.273967 
0.272914 
0.274021 
0.273697 
0.273508 
0.274262 
0.273879 
0.272689 
0.273764 
0.273208 
0.273649 
0.275991 
0.273460 
0.274340 
0.274598 
0.274444 
0.274399 
0.274098 
0.273231 
0.273099 
0.274113 
0.274356 
0.274312 
0.273525 
0.275091 
0.274283 
0.274229 
0.273906 
0.000000 
0.000000 
0.000000 
0.000000 
0.000000 
0.000000 
0.000000 
0.000000 
0.000000 
0.000000 
0.000000 
0.000000 
0.000000 
0.000000 
0.000000 
0.000000 
0.000000 
0.000000 
0.000000 
0.000000 
0.000000 
0.000000 
0.000000 
0.000000 
0.000000 
0.000000 
0.000000 
0.000000 
0.000000 
0.000000 
0.000000 
0.000000 
0.000000 
0.000000 
0.000000 
0.000000 
0.000000 
0.000000 
0.000000 
0.000000 
0.000000 
0.000000 
0.000000 
0.000000 
0.000000 
0.000000 
0.000000 
0.000000 
0.000000 
0.000000 
0.000000 
0.000000 
0.000000 
0.000000 
0.000000 
0.000000 
0.000000 
0.000000 
0.000000 
0.000000 
0.000000 
0.000000 
0.000000 
0.000000 
0.000000 
0.000000 
0.000000 
0.000000 
0.000000 
0.000000 
0.000000 
0.000000 
0.000000 
0.000000 
0.000000 
0.000000 
0.000000 
0.000000 
0.000000 
0.000000 
0.000000 
0.000000 
0.000000 
0.000000 
0.000000 
0.000000 
0.000000 
0.000000 
0.000000 
0.000000 
0.000000 
0.000000 
0.000000 
0.000000 
0.000000 
0.000000 
0.000000 
0.000000 
0.000000 
0.000000 
0.000000 
0.000000 
0.000000 
0.000000 
0.000000 
0.000000 
0.000000 
0.000000 
0.000000 
0.000000 
0.000000 
0.000000 
0.000000 
0.000000 
0.000000 
0.000000 
0.000000 
0.000000 
0.000000 
0.000000 
0.000000 
0.000000 
0.000000 
0.000000 
0.000000 
0.000000 
0.000000 
0.000000 
0.000000 
0.000000 
0.000000 
0.000000 
0.000000 
0.000000 
0.000000 
0.000000 
0.000000 
0.000000 
0.000000 
0.000000 
0.000000 
0.000000 
0.000000 
0.000000 
0.000000 
0.000000 
0.000000 
0.000000 
0.000000 
0.000000 
0.000000 
0.000000 
0.000000 
0.000000 
0.000000 
0.000000 
0.000000 
0.000000 
0.000000 
0.000000 
0.000000 
0.000000 
0.000000 
0.000000 
0.000000 
0.000000 
0.000000 
0.000000 
0.000000 
0.000000 
0.000000 
0.000000 
0.000000 
0.000000 
0.000000 
0.000000 
0.000000 
0.000000 
0.000000 
0.000000 
0.000000 
0.000000 
0.000000 
0.000000 
0.000000 
0.000000 
0.000000 
0.000000 
0.000000 
0.000000 
0.000000 
0.000000 
0.000000 
0.000000 
0.000000 
0.000000 
0.000000 
0.000000 
0.000000 
0.000000 
0.000000 
0.000000 
0.000000 
0.000000 
0.000000 
0.000000 
0.000000 
0.000000 
0.000000 
0.000000 
0.000000 
0.000000 
0.000000 
0.000000 
0.000000 
0.000000 
0.000000 
0.000000 
0.000000 
0.000000 
0.000000 
0.000000 
0.000000 
0.000000 
0.000000 
0.000000 
0.000000 
0.000000 
0.000000 
0.000000 
0.000000 
0.000000 
0.000000 
0.000000 
0.000000 
0.000000 
0.000000 
0.000000 
0.000000 
0.000000 
0.000000 
0.000000 
0.000000 
0.000000 
0.000000 
0.000000 
0.000000 
0.000000 
0.000000 
0.000000 
0.000000 
0.000000 
0.000000 
0.000000 
0.000000 
0.000000 
0.000000 
0.000000 
0.000000 
0.000000 
0.000000 
0.000000 
0.000000 
0.000000 
0.000000 
0.000000 
0.000000 
0.000000 
0.000000 
0.000000 
0.000000 
0.000000 
0.000000 
0.000000 
0.000000 
0.000000 
0.000000 
0.000000 
0.000000 
0.000000 
0.000000 
0.000000 
0.000000 
0.000000 
0.000000 
0.000000 
0.000000 
0.000000 
0.000000 
0.000000 
0.000000 
0.000000 
0.000000 
0.000000 
0.000000 
0.000000 
0.000000 
0.000000 
0.000000 
0.000000 
0.000000 
0.000000 
0.000000 
0.024925 
0.025164 
0.025095 
0.025216 
0.025180 
0.025208 
0.025203 
0.025173 
0.025074 
0.025265 
0.025294 
0.025189 
0.025172 
0.024930 
0.024991 
0.025457 
0.025460 
0.025083 
0.025076 
0.025120 
0.025169 
0.025666 
0.025272 
0.024900 
0.025229 
0.025263 
0.025272 
0.025304 
0.025169 
0.025230 
0.025231 
0.025415 
0.025203 
0.025142 
0.025204 
0.025203 
0.025251 
0.025128 
0.025359 
0.025203 
0.025370 
0.025146 
0.025202 
0.025118 
0.025275 
0.025088 
0.024995 
0.025294 
0.025338 
0.025393 
0.025202 
0.025334 
0.025191 
0.025134 
0.025373 
0.025073 
0.025197 
0.025332 
0.025437 
0.025121 
0.025038 
0.025336 
0.025130 
0.025389 
0.025271 
0.025585 
0.025301 
0.025218 
0.025258 
0.025204 
0.025023 
0.025276 
0.025183 
0.025134 
0.025344 
0.025165 
0.025108 
0.025347 
0.025237 
0.025128 
0.025136 
0.025134 
0.025048 
0.025189 
0.024968 
0.025216 
0.025007 
0.025174 
0.025454 
0.025194 
0.025204 
0.025233 
0.025272 
0.025299 
0.025254 
0.025268 
0.025136 
0.024928 
0.025209 
0.025160 
0.025208 
0.796515 
0.799120 
0.798519 
0.797277 
0.797888 
0.800727 
0.799001 
0.800315 
0.799864 
0.799374 
0.800296 
0.800645 
0.798996 
0.798734 
0.797213 
0.801381 
0.802082 
0.796448 
0.799184 
0.799492 
0.799000 
0.801237 
0.796454 
0.797612 
0.800328 
0.801149 
0.799759 
0.801694 
0.799678 
0.798902 
0.799544 
0.801802 
0.800682 
0.798370 
0.799773 
0.797234 
0.799581 
0.798080 
0.800493 
0.801107 
0.802462 
0.799462 
0.799542 
0.800297 
0.799008 
0.798273 
0.796449 
0.801062 
0.799700 
0.801661 
0.799884 
0.802207 
0.798656 
0.798394 
0.800676 
0.798846 
0.800903 
0.799395 
0.801174 
0.799728 
0.799006 
0.800647 
0.798653 
0.802374 
0.799893 
0.802186 
0.799691 
0.800173 
0.799308 
0.798341 
0.797139 
0.800089 
0.800361 
0.798753 
0.801220 
0.798877 
0.798915 
0.800685 
0.798952 
0.798763 
0.800631 
0.799090 
0.799676 
0.799721 
0.795530 
0.799921 
0.797609 
0.798202 
0.800240 
0.798716 
0.799341 
0.800468 
0.800616 
0.799839 
0.799129 
0.799193 
0.799470 
0.795906 
0.799047 
0.798284 
0.799351 
0.000000 
0.000000 
0.000000 
0.000000 
0.000000 
0.000000 
0.000000 
0.000000 
0.000000 
0.000000 
0.000000 
0.000000 
0.000000 
0.000000 
0.000000 
0.000000 
0.000000 
0.000000 
0.000000 
0.000000 
0.000000 
0.000000 
0.000000 
0.000000 
0.000000 
0.000000 
0.000000 
0.000000 
0.000000 
0.000000 
0.000000 
0.000000 
0.000000 
0.000000 
0.000000 
0.000000 
0.000000 
0.000000 
0.000000 
0.000000 
0.000000 
0.000000 
0.000000 
0.000000 
0.000000 
0.000000 
0.000000 
0.000000 
0.000000 
0.000000 
0.000000 
0.000000 
0.000000 
0.000000 
0.000000 
0.000000 
0.000000 
0.000000 
0.000000 
0.000000 
0.000000 
0.000000 
0.000000 
0.000000 
0.000000 
0.000000 
0.000000 
0.000000 
0.000000 
0.000000 
0.000000 
0.000000 
0.000000 
0.000000 
0.000000 
0.000000 
0.000000 
0.000000 
0.000000 
0.000000 
0.000000 
0.000000 
0.000000 
0.000000 
0.000000 
0.000000 
0.000000 
0.000000 
0.000000 
0.000000 
0.000000 
0.000000 
0.000000 
0.000000 
0.000000 
0.000000 
0.000000 
0.000000 
0.000000 
0.000000 
0.000000 
0.000000 
0.000000 
0.000000 
0.000000 
0.000000 
0.000000 
0.000000 
0.000000 
0.000000 
0.000000 
0.000000 
0.000000 
0.000000 
0.000000 
0.000000 
0.000000 
0.000000 
0.000000 
0.000000 
0.000000 
0.000000 
0.000000 
0.000000 
0.000000 
0.000000 
0.000000 
0.000000 
0.000000 
0.000000 
0.000000 
0.000000 
0.000000 
0.000000 
0.000000 
0.000000 
0.000000 
0.000000 
0.000000 
0.000000 
0.000000 
0.000000 
0.000000 
0.000000 
0.000000 
0.000000 
0.000000 
0.000000 
0.000000 
0.000000 
0.000000 
0.000000 
0.000000 
0.000000 
0.000000 
0.000000 
0.000000 
0.000000 
0.000000 
0.000000 
0.000000 
0.000000 
0.000000 
0.000000 
0.000000 
0.000000 
0.000000 
0.000000 
0.000000 
0.000000 
0.000000 
0.000000 
0.000000 
0.000000 
0.000000 
0.000000 
0.000000 
0.000000 
0.000000 
0.000000 
0.000000 
0.000000 
0.000000 
0.000000 
0.000000 
0.000000 
0.000000 
0.000000 
0.000000 
0.000000 
0.000000 
0.000000 
0.000000 
0.000000 
0.000000 
0.000000 
0.000000 
0.000000 
0.000000 
0.000000 
0.000000 
0.000000 
0.000000 
0.000000 
0.000000 
0.000000 
0.000000 
0.000000 
0.000000 
0.000000 
0.000000 
0.000000 
0.000000 
0.000000 
0.000000 
0.000000 
0.000000 
0.000000 
0.000000 
0.000000 
0.000000 
0.000000 
0.000000 
0.000000 
0.000000 
0.000000 
0.000000 
0.000000 
0.000000 
0.000000 
0.000000 
0.000000 
0.000000 
0.000000 
0.000000 
0.000000 
0.000000 
0.000000 
0.000000 
0.000000 
0.000000 
0.000000 
0.000000 
0.000000 
0.000000 
0.000000 
0.000000 
0.000000 
0.000000 
0.000000 
0.000000 
0.000000 
0.000000 
0.000000 
0.000000 
0.000000 
0.000000 
0.000000 
0.000000 
0.000000 
0.000000 
0.000000 
0.000000 
0.000000 
0.000000 
0.000000 
0.000000 
0.000000 
0.000000 
0.000000 
0.000000 
0.000000 
0.000000 
0.000000 
0.000000 
0.000000 
0.000000 
0.000000 
0.000000 
0.000000 
0.000000 
0.000000 
0.000000 
0.000000 
0.000000 
0.000000 
0.000000 
0.000000 
0.000000 
0.000000 
0.000000 
0.000000 
0.000000 
0.000000 
0.000000 
0.000000 
0.000000 
0.000000 
0.000000 
0.000000 
0.000000 
0.000000 
0.000000 
0.000000 
0.000000 
0.000000 
0.000000 
0.000000 
0.000000 
0.000000 
0.000000 
0.000000 
0.000000 
0.000000 
0.000000 
0.000000 
0.000000 
0.000000 
0.000000 
0.000000 
0.000000 
0.000000 
0.000000 
0.000000 
0.000000 
0.000000 
0.000000 
0.000000 
0.000000 
0.000000 
0.000000 
0.000000 
0.000000 
0.000000 
0.000000 
0.000000 
0.000000 
0.000000 
0.000000 
0.000000 
0.000000 
0.000000 
0.000000 
0.000000 
0.000000 
0.000000 
0.000000 
0.000000 
0.000000 
0.000000 
0.000000 
0.000000 
0.000000 
0.000000 
0.000000 
0.000000 
0.000000 
0.000000 
0.000000 
0.000000 
0.000000 
0.000000 
0.000000 
0.000000 
0.000000 
0.000000 
0.000000 
0.000000 
0.000000 
0.000000 
0.000000 
0.000000 
0.000000 
0.000000 
0.000000 
0.000000 
0.000000 
0.000000 
0.000000 
0.000000 
0.000000 
0.000000 
0.000000 
0.000000 
0.000000 
0.000000 
0.000000 
0.000000 
0.000000 
0.000000 
0.000000 
0.000000 
0.000000 
0.000000 
0.000000 
0.000000 
0.000000 
0.000000 
0.000000 
0.000000 
0.000000 
0.000000 
0.000000 
0.000000 
0.000000 
0.000000 
0.000000 
0.000000 
0.000000 
0.000000 
0.000000 
0.000000 
0.000000 
0.000000 
0.000000 
0.000000 
0.000000 
0.000000 
0.000000 
0.000000 
0.000000 
0.000000 
0.000000 
0.000000 
0.000000 
0.000000 
0.000000 
0.000000 
0.000000 
0.000000 
0.000000 
0.000000 
0.000000 
0.000000 
0.000000 
0.000000 
0.000000 
0.000000 
0.000000 
0.000000 
0.000000 
0.000000 
0.000000 
0.000000 
0.000000 
0.000000 
0.000000 
0.000000 
0.000000 
0.000000 
0.000000 
0.000000 
0.000000 
0.000000 
0.000000 
0.000000 
0.000000 
0.000000 
0.000000 
0.000000 
0.000000 
0.000000 
0.000000 
0.000000 
0.000000 
0.000000 
0.000000 
0.000000 
0.000000 
0.000000 
0.000000 
0.000000 
0.000000 
0.000000 
0.000000 
0.000000 
0.000000 
0.000000 
0.000000 
0.000000 
0.000000 
0.000000 
0.000000 
0.000000 
0.000000 
0.000000 
0.000000 
0.000000 
0.000000 
0.000000 
0.000000 
0.000000 
0.000000 
0.000000 
0.000000 
0.000000 
0.000000 
0.000000 
0.000000 
0.000000 
0.000000 
0.000000 
0.000000 
0.000000 
0.000000 
0.848924 
0.851252 
0.850315 
0.849897 
0.850213 
0.852440 
0.850988 
0.852196 
0.851492 
0.851386 
0.852290 
0.852433 
0.851231 
0.850616 
0.849333 
0.853360 
0.853866 
0.848903 
0.851114 
0.851208 
0.850946 
0.853437 
0.849074 
0.849557 
0.852140 
0.852859 
0.851704 
0.853323 
0.851528 
0.851026 
0.851303 
0.853598 
0.852332 
0.850499 
0.851511 
0.849761 
0.851661 
0.850304 
0.852458 
0.852729 
0.853871 
0.851357 
0.851439 
0.851884 
0.851140 
0.850111 
0.848986 
0.852780 
0.851590 
0.853401 
0.851693 
0.853993 
0.850794 
0.850612 
0.852501 
0.850722 
0.852618 
0.851557 
0.853182 
0.851361 
0.850911 
0.852419 
0.850620 
0.853727 
0.851816 
0.853997 
0.851738 
0.851835 
0.851467 
0.850653 
0.849206 
0.851974 
0.852091 
0.850597 
0.853055 
0.851022 
0.850840 
0.852588 
0.851091 
0.850915 
0.852171 
0.850989 
0.851529 
0.851736 
0.848075 
0.851852 
0.849701 
0.850398 
0.852322 
0.850881 
0.851394 
0.852168 
0.852237 
0.851654 
0.851158 
0.851202 
0.851547 
0.848303 
0.851217 
0.850394 
0.851317 
-0.022165 
-0.022464 
-0.022305 
-0.022552 
-0.022509 
-0.022568 
-0.022531 
-0.022476 
-0.022338 
-0.022575 
-0.022609 
-0.022555 
-0.022463 
-0.022277 
-0.022276 
-0.022848 
-0.022839 
-0.022331 
-0.022415 
-0.022424 
-0.022488 
-0.023026 
-0.022514 
-0.022206 
-0.022559 
-0.022654 
-0.022596 
-0.022644 
-0.022544 
-0.022568 
-0.022615 
-0.022743 
-0.022599 
-0.022466 
-0.022505 
-0.022476 
-0.022595 
-0.022418 
-0.022726 
-0.022536 
-0.022807 
-0.022516 
-0.022472 
-0.022418 
-0.022580 
-0.022364 
-0.022234 
-0.022572 
-0.022665 
-0.022759 
-0.022518 
-0.022683 
-0.022487 
-0.022397 
-0.022758 
-0.022333 
-0.022557 
-0.022705 
-0.022843 
-0.022374 
-0.022274 
-0.022712 
-0.022479 
-0.022751 
-0.022642 
-0.023043 
-0.022608 
-0.022510 
-0.022552 
-0.022507 
-0.022253 
-0.022609 
-0.022511 
-0.022426 
-0.022676 
-0.022531 
-0.022413 
-0.022698 
-0.022563 
-0.022460 
-0.022435 
-0.022423 
-0.022372 
-0.022523 
-0.022205 
-0.022523 
-0.022319 
-0.022510 
-0.022829 
-0.022479 
-0.022522 
-0.022527 
-0.022661 
-0.022599 
-0.022685 
-0.022612 
-0.022420 
-0.022185 
-0.022499 
-0.022413 
-0.022528 
0.000000 
0.000000 
0.000000 
0.000000 
0.000000 
0.000000 
0.000000 
0.000000 
0.000000 
0.000000 
0.000000 
0.000000 
0.000000 
0.000000 
0.000000 
0.000000 
0.000000 
0.000000 
0.000000 
0.000000 
0.000000 
0.000000 
0.000000 
0.000000 
0.000000 
0.000000 
0.000000 
0.000000 
0.000000 
0.000000 
0.000000 
0.000000 
0.000000 
0.000000 
0.000000 
0.000000 
0.000000 
0.000000 
0.000000 
0.000000 
0.000000 
0.000000 
0.000000 
0.000000 
0.000000 
0.000000 
0.000000 
0.000000 
0.000000 
0.000000 
0.000000 
0.000000 
0.000000 
0.000000 
0.000000 
0.000000 
0.000000 
0.000000 
0.000000 
0.000000 
0.000000 
0.000000 
0.000000 
0.000000 
0.000000 
0.000000 
0.000000 
0.000000 
0.000000 
0.000000 
0.000000 
0.000000 
0.000000 
0.000000 
0.000000 
0.000000 
0.000000 
0.000000 
0.000000 
0.000000 
0.000000 
0.000000 
0.000000 
0.000000 
0.000000 
0.000000 
0.000000 
0.000000 
0.000000 
0.000000 
0.000000 
0.000000 
0.000000 
0.000000 
0.000000 
0.000000 
0.000000 
0.000000 
0.000000 
0.000000 
0.000000 
0.000000 
0.000000 
0.000000 
0.000000 
0.000000 
0.000000 
0.000000 
0.000000 
0.000000 
0.000000 
0.000000 
0.000000 
0.000000 
0.000000 
0.000000 
0.000000 
0.000000 
0.000000 
0.000000 
0.000000 
0.000000 
0.000000 
0.000000 
0.000000 
0.000000 
0.000000 
0.000000 
0.000000 
0.000000 
0.000000 
0.000000 
0.000000 
0.000000 
0.000000 
0.000000 
0.000000 
0.000000 
0.000000 
0.000000 
0.000000 
0.000000 
0.000000 
0.000000 
0.000000 
0.000000 
0.000000 
0.000000 
0.000000 
0.000000 
0.000000 
0.000000 
0.000000 
0.000000 
0.000000 
0.000000 
0.000000 
0.000000 
0.000000 
0.000000 
0.000000 
0.000000 
0.000000 
0.000000 
0.000000 
0.000000 
0.000000 
0.000000 
0.000000 
0.000000 
0.000000 
0.000000 
0.000000 
0.000000 
0.000000 
0.000000 
0.000000 
0.000000 
0.000000 
0.000000 
0.000000 
0.000000 
0.000000 
0.000000 
0.000000 
0.000000 
0.000000 
0.000000 
0.000000 
0.000000 
0.000000 
0.000000 
0.000000 
0.000000 
0.000000 
0.000000 
0.000000 
0.000000 
0.000000 
0.000000 
0.000000 
0.000000 
0.000000 
0.000000 
0.000000 
0.000000 
0.000000 
0.000000 
0.000000 
0.000000 
0.000000 
0.000000 
0.000000 
0.000000 
0.000000 
0.000000 
0.000000 
0.000000 
0.000000 
0.000000 
0.000000 
0.000000 
0.000000 
0.000000 
0.000000 
0.000000 
0.000000 
0.000000 
0.000000 
0.000000 
0.000000 
0.000000 
0.000000 
0.000000 
0.000000 
0.000000 
0.000000 
0.000000 
0.000000 
0.000000 
0.000000 
0.000000 
0.000000 
0.000000 
0.000000 
0.000000 
0.000000 
0.000000 
0.000000 
0.000000 
0.000000 
0.000000 
0.000000 
0.000000 
0.000000 
0.000000 
0.000000 
0.000000 
0.000000 
0.000000 
0.000000 
0.000000 
0.000000 
0.000000 
0.000000 
0.000000 
0.000000 
0.000000 
0.000000 
0.000000 
0.000000 
0.000000 
0.000000 
0.000000 
0.000000 
0.000000 
0.000000 
0.000000 
0.000000 
0.000000 
0.000000 
0.000000 
0.000000 
0.000000 
0.000000 
0.000000 
0.000000 
0.000000 
0.000000 
0.000000 
0.000000 
0.000000 
0.000000 
0.000000 
0.000000 
0.000000 
0.000000 
0.000000 
0.000000 
0.000000 
0.000000 
0.000000 
0.000000 
-0.251292 
-0.250518 
-0.250533 
-0.251768 
-0.251221 
-0.249305 
-0.250676 
-0.249292 
-0.249413 
-0.250433 
-0.249818 
-0.249422 
-0.250538 
-0.249758 
-0.250959 
-0.249869 
-0.249288 
-0.251962 
-0.250121 
-0.249985 
-0.250569 
-0.250489 
-0.252522 
-0.250636 
-0.249931 
-0.249602 
-0.250467 
-0.249118 
-0.250079 
-0.250605 
-0.250288 
-0.249568 
-0.249547 
-0.250906 
-0.250114 
-0.251829 
-0.250247 
-0.251029 
-0.250170 
-0.249076 
-0.248936 
-0.250247 
-0.250493 
-0.249419 
-0.250844 
-0.251019 
-0.251896 
-0.249414 
-0.250495 
-0.249343 
-0.250267 
-0.248956 
-0.250574 
-0.250722 
-0.249902 
-0.249934 
-0.249403 
-0.251024 
-0.249822 
-0.249876 
-0.249875 
-0.249910 
-0.250649 
-0.248897 
-0.250283 
-0.249571 
-0.250296 
-0.249651 
-0.250630 
-0.251379 
-0.251017 
-0.250318 
-0.249591 
-0.250671 
-0.249261 
-0.250358 
-0.250322 
-0.249904 
-0.250679 
-0.250286 
-0.249303 
-0.250289 
-0.249665 
-0.250106 
-0.252510 
-0.249818 
-0.250968 
-0.250980 
-0.250813 
-0.250894 
-0.250488 
-0.249564 
-0.249543 
-0.250555 
-0.250749 
-0.250729 
-0.249864 
-0.251610 
-0.250682 
-0.250644 
-0.250365 
1.089340 
1.088163 
1.088041 
1.088809 
1.088544 
1.086921 
1.087841 
1.087741 
1.087350 
1.087593 
1.087359 
1.087468 
1.088232 
1.087618 
1.088412 
1.086768 
1.086312 
1.089519 
1.087829 
1.087628 
1.087991 
1.086873 
1.089364 
1.088204 
1.087285 
1.086814 
1.087517 
1.086771 
1.087380 
1.087732 
1.087160 
1.086900 
1.086730 
1.088273 
1.087137 
1.088930 
1.087638 
1.088887 
1.086828 
1.086829 
1.085803 
1.087512 
1.087553 
1.086780 
1.087980 
1.087885 
1.089648 
1.087291 
1.087200 
1.086398 
1.087811 
1.086589 
1.088105 
1.088465 
1.086650 
1.087618 
1.087301 
1.087418 
1.087014 
1.087484 
1.087974 
1.086683 
1.087775 
1.085459 
1.087333 
1.085913 
1.087822 
1.086882 
1.088297 
1.088767 
1.088785 
1.087546 
1.087128 
1.088138 
1.086983 
1.087811 
1.087884 
1.087103 
1.087863 
1.088082 
1.086896 
1.088027 
1.087540 
1.087747 
1.089725 
1.087548 
1.088440 
1.088088 
1.086994 
1.088512 
1.088102 
1.086840 
1.086439 
1.087088 
1.087284 
1.087416 
1.088101 
1.089683 
1.088081 
1.088242 
1.087692 
