0.956151 
0.956018 
0.955791 
0.956144 
0.956331 
0.955996 
0.956468 
0.956291 
0.956207 
0.956477 
0.956884 
0.956201 
0.956206 
0.956661 
0.955868 
0.956403 
0.956640 
0.956958 
0.956394 
0.956564 
0.956898 
0.956353 
0.956672 
0.956257 
0.956275 
0.955996 
0.956244 
0.955901 
0.956060 
0.956590 
0.956159 
0.956896 
0.956300 
0.956346 
0.956543 
0.957102 
0.956297 
0.956799 
0.956851 
0.956680 
0.956209 
0.957026 
0.956215 
0.956948 
0.956066 
0.956801 
0.956778 
0.956769 
0.956208 
0.956789 
0.956337 
0.956309 
0.956863 
0.956810 
0.956690 
0.956752 
0.956457 
0.956618 
0.957185 
0.956337 
0.955755 
0.956184 
0.956816 
0.956409 
0.956065 
0.956722 
0.956658 
0.956057 
0.956836 
0.956154 
0.956212 
0.957084 
0.956209 
0.956518 
0.956488 
0.956760 
0.956644 
0.956392 
0.956551 
0.956272 
0.956294 
0.956972 
0.956529 
0.956839 
0.955919 
0.956750 
0.956287 
0.956629 
0.956350 
0.956156 
0.956685 
0.956818 
0.956129 
0.956288 
0.956183 
0.956513 
0.956822 
0.956516 
0.956691 
0.955241 
0.956451 
0.000000 
0.000000 
0.000000 
0.000000 
0.000000 
0.000000 
0.000000 
0.000000 
0.000000 
0.000000 
0.000000 
0.000000 
0.000000 
0.000000 
0.000000 
0.000000 
0.000000 
0.000000 
0.000000 
0.000000 
0.000000 
0.000000 
0.000000 
0.000000 
0.000000 
0.000000 
0.000000 
0.000000 
0.000000 
0.000000 
0.000000 
0.000000 
0.000000 
0.000000 
0.000000 
0.000000 
0.000000 
0.000000 
0.000000 
0.000000 
0.000000 
0.000000 
0.000000 
0.000000 
0.000000 
0.000000 
0.000000 
0.000000 
0.000000 
0.000000 
0.000000 
0.000000 
0.000000 
0.000000 
0.000000 
0.000000 
0.000000 
0.000000 
0.000000 
0.000000 
0.000000 
0.000000 
0.000000 
0.000000 
0.000000 
0.000000 
0.000000 
0.000000 
0.000000 
0.000000 
0.000000 
0.000000 
0.000000 
0.000000 
0.000000 
0.000000 
0.000000 
0.000000 
0.000000 
0.000000 
0.000000 
0.000000 
0.000000 
0.000000 
0.000000 
0.000000 
0.000000 
0.000000 
0.000000 
0.000000 
0.000000 
0.000000 
0.000000 
0.000000 
0.000000 
0.000000 
0.000000 
0.000000 
0.000000 
0.000000 
0.000000 
0.000000 
0.000000 
0.000000 
0.000000 
0.000000 
0.000000 
0.000000 
0.000000 
0.000000 
0.000000 
0.000000 
0.000000 
0.000000 
0.000000 
0.000000 
0.000000 
0.000000 
0.000000 
0.000000 
0.000000 
0.000000 
0.000000 
0.000000 
0.000000 
0.000000 
0.000000 
0.000000 
0.000000 
0.000000 
0.000000 
0.000000 
0.000000 
0.000000 
0.000000 
0.000000 
0.000000 
0.000000 
0.000000 
0.000000 
0.000000 
0.000000 
0.000000 
0.000000 
0.000000 
0.000000 
0.000000 
0.000000 
0.000000 
0.000000 
0.000000 
0.000000 
0.000000 
0.000000 
0.000000 
0.000000 
0.000000 
0.000000 
0.000000 
0.000000 
0.000000 
0.000000 
0.000000 
0.000000 
0.000000 
0.000000 
0.000000 
0.000000 
0.000000 
0.000000 
0.000000 
0.000000 
0.000000 
0.000000 
0.000000 
0.000000 
0.000000 
0.000000 
0.000000 
0.000000 
0.000000 
0.000000 
0.000000 
0.000000 
0.000000 
0.000000 
0.000000 
0.000000 
0.000000 
0.000000 
0.000000 
0.000000 
0.000000 
0.000000 
0.000000 
0.000000 
0.000000 
0.000000 
0.000000 
0.000000 
0.000000 
0.000000 
0.000000 
0.000000 
0.000000 
0.000000 
0.000000 
0.000000 
0.000000 
0.000000 
0.000000 
0.000000 
0.000000 
0.000000 
0.000000 
0.000000 
0.000000 
0.000000 
0.000000 
0.000000 
0.000000 
0.000000 
0.000000 
0.000000 
0.000000 
0.000000 
0.000000 
0.000000 
0.000000 
0.000000 
0.000000 
0.000000 
0.000000 
0.000000 
0.000000 
0.000000 
0.000000 
0.000000 
0.000000 
0.000000 
0.000000 
0.000000 
0.000000 
0.000000 
0.000000 
0.000000 
0.000000 
0.000000 
0.000000 
0.000000 
0.000000 
0.000000 
0.000000 
0.000000 
0.000000 
0.000000 
0.000000 
0.000000 
0.000000 
0.000000 
0.000000 
0.000000 
0.000000 
0.000000 
0.000000 
0.000000 
0.000000 
0.000000 
0.000000 
0.000000 
0.000000 
0.000000 
0.000000 
0.000000 
0.000000 
0.000000 
0.000000 
0.000000 
0.000000 
0.000000 
0.000000 
0.000000 
0.000000 
0.000000 
0.000000 
0.000000 
0.000000 
0.000000 
0.000000 
0.000000 
0.000000 
0.000000 
0.000000 
0.000000 
0.000000 
0.000000 
0.000000 
0.000000 
0.000000 
0.000000 
0.000000 
0.000000 
0.000000 
0.000000 
0.000000 
0.000000 
0.000000 
0.000000 
0.000000 
0.000000 
0.000000 
0.000000 
0.000000 
0.000000 
0.000000 
0.000000 
0.000000 
0.000000 
0.000000 
0.000000 
0.000000 
0.000000 
0.000000 
0.000000 
0.000000 
0.000000 
0.000000 
0.000000 
0.000000 
0.000000 
0.000000 
0.000000 
0.000000 
0.000000 
0.000000 
0.000000 
0.000000 
0.000000 
0.000000 
0.000000 
0.000000 
0.000000 
0.000000 
0.000000 
0.000000 
0.000000 
0.000000 
0.000000 
0.000000 
0.000000 
0.000000 
0.000000 
0.000000 
0.000000 
0.000000 
0.000000 
0.000000 
0.000000 
0.000000 
0.000000 
0.000000 
0.000000 
0.000000 
0.000000 
0.000000 
0.000000 
0.000000 
0.000000 
0.000000 
0.000000 
0.000000 
0.000000 
0.000000 
0.000000 
0.000000 
0.000000 
0.000000 
0.000000 
0.000000 
0.000000 
0.000000 
0.000000 
0.000000 
0.000000 
0.000000 
0.000000 
0.000000 
0.000000 
0.000000 
0.000000 
0.000000 
0.000000 
0.000000 
0.000000 
0.000000 
0.000000 
0.000000 
0.000000 
0.000000 
0.000000 
0.000000 
0.000000 
0.000000 
0.000000 
0.000000 
0.000000 
0.000000 
0.000000 
0.000000 
0.000000 
0.000000 
0.000000 
0.000000 
0.000000 
0.000000 
0.000000 
0.000000 
0.000000 
0.000000 
0.000000 
0.000000 
0.000000 
0.000000 
0.000000 
0.000000 
0.000000 
0.000000 
0.000000 
0.000000 
0.000000 
0.000000 
0.000000 
0.000000 
0.000000 
0.000000 
0.000000 
0.000000 
0.000000 
0.000000 
0.000000 
0.000000 
0.000000 
0.000000 
0.000000 
0.000000 
0.000000 
0.000000 
0.000000 
0.000000 
0.000000 
0.000000 
0.000000 
0.000000 
0.000000 
0.000000 
0.000000 
0.000000 
0.000000 
0.000000 
0.000000 
0.000000 
0.000000 
0.000000 
0.000000 
0.000000 
0.000000 
0.000000 
0.000000 
0.000000 
0.000000 
0.000000 
0.000000 
0.000000 
0.000000 
0.000000 
0.000000 
0.000000 
0.000000 
0.000000 
0.000000 
0.000000 
0.000000 
0.000000 
0.000000 
0.000000 
0.000000 
0.000000 
0.000000 
0.000000 
0.000000 
0.000000 
0.000000 
0.000000 
0.000000 
0.000000 
0.000000 
0.000000 
0.000000 
0.000000 
0.000000 
0.000000 
0.000000 
0.000000 
0.000000 
0.000000 
1.049956 
1.049937 
1.049957 
1.049925 
1.049959 
1.049911 
1.049955 
1.050007 
1.049873 
1.049939 
1.050163 
1.050155 
1.049965 
1.049935 
1.049946 
1.050072 
1.049932 
1.049990 
1.049998 
1.049945 
1.049962 
1.049996 
1.050053 
1.050009 
1.050044 
1.049915 
1.049951 
1.049895 
1.049944 
1.049831 
1.049954 
1.049862 
1.050019 
1.049910 
1.050099 
1.050017 
1.050111 
1.049968 
1.049950 
1.050004 
1.049853 
1.049983 
1.049875 
1.049970 
1.049917 
1.049939 
1.049917 
1.049864 
1.050063 
1.049993 
1.050035 
1.049961 
1.049968 
1.049983 
1.049968 
1.049891 
1.049977 
1.050037 
1.050015 
1.049901 
1.049954 
1.050002 
1.049959 
1.049928 
1.049957 
1.049953 
1.049968 
1.049983 
1.050002 
1.049857 
1.049961 
1.049808 
1.049871 
1.050017 
1.049981 
1.049942 
1.049985 
1.049927 
1.049981 
1.049967 
1.049998 
1.050012 
1.049837 
1.049862 
1.049969 
1.050009 
1.049928 
1.049932 
1.050030 
1.049979 
1.049885 
1.049947 
1.049914 
1.049910 
1.049920 
1.049915 
1.050105 
1.049946 
1.049945 
1.049874 
1.049965 
0.281856 
0.281881 
0.281501 
0.281969 
0.282338 
0.281653 
0.282273 
0.282318 
0.281508 
0.282026 
0.283265 
0.282616 
0.281878 
0.282146 
0.281625 
0.282349 
0.282159 
0.282804 
0.282266 
0.282084 
0.282550 
0.282326 
0.282718 
0.282564 
0.282231 
0.281652 
0.281944 
0.281715 
0.281730 
0.281807 
0.282016 
0.282351 
0.282334 
0.281918 
0.282794 
0.283160 
0.282402 
0.282477 
0.282389 
0.282461 
0.281782 
0.282739 
0.281656 
0.282589 
0.281734 
0.282275 
0.282144 
0.282239 
0.282275 
0.282619 
0.282387 
0.282073 
0.282480 
0.282626 
0.282304 
0.282100 
0.282130 
0.282633 
0.283225 
0.281643 
0.281603 
0.282111 
0.282527 
0.281818 
0.281790 
0.282382 
0.282628 
0.281932 
0.282849 
0.281402 
0.282040 
0.282051 
0.281864 
0.282226 
0.282347 
0.282484 
0.282257 
0.282072 
0.282501 
0.281942 
0.282207 
0.282921 
0.281932 
0.282355 
0.281866 
0.282663 
0.282139 
0.282096 
0.282492 
0.281849 
0.281988 
0.282413 
0.281850 
0.281659 
0.281753 
0.282200 
0.282880 
0.282312 
0.282476 
0.281004 
0.282206 
0.000000 
0.000000 
0.000000 
0.000000 
0.000000 
0.000000 
0.000000 
0.000000 
0.000000 
0.000000 
0.000000 
0.000000 
0.000000 
0.000000 
0.000000 
0.000000 
0.000000 
0.000000 
0.000000 
0.000000 
0.000000 
0.000000 
0.000000 
0.000000 
0.000000 
0.000000 
0.000000 
0.000000 
0.000000 
0.000000 
0.000000 
0.000000 
0.000000 
0.000000 
0.000000 
0.000000 
0.000000 
0.000000 
0.000000 
0.000000 
0.000000 
0.000000 
0.000000 
0.000000 
0.000000 
0.000000 
0.000000 
0.000000 
0.000000 
0.000000 
0.000000 
0.000000 
0.000000 
0.000000 
0.000000 
0.000000 
0.000000 
0.000000 
0.000000 
0.000000 
0.000000 
0.000000 
0.000000 
0.000000 
0.000000 
0.000000 
0.000000 
0.000000 
0.000000 
0.000000 
0.000000 
0.000000 
0.000000 
0.000000 
0.000000 
0.000000 
0.000000 
0.000000 
0.000000 
0.000000 
0.000000 
0.000000 
0.000000 
0.000000 
0.000000 
0.000000 
0.000000 
0.000000 
0.000000 
0.000000 
0.000000 
0.000000 
0.000000 
0.000000 
0.000000 
0.000000 
0.000000 
0.000000 
0.000000 
0.000000 
0.000000 
0.000000 
0.000000 
0.000000 
0.000000 
0.000000 
0.000000 
0.000000 
0.000000 
0.000000 
0.000000 
0.000000 
0.000000 
0.000000 
0.000000 
0.000000 
0.000000 
0.000000 
0.000000 
0.000000 
0.000000 
0.000000 
0.000000 
0.000000 
0.000000 
0.000000 
0.000000 
0.000000 
0.000000 
0.000000 
0.000000 
0.000000 
0.000000 
0.000000 
0.000000 
0.000000 
0.000000 
0.000000 
0.000000 
0.000000 
0.000000 
0.000000 
0.000000 
0.000000 
0.000000 
0.000000 
0.000000 
0.000000 
0.000000 
0.000000 
0.000000 
0.000000 
0.000000 
0.000000 
0.000000 
0.000000 
0.000000 
0.000000 
0.000000 
0.000000 
0.000000 
0.000000 
0.000000 
0.000000 
0.000000 
0.000000 
0.000000 
0.000000 
0.000000 
0.000000 
0.000000 
0.000000 
0.000000 
0.000000 
0.000000 
0.000000 
0.000000 
0.000000 
0.000000 
0.000000 
0.000000 
0.000000 
0.000000 
0.000000 
0.000000 
0.000000 
0.000000 
0.000000 
0.000000 
0.000000 
0.000000 
0.000000 
0.000000 
0.000000 
0.000000 
0.000000 
0.000000 
0.000000 
0.000000 
0.000000 
0.000000 
0.000000 
0.000000 
0.000000 
0.000000 
0.000000 
0.000000 
0.000000 
0.000000 
0.000000 
0.000000 
0.000000 
0.000000 
0.000000 
0.000000 
0.000000 
0.000000 
0.000000 
0.000000 
0.000000 
0.000000 
0.000000 
0.000000 
0.000000 
0.000000 
0.000000 
0.000000 
0.000000 
0.000000 
0.000000 
0.000000 
0.000000 
0.000000 
0.000000 
0.000000 
0.000000 
0.000000 
0.000000 
0.000000 
0.000000 
0.000000 
0.000000 
0.000000 
0.000000 
0.000000 
0.000000 
0.000000 
0.000000 
0.000000 
0.000000 
0.000000 
0.000000 
0.000000 
0.000000 
0.000000 
0.000000 
0.000000 
0.000000 
0.000000 
0.000000 
0.000000 
0.000000 
0.000000 
0.000000 
0.000000 
0.000000 
0.000000 
0.000000 
0.000000 
0.000000 
0.000000 
0.000000 
0.000000 
0.000000 
0.000000 
0.000000 
0.000000 
0.000000 
0.000000 
0.000000 
0.000000 
0.000000 
0.000000 
0.000000 
0.000000 
0.000000 
0.000000 
0.000000 
0.000000 
0.000000 
0.000000 
0.000000 
0.000000 
0.000000 
0.000000 
0.000000 
0.000000 
0.000000 
0.000000 
0.000000 
0.000000 
0.000000 
0.000000 
0.061375 
0.061342 
0.061617 
0.061379 
0.061322 
0.061524 
0.061222 
0.061314 
0.061308 
0.061276 
0.061299 
0.061688 
0.061363 
0.061049 
0.061626 
0.061454 
0.061246 
0.061076 
0.061325 
0.061206 
0.060960 
0.061285 
0.061241 
0.061369 
0.061437 
0.061444 
0.061466 
0.061454 
0.061428 
0.061089 
0.061400 
0.060830 
0.061370 
0.061361 
0.061436 
0.061018 
0.061693 
0.061145 
0.061071 
0.061149 
0.061319 
0.061075 
0.061211 
0.061229 
0.061486 
0.061149 
0.060979 
0.061074 
0.061554 
0.061133 
0.061360 
0.061465 
0.061105 
0.061097 
0.061087 
0.061014 
0.061135 
0.061427 
0.060849 
0.061312 
0.061681 
0.061431 
0.060971 
0.061338 
0.061449 
0.061109 
0.061183 
0.061603 
0.061107 
0.061476 
0.061473 
0.060853 
0.061292 
0.061359 
0.061272 
0.061090 
0.061235 
0.061308 
0.061244 
0.061291 
0.061477 
0.061104 
0.061149 
0.061012 
0.061583 
0.061386 
0.061366 
0.061149 
0.061467 
0.061608 
0.061090 
0.061029 
0.061464 
0.061383 
0.061467 
0.061153 
0.061343 
0.061177 
0.061186 
0.061811 
0.061294 
0.990018 
0.989614 
0.992362 
0.989874 
0.988921 
0.991117 
0.988273 
0.988741 
0.990014 
0.989032 
0.987409 
0.991000 
0.990066 
0.987484 
0.991920 
0.990074 
0.988599 
0.986286 
0.988993 
0.988552 
0.986459 
0.988671 
0.987676 
0.988857 
0.989899 
0.990878 
0.990185 
0.990530 
0.990616 
0.987954 
0.990076 
0.985541 
0.989392 
0.989452 
0.988805 
0.985406 
0.991329 
0.987296 
0.986923 
0.988008 
0.989596 
0.986707 
0.989037 
0.987786 
0.990735 
0.987897 
0.986863 
0.987374 
0.990746 
0.986927 
0.989130 
0.990404 
0.987389 
0.987019 
0.987538 
0.987278 
0.988341 
0.989074 
0.984394 
0.990029 
0.992196 
0.989924 
0.985945 
0.989695 
0.990511 
0.987133 
0.987642 
0.991334 
0.986481 
0.991406 
0.990323 
0.986261 
0.989631 
0.989215 
0.988551 
0.987272 
0.988336 
0.989136 
0.988087 
0.989392 
0.989917 
0.986552 
0.988320 
0.986299 
0.991185 
0.988399 
0.989283 
0.987965 
0.989517 
0.991281 
0.987655 
0.986832 
0.990476 
0.990135 
0.990932 
0.988078 
0.987749 
0.988018 
0.987821 
0.994347 
0.988880 
0.000000 
0.000000 
0.000000 
0.000000 
0.000000 
0.000000 
0.000000 
0.000000 
0.000000 
0.000000 
0.000000 
0.000000 
0.000000 
0.000000 
0.000000 
0.000000 
0.000000 
0.000000 
0.000000 
0.000000 
0.000000 
0.000000 
0.000000 
0.000000 
0.000000 
0.000000 
0.000000 
0.000000 
0.000000 
0.000000 
0.000000 
0.000000 
0.000000 
0.000000 
0.000000 
0.000000 
0.000000 
0.000000 
0.000000 
0.000000 
0.000000 
0.000000 
0.000000 
0.000000 
0.000000 
0.000000 
0.000000 
0.000000 
0.000000 
0.000000 
0.000000 
0.000000 
0.000000 
0.000000 
0.000000 
0.000000 
0.000000 
0.000000 
0.000000 
0.000000 
0.000000 
0.000000 
0.000000 
0.000000 
0.000000 
0.000000 
0.000000 
0.000000 
0.000000 
0.000000 
0.000000 
0.000000 
0.000000 
0.000000 
0.000000 
0.000000 
0.000000 
0.000000 
0.000000 
0.000000 
0.000000 
0.000000 
0.000000 
0.000000 
0.000000 
0.000000 
0.000000 
0.000000 
0.000000 
0.000000 
0.000000 
0.000000 
0.000000 
0.000000 
0.000000 
0.000000 
0.000000 
0.000000 
0.000000 
0.000000 
0.000000 
0.000000 
0.000000 
0.000000 
0.000000 
0.000000 
0.000000 
0.000000 
0.000000 
0.000000 
0.000000 
0.000000 
0.000000 
0.000000 
0.000000 
0.000000 
0.000000 
0.000000 
0.000000 
0.000000 
0.000000 
0.000000 
0.000000 
0.000000 
0.000000 
0.000000 
0.000000 
0.000000 
0.000000 
0.000000 
0.000000 
0.000000 
0.000000 
0.000000 
0.000000 
0.000000 
0.000000 
0.000000 
0.000000 
0.000000 
0.000000 
0.000000 
0.000000 
0.000000 
0.000000 
0.000000 
0.000000 
0.000000 
0.000000 
0.000000 
0.000000 
0.000000 
0.000000 
0.000000 
0.000000 
0.000000 
0.000000 
0.000000 
0.000000 
0.000000 
0.000000 
0.000000 
0.000000 
0.000000 
0.000000 
0.000000 
0.000000 
0.000000 
0.000000 
0.000000 
0.000000 
0.000000 
0.000000 
0.000000 
0.000000 
0.000000 
0.000000 
0.000000 
0.000000 
0.000000 
0.000000 
0.000000 
0.000000 
0.000000 
0.000000 
0.000000 
0.000000 
0.000000 
0.000000 
0.000000 
0.000000 
0.000000 
0.000000 
0.000000 
0.000000 
0.000000 
0.000000 
0.000000 
0.000000 
0.000000 
0.000000 
0.000000 
0.000000 
0.000000 
0.000000 
0.000000 
0.000000 
0.000000 
0.000000 
0.000000 
0.000000 
0.000000 
0.000000 
0.000000 
0.000000 
0.000000 
0.000000 
0.000000 
0.000000 
0.000000 
0.000000 
0.000000 
0.000000 
0.000000 
0.000000 
0.000000 
0.000000 
0.000000 
0.000000 
0.000000 
0.000000 
0.000000 
0.000000 
0.000000 
0.000000 
0.000000 
0.000000 
0.000000 
0.000000 
0.000000 
0.000000 
0.000000 
0.000000 
0.000000 
0.000000 
0.000000 
0.000000 
0.000000 
0.000000 
0.000000 
0.000000 
0.000000 
0.000000 
0.000000 
0.000000 
0.000000 
0.000000 
0.000000 
0.000000 
0.000000 
0.000000 
0.000000 
0.000000 
0.000000 
0.000000 
0.000000 
0.000000 
0.000000 
0.000000 
0.000000 
0.000000 
0.000000 
0.000000 
0.000000 
0.000000 
0.000000 
0.000000 
0.000000 
0.000000 
0.000000 
0.000000 
0.000000 
0.000000 
0.000000 
0.000000 
0.000000 
0.000000 
0.000000 
0.000000 
0.000000 
0.000000 
0.000000 
0.000000 
0.000000 
0.000000 
0.000000 
0.000000 
0.000000 
0.000000 
0.000000 
0.000000 
0.000000 
0.000000 
0.000000 
0.000000 
0.000000 
0.000000 
0.000000 
0.000000 
0.000000 
0.000000 
0.000000 
0.000000 
0.000000 
0.000000 
0.000000 
0.000000 
0.000000 
0.000000 
0.000000 
0.000000 
0.000000 
0.000000 
0.000000 
0.000000 
0.000000 
0.000000 
0.000000 
0.000000 
0.000000 
0.000000 
0.000000 
0.000000 
0.000000 
0.000000 
0.000000 
0.000000 
0.000000 
0.000000 
0.000000 
0.000000 
0.000000 
0.000000 
0.000000 
0.000000 
0.000000 
0.000000 
0.000000 
0.000000 
0.000000 
0.000000 
0.000000 
0.000000 
0.000000 
0.000000 
0.000000 
0.000000 
0.000000 
0.000000 
0.000000 
0.000000 
0.000000 
0.000000 
0.000000 
0.000000 
0.000000 
0.000000 
0.000000 
0.000000 
0.000000 
0.000000 
0.000000 
0.000000 
0.000000 
0.000000 
0.000000 
0.000000 
0.000000 
0.000000 
0.000000 
0.000000 
0.000000 
0.000000 
0.000000 
0.000000 
0.000000 
0.000000 
0.000000 
0.000000 
0.000000 
0.000000 
0.000000 
0.000000 
0.000000 
0.000000 
0.000000 
0.000000 
0.000000 
0.000000 
0.000000 
0.000000 
0.000000 
0.000000 
0.000000 
0.000000 
0.000000 
0.000000 
0.000000 
0.000000 
0.000000 
0.000000 
0.000000 
0.000000 
0.000000 
0.000000 
0.000000 
0.000000 
0.000000 
0.000000 
0.000000 
0.000000 
0.000000 
0.000000 
0.000000 
0.000000 
0.000000 
0.000000 
0.000000 
0.000000 
0.000000 
0.000000 
0.000000 
0.000000 
0.000000 
0.000000 
0.000000 
0.000000 
0.000000 
0.000000 
0.000000 
0.000000 
0.000000 
0.000000 
0.000000 
0.000000 
0.000000 
0.000000 
0.000000 
0.000000 
0.000000 
0.000000 
0.000000 
0.000000 
0.000000 
0.000000 
0.000000 
0.000000 
0.000000 
0.000000 
0.000000 
0.000000 
0.000000 
0.000000 
0.000000 
0.000000 
0.000000 
0.000000 
0.000000 
0.000000 
0.000000 
0.000000 
0.000000 
0.000000 
0.000000 
0.000000 
0.000000 
0.000000 
0.000000 
0.000000 
0.000000 
0.000000 
0.000000 
0.000000 
0.000000 
0.000000 
0.000000 
0.000000 
0.000000 
0.000000 
0.000000 
0.000000 
0.000000 
0.000000 
0.000000 
0.000000 
0.000000 
0.000000 
0.000000 
0.000000 
0.000000 
0.000000 
0.000000 
0.000000 
0.000000 
0.000000 
1.028161 
1.028036 
1.030317 
1.028061 
1.027294 
1.029233 
1.026485 
1.027107 
1.028138 
1.027365 
1.025779 
1.029505 
1.028295 
1.025847 
1.030100 
1.028204 
1.026632 
1.024900 
1.027209 
1.026896 
1.025020 
1.027081 
1.026125 
1.027011 
1.028188 
1.028928 
1.028172 
1.028618 
1.028720 
1.026191 
1.028317 
1.023941 
1.027671 
1.027584 
1.027088 
1.023734 
1.029403 
1.025681 
1.025255 
1.026539 
1.027755 
1.025146 
1.027346 
1.025983 
1.028826 
1.026079 
1.025273 
1.025632 
1.028927 
1.025449 
1.027402 
1.028714 
1.025757 
1.025446 
1.026017 
1.025505 
1.026673 
1.027273 
1.022973 
1.028137 
1.030250 
1.028328 
1.024330 
1.027859 
1.028772 
1.025630 
1.025813 
1.029329 
1.024975 
1.029443 
1.028500 
1.024647 
1.027780 
1.027486 
1.026958 
1.025611 
1.026579 
1.027196 
1.026444 
1.027597 
1.028009 
1.025077 
1.026589 
1.024697 
1.029251 
1.026584 
1.027485 
1.026101 
1.027983 
1.029316 
1.025830 
1.025108 
1.028504 
1.028087 
1.029047 
1.026272 
1.026139 
1.026398 
1.026291 
1.032200 
1.027146 
-0.040753 
-0.040755 
-0.041091 
-0.040734 
-0.040620 
-0.040880 
-0.040514 
-0.040626 
-0.040681 
-0.040575 
-0.040371 
-0.040988 
-0.040720 
-0.040358 
-0.041033 
-0.040775 
-0.040418 
-0.040212 
-0.040638 
-0.040507 
-0.040200 
-0.040609 
-0.040442 
-0.040635 
-0.040757 
-0.040899 
-0.040740 
-0.040857 
-0.040835 
-0.040405 
-0.040768 
-0.040051 
-0.040669 
-0.040679 
-0.040686 
-0.040054 
-0.040899 
-0.040323 
-0.040212 
-0.040462 
-0.040684 
-0.040232 
-0.040605 
-0.040311 
-0.040912 
-0.040369 
-0.040250 
-0.040306 
-0.040896 
-0.040335 
-0.040680 
-0.040792 
-0.040307 
-0.040332 
-0.040367 
-0.040282 
-0.040503 
-0.040560 
-0.039990 
-0.040677 
-0.041051 
-0.040823 
-0.040142 
-0.040651 
-0.040842 
-0.040390 
-0.040415 
-0.040930 
-0.040295 
-0.040865 
-0.040834 
-0.040071 
-0.040647 
-0.040588 
-0.040570 
-0.040345 
-0.040420 
-0.040577 
-0.040483 
-0.040638 
-0.040722 
-0.040239 
-0.040439 
-0.040169 
-0.040957 
-0.040464 
-0.040643 
-0.040401 
-0.040763 
-0.040871 
-0.040297 
-0.040214 
-0.040818 
-0.040716 
-0.040847 
-0.040452 
-0.040406 
-0.040507 
-0.040438 
-0.041442 
-0.040576 
0.000000 
0.000000 
0.000000 
0.000000 
0.000000 
0.000000 
0.000000 
0.000000 
0.000000 
0.000000 
0.000000 
0.000000 
0.000000 
0.000000 
0.000000 
0.000000 
0.000000 
0.000000 
0.000000 
0.000000 
0.000000 
0.000000 
0.000000 
0.000000 
0.000000 
0.000000 
0.000000 
0.000000 
0.000000 
0.000000 
0.000000 
0.000000 
0.000000 
0.000000 
0.000000 
0.000000 
0.000000 
0.000000 
0.000000 
0.000000 
0.000000 
0.000000 
0.000000 
0.000000 
0.000000 
0.000000 
0.000000 
0.000000 
0.000000 
0.000000 
0.000000 
0.000000 
0.000000 
0.000000 
0.000000 
0.000000 
0.000000 
0.000000 
0.000000 
0.000000 
0.000000 
0.000000 
0.000000 
0.000000 
0.000000 
0.000000 
0.000000 
0.000000 
0.000000 
0.000000 
0.000000 
0.000000 
0.000000 
0.000000 
0.000000 
0.000000 
0.000000 
0.000000 
0.000000 
0.000000 
0.000000 
0.000000 
0.000000 
0.000000 
0.000000 
0.000000 
0.000000 
0.000000 
0.000000 
0.000000 
0.000000 
0.000000 
0.000000 
0.000000 
0.000000 
0.000000 
0.000000 
0.000000 
0.000000 
0.000000 
0.000000 
0.000000 
0.000000 
0.000000 
0.000000 
0.000000 
0.000000 
0.000000 
0.000000 
0.000000 
0.000000 
0.000000 
0.000000 
0.000000 
0.000000 
0.000000 
0.000000 
0.000000 
0.000000 
0.000000 
0.000000 
0.000000 
0.000000 
0.000000 
0.000000 
0.000000 
0.000000 
0.000000 
0.000000 
0.000000 
0.000000 
0.000000 
0.000000 
0.000000 
0.000000 
0.000000 
0.000000 
0.000000 
0.000000 
0.000000 
0.000000 
0.000000 
0.000000 
0.000000 
0.000000 
0.000000 
0.000000 
0.000000 
0.000000 
0.000000 
0.000000 
0.000000 
0.000000 
0.000000 
0.000000 
0.000000 
0.000000 
0.000000 
0.000000 
0.000000 
0.000000 
0.000000 
0.000000 
0.000000 
0.000000 
0.000000 
0.000000 
0.000000 
0.000000 
0.000000 
0.000000 
0.000000 
0.000000 
0.000000 
0.000000 
0.000000 
0.000000 
0.000000 
0.000000 
0.000000 
0.000000 
0.000000 
0.000000 
0.000000 
0.000000 
0.000000 
0.000000 
0.000000 
0.000000 
0.000000 
0.000000 
0.000000 
0.000000 
0.000000 
0.000000 
0.000000 
0.000000 
0.000000 
0.000000 
0.000000 
0.000000 
0.000000 
0.000000 
0.000000 
0.000000 
0.000000 
0.000000 
0.000000 
0.000000 
0.000000 
0.000000 
0.000000 
0.000000 
0.000000 
0.000000 
0.000000 
0.000000 
0.000000 
0.000000 
0.000000 
0.000000 
0.000000 
0.000000 
0.000000 
0.000000 
0.000000 
0.000000 
0.000000 
0.000000 
0.000000 
0.000000 
0.000000 
0.000000 
0.000000 
0.000000 
0.000000 
0.000000 
0.000000 
0.000000 
0.000000 
0.000000 
0.000000 
0.000000 
0.000000 
0.000000 
0.000000 
0.000000 
0.000000 
0.000000 
0.000000 
0.000000 
0.000000 
0.000000 
0.000000 
0.000000 
0.000000 
0.000000 
0.000000 
0.000000 
0.000000 
0.000000 
0.000000 
0.000000 
0.000000 
0.000000 
0.000000 
0.000000 
0.000000 
0.000000 
0.000000 
0.000000 
0.000000 
0.000000 
0.000000 
0.000000 
0.000000 
0.000000 
0.000000 
0.000000 
0.000000 
0.000000 
0.000000 
0.000000 
0.000000 
0.000000 
0.000000 
0.000000 
0.000000 
0.000000 
0.000000 
0.000000 
0.000000 
0.000000 
0.000000 
0.000000 
0.000000 
0.000000 
0.000000 
0.000000 
0.000000 
0.000000 
0.000000 
0.000000 
-0.280271 
-0.280235 
-0.280108 
-0.280565 
-0.280998 
-0.279963 
-0.280910 
-0.281034 
-0.280081 
-0.280681 
-0.282173 
-0.280818 
-0.280585 
-0.280998 
-0.280214 
-0.280804 
-0.281353 
-0.281796 
-0.281117 
-0.280905 
-0.281563 
-0.280911 
-0.282018 
-0.281348 
-0.280796 
-0.280236 
-0.280859 
-0.280486 
-0.280340 
-0.280855 
-0.280626 
-0.281376 
-0.280940 
-0.280991 
-0.281697 
-0.282418 
-0.280979 
-0.281433 
-0.281527 
-0.281158 
-0.280589 
-0.281886 
-0.280475 
-0.281857 
-0.280521 
-0.281146 
-0.280972 
-0.281348 
-0.280716 
-0.281729 
-0.281231 
-0.280637 
-0.281346 
-0.281535 
-0.281017 
-0.281386 
-0.280652 
-0.281648 
-0.282244 
-0.280593 
-0.280220 
-0.280623 
-0.281510 
-0.280432 
-0.280287 
-0.281282 
-0.281517 
-0.280637 
-0.281941 
-0.279943 
-0.280833 
-0.280956 
-0.280651 
-0.281011 
-0.280903 
-0.281596 
-0.281142 
-0.280948 
-0.281514 
-0.280881 
-0.280847 
-0.281885 
-0.280801 
-0.281365 
-0.280430 
-0.281764 
-0.280953 
-0.281035 
-0.281314 
-0.280654 
-0.281111 
-0.281582 
-0.280435 
-0.280649 
-0.280261 
-0.281321 
-0.282095 
-0.281078 
-0.281281 
-0.278862 
-0.281005 
1.165661 
1.165581 
1.164758 
1.165990 
1.166829 
1.165294 
1.167008 
1.166621 
1.165687 
1.166907 
1.168888 
1.166118 
1.166162 
1.167504 
1.165189 
1.166484 
1.167923 
1.168868 
1.167002 
1.167176 
1.168377 
1.166750 
1.168546 
1.166915 
1.166441 
1.165454 
1.166517 
1.165447 
1.165557 
1.167298 
1.166071 
1.168290 
1.166621 
1.166884 
1.167471 
1.169647 
1.166698 
1.168005 
1.168350 
1.167420 
1.166170 
1.169019 
1.166263 
1.169023 
1.165663 
1.167836 
1.167780 
1.167939 
1.165927 
1.168328 
1.166819 
1.166420 
1.168223 
1.168198 
1.167549 
1.168058 
1.166685 
1.168052 
1.169514 
1.166623 
1.164842 
1.166033 
1.168303 
1.166509 
1.165537 
1.167605 
1.167894 
1.165874 
1.168629 
1.165470 
1.166271 
1.168449 
1.166231 
1.167188 
1.166854 
1.168213 
1.167673 
1.167071 
1.167822 
1.166700 
1.166504 
1.169092 
1.167181 
1.168372 
1.165641 
1.168336 
1.166757 
1.167632 
1.167018 
1.166333 
1.167649 
1.168318 
1.165655 
1.166256 
1.165644 
1.167499 
1.168894 
1.167097 
1.167566 
1.162553 
1.167030 
