1.045882 
1.046402 
1.046584 
1.046158 
1.046403 
1.045530 
1.045543 
1.044465 
1.045361 
1.045254 
1.044723 
1.044870 
1.045797 
1.045534 
1.045007 
1.045298 
1.044169 
1.047169 
1.045558 
1.045420 
1.046137 
1.045661 
1.047540 
1.046305 
1.045865 
1.045983 
1.046039 
1.045722 
1.045331 
1.045558 
1.046678 
1.045092 
1.046498 
1.046526 
1.044208 
1.046487 
1.045256 
1.045994 
1.045024 
1.044874 
1.044971 
1.045706 
1.045644 
1.045062 
1.045968 
1.047020 
1.046285 
1.045597 
1.046141 
1.044050 
1.045747 
1.045179 
1.045549 
1.045812 
1.045926 
1.045590 
1.045351 
1.046455 
1.045673 
1.045009 
1.044893 
1.045502 
1.045966 
1.045057 
1.046835 
1.044411 
1.045058 
1.045391 
1.045159 
1.045770 
1.047082 
1.046048 
1.044822 
1.045887 
1.044804 
1.046108 
1.045553 
1.044768 
1.046503 
1.045712 
1.045389 
1.045760 
1.045532 
1.044245 
1.047238 
1.044968 
1.046305 
1.046239 
1.045547 
1.045861 
1.046013 
1.045001 
1.045756 
1.045939 
1.046690 
1.045752 
1.044702 
1.046091 
1.045236 
1.045637 
1.045677 
0.000000 
0.000000 
0.000000 
0.000000 
0.000000 
0.000000 
0.000000 
0.000000 
0.000000 
0.000000 
0.000000 
0.000000 
0.000000 
0.000000 
0.000000 
0.000000 
0.000000 
0.000000 
0.000000 
0.000000 
0.000000 
0.000000 
0.000000 
0.000000 
0.000000 
0.000000 
0.000000 
0.000000 
0.000000 
0.000000 
0.000000 
0.000000 
0.000000 
0.000000 
0.000000 
0.000000 
0.000000 
0.000000 
0.000000 
0.000000 
0.000000 
0.000000 
0.000000 
0.000000 
0.000000 
0.000000 
0.000000 
0.000000 
0.000000 
0.000000 
0.000000 
0.000000 
0.000000 
0.000000 
0.000000 
0.000000 
0.000000 
0.000000 
0.000000 
0.000000 
0.000000 
0.000000 
0.000000 
0.000000 
0.000000 
0.000000 
0.000000 
0.000000 
0.000000 
0.000000 
0.000000 
0.000000 
0.000000 
0.000000 
0.000000 
0.000000 
0.000000 
0.000000 
0.000000 
0.000000 
0.000000 
0.000000 
0.000000 
0.000000 
0.000000 
0.000000 
0.000000 
0.000000 
0.000000 
0.000000 
0.000000 
0.000000 
0.000000 
0.000000 
0.000000 
0.000000 
0.000000 
0.000000 
0.000000 
0.000000 
0.000000 
0.000000 
0.000000 
0.000000 
0.000000 
0.000000 
0.000000 
0.000000 
0.000000 
0.000000 
0.000000 
0.000000 
0.000000 
0.000000 
0.000000 
0.000000 
0.000000 
0.000000 
0.000000 
0.000000 
0.000000 
0.000000 
0.000000 
0.000000 
0.000000 
0.000000 
0.000000 
0.000000 
0.000000 
0.000000 
0.000000 
0.000000 
0.000000 
0.000000 
0.000000 
0.000000 
0.000000 
0.000000 
0.000000 
0.000000 
0.000000 
0.000000 
0.000000 
0.000000 
0.000000 
0.000000 
0.000000 
0.000000 
0.000000 
0.000000 
0.000000 
0.000000 
0.000000 
0.000000 
0.000000 
0.000000 
0.000000 
0.000000 
0.000000 
0.000000 
0.000000 
0.000000 
0.000000 
0.000000 
0.000000 
0.000000 
0.000000 
0.000000 
0.000000 
0.000000 
0.000000 
0.000000 
0.000000 
0.000000 
0.000000 
0.000000 
0.000000 
0.000000 
0.000000 
0.000000 
0.000000 
0.000000 
0.000000 
0.000000 
0.000000 
0.000000 
0.000000 
0.000000 
0.000000 
0.000000 
0.000000 
0.000000 
0.000000 
0.000000 
0.000000 
0.000000 
0.000000 
0.000000 
0.000000 
0.000000 
0.000000 
0.000000 
0.000000 
0.000000 
0.000000 
0.000000 
0.000000 
0.000000 
0.000000 
0.000000 
0.000000 
0.000000 
0.000000 
0.000000 
0.000000 
0.000000 
0.000000 
0.000000 
0.000000 
0.000000 
0.000000 
0.000000 
0.000000 
0.000000 
0.000000 
0.000000 
0.000000 
0.000000 
0.000000 
0.000000 
0.000000 
0.000000 
0.000000 
0.000000 
0.000000 
0.000000 
0.000000 
0.000000 
0.000000 
0.000000 
0.000000 
0.000000 
0.000000 
0.000000 
0.000000 
0.000000 
0.000000 
0.000000 
0.000000 
0.000000 
0.000000 
0.000000 
0.000000 
0.000000 
0.000000 
0.000000 
0.000000 
0.000000 
0.000000 
0.000000 
0.000000 
0.000000 
0.000000 
0.000000 
0.000000 
0.000000 
0.000000 
0.000000 
0.000000 
0.000000 
0.000000 
0.000000 
0.000000 
0.000000 
0.000000 
0.000000 
0.000000 
0.000000 
0.000000 
0.000000 
0.000000 
0.000000 
0.000000 
0.000000 
0.000000 
0.000000 
0.000000 
0.000000 
0.000000 
0.000000 
0.000000 
0.000000 
0.000000 
0.000000 
0.000000 
0.000000 
0.000000 
0.000000 
0.000000 
0.000000 
0.000000 
0.000000 
0.000000 
0.000000 
0.000000 
0.000000 
0.000000 
0.000000 
0.000000 
0.000000 
0.000000 
0.000000 
0.000000 
0.000000 
0.000000 
0.000000 
0.000000 
0.000000 
0.000000 
0.000000 
0.000000 
0.000000 
0.000000 
0.000000 
0.000000 
0.000000 
0.000000 
0.000000 
0.000000 
0.000000 
0.000000 
0.000000 
0.000000 
0.000000 
0.000000 
0.000000 
0.000000 
0.000000 
0.000000 
0.000000 
0.000000 
0.000000 
0.000000 
0.000000 
0.000000 
0.000000 
0.000000 
0.000000 
0.000000 
0.000000 
0.000000 
0.000000 
0.000000 
0.000000 
0.000000 
0.000000 
0.000000 
0.000000 
0.000000 
0.000000 
0.000000 
0.000000 
0.000000 
0.000000 
0.000000 
0.000000 
0.000000 
0.000000 
0.000000 
0.000000 
0.000000 
0.000000 
0.000000 
0.000000 
0.000000 
0.000000 
0.000000 
0.000000 
0.000000 
0.000000 
0.000000 
0.000000 
0.000000 
0.000000 
0.000000 
0.000000 
0.000000 
0.000000 
0.000000 
0.000000 
0.000000 
0.000000 
0.000000 
0.000000 
0.000000 
0.000000 
0.000000 
0.000000 
0.000000 
0.000000 
0.000000 
0.000000 
0.000000 
0.000000 
0.000000 
0.000000 
0.000000 
0.000000 
0.000000 
0.000000 
0.000000 
0.000000 
0.000000 
0.000000 
0.000000 
0.000000 
0.000000 
0.000000 
0.000000 
0.000000 
0.000000 
0.000000 
0.000000 
0.000000 
0.000000 
0.000000 
0.000000 
0.000000 
0.000000 
0.000000 
0.000000 
0.000000 
0.000000 
0.000000 
0.000000 
0.000000 
0.000000 
0.000000 
0.000000 
0.000000 
0.000000 
0.000000 
0.000000 
0.000000 
0.000000 
0.000000 
0.000000 
0.000000 
0.000000 
0.000000 
0.000000 
0.000000 
0.000000 
0.000000 
0.000000 
0.000000 
0.000000 
0.000000 
0.000000 
0.000000 
0.000000 
0.000000 
0.000000 
0.000000 
0.000000 
0.000000 
0.000000 
0.000000 
0.000000 
0.000000 
0.000000 
0.000000 
0.000000 
0.000000 
0.000000 
0.000000 
0.000000 
0.000000 
0.000000 
0.000000 
0.000000 
0.000000 
0.000000 
0.000000 
0.000000 
0.000000 
0.000000 
0.000000 
0.000000 
0.000000 
0.000000 
0.000000 
0.000000 
0.000000 
0.000000 
0.000000 
0.000000 
0.000000 
0.000000 
0.000000 
0.000000 
0.000000 
0.000000 
0.000000 
0.000000 
1.161940 
1.162613 
1.163043 
1.162709 
1.163024 
1.161813 
1.162273 
1.160421 
1.161537 
1.161937 
1.161016 
1.161059 
1.161722 
1.161428 
1.161263 
1.162339 
1.160820 
1.163825 
1.161695 
1.161834 
1.162808 
1.162974 
1.164648 
1.162383 
1.162466 
1.162661 
1.162596 
1.162093 
1.161943 
1.162222 
1.163674 
1.161769 
1.163242 
1.163332 
1.160874 
1.163122 
1.161706 
1.162494 
1.161863 
1.161069 
1.161875 
1.162191 
1.162189 
1.161199 
1.162872 
1.164144 
1.162577 
1.162037 
1.163229 
1.160598 
1.162280 
1.161324 
1.162004 
1.161928 
1.162970 
1.161851 
1.161487 
1.163438 
1.162356 
1.161338 
1.160791 
1.162280 
1.162626 
1.162027 
1.163637 
1.161815 
1.161703 
1.162147 
1.161721 
1.162395 
1.163579 
1.162812 
1.161220 
1.162489 
1.161111 
1.162522 
1.161654 
1.161672 
1.163315 
1.161959 
1.161414 
1.162181 
1.161560 
1.160596 
1.163587 
1.161114 
1.162711 
1.162893 
1.163017 
1.162324 
1.162518 
1.161401 
1.162699 
1.162719 
1.163963 
1.162772 
1.160649 
1.162315 
1.161688 
1.161921 
1.162299 
0.305182 
0.304492 
0.304521 
0.306094 
0.305422 
0.302926 
0.304498 
0.302648 
0.302891 
0.304275 
0.303467 
0.302839 
0.304325 
0.303430 
0.304646 
0.303940 
0.302856 
0.306317 
0.303689 
0.303628 
0.304351 
0.304832 
0.307201 
0.304423 
0.303792 
0.303476 
0.304312 
0.302796 
0.303747 
0.304645 
0.304436 
0.303235 
0.303514 
0.305135 
0.303484 
0.306088 
0.304148 
0.304817 
0.304152 
0.302481 
0.302583 
0.303988 
0.304236 
0.302903 
0.304961 
0.305279 
0.305861 
0.303122 
0.304668 
0.302818 
0.303899 
0.302572 
0.304409 
0.304620 
0.304148 
0.303730 
0.302827 
0.305221 
0.303774 
0.303167 
0.303372 
0.303785 
0.304607 
0.302588 
0.304524 
0.303449 
0.303942 
0.303384 
0.304289 
0.305300 
0.305202 
0.304194 
0.303150 
0.304271 
0.302809 
0.304434 
0.303815 
0.303606 
0.304934 
0.304079 
0.302687 
0.304060 
0.303298 
0.303425 
0.306751 
0.303424 
0.304919 
0.305111 
0.304998 
0.304725 
0.304432 
0.303321 
0.303495 
0.304563 
0.305199 
0.304770 
0.303414 
0.305499 
0.304471 
0.304436 
0.304226 
0.000000 
0.000000 
0.000000 
0.000000 
0.000000 
0.000000 
0.000000 
0.000000 
0.000000 
0.000000 
0.000000 
0.000000 
0.000000 
0.000000 
0.000000 
0.000000 
0.000000 
0.000000 
0.000000 
0.000000 
0.000000 
0.000000 
0.000000 
0.000000 
0.000000 
0.000000 
0.000000 
0.000000 
0.000000 
0.000000 
0.000000 
0.000000 
0.000000 
0.000000 
0.000000 
0.000000 
0.000000 
0.000000 
0.000000 
0.000000 
0.000000 
0.000000 
0.000000 
0.000000 
0.000000 
0.000000 
0.000000 
0.000000 
0.000000 
0.000000 
0.000000 
0.000000 
0.000000 
0.000000 
0.000000 
0.000000 
0.000000 
0.000000 
0.000000 
0.000000 
0.000000 
0.000000 
0.000000 
0.000000 
0.000000 
0.000000 
0.000000 
0.000000 
0.000000 
0.000000 
0.000000 
0.000000 
0.000000 
0.000000 
0.000000 
0.000000 
0.000000 
0.000000 
0.000000 
0.000000 
0.000000 
0.000000 
0.000000 
0.000000 
0.000000 
0.000000 
0.000000 
0.000000 
0.000000 
0.000000 
0.000000 
0.000000 
0.000000 
0.000000 
0.000000 
0.000000 
0.000000 
0.000000 
0.000000 
0.000000 
0.000000 
0.000000 
0.000000 
0.000000 
0.000000 
0.000000 
0.000000 
0.000000 
0.000000 
0.000000 
0.000000 
0.000000 
0.000000 
0.000000 
0.000000 
0.000000 
0.000000 
0.000000 
0.000000 
0.000000 
0.000000 
0.000000 
0.000000 
0.000000 
0.000000 
0.000000 
0.000000 
0.000000 
0.000000 
0.000000 
0.000000 
0.000000 
0.000000 
0.000000 
0.000000 
0.000000 
0.000000 
0.000000 
0.000000 
0.000000 
0.000000 
0.000000 
0.000000 
0.000000 
0.000000 
0.000000 
0.000000 
0.000000 
0.000000 
0.000000 
0.000000 
0.000000 
0.000000 
0.000000 
0.000000 
0.000000 
0.000000 
0.000000 
0.000000 
0.000000 
0.000000 
0.000000 
0.000000 
0.000000 
0.000000 
0.000000 
0.000000 
0.000000 
0.000000 
0.000000 
0.000000 
0.000000 
0.000000 
0.000000 
0.000000 
0.000000 
0.000000 
0.000000 
0.000000 
0.000000 
0.000000 
0.000000 
0.000000 
0.000000 
0.000000 
0.000000 
0.000000 
0.000000 
0.000000 
0.000000 
0.000000 
0.000000 
0.000000 
0.000000 
0.000000 
0.000000 
0.000000 
0.000000 
0.000000 
0.000000 
0.000000 
0.000000 
0.000000 
0.000000 
0.000000 
0.000000 
0.000000 
0.000000 
0.000000 
0.000000 
0.000000 
0.000000 
0.000000 
0.000000 
0.000000 
0.000000 
0.000000 
0.000000 
0.000000 
0.000000 
0.000000 
0.000000 
0.000000 
0.000000 
0.000000 
0.000000 
0.000000 
0.000000 
0.000000 
0.000000 
0.000000 
0.000000 
0.000000 
0.000000 
0.000000 
0.000000 
0.000000 
0.000000 
0.000000 
0.000000 
0.000000 
0.000000 
0.000000 
0.000000 
0.000000 
0.000000 
0.000000 
0.000000 
0.000000 
0.000000 
0.000000 
0.000000 
0.000000 
0.000000 
0.000000 
0.000000 
0.000000 
0.000000 
0.000000 
0.000000 
0.000000 
0.000000 
0.000000 
0.000000 
0.000000 
0.000000 
0.000000 
0.000000 
0.000000 
0.000000 
0.000000 
0.000000 
0.000000 
0.000000 
0.000000 
0.000000 
0.000000 
0.000000 
0.000000 
0.000000 
0.000000 
0.000000 
0.000000 
0.000000 
0.000000 
0.000000 
0.000000 
0.000000 
0.000000 
0.000000 
0.000000 
0.000000 
0.000000 
0.000000 
0.000000 
0.000000 
0.000000 
0.000000 
0.000000 
0.000000 
0.000000 
0.000000 
0.000000 
0.027666 
0.027944 
0.027876 
0.028017 
0.027977 
0.027990 
0.027970 
0.027914 
0.027829 
0.028054 
0.028068 
0.027939 
0.027946 
0.027678 
0.027713 
0.028280 
0.028235 
0.027883 
0.027832 
0.027883 
0.027947 
0.028518 
0.028105 
0.027661 
0.028022 
0.028063 
0.028059 
0.028093 
0.027945 
0.028026 
0.028059 
0.028206 
0.028008 
0.027962 
0.027940 
0.028005 
0.028020 
0.027900 
0.028154 
0.027952 
0.028164 
0.027923 
0.027980 
0.027873 
0.028074 
0.027914 
0.027752 
0.028086 
0.028165 
0.028149 
0.027986 
0.028116 
0.027962 
0.027909 
0.028211 
0.027841 
0.027961 
0.028145 
0.028241 
0.027872 
0.027770 
0.028140 
0.027912 
0.028195 
0.028092 
0.028391 
0.028077 
0.028010 
0.028019 
0.027993 
0.027823 
0.028081 
0.027944 
0.027905 
0.028112 
0.027956 
0.027866 
0.028123 
0.028055 
0.027889 
0.027898 
0.027905 
0.027799 
0.027918 
0.027749 
0.027974 
0.027798 
0.027966 
0.028287 
0.027975 
0.027982 
0.028014 
0.028077 
0.028110 
0.028090 
0.028064 
0.027866 
0.027674 
0.027985 
0.027917 
0.027992 
0.884344 
0.887809 
0.887609 
0.885903 
0.886516 
0.889100 
0.887295 
0.887368 
0.888008 
0.887610 
0.887817 
0.888307 
0.887203 
0.886746 
0.884719 
0.889826 
0.889787 
0.885619 
0.887349 
0.887655 
0.887681 
0.890283 
0.886023 
0.886192 
0.889092 
0.890104 
0.888747 
0.890497 
0.887907 
0.887221 
0.889266 
0.890088 
0.889991 
0.887446 
0.887288 
0.886027 
0.887622 
0.886376 
0.888735 
0.889024 
0.891008 
0.887836 
0.888073 
0.888360 
0.887858 
0.888318 
0.884685 
0.889450 
0.888939 
0.889082 
0.888584 
0.890513 
0.886905 
0.886481 
0.889999 
0.887091 
0.889098 
0.888997 
0.889892 
0.887801 
0.886378 
0.889601 
0.887409 
0.891222 
0.889336 
0.890276 
0.887569 
0.888704 
0.887048 
0.886598 
0.886292 
0.888985 
0.888111 
0.887304 
0.888988 
0.887487 
0.886956 
0.888515 
0.888027 
0.886734 
0.889072 
0.887332 
0.887698 
0.886791 
0.884739 
0.887636 
0.886329 
0.887008 
0.889324 
0.887230 
0.887781 
0.888677 
0.889627 
0.889020 
0.888667 
0.887823 
0.886297 
0.883817 
0.887019 
0.886290 
0.887810 
0.000000 
0.000000 
0.000000 
0.000000 
0.000000 
0.000000 
0.000000 
0.000000 
0.000000 
0.000000 
0.000000 
0.000000 
0.000000 
0.000000 
0.000000 
0.000000 
0.000000 
0.000000 
0.000000 
0.000000 
0.000000 
0.000000 
0.000000 
0.000000 
0.000000 
0.000000 
0.000000 
0.000000 
0.000000 
0.000000 
0.000000 
0.000000 
0.000000 
0.000000 
0.000000 
0.000000 
0.000000 
0.000000 
0.000000 
0.000000 
0.000000 
0.000000 
0.000000 
0.000000 
0.000000 
0.000000 
0.000000 
0.000000 
0.000000 
0.000000 
0.000000 
0.000000 
0.000000 
0.000000 
0.000000 
0.000000 
0.000000 
0.000000 
0.000000 
0.000000 
0.000000 
0.000000 
0.000000 
0.000000 
0.000000 
0.000000 
0.000000 
0.000000 
0.000000 
0.000000 
0.000000 
0.000000 
0.000000 
0.000000 
0.000000 
0.000000 
0.000000 
0.000000 
0.000000 
0.000000 
0.000000 
0.000000 
0.000000 
0.000000 
0.000000 
0.000000 
0.000000 
0.000000 
0.000000 
0.000000 
0.000000 
0.000000 
0.000000 
0.000000 
0.000000 
0.000000 
0.000000 
0.000000 
0.000000 
0.000000 
0.000000 
0.000000 
0.000000 
0.000000 
0.000000 
0.000000 
0.000000 
0.000000 
0.000000 
0.000000 
0.000000 
0.000000 
0.000000 
0.000000 
0.000000 
0.000000 
0.000000 
0.000000 
0.000000 
0.000000 
0.000000 
0.000000 
0.000000 
0.000000 
0.000000 
0.000000 
0.000000 
0.000000 
0.000000 
0.000000 
0.000000 
0.000000 
0.000000 
0.000000 
0.000000 
0.000000 
0.000000 
0.000000 
0.000000 
0.000000 
0.000000 
0.000000 
0.000000 
0.000000 
0.000000 
0.000000 
0.000000 
0.000000 
0.000000 
0.000000 
0.000000 
0.000000 
0.000000 
0.000000 
0.000000 
0.000000 
0.000000 
0.000000 
0.000000 
0.000000 
0.000000 
0.000000 
0.000000 
0.000000 
0.000000 
0.000000 
0.000000 
0.000000 
0.000000 
0.000000 
0.000000 
0.000000 
0.000000 
0.000000 
0.000000 
0.000000 
0.000000 
0.000000 
0.000000 
0.000000 
0.000000 
0.000000 
0.000000 
0.000000 
0.000000 
0.000000 
0.000000 
0.000000 
0.000000 
0.000000 
0.000000 
0.000000 
0.000000 
0.000000 
0.000000 
0.000000 
0.000000 
0.000000 
0.000000 
0.000000 
0.000000 
0.000000 
0.000000 
0.000000 
0.000000 
0.000000 
0.000000 
0.000000 
0.000000 
0.000000 
0.000000 
0.000000 
0.000000 
0.000000 
0.000000 
0.000000 
0.000000 
0.000000 
0.000000 
0.000000 
0.000000 
0.000000 
0.000000 
0.000000 
0.000000 
0.000000 
0.000000 
0.000000 
0.000000 
0.000000 
0.000000 
0.000000 
0.000000 
0.000000 
0.000000 
0.000000 
0.000000 
0.000000 
0.000000 
0.000000 
0.000000 
0.000000 
0.000000 
0.000000 
0.000000 
0.000000 
0.000000 
0.000000 
0.000000 
0.000000 
0.000000 
0.000000 
0.000000 
0.000000 
0.000000 
0.000000 
0.000000 
0.000000 
0.000000 
0.000000 
0.000000 
0.000000 
0.000000 
0.000000 
0.000000 
0.000000 
0.000000 
0.000000 
0.000000 
0.000000 
0.000000 
0.000000 
0.000000 
0.000000 
0.000000 
0.000000 
0.000000 
0.000000 
0.000000 
0.000000 
0.000000 
0.000000 
0.000000 
0.000000 
0.000000 
0.000000 
0.000000 
0.000000 
0.000000 
0.000000 
0.000000 
0.000000 
0.000000 
0.000000 
0.000000 
0.000000 
0.000000 
0.000000 
0.000000 
0.000000 
0.000000 
0.000000 
0.000000 
0.000000 
0.000000 
0.000000 
0.000000 
0.000000 
0.000000 
0.000000 
0.000000 
0.000000 
0.000000 
0.000000 
0.000000 
0.000000 
0.000000 
0.000000 
0.000000 
0.000000 
0.000000 
0.000000 
0.000000 
0.000000 
0.000000 
0.000000 
0.000000 
0.000000 
0.000000 
0.000000 
0.000000 
0.000000 
0.000000 
0.000000 
0.000000 
0.000000 
0.000000 
0.000000 
0.000000 
0.000000 
0.000000 
0.000000 
0.000000 
0.000000 
0.000000 
0.000000 
0.000000 
0.000000 
0.000000 
0.000000 
0.000000 
0.000000 
0.000000 
0.000000 
0.000000 
0.000000 
0.000000 
0.000000 
0.000000 
0.000000 
0.000000 
0.000000 
0.000000 
0.000000 
0.000000 
0.000000 
0.000000 
0.000000 
0.000000 
0.000000 
0.000000 
0.000000 
0.000000 
0.000000 
0.000000 
0.000000 
0.000000 
0.000000 
0.000000 
0.000000 
0.000000 
0.000000 
0.000000 
0.000000 
0.000000 
0.000000 
0.000000 
0.000000 
0.000000 
0.000000 
0.000000 
0.000000 
0.000000 
0.000000 
0.000000 
0.000000 
0.000000 
0.000000 
0.000000 
0.000000 
0.000000 
0.000000 
0.000000 
0.000000 
0.000000 
0.000000 
0.000000 
0.000000 
0.000000 
0.000000 
0.000000 
0.000000 
0.000000 
0.000000 
0.000000 
0.000000 
0.000000 
0.000000 
0.000000 
0.000000 
0.000000 
0.000000 
0.000000 
0.000000 
0.000000 
0.000000 
0.000000 
0.000000 
0.000000 
0.000000 
0.000000 
0.000000 
0.000000 
0.000000 
0.000000 
0.000000 
0.000000 
0.000000 
0.000000 
0.000000 
0.000000 
0.000000 
0.000000 
0.000000 
0.000000 
0.000000 
0.000000 
0.000000 
0.000000 
0.000000 
0.000000 
0.000000 
0.000000 
0.000000 
0.000000 
0.000000 
0.000000 
0.000000 
0.000000 
0.000000 
0.000000 
0.000000 
0.000000 
0.000000 
0.000000 
0.000000 
0.000000 
0.000000 
0.000000 
0.000000 
0.000000 
0.000000 
0.000000 
0.000000 
0.000000 
0.000000 
0.000000 
0.000000 
0.000000 
0.000000 
0.000000 
0.000000 
0.000000 
0.000000 
0.000000 
0.000000 
0.000000 
0.000000 
0.000000 
0.000000 
0.000000 
0.000000 
0.000000 
0.000000 
0.000000 
0.000000 
0.000000 
0.000000 
0.000000 
0.000000 
0.000000 
0.000000 
0.000000 
0.000000 
0.000000 
0.942521 
0.945679 
0.945217 
0.944224 
0.944624 
0.946536 
0.945123 
0.944957 
0.945397 
0.945376 
0.945390 
0.945805 
0.945028 
0.944278 
0.942641 
0.947448 
0.947204 
0.943981 
0.945040 
0.945118 
0.945528 
0.948244 
0.944578 
0.943817 
0.946617 
0.947488 
0.946512 
0.947877 
0.945480 
0.945002 
0.946897 
0.947579 
0.947496 
0.945313 
0.944790 
0.944342 
0.945422 
0.944484 
0.946370 
0.946362 
0.948159 
0.945448 
0.945677 
0.945572 
0.945792 
0.945984 
0.943008 
0.946904 
0.946583 
0.946471 
0.946161 
0.947917 
0.944874 
0.944312 
0.947522 
0.944684 
0.946565 
0.947054 
0.947728 
0.945213 
0.943938 
0.947091 
0.945148 
0.948319 
0.947081 
0.947911 
0.945456 
0.946139 
0.944960 
0.944570 
0.944213 
0.946680 
0.945487 
0.945055 
0.946587 
0.945382 
0.944638 
0.946240 
0.945975 
0.944665 
0.946283 
0.945008 
0.945234 
0.944552 
0.943100 
0.945258 
0.944122 
0.945008 
0.947194 
0.945198 
0.945643 
0.945976 
0.947087 
0.946494 
0.946553 
0.945637 
0.944032 
0.942037 
0.944810 
0.944236 
0.945548 
-0.024606 
-0.024950 
-0.024786 
-0.025052 
-0.025008 
-0.025060 
-0.025013 
-0.024923 
-0.024797 
-0.025067 
-0.025083 
-0.025020 
-0.024936 
-0.024732 
-0.024712 
-0.025375 
-0.025331 
-0.024827 
-0.024884 
-0.024893 
-0.024979 
-0.025583 
-0.025042 
-0.024669 
-0.025056 
-0.025164 
-0.025098 
-0.025145 
-0.025028 
-0.025063 
-0.025150 
-0.025243 
-0.025119 
-0.024976 
-0.024960 
-0.024976 
-0.025076 
-0.024897 
-0.025231 
-0.025003 
-0.025320 
-0.025003 
-0.024954 
-0.024880 
-0.025085 
-0.024884 
-0.024691 
-0.025063 
-0.025191 
-0.025235 
-0.025009 
-0.025176 
-0.024967 
-0.024866 
-0.025296 
-0.024798 
-0.025036 
-0.025239 
-0.025366 
-0.024832 
-0.024707 
-0.025228 
-0.024972 
-0.025269 
-0.025172 
-0.025575 
-0.025093 
-0.025003 
-0.025024 
-0.024994 
-0.024741 
-0.025120 
-0.024980 
-0.024907 
-0.025157 
-0.025027 
-0.024879 
-0.025190 
-0.025079 
-0.024931 
-0.024907 
-0.024895 
-0.024831 
-0.024971 
-0.024687 
-0.024988 
-0.024801 
-0.025009 
-0.025370 
-0.024966 
-0.025008 
-0.025006 
-0.025178 
-0.025112 
-0.025230 
-0.025118 
-0.024855 
-0.024630 
-0.024973 
-0.024878 
-0.025018 
0.000000 
0.000000 
0.000000 
0.000000 
0.000000 
0.000000 
0.000000 
0.000000 
0.000000 
0.000000 
0.000000 
0.000000 
0.000000 
0.000000 
0.000000 
0.000000 
0.000000 
0.000000 
0.000000 
0.000000 
0.000000 
0.000000 
0.000000 
0.000000 
0.000000 
0.000000 
0.000000 
0.000000 
0.000000 
0.000000 
0.000000 
0.000000 
0.000000 
0.000000 
0.000000 
0.000000 
0.000000 
0.000000 
0.000000 
0.000000 
0.000000 
0.000000 
0.000000 
0.000000 
0.000000 
0.000000 
0.000000 
0.000000 
0.000000 
0.000000 
0.000000 
0.000000 
0.000000 
0.000000 
0.000000 
0.000000 
0.000000 
0.000000 
0.000000 
0.000000 
0.000000 
0.000000 
0.000000 
0.000000 
0.000000 
0.000000 
0.000000 
0.000000 
0.000000 
0.000000 
0.000000 
0.000000 
0.000000 
0.000000 
0.000000 
0.000000 
0.000000 
0.000000 
0.000000 
0.000000 
0.000000 
0.000000 
0.000000 
0.000000 
0.000000 
0.000000 
0.000000 
0.000000 
0.000000 
0.000000 
0.000000 
0.000000 
0.000000 
0.000000 
0.000000 
0.000000 
0.000000 
0.000000 
0.000000 
0.000000 
0.000000 
0.000000 
0.000000 
0.000000 
0.000000 
0.000000 
0.000000 
0.000000 
0.000000 
0.000000 
0.000000 
0.000000 
0.000000 
0.000000 
0.000000 
0.000000 
0.000000 
0.000000 
0.000000 
0.000000 
0.000000 
0.000000 
0.000000 
0.000000 
0.000000 
0.000000 
0.000000 
0.000000 
0.000000 
0.000000 
0.000000 
0.000000 
0.000000 
0.000000 
0.000000 
0.000000 
0.000000 
0.000000 
0.000000 
0.000000 
0.000000 
0.000000 
0.000000 
0.000000 
0.000000 
0.000000 
0.000000 
0.000000 
0.000000 
0.000000 
0.000000 
0.000000 
0.000000 
0.000000 
0.000000 
0.000000 
0.000000 
0.000000 
0.000000 
0.000000 
0.000000 
0.000000 
0.000000 
0.000000 
0.000000 
0.000000 
0.000000 
0.000000 
0.000000 
0.000000 
0.000000 
0.000000 
0.000000 
0.000000 
0.000000 
0.000000 
0.000000 
0.000000 
0.000000 
0.000000 
0.000000 
0.000000 
0.000000 
0.000000 
0.000000 
0.000000 
0.000000 
0.000000 
0.000000 
0.000000 
0.000000 
0.000000 
0.000000 
0.000000 
0.000000 
0.000000 
0.000000 
0.000000 
0.000000 
0.000000 
0.000000 
0.000000 
0.000000 
0.000000 
0.000000 
0.000000 
0.000000 
0.000000 
0.000000 
0.000000 
0.000000 
0.000000 
0.000000 
0.000000 
0.000000 
0.000000 
0.000000 
0.000000 
0.000000 
0.000000 
0.000000 
0.000000 
0.000000 
0.000000 
0.000000 
0.000000 
0.000000 
0.000000 
0.000000 
0.000000 
0.000000 
0.000000 
0.000000 
0.000000 
0.000000 
0.000000 
0.000000 
0.000000 
0.000000 
0.000000 
0.000000 
0.000000 
0.000000 
0.000000 
0.000000 
0.000000 
0.000000 
0.000000 
0.000000 
0.000000 
0.000000 
0.000000 
0.000000 
0.000000 
0.000000 
0.000000 
0.000000 
0.000000 
0.000000 
0.000000 
0.000000 
0.000000 
0.000000 
0.000000 
0.000000 
0.000000 
0.000000 
0.000000 
0.000000 
0.000000 
0.000000 
0.000000 
0.000000 
0.000000 
0.000000 
0.000000 
0.000000 
0.000000 
0.000000 
0.000000 
0.000000 
0.000000 
0.000000 
0.000000 
0.000000 
0.000000 
0.000000 
0.000000 
0.000000 
0.000000 
0.000000 
0.000000 
0.000000 
0.000000 
0.000000 
0.000000 
0.000000 
0.000000 
0.000000 
0.000000 
0.000000 
0.000000 
0.000000 
-0.279002 
-0.278334 
-0.278499 
-0.279704 
-0.279181 
-0.276853 
-0.278362 
-0.276459 
-0.276909 
-0.278095 
-0.277227 
-0.276733 
-0.278181 
-0.277294 
-0.278442 
-0.277554 
-0.276556 
-0.280162 
-0.277673 
-0.277570 
-0.278363 
-0.278346 
-0.280963 
-0.278473 
-0.277638 
-0.277322 
-0.278254 
-0.276666 
-0.277691 
-0.278360 
-0.278345 
-0.277060 
-0.277398 
-0.278947 
-0.277457 
-0.279876 
-0.277806 
-0.278788 
-0.277786 
-0.276389 
-0.276438 
-0.277937 
-0.278224 
-0.276881 
-0.278707 
-0.279284 
-0.279789 
-0.276999 
-0.278484 
-0.276551 
-0.277945 
-0.276342 
-0.278220 
-0.278453 
-0.277791 
-0.277571 
-0.276825 
-0.279026 
-0.277447 
-0.277315 
-0.277222 
-0.277618 
-0.278477 
-0.276478 
-0.278316 
-0.277063 
-0.277813 
-0.277304 
-0.278171 
-0.279201 
-0.279145 
-0.278138 
-0.277007 
-0.278410 
-0.276567 
-0.278135 
-0.277900 
-0.277374 
-0.278684 
-0.277898 
-0.276791 
-0.277969 
-0.277165 
-0.277341 
-0.280732 
-0.277228 
-0.278897 
-0.278883 
-0.278718 
-0.278643 
-0.278216 
-0.277069 
-0.277309 
-0.278456 
-0.278896 
-0.278590 
-0.277159 
-0.279422 
-0.278272 
-0.278278 
-0.278081 
1.209496 
1.208984 
1.209624 
1.209482 
1.209587 
1.206998 
1.208217 
1.206298 
1.207367 
1.207729 
1.206377 
1.206626 
1.208106 
1.207408 
1.207948 
1.206854 
1.205147 
1.211557 
1.207801 
1.207752 
1.208941 
1.207667 
1.212079 
1.208959 
1.207808 
1.207433 
1.208430 
1.207097 
1.207433 
1.207975 
1.209152 
1.206658 
1.208108 
1.209654 
1.206304 
1.210149 
1.207473 
1.209468 
1.206673 
1.206197 
1.205879 
1.207784 
1.207975 
1.206425 
1.208937 
1.210425 
1.210346 
1.207513 
1.208586 
1.205034 
1.208266 
1.206025 
1.208360 
1.208563 
1.207763 
1.207857 
1.207001 
1.209060 
1.207416 
1.207178 
1.207030 
1.207250 
1.208635 
1.205815 
1.209093 
1.205662 
1.207551 
1.207304 
1.207938 
1.209024 
1.210767 
1.208465 
1.206469 
1.208901 
1.206211 
1.208423 
1.207824 
1.206725 
1.209313 
1.208158 
1.206826 
1.208367 
1.207296 
1.206371 
1.211631 
1.206908 
1.209362 
1.209151 
1.207922 
1.209042 
1.208653 
1.206533 
1.207469 
1.208068 
1.209238 
1.208283 
1.206825 
1.210204 
1.207681 
1.208438 
1.208145 
