1.025364 
1.025094 
1.025096 
1.025377 
1.025730 
1.025171 
1.025868 
1.025587 
1.025463 
1.025924 
1.026723 
1.025542 
1.025584 
1.026073 
1.025191 
1.025847 
1.026421 
1.026615 
1.025911 
1.026003 
1.026456 
1.025684 
1.026457 
1.025709 
1.025680 
1.025299 
1.025772 
1.025131 
1.025366 
1.026123 
1.025513 
1.026326 
1.025645 
1.025923 
1.026166 
1.026877 
1.026040 
1.026429 
1.026492 
1.026131 
1.025525 
1.026917 
1.025516 
1.026979 
1.025475 
1.026419 
1.026130 
1.026425 
1.025513 
1.026447 
1.025728 
1.025788 
1.026526 
1.026411 
1.026137 
1.026375 
1.025672 
1.026483 
1.026782 
1.025962 
1.024979 
1.025389 
1.026224 
1.025830 
1.025283 
1.026101 
1.026212 
1.025614 
1.026515 
1.025557 
1.025766 
1.026627 
1.025558 
1.026002 
1.025865 
1.026419 
1.026129 
1.025986 
1.026213 
1.025705 
1.025807 
1.026716 
1.026060 
1.026364 
1.025293 
1.026665 
1.025816 
1.026180 
1.025921 
1.025672 
1.026302 
1.026450 
1.025439 
1.025773 
1.025457 
1.026068 
1.026725 
1.025912 
1.026209 
1.024086 
1.025935 
0.000000 
0.000000 
0.000000 
0.000000 
0.000000 
0.000000 
0.000000 
0.000000 
0.000000 
0.000000 
0.000000 
0.000000 
0.000000 
0.000000 
0.000000 
0.000000 
0.000000 
0.000000 
0.000000 
0.000000 
0.000000 
0.000000 
0.000000 
0.000000 
0.000000 
0.000000 
0.000000 
0.000000 
0.000000 
0.000000 
0.000000 
0.000000 
0.000000 
0.000000 
0.000000 
0.000000 
0.000000 
0.000000 
0.000000 
0.000000 
0.000000 
0.000000 
0.000000 
0.000000 
0.000000 
0.000000 
0.000000 
0.000000 
0.000000 
0.000000 
0.000000 
0.000000 
0.000000 
0.000000 
0.000000 
0.000000 
0.000000 
0.000000 
0.000000 
0.000000 
0.000000 
0.000000 
0.000000 
0.000000 
0.000000 
0.000000 
0.000000 
0.000000 
0.000000 
0.000000 
0.000000 
0.000000 
0.000000 
0.000000 
0.000000 
0.000000 
0.000000 
0.000000 
0.000000 
0.000000 
0.000000 
0.000000 
0.000000 
0.000000 
0.000000 
0.000000 
0.000000 
0.000000 
0.000000 
0.000000 
0.000000 
0.000000 
0.000000 
0.000000 
0.000000 
0.000000 
0.000000 
0.000000 
0.000000 
0.000000 
0.000000 
0.000000 
0.000000 
0.000000 
0.000000 
0.000000 
0.000000 
0.000000 
0.000000 
0.000000 
0.000000 
0.000000 
0.000000 
0.000000 
0.000000 
0.000000 
0.000000 
0.000000 
0.000000 
0.000000 
0.000000 
0.000000 
0.000000 
0.000000 
0.000000 
0.000000 
0.000000 
0.000000 
0.000000 
0.000000 
0.000000 
0.000000 
0.000000 
0.000000 
0.000000 
0.000000 
0.000000 
0.000000 
0.000000 
0.000000 
0.000000 
0.000000 
0.000000 
0.000000 
0.000000 
0.000000 
0.000000 
0.000000 
0.000000 
0.000000 
0.000000 
0.000000 
0.000000 
0.000000 
0.000000 
0.000000 
0.000000 
0.000000 
0.000000 
0.000000 
0.000000 
0.000000 
0.000000 
0.000000 
0.000000 
0.000000 
0.000000 
0.000000 
0.000000 
0.000000 
0.000000 
0.000000 
0.000000 
0.000000 
0.000000 
0.000000 
0.000000 
0.000000 
0.000000 
0.000000 
0.000000 
0.000000 
0.000000 
0.000000 
0.000000 
0.000000 
0.000000 
0.000000 
0.000000 
0.000000 
0.000000 
0.000000 
0.000000 
0.000000 
0.000000 
0.000000 
0.000000 
0.000000 
0.000000 
0.000000 
0.000000 
0.000000 
0.000000 
0.000000 
0.000000 
0.000000 
0.000000 
0.000000 
0.000000 
0.000000 
0.000000 
0.000000 
0.000000 
0.000000 
0.000000 
0.000000 
0.000000 
0.000000 
0.000000 
0.000000 
0.000000 
0.000000 
0.000000 
0.000000 
0.000000 
0.000000 
0.000000 
0.000000 
0.000000 
0.000000 
0.000000 
0.000000 
0.000000 
0.000000 
0.000000 
0.000000 
0.000000 
0.000000 
0.000000 
0.000000 
0.000000 
0.000000 
0.000000 
0.000000 
0.000000 
0.000000 
0.000000 
0.000000 
0.000000 
0.000000 
0.000000 
0.000000 
0.000000 
0.000000 
0.000000 
0.000000 
0.000000 
0.000000 
0.000000 
0.000000 
0.000000 
0.000000 
0.000000 
0.000000 
0.000000 
0.000000 
0.000000 
0.000000 
0.000000 
0.000000 
0.000000 
0.000000 
0.000000 
0.000000 
0.000000 
0.000000 
0.000000 
0.000000 
0.000000 
0.000000 
0.000000 
0.000000 
0.000000 
0.000000 
0.000000 
0.000000 
0.000000 
0.000000 
0.000000 
0.000000 
0.000000 
0.000000 
0.000000 
0.000000 
0.000000 
0.000000 
0.000000 
0.000000 
0.000000 
0.000000 
0.000000 
0.000000 
0.000000 
0.000000 
0.000000 
0.000000 
0.000000 
0.000000 
0.000000 
0.000000 
0.000000 
0.000000 
0.000000 
0.000000 
0.000000 
0.000000 
0.000000 
0.000000 
0.000000 
0.000000 
0.000000 
0.000000 
0.000000 
0.000000 
0.000000 
0.000000 
0.000000 
0.000000 
0.000000 
0.000000 
0.000000 
0.000000 
0.000000 
0.000000 
0.000000 
0.000000 
0.000000 
0.000000 
0.000000 
0.000000 
0.000000 
0.000000 
0.000000 
0.000000 
0.000000 
0.000000 
0.000000 
0.000000 
0.000000 
0.000000 
0.000000 
0.000000 
0.000000 
0.000000 
0.000000 
0.000000 
0.000000 
0.000000 
0.000000 
0.000000 
0.000000 
0.000000 
0.000000 
0.000000 
0.000000 
0.000000 
0.000000 
0.000000 
0.000000 
0.000000 
0.000000 
0.000000 
0.000000 
0.000000 
0.000000 
0.000000 
0.000000 
0.000000 
0.000000 
0.000000 
0.000000 
0.000000 
0.000000 
0.000000 
0.000000 
0.000000 
0.000000 
0.000000 
0.000000 
0.000000 
0.000000 
0.000000 
0.000000 
0.000000 
0.000000 
0.000000 
0.000000 
0.000000 
0.000000 
0.000000 
0.000000 
0.000000 
0.000000 
0.000000 
0.000000 
0.000000 
0.000000 
0.000000 
0.000000 
0.000000 
0.000000 
0.000000 
0.000000 
0.000000 
0.000000 
0.000000 
0.000000 
0.000000 
0.000000 
0.000000 
0.000000 
0.000000 
0.000000 
0.000000 
0.000000 
0.000000 
0.000000 
0.000000 
0.000000 
0.000000 
0.000000 
0.000000 
0.000000 
0.000000 
0.000000 
0.000000 
0.000000 
0.000000 
0.000000 
0.000000 
0.000000 
0.000000 
0.000000 
0.000000 
0.000000 
0.000000 
0.000000 
0.000000 
0.000000 
0.000000 
0.000000 
0.000000 
0.000000 
0.000000 
0.000000 
0.000000 
0.000000 
0.000000 
0.000000 
0.000000 
0.000000 
0.000000 
0.000000 
0.000000 
0.000000 
0.000000 
0.000000 
0.000000 
0.000000 
0.000000 
0.000000 
0.000000 
0.000000 
0.000000 
0.000000 
0.000000 
0.000000 
0.000000 
0.000000 
0.000000 
0.000000 
0.000000 
0.000000 
0.000000 
0.000000 
0.000000 
0.000000 
0.000000 
0.000000 
0.000000 
0.000000 
0.000000 
0.000000 
0.000000 
0.000000 
0.000000 
0.000000 
0.000000 
0.000000 
0.000000 
0.000000 
0.000000 
0.000000 
0.000000 
0.000000 
1.174428 
1.174075 
1.174629 
1.174418 
1.174697 
1.174201 
1.174694 
1.174571 
1.174292 
1.174753 
1.175629 
1.174919 
1.174581 
1.174618 
1.174520 
1.174932 
1.175205 
1.175127 
1.174913 
1.174733 
1.174945 
1.174551 
1.175416 
1.174918 
1.174800 
1.174441 
1.174913 
1.174431 
1.174441 
1.174676 
1.174668 
1.174497 
1.174695 
1.174876 
1.175323 
1.175301 
1.175447 
1.175065 
1.175000 
1.174846 
1.174438 
1.175525 
1.174424 
1.175577 
1.174705 
1.174960 
1.174449 
1.175008 
1.174774 
1.175141 
1.174831 
1.174817 
1.175118 
1.174948 
1.174756 
1.174895 
1.174340 
1.175597 
1.174986 
1.174873 
1.174510 
1.174396 
1.174578 
1.174615 
1.174350 
1.174594 
1.174949 
1.174995 
1.175201 
1.174578 
1.174908 
1.174569 
1.174447 
1.174866 
1.174607 
1.175092 
1.174788 
1.174965 
1.175080 
1.174745 
1.174890 
1.175202 
1.174710 
1.174684 
1.174677 
1.175563 
1.174840 
1.174837 
1.175140 
1.174968 
1.174887 
1.174926 
1.174606 
1.174720 
1.174507 
1.174864 
1.175644 
1.174618 
1.174975 
1.173729 
1.174809 
0.309944 
0.309933 
0.309731 
0.310085 
0.310495 
0.309666 
0.310515 
0.310533 
0.309648 
0.310277 
0.311597 
0.310699 
0.310083 
0.310484 
0.309753 
0.310408 
0.310572 
0.311248 
0.310608 
0.310297 
0.310914 
0.310502 
0.311288 
0.310792 
0.310413 
0.309756 
0.310300 
0.309995 
0.309901 
0.310253 
0.310181 
0.310661 
0.310494 
0.310342 
0.311144 
0.311576 
0.310691 
0.310998 
0.310914 
0.310700 
0.309950 
0.311392 
0.310010 
0.311054 
0.310109 
0.310478 
0.310385 
0.310697 
0.310320 
0.311159 
0.310617 
0.310222 
0.310850 
0.310911 
0.310646 
0.310520 
0.310227 
0.311073 
0.311594 
0.310055 
0.309804 
0.310234 
0.310801 
0.309993 
0.309922 
0.310644 
0.310792 
0.310251 
0.311348 
0.309671 
0.310312 
0.310280 
0.310043 
0.310462 
0.310431 
0.310930 
0.310455 
0.310461 
0.310872 
0.310244 
0.310402 
0.311211 
0.310288 
0.310629 
0.310060 
0.311196 
0.310454 
0.310465 
0.310905 
0.310199 
0.310561 
0.310799 
0.309970 
0.310089 
0.309811 
0.310587 
0.311494 
0.310512 
0.310812 
0.308784 
0.310478 
0.000000 
0.000000 
0.000000 
0.000000 
0.000000 
0.000000 
0.000000 
0.000000 
0.000000 
0.000000 
0.000000 
0.000000 
0.000000 
0.000000 
0.000000 
0.000000 
0.000000 
0.000000 
0.000000 
0.000000 
0.000000 
0.000000 
0.000000 
0.000000 
0.000000 
0.000000 
0.000000 
0.000000 
0.000000 
0.000000 
0.000000 
0.000000 
0.000000 
0.000000 
0.000000 
0.000000 
0.000000 
0.000000 
0.000000 
0.000000 
0.000000 
0.000000 
0.000000 
0.000000 
0.000000 
0.000000 
0.000000 
0.000000 
0.000000 
0.000000 
0.000000 
0.000000 
0.000000 
0.000000 
0.000000 
0.000000 
0.000000 
0.000000 
0.000000 
0.000000 
0.000000 
0.000000 
0.000000 
0.000000 
0.000000 
0.000000 
0.000000 
0.000000 
0.000000 
0.000000 
0.000000 
0.000000 
0.000000 
0.000000 
0.000000 
0.000000 
0.000000 
0.000000 
0.000000 
0.000000 
0.000000 
0.000000 
0.000000 
0.000000 
0.000000 
0.000000 
0.000000 
0.000000 
0.000000 
0.000000 
0.000000 
0.000000 
0.000000 
0.000000 
0.000000 
0.000000 
0.000000 
0.000000 
0.000000 
0.000000 
0.000000 
0.000000 
0.000000 
0.000000 
0.000000 
0.000000 
0.000000 
0.000000 
0.000000 
0.000000 
0.000000 
0.000000 
0.000000 
0.000000 
0.000000 
0.000000 
0.000000 
0.000000 
0.000000 
0.000000 
0.000000 
0.000000 
0.000000 
0.000000 
0.000000 
0.000000 
0.000000 
0.000000 
0.000000 
0.000000 
0.000000 
0.000000 
0.000000 
0.000000 
0.000000 
0.000000 
0.000000 
0.000000 
0.000000 
0.000000 
0.000000 
0.000000 
0.000000 
0.000000 
0.000000 
0.000000 
0.000000 
0.000000 
0.000000 
0.000000 
0.000000 
0.000000 
0.000000 
0.000000 
0.000000 
0.000000 
0.000000 
0.000000 
0.000000 
0.000000 
0.000000 
0.000000 
0.000000 
0.000000 
0.000000 
0.000000 
0.000000 
0.000000 
0.000000 
0.000000 
0.000000 
0.000000 
0.000000 
0.000000 
0.000000 
0.000000 
0.000000 
0.000000 
0.000000 
0.000000 
0.000000 
0.000000 
0.000000 
0.000000 
0.000000 
0.000000 
0.000000 
0.000000 
0.000000 
0.000000 
0.000000 
0.000000 
0.000000 
0.000000 
0.000000 
0.000000 
0.000000 
0.000000 
0.000000 
0.000000 
0.000000 
0.000000 
0.000000 
0.000000 
0.000000 
0.000000 
0.000000 
0.000000 
0.000000 
0.000000 
0.000000 
0.000000 
0.000000 
0.000000 
0.000000 
0.000000 
0.000000 
0.000000 
0.000000 
0.000000 
0.000000 
0.000000 
0.000000 
0.000000 
0.000000 
0.000000 
0.000000 
0.000000 
0.000000 
0.000000 
0.000000 
0.000000 
0.000000 
0.000000 
0.000000 
0.000000 
0.000000 
0.000000 
0.000000 
0.000000 
0.000000 
0.000000 
0.000000 
0.000000 
0.000000 
0.000000 
0.000000 
0.000000 
0.000000 
0.000000 
0.000000 
0.000000 
0.000000 
0.000000 
0.000000 
0.000000 
0.000000 
0.000000 
0.000000 
0.000000 
0.000000 
0.000000 
0.000000 
0.000000 
0.000000 
0.000000 
0.000000 
0.000000 
0.000000 
0.000000 
0.000000 
0.000000 
0.000000 
0.000000 
0.000000 
0.000000 
0.000000 
0.000000 
0.000000 
0.000000 
0.000000 
0.000000 
0.000000 
0.000000 
0.000000 
0.000000 
0.000000 
0.000000 
0.000000 
0.000000 
0.000000 
0.000000 
0.000000 
0.000000 
0.000000 
0.000000 
0.000000 
0.000000 
0.000000 
0.000000 
0.000000 
0.000000 
0.000000 
0.041304 
0.041320 
0.041567 
0.041312 
0.041204 
0.041460 
0.041121 
0.041212 
0.041229 
0.041152 
0.041050 
0.041543 
0.041278 
0.040953 
0.041541 
0.041337 
0.041057 
0.040878 
0.041235 
0.041081 
0.040829 
0.041194 
0.041078 
0.041228 
0.041316 
0.041404 
0.041336 
0.041416 
0.041356 
0.040998 
0.041323 
0.040702 
0.041262 
0.041237 
0.041237 
0.040759 
0.041491 
0.040954 
0.040902 
0.041031 
0.041253 
0.040895 
0.041172 
0.040994 
0.041454 
0.040964 
0.040882 
0.040913 
0.041430 
0.040977 
0.041231 
0.041358 
0.040937 
0.040924 
0.040983 
0.040886 
0.041094 
0.041205 
0.040668 
0.041236 
0.041606 
0.041389 
0.040795 
0.041233 
0.041370 
0.040968 
0.041017 
0.041486 
0.040918 
0.041427 
0.041335 
0.040740 
0.041226 
0.041196 
0.041123 
0.040953 
0.041062 
0.041169 
0.041107 
0.041206 
0.041317 
0.040878 
0.041058 
0.040831 
0.041509 
0.041111 
0.041227 
0.041019 
0.041333 
0.041482 
0.040933 
0.040842 
0.041352 
0.041303 
0.041399 
0.041057 
0.041062 
0.041088 
0.041064 
0.041896 
0.041169 
0.977998 
0.977624 
0.980290 
0.977815 
0.976842 
0.979033 
0.976187 
0.976683 
0.977980 
0.976890 
0.975158 
0.978848 
0.977966 
0.975329 
0.979875 
0.978001 
0.976419 
0.974161 
0.976885 
0.976454 
0.974340 
0.976595 
0.975511 
0.976735 
0.977797 
0.978880 
0.978064 
0.978504 
0.978533 
0.975905 
0.978001 
0.973441 
0.977286 
0.977325 
0.976675 
0.973152 
0.979100 
0.975146 
0.974718 
0.975906 
0.977569 
0.974523 
0.977008 
0.975530 
0.978657 
0.975730 
0.974785 
0.975220 
0.978693 
0.974732 
0.977055 
0.978319 
0.975223 
0.974857 
0.975370 
0.975157 
0.976291 
0.976867 
0.972209 
0.977908 
0.980119 
0.977863 
0.973841 
0.977606 
0.978449 
0.975013 
0.975494 
0.979213 
0.974317 
0.979337 
0.978194 
0.974122 
0.977546 
0.977089 
0.976434 
0.975141 
0.976187 
0.977006 
0.976014 
0.977260 
0.977793 
0.974339 
0.976164 
0.974197 
0.979101 
0.976114 
0.977134 
0.975799 
0.977407 
0.979130 
0.975488 
0.974647 
0.978463 
0.978019 
0.978862 
0.975959 
0.975483 
0.975941 
0.975667 
0.982361 
0.976766 
0.000000 
0.000000 
0.000000 
0.000000 
0.000000 
0.000000 
0.000000 
0.000000 
0.000000 
0.000000 
0.000000 
0.000000 
0.000000 
0.000000 
0.000000 
0.000000 
0.000000 
0.000000 
0.000000 
0.000000 
0.000000 
0.000000 
0.000000 
0.000000 
0.000000 
0.000000 
0.000000 
0.000000 
0.000000 
0.000000 
0.000000 
0.000000 
0.000000 
0.000000 
0.000000 
0.000000 
0.000000 
0.000000 
0.000000 
0.000000 
0.000000 
0.000000 
0.000000 
0.000000 
0.000000 
0.000000 
0.000000 
0.000000 
0.000000 
0.000000 
0.000000 
0.000000 
0.000000 
0.000000 
0.000000 
0.000000 
0.000000 
0.000000 
0.000000 
0.000000 
0.000000 
0.000000 
0.000000 
0.000000 
0.000000 
0.000000 
0.000000 
0.000000 
0.000000 
0.000000 
0.000000 
0.000000 
0.000000 
0.000000 
0.000000 
0.000000 
0.000000 
0.000000 
0.000000 
0.000000 
0.000000 
0.000000 
0.000000 
0.000000 
0.000000 
0.000000 
0.000000 
0.000000 
0.000000 
0.000000 
0.000000 
0.000000 
0.000000 
0.000000 
0.000000 
0.000000 
0.000000 
0.000000 
0.000000 
0.000000 
0.000000 
0.000000 
0.000000 
0.000000 
0.000000 
0.000000 
0.000000 
0.000000 
0.000000 
0.000000 
0.000000 
0.000000 
0.000000 
0.000000 
0.000000 
0.000000 
0.000000 
0.000000 
0.000000 
0.000000 
0.000000 
0.000000 
0.000000 
0.000000 
0.000000 
0.000000 
0.000000 
0.000000 
0.000000 
0.000000 
0.000000 
0.000000 
0.000000 
0.000000 
0.000000 
0.000000 
0.000000 
0.000000 
0.000000 
0.000000 
0.000000 
0.000000 
0.000000 
0.000000 
0.000000 
0.000000 
0.000000 
0.000000 
0.000000 
0.000000 
0.000000 
0.000000 
0.000000 
0.000000 
0.000000 
0.000000 
0.000000 
0.000000 
0.000000 
0.000000 
0.000000 
0.000000 
0.000000 
0.000000 
0.000000 
0.000000 
0.000000 
0.000000 
0.000000 
0.000000 
0.000000 
0.000000 
0.000000 
0.000000 
0.000000 
0.000000 
0.000000 
0.000000 
0.000000 
0.000000 
0.000000 
0.000000 
0.000000 
0.000000 
0.000000 
0.000000 
0.000000 
0.000000 
0.000000 
0.000000 
0.000000 
0.000000 
0.000000 
0.000000 
0.000000 
0.000000 
0.000000 
0.000000 
0.000000 
0.000000 
0.000000 
0.000000 
0.000000 
0.000000 
0.000000 
0.000000 
0.000000 
0.000000 
0.000000 
0.000000 
0.000000 
0.000000 
0.000000 
0.000000 
0.000000 
0.000000 
0.000000 
0.000000 
0.000000 
0.000000 
0.000000 
0.000000 
0.000000 
0.000000 
0.000000 
0.000000 
0.000000 
0.000000 
0.000000 
0.000000 
0.000000 
0.000000 
0.000000 
0.000000 
0.000000 
0.000000 
0.000000 
0.000000 
0.000000 
0.000000 
0.000000 
0.000000 
0.000000 
0.000000 
0.000000 
0.000000 
0.000000 
0.000000 
0.000000 
0.000000 
0.000000 
0.000000 
0.000000 
0.000000 
0.000000 
0.000000 
0.000000 
0.000000 
0.000000 
0.000000 
0.000000 
0.000000 
0.000000 
0.000000 
0.000000 
0.000000 
0.000000 
0.000000 
0.000000 
0.000000 
0.000000 
0.000000 
0.000000 
0.000000 
0.000000 
0.000000 
0.000000 
0.000000 
0.000000 
0.000000 
0.000000 
0.000000 
0.000000 
0.000000 
0.000000 
0.000000 
0.000000 
0.000000 
0.000000 
0.000000 
0.000000 
0.000000 
0.000000 
0.000000 
0.000000 
0.000000 
0.000000 
0.000000 
0.000000 
0.000000 
0.000000 
0.000000 
0.000000 
0.000000 
0.000000 
0.000000 
0.000000 
0.000000 
0.000000 
0.000000 
0.000000 
0.000000 
0.000000 
0.000000 
0.000000 
0.000000 
0.000000 
0.000000 
0.000000 
0.000000 
0.000000 
0.000000 
0.000000 
0.000000 
0.000000 
0.000000 
0.000000 
0.000000 
0.000000 
0.000000 
0.000000 
0.000000 
0.000000 
0.000000 
0.000000 
0.000000 
0.000000 
0.000000 
0.000000 
0.000000 
0.000000 
0.000000 
0.000000 
0.000000 
0.000000 
0.000000 
0.000000 
0.000000 
0.000000 
0.000000 
0.000000 
0.000000 
0.000000 
0.000000 
0.000000 
0.000000 
0.000000 
0.000000 
0.000000 
0.000000 
0.000000 
0.000000 
0.000000 
0.000000 
0.000000 
0.000000 
0.000000 
0.000000 
0.000000 
0.000000 
0.000000 
0.000000 
0.000000 
0.000000 
0.000000 
0.000000 
0.000000 
0.000000 
0.000000 
0.000000 
0.000000 
0.000000 
0.000000 
0.000000 
0.000000 
0.000000 
0.000000 
0.000000 
0.000000 
0.000000 
0.000000 
0.000000 
0.000000 
0.000000 
0.000000 
0.000000 
0.000000 
0.000000 
0.000000 
0.000000 
0.000000 
0.000000 
0.000000 
0.000000 
0.000000 
0.000000 
0.000000 
0.000000 
0.000000 
0.000000 
0.000000 
0.000000 
0.000000 
0.000000 
0.000000 
0.000000 
0.000000 
0.000000 
0.000000 
0.000000 
0.000000 
0.000000 
0.000000 
0.000000 
0.000000 
0.000000 
0.000000 
0.000000 
0.000000 
0.000000 
0.000000 
0.000000 
0.000000 
0.000000 
0.000000 
0.000000 
0.000000 
0.000000 
0.000000 
0.000000 
0.000000 
0.000000 
0.000000 
0.000000 
0.000000 
0.000000 
0.000000 
0.000000 
0.000000 
0.000000 
0.000000 
0.000000 
0.000000 
0.000000 
0.000000 
0.000000 
0.000000 
0.000000 
0.000000 
0.000000 
0.000000 
0.000000 
0.000000 
0.000000 
0.000000 
0.000000 
0.000000 
0.000000 
0.000000 
0.000000 
0.000000 
0.000000 
0.000000 
0.000000 
0.000000 
0.000000 
0.000000 
0.000000 
0.000000 
0.000000 
0.000000 
0.000000 
0.000000 
0.000000 
0.000000 
0.000000 
0.000000 
0.000000 
0.000000 
0.000000 
0.000000 
0.000000 
0.000000 
0.000000 
0.000000 
0.000000 
0.000000 
0.000000 
0.000000 
0.000000 
0.000000 
0.000000 
0.000000 
0.000000 
0.000000 
1.028235 
1.027951 
1.030366 
1.028112 
1.027264 
1.029263 
1.026604 
1.027154 
1.028144 
1.027277 
1.025818 
1.029384 
1.028272 
1.025884 
1.030036 
1.028347 
1.026741 
1.024842 
1.027276 
1.026858 
1.024916 
1.027052 
1.026091 
1.027094 
1.028190 
1.029071 
1.028376 
1.028648 
1.028765 
1.026266 
1.028345 
1.024040 
1.027724 
1.027680 
1.027193 
1.023876 
1.029503 
1.025727 
1.025278 
1.026433 
1.027839 
1.025192 
1.027267 
1.026105 
1.028977 
1.026200 
1.025312 
1.025718 
1.029037 
1.025433 
1.027446 
1.028665 
1.025703 
1.025437 
1.025936 
1.025606 
1.026750 
1.027345 
1.023078 
1.028180 
1.030260 
1.028288 
1.024399 
1.027949 
1.028719 
1.025615 
1.025959 
1.029444 
1.024976 
1.029492 
1.028527 
1.024666 
1.027874 
1.027535 
1.026914 
1.025648 
1.026637 
1.027290 
1.026535 
1.027558 
1.028138 
1.025008 
1.026531 
1.024713 
1.029292 
1.026668 
1.027455 
1.026260 
1.027975 
1.029388 
1.025937 
1.025195 
1.028658 
1.028310 
1.029160 
1.026369 
1.026133 
1.026452 
1.026231 
1.032268 
1.027186 
-0.040768 
-0.040777 
-0.041079 
-0.040757 
-0.040633 
-0.040917 
-0.040545 
-0.040647 
-0.040674 
-0.040579 
-0.040393 
-0.041002 
-0.040709 
-0.040380 
-0.041037 
-0.040771 
-0.040440 
-0.040232 
-0.040624 
-0.040505 
-0.040188 
-0.040624 
-0.040450 
-0.040648 
-0.040750 
-0.040884 
-0.040764 
-0.040876 
-0.040823 
-0.040396 
-0.040767 
-0.040054 
-0.040692 
-0.040659 
-0.040673 
-0.040064 
-0.040933 
-0.040335 
-0.040238 
-0.040455 
-0.040677 
-0.040230 
-0.040612 
-0.040330 
-0.040916 
-0.040366 
-0.040271 
-0.040283 
-0.040893 
-0.040361 
-0.040666 
-0.040793 
-0.040305 
-0.040310 
-0.040388 
-0.040251 
-0.040502 
-0.040602 
-0.040011 
-0.040649 
-0.041089 
-0.040849 
-0.040153 
-0.040665 
-0.040844 
-0.040383 
-0.040399 
-0.040958 
-0.040298 
-0.040877 
-0.040803 
-0.040081 
-0.040667 
-0.040606 
-0.040550 
-0.040323 
-0.040443 
-0.040570 
-0.040501 
-0.040631 
-0.040746 
-0.040219 
-0.040431 
-0.040190 
-0.040974 
-0.040483 
-0.040644 
-0.040417 
-0.040780 
-0.040898 
-0.040315 
-0.040208 
-0.040825 
-0.040729 
-0.040867 
-0.040451 
-0.040428 
-0.040512 
-0.040448 
-0.041475 
-0.040584 
0.000000 
0.000000 
0.000000 
0.000000 
0.000000 
0.000000 
0.000000 
0.000000 
0.000000 
0.000000 
0.000000 
0.000000 
0.000000 
0.000000 
0.000000 
0.000000 
0.000000 
0.000000 
0.000000 
0.000000 
0.000000 
0.000000 
0.000000 
0.000000 
0.000000 
0.000000 
0.000000 
0.000000 
0.000000 
0.000000 
0.000000 
0.000000 
0.000000 
0.000000 
0.000000 
0.000000 
0.000000 
0.000000 
0.000000 
0.000000 
0.000000 
0.000000 
0.000000 
0.000000 
0.000000 
0.000000 
0.000000 
0.000000 
0.000000 
0.000000 
0.000000 
0.000000 
0.000000 
0.000000 
0.000000 
0.000000 
0.000000 
0.000000 
0.000000 
0.000000 
0.000000 
0.000000 
0.000000 
0.000000 
0.000000 
0.000000 
0.000000 
0.000000 
0.000000 
0.000000 
0.000000 
0.000000 
0.000000 
0.000000 
0.000000 
0.000000 
0.000000 
0.000000 
0.000000 
0.000000 
0.000000 
0.000000 
0.000000 
0.000000 
0.000000 
0.000000 
0.000000 
0.000000 
0.000000 
0.000000 
0.000000 
0.000000 
0.000000 
0.000000 
0.000000 
0.000000 
0.000000 
0.000000 
0.000000 
0.000000 
0.000000 
0.000000 
0.000000 
0.000000 
0.000000 
0.000000 
0.000000 
0.000000 
0.000000 
0.000000 
0.000000 
0.000000 
0.000000 
0.000000 
0.000000 
0.000000 
0.000000 
0.000000 
0.000000 
0.000000 
0.000000 
0.000000 
0.000000 
0.000000 
0.000000 
0.000000 
0.000000 
0.000000 
0.000000 
0.000000 
0.000000 
0.000000 
0.000000 
0.000000 
0.000000 
0.000000 
0.000000 
0.000000 
0.000000 
0.000000 
0.000000 
0.000000 
0.000000 
0.000000 
0.000000 
0.000000 
0.000000 
0.000000 
0.000000 
0.000000 
0.000000 
0.000000 
0.000000 
0.000000 
0.000000 
0.000000 
0.000000 
0.000000 
0.000000 
0.000000 
0.000000 
0.000000 
0.000000 
0.000000 
0.000000 
0.000000 
0.000000 
0.000000 
0.000000 
0.000000 
0.000000 
0.000000 
0.000000 
0.000000 
0.000000 
0.000000 
0.000000 
0.000000 
0.000000 
0.000000 
0.000000 
0.000000 
0.000000 
0.000000 
0.000000 
0.000000 
0.000000 
0.000000 
0.000000 
0.000000 
0.000000 
0.000000 
0.000000 
0.000000 
0.000000 
0.000000 
0.000000 
0.000000 
0.000000 
0.000000 
0.000000 
0.000000 
0.000000 
0.000000 
0.000000 
0.000000 
0.000000 
0.000000 
0.000000 
0.000000 
0.000000 
0.000000 
0.000000 
0.000000 
0.000000 
0.000000 
0.000000 
0.000000 
0.000000 
0.000000 
0.000000 
0.000000 
0.000000 
0.000000 
0.000000 
0.000000 
0.000000 
0.000000 
0.000000 
0.000000 
0.000000 
0.000000 
0.000000 
0.000000 
0.000000 
0.000000 
0.000000 
0.000000 
0.000000 
0.000000 
0.000000 
0.000000 
0.000000 
0.000000 
0.000000 
0.000000 
0.000000 
0.000000 
0.000000 
0.000000 
0.000000 
0.000000 
0.000000 
0.000000 
0.000000 
0.000000 
0.000000 
0.000000 
0.000000 
0.000000 
0.000000 
0.000000 
0.000000 
0.000000 
0.000000 
0.000000 
0.000000 
0.000000 
0.000000 
0.000000 
0.000000 
0.000000 
0.000000 
0.000000 
0.000000 
0.000000 
0.000000 
0.000000 
0.000000 
0.000000 
0.000000 
0.000000 
0.000000 
0.000000 
0.000000 
0.000000 
0.000000 
0.000000 
0.000000 
0.000000 
0.000000 
0.000000 
0.000000 
0.000000 
0.000000 
0.000000 
0.000000 
0.000000 
0.000000 
0.000000 
0.000000 
0.000000 
0.000000 
-0.280349 
-0.280250 
-0.280110 
-0.280497 
-0.280978 
-0.279974 
-0.280925 
-0.280945 
-0.280064 
-0.280752 
-0.282127 
-0.280875 
-0.280552 
-0.281054 
-0.280113 
-0.280792 
-0.281247 
-0.281806 
-0.281091 
-0.280871 
-0.281590 
-0.280920 
-0.281867 
-0.281311 
-0.280775 
-0.280130 
-0.280702 
-0.280446 
-0.280296 
-0.280807 
-0.280608 
-0.281303 
-0.280904 
-0.280844 
-0.281577 
-0.282273 
-0.280978 
-0.281484 
-0.281556 
-0.281211 
-0.280433 
-0.281924 
-0.280515 
-0.281695 
-0.280390 
-0.281073 
-0.280902 
-0.281336 
-0.280620 
-0.281733 
-0.281140 
-0.280612 
-0.281443 
-0.281485 
-0.281154 
-0.281157 
-0.280676 
-0.281614 
-0.282225 
-0.280512 
-0.280126 
-0.280579 
-0.281434 
-0.280413 
-0.280258 
-0.281199 
-0.281336 
-0.280623 
-0.281945 
-0.279974 
-0.280735 
-0.280920 
-0.280544 
-0.280935 
-0.280927 
-0.281555 
-0.281051 
-0.280956 
-0.281480 
-0.280828 
-0.280816 
-0.281811 
-0.280879 
-0.281298 
-0.280418 
-0.281724 
-0.280973 
-0.281024 
-0.281307 
-0.280562 
-0.281139 
-0.281471 
-0.280389 
-0.280519 
-0.280223 
-0.281199 
-0.282047 
-0.281034 
-0.281340 
-0.278879 
-0.280961 
1.165727 
1.165481 
1.164844 
1.165901 
1.166743 
1.165196 
1.167038 
1.166576 
1.165761 
1.166934 
1.168806 
1.166044 
1.166126 
1.167526 
1.165102 
1.166491 
1.167792 
1.168863 
1.167014 
1.167154 
1.168429 
1.166719 
1.168428 
1.166885 
1.166419 
1.165400 
1.166413 
1.165395 
1.165596 
1.167315 
1.166050 
1.168275 
1.166550 
1.166793 
1.167529 
1.169494 
1.166649 
1.168114 
1.168338 
1.167505 
1.166086 
1.169047 
1.166256 
1.168830 
1.165692 
1.167806 
1.167734 
1.168015 
1.165796 
1.168344 
1.166769 
1.166297 
1.168220 
1.168233 
1.167603 
1.167987 
1.166714 
1.167969 
1.169489 
1.166674 
1.164743 
1.165938 
1.168229 
1.166552 
1.165513 
1.167649 
1.167767 
1.165883 
1.168639 
1.165530 
1.166295 
1.168349 
1.166114 
1.167120 
1.166986 
1.168208 
1.167523 
1.167074 
1.167789 
1.166666 
1.166545 
1.168994 
1.167169 
1.168292 
1.165596 
1.168313 
1.166715 
1.167619 
1.166993 
1.166108 
1.167761 
1.168292 
1.165707 
1.166288 
1.165622 
1.167453 
1.168783 
1.167090 
1.167634 
1.162617 
1.167002 
