0.904270 
0.902301 
0.905591 
0.906088 
0.905032 
0.905049 
0.902323 
0.905066 
0.904720 
0.902678 
0.905488 
0.905787 
0.906496 
0.905380 
0.906234 
0.905369 
0.905068 
0.905363 
0.901219 
0.906577 
0.905574 
0.902968 
0.905800 
0.905951 
0.906200 
0.905642 
0.903183 
0.903830 
0.905072 
0.906098 
0.903829 
0.905087 
0.906067 
0.905809 
0.905573 
0.905018 
0.906439 
0.905851 
0.904506 
0.905101 
0.903653 
0.904622 
0.902329 
0.905889 
0.905841 
0.906405 
0.904389 
0.904136 
0.905296 
0.906397 
0.903337 
0.906166 
0.905262 
0.904496 
0.906609 
0.906239 
0.907198 
0.904725 
0.906813 
0.903673 
0.904643 
0.900799 
0.904955 
0.905253 
0.905333 
0.905853 
0.905595 
0.907165 
0.904523 
0.903075 
0.903948 
0.904176 
0.903754 
0.905768 
0.903431 
0.907213 
0.905217 
0.906701 
0.903149 
0.903834 
0.908075 
0.903784 
0.904456 
0.906655 
0.904837 
0.905450 
0.903365 
0.904574 
0.903421 
0.904652 
0.905643 
0.903544 
0.905133 
0.905658 
0.906247 
0.907779 
0.905825 
0.902951 
0.904640 
0.905528 
0.905066 
0.000000 
0.000000 
0.000000 
0.000000 
0.000000 
0.000000 
0.000000 
0.000000 
0.000000 
0.000000 
0.000000 
0.000000 
0.000000 
0.000000 
0.000000 
0.000000 
0.000000 
0.000000 
0.000000 
0.000000 
0.000000 
0.000000 
0.000000 
0.000000 
0.000000 
0.000000 
0.000000 
0.000000 
0.000000 
0.000000 
0.000000 
0.000000 
0.000000 
0.000000 
0.000000 
0.000000 
0.000000 
0.000000 
0.000000 
0.000000 
0.000000 
0.000000 
0.000000 
0.000000 
0.000000 
0.000000 
0.000000 
0.000000 
0.000000 
0.000000 
0.000000 
0.000000 
0.000000 
0.000000 
0.000000 
0.000000 
0.000000 
0.000000 
0.000000 
0.000000 
0.000000 
0.000000 
0.000000 
0.000000 
0.000000 
0.000000 
0.000000 
0.000000 
0.000000 
0.000000 
0.000000 
0.000000 
0.000000 
0.000000 
0.000000 
0.000000 
0.000000 
0.000000 
0.000000 
0.000000 
0.000000 
0.000000 
0.000000 
0.000000 
0.000000 
0.000000 
0.000000 
0.000000 
0.000000 
0.000000 
0.000000 
0.000000 
0.000000 
0.000000 
0.000000 
0.000000 
0.000000 
0.000000 
0.000000 
0.000000 
0.000000 
0.000000 
0.000000 
0.000000 
0.000000 
0.000000 
0.000000 
0.000000 
0.000000 
0.000000 
0.000000 
0.000000 
0.000000 
0.000000 
0.000000 
0.000000 
0.000000 
0.000000 
0.000000 
0.000000 
0.000000 
0.000000 
0.000000 
0.000000 
0.000000 
0.000000 
0.000000 
0.000000 
0.000000 
0.000000 
0.000000 
0.000000 
0.000000 
0.000000 
0.000000 
0.000000 
0.000000 
0.000000 
0.000000 
0.000000 
0.000000 
0.000000 
0.000000 
0.000000 
0.000000 
0.000000 
0.000000 
0.000000 
0.000000 
0.000000 
0.000000 
0.000000 
0.000000 
0.000000 
0.000000 
0.000000 
0.000000 
0.000000 
0.000000 
0.000000 
0.000000 
0.000000 
0.000000 
0.000000 
0.000000 
0.000000 
0.000000 
0.000000 
0.000000 
0.000000 
0.000000 
0.000000 
0.000000 
0.000000 
0.000000 
0.000000 
0.000000 
0.000000 
0.000000 
0.000000 
0.000000 
0.000000 
0.000000 
0.000000 
0.000000 
0.000000 
0.000000 
0.000000 
0.000000 
0.000000 
0.000000 
0.000000 
0.000000 
0.000000 
0.000000 
0.000000 
0.000000 
0.000000 
0.000000 
0.000000 
0.000000 
0.000000 
0.000000 
0.000000 
0.000000 
0.000000 
0.000000 
0.000000 
0.000000 
0.000000 
0.000000 
0.000000 
0.000000 
0.000000 
0.000000 
0.000000 
0.000000 
0.000000 
0.000000 
0.000000 
0.000000 
0.000000 
0.000000 
0.000000 
0.000000 
0.000000 
0.000000 
0.000000 
0.000000 
0.000000 
0.000000 
0.000000 
0.000000 
0.000000 
0.000000 
0.000000 
0.000000 
0.000000 
0.000000 
0.000000 
0.000000 
0.000000 
0.000000 
0.000000 
0.000000 
0.000000 
0.000000 
0.000000 
0.000000 
0.000000 
0.000000 
0.000000 
0.000000 
0.000000 
0.000000 
0.000000 
0.000000 
0.000000 
0.000000 
0.000000 
0.000000 
0.000000 
0.000000 
0.000000 
0.000000 
0.000000 
0.000000 
0.000000 
0.000000 
0.000000 
0.000000 
0.000000 
0.000000 
0.000000 
0.000000 
0.000000 
0.000000 
0.000000 
0.000000 
0.000000 
0.000000 
0.000000 
0.000000 
0.000000 
0.000000 
0.000000 
0.000000 
0.000000 
0.000000 
0.000000 
0.000000 
0.000000 
0.000000 
0.000000 
0.000000 
0.000000 
0.000000 
0.000000 
0.000000 
0.000000 
0.000000 
0.000000 
0.000000 
0.000000 
0.000000 
0.000000 
0.000000 
0.000000 
0.000000 
0.000000 
0.000000 
0.000000 
0.000000 
0.000000 
0.000000 
0.000000 
0.000000 
0.000000 
0.000000 
0.000000 
0.000000 
0.000000 
0.000000 
0.000000 
0.000000 
0.000000 
0.000000 
0.000000 
0.000000 
0.000000 
0.000000 
0.000000 
0.000000 
0.000000 
0.000000 
0.000000 
0.000000 
0.000000 
0.000000 
0.000000 
0.000000 
0.000000 
0.000000 
0.000000 
0.000000 
0.000000 
0.000000 
0.000000 
0.000000 
0.000000 
0.000000 
0.000000 
0.000000 
0.000000 
0.000000 
0.000000 
0.000000 
0.000000 
0.000000 
0.000000 
0.000000 
0.000000 
0.000000 
0.000000 
0.000000 
0.000000 
0.000000 
0.000000 
0.000000 
0.000000 
0.000000 
0.000000 
0.000000 
0.000000 
0.000000 
0.000000 
0.000000 
0.000000 
0.000000 
0.000000 
0.000000 
0.000000 
0.000000 
0.000000 
0.000000 
0.000000 
0.000000 
0.000000 
0.000000 
0.000000 
0.000000 
0.000000 
0.000000 
0.000000 
0.000000 
0.000000 
0.000000 
0.000000 
0.000000 
0.000000 
0.000000 
0.000000 
0.000000 
0.000000 
0.000000 
0.000000 
0.000000 
0.000000 
0.000000 
0.000000 
0.000000 
0.000000 
0.000000 
0.000000 
0.000000 
0.000000 
0.000000 
0.000000 
0.000000 
0.000000 
0.000000 
0.000000 
0.000000 
0.000000 
0.000000 
0.000000 
0.000000 
0.000000 
0.000000 
0.000000 
0.000000 
0.000000 
0.000000 
0.000000 
0.000000 
0.000000 
0.000000 
0.000000 
0.000000 
0.000000 
0.000000 
0.000000 
0.000000 
0.000000 
0.000000 
0.000000 
0.000000 
0.000000 
0.000000 
0.000000 
0.000000 
0.000000 
0.000000 
0.000000 
0.000000 
0.000000 
0.000000 
0.000000 
0.000000 
0.000000 
0.000000 
0.000000 
0.000000 
0.000000 
0.000000 
0.000000 
0.000000 
0.000000 
0.000000 
0.000000 
0.000000 
0.000000 
0.000000 
0.000000 
0.000000 
0.000000 
0.000000 
0.000000 
0.000000 
0.000000 
0.000000 
0.000000 
0.000000 
0.000000 
0.000000 
0.000000 
0.000000 
0.000000 
0.000000 
0.000000 
0.000000 
0.000000 
0.000000 
0.000000 
0.000000 
0.000000 
0.000000 
0.000000 
0.000000 
0.000000 
0.000000 
0.000000 
0.000000 
0.000000 
0.000000 
1.071047 
1.071864 
1.070929 
1.071045 
1.070870 
1.070735 
1.072172 
1.071035 
1.071044 
1.072110 
1.070996 
1.071013 
1.070666 
1.070959 
1.070565 
1.071045 
1.070779 
1.070703 
1.072353 
1.070667 
1.070800 
1.071911 
1.070705 
1.070634 
1.070369 
1.070906 
1.071695 
1.071851 
1.070897 
1.070630 
1.071307 
1.071177 
1.070632 
1.070591 
1.071358 
1.070976 
1.070285 
1.070703 
1.071260 
1.071230 
1.071866 
1.071164 
1.072246 
1.070398 
1.070831 
1.070943 
1.071382 
1.071294 
1.071218 
1.070403 
1.071316 
1.070708 
1.071237 
1.071532 
1.070905 
1.070488 
1.070360 
1.071504 
1.070467 
1.071233 
1.071107 
1.072767 
1.070829 
1.071114 
1.071113 
1.070875 
1.071125 
1.070457 
1.071366 
1.071747 
1.071306 
1.071149 
1.071532 
1.070947 
1.071718 
1.070191 
1.070897 
1.070714 
1.071784 
1.071580 
1.070538 
1.071450 
1.071238 
1.070838 
1.071382 
1.070917 
1.071491 
1.071435 
1.071637 
1.070912 
1.071062 
1.071486 
1.070850 
1.070665 
1.070327 
1.070103 
1.070904 
1.071788 
1.071156 
1.071006 
1.071009 
0.439933 
0.441355 
0.440059 
0.441080 
0.439848 
0.439347 
0.443134 
0.439500 
0.440515 
0.441106 
0.439340 
0.440886 
0.440723 
0.440606 
0.438913 
0.439386 
0.438063 
0.437952 
0.444807 
0.440054 
0.441637 
0.441619 
0.439021 
0.439511 
0.437717 
0.440701 
0.440827 
0.441812 
0.438800 
0.439966 
0.441319 
0.441728 
0.438468 
0.439699 
0.442481 
0.439614 
0.440468 
0.439746 
0.442411 
0.440131 
0.442253 
0.440562 
0.442907 
0.437674 
0.440554 
0.440031 
0.441870 
0.441681 
0.441873 
0.439843 
0.438930 
0.439795 
0.441918 
0.441835 
0.441651 
0.439566 
0.440494 
0.440885 
0.440695 
0.439608 
0.440571 
0.441936 
0.439801 
0.440305 
0.442756 
0.440896 
0.440438 
0.441315 
0.440696 
0.440539 
0.439815 
0.439767 
0.439639 
0.439928 
0.440568 
0.438929 
0.440347 
0.440549 
0.439909 
0.440606 
0.442481 
0.440303 
0.440083 
0.439606 
0.441117 
0.438857 
0.440194 
0.442574 
0.440829 
0.438090 
0.440556 
0.440425 
0.439026 
0.437639 
0.439034 
0.440364 
0.440451 
0.441075 
0.438636 
0.441182 
0.440151 
0.000000 
0.000000 
0.000000 
0.000000 
0.000000 
0.000000 
0.000000 
0.000000 
0.000000 
0.000000 
0.000000 
0.000000 
0.000000 
0.000000 
0.000000 
0.000000 
0.000000 
0.000000 
0.000000 
0.000000 
0.000000 
0.000000 
0.000000 
0.000000 
0.000000 
0.000000 
0.000000 
0.000000 
0.000000 
0.000000 
0.000000 
0.000000 
0.000000 
0.000000 
0.000000 
0.000000 
0.000000 
0.000000 
0.000000 
0.000000 
0.000000 
0.000000 
0.000000 
0.000000 
0.000000 
0.000000 
0.000000 
0.000000 
0.000000 
0.000000 
0.000000 
0.000000 
0.000000 
0.000000 
0.000000 
0.000000 
0.000000 
0.000000 
0.000000 
0.000000 
0.000000 
0.000000 
0.000000 
0.000000 
0.000000 
0.000000 
0.000000 
0.000000 
0.000000 
0.000000 
0.000000 
0.000000 
0.000000 
0.000000 
0.000000 
0.000000 
0.000000 
0.000000 
0.000000 
0.000000 
0.000000 
0.000000 
0.000000 
0.000000 
0.000000 
0.000000 
0.000000 
0.000000 
0.000000 
0.000000 
0.000000 
0.000000 
0.000000 
0.000000 
0.000000 
0.000000 
0.000000 
0.000000 
0.000000 
0.000000 
0.000000 
0.000000 
0.000000 
0.000000 
0.000000 
0.000000 
0.000000 
0.000000 
0.000000 
0.000000 
0.000000 
0.000000 
0.000000 
0.000000 
0.000000 
0.000000 
0.000000 
0.000000 
0.000000 
0.000000 
0.000000 
0.000000 
0.000000 
0.000000 
0.000000 
0.000000 
0.000000 
0.000000 
0.000000 
0.000000 
0.000000 
0.000000 
0.000000 
0.000000 
0.000000 
0.000000 
0.000000 
0.000000 
0.000000 
0.000000 
0.000000 
0.000000 
0.000000 
0.000000 
0.000000 
0.000000 
0.000000 
0.000000 
0.000000 
0.000000 
0.000000 
0.000000 
0.000000 
0.000000 
0.000000 
0.000000 
0.000000 
0.000000 
0.000000 
0.000000 
0.000000 
0.000000 
0.000000 
0.000000 
0.000000 
0.000000 
0.000000 
0.000000 
0.000000 
0.000000 
0.000000 
0.000000 
0.000000 
0.000000 
0.000000 
0.000000 
0.000000 
0.000000 
0.000000 
0.000000 
0.000000 
0.000000 
0.000000 
0.000000 
0.000000 
0.000000 
0.000000 
0.000000 
0.000000 
0.000000 
0.000000 
0.000000 
0.000000 
0.000000 
0.000000 
0.000000 
0.000000 
0.000000 
0.000000 
0.000000 
0.000000 
0.000000 
0.000000 
0.000000 
0.000000 
0.000000 
0.000000 
0.000000 
0.000000 
0.000000 
0.000000 
0.000000 
0.000000 
0.000000 
0.000000 
0.000000 
0.000000 
0.000000 
0.000000 
0.000000 
0.000000 
0.000000 
0.000000 
0.000000 
0.000000 
0.000000 
0.000000 
0.000000 
0.000000 
0.000000 
0.000000 
0.000000 
0.000000 
0.000000 
0.000000 
0.000000 
0.000000 
0.000000 
0.000000 
0.000000 
0.000000 
0.000000 
0.000000 
0.000000 
0.000000 
0.000000 
0.000000 
0.000000 
0.000000 
0.000000 
0.000000 
0.000000 
0.000000 
0.000000 
0.000000 
0.000000 
0.000000 
0.000000 
0.000000 
0.000000 
0.000000 
0.000000 
0.000000 
0.000000 
0.000000 
0.000000 
0.000000 
0.000000 
0.000000 
0.000000 
0.000000 
0.000000 
0.000000 
0.000000 
0.000000 
0.000000 
0.000000 
0.000000 
0.000000 
0.000000 
0.000000 
0.000000 
0.000000 
0.000000 
0.000000 
0.000000 
0.000000 
0.000000 
0.000000 
0.000000 
0.000000 
0.000000 
0.000000 
0.000000 
0.000000 
0.000000 
0.000000 
0.000000 
0.000000 
0.000000 
0.000000 
0.000000 
0.000000 
0.063932 
0.065449 
0.062903 
0.062496 
0.063462 
0.063293 
0.064877 
0.063537 
0.063467 
0.065205 
0.063358 
0.062829 
0.062189 
0.063107 
0.062744 
0.063276 
0.063640 
0.063531 
0.065923 
0.062580 
0.062612 
0.064846 
0.062813 
0.062872 
0.062788 
0.062928 
0.064777 
0.064244 
0.063503 
0.062779 
0.064209 
0.063011 
0.062811 
0.063032 
0.062681 
0.063422 
0.062339 
0.063020 
0.063405 
0.063664 
0.064386 
0.063644 
0.065177 
0.063061 
0.062650 
0.062639 
0.063574 
0.063964 
0.063084 
0.062281 
0.064972 
0.062704 
0.063111 
0.063739 
0.062506 
0.062413 
0.061661 
0.063734 
0.062007 
0.064349 
0.063595 
0.066435 
0.063443 
0.063416 
0.062722 
0.062613 
0.063028 
0.061678 
0.063723 
0.064945 
0.064402 
0.064266 
0.064872 
0.063296 
0.064740 
0.061930 
0.062961 
0.062143 
0.065166 
0.064259 
0.060767 
0.064450 
0.063945 
0.062505 
0.063458 
0.063589 
0.064708 
0.063569 
0.064504 
0.064177 
0.062987 
0.064623 
0.063548 
0.063467 
0.062607 
0.061290 
0.062615 
0.065011 
0.064157 
0.063023 
0.063423 
0.724722 
0.731241 
0.718828 
0.714931 
0.721915 
0.721492 
0.727201 
0.722764 
0.721521 
0.730959 
0.721944 
0.716652 
0.712704 
0.718934 
0.718659 
0.722124 
0.726403 
0.725044 
0.728631 
0.715406 
0.714559 
0.727722 
0.719417 
0.718903 
0.721582 
0.717509 
0.728948 
0.724473 
0.723864 
0.717281 
0.724122 
0.717421 
0.720911 
0.718637 
0.713653 
0.722495 
0.713532 
0.718705 
0.717981 
0.721959 
0.723988 
0.722077 
0.728676 
0.722772 
0.716056 
0.717279 
0.719842 
0.722162 
0.716356 
0.714775 
0.732418 
0.717455 
0.716691 
0.721020 
0.712734 
0.716729 
0.710383 
0.722296 
0.711405 
0.728017 
0.722805 
0.738769 
0.722637 
0.720631 
0.713431 
0.715491 
0.718829 
0.708715 
0.722707 
0.729431 
0.727298 
0.726519 
0.730001 
0.719751 
0.729090 
0.714374 
0.718751 
0.712979 
0.732850 
0.726005 
0.702725 
0.727705 
0.724581 
0.716400 
0.720456 
0.723227 
0.729263 
0.718371 
0.727492 
0.728373 
0.718350 
0.727530 
0.723492 
0.724920 
0.717887 
0.709061 
0.716827 
0.730405 
0.727462 
0.716849 
0.721224 
0.000000 
0.000000 
0.000000 
0.000000 
0.000000 
0.000000 
0.000000 
0.000000 
0.000000 
0.000000 
0.000000 
0.000000 
0.000000 
0.000000 
0.000000 
0.000000 
0.000000 
0.000000 
0.000000 
0.000000 
0.000000 
0.000000 
0.000000 
0.000000 
0.000000 
0.000000 
0.000000 
0.000000 
0.000000 
0.000000 
0.000000 
0.000000 
0.000000 
0.000000 
0.000000 
0.000000 
0.000000 
0.000000 
0.000000 
0.000000 
0.000000 
0.000000 
0.000000 
0.000000 
0.000000 
0.000000 
0.000000 
0.000000 
0.000000 
0.000000 
0.000000 
0.000000 
0.000000 
0.000000 
0.000000 
0.000000 
0.000000 
0.000000 
0.000000 
0.000000 
0.000000 
0.000000 
0.000000 
0.000000 
0.000000 
0.000000 
0.000000 
0.000000 
0.000000 
0.000000 
0.000000 
0.000000 
0.000000 
0.000000 
0.000000 
0.000000 
0.000000 
0.000000 
0.000000 
0.000000 
0.000000 
0.000000 
0.000000 
0.000000 
0.000000 
0.000000 
0.000000 
0.000000 
0.000000 
0.000000 
0.000000 
0.000000 
0.000000 
0.000000 
0.000000 
0.000000 
0.000000 
0.000000 
0.000000 
0.000000 
0.000000 
0.000000 
0.000000 
0.000000 
0.000000 
0.000000 
0.000000 
0.000000 
0.000000 
0.000000 
0.000000 
0.000000 
0.000000 
0.000000 
0.000000 
0.000000 
0.000000 
0.000000 
0.000000 
0.000000 
0.000000 
0.000000 
0.000000 
0.000000 
0.000000 
0.000000 
0.000000 
0.000000 
0.000000 
0.000000 
0.000000 
0.000000 
0.000000 
0.000000 
0.000000 
0.000000 
0.000000 
0.000000 
0.000000 
0.000000 
0.000000 
0.000000 
0.000000 
0.000000 
0.000000 
0.000000 
0.000000 
0.000000 
0.000000 
0.000000 
0.000000 
0.000000 
0.000000 
0.000000 
0.000000 
0.000000 
0.000000 
0.000000 
0.000000 
0.000000 
0.000000 
0.000000 
0.000000 
0.000000 
0.000000 
0.000000 
0.000000 
0.000000 
0.000000 
0.000000 
0.000000 
0.000000 
0.000000 
0.000000 
0.000000 
0.000000 
0.000000 
0.000000 
0.000000 
0.000000 
0.000000 
0.000000 
0.000000 
0.000000 
0.000000 
0.000000 
0.000000 
0.000000 
0.000000 
0.000000 
0.000000 
0.000000 
0.000000 
0.000000 
0.000000 
0.000000 
0.000000 
0.000000 
0.000000 
0.000000 
0.000000 
0.000000 
0.000000 
0.000000 
0.000000 
0.000000 
0.000000 
0.000000 
0.000000 
0.000000 
0.000000 
0.000000 
0.000000 
0.000000 
0.000000 
0.000000 
0.000000 
0.000000 
0.000000 
0.000000 
0.000000 
0.000000 
0.000000 
0.000000 
0.000000 
0.000000 
0.000000 
0.000000 
0.000000 
0.000000 
0.000000 
0.000000 
0.000000 
0.000000 
0.000000 
0.000000 
0.000000 
0.000000 
0.000000 
0.000000 
0.000000 
0.000000 
0.000000 
0.000000 
0.000000 
0.000000 
0.000000 
0.000000 
0.000000 
0.000000 
0.000000 
0.000000 
0.000000 
0.000000 
0.000000 
0.000000 
0.000000 
0.000000 
0.000000 
0.000000 
0.000000 
0.000000 
0.000000 
0.000000 
0.000000 
0.000000 
0.000000 
0.000000 
0.000000 
0.000000 
0.000000 
0.000000 
0.000000 
0.000000 
0.000000 
0.000000 
0.000000 
0.000000 
0.000000 
0.000000 
0.000000 
0.000000 
0.000000 
0.000000 
0.000000 
0.000000 
0.000000 
0.000000 
0.000000 
0.000000 
0.000000 
0.000000 
0.000000 
0.000000 
0.000000 
0.000000 
0.000000 
0.000000 
0.000000 
0.000000 
0.000000 
0.000000 
0.000000 
0.000000 
0.000000 
0.000000 
0.000000 
0.000000 
0.000000 
0.000000 
0.000000 
0.000000 
0.000000 
0.000000 
0.000000 
0.000000 
0.000000 
0.000000 
0.000000 
0.000000 
0.000000 
0.000000 
0.000000 
0.000000 
0.000000 
0.000000 
0.000000 
0.000000 
0.000000 
0.000000 
0.000000 
0.000000 
0.000000 
0.000000 
0.000000 
0.000000 
0.000000 
0.000000 
0.000000 
0.000000 
0.000000 
0.000000 
0.000000 
0.000000 
0.000000 
0.000000 
0.000000 
0.000000 
0.000000 
0.000000 
0.000000 
0.000000 
0.000000 
0.000000 
0.000000 
0.000000 
0.000000 
0.000000 
0.000000 
0.000000 
0.000000 
0.000000 
0.000000 
0.000000 
0.000000 
0.000000 
0.000000 
0.000000 
0.000000 
0.000000 
0.000000 
0.000000 
0.000000 
0.000000 
0.000000 
0.000000 
0.000000 
0.000000 
0.000000 
0.000000 
0.000000 
0.000000 
0.000000 
0.000000 
0.000000 
0.000000 
0.000000 
0.000000 
0.000000 
0.000000 
0.000000 
0.000000 
0.000000 
0.000000 
0.000000 
0.000000 
0.000000 
0.000000 
0.000000 
0.000000 
0.000000 
0.000000 
0.000000 
0.000000 
0.000000 
0.000000 
0.000000 
0.000000 
0.000000 
0.000000 
0.000000 
0.000000 
0.000000 
0.000000 
0.000000 
0.000000 
0.000000 
0.000000 
0.000000 
0.000000 
0.000000 
0.000000 
0.000000 
0.000000 
0.000000 
0.000000 
0.000000 
0.000000 
0.000000 
0.000000 
0.000000 
0.000000 
0.000000 
0.000000 
0.000000 
0.000000 
0.000000 
0.000000 
0.000000 
0.000000 
0.000000 
0.000000 
0.000000 
0.000000 
0.000000 
0.000000 
0.000000 
0.000000 
0.000000 
0.000000 
0.000000 
0.000000 
0.000000 
0.000000 
0.000000 
0.000000 
0.000000 
0.000000 
0.000000 
0.000000 
0.000000 
0.000000 
0.000000 
0.000000 
0.000000 
0.000000 
0.000000 
0.000000 
0.000000 
0.000000 
0.000000 
0.000000 
0.000000 
0.000000 
0.000000 
0.000000 
0.000000 
0.000000 
0.000000 
0.000000 
0.000000 
0.000000 
0.000000 
0.000000 
0.000000 
0.000000 
0.000000 
0.000000 
0.000000 
0.000000 
0.000000 
0.000000 
0.000000 
0.000000 
0.000000 
0.000000 
0.000000 
0.000000 
0.000000 
0.000000 
0.000000 
0.000000 
0.000000 
0.000000 
0.000000 
0.742181 
0.748884 
0.736734 
0.734047 
0.739931 
0.738834 
0.745668 
0.740560 
0.739439 
0.748597 
0.740099 
0.735031 
0.731006 
0.737943 
0.736867 
0.740138 
0.743773 
0.742204 
0.747374 
0.733640 
0.733465 
0.745503 
0.736945 
0.737297 
0.738999 
0.735700 
0.746831 
0.742581 
0.741429 
0.735991 
0.742273 
0.735631 
0.738672 
0.737199 
0.732184 
0.740040 
0.731770 
0.736518 
0.736840 
0.740340 
0.742516 
0.740164 
0.747072 
0.740415 
0.734673 
0.736386 
0.738640 
0.740435 
0.735138 
0.733195 
0.749479 
0.736214 
0.735633 
0.739482 
0.732577 
0.735222 
0.729871 
0.740702 
0.730078 
0.745116 
0.740879 
0.756063 
0.740376 
0.738477 
0.732778 
0.733848 
0.736792 
0.728163 
0.740889 
0.747308 
0.744177 
0.744307 
0.747559 
0.738092 
0.746666 
0.732803 
0.737164 
0.732046 
0.750258 
0.743973 
0.723828 
0.745335 
0.742236 
0.734690 
0.738850 
0.741566 
0.746720 
0.737032 
0.744766 
0.745457 
0.736169 
0.745156 
0.741320 
0.742075 
0.736051 
0.728179 
0.735813 
0.748321 
0.744837 
0.735418 
0.739329 
-0.028097 
-0.029865 
-0.027200 
-0.026950 
-0.027670 
-0.027401 
-0.029491 
-0.027686 
-0.027692 
-0.029694 
-0.027593 
-0.027117 
-0.026401 
-0.027514 
-0.026805 
-0.027476 
-0.027920 
-0.027570 
-0.030806 
-0.026581 
-0.026960 
-0.029303 
-0.026962 
-0.026920 
-0.026754 
-0.027246 
-0.029201 
-0.028734 
-0.027721 
-0.026974 
-0.028469 
-0.027350 
-0.026928 
-0.027030 
-0.027036 
-0.027660 
-0.026238 
-0.027056 
-0.027665 
-0.027821 
-0.028822 
-0.027990 
-0.029681 
-0.027154 
-0.027016 
-0.026947 
-0.028145 
-0.028225 
-0.027265 
-0.026365 
-0.029239 
-0.026810 
-0.027458 
-0.028075 
-0.026643 
-0.026530 
-0.025771 
-0.028063 
-0.025966 
-0.028524 
-0.027908 
-0.031314 
-0.027494 
-0.027549 
-0.027194 
-0.026870 
-0.027279 
-0.025757 
-0.028127 
-0.029318 
-0.028658 
-0.028478 
-0.029186 
-0.027262 
-0.029082 
-0.026011 
-0.027317 
-0.026258 
-0.029602 
-0.028678 
-0.024974 
-0.028918 
-0.028196 
-0.026589 
-0.027813 
-0.027669 
-0.029025 
-0.027909 
-0.028897 
-0.028328 
-0.027154 
-0.028859 
-0.027712 
-0.027605 
-0.026543 
-0.025496 
-0.027073 
-0.029563 
-0.028304 
-0.027228 
-0.027667 
0.000000 
0.000000 
0.000000 
0.000000 
0.000000 
0.000000 
0.000000 
0.000000 
0.000000 
0.000000 
0.000000 
0.000000 
0.000000 
0.000000 
0.000000 
0.000000 
0.000000 
0.000000 
0.000000 
0.000000 
0.000000 
0.000000 
0.000000 
0.000000 
0.000000 
0.000000 
0.000000 
0.000000 
0.000000 
0.000000 
0.000000 
0.000000 
0.000000 
0.000000 
0.000000 
0.000000 
0.000000 
0.000000 
0.000000 
0.000000 
0.000000 
0.000000 
0.000000 
0.000000 
0.000000 
0.000000 
0.000000 
0.000000 
0.000000 
0.000000 
0.000000 
0.000000 
0.000000 
0.000000 
0.000000 
0.000000 
0.000000 
0.000000 
0.000000 
0.000000 
0.000000 
0.000000 
0.000000 
0.000000 
0.000000 
0.000000 
0.000000 
0.000000 
0.000000 
0.000000 
0.000000 
0.000000 
0.000000 
0.000000 
0.000000 
0.000000 
0.000000 
0.000000 
0.000000 
0.000000 
0.000000 
0.000000 
0.000000 
0.000000 
0.000000 
0.000000 
0.000000 
0.000000 
0.000000 
0.000000 
0.000000 
0.000000 
0.000000 
0.000000 
0.000000 
0.000000 
0.000000 
0.000000 
0.000000 
0.000000 
0.000000 
0.000000 
0.000000 
0.000000 
0.000000 
0.000000 
0.000000 
0.000000 
0.000000 
0.000000 
0.000000 
0.000000 
0.000000 
0.000000 
0.000000 
0.000000 
0.000000 
0.000000 
0.000000 
0.000000 
0.000000 
0.000000 
0.000000 
0.000000 
0.000000 
0.000000 
0.000000 
0.000000 
0.000000 
0.000000 
0.000000 
0.000000 
0.000000 
0.000000 
0.000000 
0.000000 
0.000000 
0.000000 
0.000000 
0.000000 
0.000000 
0.000000 
0.000000 
0.000000 
0.000000 
0.000000 
0.000000 
0.000000 
0.000000 
0.000000 
0.000000 
0.000000 
0.000000 
0.000000 
0.000000 
0.000000 
0.000000 
0.000000 
0.000000 
0.000000 
0.000000 
0.000000 
0.000000 
0.000000 
0.000000 
0.000000 
0.000000 
0.000000 
0.000000 
0.000000 
0.000000 
0.000000 
0.000000 
0.000000 
0.000000 
0.000000 
0.000000 
0.000000 
0.000000 
0.000000 
0.000000 
0.000000 
0.000000 
0.000000 
0.000000 
0.000000 
0.000000 
0.000000 
0.000000 
0.000000 
0.000000 
0.000000 
0.000000 
0.000000 
0.000000 
0.000000 
0.000000 
0.000000 
0.000000 
0.000000 
0.000000 
0.000000 
0.000000 
0.000000 
0.000000 
0.000000 
0.000000 
0.000000 
0.000000 
0.000000 
0.000000 
0.000000 
0.000000 
0.000000 
0.000000 
0.000000 
0.000000 
0.000000 
0.000000 
0.000000 
0.000000 
0.000000 
0.000000 
0.000000 
0.000000 
0.000000 
0.000000 
0.000000 
0.000000 
0.000000 
0.000000 
0.000000 
0.000000 
0.000000 
0.000000 
0.000000 
0.000000 
0.000000 
0.000000 
0.000000 
0.000000 
0.000000 
0.000000 
0.000000 
0.000000 
0.000000 
0.000000 
0.000000 
0.000000 
0.000000 
0.000000 
0.000000 
0.000000 
0.000000 
0.000000 
0.000000 
0.000000 
0.000000 
0.000000 
0.000000 
0.000000 
0.000000 
0.000000 
0.000000 
0.000000 
0.000000 
0.000000 
0.000000 
0.000000 
0.000000 
0.000000 
0.000000 
0.000000 
0.000000 
0.000000 
0.000000 
0.000000 
0.000000 
0.000000 
0.000000 
0.000000 
0.000000 
0.000000 
0.000000 
0.000000 
0.000000 
0.000000 
0.000000 
0.000000 
0.000000 
0.000000 
0.000000 
0.000000 
0.000000 
0.000000 
0.000000 
0.000000 
0.000000 
0.000000 
0.000000 
0.000000 
0.000000 
0.000000 
-0.476586 
-0.477205 
-0.476823 
-0.476908 
-0.476005 
-0.476691 
-0.479028 
-0.476164 
-0.476993 
-0.477284 
-0.476479 
-0.477488 
-0.477661 
-0.476698 
-0.476142 
-0.476331 
-0.474614 
-0.475127 
-0.480203 
-0.476974 
-0.477455 
-0.477379 
-0.475667 
-0.476234 
-0.475238 
-0.476671 
-0.477079 
-0.478008 
-0.476018 
-0.476796 
-0.477650 
-0.477814 
-0.475585 
-0.476092 
-0.478409 
-0.476050 
-0.477400 
-0.476558 
-0.478276 
-0.476476 
-0.478187 
-0.476814 
-0.479162 
-0.474519 
-0.476813 
-0.476458 
-0.477434 
-0.477474 
-0.478434 
-0.476561 
-0.475524 
-0.476121 
-0.477620 
-0.477874 
-0.477225 
-0.475762 
-0.476896 
-0.476920 
-0.477243 
-0.476384 
-0.477040 
-0.477926 
-0.477086 
-0.476806 
-0.478404 
-0.477272 
-0.477449 
-0.477300 
-0.476768 
-0.476875 
-0.476287 
-0.476388 
-0.476218 
-0.476626 
-0.477068 
-0.476429 
-0.476687 
-0.476986 
-0.476607 
-0.476605 
-0.478423 
-0.476596 
-0.476266 
-0.477224 
-0.477078 
-0.475706 
-0.476815 
-0.478258 
-0.477304 
-0.475182 
-0.477044 
-0.476892 
-0.475684 
-0.474761 
-0.475870 
-0.477198 
-0.476567 
-0.477121 
-0.475542 
-0.477453 
-0.476582 
1.250506 
1.246773 
1.253233 
1.253475 
1.250896 
1.252890 
1.247780 
1.251694 
1.251499 
1.248096 
1.253477 
1.253839 
1.255812 
1.252051 
1.254350 
1.253372 
1.250061 
1.252276 
1.245966 
1.255786 
1.252696 
1.247861 
1.252580 
1.253732 
1.253679 
1.252180 
1.248760 
1.249759 
1.252467 
1.254523 
1.249543 
1.251504 
1.253966 
1.252665 
1.253254 
1.250993 
1.255020 
1.253857 
1.251473 
1.252034 
1.249538 
1.250980 
1.248343 
1.252401 
1.253409 
1.253653 
1.249933 
1.249693 
1.253543 
1.254812 
1.248232 
1.253771 
1.251871 
1.250968 
1.254300 
1.253790 
1.256841 
1.251123 
1.255884 
1.249467 
1.250632 
1.244726 
1.252593 
1.251680 
1.252452 
1.253038 
1.253363 
1.255815 
1.250400 
1.248962 
1.249125 
1.250003 
1.249675 
1.253891 
1.249283 
1.256904 
1.252439 
1.255228 
1.248156 
1.249230 
1.258256 
1.248880 
1.250127 
1.256823 
1.251289 
1.252521 
1.248737 
1.250941 
1.249119 
1.250819 
1.252606 
1.249636 
1.251939 
1.252460 
1.254156 
1.257938 
1.252819 
1.247507 
1.250899 
1.252550 
1.251701 
