0.919914 
0.919309 
0.918603 
0.919475 
0.919111 
0.919272 
0.919104 
0.920368 
0.919329 
0.919158 
0.919916 
0.919983 
0.919845 
0.919752 
0.920023 
0.919031 
0.919604 
0.918858 
0.919791 
0.919268 
0.919051 
0.918579 
0.918272 
0.919384 
0.919121 
0.919004 
0.918875 
0.919170 
0.919258 
0.919218 
0.918070 
0.919331 
0.918489 
0.918815 
0.919631 
0.919218 
0.919567 
0.919429 
0.919172 
0.919716 
0.918808 
0.919301 
0.919110 
0.919394 
0.918843 
0.917737 
0.919651 
0.919195 
0.918244 
0.919878 
0.919300 
0.919648 
0.919363 
0.919633 
0.918403 
0.919259 
0.919722 
0.918447 
0.919200 
0.919537 
0.920231 
0.918728 
0.919035 
0.918368 
0.918460 
0.918811 
0.919525 
0.918791 
0.919860 
0.919603 
0.918619 
0.918770 
0.919688 
0.918996 
0.919714 
0.919289 
0.919585 
0.919326 
0.918541 
0.919582 
0.919413 
0.919309 
0.919701 
0.920218 
0.919065 
0.919832 
0.919127 
0.919059 
0.918470 
0.919472 
0.919331 
0.919430 
0.918490 
0.918630 
0.918080 
0.918614 
0.920393 
0.919760 
0.919825 
0.919494 
0.919149 
0.000000 
0.000000 
0.000000 
0.000000 
0.000000 
0.000000 
0.000000 
0.000000 
0.000000 
0.000000 
0.000000 
0.000000 
0.000000 
0.000000 
0.000000 
0.000000 
0.000000 
0.000000 
0.000000 
0.000000 
0.000000 
0.000000 
0.000000 
0.000000 
0.000000 
0.000000 
0.000000 
0.000000 
0.000000 
0.000000 
0.000000 
0.000000 
0.000000 
0.000000 
0.000000 
0.000000 
0.000000 
0.000000 
0.000000 
0.000000 
0.000000 
0.000000 
0.000000 
0.000000 
0.000000 
0.000000 
0.000000 
0.000000 
0.000000 
0.000000 
0.000000 
0.000000 
0.000000 
0.000000 
0.000000 
0.000000 
0.000000 
0.000000 
0.000000 
0.000000 
0.000000 
0.000000 
0.000000 
0.000000 
0.000000 
0.000000 
0.000000 
0.000000 
0.000000 
0.000000 
0.000000 
0.000000 
0.000000 
0.000000 
0.000000 
0.000000 
0.000000 
0.000000 
0.000000 
0.000000 
0.000000 
0.000000 
0.000000 
0.000000 
0.000000 
0.000000 
0.000000 
0.000000 
0.000000 
0.000000 
0.000000 
0.000000 
0.000000 
0.000000 
0.000000 
0.000000 
0.000000 
0.000000 
0.000000 
0.000000 
0.000000 
0.000000 
0.000000 
0.000000 
0.000000 
0.000000 
0.000000 
0.000000 
0.000000 
0.000000 
0.000000 
0.000000 
0.000000 
0.000000 
0.000000 
0.000000 
0.000000 
0.000000 
0.000000 
0.000000 
0.000000 
0.000000 
0.000000 
0.000000 
0.000000 
0.000000 
0.000000 
0.000000 
0.000000 
0.000000 
0.000000 
0.000000 
0.000000 
0.000000 
0.000000 
0.000000 
0.000000 
0.000000 
0.000000 
0.000000 
0.000000 
0.000000 
0.000000 
0.000000 
0.000000 
0.000000 
0.000000 
0.000000 
0.000000 
0.000000 
0.000000 
0.000000 
0.000000 
0.000000 
0.000000 
0.000000 
0.000000 
0.000000 
0.000000 
0.000000 
0.000000 
0.000000 
0.000000 
0.000000 
0.000000 
0.000000 
0.000000 
0.000000 
0.000000 
0.000000 
0.000000 
0.000000 
0.000000 
0.000000 
0.000000 
0.000000 
0.000000 
0.000000 
0.000000 
0.000000 
0.000000 
0.000000 
0.000000 
0.000000 
0.000000 
0.000000 
0.000000 
0.000000 
0.000000 
0.000000 
0.000000 
0.000000 
0.000000 
0.000000 
0.000000 
0.000000 
0.000000 
0.000000 
0.000000 
0.000000 
0.000000 
0.000000 
0.000000 
0.000000 
0.000000 
0.000000 
0.000000 
0.000000 
0.000000 
0.000000 
0.000000 
0.000000 
0.000000 
0.000000 
0.000000 
0.000000 
0.000000 
0.000000 
0.000000 
0.000000 
0.000000 
0.000000 
0.000000 
0.000000 
0.000000 
0.000000 
0.000000 
0.000000 
0.000000 
0.000000 
0.000000 
0.000000 
0.000000 
0.000000 
0.000000 
0.000000 
0.000000 
0.000000 
0.000000 
0.000000 
0.000000 
0.000000 
0.000000 
0.000000 
0.000000 
0.000000 
0.000000 
0.000000 
0.000000 
0.000000 
0.000000 
0.000000 
0.000000 
0.000000 
0.000000 
0.000000 
0.000000 
0.000000 
0.000000 
0.000000 
0.000000 
0.000000 
0.000000 
0.000000 
0.000000 
0.000000 
0.000000 
0.000000 
0.000000 
0.000000 
0.000000 
0.000000 
0.000000 
0.000000 
0.000000 
0.000000 
0.000000 
0.000000 
0.000000 
0.000000 
0.000000 
0.000000 
0.000000 
0.000000 
0.000000 
0.000000 
0.000000 
0.000000 
0.000000 
0.000000 
0.000000 
0.000000 
0.000000 
0.000000 
0.000000 
0.000000 
0.000000 
0.000000 
0.000000 
0.000000 
0.000000 
0.000000 
0.000000 
0.000000 
0.000000 
0.000000 
0.000000 
0.000000 
0.000000 
0.000000 
0.000000 
0.000000 
0.000000 
0.000000 
0.000000 
0.000000 
0.000000 
0.000000 
0.000000 
0.000000 
0.000000 
0.000000 
0.000000 
0.000000 
0.000000 
0.000000 
0.000000 
0.000000 
0.000000 
0.000000 
0.000000 
0.000000 
0.000000 
0.000000 
0.000000 
0.000000 
0.000000 
0.000000 
0.000000 
0.000000 
0.000000 
0.000000 
0.000000 
0.000000 
0.000000 
0.000000 
0.000000 
0.000000 
0.000000 
0.000000 
0.000000 
0.000000 
0.000000 
0.000000 
0.000000 
0.000000 
0.000000 
0.000000 
0.000000 
0.000000 
0.000000 
0.000000 
0.000000 
0.000000 
0.000000 
0.000000 
0.000000 
0.000000 
0.000000 
0.000000 
0.000000 
0.000000 
0.000000 
0.000000 
0.000000 
0.000000 
0.000000 
0.000000 
0.000000 
0.000000 
0.000000 
0.000000 
0.000000 
0.000000 
0.000000 
0.000000 
0.000000 
0.000000 
0.000000 
0.000000 
0.000000 
0.000000 
0.000000 
0.000000 
0.000000 
0.000000 
0.000000 
0.000000 
0.000000 
0.000000 
0.000000 
0.000000 
0.000000 
0.000000 
0.000000 
0.000000 
0.000000 
0.000000 
0.000000 
0.000000 
0.000000 
0.000000 
0.000000 
0.000000 
0.000000 
0.000000 
0.000000 
0.000000 
0.000000 
0.000000 
0.000000 
0.000000 
0.000000 
0.000000 
0.000000 
0.000000 
0.000000 
0.000000 
0.000000 
0.000000 
0.000000 
0.000000 
0.000000 
0.000000 
0.000000 
0.000000 
0.000000 
0.000000 
0.000000 
0.000000 
0.000000 
0.000000 
0.000000 
0.000000 
0.000000 
0.000000 
0.000000 
0.000000 
0.000000 
0.000000 
0.000000 
0.000000 
0.000000 
0.000000 
0.000000 
0.000000 
0.000000 
0.000000 
0.000000 
0.000000 
0.000000 
0.000000 
0.000000 
0.000000 
0.000000 
0.000000 
0.000000 
0.000000 
0.000000 
0.000000 
0.000000 
0.000000 
0.000000 
0.000000 
0.000000 
0.000000 
0.000000 
0.000000 
0.000000 
0.000000 
0.000000 
0.000000 
0.000000 
0.000000 
0.000000 
0.000000 
0.000000 
0.000000 
0.000000 
0.000000 
0.000000 
0.000000 
0.000000 
0.000000 
0.000000 
0.000000 
0.000000 
0.000000 
0.000000 
0.000000 
0.000000 
0.000000 
0.000000 
0.000000 
0.000000 
0.994113 
0.993344 
0.992527 
0.993823 
0.993299 
0.993586 
0.993696 
0.994905 
0.993705 
0.993733 
0.994562 
0.994464 
0.994029 
0.993914 
0.994666 
0.993786 
0.994613 
0.992672 
0.994127 
0.993669 
0.993363 
0.993376 
0.992217 
0.993364 
0.993501 
0.993364 
0.993228 
0.993564 
0.993855 
0.993723 
0.992198 
0.994089 
0.992676 
0.992988 
0.994643 
0.993452 
0.994008 
0.993739 
0.994006 
0.994272 
0.993504 
0.993684 
0.993598 
0.993866 
0.993310 
0.991878 
0.993882 
0.993489 
0.992689 
0.994921 
0.993669 
0.994170 
0.993793 
0.993676 
0.992759 
0.993538 
0.994004 
0.993021 
0.993656 
0.994249 
0.994612 
0.993237 
0.993457 
0.993140 
0.992497 
0.993949 
0.994299 
0.993442 
0.994451 
0.993992 
0.992298 
0.993171 
0.994303 
0.993387 
0.994399 
0.993468 
0.993981 
0.994277 
0.992752 
0.993867 
0.993752 
0.993514 
0.994006 
0.995129 
0.992989 
0.994243 
0.993257 
0.993378 
0.993478 
0.993840 
0.993602 
0.994005 
0.992953 
0.993085 
0.992386 
0.993207 
0.994728 
0.993833 
0.994481 
0.993905 
0.993586 
0.268695 
0.268004 
0.267349 
0.269408 
0.268560 
0.266398 
0.267842 
0.267053 
0.266443 
0.267744 
0.267588 
0.266939 
0.267739 
0.266919 
0.269063 
0.267727 
0.267216 
0.269023 
0.267678 
0.267148 
0.267904 
0.268423 
0.269572 
0.267662 
0.267462 
0.267078 
0.267623 
0.266589 
0.267396 
0.268038 
0.266940 
0.267285 
0.266719 
0.268072 
0.268121 
0.269310 
0.268107 
0.267954 
0.268021 
0.266654 
0.266668 
0.267452 
0.267610 
0.266740 
0.268076 
0.267100 
0.269170 
0.266809 
0.267492 
0.267608 
0.267303 
0.266495 
0.267799 
0.267667 
0.267012 
0.267220 
0.266629 
0.268628 
0.267668 
0.267303 
0.267756 
0.267084 
0.268105 
0.266161 
0.267573 
0.267796 
0.268005 
0.266879 
0.268585 
0.268521 
0.267656 
0.267301 
0.267257 
0.267434 
0.266842 
0.267989 
0.267528 
0.267773 
0.267754 
0.267674 
0.266331 
0.267593 
0.267180 
0.268070 
0.269425 
0.267419 
0.267934 
0.268715 
0.268573 
0.268196 
0.268169 
0.267352 
0.267024 
0.267773 
0.267805 
0.267804 
0.267819 
0.268756 
0.268414 
0.268301 
0.267720 
0.000000 
0.000000 
0.000000 
0.000000 
0.000000 
0.000000 
0.000000 
0.000000 
0.000000 
0.000000 
0.000000 
0.000000 
0.000000 
0.000000 
0.000000 
0.000000 
0.000000 
0.000000 
0.000000 
0.000000 
0.000000 
0.000000 
0.000000 
0.000000 
0.000000 
0.000000 
0.000000 
0.000000 
0.000000 
0.000000 
0.000000 
0.000000 
0.000000 
0.000000 
0.000000 
0.000000 
0.000000 
0.000000 
0.000000 
0.000000 
0.000000 
0.000000 
0.000000 
0.000000 
0.000000 
0.000000 
0.000000 
0.000000 
0.000000 
0.000000 
0.000000 
0.000000 
0.000000 
0.000000 
0.000000 
0.000000 
0.000000 
0.000000 
0.000000 
0.000000 
0.000000 
0.000000 
0.000000 
0.000000 
0.000000 
0.000000 
0.000000 
0.000000 
0.000000 
0.000000 
0.000000 
0.000000 
0.000000 
0.000000 
0.000000 
0.000000 
0.000000 
0.000000 
0.000000 
0.000000 
0.000000 
0.000000 
0.000000 
0.000000 
0.000000 
0.000000 
0.000000 
0.000000 
0.000000 
0.000000 
0.000000 
0.000000 
0.000000 
0.000000 
0.000000 
0.000000 
0.000000 
0.000000 
0.000000 
0.000000 
0.000000 
0.000000 
0.000000 
0.000000 
0.000000 
0.000000 
0.000000 
0.000000 
0.000000 
0.000000 
0.000000 
0.000000 
0.000000 
0.000000 
0.000000 
0.000000 
0.000000 
0.000000 
0.000000 
0.000000 
0.000000 
0.000000 
0.000000 
0.000000 
0.000000 
0.000000 
0.000000 
0.000000 
0.000000 
0.000000 
0.000000 
0.000000 
0.000000 
0.000000 
0.000000 
0.000000 
0.000000 
0.000000 
0.000000 
0.000000 
0.000000 
0.000000 
0.000000 
0.000000 
0.000000 
0.000000 
0.000000 
0.000000 
0.000000 
0.000000 
0.000000 
0.000000 
0.000000 
0.000000 
0.000000 
0.000000 
0.000000 
0.000000 
0.000000 
0.000000 
0.000000 
0.000000 
0.000000 
0.000000 
0.000000 
0.000000 
0.000000 
0.000000 
0.000000 
0.000000 
0.000000 
0.000000 
0.000000 
0.000000 
0.000000 
0.000000 
0.000000 
0.000000 
0.000000 
0.000000 
0.000000 
0.000000 
0.000000 
0.000000 
0.000000 
0.000000 
0.000000 
0.000000 
0.000000 
0.000000 
0.000000 
0.000000 
0.000000 
0.000000 
0.000000 
0.000000 
0.000000 
0.000000 
0.000000 
0.000000 
0.000000 
0.000000 
0.000000 
0.000000 
0.000000 
0.000000 
0.000000 
0.000000 
0.000000 
0.000000 
0.000000 
0.000000 
0.000000 
0.000000 
0.000000 
0.000000 
0.000000 
0.000000 
0.000000 
0.000000 
0.000000 
0.000000 
0.000000 
0.000000 
0.000000 
0.000000 
0.000000 
0.000000 
0.000000 
0.000000 
0.000000 
0.000000 
0.000000 
0.000000 
0.000000 
0.000000 
0.000000 
0.000000 
0.000000 
0.000000 
0.000000 
0.000000 
0.000000 
0.000000 
0.000000 
0.000000 
0.000000 
0.000000 
0.000000 
0.000000 
0.000000 
0.000000 
0.000000 
0.000000 
0.000000 
0.000000 
0.000000 
0.000000 
0.000000 
0.000000 
0.000000 
0.000000 
0.000000 
0.000000 
0.000000 
0.000000 
0.000000 
0.000000 
0.000000 
0.000000 
0.000000 
0.000000 
0.000000 
0.000000 
0.000000 
0.000000 
0.000000 
0.000000 
0.000000 
0.000000 
0.000000 
0.000000 
0.000000 
0.000000 
0.000000 
0.000000 
0.000000 
0.000000 
0.000000 
0.000000 
0.000000 
0.000000 
0.000000 
0.000000 
0.000000 
0.000000 
0.000000 
0.000000 
0.000000 
0.000000 
0.000000 
0.000000 
0.000000 
0.051284 
0.051716 
0.051657 
0.051686 
0.051730 
0.051729 
0.051692 
0.051540 
0.051491 
0.051708 
0.051502 
0.051486 
0.051457 
0.051146 
0.051345 
0.051995 
0.051691 
0.051848 
0.051542 
0.051515 
0.051783 
0.052385 
0.052100 
0.051315 
0.051809 
0.051865 
0.051852 
0.051923 
0.051524 
0.051642 
0.051854 
0.052018 
0.051891 
0.051728 
0.051564 
0.051870 
0.051618 
0.051619 
0.051768 
0.051597 
0.051843 
0.051547 
0.051678 
0.051399 
0.051838 
0.051781 
0.051431 
0.051838 
0.051905 
0.051663 
0.051824 
0.051842 
0.051716 
0.051421 
0.051875 
0.051381 
0.051653 
0.052156 
0.052050 
0.051597 
0.051315 
0.051763 
0.051675 
0.051911 
0.051983 
0.052081 
0.051816 
0.051681 
0.051675 
0.051654 
0.051630 
0.051897 
0.051589 
0.051666 
0.051747 
0.051641 
0.051493 
0.051817 
0.051823 
0.051452 
0.051546 
0.051513 
0.051367 
0.051521 
0.051652 
0.051488 
0.051507 
0.051762 
0.052163 
0.051753 
0.051715 
0.051637 
0.051825 
0.051847 
0.051927 
0.051816 
0.051303 
0.051153 
0.051651 
0.051631 
0.051693 
0.874870 
0.877709 
0.877140 
0.875616 
0.876353 
0.879578 
0.877657 
0.879005 
0.878546 
0.878006 
0.878787 
0.879151 
0.877429 
0.877092 
0.875396 
0.880178 
0.880659 
0.874960 
0.877712 
0.878074 
0.877588 
0.880143 
0.875084 
0.876020 
0.878984 
0.879880 
0.878426 
0.880552 
0.878248 
0.877424 
0.878189 
0.880729 
0.879503 
0.876890 
0.878164 
0.875731 
0.878035 
0.876637 
0.879117 
0.879795 
0.881109 
0.878027 
0.878233 
0.878867 
0.877611 
0.877053 
0.874839 
0.879885 
0.878385 
0.880196 
0.878598 
0.881142 
0.877277 
0.876865 
0.879340 
0.877346 
0.879579 
0.878106 
0.879864 
0.878378 
0.877440 
0.879247 
0.877066 
0.881270 
0.878560 
0.880849 
0.878328 
0.878907 
0.877718 
0.876886 
0.875702 
0.878917 
0.879016 
0.877354 
0.879997 
0.877308 
0.877406 
0.879362 
0.877658 
0.877197 
0.879276 
0.877587 
0.878161 
0.878197 
0.873898 
0.878441 
0.876112 
0.876675 
0.878976 
0.877317 
0.877878 
0.879084 
0.879190 
0.878518 
0.877690 
0.877893 
0.877881 
0.874016 
0.877579 
0.876784 
0.877931 
0.000000 
0.000000 
0.000000 
0.000000 
0.000000 
0.000000 
0.000000 
0.000000 
0.000000 
0.000000 
0.000000 
0.000000 
0.000000 
0.000000 
0.000000 
0.000000 
0.000000 
0.000000 
0.000000 
0.000000 
0.000000 
0.000000 
0.000000 
0.000000 
0.000000 
0.000000 
0.000000 
0.000000 
0.000000 
0.000000 
0.000000 
0.000000 
0.000000 
0.000000 
0.000000 
0.000000 
0.000000 
0.000000 
0.000000 
0.000000 
0.000000 
0.000000 
0.000000 
0.000000 
0.000000 
0.000000 
0.000000 
0.000000 
0.000000 
0.000000 
0.000000 
0.000000 
0.000000 
0.000000 
0.000000 
0.000000 
0.000000 
0.000000 
0.000000 
0.000000 
0.000000 
0.000000 
0.000000 
0.000000 
0.000000 
0.000000 
0.000000 
0.000000 
0.000000 
0.000000 
0.000000 
0.000000 
0.000000 
0.000000 
0.000000 
0.000000 
0.000000 
0.000000 
0.000000 
0.000000 
0.000000 
0.000000 
0.000000 
0.000000 
0.000000 
0.000000 
0.000000 
0.000000 
0.000000 
0.000000 
0.000000 
0.000000 
0.000000 
0.000000 
0.000000 
0.000000 
0.000000 
0.000000 
0.000000 
0.000000 
0.000000 
0.000000 
0.000000 
0.000000 
0.000000 
0.000000 
0.000000 
0.000000 
0.000000 
0.000000 
0.000000 
0.000000 
0.000000 
0.000000 
0.000000 
0.000000 
0.000000 
0.000000 
0.000000 
0.000000 
0.000000 
0.000000 
0.000000 
0.000000 
0.000000 
0.000000 
0.000000 
0.000000 
0.000000 
0.000000 
0.000000 
0.000000 
0.000000 
0.000000 
0.000000 
0.000000 
0.000000 
0.000000 
0.000000 
0.000000 
0.000000 
0.000000 
0.000000 
0.000000 
0.000000 
0.000000 
0.000000 
0.000000 
0.000000 
0.000000 
0.000000 
0.000000 
0.000000 
0.000000 
0.000000 
0.000000 
0.000000 
0.000000 
0.000000 
0.000000 
0.000000 
0.000000 
0.000000 
0.000000 
0.000000 
0.000000 
0.000000 
0.000000 
0.000000 
0.000000 
0.000000 
0.000000 
0.000000 
0.000000 
0.000000 
0.000000 
0.000000 
0.000000 
0.000000 
0.000000 
0.000000 
0.000000 
0.000000 
0.000000 
0.000000 
0.000000 
0.000000 
0.000000 
0.000000 
0.000000 
0.000000 
0.000000 
0.000000 
0.000000 
0.000000 
0.000000 
0.000000 
0.000000 
0.000000 
0.000000 
0.000000 
0.000000 
0.000000 
0.000000 
0.000000 
0.000000 
0.000000 
0.000000 
0.000000 
0.000000 
0.000000 
0.000000 
0.000000 
0.000000 
0.000000 
0.000000 
0.000000 
0.000000 
0.000000 
0.000000 
0.000000 
0.000000 
0.000000 
0.000000 
0.000000 
0.000000 
0.000000 
0.000000 
0.000000 
0.000000 
0.000000 
0.000000 
0.000000 
0.000000 
0.000000 
0.000000 
0.000000 
0.000000 
0.000000 
0.000000 
0.000000 
0.000000 
0.000000 
0.000000 
0.000000 
0.000000 
0.000000 
0.000000 
0.000000 
0.000000 
0.000000 
0.000000 
0.000000 
0.000000 
0.000000 
0.000000 
0.000000 
0.000000 
0.000000 
0.000000 
0.000000 
0.000000 
0.000000 
0.000000 
0.000000 
0.000000 
0.000000 
0.000000 
0.000000 
0.000000 
0.000000 
0.000000 
0.000000 
0.000000 
0.000000 
0.000000 
0.000000 
0.000000 
0.000000 
0.000000 
0.000000 
0.000000 
0.000000 
0.000000 
0.000000 
0.000000 
0.000000 
0.000000 
0.000000 
0.000000 
0.000000 
0.000000 
0.000000 
0.000000 
0.000000 
0.000000 
0.000000 
0.000000 
0.000000 
0.000000 
0.000000 
0.000000 
0.000000 
0.000000 
0.000000 
0.000000 
0.000000 
0.000000 
0.000000 
0.000000 
0.000000 
0.000000 
0.000000 
0.000000 
0.000000 
0.000000 
0.000000 
0.000000 
0.000000 
0.000000 
0.000000 
0.000000 
0.000000 
0.000000 
0.000000 
0.000000 
0.000000 
0.000000 
0.000000 
0.000000 
0.000000 
0.000000 
0.000000 
0.000000 
0.000000 
0.000000 
0.000000 
0.000000 
0.000000 
0.000000 
0.000000 
0.000000 
0.000000 
0.000000 
0.000000 
0.000000 
0.000000 
0.000000 
0.000000 
0.000000 
0.000000 
0.000000 
0.000000 
0.000000 
0.000000 
0.000000 
0.000000 
0.000000 
0.000000 
0.000000 
0.000000 
0.000000 
0.000000 
0.000000 
0.000000 
0.000000 
0.000000 
0.000000 
0.000000 
0.000000 
0.000000 
0.000000 
0.000000 
0.000000 
0.000000 
0.000000 
0.000000 
0.000000 
0.000000 
0.000000 
0.000000 
0.000000 
0.000000 
0.000000 
0.000000 
0.000000 
0.000000 
0.000000 
0.000000 
0.000000 
0.000000 
0.000000 
0.000000 
0.000000 
0.000000 
0.000000 
0.000000 
0.000000 
0.000000 
0.000000 
0.000000 
0.000000 
0.000000 
0.000000 
0.000000 
0.000000 
0.000000 
0.000000 
0.000000 
0.000000 
0.000000 
0.000000 
0.000000 
0.000000 
0.000000 
0.000000 
0.000000 
0.000000 
0.000000 
0.000000 
0.000000 
0.000000 
0.000000 
0.000000 
0.000000 
0.000000 
0.000000 
0.000000 
0.000000 
0.000000 
0.000000 
0.000000 
0.000000 
0.000000 
0.000000 
0.000000 
0.000000 
0.000000 
0.000000 
0.000000 
0.000000 
0.000000 
0.000000 
0.000000 
0.000000 
0.000000 
0.000000 
0.000000 
0.000000 
0.000000 
0.000000 
0.000000 
0.000000 
0.000000 
0.000000 
0.000000 
0.000000 
0.000000 
0.000000 
0.000000 
0.000000 
0.000000 
0.000000 
0.000000 
0.000000 
0.000000 
0.000000 
0.000000 
0.000000 
0.000000 
0.000000 
0.000000 
0.000000 
0.000000 
0.000000 
0.000000 
0.000000 
0.000000 
0.000000 
0.000000 
0.000000 
0.000000 
0.000000 
0.000000 
0.000000 
0.000000 
0.000000 
0.000000 
0.000000 
0.000000 
0.000000 
0.000000 
0.000000 
0.000000 
0.000000 
0.000000 
0.000000 
0.000000 
0.000000 
0.000000 
0.000000 
0.000000 
0.000000 
0.000000 
0.000000 
0.863204 
0.865813 
0.864637 
0.864389 
0.864434 
0.866431 
0.865002 
0.866637 
0.865431 
0.865536 
0.866520 
0.866816 
0.865565 
0.864597 
0.863256 
0.867936 
0.868297 
0.863345 
0.865296 
0.865383 
0.865029 
0.867926 
0.863205 
0.863447 
0.866284 
0.867122 
0.866055 
0.867817 
0.865550 
0.865183 
0.865526 
0.868106 
0.866607 
0.864749 
0.865573 
0.864075 
0.866261 
0.864482 
0.866918 
0.866980 
0.868239 
0.865236 
0.865566 
0.865704 
0.865337 
0.864111 
0.863537 
0.867094 
0.865568 
0.867479 
0.866153 
0.868522 
0.864923 
0.864755 
0.866808 
0.864830 
0.867166 
0.866190 
0.867762 
0.865393 
0.865139 
0.866582 
0.865007 
0.867788 
0.866088 
0.868186 
0.865915 
0.865723 
0.865855 
0.865072 
0.863141 
0.866158 
0.866516 
0.864342 
0.867204 
0.865364 
0.864659 
0.866702 
0.865276 
0.865152 
0.866283 
0.865199 
0.865645 
0.866146 
0.862398 
0.866242 
0.863427 
0.864621 
0.866546 
0.865686 
0.865958 
0.866388 
0.866191 
0.865946 
0.865233 
0.865301 
0.866099 
0.862534 
0.865336 
0.864427 
0.865516 
-0.012129 
-0.012406 
-0.012215 
-0.012472 
-0.012439 
-0.012553 
-0.012462 
-0.012447 
-0.012334 
-0.012525 
-0.012608 
-0.012490 
-0.012447 
-0.012245 
-0.012165 
-0.012821 
-0.012846 
-0.012267 
-0.012330 
-0.012365 
-0.012480 
-0.013028 
-0.012333 
-0.012179 
-0.012547 
-0.012635 
-0.012558 
-0.012655 
-0.012468 
-0.012590 
-0.012618 
-0.012718 
-0.012595 
-0.012402 
-0.012374 
-0.012388 
-0.012530 
-0.012369 
-0.012709 
-0.012487 
-0.012767 
-0.012452 
-0.012427 
-0.012300 
-0.012557 
-0.012419 
-0.012142 
-0.012576 
-0.012617 
-0.012682 
-0.012538 
-0.012648 
-0.012449 
-0.012285 
-0.012774 
-0.012335 
-0.012560 
-0.012678 
-0.012823 
-0.012367 
-0.012225 
-0.012647 
-0.012439 
-0.012817 
-0.012609 
-0.012919 
-0.012620 
-0.012550 
-0.012527 
-0.012390 
-0.012178 
-0.012561 
-0.012489 
-0.012384 
-0.012666 
-0.012507 
-0.012350 
-0.012588 
-0.012550 
-0.012422 
-0.012422 
-0.012314 
-0.012351 
-0.012462 
-0.012118 
-0.012487 
-0.012232 
-0.012443 
-0.012789 
-0.012455 
-0.012484 
-0.012468 
-0.012637 
-0.012576 
-0.012700 
-0.012584 
-0.012401 
-0.012102 
-0.012451 
-0.012344 
-0.012481 
0.000000 
0.000000 
0.000000 
0.000000 
0.000000 
0.000000 
0.000000 
0.000000 
0.000000 
0.000000 
0.000000 
0.000000 
0.000000 
0.000000 
0.000000 
0.000000 
0.000000 
0.000000 
0.000000 
0.000000 
0.000000 
0.000000 
0.000000 
0.000000 
0.000000 
0.000000 
0.000000 
0.000000 
0.000000 
0.000000 
0.000000 
0.000000 
0.000000 
0.000000 
0.000000 
0.000000 
0.000000 
0.000000 
0.000000 
0.000000 
0.000000 
0.000000 
0.000000 
0.000000 
0.000000 
0.000000 
0.000000 
0.000000 
0.000000 
0.000000 
0.000000 
0.000000 
0.000000 
0.000000 
0.000000 
0.000000 
0.000000 
0.000000 
0.000000 
0.000000 
0.000000 
0.000000 
0.000000 
0.000000 
0.000000 
0.000000 
0.000000 
0.000000 
0.000000 
0.000000 
0.000000 
0.000000 
0.000000 
0.000000 
0.000000 
0.000000 
0.000000 
0.000000 
0.000000 
0.000000 
0.000000 
0.000000 
0.000000 
0.000000 
0.000000 
0.000000 
0.000000 
0.000000 
0.000000 
0.000000 
0.000000 
0.000000 
0.000000 
0.000000 
0.000000 
0.000000 
0.000000 
0.000000 
0.000000 
0.000000 
0.000000 
0.000000 
0.000000 
0.000000 
0.000000 
0.000000 
0.000000 
0.000000 
0.000000 
0.000000 
0.000000 
0.000000 
0.000000 
0.000000 
0.000000 
0.000000 
0.000000 
0.000000 
0.000000 
0.000000 
0.000000 
0.000000 
0.000000 
0.000000 
0.000000 
0.000000 
0.000000 
0.000000 
0.000000 
0.000000 
0.000000 
0.000000 
0.000000 
0.000000 
0.000000 
0.000000 
0.000000 
0.000000 
0.000000 
0.000000 
0.000000 
0.000000 
0.000000 
0.000000 
0.000000 
0.000000 
0.000000 
0.000000 
0.000000 
0.000000 
0.000000 
0.000000 
0.000000 
0.000000 
0.000000 
0.000000 
0.000000 
0.000000 
0.000000 
0.000000 
0.000000 
0.000000 
0.000000 
0.000000 
0.000000 
0.000000 
0.000000 
0.000000 
0.000000 
0.000000 
0.000000 
0.000000 
0.000000 
0.000000 
0.000000 
0.000000 
0.000000 
0.000000 
0.000000 
0.000000 
0.000000 
0.000000 
0.000000 
0.000000 
0.000000 
0.000000 
0.000000 
0.000000 
0.000000 
0.000000 
0.000000 
0.000000 
0.000000 
0.000000 
0.000000 
0.000000 
0.000000 
0.000000 
0.000000 
0.000000 
0.000000 
0.000000 
0.000000 
0.000000 
0.000000 
0.000000 
0.000000 
0.000000 
0.000000 
0.000000 
0.000000 
0.000000 
0.000000 
0.000000 
0.000000 
0.000000 
0.000000 
0.000000 
0.000000 
0.000000 
0.000000 
0.000000 
0.000000 
0.000000 
0.000000 
0.000000 
0.000000 
0.000000 
0.000000 
0.000000 
0.000000 
0.000000 
0.000000 
0.000000 
0.000000 
0.000000 
0.000000 
0.000000 
0.000000 
0.000000 
0.000000 
0.000000 
0.000000 
0.000000 
0.000000 
0.000000 
0.000000 
0.000000 
0.000000 
0.000000 
0.000000 
0.000000 
0.000000 
0.000000 
0.000000 
0.000000 
0.000000 
0.000000 
0.000000 
0.000000 
0.000000 
0.000000 
0.000000 
0.000000 
0.000000 
0.000000 
0.000000 
0.000000 
0.000000 
0.000000 
0.000000 
0.000000 
0.000000 
0.000000 
0.000000 
0.000000 
0.000000 
0.000000 
0.000000 
0.000000 
0.000000 
0.000000 
0.000000 
0.000000 
0.000000 
0.000000 
0.000000 
0.000000 
0.000000 
0.000000 
0.000000 
0.000000 
0.000000 
0.000000 
0.000000 
0.000000 
0.000000 
0.000000 
0.000000 
0.000000 
0.000000 
0.000000 
0.000000 
-0.327156 
-0.326447 
-0.326497 
-0.327651 
-0.327212 
-0.325188 
-0.326556 
-0.324800 
-0.325457 
-0.326466 
-0.325730 
-0.325344 
-0.326502 
-0.325759 
-0.326896 
-0.325739 
-0.325151 
-0.327793 
-0.325824 
-0.325879 
-0.326476 
-0.326236 
-0.328333 
-0.326533 
-0.326014 
-0.325548 
-0.326480 
-0.324909 
-0.325971 
-0.326668 
-0.326379 
-0.325309 
-0.325318 
-0.326966 
-0.325998 
-0.327759 
-0.325964 
-0.327050 
-0.326215 
-0.324708 
-0.324770 
-0.326071 
-0.326371 
-0.325296 
-0.326931 
-0.327394 
-0.327704 
-0.325158 
-0.326619 
-0.325292 
-0.326122 
-0.324762 
-0.326521 
-0.326757 
-0.326022 
-0.325855 
-0.325128 
-0.326746 
-0.325339 
-0.325681 
-0.325771 
-0.325910 
-0.326557 
-0.325053 
-0.326126 
-0.325378 
-0.326099 
-0.325682 
-0.326441 
-0.327376 
-0.326903 
-0.326222 
-0.325292 
-0.326784 
-0.325269 
-0.326247 
-0.326316 
-0.325870 
-0.326681 
-0.326208 
-0.325125 
-0.326137 
-0.325611 
-0.325755 
-0.328652 
-0.325581 
-0.327095 
-0.326796 
-0.326963 
-0.326553 
-0.326326 
-0.325463 
-0.325493 
-0.326534 
-0.327158 
-0.326670 
-0.325444 
-0.327455 
-0.326558 
-0.326489 
-0.326314 
1.212541 
1.211295 
1.211359 
1.212000 
1.211643 
1.209763 
1.210767 
1.210742 
1.210364 
1.210772 
1.210424 
1.210336 
1.211317 
1.210612 
1.211595 
1.209796 
1.209179 
1.212938 
1.210683 
1.210500 
1.211009 
1.209987 
1.212598 
1.211141 
1.210384 
1.209740 
1.210606 
1.209740 
1.210248 
1.210781 
1.210312 
1.209780 
1.209745 
1.211486 
1.210073 
1.212268 
1.210702 
1.212047 
1.209997 
1.209517 
1.208518 
1.210286 
1.210544 
1.209576 
1.211143 
1.211162 
1.212875 
1.210239 
1.210194 
1.209286 
1.210901 
1.209566 
1.211317 
1.211706 
1.209741 
1.210659 
1.210269 
1.210580 
1.209964 
1.210404 
1.211035 
1.209673 
1.210814 
1.208495 
1.210252 
1.208776 
1.210912 
1.209930 
1.211311 
1.211981 
1.211928 
1.210581 
1.210011 
1.211138 
1.209997 
1.210984 
1.210863 
1.210160 
1.211041 
1.211159 
1.209777 
1.211198 
1.210441 
1.210713 
1.213227 
1.210582 
1.211506 
1.211059 
1.210208 
1.211676 
1.211258 
1.209923 
1.209354 
1.210173 
1.210538 
1.210312 
1.210980 
1.212655 
1.211152 
1.211315 
1.210765 
