0.920049 
0.920044 
0.919722 
0.920008 
0.920104 
0.919961 
0.920259 
0.920150 
0.920154 
0.920260 
0.920353 
0.919942 
0.920108 
0.920483 
0.919797 
0.920156 
0.920253 
0.920547 
0.920136 
0.920367 
0.920559 
0.920199 
0.920251 
0.919994 
0.920071 
0.919957 
0.920014 
0.919813 
0.919989 
0.920401 
0.920002 
0.920666 
0.920067 
0.920147 
0.920114 
0.920603 
0.919931 
0.920453 
0.920548 
0.920373 
0.920056 
0.920552 
0.920132 
0.920471 
0.919934 
0.920451 
0.920609 
0.920422 
0.919980 
0.920455 
0.920086 
0.920050 
0.920465 
0.920481 
0.920453 
0.920480 
0.920375 
0.920142 
0.920813 
0.920150 
0.919661 
0.920102 
0.920602 
0.920262 
0.919998 
0.920469 
0.920323 
0.919806 
0.920437 
0.919972 
0.919985 
0.920812 
0.920105 
0.920269 
0.920291 
0.920384 
0.920362 
0.920102 
0.920290 
0.920124 
0.920023 
0.920572 
0.920332 
0.920574 
0.919787 
0.920280 
0.920068 
0.920402 
0.920021 
0.919930 
0.920387 
0.920514 
0.919906 
0.920097 
0.920020 
0.920255 
0.920362 
0.920295 
0.920293 
0.919406 
0.920215 
0.000000 
0.000000 
0.000000 
0.000000 
0.000000 
0.000000 
0.000000 
0.000000 
0.000000 
0.000000 
0.000000 
0.000000 
0.000000 
0.000000 
0.000000 
0.000000 
0.000000 
0.000000 
0.000000 
0.000000 
0.000000 
0.000000 
0.000000 
0.000000 
0.000000 
0.000000 
0.000000 
0.000000 
0.000000 
0.000000 
0.000000 
0.000000 
0.000000 
0.000000 
0.000000 
0.000000 
0.000000 
0.000000 
0.000000 
0.000000 
0.000000 
0.000000 
0.000000 
0.000000 
0.000000 
0.000000 
0.000000 
0.000000 
0.000000 
0.000000 
0.000000 
0.000000 
0.000000 
0.000000 
0.000000 
0.000000 
0.000000 
0.000000 
0.000000 
0.000000 
0.000000 
0.000000 
0.000000 
0.000000 
0.000000 
0.000000 
0.000000 
0.000000 
0.000000 
0.000000 
0.000000 
0.000000 
0.000000 
0.000000 
0.000000 
0.000000 
0.000000 
0.000000 
0.000000 
0.000000 
0.000000 
0.000000 
0.000000 
0.000000 
0.000000 
0.000000 
0.000000 
0.000000 
0.000000 
0.000000 
0.000000 
0.000000 
0.000000 
0.000000 
0.000000 
0.000000 
0.000000 
0.000000 
0.000000 
0.000000 
0.000000 
0.000000 
0.000000 
0.000000 
0.000000 
0.000000 
0.000000 
0.000000 
0.000000 
0.000000 
0.000000 
0.000000 
0.000000 
0.000000 
0.000000 
0.000000 
0.000000 
0.000000 
0.000000 
0.000000 
0.000000 
0.000000 
0.000000 
0.000000 
0.000000 
0.000000 
0.000000 
0.000000 
0.000000 
0.000000 
0.000000 
0.000000 
0.000000 
0.000000 
0.000000 
0.000000 
0.000000 
0.000000 
0.000000 
0.000000 
0.000000 
0.000000 
0.000000 
0.000000 
0.000000 
0.000000 
0.000000 
0.000000 
0.000000 
0.000000 
0.000000 
0.000000 
0.000000 
0.000000 
0.000000 
0.000000 
0.000000 
0.000000 
0.000000 
0.000000 
0.000000 
0.000000 
0.000000 
0.000000 
0.000000 
0.000000 
0.000000 
0.000000 
0.000000 
0.000000 
0.000000 
0.000000 
0.000000 
0.000000 
0.000000 
0.000000 
0.000000 
0.000000 
0.000000 
0.000000 
0.000000 
0.000000 
0.000000 
0.000000 
0.000000 
0.000000 
0.000000 
0.000000 
0.000000 
0.000000 
0.000000 
0.000000 
0.000000 
0.000000 
0.000000 
0.000000 
0.000000 
0.000000 
0.000000 
0.000000 
0.000000 
0.000000 
0.000000 
0.000000 
0.000000 
0.000000 
0.000000 
0.000000 
0.000000 
0.000000 
0.000000 
0.000000 
0.000000 
0.000000 
0.000000 
0.000000 
0.000000 
0.000000 
0.000000 
0.000000 
0.000000 
0.000000 
0.000000 
0.000000 
0.000000 
0.000000 
0.000000 
0.000000 
0.000000 
0.000000 
0.000000 
0.000000 
0.000000 
0.000000 
0.000000 
0.000000 
0.000000 
0.000000 
0.000000 
0.000000 
0.000000 
0.000000 
0.000000 
0.000000 
0.000000 
0.000000 
0.000000 
0.000000 
0.000000 
0.000000 
0.000000 
0.000000 
0.000000 
0.000000 
0.000000 
0.000000 
0.000000 
0.000000 
0.000000 
0.000000 
0.000000 
0.000000 
0.000000 
0.000000 
0.000000 
0.000000 
0.000000 
0.000000 
0.000000 
0.000000 
0.000000 
0.000000 
0.000000 
0.000000 
0.000000 
0.000000 
0.000000 
0.000000 
0.000000 
0.000000 
0.000000 
0.000000 
0.000000 
0.000000 
0.000000 
0.000000 
0.000000 
0.000000 
0.000000 
0.000000 
0.000000 
0.000000 
0.000000 
0.000000 
0.000000 
0.000000 
0.000000 
0.000000 
0.000000 
0.000000 
0.000000 
0.000000 
0.000000 
0.000000 
0.000000 
0.000000 
0.000000 
0.000000 
0.000000 
0.000000 
0.000000 
0.000000 
0.000000 
0.000000 
0.000000 
0.000000 
0.000000 
0.000000 
0.000000 
0.000000 
0.000000 
0.000000 
0.000000 
0.000000 
0.000000 
0.000000 
0.000000 
0.000000 
0.000000 
0.000000 
0.000000 
0.000000 
0.000000 
0.000000 
0.000000 
0.000000 
0.000000 
0.000000 
0.000000 
0.000000 
0.000000 
0.000000 
0.000000 
0.000000 
0.000000 
0.000000 
0.000000 
0.000000 
0.000000 
0.000000 
0.000000 
0.000000 
0.000000 
0.000000 
0.000000 
0.000000 
0.000000 
0.000000 
0.000000 
0.000000 
0.000000 
0.000000 
0.000000 
0.000000 
0.000000 
0.000000 
0.000000 
0.000000 
0.000000 
0.000000 
0.000000 
0.000000 
0.000000 
0.000000 
0.000000 
0.000000 
0.000000 
0.000000 
0.000000 
0.000000 
0.000000 
0.000000 
0.000000 
0.000000 
0.000000 
0.000000 
0.000000 
0.000000 
0.000000 
0.000000 
0.000000 
0.000000 
0.000000 
0.000000 
0.000000 
0.000000 
0.000000 
0.000000 
0.000000 
0.000000 
0.000000 
0.000000 
0.000000 
0.000000 
0.000000 
0.000000 
0.000000 
0.000000 
0.000000 
0.000000 
0.000000 
0.000000 
0.000000 
0.000000 
0.000000 
0.000000 
0.000000 
0.000000 
0.000000 
0.000000 
0.000000 
0.000000 
0.000000 
0.000000 
0.000000 
0.000000 
0.000000 
0.000000 
0.000000 
0.000000 
0.000000 
0.000000 
0.000000 
0.000000 
0.000000 
0.000000 
0.000000 
0.000000 
0.000000 
0.000000 
0.000000 
0.000000 
0.000000 
0.000000 
0.000000 
0.000000 
0.000000 
0.000000 
0.000000 
0.000000 
0.000000 
0.000000 
0.000000 
0.000000 
0.000000 
0.000000 
0.000000 
0.000000 
0.000000 
0.000000 
0.000000 
0.000000 
0.000000 
0.000000 
0.000000 
0.000000 
0.000000 
0.000000 
0.000000 
0.000000 
0.000000 
0.000000 
0.000000 
0.000000 
0.000000 
0.000000 
0.000000 
0.000000 
0.000000 
0.000000 
0.000000 
0.000000 
0.000000 
0.000000 
0.000000 
0.000000 
0.000000 
0.000000 
0.000000 
0.000000 
0.000000 
0.000000 
0.000000 
0.000000 
0.000000 
0.000000 
0.000000 
0.000000 
0.000000 
0.000000 
0.000000 
0.000000 
0.000000 
0.000000 
0.000000 
1.050478 
1.050459 
1.050510 
1.050427 
1.050440 
1.050429 
1.050414 
1.050487 
1.050370 
1.050427 
1.050514 
1.050639 
1.050459 
1.050419 
1.050491 
1.050526 
1.050384 
1.050419 
1.050449 
1.050427 
1.050388 
1.050447 
1.050482 
1.050456 
1.050506 
1.050456 
1.050441 
1.050449 
1.050481 
1.050305 
1.050469 
1.050283 
1.050480 
1.050431 
1.050530 
1.050342 
1.050576 
1.050456 
1.050393 
1.050441 
1.050346 
1.050435 
1.050417 
1.050382 
1.050436 
1.050355 
1.050344 
1.050326 
1.050554 
1.050480 
1.050511 
1.050447 
1.050389 
1.050416 
1.050420 
1.050336 
1.050445 
1.050506 
1.050405 
1.050402 
1.050489 
1.050535 
1.050365 
1.050425 
1.050465 
1.050423 
1.050376 
1.050500 
1.050461 
1.050363 
1.050463 
1.050203 
1.050392 
1.050456 
1.050442 
1.050384 
1.050392 
1.050384 
1.050450 
1.050465 
1.050444 
1.050371 
1.050329 
1.050306 
1.050478 
1.050448 
1.050431 
1.050404 
1.050557 
1.050483 
1.050339 
1.050359 
1.050411 
1.050413 
1.050421 
1.050371 
1.050534 
1.050408 
1.050402 
1.050470 
1.050434 
0.281606 
0.281675 
0.281377 
0.281725 
0.282036 
0.281404 
0.282025 
0.282091 
0.281356 
0.281822 
0.282781 
0.282219 
0.281678 
0.282013 
0.281444 
0.281894 
0.281948 
0.282589 
0.282071 
0.281832 
0.282303 
0.282047 
0.282572 
0.282224 
0.281946 
0.281433 
0.281812 
0.281647 
0.281576 
0.281746 
0.281756 
0.282158 
0.282035 
0.281843 
0.282477 
0.282797 
0.282058 
0.282381 
0.282293 
0.282156 
0.281572 
0.282598 
0.281654 
0.282284 
0.281673 
0.281914 
0.281960 
0.282093 
0.281884 
0.282504 
0.282114 
0.281753 
0.282212 
0.282318 
0.282125 
0.281965 
0.281851 
0.282333 
0.282898 
0.281572 
0.281477 
0.281878 
0.282284 
0.281591 
0.281617 
0.282189 
0.282200 
0.281750 
0.282662 
0.281298 
0.281809 
0.281782 
0.281658 
0.281957 
0.281988 
0.282285 
0.281950 
0.281913 
0.282237 
0.281791 
0.281897 
0.282513 
0.281792 
0.282108 
0.281650 
0.282435 
0.281943 
0.281952 
0.282310 
0.281723 
0.282000 
0.282207 
0.281583 
0.281655 
0.281446 
0.282029 
0.282701 
0.282036 
0.282238 
0.280760 
0.281974 
0.000000 
0.000000 
0.000000 
0.000000 
0.000000 
0.000000 
0.000000 
0.000000 
0.000000 
0.000000 
0.000000 
0.000000 
0.000000 
0.000000 
0.000000 
0.000000 
0.000000 
0.000000 
0.000000 
0.000000 
0.000000 
0.000000 
0.000000 
0.000000 
0.000000 
0.000000 
0.000000 
0.000000 
0.000000 
0.000000 
0.000000 
0.000000 
0.000000 
0.000000 
0.000000 
0.000000 
0.000000 
0.000000 
0.000000 
0.000000 
0.000000 
0.000000 
0.000000 
0.000000 
0.000000 
0.000000 
0.000000 
0.000000 
0.000000 
0.000000 
0.000000 
0.000000 
0.000000 
0.000000 
0.000000 
0.000000 
0.000000 
0.000000 
0.000000 
0.000000 
0.000000 
0.000000 
0.000000 
0.000000 
0.000000 
0.000000 
0.000000 
0.000000 
0.000000 
0.000000 
0.000000 
0.000000 
0.000000 
0.000000 
0.000000 
0.000000 
0.000000 
0.000000 
0.000000 
0.000000 
0.000000 
0.000000 
0.000000 
0.000000 
0.000000 
0.000000 
0.000000 
0.000000 
0.000000 
0.000000 
0.000000 
0.000000 
0.000000 
0.000000 
0.000000 
0.000000 
0.000000 
0.000000 
0.000000 
0.000000 
0.000000 
0.000000 
0.000000 
0.000000 
0.000000 
0.000000 
0.000000 
0.000000 
0.000000 
0.000000 
0.000000 
0.000000 
0.000000 
0.000000 
0.000000 
0.000000 
0.000000 
0.000000 
0.000000 
0.000000 
0.000000 
0.000000 
0.000000 
0.000000 
0.000000 
0.000000 
0.000000 
0.000000 
0.000000 
0.000000 
0.000000 
0.000000 
0.000000 
0.000000 
0.000000 
0.000000 
0.000000 
0.000000 
0.000000 
0.000000 
0.000000 
0.000000 
0.000000 
0.000000 
0.000000 
0.000000 
0.000000 
0.000000 
0.000000 
0.000000 
0.000000 
0.000000 
0.000000 
0.000000 
0.000000 
0.000000 
0.000000 
0.000000 
0.000000 
0.000000 
0.000000 
0.000000 
0.000000 
0.000000 
0.000000 
0.000000 
0.000000 
0.000000 
0.000000 
0.000000 
0.000000 
0.000000 
0.000000 
0.000000 
0.000000 
0.000000 
0.000000 
0.000000 
0.000000 
0.000000 
0.000000 
0.000000 
0.000000 
0.000000 
0.000000 
0.000000 
0.000000 
0.000000 
0.000000 
0.000000 
0.000000 
0.000000 
0.000000 
0.000000 
0.000000 
0.000000 
0.000000 
0.000000 
0.000000 
0.000000 
0.000000 
0.000000 
0.000000 
0.000000 
0.000000 
0.000000 
0.000000 
0.000000 
0.000000 
0.000000 
0.000000 
0.000000 
0.000000 
0.000000 
0.000000 
0.000000 
0.000000 
0.000000 
0.000000 
0.000000 
0.000000 
0.000000 
0.000000 
0.000000 
0.000000 
0.000000 
0.000000 
0.000000 
0.000000 
0.000000 
0.000000 
0.000000 
0.000000 
0.000000 
0.000000 
0.000000 
0.000000 
0.000000 
0.000000 
0.000000 
0.000000 
0.000000 
0.000000 
0.000000 
0.000000 
0.000000 
0.000000 
0.000000 
0.000000 
0.000000 
0.000000 
0.000000 
0.000000 
0.000000 
0.000000 
0.000000 
0.000000 
0.000000 
0.000000 
0.000000 
0.000000 
0.000000 
0.000000 
0.000000 
0.000000 
0.000000 
0.000000 
0.000000 
0.000000 
0.000000 
0.000000 
0.000000 
0.000000 
0.000000 
0.000000 
0.000000 
0.000000 
0.000000 
0.000000 
0.000000 
0.000000 
0.000000 
0.000000 
0.000000 
0.000000 
0.000000 
0.000000 
0.000000 
0.000000 
0.000000 
0.000000 
0.000000 
0.000000 
0.000000 
0.000000 
0.000000 
0.000000 
0.000000 
0.000000 
0.000000 
0.000000 
0.000000 
0.000000 
0.056683 
0.056712 
0.056925 
0.056688 
0.056578 
0.056843 
0.056488 
0.056589 
0.056609 
0.056521 
0.056395 
0.056912 
0.056651 
0.056330 
0.056915 
0.056691 
0.056415 
0.056247 
0.056599 
0.056449 
0.056198 
0.056567 
0.056432 
0.056584 
0.056685 
0.056778 
0.056696 
0.056789 
0.056738 
0.056363 
0.056691 
0.056088 
0.056636 
0.056601 
0.056589 
0.056117 
0.056834 
0.056323 
0.056267 
0.056400 
0.056628 
0.056243 
0.056552 
0.056338 
0.056811 
0.056329 
0.056266 
0.056277 
0.056798 
0.056340 
0.056600 
0.056723 
0.056298 
0.056296 
0.056353 
0.056254 
0.056477 
0.056548 
0.056041 
0.056596 
0.056974 
0.056768 
0.056178 
0.056605 
0.056752 
0.056355 
0.056380 
0.056843 
0.056283 
0.056791 
0.056696 
0.056116 
0.056601 
0.056563 
0.056503 
0.056314 
0.056434 
0.056528 
0.056460 
0.056571 
0.056678 
0.056238 
0.056424 
0.056208 
0.056871 
0.056457 
0.056592 
0.056388 
0.056693 
0.056837 
0.056302 
0.056213 
0.056723 
0.056671 
0.056768 
0.056418 
0.056410 
0.056463 
0.056431 
0.057280 
0.056536 
0.955019 
0.954905 
0.957129 
0.954811 
0.953663 
0.956130 
0.953014 
0.953633 
0.955039 
0.953680 
0.951319 
0.955591 
0.954825 
0.952229 
0.956787 
0.954665 
0.952742 
0.950709 
0.953529 
0.953269 
0.950977 
0.953506 
0.951838 
0.953399 
0.954558 
0.955843 
0.954695 
0.955489 
0.955503 
0.952607 
0.954826 
0.950352 
0.954105 
0.953968 
0.953088 
0.949506 
0.955356 
0.951710 
0.951306 
0.952613 
0.954461 
0.950723 
0.954023 
0.951600 
0.955421 
0.952277 
0.951808 
0.951740 
0.955488 
0.951282 
0.953804 
0.954953 
0.951696 
0.951481 
0.952173 
0.951786 
0.953394 
0.952994 
0.948898 
0.954482 
0.957032 
0.954933 
0.950758 
0.954439 
0.955509 
0.951956 
0.952095 
0.955725 
0.950826 
0.956065 
0.954773 
0.950896 
0.954459 
0.953773 
0.953315 
0.951616 
0.952896 
0.953547 
0.952525 
0.954065 
0.954410 
0.950778 
0.952881 
0.950993 
0.955887 
0.952239 
0.953787 
0.952516 
0.953921 
0.955724 
0.952074 
0.951256 
0.955279 
0.954742 
0.955723 
0.952593 
0.951650 
0.952788 
0.952275 
0.959813 
0.953475 
0.000000 
0.000000 
0.000000 
0.000000 
0.000000 
0.000000 
0.000000 
0.000000 
0.000000 
0.000000 
0.000000 
0.000000 
0.000000 
0.000000 
0.000000 
0.000000 
0.000000 
0.000000 
0.000000 
0.000000 
0.000000 
0.000000 
0.000000 
0.000000 
0.000000 
0.000000 
0.000000 
0.000000 
0.000000 
0.000000 
0.000000 
0.000000 
0.000000 
0.000000 
0.000000 
0.000000 
0.000000 
0.000000 
0.000000 
0.000000 
0.000000 
0.000000 
0.000000 
0.000000 
0.000000 
0.000000 
0.000000 
0.000000 
0.000000 
0.000000 
0.000000 
0.000000 
0.000000 
0.000000 
0.000000 
0.000000 
0.000000 
0.000000 
0.000000 
0.000000 
0.000000 
0.000000 
0.000000 
0.000000 
0.000000 
0.000000 
0.000000 
0.000000 
0.000000 
0.000000 
0.000000 
0.000000 
0.000000 
0.000000 
0.000000 
0.000000 
0.000000 
0.000000 
0.000000 
0.000000 
0.000000 
0.000000 
0.000000 
0.000000 
0.000000 
0.000000 
0.000000 
0.000000 
0.000000 
0.000000 
0.000000 
0.000000 
0.000000 
0.000000 
0.000000 
0.000000 
0.000000 
0.000000 
0.000000 
0.000000 
0.000000 
0.000000 
0.000000 
0.000000 
0.000000 
0.000000 
0.000000 
0.000000 
0.000000 
0.000000 
0.000000 
0.000000 
0.000000 
0.000000 
0.000000 
0.000000 
0.000000 
0.000000 
0.000000 
0.000000 
0.000000 
0.000000 
0.000000 
0.000000 
0.000000 
0.000000 
0.000000 
0.000000 
0.000000 
0.000000 
0.000000 
0.000000 
0.000000 
0.000000 
0.000000 
0.000000 
0.000000 
0.000000 
0.000000 
0.000000 
0.000000 
0.000000 
0.000000 
0.000000 
0.000000 
0.000000 
0.000000 
0.000000 
0.000000 
0.000000 
0.000000 
0.000000 
0.000000 
0.000000 
0.000000 
0.000000 
0.000000 
0.000000 
0.000000 
0.000000 
0.000000 
0.000000 
0.000000 
0.000000 
0.000000 
0.000000 
0.000000 
0.000000 
0.000000 
0.000000 
0.000000 
0.000000 
0.000000 
0.000000 
0.000000 
0.000000 
0.000000 
0.000000 
0.000000 
0.000000 
0.000000 
0.000000 
0.000000 
0.000000 
0.000000 
0.000000 
0.000000 
0.000000 
0.000000 
0.000000 
0.000000 
0.000000 
0.000000 
0.000000 
0.000000 
0.000000 
0.000000 
0.000000 
0.000000 
0.000000 
0.000000 
0.000000 
0.000000 
0.000000 
0.000000 
0.000000 
0.000000 
0.000000 
0.000000 
0.000000 
0.000000 
0.000000 
0.000000 
0.000000 
0.000000 
0.000000 
0.000000 
0.000000 
0.000000 
0.000000 
0.000000 
0.000000 
0.000000 
0.000000 
0.000000 
0.000000 
0.000000 
0.000000 
0.000000 
0.000000 
0.000000 
0.000000 
0.000000 
0.000000 
0.000000 
0.000000 
0.000000 
0.000000 
0.000000 
0.000000 
0.000000 
0.000000 
0.000000 
0.000000 
0.000000 
0.000000 
0.000000 
0.000000 
0.000000 
0.000000 
0.000000 
0.000000 
0.000000 
0.000000 
0.000000 
0.000000 
0.000000 
0.000000 
0.000000 
0.000000 
0.000000 
0.000000 
0.000000 
0.000000 
0.000000 
0.000000 
0.000000 
0.000000 
0.000000 
0.000000 
0.000000 
0.000000 
0.000000 
0.000000 
0.000000 
0.000000 
0.000000 
0.000000 
0.000000 
0.000000 
0.000000 
0.000000 
0.000000 
0.000000 
0.000000 
0.000000 
0.000000 
0.000000 
0.000000 
0.000000 
0.000000 
0.000000 
0.000000 
0.000000 
0.000000 
0.000000 
0.000000 
0.000000 
0.000000 
0.000000 
0.000000 
0.000000 
0.000000 
0.000000 
0.000000 
0.000000 
0.000000 
0.000000 
0.000000 
0.000000 
0.000000 
0.000000 
0.000000 
0.000000 
0.000000 
0.000000 
0.000000 
0.000000 
0.000000 
0.000000 
0.000000 
0.000000 
0.000000 
0.000000 
0.000000 
0.000000 
0.000000 
0.000000 
0.000000 
0.000000 
0.000000 
0.000000 
0.000000 
0.000000 
0.000000 
0.000000 
0.000000 
0.000000 
0.000000 
0.000000 
0.000000 
0.000000 
0.000000 
0.000000 
0.000000 
0.000000 
0.000000 
0.000000 
0.000000 
0.000000 
0.000000 
0.000000 
0.000000 
0.000000 
0.000000 
0.000000 
0.000000 
0.000000 
0.000000 
0.000000 
0.000000 
0.000000 
0.000000 
0.000000 
0.000000 
0.000000 
0.000000 
0.000000 
0.000000 
0.000000 
0.000000 
0.000000 
0.000000 
0.000000 
0.000000 
0.000000 
0.000000 
0.000000 
0.000000 
0.000000 
0.000000 
0.000000 
0.000000 
0.000000 
0.000000 
0.000000 
0.000000 
0.000000 
0.000000 
0.000000 
0.000000 
0.000000 
0.000000 
0.000000 
0.000000 
0.000000 
0.000000 
0.000000 
0.000000 
0.000000 
0.000000 
0.000000 
0.000000 
0.000000 
0.000000 
0.000000 
0.000000 
0.000000 
0.000000 
0.000000 
0.000000 
0.000000 
0.000000 
0.000000 
0.000000 
0.000000 
0.000000 
0.000000 
0.000000 
0.000000 
0.000000 
0.000000 
0.000000 
0.000000 
0.000000 
0.000000 
0.000000 
0.000000 
0.000000 
0.000000 
0.000000 
0.000000 
0.000000 
0.000000 
0.000000 
0.000000 
0.000000 
0.000000 
0.000000 
0.000000 
0.000000 
0.000000 
0.000000 
0.000000 
0.000000 
0.000000 
0.000000 
0.000000 
0.000000 
0.000000 
0.000000 
0.000000 
0.000000 
0.000000 
0.000000 
0.000000 
0.000000 
0.000000 
0.000000 
0.000000 
0.000000 
0.000000 
0.000000 
0.000000 
0.000000 
0.000000 
0.000000 
0.000000 
0.000000 
0.000000 
0.000000 
0.000000 
0.000000 
0.000000 
0.000000 
0.000000 
0.000000 
0.000000 
0.000000 
0.000000 
0.000000 
0.000000 
0.000000 
0.000000 
0.000000 
0.000000 
0.000000 
0.000000 
0.000000 
0.000000 
0.000000 
0.000000 
0.000000 
0.000000 
0.000000 
0.000000 
0.000000 
0.000000 
0.000000 
0.000000 
0.000000 
0.000000 
0.000000 
0.000000 
0.000000 
0.934799 
0.934781 
0.936647 
0.934670 
0.933702 
0.935844 
0.933086 
0.933689 
0.934779 
0.933701 
0.931651 
0.935581 
0.934661 
0.932460 
0.936404 
0.934561 
0.932692 
0.931127 
0.933520 
0.933314 
0.931279 
0.933562 
0.932073 
0.933377 
0.934497 
0.935539 
0.934563 
0.935164 
0.935254 
0.932622 
0.934703 
0.930724 
0.934100 
0.933905 
0.933223 
0.930006 
0.935246 
0.931966 
0.931558 
0.932770 
0.934302 
0.931091 
0.933900 
0.931843 
0.935259 
0.932415 
0.932060 
0.931908 
0.935313 
0.931672 
0.933777 
0.934822 
0.931869 
0.931759 
0.932420 
0.931934 
0.933463 
0.933064 
0.929578 
0.934316 
0.936612 
0.934899 
0.931058 
0.934353 
0.935303 
0.932270 
0.932234 
0.935432 
0.931205 
0.935717 
0.934627 
0.931204 
0.934342 
0.933799 
0.933407 
0.931810 
0.932978 
0.933434 
0.932667 
0.933972 
0.934318 
0.931169 
0.932894 
0.931271 
0.935583 
0.932417 
0.933695 
0.932650 
0.934027 
0.935483 
0.932196 
0.931505 
0.935015 
0.934593 
0.935517 
0.932659 
0.931946 
0.932938 
0.932506 
0.939084 
0.933499 
-0.027068 
-0.027090 
-0.027346 
-0.027057 
-0.026933 
-0.027216 
-0.026843 
-0.026949 
-0.026983 
-0.026876 
-0.026672 
-0.027278 
-0.027007 
-0.026690 
-0.027322 
-0.027045 
-0.026736 
-0.026541 
-0.026916 
-0.026804 
-0.026502 
-0.026923 
-0.026736 
-0.026929 
-0.027039 
-0.027175 
-0.027048 
-0.027168 
-0.027126 
-0.026699 
-0.027057 
-0.026394 
-0.026991 
-0.026950 
-0.026945 
-0.026372 
-0.027189 
-0.026644 
-0.026547 
-0.026756 
-0.026982 
-0.026520 
-0.026923 
-0.026615 
-0.027189 
-0.026668 
-0.026594 
-0.026592 
-0.027176 
-0.026660 
-0.026957 
-0.027081 
-0.026606 
-0.026621 
-0.026693 
-0.026562 
-0.026815 
-0.026872 
-0.026332 
-0.026938 
-0.027369 
-0.027143 
-0.026482 
-0.026962 
-0.027144 
-0.026704 
-0.026698 
-0.027228 
-0.026599 
-0.027164 
-0.027084 
-0.026410 
-0.026970 
-0.026899 
-0.026859 
-0.026624 
-0.026748 
-0.026862 
-0.026783 
-0.026923 
-0.027031 
-0.026519 
-0.026736 
-0.026512 
-0.027248 
-0.026763 
-0.026936 
-0.026720 
-0.027057 
-0.027170 
-0.026628 
-0.026525 
-0.027117 
-0.027023 
-0.027156 
-0.026747 
-0.026707 
-0.026817 
-0.026752 
-0.027754 
-0.026880 
0.000000 
0.000000 
0.000000 
0.000000 
0.000000 
0.000000 
0.000000 
0.000000 
0.000000 
0.000000 
0.000000 
0.000000 
0.000000 
0.000000 
0.000000 
0.000000 
0.000000 
0.000000 
0.000000 
0.000000 
0.000000 
0.000000 
0.000000 
0.000000 
0.000000 
0.000000 
0.000000 
0.000000 
0.000000 
0.000000 
0.000000 
0.000000 
0.000000 
0.000000 
0.000000 
0.000000 
0.000000 
0.000000 
0.000000 
0.000000 
0.000000 
0.000000 
0.000000 
0.000000 
0.000000 
0.000000 
0.000000 
0.000000 
0.000000 
0.000000 
0.000000 
0.000000 
0.000000 
0.000000 
0.000000 
0.000000 
0.000000 
0.000000 
0.000000 
0.000000 
0.000000 
0.000000 
0.000000 
0.000000 
0.000000 
0.000000 
0.000000 
0.000000 
0.000000 
0.000000 
0.000000 
0.000000 
0.000000 
0.000000 
0.000000 
0.000000 
0.000000 
0.000000 
0.000000 
0.000000 
0.000000 
0.000000 
0.000000 
0.000000 
0.000000 
0.000000 
0.000000 
0.000000 
0.000000 
0.000000 
0.000000 
0.000000 
0.000000 
0.000000 
0.000000 
0.000000 
0.000000 
0.000000 
0.000000 
0.000000 
0.000000 
0.000000 
0.000000 
0.000000 
0.000000 
0.000000 
0.000000 
0.000000 
0.000000 
0.000000 
0.000000 
0.000000 
0.000000 
0.000000 
0.000000 
0.000000 
0.000000 
0.000000 
0.000000 
0.000000 
0.000000 
0.000000 
0.000000 
0.000000 
0.000000 
0.000000 
0.000000 
0.000000 
0.000000 
0.000000 
0.000000 
0.000000 
0.000000 
0.000000 
0.000000 
0.000000 
0.000000 
0.000000 
0.000000 
0.000000 
0.000000 
0.000000 
0.000000 
0.000000 
0.000000 
0.000000 
0.000000 
0.000000 
0.000000 
0.000000 
0.000000 
0.000000 
0.000000 
0.000000 
0.000000 
0.000000 
0.000000 
0.000000 
0.000000 
0.000000 
0.000000 
0.000000 
0.000000 
0.000000 
0.000000 
0.000000 
0.000000 
0.000000 
0.000000 
0.000000 
0.000000 
0.000000 
0.000000 
0.000000 
0.000000 
0.000000 
0.000000 
0.000000 
0.000000 
0.000000 
0.000000 
0.000000 
0.000000 
0.000000 
0.000000 
0.000000 
0.000000 
0.000000 
0.000000 
0.000000 
0.000000 
0.000000 
0.000000 
0.000000 
0.000000 
0.000000 
0.000000 
0.000000 
0.000000 
0.000000 
0.000000 
0.000000 
0.000000 
0.000000 
0.000000 
0.000000 
0.000000 
0.000000 
0.000000 
0.000000 
0.000000 
0.000000 
0.000000 
0.000000 
0.000000 
0.000000 
0.000000 
0.000000 
0.000000 
0.000000 
0.000000 
0.000000 
0.000000 
0.000000 
0.000000 
0.000000 
0.000000 
0.000000 
0.000000 
0.000000 
0.000000 
0.000000 
0.000000 
0.000000 
0.000000 
0.000000 
0.000000 
0.000000 
0.000000 
0.000000 
0.000000 
0.000000 
0.000000 
0.000000 
0.000000 
0.000000 
0.000000 
0.000000 
0.000000 
0.000000 
0.000000 
0.000000 
0.000000 
0.000000 
0.000000 
0.000000 
0.000000 
0.000000 
0.000000 
0.000000 
0.000000 
0.000000 
0.000000 
0.000000 
0.000000 
0.000000 
0.000000 
0.000000 
0.000000 
0.000000 
0.000000 
0.000000 
0.000000 
0.000000 
0.000000 
0.000000 
0.000000 
0.000000 
0.000000 
0.000000 
0.000000 
0.000000 
0.000000 
0.000000 
0.000000 
0.000000 
0.000000 
0.000000 
0.000000 
0.000000 
0.000000 
0.000000 
0.000000 
0.000000 
0.000000 
0.000000 
0.000000 
0.000000 
0.000000 
0.000000 
0.000000 
0.000000 
0.000000 
-0.330214 
-0.330199 
-0.330030 
-0.330352 
-0.330730 
-0.329940 
-0.330617 
-0.330713 
-0.329950 
-0.330486 
-0.331529 
-0.330724 
-0.330363 
-0.330718 
-0.330072 
-0.330517 
-0.330786 
-0.331300 
-0.330769 
-0.330572 
-0.331111 
-0.330664 
-0.331356 
-0.330965 
-0.330553 
-0.330028 
-0.330448 
-0.330329 
-0.330203 
-0.330419 
-0.330404 
-0.330878 
-0.330674 
-0.330550 
-0.331162 
-0.331621 
-0.330660 
-0.331044 
-0.331071 
-0.330837 
-0.330235 
-0.331290 
-0.330333 
-0.331094 
-0.330200 
-0.330644 
-0.330587 
-0.330864 
-0.330450 
-0.331255 
-0.330857 
-0.330382 
-0.330953 
-0.331046 
-0.330791 
-0.330714 
-0.330461 
-0.331107 
-0.331638 
-0.330219 
-0.330091 
-0.330466 
-0.331023 
-0.330195 
-0.330181 
-0.330902 
-0.330905 
-0.330386 
-0.331423 
-0.329830 
-0.330465 
-0.330478 
-0.330349 
-0.330638 
-0.330669 
-0.331064 
-0.330710 
-0.330599 
-0.331024 
-0.330570 
-0.330543 
-0.331257 
-0.330526 
-0.330874 
-0.330268 
-0.331181 
-0.330661 
-0.330663 
-0.330975 
-0.330355 
-0.330717 
-0.331000 
-0.330224 
-0.330303 
-0.330091 
-0.330801 
-0.331474 
-0.330726 
-0.330953 
-0.329165 
-0.330651 
1.160406 
1.160494 
1.159384 
1.160497 
1.161065 
1.160034 
1.161352 
1.161122 
1.160432 
1.161180 
1.162309 
1.160443 
1.160654 
1.161895 
1.159685 
1.160717 
1.161572 
1.162689 
1.161185 
1.161429 
1.162479 
1.161228 
1.162097 
1.161052 
1.160774 
1.160031 
1.160549 
1.160036 
1.160277 
1.161527 
1.160470 
1.162635 
1.160959 
1.160973 
1.161347 
1.163093 
1.160446 
1.162121 
1.162319 
1.161679 
1.160593 
1.162545 
1.160857 
1.162211 
1.160036 
1.161765 
1.162160 
1.161923 
1.160225 
1.162300 
1.161063 
1.160549 
1.162068 
1.162287 
1.161852 
1.161973 
1.161428 
1.161504 
1.163477 
1.160799 
1.159380 
1.160696 
1.162610 
1.160945 
1.160235 
1.162027 
1.161781 
1.160014 
1.162466 
1.159933 
1.160490 
1.162503 
1.160674 
1.161312 
1.161417 
1.162079 
1.161706 
1.161112 
1.161753 
1.160982 
1.160711 
1.162704 
1.161380 
1.162442 
1.160022 
1.161825 
1.160905 
1.161768 
1.161037 
1.160243 
1.161795 
1.162280 
1.160118 
1.160600 
1.160178 
1.161537 
1.162297 
1.161465 
1.161643 
1.157983 
1.161232 
