0.945818 
0.945591 
0.945197 
0.945412 
0.945469 
0.945432 
0.945164 
0.945788 
0.945393 
0.945178 
0.945425 
0.945541 
0.945619 
0.945642 
0.945475 
0.945128 
0.944971 
0.945583 
0.945604 
0.945298 
0.945348 
0.944869 
0.945266 
0.945570 
0.945271 
0.945269 
0.945093 
0.945270 
0.945258 
0.945300 
0.944920 
0.945213 
0.945135 
0.945368 
0.944993 
0.945474 
0.945336 
0.945556 
0.944996 
0.945337 
0.944817 
0.945332 
0.945170 
0.945189 
0.945151 
0.944893 
0.945753 
0.945369 
0.944849 
0.945103 
0.945315 
0.945434 
0.945390 
0.945593 
0.944852 
0.945356 
0.945494 
0.945000 
0.945244 
0.945217 
0.945633 
0.944917 
0.945249 
0.944610 
0.945224 
0.944687 
0.945360 
0.945025 
0.945488 
0.945477 
0.945475 
0.945201 
0.945322 
0.945264 
0.945368 
0.945436 
0.945503 
0.945154 
0.945265 
0.945587 
0.945307 
0.945382 
0.945574 
0.945488 
0.945602 
0.945411 
0.945494 
0.945334 
0.944775 
0.945494 
0.945460 
0.945126 
0.944900 
0.944882 
0.944984 
0.944955 
0.945747 
0.945726 
0.945476 
0.945440 
0.945261 
0.000000 
0.000000 
0.000000 
0.000000 
0.000000 
0.000000 
0.000000 
0.000000 
0.000000 
0.000000 
0.000000 
0.000000 
0.000000 
0.000000 
0.000000 
0.000000 
0.000000 
0.000000 
0.000000 
0.000000 
0.000000 
0.000000 
0.000000 
0.000000 
0.000000 
0.000000 
0.000000 
0.000000 
0.000000 
0.000000 
0.000000 
0.000000 
0.000000 
0.000000 
0.000000 
0.000000 
0.000000 
0.000000 
0.000000 
0.000000 
0.000000 
0.000000 
0.000000 
0.000000 
0.000000 
0.000000 
0.000000 
0.000000 
0.000000 
0.000000 
0.000000 
0.000000 
0.000000 
0.000000 
0.000000 
0.000000 
0.000000 
0.000000 
0.000000 
0.000000 
0.000000 
0.000000 
0.000000 
0.000000 
0.000000 
0.000000 
0.000000 
0.000000 
0.000000 
0.000000 
0.000000 
0.000000 
0.000000 
0.000000 
0.000000 
0.000000 
0.000000 
0.000000 
0.000000 
0.000000 
0.000000 
0.000000 
0.000000 
0.000000 
0.000000 
0.000000 
0.000000 
0.000000 
0.000000 
0.000000 
0.000000 
0.000000 
0.000000 
0.000000 
0.000000 
0.000000 
0.000000 
0.000000 
0.000000 
0.000000 
0.000000 
0.000000 
0.000000 
0.000000 
0.000000 
0.000000 
0.000000 
0.000000 
0.000000 
0.000000 
0.000000 
0.000000 
0.000000 
0.000000 
0.000000 
0.000000 
0.000000 
0.000000 
0.000000 
0.000000 
0.000000 
0.000000 
0.000000 
0.000000 
0.000000 
0.000000 
0.000000 
0.000000 
0.000000 
0.000000 
0.000000 
0.000000 
0.000000 
0.000000 
0.000000 
0.000000 
0.000000 
0.000000 
0.000000 
0.000000 
0.000000 
0.000000 
0.000000 
0.000000 
0.000000 
0.000000 
0.000000 
0.000000 
0.000000 
0.000000 
0.000000 
0.000000 
0.000000 
0.000000 
0.000000 
0.000000 
0.000000 
0.000000 
0.000000 
0.000000 
0.000000 
0.000000 
0.000000 
0.000000 
0.000000 
0.000000 
0.000000 
0.000000 
0.000000 
0.000000 
0.000000 
0.000000 
0.000000 
0.000000 
0.000000 
0.000000 
0.000000 
0.000000 
0.000000 
0.000000 
0.000000 
0.000000 
0.000000 
0.000000 
0.000000 
0.000000 
0.000000 
0.000000 
0.000000 
0.000000 
0.000000 
0.000000 
0.000000 
0.000000 
0.000000 
0.000000 
0.000000 
0.000000 
0.000000 
0.000000 
0.000000 
0.000000 
0.000000 
0.000000 
0.000000 
0.000000 
0.000000 
0.000000 
0.000000 
0.000000 
0.000000 
0.000000 
0.000000 
0.000000 
0.000000 
0.000000 
0.000000 
0.000000 
0.000000 
0.000000 
0.000000 
0.000000 
0.000000 
0.000000 
0.000000 
0.000000 
0.000000 
0.000000 
0.000000 
0.000000 
0.000000 
0.000000 
0.000000 
0.000000 
0.000000 
0.000000 
0.000000 
0.000000 
0.000000 
0.000000 
0.000000 
0.000000 
0.000000 
0.000000 
0.000000 
0.000000 
0.000000 
0.000000 
0.000000 
0.000000 
0.000000 
0.000000 
0.000000 
0.000000 
0.000000 
0.000000 
0.000000 
0.000000 
0.000000 
0.000000 
0.000000 
0.000000 
0.000000 
0.000000 
0.000000 
0.000000 
0.000000 
0.000000 
0.000000 
0.000000 
0.000000 
0.000000 
0.000000 
0.000000 
0.000000 
0.000000 
0.000000 
0.000000 
0.000000 
0.000000 
0.000000 
0.000000 
0.000000 
0.000000 
0.000000 
0.000000 
0.000000 
0.000000 
0.000000 
0.000000 
0.000000 
0.000000 
0.000000 
0.000000 
0.000000 
0.000000 
0.000000 
0.000000 
0.000000 
0.000000 
0.000000 
0.000000 
0.000000 
0.000000 
0.000000 
0.000000 
0.000000 
0.000000 
0.000000 
0.000000 
0.000000 
0.000000 
0.000000 
0.000000 
0.000000 
0.000000 
0.000000 
0.000000 
0.000000 
0.000000 
0.000000 
0.000000 
0.000000 
0.000000 
0.000000 
0.000000 
0.000000 
0.000000 
0.000000 
0.000000 
0.000000 
0.000000 
0.000000 
0.000000 
0.000000 
0.000000 
0.000000 
0.000000 
0.000000 
0.000000 
0.000000 
0.000000 
0.000000 
0.000000 
0.000000 
0.000000 
0.000000 
0.000000 
0.000000 
0.000000 
0.000000 
0.000000 
0.000000 
0.000000 
0.000000 
0.000000 
0.000000 
0.000000 
0.000000 
0.000000 
0.000000 
0.000000 
0.000000 
0.000000 
0.000000 
0.000000 
0.000000 
0.000000 
0.000000 
0.000000 
0.000000 
0.000000 
0.000000 
0.000000 
0.000000 
0.000000 
0.000000 
0.000000 
0.000000 
0.000000 
0.000000 
0.000000 
0.000000 
0.000000 
0.000000 
0.000000 
0.000000 
0.000000 
0.000000 
0.000000 
0.000000 
0.000000 
0.000000 
0.000000 
0.000000 
0.000000 
0.000000 
0.000000 
0.000000 
0.000000 
0.000000 
0.000000 
0.000000 
0.000000 
0.000000 
0.000000 
0.000000 
0.000000 
0.000000 
0.000000 
0.000000 
0.000000 
0.000000 
0.000000 
0.000000 
0.000000 
0.000000 
0.000000 
0.000000 
0.000000 
0.000000 
0.000000 
0.000000 
0.000000 
0.000000 
0.000000 
0.000000 
0.000000 
0.000000 
0.000000 
0.000000 
0.000000 
0.000000 
0.000000 
0.000000 
0.000000 
0.000000 
0.000000 
0.000000 
0.000000 
0.000000 
0.000000 
0.000000 
0.000000 
0.000000 
0.000000 
0.000000 
0.000000 
0.000000 
0.000000 
0.000000 
0.000000 
0.000000 
0.000000 
0.000000 
0.000000 
0.000000 
0.000000 
0.000000 
0.000000 
0.000000 
0.000000 
0.000000 
0.000000 
0.000000 
0.000000 
0.000000 
0.000000 
0.000000 
0.000000 
0.000000 
0.000000 
0.000000 
0.000000 
0.000000 
0.000000 
0.000000 
0.000000 
0.000000 
0.000000 
0.000000 
0.000000 
0.000000 
0.000000 
0.000000 
0.000000 
0.000000 
0.000000 
0.000000 
0.000000 
0.000000 
0.000000 
0.000000 
0.000000 
0.000000 
0.000000 
0.000000 
0.000000 
0.000000 
0.000000 
0.000000 
0.000000 
0.000000 
0.000000 
0.000000 
1.047483 
1.047458 
1.047201 
1.047635 
1.047589 
1.047201 
1.047492 
1.047291 
1.047100 
1.047346 
1.047410 
1.047353 
1.047438 
1.047152 
1.047423 
1.047561 
1.047369 
1.047596 
1.047356 
1.047257 
1.047479 
1.047627 
1.047763 
1.047267 
1.047430 
1.047466 
1.047351 
1.047218 
1.047372 
1.047470 
1.047273 
1.047478 
1.047330 
1.047456 
1.047324 
1.047641 
1.047428 
1.047551 
1.047430 
1.047229 
1.047218 
1.047434 
1.047402 
1.047097 
1.047506 
1.047264 
1.047679 
1.047296 
1.047363 
1.047405 
1.047444 
1.047328 
1.047390 
1.047439 
1.047288 
1.047174 
1.047313 
1.047527 
1.047486 
1.047233 
1.047299 
1.047290 
1.047417 
1.047067 
1.047465 
1.047439 
1.047435 
1.047142 
1.047665 
1.047698 
1.047307 
1.047420 
1.047356 
1.047383 
1.047331 
1.047430 
1.047330 
1.047462 
1.047409 
1.047469 
1.047088 
1.047363 
1.047292 
1.047505 
1.047631 
1.047331 
1.047334 
1.047467 
1.047552 
1.047482 
1.047541 
1.047202 
1.047152 
1.047358 
1.047491 
1.047495 
1.047434 
1.047514 
1.047608 
1.047365 
1.047400 
0.279141 
0.278376 
0.278264 
0.279798 
0.279092 
0.277054 
0.278517 
0.277146 
0.277102 
0.278287 
0.277730 
0.277225 
0.278397 
0.277561 
0.278896 
0.277862 
0.277311 
0.279755 
0.277860 
0.277731 
0.278246 
0.278613 
0.280403 
0.278274 
0.277753 
0.277424 
0.278272 
0.276944 
0.277811 
0.278523 
0.278031 
0.277447 
0.277312 
0.278674 
0.277919 
0.279707 
0.278278 
0.278725 
0.278197 
0.276915 
0.276785 
0.277979 
0.278240 
0.277188 
0.278759 
0.278651 
0.279669 
0.277198 
0.278327 
0.277357 
0.277942 
0.276906 
0.278454 
0.278566 
0.277878 
0.277764 
0.277133 
0.278951 
0.277841 
0.277479 
0.277735 
0.277801 
0.278472 
0.276701 
0.278144 
0.277621 
0.278081 
0.277372 
0.278455 
0.279138 
0.278698 
0.278037 
0.277433 
0.278241 
0.277199 
0.278295 
0.277971 
0.277792 
0.278537 
0.278152 
0.276972 
0.278039 
0.277486 
0.277928 
0.280251 
0.277739 
0.278609 
0.278870 
0.278726 
0.278673 
0.278375 
0.277513 
0.277381 
0.278392 
0.278632 
0.278589 
0.277802 
0.279352 
0.278559 
0.278501 
0.278183 
0.000000 
0.000000 
0.000000 
0.000000 
0.000000 
0.000000 
0.000000 
0.000000 
0.000000 
0.000000 
0.000000 
0.000000 
0.000000 
0.000000 
0.000000 
0.000000 
0.000000 
0.000000 
0.000000 
0.000000 
0.000000 
0.000000 
0.000000 
0.000000 
0.000000 
0.000000 
0.000000 
0.000000 
0.000000 
0.000000 
0.000000 
0.000000 
0.000000 
0.000000 
0.000000 
0.000000 
0.000000 
0.000000 
0.000000 
0.000000 
0.000000 
0.000000 
0.000000 
0.000000 
0.000000 
0.000000 
0.000000 
0.000000 
0.000000 
0.000000 
0.000000 
0.000000 
0.000000 
0.000000 
0.000000 
0.000000 
0.000000 
0.000000 
0.000000 
0.000000 
0.000000 
0.000000 
0.000000 
0.000000 
0.000000 
0.000000 
0.000000 
0.000000 
0.000000 
0.000000 
0.000000 
0.000000 
0.000000 
0.000000 
0.000000 
0.000000 
0.000000 
0.000000 
0.000000 
0.000000 
0.000000 
0.000000 
0.000000 
0.000000 
0.000000 
0.000000 
0.000000 
0.000000 
0.000000 
0.000000 
0.000000 
0.000000 
0.000000 
0.000000 
0.000000 
0.000000 
0.000000 
0.000000 
0.000000 
0.000000 
0.000000 
0.000000 
0.000000 
0.000000 
0.000000 
0.000000 
0.000000 
0.000000 
0.000000 
0.000000 
0.000000 
0.000000 
0.000000 
0.000000 
0.000000 
0.000000 
0.000000 
0.000000 
0.000000 
0.000000 
0.000000 
0.000000 
0.000000 
0.000000 
0.000000 
0.000000 
0.000000 
0.000000 
0.000000 
0.000000 
0.000000 
0.000000 
0.000000 
0.000000 
0.000000 
0.000000 
0.000000 
0.000000 
0.000000 
0.000000 
0.000000 
0.000000 
0.000000 
0.000000 
0.000000 
0.000000 
0.000000 
0.000000 
0.000000 
0.000000 
0.000000 
0.000000 
0.000000 
0.000000 
0.000000 
0.000000 
0.000000 
0.000000 
0.000000 
0.000000 
0.000000 
0.000000 
0.000000 
0.000000 
0.000000 
0.000000 
0.000000 
0.000000 
0.000000 
0.000000 
0.000000 
0.000000 
0.000000 
0.000000 
0.000000 
0.000000 
0.000000 
0.000000 
0.000000 
0.000000 
0.000000 
0.000000 
0.000000 
0.000000 
0.000000 
0.000000 
0.000000 
0.000000 
0.000000 
0.000000 
0.000000 
0.000000 
0.000000 
0.000000 
0.000000 
0.000000 
0.000000 
0.000000 
0.000000 
0.000000 
0.000000 
0.000000 
0.000000 
0.000000 
0.000000 
0.000000 
0.000000 
0.000000 
0.000000 
0.000000 
0.000000 
0.000000 
0.000000 
0.000000 
0.000000 
0.000000 
0.000000 
0.000000 
0.000000 
0.000000 
0.000000 
0.000000 
0.000000 
0.000000 
0.000000 
0.000000 
0.000000 
0.000000 
0.000000 
0.000000 
0.000000 
0.000000 
0.000000 
0.000000 
0.000000 
0.000000 
0.000000 
0.000000 
0.000000 
0.000000 
0.000000 
0.000000 
0.000000 
0.000000 
0.000000 
0.000000 
0.000000 
0.000000 
0.000000 
0.000000 
0.000000 
0.000000 
0.000000 
0.000000 
0.000000 
0.000000 
0.000000 
0.000000 
0.000000 
0.000000 
0.000000 
0.000000 
0.000000 
0.000000 
0.000000 
0.000000 
0.000000 
0.000000 
0.000000 
0.000000 
0.000000 
0.000000 
0.000000 
0.000000 
0.000000 
0.000000 
0.000000 
0.000000 
0.000000 
0.000000 
0.000000 
0.000000 
0.000000 
0.000000 
0.000000 
0.000000 
0.000000 
0.000000 
0.000000 
0.000000 
0.000000 
0.000000 
0.000000 
0.000000 
0.000000 
0.000000 
0.000000 
0.000000 
0.000000 
0.000000 
0.000000 
0.000000 
0.000000 
0.043605 
0.043865 
0.043785 
0.043924 
0.043885 
0.043908 
0.043908 
0.043872 
0.043761 
0.043973 
0.044006 
0.043890 
0.043873 
0.043606 
0.043676 
0.044185 
0.044185 
0.043779 
0.043768 
0.043814 
0.043870 
0.044413 
0.043987 
0.043574 
0.043934 
0.043973 
0.043980 
0.044013 
0.043869 
0.043937 
0.043935 
0.044138 
0.043905 
0.043841 
0.043906 
0.043910 
0.043959 
0.043826 
0.044077 
0.043904 
0.044085 
0.043845 
0.043905 
0.043809 
0.043986 
0.043779 
0.043684 
0.044004 
0.044052 
0.044113 
0.043906 
0.044047 
0.043893 
0.043832 
0.044090 
0.043761 
0.043898 
0.044049 
0.044161 
0.043815 
0.043725 
0.044049 
0.043827 
0.044103 
0.043981 
0.044322 
0.044013 
0.043918 
0.043970 
0.043912 
0.043709 
0.043986 
0.043884 
0.043830 
0.044059 
0.043865 
0.043802 
0.044063 
0.043944 
0.043825 
0.043828 
0.043830 
0.043735 
0.043892 
0.043654 
0.043920 
0.043692 
0.043875 
0.044181 
0.043898 
0.043910 
0.043936 
0.043978 
0.044010 
0.043963 
0.043978 
0.043834 
0.043609 
0.043916 
0.043859 
0.043911 
0.870785 
0.873608 
0.872952 
0.871625 
0.872278 
0.875334 
0.873479 
0.874887 
0.874396 
0.873882 
0.874877 
0.875248 
0.873473 
0.873175 
0.871542 
0.876059 
0.876812 
0.870722 
0.873669 
0.874002 
0.873474 
0.875914 
0.870739 
0.871965 
0.874912 
0.875799 
0.874301 
0.876384 
0.874206 
0.873372 
0.874063 
0.876510 
0.875290 
0.872796 
0.874310 
0.871576 
0.874107 
0.872481 
0.875098 
0.875745 
0.877218 
0.873973 
0.874064 
0.874868 
0.873491 
0.872690 
0.870722 
0.875701 
0.874238 
0.876355 
0.874431 
0.876942 
0.873104 
0.872821 
0.875292 
0.873299 
0.875527 
0.873915 
0.875833 
0.874254 
0.873473 
0.875259 
0.873101 
0.877120 
0.874444 
0.876930 
0.874223 
0.874737 
0.873813 
0.872771 
0.871457 
0.874656 
0.874942 
0.873206 
0.875873 
0.873341 
0.873378 
0.875300 
0.873427 
0.873215 
0.875228 
0.873569 
0.874198 
0.874254 
0.869731 
0.874469 
0.871968 
0.872617 
0.874831 
0.873172 
0.873847 
0.875060 
0.875219 
0.874389 
0.873621 
0.873690 
0.873979 
0.870127 
0.873531 
0.872700 
0.873855 
0.000000 
0.000000 
0.000000 
0.000000 
0.000000 
0.000000 
0.000000 
0.000000 
0.000000 
0.000000 
0.000000 
0.000000 
0.000000 
0.000000 
0.000000 
0.000000 
0.000000 
0.000000 
0.000000 
0.000000 
0.000000 
0.000000 
0.000000 
0.000000 
0.000000 
0.000000 
0.000000 
0.000000 
0.000000 
0.000000 
0.000000 
0.000000 
0.000000 
0.000000 
0.000000 
0.000000 
0.000000 
0.000000 
0.000000 
0.000000 
0.000000 
0.000000 
0.000000 
0.000000 
0.000000 
0.000000 
0.000000 
0.000000 
0.000000 
0.000000 
0.000000 
0.000000 
0.000000 
0.000000 
0.000000 
0.000000 
0.000000 
0.000000 
0.000000 
0.000000 
0.000000 
0.000000 
0.000000 
0.000000 
0.000000 
0.000000 
0.000000 
0.000000 
0.000000 
0.000000 
0.000000 
0.000000 
0.000000 
0.000000 
0.000000 
0.000000 
0.000000 
0.000000 
0.000000 
0.000000 
0.000000 
0.000000 
0.000000 
0.000000 
0.000000 
0.000000 
0.000000 
0.000000 
0.000000 
0.000000 
0.000000 
0.000000 
0.000000 
0.000000 
0.000000 
0.000000 
0.000000 
0.000000 
0.000000 
0.000000 
0.000000 
0.000000 
0.000000 
0.000000 
0.000000 
0.000000 
0.000000 
0.000000 
0.000000 
0.000000 
0.000000 
0.000000 
0.000000 
0.000000 
0.000000 
0.000000 
0.000000 
0.000000 
0.000000 
0.000000 
0.000000 
0.000000 
0.000000 
0.000000 
0.000000 
0.000000 
0.000000 
0.000000 
0.000000 
0.000000 
0.000000 
0.000000 
0.000000 
0.000000 
0.000000 
0.000000 
0.000000 
0.000000 
0.000000 
0.000000 
0.000000 
0.000000 
0.000000 
0.000000 
0.000000 
0.000000 
0.000000 
0.000000 
0.000000 
0.000000 
0.000000 
0.000000 
0.000000 
0.000000 
0.000000 
0.000000 
0.000000 
0.000000 
0.000000 
0.000000 
0.000000 
0.000000 
0.000000 
0.000000 
0.000000 
0.000000 
0.000000 
0.000000 
0.000000 
0.000000 
0.000000 
0.000000 
0.000000 
0.000000 
0.000000 
0.000000 
0.000000 
0.000000 
0.000000 
0.000000 
0.000000 
0.000000 
0.000000 
0.000000 
0.000000 
0.000000 
0.000000 
0.000000 
0.000000 
0.000000 
0.000000 
0.000000 
0.000000 
0.000000 
0.000000 
0.000000 
0.000000 
0.000000 
0.000000 
0.000000 
0.000000 
0.000000 
0.000000 
0.000000 
0.000000 
0.000000 
0.000000 
0.000000 
0.000000 
0.000000 
0.000000 
0.000000 
0.000000 
0.000000 
0.000000 
0.000000 
0.000000 
0.000000 
0.000000 
0.000000 
0.000000 
0.000000 
0.000000 
0.000000 
0.000000 
0.000000 
0.000000 
0.000000 
0.000000 
0.000000 
0.000000 
0.000000 
0.000000 
0.000000 
0.000000 
0.000000 
0.000000 
0.000000 
0.000000 
0.000000 
0.000000 
0.000000 
0.000000 
0.000000 
0.000000 
0.000000 
0.000000 
0.000000 
0.000000 
0.000000 
0.000000 
0.000000 
0.000000 
0.000000 
0.000000 
0.000000 
0.000000 
0.000000 
0.000000 
0.000000 
0.000000 
0.000000 
0.000000 
0.000000 
0.000000 
0.000000 
0.000000 
0.000000 
0.000000 
0.000000 
0.000000 
0.000000 
0.000000 
0.000000 
0.000000 
0.000000 
0.000000 
0.000000 
0.000000 
0.000000 
0.000000 
0.000000 
0.000000 
0.000000 
0.000000 
0.000000 
0.000000 
0.000000 
0.000000 
0.000000 
0.000000 
0.000000 
0.000000 
0.000000 
0.000000 
0.000000 
0.000000 
0.000000 
0.000000 
0.000000 
0.000000 
0.000000 
0.000000 
0.000000 
0.000000 
0.000000 
0.000000 
0.000000 
0.000000 
0.000000 
0.000000 
0.000000 
0.000000 
0.000000 
0.000000 
0.000000 
0.000000 
0.000000 
0.000000 
0.000000 
0.000000 
0.000000 
0.000000 
0.000000 
0.000000 
0.000000 
0.000000 
0.000000 
0.000000 
0.000000 
0.000000 
0.000000 
0.000000 
0.000000 
0.000000 
0.000000 
0.000000 
0.000000 
0.000000 
0.000000 
0.000000 
0.000000 
0.000000 
0.000000 
0.000000 
0.000000 
0.000000 
0.000000 
0.000000 
0.000000 
0.000000 
0.000000 
0.000000 
0.000000 
0.000000 
0.000000 
0.000000 
0.000000 
0.000000 
0.000000 
0.000000 
0.000000 
0.000000 
0.000000 
0.000000 
0.000000 
0.000000 
0.000000 
0.000000 
0.000000 
0.000000 
0.000000 
0.000000 
0.000000 
0.000000 
0.000000 
0.000000 
0.000000 
0.000000 
0.000000 
0.000000 
0.000000 
0.000000 
0.000000 
0.000000 
0.000000 
0.000000 
0.000000 
0.000000 
0.000000 
0.000000 
0.000000 
0.000000 
0.000000 
0.000000 
0.000000 
0.000000 
0.000000 
0.000000 
0.000000 
0.000000 
0.000000 
0.000000 
0.000000 
0.000000 
0.000000 
0.000000 
0.000000 
0.000000 
0.000000 
0.000000 
0.000000 
0.000000 
0.000000 
0.000000 
0.000000 
0.000000 
0.000000 
0.000000 
0.000000 
0.000000 
0.000000 
0.000000 
0.000000 
0.000000 
0.000000 
0.000000 
0.000000 
0.000000 
0.000000 
0.000000 
0.000000 
0.000000 
0.000000 
0.000000 
0.000000 
0.000000 
0.000000 
0.000000 
0.000000 
0.000000 
0.000000 
0.000000 
0.000000 
0.000000 
0.000000 
0.000000 
0.000000 
0.000000 
0.000000 
0.000000 
0.000000 
0.000000 
0.000000 
0.000000 
0.000000 
0.000000 
0.000000 
0.000000 
0.000000 
0.000000 
0.000000 
0.000000 
0.000000 
0.000000 
0.000000 
0.000000 
0.000000 
0.000000 
0.000000 
0.000000 
0.000000 
0.000000 
0.000000 
0.000000 
0.000000 
0.000000 
0.000000 
0.000000 
0.000000 
0.000000 
0.000000 
0.000000 
0.000000 
0.000000 
0.000000 
0.000000 
0.000000 
0.000000 
0.000000 
0.000000 
0.000000 
0.000000 
0.000000 
0.000000 
0.000000 
0.000000 
0.000000 
0.000000 
0.000000 
0.000000 
0.000000 
0.000000 
0.000000 
0.000000 
0.863505 
0.865887 
0.864931 
0.864493 
0.864821 
0.867110 
0.865616 
0.866862 
0.866142 
0.866024 
0.866952 
0.867103 
0.865866 
0.865246 
0.863925 
0.868044 
0.868565 
0.863477 
0.865750 
0.865847 
0.865574 
0.868116 
0.863645 
0.864156 
0.866798 
0.867535 
0.866348 
0.868013 
0.866173 
0.865655 
0.865941 
0.868290 
0.866998 
0.865115 
0.866155 
0.864353 
0.866306 
0.864914 
0.867121 
0.867408 
0.868574 
0.865997 
0.866078 
0.866542 
0.865770 
0.864718 
0.863563 
0.867456 
0.866232 
0.868091 
0.866339 
0.868698 
0.865419 
0.865232 
0.867167 
0.865352 
0.867291 
0.866193 
0.867862 
0.866005 
0.865546 
0.867083 
0.865241 
0.868427 
0.866464 
0.868696 
0.866385 
0.866490 
0.866105 
0.865267 
0.863795 
0.866625 
0.866752 
0.865218 
0.867738 
0.865654 
0.865469 
0.867256 
0.865721 
0.865545 
0.866836 
0.865621 
0.866178 
0.866385 
0.862627 
0.866506 
0.864300 
0.865011 
0.866976 
0.865504 
0.866032 
0.866831 
0.866901 
0.866297 
0.865789 
0.865834 
0.866194 
0.862868 
0.865849 
0.865010 
0.865954 
-0.012061 
-0.012377 
-0.012216 
-0.012461 
-0.012420 
-0.012495 
-0.012448 
-0.012394 
-0.012256 
-0.012496 
-0.012533 
-0.012477 
-0.012376 
-0.012192 
-0.012183 
-0.012783 
-0.012778 
-0.012228 
-0.012330 
-0.012342 
-0.012403 
-0.012963 
-0.012417 
-0.012113 
-0.012483 
-0.012584 
-0.012518 
-0.012575 
-0.012466 
-0.012487 
-0.012541 
-0.012674 
-0.012529 
-0.012378 
-0.012430 
-0.012382 
-0.012515 
-0.012324 
-0.012658 
-0.012464 
-0.012750 
-0.012437 
-0.012391 
-0.012344 
-0.012497 
-0.012278 
-0.012128 
-0.012496 
-0.012592 
-0.012695 
-0.012436 
-0.012615 
-0.012402 
-0.012306 
-0.012691 
-0.012249 
-0.012481 
-0.012630 
-0.012775 
-0.012292 
-0.012185 
-0.012644 
-0.012396 
-0.012696 
-0.012566 
-0.012990 
-0.012528 
-0.012437 
-0.012466 
-0.012415 
-0.012156 
-0.012531 
-0.012436 
-0.012339 
-0.012605 
-0.012449 
-0.012328 
-0.012627 
-0.012481 
-0.012374 
-0.012360 
-0.012336 
-0.012290 
-0.012441 
-0.012098 
-0.012444 
-0.012227 
-0.012425 
-0.012761 
-0.012389 
-0.012437 
-0.012454 
-0.012595 
-0.012526 
-0.012611 
-0.012535 
-0.012333 
-0.012078 
-0.012414 
-0.012325 
-0.012447 
0.000000 
0.000000 
0.000000 
0.000000 
0.000000 
0.000000 
0.000000 
0.000000 
0.000000 
0.000000 
0.000000 
0.000000 
0.000000 
0.000000 
0.000000 
0.000000 
0.000000 
0.000000 
0.000000 
0.000000 
0.000000 
0.000000 
0.000000 
0.000000 
0.000000 
0.000000 
0.000000 
0.000000 
0.000000 
0.000000 
0.000000 
0.000000 
0.000000 
0.000000 
0.000000 
0.000000 
0.000000 
0.000000 
0.000000 
0.000000 
0.000000 
0.000000 
0.000000 
0.000000 
0.000000 
0.000000 
0.000000 
0.000000 
0.000000 
0.000000 
0.000000 
0.000000 
0.000000 
0.000000 
0.000000 
0.000000 
0.000000 
0.000000 
0.000000 
0.000000 
0.000000 
0.000000 
0.000000 
0.000000 
0.000000 
0.000000 
0.000000 
0.000000 
0.000000 
0.000000 
0.000000 
0.000000 
0.000000 
0.000000 
0.000000 
0.000000 
0.000000 
0.000000 
0.000000 
0.000000 
0.000000 
0.000000 
0.000000 
0.000000 
0.000000 
0.000000 
0.000000 
0.000000 
0.000000 
0.000000 
0.000000 
0.000000 
0.000000 
0.000000 
0.000000 
0.000000 
0.000000 
0.000000 
0.000000 
0.000000 
0.000000 
0.000000 
0.000000 
0.000000 
0.000000 
0.000000 
0.000000 
0.000000 
0.000000 
0.000000 
0.000000 
0.000000 
0.000000 
0.000000 
0.000000 
0.000000 
0.000000 
0.000000 
0.000000 
0.000000 
0.000000 
0.000000 
0.000000 
0.000000 
0.000000 
0.000000 
0.000000 
0.000000 
0.000000 
0.000000 
0.000000 
0.000000 
0.000000 
0.000000 
0.000000 
0.000000 
0.000000 
0.000000 
0.000000 
0.000000 
0.000000 
0.000000 
0.000000 
0.000000 
0.000000 
0.000000 
0.000000 
0.000000 
0.000000 
0.000000 
0.000000 
0.000000 
0.000000 
0.000000 
0.000000 
0.000000 
0.000000 
0.000000 
0.000000 
0.000000 
0.000000 
0.000000 
0.000000 
0.000000 
0.000000 
0.000000 
0.000000 
0.000000 
0.000000 
0.000000 
0.000000 
0.000000 
0.000000 
0.000000 
0.000000 
0.000000 
0.000000 
0.000000 
0.000000 
0.000000 
0.000000 
0.000000 
0.000000 
0.000000 
0.000000 
0.000000 
0.000000 
0.000000 
0.000000 
0.000000 
0.000000 
0.000000 
0.000000 
0.000000 
0.000000 
0.000000 
0.000000 
0.000000 
0.000000 
0.000000 
0.000000 
0.000000 
0.000000 
0.000000 
0.000000 
0.000000 
0.000000 
0.000000 
0.000000 
0.000000 
0.000000 
0.000000 
0.000000 
0.000000 
0.000000 
0.000000 
0.000000 
0.000000 
0.000000 
0.000000 
0.000000 
0.000000 
0.000000 
0.000000 
0.000000 
0.000000 
0.000000 
0.000000 
0.000000 
0.000000 
0.000000 
0.000000 
0.000000 
0.000000 
0.000000 
0.000000 
0.000000 
0.000000 
0.000000 
0.000000 
0.000000 
0.000000 
0.000000 
0.000000 
0.000000 
0.000000 
0.000000 
0.000000 
0.000000 
0.000000 
0.000000 
0.000000 
0.000000 
0.000000 
0.000000 
0.000000 
0.000000 
0.000000 
0.000000 
0.000000 
0.000000 
0.000000 
0.000000 
0.000000 
0.000000 
0.000000 
0.000000 
0.000000 
0.000000 
0.000000 
0.000000 
0.000000 
0.000000 
0.000000 
0.000000 
0.000000 
0.000000 
0.000000 
0.000000 
0.000000 
0.000000 
0.000000 
0.000000 
0.000000 
0.000000 
0.000000 
0.000000 
0.000000 
0.000000 
0.000000 
0.000000 
0.000000 
0.000000 
0.000000 
0.000000 
0.000000 
0.000000 
0.000000 
0.000000 
0.000000 
0.000000 
0.000000 
0.000000 
-0.327166 
-0.326436 
-0.326400 
-0.327750 
-0.327159 
-0.325154 
-0.326597 
-0.325125 
-0.325221 
-0.326349 
-0.325716 
-0.325283 
-0.326457 
-0.325555 
-0.326819 
-0.325833 
-0.325215 
-0.327910 
-0.325987 
-0.325841 
-0.326475 
-0.326526 
-0.328543 
-0.326472 
-0.325833 
-0.325507 
-0.326404 
-0.324996 
-0.325963 
-0.326520 
-0.326183 
-0.325512 
-0.325417 
-0.326825 
-0.326002 
-0.327810 
-0.326157 
-0.326951 
-0.326117 
-0.324916 
-0.324824 
-0.326140 
-0.326419 
-0.325250 
-0.326792 
-0.326928 
-0.327841 
-0.325294 
-0.326429 
-0.325251 
-0.326182 
-0.324853 
-0.326472 
-0.326627 
-0.325821 
-0.325757 
-0.325273 
-0.327015 
-0.325770 
-0.325728 
-0.325702 
-0.325826 
-0.326546 
-0.324772 
-0.326206 
-0.325537 
-0.326216 
-0.325505 
-0.326573 
-0.327359 
-0.326876 
-0.326254 
-0.325452 
-0.326569 
-0.325140 
-0.326245 
-0.326195 
-0.325829 
-0.326606 
-0.326159 
-0.325137 
-0.326167 
-0.325503 
-0.326005 
-0.328473 
-0.325691 
-0.326849 
-0.326901 
-0.326824 
-0.326833 
-0.326410 
-0.325426 
-0.325407 
-0.326499 
-0.326688 
-0.326668 
-0.325725 
-0.327484 
-0.326616 
-0.326527 
-0.326269 
1.212653 
1.211362 
1.211217 
1.212085 
1.211787 
1.209986 
1.211007 
1.210893 
1.210451 
1.210734 
1.210475 
1.210593 
1.211438 
1.210745 
1.211627 
1.209831 
1.209324 
1.212862 
1.210988 
1.210765 
1.211172 
1.209958 
1.212700 
1.211393 
1.210390 
1.209872 
1.210650 
1.209823 
1.210495 
1.210888 
1.210255 
1.209973 
1.209776 
1.211484 
1.210222 
1.212215 
1.210785 
1.212164 
1.209892 
1.209882 
1.208757 
1.210640 
1.210683 
1.209821 
1.211165 
1.211047 
1.213000 
1.210398 
1.210302 
1.209416 
1.210973 
1.209624 
1.211298 
1.211693 
1.209695 
1.210748 
1.210409 
1.210547 
1.210105 
1.210601 
1.211141 
1.209729 
1.210931 
1.208371 
1.210448 
1.208892 
1.210991 
1.209940 
1.211515 
1.212035 
1.212041 
1.210684 
1.210214 
1.211332 
1.210061 
1.210974 
1.211048 
1.210196 
1.211033 
1.211272 
1.209951 
1.211208 
1.210663 
1.210902 
1.213084 
1.210681 
1.211662 
1.211280 
1.210082 
1.211750 
1.211297 
1.209893 
1.209455 
1.210174 
1.210396 
1.210539 
1.211291 
1.213036 
1.211272 
1.211447 
1.210841 
