0.947657 
0.947525 
0.947301 
0.947650 
0.947836 
0.947504 
0.947971 
0.947796 
0.947713 
0.947980 
0.948384 
0.947706 
0.947711 
0.948163 
0.947377 
0.947907 
0.948142 
0.948457 
0.947898 
0.948066 
0.948398 
0.947857 
0.948173 
0.947762 
0.947781 
0.947504 
0.947750 
0.947409 
0.947567 
0.948092 
0.947665 
0.948395 
0.947805 
0.947850 
0.948046 
0.948600 
0.947802 
0.948299 
0.948351 
0.948182 
0.947714 
0.948524 
0.947721 
0.948448 
0.947573 
0.948302 
0.948279 
0.948270 
0.947714 
0.948289 
0.947842 
0.947814 
0.948363 
0.948310 
0.948192 
0.948253 
0.947961 
0.948120 
0.948682 
0.947841 
0.947265 
0.947690 
0.948316 
0.947913 
0.947572 
0.948223 
0.948160 
0.947564 
0.948336 
0.947660 
0.947717 
0.948582 
0.947715 
0.948021 
0.947991 
0.948261 
0.948146 
0.947896 
0.948054 
0.947777 
0.947799 
0.948471 
0.948032 
0.948339 
0.947428 
0.948251 
0.947792 
0.948131 
0.947854 
0.947662 
0.948186 
0.948319 
0.947635 
0.947793 
0.947689 
0.948016 
0.948323 
0.948019 
0.948192 
0.946756 
0.947955 
0.000000 
0.000000 
0.000000 
0.000000 
0.000000 
0.000000 
0.000000 
0.000000 
0.000000 
0.000000 
0.000000 
0.000000 
0.000000 
0.000000 
0.000000 
0.000000 
0.000000 
0.000000 
0.000000 
0.000000 
0.000000 
0.000000 
0.000000 
0.000000 
0.000000 
0.000000 
0.000000 
0.000000 
0.000000 
0.000000 
0.000000 
0.000000 
0.000000 
0.000000 
0.000000 
0.000000 
0.000000 
0.000000 
0.000000 
0.000000 
0.000000 
0.000000 
0.000000 
0.000000 
0.000000 
0.000000 
0.000000 
0.000000 
0.000000 
0.000000 
0.000000 
0.000000 
0.000000 
0.000000 
0.000000 
0.000000 
0.000000 
0.000000 
0.000000 
0.000000 
0.000000 
0.000000 
0.000000 
0.000000 
0.000000 
0.000000 
0.000000 
0.000000 
0.000000 
0.000000 
0.000000 
0.000000 
0.000000 
0.000000 
0.000000 
0.000000 
0.000000 
0.000000 
0.000000 
0.000000 
0.000000 
0.000000 
0.000000 
0.000000 
0.000000 
0.000000 
0.000000 
0.000000 
0.000000 
0.000000 
0.000000 
0.000000 
0.000000 
0.000000 
0.000000 
0.000000 
0.000000 
0.000000 
0.000000 
0.000000 
0.000000 
0.000000 
0.000000 
0.000000 
0.000000 
0.000000 
0.000000 
0.000000 
0.000000 
0.000000 
0.000000 
0.000000 
0.000000 
0.000000 
0.000000 
0.000000 
0.000000 
0.000000 
0.000000 
0.000000 
0.000000 
0.000000 
0.000000 
0.000000 
0.000000 
0.000000 
0.000000 
0.000000 
0.000000 
0.000000 
0.000000 
0.000000 
0.000000 
0.000000 
0.000000 
0.000000 
0.000000 
0.000000 
0.000000 
0.000000 
0.000000 
0.000000 
0.000000 
0.000000 
0.000000 
0.000000 
0.000000 
0.000000 
0.000000 
0.000000 
0.000000 
0.000000 
0.000000 
0.000000 
0.000000 
0.000000 
0.000000 
0.000000 
0.000000 
0.000000 
0.000000 
0.000000 
0.000000 
0.000000 
0.000000 
0.000000 
0.000000 
0.000000 
0.000000 
0.000000 
0.000000 
0.000000 
0.000000 
0.000000 
0.000000 
0.000000 
0.000000 
0.000000 
0.000000 
0.000000 
0.000000 
0.000000 
0.000000 
0.000000 
0.000000 
0.000000 
0.000000 
0.000000 
0.000000 
0.000000 
0.000000 
0.000000 
0.000000 
0.000000 
0.000000 
0.000000 
0.000000 
0.000000 
0.000000 
0.000000 
0.000000 
0.000000 
0.000000 
0.000000 
0.000000 
0.000000 
0.000000 
0.000000 
0.000000 
0.000000 
0.000000 
0.000000 
0.000000 
0.000000 
0.000000 
0.000000 
0.000000 
0.000000 
0.000000 
0.000000 
0.000000 
0.000000 
0.000000 
0.000000 
0.000000 
0.000000 
0.000000 
0.000000 
0.000000 
0.000000 
0.000000 
0.000000 
0.000000 
0.000000 
0.000000 
0.000000 
0.000000 
0.000000 
0.000000 
0.000000 
0.000000 
0.000000 
0.000000 
0.000000 
0.000000 
0.000000 
0.000000 
0.000000 
0.000000 
0.000000 
0.000000 
0.000000 
0.000000 
0.000000 
0.000000 
0.000000 
0.000000 
0.000000 
0.000000 
0.000000 
0.000000 
0.000000 
0.000000 
0.000000 
0.000000 
0.000000 
0.000000 
0.000000 
0.000000 
0.000000 
0.000000 
0.000000 
0.000000 
0.000000 
0.000000 
0.000000 
0.000000 
0.000000 
0.000000 
0.000000 
0.000000 
0.000000 
0.000000 
0.000000 
0.000000 
0.000000 
0.000000 
0.000000 
0.000000 
0.000000 
0.000000 
0.000000 
0.000000 
0.000000 
0.000000 
0.000000 
0.000000 
0.000000 
0.000000 
0.000000 
0.000000 
0.000000 
0.000000 
0.000000 
0.000000 
0.000000 
0.000000 
0.000000 
0.000000 
0.000000 
0.000000 
0.000000 
0.000000 
0.000000 
0.000000 
0.000000 
0.000000 
0.000000 
0.000000 
0.000000 
0.000000 
0.000000 
0.000000 
0.000000 
0.000000 
0.000000 
0.000000 
0.000000 
0.000000 
0.000000 
0.000000 
0.000000 
0.000000 
0.000000 
0.000000 
0.000000 
0.000000 
0.000000 
0.000000 
0.000000 
0.000000 
0.000000 
0.000000 
0.000000 
0.000000 
0.000000 
0.000000 
0.000000 
0.000000 
0.000000 
0.000000 
0.000000 
0.000000 
0.000000 
0.000000 
0.000000 
0.000000 
0.000000 
0.000000 
0.000000 
0.000000 
0.000000 
0.000000 
0.000000 
0.000000 
0.000000 
0.000000 
0.000000 
0.000000 
0.000000 
0.000000 
0.000000 
0.000000 
0.000000 
0.000000 
0.000000 
0.000000 
0.000000 
0.000000 
0.000000 
0.000000 
0.000000 
0.000000 
0.000000 
0.000000 
0.000000 
0.000000 
0.000000 
0.000000 
0.000000 
0.000000 
0.000000 
0.000000 
0.000000 
0.000000 
0.000000 
0.000000 
0.000000 
0.000000 
0.000000 
0.000000 
0.000000 
0.000000 
0.000000 
0.000000 
0.000000 
0.000000 
0.000000 
0.000000 
0.000000 
0.000000 
0.000000 
0.000000 
0.000000 
0.000000 
0.000000 
0.000000 
0.000000 
0.000000 
0.000000 
0.000000 
0.000000 
0.000000 
0.000000 
0.000000 
0.000000 
0.000000 
0.000000 
0.000000 
0.000000 
0.000000 
0.000000 
0.000000 
0.000000 
0.000000 
0.000000 
0.000000 
0.000000 
0.000000 
0.000000 
0.000000 
0.000000 
0.000000 
0.000000 
0.000000 
0.000000 
0.000000 
0.000000 
0.000000 
0.000000 
0.000000 
0.000000 
0.000000 
0.000000 
0.000000 
0.000000 
0.000000 
0.000000 
0.000000 
0.000000 
0.000000 
0.000000 
0.000000 
0.000000 
0.000000 
0.000000 
0.000000 
0.000000 
0.000000 
0.000000 
0.000000 
0.000000 
0.000000 
0.000000 
0.000000 
0.000000 
0.000000 
0.000000 
0.000000 
0.000000 
0.000000 
0.000000 
0.000000 
0.000000 
0.000000 
0.000000 
0.000000 
0.000000 
0.000000 
0.000000 
0.000000 
0.000000 
0.000000 
0.000000 
0.000000 
0.000000 
0.000000 
0.000000 
0.000000 
0.000000 
0.000000 
0.000000 
0.000000 
0.000000 
0.000000 
1.051152 
1.051134 
1.051154 
1.051121 
1.051155 
1.051108 
1.051150 
1.051203 
1.051069 
1.051135 
1.051359 
1.051353 
1.051161 
1.051130 
1.051144 
1.051269 
1.051128 
1.051184 
1.051195 
1.051141 
1.051156 
1.051192 
1.051249 
1.051205 
1.051241 
1.051112 
1.051148 
1.051091 
1.051140 
1.051025 
1.051151 
1.051056 
1.051215 
1.051107 
1.051296 
1.051211 
1.051309 
1.051163 
1.051145 
1.051199 
1.051049 
1.051178 
1.051070 
1.051165 
1.051114 
1.051134 
1.051111 
1.051059 
1.051260 
1.051188 
1.051231 
1.051157 
1.051163 
1.051178 
1.051163 
1.051086 
1.051172 
1.051234 
1.051209 
1.051097 
1.051152 
1.051199 
1.051154 
1.051124 
1.051153 
1.051148 
1.051163 
1.051180 
1.051197 
1.051054 
1.051158 
1.051002 
1.051067 
1.051213 
1.051176 
1.051137 
1.051181 
1.051123 
1.051176 
1.051163 
1.051195 
1.051207 
1.051032 
1.051057 
1.051166 
1.051206 
1.051124 
1.051127 
1.051227 
1.051177 
1.051080 
1.051141 
1.051111 
1.051106 
1.051116 
1.051110 
1.051301 
1.051141 
1.051140 
1.051073 
1.051161 
0.287104 
0.287127 
0.286761 
0.287217 
0.287581 
0.286907 
0.287513 
0.287560 
0.286757 
0.287270 
0.288502 
0.287870 
0.287127 
0.287382 
0.286883 
0.287598 
0.287400 
0.288035 
0.287509 
0.287326 
0.287781 
0.287569 
0.287955 
0.287807 
0.287479 
0.286905 
0.287193 
0.286966 
0.286982 
0.287045 
0.287265 
0.287577 
0.287580 
0.287164 
0.288037 
0.288387 
0.287658 
0.287712 
0.287622 
0.287699 
0.287029 
0.287971 
0.286899 
0.287827 
0.286986 
0.287513 
0.287377 
0.287475 
0.287528 
0.287853 
0.287631 
0.287323 
0.287716 
0.287860 
0.287540 
0.287334 
0.287370 
0.287877 
0.288446 
0.286891 
0.286862 
0.287359 
0.287755 
0.287065 
0.287041 
0.287616 
0.287865 
0.287187 
0.288081 
0.286658 
0.287290 
0.287281 
0.287110 
0.287471 
0.287589 
0.287719 
0.287497 
0.287316 
0.287741 
0.287188 
0.287455 
0.288153 
0.287172 
0.287586 
0.287121 
0.287904 
0.287384 
0.287334 
0.287739 
0.287104 
0.287225 
0.287646 
0.287101 
0.286908 
0.287006 
0.287439 
0.288118 
0.287551 
0.287714 
0.286274 
0.287449 
0.000000 
0.000000 
0.000000 
0.000000 
0.000000 
0.000000 
0.000000 
0.000000 
0.000000 
0.000000 
0.000000 
0.000000 
0.000000 
0.000000 
0.000000 
0.000000 
0.000000 
0.000000 
0.000000 
0.000000 
0.000000 
0.000000 
0.000000 
0.000000 
0.000000 
0.000000 
0.000000 
0.000000 
0.000000 
0.000000 
0.000000 
0.000000 
0.000000 
0.000000 
0.000000 
0.000000 
0.000000 
0.000000 
0.000000 
0.000000 
0.000000 
0.000000 
0.000000 
0.000000 
0.000000 
0.000000 
0.000000 
0.000000 
0.000000 
0.000000 
0.000000 
0.000000 
0.000000 
0.000000 
0.000000 
0.000000 
0.000000 
0.000000 
0.000000 
0.000000 
0.000000 
0.000000 
0.000000 
0.000000 
0.000000 
0.000000 
0.000000 
0.000000 
0.000000 
0.000000 
0.000000 
0.000000 
0.000000 
0.000000 
0.000000 
0.000000 
0.000000 
0.000000 
0.000000 
0.000000 
0.000000 
0.000000 
0.000000 
0.000000 
0.000000 
0.000000 
0.000000 
0.000000 
0.000000 
0.000000 
0.000000 
0.000000 
0.000000 
0.000000 
0.000000 
0.000000 
0.000000 
0.000000 
0.000000 
0.000000 
0.000000 
0.000000 
0.000000 
0.000000 
0.000000 
0.000000 
0.000000 
0.000000 
0.000000 
0.000000 
0.000000 
0.000000 
0.000000 
0.000000 
0.000000 
0.000000 
0.000000 
0.000000 
0.000000 
0.000000 
0.000000 
0.000000 
0.000000 
0.000000 
0.000000 
0.000000 
0.000000 
0.000000 
0.000000 
0.000000 
0.000000 
0.000000 
0.000000 
0.000000 
0.000000 
0.000000 
0.000000 
0.000000 
0.000000 
0.000000 
0.000000 
0.000000 
0.000000 
0.000000 
0.000000 
0.000000 
0.000000 
0.000000 
0.000000 
0.000000 
0.000000 
0.000000 
0.000000 
0.000000 
0.000000 
0.000000 
0.000000 
0.000000 
0.000000 
0.000000 
0.000000 
0.000000 
0.000000 
0.000000 
0.000000 
0.000000 
0.000000 
0.000000 
0.000000 
0.000000 
0.000000 
0.000000 
0.000000 
0.000000 
0.000000 
0.000000 
0.000000 
0.000000 
0.000000 
0.000000 
0.000000 
0.000000 
0.000000 
0.000000 
0.000000 
0.000000 
0.000000 
0.000000 
0.000000 
0.000000 
0.000000 
0.000000 
0.000000 
0.000000 
0.000000 
0.000000 
0.000000 
0.000000 
0.000000 
0.000000 
0.000000 
0.000000 
0.000000 
0.000000 
0.000000 
0.000000 
0.000000 
0.000000 
0.000000 
0.000000 
0.000000 
0.000000 
0.000000 
0.000000 
0.000000 
0.000000 
0.000000 
0.000000 
0.000000 
0.000000 
0.000000 
0.000000 
0.000000 
0.000000 
0.000000 
0.000000 
0.000000 
0.000000 
0.000000 
0.000000 
0.000000 
0.000000 
0.000000 
0.000000 
0.000000 
0.000000 
0.000000 
0.000000 
0.000000 
0.000000 
0.000000 
0.000000 
0.000000 
0.000000 
0.000000 
0.000000 
0.000000 
0.000000 
0.000000 
0.000000 
0.000000 
0.000000 
0.000000 
0.000000 
0.000000 
0.000000 
0.000000 
0.000000 
0.000000 
0.000000 
0.000000 
0.000000 
0.000000 
0.000000 
0.000000 
0.000000 
0.000000 
0.000000 
0.000000 
0.000000 
0.000000 
0.000000 
0.000000 
0.000000 
0.000000 
0.000000 
0.000000 
0.000000 
0.000000 
0.000000 
0.000000 
0.000000 
0.000000 
0.000000 
0.000000 
0.000000 
0.000000 
0.000000 
0.000000 
0.000000 
0.000000 
0.000000 
0.000000 
0.000000 
0.000000 
0.000000 
0.000000 
0.000000 
0.000000 
0.000000 
0.000000 
0.000000 
0.000000 
0.069460 
0.069426 
0.069709 
0.069464 
0.069406 
0.069614 
0.069303 
0.069399 
0.069391 
0.069358 
0.069384 
0.069784 
0.069448 
0.069125 
0.069719 
0.069542 
0.069327 
0.069153 
0.069409 
0.069287 
0.069033 
0.069368 
0.069323 
0.069455 
0.069525 
0.069531 
0.069554 
0.069542 
0.069515 
0.069165 
0.069486 
0.068899 
0.069455 
0.069446 
0.069524 
0.069093 
0.069788 
0.069224 
0.069148 
0.069229 
0.069402 
0.069152 
0.069291 
0.069310 
0.069574 
0.069228 
0.069053 
0.069150 
0.069646 
0.069212 
0.069445 
0.069553 
0.069182 
0.069175 
0.069164 
0.069089 
0.069213 
0.069515 
0.068920 
0.069395 
0.069775 
0.069519 
0.069045 
0.069422 
0.069536 
0.069187 
0.069264 
0.069695 
0.069185 
0.069564 
0.069562 
0.068923 
0.069375 
0.069445 
0.069354 
0.069167 
0.069317 
0.069391 
0.069326 
0.069374 
0.069565 
0.069182 
0.069227 
0.069087 
0.069675 
0.069472 
0.069451 
0.069228 
0.069556 
0.069701 
0.069167 
0.069104 
0.069552 
0.069468 
0.069555 
0.069232 
0.069428 
0.069257 
0.069266 
0.069909 
0.069378 
1.020627 
1.020211 
1.023038 
1.020480 
1.019501 
1.021757 
1.018834 
1.019316 
1.020621 
1.019614 
1.017950 
1.021642 
1.020677 
1.018021 
1.022583 
1.020687 
1.019168 
1.016792 
1.019574 
1.019120 
1.016969 
1.019243 
1.018222 
1.019436 
1.020507 
1.021511 
1.020800 
1.021154 
1.021242 
1.018502 
1.020688 
1.016023 
1.019986 
1.020045 
1.019385 
1.015888 
1.021980 
1.017829 
1.017445 
1.018562 
1.020193 
1.017225 
1.019617 
1.018335 
1.021365 
1.018447 
1.017382 
1.017908 
1.021379 
1.017451 
1.019717 
1.021026 
1.017925 
1.017546 
1.018078 
1.017808 
1.018902 
1.019660 
1.014847 
1.020637 
1.022868 
1.020532 
1.016440 
1.020294 
1.021134 
1.017661 
1.018187 
1.021982 
1.016993 
1.022053 
1.020943 
1.016761 
1.020229 
1.019803 
1.019121 
1.017804 
1.018899 
1.019720 
1.018643 
1.019984 
1.020525 
1.017066 
1.018880 
1.016802 
1.021828 
1.018966 
1.019872 
1.018516 
1.020115 
1.021927 
1.018196 
1.017352 
1.021099 
1.020747 
1.021567 
1.018633 
1.018298 
1.018571 
1.018369 
1.025077 
1.019458 
0.000000 
0.000000 
0.000000 
0.000000 
0.000000 
0.000000 
0.000000 
0.000000 
0.000000 
0.000000 
0.000000 
0.000000 
0.000000 
0.000000 
0.000000 
0.000000 
0.000000 
0.000000 
0.000000 
0.000000 
0.000000 
0.000000 
0.000000 
0.000000 
0.000000 
0.000000 
0.000000 
0.000000 
0.000000 
0.000000 
0.000000 
0.000000 
0.000000 
0.000000 
0.000000 
0.000000 
0.000000 
0.000000 
0.000000 
0.000000 
0.000000 
0.000000 
0.000000 
0.000000 
0.000000 
0.000000 
0.000000 
0.000000 
0.000000 
0.000000 
0.000000 
0.000000 
0.000000 
0.000000 
0.000000 
0.000000 
0.000000 
0.000000 
0.000000 
0.000000 
0.000000 
0.000000 
0.000000 
0.000000 
0.000000 
0.000000 
0.000000 
0.000000 
0.000000 
0.000000 
0.000000 
0.000000 
0.000000 
0.000000 
0.000000 
0.000000 
0.000000 
0.000000 
0.000000 
0.000000 
0.000000 
0.000000 
0.000000 
0.000000 
0.000000 
0.000000 
0.000000 
0.000000 
0.000000 
0.000000 
0.000000 
0.000000 
0.000000 
0.000000 
0.000000 
0.000000 
0.000000 
0.000000 
0.000000 
0.000000 
0.000000 
0.000000 
0.000000 
0.000000 
0.000000 
0.000000 
0.000000 
0.000000 
0.000000 
0.000000 
0.000000 
0.000000 
0.000000 
0.000000 
0.000000 
0.000000 
0.000000 
0.000000 
0.000000 
0.000000 
0.000000 
0.000000 
0.000000 
0.000000 
0.000000 
0.000000 
0.000000 
0.000000 
0.000000 
0.000000 
0.000000 
0.000000 
0.000000 
0.000000 
0.000000 
0.000000 
0.000000 
0.000000 
0.000000 
0.000000 
0.000000 
0.000000 
0.000000 
0.000000 
0.000000 
0.000000 
0.000000 
0.000000 
0.000000 
0.000000 
0.000000 
0.000000 
0.000000 
0.000000 
0.000000 
0.000000 
0.000000 
0.000000 
0.000000 
0.000000 
0.000000 
0.000000 
0.000000 
0.000000 
0.000000 
0.000000 
0.000000 
0.000000 
0.000000 
0.000000 
0.000000 
0.000000 
0.000000 
0.000000 
0.000000 
0.000000 
0.000000 
0.000000 
0.000000 
0.000000 
0.000000 
0.000000 
0.000000 
0.000000 
0.000000 
0.000000 
0.000000 
0.000000 
0.000000 
0.000000 
0.000000 
0.000000 
0.000000 
0.000000 
0.000000 
0.000000 
0.000000 
0.000000 
0.000000 
0.000000 
0.000000 
0.000000 
0.000000 
0.000000 
0.000000 
0.000000 
0.000000 
0.000000 
0.000000 
0.000000 
0.000000 
0.000000 
0.000000 
0.000000 
0.000000 
0.000000 
0.000000 
0.000000 
0.000000 
0.000000 
0.000000 
0.000000 
0.000000 
0.000000 
0.000000 
0.000000 
0.000000 
0.000000 
0.000000 
0.000000 
0.000000 
0.000000 
0.000000 
0.000000 
0.000000 
0.000000 
0.000000 
0.000000 
0.000000 
0.000000 
0.000000 
0.000000 
0.000000 
0.000000 
0.000000 
0.000000 
0.000000 
0.000000 
0.000000 
0.000000 
0.000000 
0.000000 
0.000000 
0.000000 
0.000000 
0.000000 
0.000000 
0.000000 
0.000000 
0.000000 
0.000000 
0.000000 
0.000000 
0.000000 
0.000000 
0.000000 
0.000000 
0.000000 
0.000000 
0.000000 
0.000000 
0.000000 
0.000000 
0.000000 
0.000000 
0.000000 
0.000000 
0.000000 
0.000000 
0.000000 
0.000000 
0.000000 
0.000000 
0.000000 
0.000000 
0.000000 
0.000000 
0.000000 
0.000000 
0.000000 
0.000000 
0.000000 
0.000000 
0.000000 
0.000000 
0.000000 
0.000000 
0.000000 
0.000000 
0.000000 
0.000000 
0.000000 
0.000000 
0.000000 
0.000000 
0.000000 
0.000000 
0.000000 
0.000000 
0.000000 
0.000000 
0.000000 
0.000000 
0.000000 
0.000000 
0.000000 
0.000000 
0.000000 
0.000000 
0.000000 
0.000000 
0.000000 
0.000000 
0.000000 
0.000000 
0.000000 
0.000000 
0.000000 
0.000000 
0.000000 
0.000000 
0.000000 
0.000000 
0.000000 
0.000000 
0.000000 
0.000000 
0.000000 
0.000000 
0.000000 
0.000000 
0.000000 
0.000000 
0.000000 
0.000000 
0.000000 
0.000000 
0.000000 
0.000000 
0.000000 
0.000000 
0.000000 
0.000000 
0.000000 
0.000000 
0.000000 
0.000000 
0.000000 
0.000000 
0.000000 
0.000000 
0.000000 
0.000000 
0.000000 
0.000000 
0.000000 
0.000000 
0.000000 
0.000000 
0.000000 
0.000000 
0.000000 
0.000000 
0.000000 
0.000000 
0.000000 
0.000000 
0.000000 
0.000000 
0.000000 
0.000000 
0.000000 
0.000000 
0.000000 
0.000000 
0.000000 
0.000000 
0.000000 
0.000000 
0.000000 
0.000000 
0.000000 
0.000000 
0.000000 
0.000000 
0.000000 
0.000000 
0.000000 
0.000000 
0.000000 
0.000000 
0.000000 
0.000000 
0.000000 
0.000000 
0.000000 
0.000000 
0.000000 
0.000000 
0.000000 
0.000000 
0.000000 
0.000000 
0.000000 
0.000000 
0.000000 
0.000000 
0.000000 
0.000000 
0.000000 
0.000000 
0.000000 
0.000000 
0.000000 
0.000000 
0.000000 
0.000000 
0.000000 
0.000000 
0.000000 
0.000000 
0.000000 
0.000000 
0.000000 
0.000000 
0.000000 
0.000000 
0.000000 
0.000000 
0.000000 
0.000000 
0.000000 
0.000000 
0.000000 
0.000000 
0.000000 
0.000000 
0.000000 
0.000000 
0.000000 
0.000000 
0.000000 
0.000000 
0.000000 
0.000000 
0.000000 
0.000000 
0.000000 
0.000000 
0.000000 
0.000000 
0.000000 
0.000000 
0.000000 
0.000000 
0.000000 
0.000000 
0.000000 
0.000000 
0.000000 
0.000000 
0.000000 
0.000000 
0.000000 
0.000000 
0.000000 
0.000000 
0.000000 
0.000000 
0.000000 
0.000000 
0.000000 
0.000000 
0.000000 
0.000000 
0.000000 
0.000000 
0.000000 
0.000000 
0.000000 
0.000000 
0.000000 
0.000000 
0.000000 
0.000000 
0.000000 
0.000000 
0.000000 
0.000000 
0.000000 
0.000000 
0.000000 
0.000000 
0.000000 
0.000000 
0.992503 
0.992382 
0.994591 
0.992403 
0.991656 
0.993543 
0.990874 
0.991475 
0.992482 
0.991728 
0.990179 
0.993798 
0.992630 
0.990255 
0.994380 
0.992539 
0.991012 
0.989332 
0.991572 
0.991272 
0.989450 
0.991451 
0.990515 
0.991379 
0.992524 
0.993245 
0.992508 
0.992943 
0.993043 
0.990590 
0.992650 
0.988407 
0.992022 
0.991937 
0.991450 
0.988197 
0.993698 
0.990090 
0.989678 
0.990924 
0.992107 
0.989568 
0.991711 
0.990379 
0.993144 
0.990479 
0.989700 
0.990044 
0.993239 
0.989863 
0.991758 
0.993034 
0.990165 
0.989862 
0.990420 
0.989921 
0.991058 
0.991630 
0.987462 
0.992476 
0.994525 
0.992660 
0.988782 
0.992209 
0.993093 
0.990042 
0.990218 
0.993630 
0.989402 
0.993746 
0.992825 
0.989094 
0.992130 
0.991842 
0.991332 
0.990021 
0.990963 
0.991562 
0.990828 
0.991951 
0.992349 
0.989502 
0.990976 
0.989138 
0.993556 
0.990961 
0.991842 
0.990501 
0.992320 
0.993617 
0.990238 
0.989535 
0.992833 
0.992427 
0.993360 
0.990664 
0.990527 
0.990788 
0.990682 
0.996426 
0.991513 
-0.028160 
-0.028163 
-0.028495 
-0.028138 
-0.028020 
-0.028286 
-0.027916 
-0.028028 
-0.028089 
-0.027975 
-0.027759 
-0.028383 
-0.028123 
-0.027759 
-0.028435 
-0.028173 
-0.027814 
-0.027605 
-0.028035 
-0.027907 
-0.027598 
-0.028010 
-0.027831 
-0.028034 
-0.028156 
-0.028303 
-0.028139 
-0.028263 
-0.028240 
-0.027807 
-0.028171 
-0.027455 
-0.028069 
-0.028076 
-0.028078 
-0.027445 
-0.028291 
-0.027721 
-0.027610 
-0.027861 
-0.028088 
-0.027623 
-0.028011 
-0.027699 
-0.028313 
-0.027767 
-0.027653 
-0.027705 
-0.028295 
-0.027729 
-0.028078 
-0.028190 
-0.027703 
-0.027728 
-0.027768 
-0.027681 
-0.027908 
-0.027949 
-0.027384 
-0.028077 
-0.028457 
-0.028224 
-0.027543 
-0.028053 
-0.028248 
-0.027790 
-0.027811 
-0.028329 
-0.027688 
-0.028270 
-0.028232 
-0.027472 
-0.028051 
-0.027985 
-0.027971 
-0.027740 
-0.027818 
-0.027976 
-0.027877 
-0.028039 
-0.028122 
-0.027629 
-0.027841 
-0.027569 
-0.028357 
-0.027854 
-0.028043 
-0.027800 
-0.028156 
-0.028267 
-0.027699 
-0.027612 
-0.028222 
-0.028119 
-0.028251 
-0.027851 
-0.027793 
-0.027908 
-0.027836 
-0.028857 
-0.027976 
0.000000 
0.000000 
0.000000 
0.000000 
0.000000 
0.000000 
0.000000 
0.000000 
0.000000 
0.000000 
0.000000 
0.000000 
0.000000 
0.000000 
0.000000 
0.000000 
0.000000 
0.000000 
0.000000 
0.000000 
0.000000 
0.000000 
0.000000 
0.000000 
0.000000 
0.000000 
0.000000 
0.000000 
0.000000 
0.000000 
0.000000 
0.000000 
0.000000 
0.000000 
0.000000 
0.000000 
0.000000 
0.000000 
0.000000 
0.000000 
0.000000 
0.000000 
0.000000 
0.000000 
0.000000 
0.000000 
0.000000 
0.000000 
0.000000 
0.000000 
0.000000 
0.000000 
0.000000 
0.000000 
0.000000 
0.000000 
0.000000 
0.000000 
0.000000 
0.000000 
0.000000 
0.000000 
0.000000 
0.000000 
0.000000 
0.000000 
0.000000 
0.000000 
0.000000 
0.000000 
0.000000 
0.000000 
0.000000 
0.000000 
0.000000 
0.000000 
0.000000 
0.000000 
0.000000 
0.000000 
0.000000 
0.000000 
0.000000 
0.000000 
0.000000 
0.000000 
0.000000 
0.000000 
0.000000 
0.000000 
0.000000 
0.000000 
0.000000 
0.000000 
0.000000 
0.000000 
0.000000 
0.000000 
0.000000 
0.000000 
0.000000 
0.000000 
0.000000 
0.000000 
0.000000 
0.000000 
0.000000 
0.000000 
0.000000 
0.000000 
0.000000 
0.000000 
0.000000 
0.000000 
0.000000 
0.000000 
0.000000 
0.000000 
0.000000 
0.000000 
0.000000 
0.000000 
0.000000 
0.000000 
0.000000 
0.000000 
0.000000 
0.000000 
0.000000 
0.000000 
0.000000 
0.000000 
0.000000 
0.000000 
0.000000 
0.000000 
0.000000 
0.000000 
0.000000 
0.000000 
0.000000 
0.000000 
0.000000 
0.000000 
0.000000 
0.000000 
0.000000 
0.000000 
0.000000 
0.000000 
0.000000 
0.000000 
0.000000 
0.000000 
0.000000 
0.000000 
0.000000 
0.000000 
0.000000 
0.000000 
0.000000 
0.000000 
0.000000 
0.000000 
0.000000 
0.000000 
0.000000 
0.000000 
0.000000 
0.000000 
0.000000 
0.000000 
0.000000 
0.000000 
0.000000 
0.000000 
0.000000 
0.000000 
0.000000 
0.000000 
0.000000 
0.000000 
0.000000 
0.000000 
0.000000 
0.000000 
0.000000 
0.000000 
0.000000 
0.000000 
0.000000 
0.000000 
0.000000 
0.000000 
0.000000 
0.000000 
0.000000 
0.000000 
0.000000 
0.000000 
0.000000 
0.000000 
0.000000 
0.000000 
0.000000 
0.000000 
0.000000 
0.000000 
0.000000 
0.000000 
0.000000 
0.000000 
0.000000 
0.000000 
0.000000 
0.000000 
0.000000 
0.000000 
0.000000 
0.000000 
0.000000 
0.000000 
0.000000 
0.000000 
0.000000 
0.000000 
0.000000 
0.000000 
0.000000 
0.000000 
0.000000 
0.000000 
0.000000 
0.000000 
0.000000 
0.000000 
0.000000 
0.000000 
0.000000 
0.000000 
0.000000 
0.000000 
0.000000 
0.000000 
0.000000 
0.000000 
0.000000 
0.000000 
0.000000 
0.000000 
0.000000 
0.000000 
0.000000 
0.000000 
0.000000 
0.000000 
0.000000 
0.000000 
0.000000 
0.000000 
0.000000 
0.000000 
0.000000 
0.000000 
0.000000 
0.000000 
0.000000 
0.000000 
0.000000 
0.000000 
0.000000 
0.000000 
0.000000 
0.000000 
0.000000 
0.000000 
0.000000 
0.000000 
0.000000 
0.000000 
0.000000 
0.000000 
0.000000 
0.000000 
0.000000 
0.000000 
0.000000 
0.000000 
0.000000 
0.000000 
0.000000 
0.000000 
0.000000 
0.000000 
0.000000 
0.000000 
0.000000 
0.000000 
0.000000 
0.000000 
0.000000 
0.000000 
0.000000 
-0.354869 
-0.354824 
-0.354817 
-0.355175 
-0.355590 
-0.354602 
-0.355452 
-0.355618 
-0.354666 
-0.355258 
-0.356751 
-0.355524 
-0.355209 
-0.355509 
-0.354917 
-0.355436 
-0.355929 
-0.356302 
-0.355712 
-0.355470 
-0.356062 
-0.355487 
-0.356606 
-0.355946 
-0.355427 
-0.354874 
-0.355493 
-0.355122 
-0.354974 
-0.355378 
-0.355254 
-0.355803 
-0.355550 
-0.355600 
-0.356320 
-0.356896 
-0.355689 
-0.355961 
-0.356036 
-0.355717 
-0.355183 
-0.356411 
-0.355039 
-0.356427 
-0.355172 
-0.355679 
-0.355450 
-0.355868 
-0.355383 
-0.356261 
-0.355843 
-0.355287 
-0.355873 
-0.356056 
-0.355539 
-0.355901 
-0.355189 
-0.356278 
-0.356668 
-0.355209 
-0.354932 
-0.355252 
-0.355966 
-0.355023 
-0.354920 
-0.355799 
-0.356058 
-0.355322 
-0.356460 
-0.354593 
-0.355484 
-0.355397 
-0.355251 
-0.355615 
-0.355471 
-0.356130 
-0.355703 
-0.355532 
-0.356089 
-0.355484 
-0.355470 
-0.356406 
-0.355343 
-0.355834 
-0.355099 
-0.356363 
-0.355554 
-0.355563 
-0.355965 
-0.355339 
-0.355628 
-0.356087 
-0.355062 
-0.355265 
-0.354908 
-0.355875 
-0.356688 
-0.355625 
-0.355834 
-0.353602 
-0.355589 
1.237859 
1.237774 
1.236921 
1.238207 
1.239090 
1.237477 
1.239273 
1.238870 
1.237883 
1.239169 
1.241259 
1.238356 
1.238388 
1.239790 
1.237375 
1.238733 
1.240239 
1.241229 
1.239274 
1.239451 
1.240707 
1.239005 
1.240900 
1.239182 
1.238686 
1.237648 
1.238766 
1.237638 
1.237754 
1.239575 
1.238295 
1.240606 
1.238872 
1.239152 
1.239774 
1.242045 
1.238966 
1.240319 
1.240679 
1.239707 
1.238395 
1.241389 
1.238488 
1.241398 
1.237870 
1.240143 
1.240077 
1.240249 
1.238149 
1.240663 
1.239082 
1.238666 
1.240549 
1.240525 
1.239838 
1.240373 
1.238931 
1.240383 
1.241900 
1.238874 
1.237008 
1.238258 
1.240626 
1.238753 
1.237733 
1.239900 
1.240208 
1.238095 
1.240980 
1.237663 
1.238511 
1.240776 
1.238457 
1.239469 
1.239113 
1.240541 
1.239973 
1.239344 
1.240134 
1.238954 
1.238751 
1.241467 
1.239452 
1.240700 
1.237850 
1.240679 
1.239015 
1.239929 
1.239299 
1.238579 
1.239940 
1.240646 
1.237856 
1.238488 
1.237846 
1.239791 
1.241266 
1.239368 
1.239860 
1.234603 
1.239301 
