0.970396 
0.970384 
0.970277 
0.970394 
0.970335 
0.969870 
0.969885 
0.969753 
0.969847 
0.969743 
0.969629 
0.969858 
0.970160 
0.970069 
0.970132 
0.969608 
0.969265 
0.970801 
0.970246 
0.969862 
0.970282 
0.969711 
0.970715 
0.970395 
0.970048 
0.970030 
0.970081 
0.969993 
0.969816 
0.969862 
0.970154 
0.969670 
0.970132 
0.970315 
0.969517 
0.970518 
0.969943 
0.970306 
0.969562 
0.969782 
0.969497 
0.970001 
0.969885 
0.969639 
0.970051 
0.970142 
0.970504 
0.969883 
0.969816 
0.969386 
0.970134 
0.969738 
0.970030 
0.970082 
0.969810 
0.969936 
0.970024 
0.970216 
0.970076 
0.969805 
0.969965 
0.969712 
0.970176 
0.969263 
0.970333 
0.969241 
0.969816 
0.969655 
0.970027 
0.970176 
0.970568 
0.969973 
0.969685 
0.970077 
0.969665 
0.970265 
0.970003 
0.969564 
0.970128 
0.970105 
0.969872 
0.970063 
0.970010 
0.969642 
0.970819 
0.969824 
0.970276 
0.970358 
0.969700 
0.970292 
0.970243 
0.969710 
0.969891 
0.969865 
0.970101 
0.969758 
0.969856 
0.970546 
0.969950 
0.970110 
0.969986 
0.000000 
0.000000 
0.000000 
0.000000 
0.000000 
0.000000 
0.000000 
0.000000 
0.000000 
0.000000 
0.000000 
0.000000 
0.000000 
0.000000 
0.000000 
0.000000 
0.000000 
0.000000 
0.000000 
0.000000 
0.000000 
0.000000 
0.000000 
0.000000 
0.000000 
0.000000 
0.000000 
0.000000 
0.000000 
0.000000 
0.000000 
0.000000 
0.000000 
0.000000 
0.000000 
0.000000 
0.000000 
0.000000 
0.000000 
0.000000 
0.000000 
0.000000 
0.000000 
0.000000 
0.000000 
0.000000 
0.000000 
0.000000 
0.000000 
0.000000 
0.000000 
0.000000 
0.000000 
0.000000 
0.000000 
0.000000 
0.000000 
0.000000 
0.000000 
0.000000 
0.000000 
0.000000 
0.000000 
0.000000 
0.000000 
0.000000 
0.000000 
0.000000 
0.000000 
0.000000 
0.000000 
0.000000 
0.000000 
0.000000 
0.000000 
0.000000 
0.000000 
0.000000 
0.000000 
0.000000 
0.000000 
0.000000 
0.000000 
0.000000 
0.000000 
0.000000 
0.000000 
0.000000 
0.000000 
0.000000 
0.000000 
0.000000 
0.000000 
0.000000 
0.000000 
0.000000 
0.000000 
0.000000 
0.000000 
0.000000 
0.000000 
0.000000 
0.000000 
0.000000 
0.000000 
0.000000 
0.000000 
0.000000 
0.000000 
0.000000 
0.000000 
0.000000 
0.000000 
0.000000 
0.000000 
0.000000 
0.000000 
0.000000 
0.000000 
0.000000 
0.000000 
0.000000 
0.000000 
0.000000 
0.000000 
0.000000 
0.000000 
0.000000 
0.000000 
0.000000 
0.000000 
0.000000 
0.000000 
0.000000 
0.000000 
0.000000 
0.000000 
0.000000 
0.000000 
0.000000 
0.000000 
0.000000 
0.000000 
0.000000 
0.000000 
0.000000 
0.000000 
0.000000 
0.000000 
0.000000 
0.000000 
0.000000 
0.000000 
0.000000 
0.000000 
0.000000 
0.000000 
0.000000 
0.000000 
0.000000 
0.000000 
0.000000 
0.000000 
0.000000 
0.000000 
0.000000 
0.000000 
0.000000 
0.000000 
0.000000 
0.000000 
0.000000 
0.000000 
0.000000 
0.000000 
0.000000 
0.000000 
0.000000 
0.000000 
0.000000 
0.000000 
0.000000 
0.000000 
0.000000 
0.000000 
0.000000 
0.000000 
0.000000 
0.000000 
0.000000 
0.000000 
0.000000 
0.000000 
0.000000 
0.000000 
0.000000 
0.000000 
0.000000 
0.000000 
0.000000 
0.000000 
0.000000 
0.000000 
0.000000 
0.000000 
0.000000 
0.000000 
0.000000 
0.000000 
0.000000 
0.000000 
0.000000 
0.000000 
0.000000 
0.000000 
0.000000 
0.000000 
0.000000 
0.000000 
0.000000 
0.000000 
0.000000 
0.000000 
0.000000 
0.000000 
0.000000 
0.000000 
0.000000 
0.000000 
0.000000 
0.000000 
0.000000 
0.000000 
0.000000 
0.000000 
0.000000 
0.000000 
0.000000 
0.000000 
0.000000 
0.000000 
0.000000 
0.000000 
0.000000 
0.000000 
0.000000 
0.000000 
0.000000 
0.000000 
0.000000 
0.000000 
0.000000 
0.000000 
0.000000 
0.000000 
0.000000 
0.000000 
0.000000 
0.000000 
0.000000 
0.000000 
0.000000 
0.000000 
0.000000 
0.000000 
0.000000 
0.000000 
0.000000 
0.000000 
0.000000 
0.000000 
0.000000 
0.000000 
0.000000 
0.000000 
0.000000 
0.000000 
0.000000 
0.000000 
0.000000 
0.000000 
0.000000 
0.000000 
0.000000 
0.000000 
0.000000 
0.000000 
0.000000 
0.000000 
0.000000 
0.000000 
0.000000 
0.000000 
0.000000 
0.000000 
0.000000 
0.000000 
0.000000 
0.000000 
0.000000 
0.000000 
0.000000 
0.000000 
0.000000 
0.000000 
0.000000 
0.000000 
0.000000 
0.000000 
0.000000 
0.000000 
0.000000 
0.000000 
0.000000 
0.000000 
0.000000 
0.000000 
0.000000 
0.000000 
0.000000 
0.000000 
0.000000 
0.000000 
0.000000 
0.000000 
0.000000 
0.000000 
0.000000 
0.000000 
0.000000 
0.000000 
0.000000 
0.000000 
0.000000 
0.000000 
0.000000 
0.000000 
0.000000 
0.000000 
0.000000 
0.000000 
0.000000 
0.000000 
0.000000 
0.000000 
0.000000 
0.000000 
0.000000 
0.000000 
0.000000 
0.000000 
0.000000 
0.000000 
0.000000 
0.000000 
0.000000 
0.000000 
0.000000 
0.000000 
0.000000 
0.000000 
0.000000 
0.000000 
0.000000 
0.000000 
0.000000 
0.000000 
0.000000 
0.000000 
0.000000 
0.000000 
0.000000 
0.000000 
0.000000 
0.000000 
0.000000 
0.000000 
0.000000 
0.000000 
0.000000 
0.000000 
0.000000 
0.000000 
0.000000 
0.000000 
0.000000 
0.000000 
0.000000 
0.000000 
0.000000 
0.000000 
0.000000 
0.000000 
0.000000 
0.000000 
0.000000 
0.000000 
0.000000 
0.000000 
0.000000 
0.000000 
0.000000 
0.000000 
0.000000 
0.000000 
0.000000 
0.000000 
0.000000 
0.000000 
0.000000 
0.000000 
0.000000 
0.000000 
0.000000 
0.000000 
0.000000 
0.000000 
0.000000 
0.000000 
0.000000 
0.000000 
0.000000 
0.000000 
0.000000 
0.000000 
0.000000 
0.000000 
0.000000 
0.000000 
0.000000 
0.000000 
0.000000 
0.000000 
0.000000 
0.000000 
0.000000 
0.000000 
0.000000 
0.000000 
0.000000 
0.000000 
0.000000 
0.000000 
0.000000 
0.000000 
0.000000 
0.000000 
0.000000 
0.000000 
0.000000 
0.000000 
0.000000 
0.000000 
0.000000 
0.000000 
0.000000 
0.000000 
0.000000 
0.000000 
0.000000 
0.000000 
0.000000 
0.000000 
0.000000 
0.000000 
0.000000 
0.000000 
0.000000 
0.000000 
0.000000 
0.000000 
0.000000 
0.000000 
0.000000 
0.000000 
0.000000 
0.000000 
0.000000 
0.000000 
0.000000 
0.000000 
0.000000 
0.000000 
0.000000 
0.000000 
0.000000 
0.000000 
0.000000 
0.000000 
0.000000 
0.000000 
0.000000 
0.000000 
0.000000 
0.000000 
0.000000 
0.000000 
0.000000 
0.000000 
0.000000 
0.000000 
0.000000 
0.000000 
0.000000 
0.000000 
1.049203 
1.049158 
1.048945 
1.049448 
1.049307 
1.048812 
1.049094 
1.048811 
1.048789 
1.048970 
1.049028 
1.048879 
1.049071 
1.048865 
1.049251 
1.049188 
1.048936 
1.049288 
1.049086 
1.048897 
1.049169 
1.049275 
1.049527 
1.049066 
1.049092 
1.049090 
1.049045 
1.048920 
1.049085 
1.049126 
1.048940 
1.049080 
1.049013 
1.049227 
1.049081 
1.049447 
1.049059 
1.049143 
1.049126 
1.048889 
1.048870 
1.049095 
1.049059 
1.048818 
1.049145 
1.048932 
1.049403 
1.048879 
1.049071 
1.049050 
1.048996 
1.048868 
1.049013 
1.048974 
1.048911 
1.048924 
1.048812 
1.049333 
1.049110 
1.048962 
1.049001 
1.048875 
1.049213 
1.048722 
1.049164 
1.049094 
1.049094 
1.048903 
1.049257 
1.049314 
1.049017 
1.049027 
1.048969 
1.048975 
1.048898 
1.049172 
1.049003 
1.049126 
1.049104 
1.049103 
1.048745 
1.048985 
1.048970 
1.049079 
1.049376 
1.048904 
1.049125 
1.049341 
1.049346 
1.049134 
1.049189 
1.048972 
1.048996 
1.049055 
1.049189 
1.049129 
1.049025 
1.049272 
1.049263 
1.049130 
1.049078 
0.283755 
0.283212 
0.282671 
0.284665 
0.283909 
0.281433 
0.282896 
0.281756 
0.281410 
0.282818 
0.282464 
0.281747 
0.282729 
0.281898 
0.283920 
0.282923 
0.281949 
0.284542 
0.282639 
0.282171 
0.283101 
0.283720 
0.285277 
0.282868 
0.282611 
0.282259 
0.282752 
0.281605 
0.282463 
0.283223 
0.282393 
0.282254 
0.282046 
0.283554 
0.282882 
0.284666 
0.283101 
0.283080 
0.283076 
0.281434 
0.281718 
0.282562 
0.282696 
0.281634 
0.283301 
0.282672 
0.284365 
0.281885 
0.282878 
0.282304 
0.282364 
0.281335 
0.282834 
0.282770 
0.282347 
0.282305 
0.281492 
0.283950 
0.282751 
0.282157 
0.282567 
0.282185 
0.283331 
0.281254 
0.283034 
0.282843 
0.282968 
0.282015 
0.283545 
0.283689 
0.283159 
0.282527 
0.282161 
0.282536 
0.281628 
0.283203 
0.282492 
0.282752 
0.283174 
0.282711 
0.281223 
0.282707 
0.282135 
0.282738 
0.284858 
0.282273 
0.283271 
0.284023 
0.283899 
0.283298 
0.283313 
0.282322 
0.282293 
0.283008 
0.283388 
0.283048 
0.282620 
0.283912 
0.283399 
0.283331 
0.282855 
0.000000 
0.000000 
0.000000 
0.000000 
0.000000 
0.000000 
0.000000 
0.000000 
0.000000 
0.000000 
0.000000 
0.000000 
0.000000 
0.000000 
0.000000 
0.000000 
0.000000 
0.000000 
0.000000 
0.000000 
0.000000 
0.000000 
0.000000 
0.000000 
0.000000 
0.000000 
0.000000 
0.000000 
0.000000 
0.000000 
0.000000 
0.000000 
0.000000 
0.000000 
0.000000 
0.000000 
0.000000 
0.000000 
0.000000 
0.000000 
0.000000 
0.000000 
0.000000 
0.000000 
0.000000 
0.000000 
0.000000 
0.000000 
0.000000 
0.000000 
0.000000 
0.000000 
0.000000 
0.000000 
0.000000 
0.000000 
0.000000 
0.000000 
0.000000 
0.000000 
0.000000 
0.000000 
0.000000 
0.000000 
0.000000 
0.000000 
0.000000 
0.000000 
0.000000 
0.000000 
0.000000 
0.000000 
0.000000 
0.000000 
0.000000 
0.000000 
0.000000 
0.000000 
0.000000 
0.000000 
0.000000 
0.000000 
0.000000 
0.000000 
0.000000 
0.000000 
0.000000 
0.000000 
0.000000 
0.000000 
0.000000 
0.000000 
0.000000 
0.000000 
0.000000 
0.000000 
0.000000 
0.000000 
0.000000 
0.000000 
0.000000 
0.000000 
0.000000 
0.000000 
0.000000 
0.000000 
0.000000 
0.000000 
0.000000 
0.000000 
0.000000 
0.000000 
0.000000 
0.000000 
0.000000 
0.000000 
0.000000 
0.000000 
0.000000 
0.000000 
0.000000 
0.000000 
0.000000 
0.000000 
0.000000 
0.000000 
0.000000 
0.000000 
0.000000 
0.000000 
0.000000 
0.000000 
0.000000 
0.000000 
0.000000 
0.000000 
0.000000 
0.000000 
0.000000 
0.000000 
0.000000 
0.000000 
0.000000 
0.000000 
0.000000 
0.000000 
0.000000 
0.000000 
0.000000 
0.000000 
0.000000 
0.000000 
0.000000 
0.000000 
0.000000 
0.000000 
0.000000 
0.000000 
0.000000 
0.000000 
0.000000 
0.000000 
0.000000 
0.000000 
0.000000 
0.000000 
0.000000 
0.000000 
0.000000 
0.000000 
0.000000 
0.000000 
0.000000 
0.000000 
0.000000 
0.000000 
0.000000 
0.000000 
0.000000 
0.000000 
0.000000 
0.000000 
0.000000 
0.000000 
0.000000 
0.000000 
0.000000 
0.000000 
0.000000 
0.000000 
0.000000 
0.000000 
0.000000 
0.000000 
0.000000 
0.000000 
0.000000 
0.000000 
0.000000 
0.000000 
0.000000 
0.000000 
0.000000 
0.000000 
0.000000 
0.000000 
0.000000 
0.000000 
0.000000 
0.000000 
0.000000 
0.000000 
0.000000 
0.000000 
0.000000 
0.000000 
0.000000 
0.000000 
0.000000 
0.000000 
0.000000 
0.000000 
0.000000 
0.000000 
0.000000 
0.000000 
0.000000 
0.000000 
0.000000 
0.000000 
0.000000 
0.000000 
0.000000 
0.000000 
0.000000 
0.000000 
0.000000 
0.000000 
0.000000 
0.000000 
0.000000 
0.000000 
0.000000 
0.000000 
0.000000 
0.000000 
0.000000 
0.000000 
0.000000 
0.000000 
0.000000 
0.000000 
0.000000 
0.000000 
0.000000 
0.000000 
0.000000 
0.000000 
0.000000 
0.000000 
0.000000 
0.000000 
0.000000 
0.000000 
0.000000 
0.000000 
0.000000 
0.000000 
0.000000 
0.000000 
0.000000 
0.000000 
0.000000 
0.000000 
0.000000 
0.000000 
0.000000 
0.000000 
0.000000 
0.000000 
0.000000 
0.000000 
0.000000 
0.000000 
0.000000 
0.000000 
0.000000 
0.000000 
0.000000 
0.000000 
0.000000 
0.000000 
0.000000 
0.000000 
0.000000 
0.000000 
0.000000 
0.000000 
0.000000 
0.000000 
0.000000 
0.000000 
0.000000 
0.054507 
0.055008 
0.054976 
0.054969 
0.055027 
0.054981 
0.054951 
0.054704 
0.054720 
0.054959 
0.054710 
0.054680 
0.054701 
0.054356 
0.054541 
0.055274 
0.054898 
0.055184 
0.054773 
0.054755 
0.055064 
0.055714 
0.055491 
0.054579 
0.055093 
0.055162 
0.055150 
0.055196 
0.054765 
0.054906 
0.055194 
0.055276 
0.055209 
0.055034 
0.054763 
0.055181 
0.054860 
0.054868 
0.055022 
0.054812 
0.055104 
0.054804 
0.054951 
0.054626 
0.055135 
0.055141 
0.054688 
0.055106 
0.055235 
0.054857 
0.055091 
0.055085 
0.054966 
0.054672 
0.055191 
0.054625 
0.054880 
0.055498 
0.055332 
0.054815 
0.054504 
0.055047 
0.054956 
0.055192 
0.055332 
0.055337 
0.055043 
0.054939 
0.054906 
0.054917 
0.054956 
0.055192 
0.054806 
0.054929 
0.054960 
0.054918 
0.054723 
0.055043 
0.055142 
0.054688 
0.054786 
0.054766 
0.054590 
0.054691 
0.054975 
0.054700 
0.054783 
0.055058 
0.055477 
0.055015 
0.054989 
0.054878 
0.055122 
0.055163 
0.055273 
0.055112 
0.054482 
0.054386 
0.054887 
0.054878 
0.054959 
0.924629 
0.928250 
0.928139 
0.926154 
0.926896 
0.929686 
0.927799 
0.927730 
0.928447 
0.928049 
0.928036 
0.928491 
0.927432 
0.926910 
0.924797 
0.930299 
0.929985 
0.926139 
0.927697 
0.928024 
0.928145 
0.930917 
0.926711 
0.926503 
0.929522 
0.930564 
0.929250 
0.931053 
0.928244 
0.927569 
0.929812 
0.930682 
0.930637 
0.927815 
0.927440 
0.926498 
0.927865 
0.926827 
0.929106 
0.929408 
0.931299 
0.928217 
0.928581 
0.928660 
0.928311 
0.929040 
0.925018 
0.929997 
0.929444 
0.929253 
0.929098 
0.931088 
0.927369 
0.926776 
0.930423 
0.927414 
0.929502 
0.929609 
0.930322 
0.928230 
0.926575 
0.929962 
0.927687 
0.931813 
0.929849 
0.930596 
0.927989 
0.929216 
0.927240 
0.926992 
0.926829 
0.929627 
0.928496 
0.927792 
0.929469 
0.927773 
0.927279 
0.928895 
0.928617 
0.927002 
0.929454 
0.927654 
0.927939 
0.927012 
0.925163 
0.927911 
0.926707 
0.927372 
0.929869 
0.927713 
0.928151 
0.929023 
0.929977 
0.929541 
0.929111 
0.928395 
0.926442 
0.923905 
0.927350 
0.926676 
0.928208 
0.000000 
0.000000 
0.000000 
0.000000 
0.000000 
0.000000 
0.000000 
0.000000 
0.000000 
0.000000 
0.000000 
0.000000 
0.000000 
0.000000 
0.000000 
0.000000 
0.000000 
0.000000 
0.000000 
0.000000 
0.000000 
0.000000 
0.000000 
0.000000 
0.000000 
0.000000 
0.000000 
0.000000 
0.000000 
0.000000 
0.000000 
0.000000 
0.000000 
0.000000 
0.000000 
0.000000 
0.000000 
0.000000 
0.000000 
0.000000 
0.000000 
0.000000 
0.000000 
0.000000 
0.000000 
0.000000 
0.000000 
0.000000 
0.000000 
0.000000 
0.000000 
0.000000 
0.000000 
0.000000 
0.000000 
0.000000 
0.000000 
0.000000 
0.000000 
0.000000 
0.000000 
0.000000 
0.000000 
0.000000 
0.000000 
0.000000 
0.000000 
0.000000 
0.000000 
0.000000 
0.000000 
0.000000 
0.000000 
0.000000 
0.000000 
0.000000 
0.000000 
0.000000 
0.000000 
0.000000 
0.000000 
0.000000 
0.000000 
0.000000 
0.000000 
0.000000 
0.000000 
0.000000 
0.000000 
0.000000 
0.000000 
0.000000 
0.000000 
0.000000 
0.000000 
0.000000 
0.000000 
0.000000 
0.000000 
0.000000 
0.000000 
0.000000 
0.000000 
0.000000 
0.000000 
0.000000 
0.000000 
0.000000 
0.000000 
0.000000 
0.000000 
0.000000 
0.000000 
0.000000 
0.000000 
0.000000 
0.000000 
0.000000 
0.000000 
0.000000 
0.000000 
0.000000 
0.000000 
0.000000 
0.000000 
0.000000 
0.000000 
0.000000 
0.000000 
0.000000 
0.000000 
0.000000 
0.000000 
0.000000 
0.000000 
0.000000 
0.000000 
0.000000 
0.000000 
0.000000 
0.000000 
0.000000 
0.000000 
0.000000 
0.000000 
0.000000 
0.000000 
0.000000 
0.000000 
0.000000 
0.000000 
0.000000 
0.000000 
0.000000 
0.000000 
0.000000 
0.000000 
0.000000 
0.000000 
0.000000 
0.000000 
0.000000 
0.000000 
0.000000 
0.000000 
0.000000 
0.000000 
0.000000 
0.000000 
0.000000 
0.000000 
0.000000 
0.000000 
0.000000 
0.000000 
0.000000 
0.000000 
0.000000 
0.000000 
0.000000 
0.000000 
0.000000 
0.000000 
0.000000 
0.000000 
0.000000 
0.000000 
0.000000 
0.000000 
0.000000 
0.000000 
0.000000 
0.000000 
0.000000 
0.000000 
0.000000 
0.000000 
0.000000 
0.000000 
0.000000 
0.000000 
0.000000 
0.000000 
0.000000 
0.000000 
0.000000 
0.000000 
0.000000 
0.000000 
0.000000 
0.000000 
0.000000 
0.000000 
0.000000 
0.000000 
0.000000 
0.000000 
0.000000 
0.000000 
0.000000 
0.000000 
0.000000 
0.000000 
0.000000 
0.000000 
0.000000 
0.000000 
0.000000 
0.000000 
0.000000 
0.000000 
0.000000 
0.000000 
0.000000 
0.000000 
0.000000 
0.000000 
0.000000 
0.000000 
0.000000 
0.000000 
0.000000 
0.000000 
0.000000 
0.000000 
0.000000 
0.000000 
0.000000 
0.000000 
0.000000 
0.000000 
0.000000 
0.000000 
0.000000 
0.000000 
0.000000 
0.000000 
0.000000 
0.000000 
0.000000 
0.000000 
0.000000 
0.000000 
0.000000 
0.000000 
0.000000 
0.000000 
0.000000 
0.000000 
0.000000 
0.000000 
0.000000 
0.000000 
0.000000 
0.000000 
0.000000 
0.000000 
0.000000 
0.000000 
0.000000 
0.000000 
0.000000 
0.000000 
0.000000 
0.000000 
0.000000 
0.000000 
0.000000 
0.000000 
0.000000 
0.000000 
0.000000 
0.000000 
0.000000 
0.000000 
0.000000 
0.000000 
0.000000 
0.000000 
0.000000 
0.000000 
0.000000 
0.000000 
0.000000 
0.000000 
0.000000 
0.000000 
0.000000 
0.000000 
0.000000 
0.000000 
0.000000 
0.000000 
0.000000 
0.000000 
0.000000 
0.000000 
0.000000 
0.000000 
0.000000 
0.000000 
0.000000 
0.000000 
0.000000 
0.000000 
0.000000 
0.000000 
0.000000 
0.000000 
0.000000 
0.000000 
0.000000 
0.000000 
0.000000 
0.000000 
0.000000 
0.000000 
0.000000 
0.000000 
0.000000 
0.000000 
0.000000 
0.000000 
0.000000 
0.000000 
0.000000 
0.000000 
0.000000 
0.000000 
0.000000 
0.000000 
0.000000 
0.000000 
0.000000 
0.000000 
0.000000 
0.000000 
0.000000 
0.000000 
0.000000 
0.000000 
0.000000 
0.000000 
0.000000 
0.000000 
0.000000 
0.000000 
0.000000 
0.000000 
0.000000 
0.000000 
0.000000 
0.000000 
0.000000 
0.000000 
0.000000 
0.000000 
0.000000 
0.000000 
0.000000 
0.000000 
0.000000 
0.000000 
0.000000 
0.000000 
0.000000 
0.000000 
0.000000 
0.000000 
0.000000 
0.000000 
0.000000 
0.000000 
0.000000 
0.000000 
0.000000 
0.000000 
0.000000 
0.000000 
0.000000 
0.000000 
0.000000 
0.000000 
0.000000 
0.000000 
0.000000 
0.000000 
0.000000 
0.000000 
0.000000 
0.000000 
0.000000 
0.000000 
0.000000 
0.000000 
0.000000 
0.000000 
0.000000 
0.000000 
0.000000 
0.000000 
0.000000 
0.000000 
0.000000 
0.000000 
0.000000 
0.000000 
0.000000 
0.000000 
0.000000 
0.000000 
0.000000 
0.000000 
0.000000 
0.000000 
0.000000 
0.000000 
0.000000 
0.000000 
0.000000 
0.000000 
0.000000 
0.000000 
0.000000 
0.000000 
0.000000 
0.000000 
0.000000 
0.000000 
0.000000 
0.000000 
0.000000 
0.000000 
0.000000 
0.000000 
0.000000 
0.000000 
0.000000 
0.000000 
0.000000 
0.000000 
0.000000 
0.000000 
0.000000 
0.000000 
0.000000 
0.000000 
0.000000 
0.000000 
0.000000 
0.000000 
0.000000 
0.000000 
0.000000 
0.000000 
0.000000 
0.000000 
0.000000 
0.000000 
0.000000 
0.000000 
0.000000 
0.000000 
0.000000 
0.000000 
0.000000 
0.000000 
0.000000 
0.000000 
0.000000 
0.000000 
0.000000 
0.000000 
0.000000 
0.000000 
0.000000 
0.000000 
0.000000 
0.000000 
0.000000 
0.000000 
0.000000 
0.000000 
0.000000 
0.000000 
0.909344 
0.912669 
0.912031 
0.911075 
0.911312 
0.912863 
0.911585 
0.911851 
0.911751 
0.911916 
0.912006 
0.912583 
0.911701 
0.910665 
0.909103 
0.914349 
0.913940 
0.910930 
0.911587 
0.911751 
0.912050 
0.914983 
0.911222 
0.910133 
0.913070 
0.914038 
0.913195 
0.914628 
0.911903 
0.911559 
0.913433 
0.914390 
0.914110 
0.911944 
0.911314 
0.911069 
0.912463 
0.911112 
0.913175 
0.912966 
0.914845 
0.911701 
0.912172 
0.911766 
0.912356 
0.912289 
0.910080 
0.913584 
0.912903 
0.912902 
0.912913 
0.914639 
0.911415 
0.910896 
0.914077 
0.911246 
0.913425 
0.913948 
0.914585 
0.911587 
0.910650 
0.913507 
0.911937 
0.914648 
0.913711 
0.914465 
0.912031 
0.912384 
0.911809 
0.911393 
0.910661 
0.913191 
0.912328 
0.911214 
0.913074 
0.912107 
0.910855 
0.912769 
0.912571 
0.911397 
0.912670 
0.911694 
0.911746 
0.911431 
0.909840 
0.912066 
0.910241 
0.911659 
0.913671 
0.912372 
0.912654 
0.912522 
0.913385 
0.913059 
0.912980 
0.912177 
0.911211 
0.908894 
0.911271 
0.910774 
0.912145 
-0.012178 
-0.012477 
-0.012284 
-0.012547 
-0.012516 
-0.012630 
-0.012532 
-0.012501 
-0.012396 
-0.012600 
-0.012677 
-0.012552 
-0.012513 
-0.012303 
-0.012211 
-0.012914 
-0.012924 
-0.012343 
-0.012393 
-0.012430 
-0.012557 
-0.013138 
-0.012419 
-0.012241 
-0.012627 
-0.012722 
-0.012639 
-0.012738 
-0.012539 
-0.012670 
-0.012719 
-0.012798 
-0.012689 
-0.012485 
-0.012428 
-0.012465 
-0.012599 
-0.012438 
-0.012792 
-0.012551 
-0.012855 
-0.012524 
-0.012498 
-0.012358 
-0.012640 
-0.012514 
-0.012197 
-0.012653 
-0.012710 
-0.012747 
-0.012616 
-0.012724 
-0.012519 
-0.012345 
-0.012876 
-0.012401 
-0.012632 
-0.012775 
-0.012915 
-0.012429 
-0.012271 
-0.012734 
-0.012515 
-0.012913 
-0.012704 
-0.013011 
-0.012695 
-0.012631 
-0.012593 
-0.012458 
-0.012250 
-0.012646 
-0.012555 
-0.012456 
-0.012738 
-0.012585 
-0.012413 
-0.012661 
-0.012640 
-0.012487 
-0.012489 
-0.012378 
-0.012411 
-0.012515 
-0.012184 
-0.012549 
-0.012300 
-0.012521 
-0.012889 
-0.012530 
-0.012557 
-0.012536 
-0.012728 
-0.012663 
-0.012806 
-0.012668 
-0.012450 
-0.012154 
-0.012517 
-0.012406 
-0.012556 
0.000000 
0.000000 
0.000000 
0.000000 
0.000000 
0.000000 
0.000000 
0.000000 
0.000000 
0.000000 
0.000000 
0.000000 
0.000000 
0.000000 
0.000000 
0.000000 
0.000000 
0.000000 
0.000000 
0.000000 
0.000000 
0.000000 
0.000000 
0.000000 
0.000000 
0.000000 
0.000000 
0.000000 
0.000000 
0.000000 
0.000000 
0.000000 
0.000000 
0.000000 
0.000000 
0.000000 
0.000000 
0.000000 
0.000000 
0.000000 
0.000000 
0.000000 
0.000000 
0.000000 
0.000000 
0.000000 
0.000000 
0.000000 
0.000000 
0.000000 
0.000000 
0.000000 
0.000000 
0.000000 
0.000000 
0.000000 
0.000000 
0.000000 
0.000000 
0.000000 
0.000000 
0.000000 
0.000000 
0.000000 
0.000000 
0.000000 
0.000000 
0.000000 
0.000000 
0.000000 
0.000000 
0.000000 
0.000000 
0.000000 
0.000000 
0.000000 
0.000000 
0.000000 
0.000000 
0.000000 
0.000000 
0.000000 
0.000000 
0.000000 
0.000000 
0.000000 
0.000000 
0.000000 
0.000000 
0.000000 
0.000000 
0.000000 
0.000000 
0.000000 
0.000000 
0.000000 
0.000000 
0.000000 
0.000000 
0.000000 
0.000000 
0.000000 
0.000000 
0.000000 
0.000000 
0.000000 
0.000000 
0.000000 
0.000000 
0.000000 
0.000000 
0.000000 
0.000000 
0.000000 
0.000000 
0.000000 
0.000000 
0.000000 
0.000000 
0.000000 
0.000000 
0.000000 
0.000000 
0.000000 
0.000000 
0.000000 
0.000000 
0.000000 
0.000000 
0.000000 
0.000000 
0.000000 
0.000000 
0.000000 
0.000000 
0.000000 
0.000000 
0.000000 
0.000000 
0.000000 
0.000000 
0.000000 
0.000000 
0.000000 
0.000000 
0.000000 
0.000000 
0.000000 
0.000000 
0.000000 
0.000000 
0.000000 
0.000000 
0.000000 
0.000000 
0.000000 
0.000000 
0.000000 
0.000000 
0.000000 
0.000000 
0.000000 
0.000000 
0.000000 
0.000000 
0.000000 
0.000000 
0.000000 
0.000000 
0.000000 
0.000000 
0.000000 
0.000000 
0.000000 
0.000000 
0.000000 
0.000000 
0.000000 
0.000000 
0.000000 
0.000000 
0.000000 
0.000000 
0.000000 
0.000000 
0.000000 
0.000000 
0.000000 
0.000000 
0.000000 
0.000000 
0.000000 
0.000000 
0.000000 
0.000000 
0.000000 
0.000000 
0.000000 
0.000000 
0.000000 
0.000000 
0.000000 
0.000000 
0.000000 
0.000000 
0.000000 
0.000000 
0.000000 
0.000000 
0.000000 
0.000000 
0.000000 
0.000000 
0.000000 
0.000000 
0.000000 
0.000000 
0.000000 
0.000000 
0.000000 
0.000000 
0.000000 
0.000000 
0.000000 
0.000000 
0.000000 
0.000000 
0.000000 
0.000000 
0.000000 
0.000000 
0.000000 
0.000000 
0.000000 
0.000000 
0.000000 
0.000000 
0.000000 
0.000000 
0.000000 
0.000000 
0.000000 
0.000000 
0.000000 
0.000000 
0.000000 
0.000000 
0.000000 
0.000000 
0.000000 
0.000000 
0.000000 
0.000000 
0.000000 
0.000000 
0.000000 
0.000000 
0.000000 
0.000000 
0.000000 
0.000000 
0.000000 
0.000000 
0.000000 
0.000000 
0.000000 
0.000000 
0.000000 
0.000000 
0.000000 
0.000000 
0.000000 
0.000000 
0.000000 
0.000000 
0.000000 
0.000000 
0.000000 
0.000000 
0.000000 
0.000000 
0.000000 
0.000000 
0.000000 
0.000000 
0.000000 
0.000000 
0.000000 
0.000000 
0.000000 
0.000000 
0.000000 
0.000000 
0.000000 
0.000000 
0.000000 
0.000000 
0.000000 
0.000000 
0.000000 
0.000000 
0.000000 
0.000000 
-0.348717 
-0.348224 
-0.348483 
-0.349437 
-0.349083 
-0.346706 
-0.348184 
-0.345822 
-0.346930 
-0.348043 
-0.346996 
-0.346586 
-0.348031 
-0.347217 
-0.348257 
-0.347341 
-0.346341 
-0.349924 
-0.347283 
-0.347416 
-0.348252 
-0.348034 
-0.350711 
-0.348291 
-0.347705 
-0.347271 
-0.348274 
-0.346472 
-0.347520 
-0.348321 
-0.348491 
-0.346743 
-0.347222 
-0.348944 
-0.347250 
-0.349681 
-0.347437 
-0.348725 
-0.347746 
-0.345969 
-0.346286 
-0.347686 
-0.348036 
-0.346705 
-0.348753 
-0.349699 
-0.349447 
-0.346700 
-0.348606 
-0.346408 
-0.347745 
-0.346092 
-0.348099 
-0.348366 
-0.347913 
-0.347445 
-0.346502 
-0.348741 
-0.346925 
-0.347054 
-0.347005 
-0.347611 
-0.348331 
-0.346685 
-0.348172 
-0.346818 
-0.347506 
-0.347310 
-0.347855 
-0.349047 
-0.349005 
-0.348006 
-0.346603 
-0.348501 
-0.346523 
-0.347968 
-0.347811 
-0.347264 
-0.348659 
-0.347748 
-0.346576 
-0.347763 
-0.347049 
-0.346835 
-0.350775 
-0.346895 
-0.348941 
-0.348641 
-0.348815 
-0.348191 
-0.348001 
-0.346898 
-0.347288 
-0.348398 
-0.349323 
-0.348476 
-0.346583 
-0.349136 
-0.347995 
-0.348047 
-0.347973 
1.283315 
1.282831 
1.283734 
1.283358 
1.283388 
1.280558 
1.281890 
1.279910 
1.281093 
1.281619 
1.280060 
1.280174 
1.281838 
1.281061 
1.281804 
1.280592 
1.278718 
1.285718 
1.281312 
1.281342 
1.282724 
1.281575 
1.286073 
1.282577 
1.281683 
1.281141 
1.282323 
1.280884 
1.281029 
1.281703 
1.283193 
1.280251 
1.281997 
1.283607 
1.279918 
1.284157 
1.281242 
1.283329 
1.280562 
1.279576 
1.279391 
1.281263 
1.281661 
1.279903 
1.282867 
1.284557 
1.284195 
1.281191 
1.282389 
1.278588 
1.282094 
1.279690 
1.282296 
1.282419 
1.281681 
1.281616 
1.280697 
1.283060 
1.281159 
1.280816 
1.280712 
1.281029 
1.282410 
1.279681 
1.282821 
1.279303 
1.281346 
1.281128 
1.281583 
1.282866 
1.284663 
1.282276 
1.280004 
1.282677 
1.279943 
1.282352 
1.281486 
1.280499 
1.283266 
1.281921 
1.280409 
1.282282 
1.280892 
1.279945 
1.285832 
1.280613 
1.283139 
1.282872 
1.281929 
1.282874 
1.282561 
1.280328 
1.281230 
1.281916 
1.283345 
1.281918 
1.280270 
1.283813 
1.281385 
1.282221 
1.281952 
