0.976202 
0.975945 
0.975947 
0.976214 
0.976550 
0.976018 
0.976681 
0.976413 
0.976296 
0.976735 
0.977495 
0.976371 
0.976411 
0.976876 
0.976037 
0.976661 
0.977208 
0.977393 
0.976722 
0.976810 
0.977242 
0.976506 
0.977242 
0.976530 
0.976502 
0.976140 
0.976590 
0.975980 
0.976204 
0.976925 
0.976343 
0.977117 
0.976469 
0.976734 
0.976965 
0.977642 
0.976845 
0.977216 
0.977276 
0.976931 
0.976355 
0.977680 
0.976346 
0.977740 
0.976307 
0.977206 
0.976931 
0.977212 
0.976344 
0.977233 
0.976548 
0.976605 
0.977308 
0.977198 
0.976938 
0.977164 
0.976494 
0.977267 
0.977551 
0.976771 
0.975835 
0.976225 
0.977020 
0.976645 
0.976125 
0.976904 
0.977009 
0.976440 
0.977298 
0.976386 
0.976584 
0.977404 
0.976386 
0.976809 
0.976678 
0.977206 
0.976930 
0.976793 
0.977010 
0.976526 
0.976623 
0.977489 
0.976864 
0.977154 
0.976134 
0.977440 
0.976631 
0.976978 
0.976731 
0.976494 
0.977095 
0.977235 
0.976273 
0.976591 
0.976290 
0.976872 
0.977498 
0.976724 
0.977006 
0.974985 
0.976745 
0.000000 
0.000000 
0.000000 
0.000000 
0.000000 
0.000000 
0.000000 
0.000000 
0.000000 
0.000000 
0.000000 
0.000000 
0.000000 
0.000000 
0.000000 
0.000000 
0.000000 
0.000000 
0.000000 
0.000000 
0.000000 
0.000000 
0.000000 
0.000000 
0.000000 
0.000000 
0.000000 
0.000000 
0.000000 
0.000000 
0.000000 
0.000000 
0.000000 
0.000000 
0.000000 
0.000000 
0.000000 
0.000000 
0.000000 
0.000000 
0.000000 
0.000000 
0.000000 
0.000000 
0.000000 
0.000000 
0.000000 
0.000000 
0.000000 
0.000000 
0.000000 
0.000000 
0.000000 
0.000000 
0.000000 
0.000000 
0.000000 
0.000000 
0.000000 
0.000000 
0.000000 
0.000000 
0.000000 
0.000000 
0.000000 
0.000000 
0.000000 
0.000000 
0.000000 
0.000000 
0.000000 
0.000000 
0.000000 
0.000000 
0.000000 
0.000000 
0.000000 
0.000000 
0.000000 
0.000000 
0.000000 
0.000000 
0.000000 
0.000000 
0.000000 
0.000000 
0.000000 
0.000000 
0.000000 
0.000000 
0.000000 
0.000000 
0.000000 
0.000000 
0.000000 
0.000000 
0.000000 
0.000000 
0.000000 
0.000000 
0.000000 
0.000000 
0.000000 
0.000000 
0.000000 
0.000000 
0.000000 
0.000000 
0.000000 
0.000000 
0.000000 
0.000000 
0.000000 
0.000000 
0.000000 
0.000000 
0.000000 
0.000000 
0.000000 
0.000000 
0.000000 
0.000000 
0.000000 
0.000000 
0.000000 
0.000000 
0.000000 
0.000000 
0.000000 
0.000000 
0.000000 
0.000000 
0.000000 
0.000000 
0.000000 
0.000000 
0.000000 
0.000000 
0.000000 
0.000000 
0.000000 
0.000000 
0.000000 
0.000000 
0.000000 
0.000000 
0.000000 
0.000000 
0.000000 
0.000000 
0.000000 
0.000000 
0.000000 
0.000000 
0.000000 
0.000000 
0.000000 
0.000000 
0.000000 
0.000000 
0.000000 
0.000000 
0.000000 
0.000000 
0.000000 
0.000000 
0.000000 
0.000000 
0.000000 
0.000000 
0.000000 
0.000000 
0.000000 
0.000000 
0.000000 
0.000000 
0.000000 
0.000000 
0.000000 
0.000000 
0.000000 
0.000000 
0.000000 
0.000000 
0.000000 
0.000000 
0.000000 
0.000000 
0.000000 
0.000000 
0.000000 
0.000000 
0.000000 
0.000000 
0.000000 
0.000000 
0.000000 
0.000000 
0.000000 
0.000000 
0.000000 
0.000000 
0.000000 
0.000000 
0.000000 
0.000000 
0.000000 
0.000000 
0.000000 
0.000000 
0.000000 
0.000000 
0.000000 
0.000000 
0.000000 
0.000000 
0.000000 
0.000000 
0.000000 
0.000000 
0.000000 
0.000000 
0.000000 
0.000000 
0.000000 
0.000000 
0.000000 
0.000000 
0.000000 
0.000000 
0.000000 
0.000000 
0.000000 
0.000000 
0.000000 
0.000000 
0.000000 
0.000000 
0.000000 
0.000000 
0.000000 
0.000000 
0.000000 
0.000000 
0.000000 
0.000000 
0.000000 
0.000000 
0.000000 
0.000000 
0.000000 
0.000000 
0.000000 
0.000000 
0.000000 
0.000000 
0.000000 
0.000000 
0.000000 
0.000000 
0.000000 
0.000000 
0.000000 
0.000000 
0.000000 
0.000000 
0.000000 
0.000000 
0.000000 
0.000000 
0.000000 
0.000000 
0.000000 
0.000000 
0.000000 
0.000000 
0.000000 
0.000000 
0.000000 
0.000000 
0.000000 
0.000000 
0.000000 
0.000000 
0.000000 
0.000000 
0.000000 
0.000000 
0.000000 
0.000000 
0.000000 
0.000000 
0.000000 
0.000000 
0.000000 
0.000000 
0.000000 
0.000000 
0.000000 
0.000000 
0.000000 
0.000000 
0.000000 
0.000000 
0.000000 
0.000000 
0.000000 
0.000000 
0.000000 
0.000000 
0.000000 
0.000000 
0.000000 
0.000000 
0.000000 
0.000000 
0.000000 
0.000000 
0.000000 
0.000000 
0.000000 
0.000000 
0.000000 
0.000000 
0.000000 
0.000000 
0.000000 
0.000000 
0.000000 
0.000000 
0.000000 
0.000000 
0.000000 
0.000000 
0.000000 
0.000000 
0.000000 
0.000000 
0.000000 
0.000000 
0.000000 
0.000000 
0.000000 
0.000000 
0.000000 
0.000000 
0.000000 
0.000000 
0.000000 
0.000000 
0.000000 
0.000000 
0.000000 
0.000000 
0.000000 
0.000000 
0.000000 
0.000000 
0.000000 
0.000000 
0.000000 
0.000000 
0.000000 
0.000000 
0.000000 
0.000000 
0.000000 
0.000000 
0.000000 
0.000000 
0.000000 
0.000000 
0.000000 
0.000000 
0.000000 
0.000000 
0.000000 
0.000000 
0.000000 
0.000000 
0.000000 
0.000000 
0.000000 
0.000000 
0.000000 
0.000000 
0.000000 
0.000000 
0.000000 
0.000000 
0.000000 
0.000000 
0.000000 
0.000000 
0.000000 
0.000000 
0.000000 
0.000000 
0.000000 
0.000000 
0.000000 
0.000000 
0.000000 
0.000000 
0.000000 
0.000000 
0.000000 
0.000000 
0.000000 
0.000000 
0.000000 
0.000000 
0.000000 
0.000000 
0.000000 
0.000000 
0.000000 
0.000000 
0.000000 
0.000000 
0.000000 
0.000000 
0.000000 
0.000000 
0.000000 
0.000000 
0.000000 
0.000000 
0.000000 
0.000000 
0.000000 
0.000000 
0.000000 
0.000000 
0.000000 
0.000000 
0.000000 
0.000000 
0.000000 
0.000000 
0.000000 
0.000000 
0.000000 
0.000000 
0.000000 
0.000000 
0.000000 
0.000000 
0.000000 
0.000000 
0.000000 
0.000000 
0.000000 
0.000000 
0.000000 
0.000000 
0.000000 
0.000000 
0.000000 
0.000000 
0.000000 
0.000000 
0.000000 
0.000000 
0.000000 
0.000000 
0.000000 
0.000000 
0.000000 
0.000000 
0.000000 
0.000000 
0.000000 
0.000000 
0.000000 
0.000000 
0.000000 
0.000000 
0.000000 
0.000000 
0.000000 
0.000000 
0.000000 
0.000000 
0.000000 
0.000000 
0.000000 
0.000000 
0.000000 
0.000000 
0.000000 
0.000000 
0.000000 
0.000000 
0.000000 
0.000000 
0.000000 
0.000000 
0.000000 
0.000000 
0.000000 
0.000000 
0.000000 
0.000000 
0.000000 
1.114458 
1.114124 
1.114651 
1.114449 
1.114714 
1.114244 
1.114710 
1.114594 
1.114330 
1.114766 
1.115597 
1.114926 
1.114603 
1.114637 
1.114547 
1.114937 
1.115194 
1.115119 
1.114918 
1.114747 
1.114947 
1.114575 
1.115395 
1.114923 
1.114812 
1.114472 
1.114919 
1.114462 
1.114471 
1.114692 
1.114686 
1.114521 
1.114712 
1.114883 
1.115308 
1.115284 
1.115427 
1.115061 
1.114999 
1.114854 
1.114468 
1.115497 
1.114455 
1.115548 
1.114722 
1.114962 
1.114477 
1.115007 
1.114788 
1.115134 
1.114841 
1.114828 
1.115112 
1.114950 
1.114769 
1.114900 
1.114374 
1.115567 
1.114985 
1.114881 
1.114538 
1.114429 
1.114599 
1.114636 
1.114385 
1.114615 
1.114951 
1.114998 
1.115190 
1.114601 
1.114915 
1.114590 
1.114477 
1.114873 
1.114628 
1.115087 
1.114799 
1.114968 
1.115077 
1.114759 
1.114897 
1.115191 
1.114725 
1.114699 
1.114696 
1.115535 
1.114849 
1.114846 
1.115135 
1.114972 
1.114892 
1.114929 
1.114628 
1.114736 
1.114534 
1.114871 
1.115611 
1.114638 
1.114976 
1.113799 
1.114819 
0.299012 
0.299000 
0.298822 
0.299145 
0.299530 
0.298753 
0.299545 
0.299565 
0.298731 
0.299322 
0.300566 
0.299733 
0.299144 
0.299511 
0.298840 
0.299452 
0.299600 
0.300230 
0.299636 
0.299339 
0.299914 
0.299535 
0.300275 
0.299811 
0.299456 
0.298838 
0.299350 
0.299063 
0.298974 
0.299295 
0.299237 
0.299669 
0.299530 
0.299386 
0.300144 
0.300536 
0.299727 
0.299998 
0.299916 
0.299719 
0.299016 
0.300368 
0.299070 
0.300053 
0.299172 
0.299507 
0.299414 
0.299713 
0.299372 
0.300148 
0.299646 
0.299278 
0.299857 
0.299914 
0.299665 
0.299545 
0.299272 
0.300077 
0.300548 
0.299117 
0.298890 
0.299287 
0.299804 
0.299057 
0.298994 
0.299662 
0.299804 
0.299310 
0.300326 
0.298760 
0.299362 
0.299312 
0.299104 
0.299499 
0.299467 
0.299933 
0.299488 
0.299498 
0.299882 
0.299293 
0.299446 
0.300196 
0.299329 
0.299643 
0.299128 
0.300190 
0.299492 
0.299496 
0.299921 
0.299260 
0.299585 
0.299806 
0.299040 
0.299150 
0.298890 
0.299612 
0.300470 
0.299540 
0.299824 
0.297934 
0.299513 
0.000000 
0.000000 
0.000000 
0.000000 
0.000000 
0.000000 
0.000000 
0.000000 
0.000000 
0.000000 
0.000000 
0.000000 
0.000000 
0.000000 
0.000000 
0.000000 
0.000000 
0.000000 
0.000000 
0.000000 
0.000000 
0.000000 
0.000000 
0.000000 
0.000000 
0.000000 
0.000000 
0.000000 
0.000000 
0.000000 
0.000000 
0.000000 
0.000000 
0.000000 
0.000000 
0.000000 
0.000000 
0.000000 
0.000000 
0.000000 
0.000000 
0.000000 
0.000000 
0.000000 
0.000000 
0.000000 
0.000000 
0.000000 
0.000000 
0.000000 
0.000000 
0.000000 
0.000000 
0.000000 
0.000000 
0.000000 
0.000000 
0.000000 
0.000000 
0.000000 
0.000000 
0.000000 
0.000000 
0.000000 
0.000000 
0.000000 
0.000000 
0.000000 
0.000000 
0.000000 
0.000000 
0.000000 
0.000000 
0.000000 
0.000000 
0.000000 
0.000000 
0.000000 
0.000000 
0.000000 
0.000000 
0.000000 
0.000000 
0.000000 
0.000000 
0.000000 
0.000000 
0.000000 
0.000000 
0.000000 
0.000000 
0.000000 
0.000000 
0.000000 
0.000000 
0.000000 
0.000000 
0.000000 
0.000000 
0.000000 
0.000000 
0.000000 
0.000000 
0.000000 
0.000000 
0.000000 
0.000000 
0.000000 
0.000000 
0.000000 
0.000000 
0.000000 
0.000000 
0.000000 
0.000000 
0.000000 
0.000000 
0.000000 
0.000000 
0.000000 
0.000000 
0.000000 
0.000000 
0.000000 
0.000000 
0.000000 
0.000000 
0.000000 
0.000000 
0.000000 
0.000000 
0.000000 
0.000000 
0.000000 
0.000000 
0.000000 
0.000000 
0.000000 
0.000000 
0.000000 
0.000000 
0.000000 
0.000000 
0.000000 
0.000000 
0.000000 
0.000000 
0.000000 
0.000000 
0.000000 
0.000000 
0.000000 
0.000000 
0.000000 
0.000000 
0.000000 
0.000000 
0.000000 
0.000000 
0.000000 
0.000000 
0.000000 
0.000000 
0.000000 
0.000000 
0.000000 
0.000000 
0.000000 
0.000000 
0.000000 
0.000000 
0.000000 
0.000000 
0.000000 
0.000000 
0.000000 
0.000000 
0.000000 
0.000000 
0.000000 
0.000000 
0.000000 
0.000000 
0.000000 
0.000000 
0.000000 
0.000000 
0.000000 
0.000000 
0.000000 
0.000000 
0.000000 
0.000000 
0.000000 
0.000000 
0.000000 
0.000000 
0.000000 
0.000000 
0.000000 
0.000000 
0.000000 
0.000000 
0.000000 
0.000000 
0.000000 
0.000000 
0.000000 
0.000000 
0.000000 
0.000000 
0.000000 
0.000000 
0.000000 
0.000000 
0.000000 
0.000000 
0.000000 
0.000000 
0.000000 
0.000000 
0.000000 
0.000000 
0.000000 
0.000000 
0.000000 
0.000000 
0.000000 
0.000000 
0.000000 
0.000000 
0.000000 
0.000000 
0.000000 
0.000000 
0.000000 
0.000000 
0.000000 
0.000000 
0.000000 
0.000000 
0.000000 
0.000000 
0.000000 
0.000000 
0.000000 
0.000000 
0.000000 
0.000000 
0.000000 
0.000000 
0.000000 
0.000000 
0.000000 
0.000000 
0.000000 
0.000000 
0.000000 
0.000000 
0.000000 
0.000000 
0.000000 
0.000000 
0.000000 
0.000000 
0.000000 
0.000000 
0.000000 
0.000000 
0.000000 
0.000000 
0.000000 
0.000000 
0.000000 
0.000000 
0.000000 
0.000000 
0.000000 
0.000000 
0.000000 
0.000000 
0.000000 
0.000000 
0.000000 
0.000000 
0.000000 
0.000000 
0.000000 
0.000000 
0.000000 
0.000000 
0.000000 
0.000000 
0.000000 
0.000000 
0.000000 
0.000000 
0.000000 
0.000000 
0.000000 
0.000000 
0.000000 
0.000000 
0.061287 
0.061298 
0.061563 
0.061295 
0.061188 
0.061446 
0.061102 
0.061194 
0.061207 
0.061135 
0.061043 
0.061543 
0.061263 
0.060927 
0.061535 
0.061329 
0.061044 
0.060857 
0.061224 
0.061061 
0.060804 
0.061175 
0.061069 
0.061216 
0.061306 
0.061391 
0.061328 
0.061403 
0.061341 
0.060975 
0.061310 
0.060664 
0.061248 
0.061225 
0.061232 
0.060736 
0.061498 
0.060934 
0.060880 
0.061011 
0.061235 
0.060881 
0.061150 
0.060985 
0.061447 
0.060944 
0.060850 
0.060891 
0.061423 
0.060960 
0.061218 
0.061350 
0.060918 
0.060902 
0.060960 
0.060862 
0.061069 
0.061203 
0.060638 
0.061224 
0.061602 
0.061375 
0.060762 
0.061217 
0.061354 
0.060942 
0.060998 
0.061485 
0.060900 
0.061417 
0.061327 
0.060706 
0.061207 
0.061183 
0.061103 
0.060935 
0.061043 
0.061156 
0.061094 
0.061191 
0.061308 
0.060858 
0.061037 
0.060802 
0.061503 
0.061106 
0.061214 
0.060999 
0.061328 
0.061480 
0.060910 
0.060816 
0.061340 
0.061291 
0.061387 
0.061038 
0.061056 
0.061067 
0.061047 
0.061889 
0.061153 
1.017819 
1.017431 
1.020189 
1.017631 
1.016630 
1.018886 
1.015952 
1.016466 
1.017796 
1.016677 
1.014903 
1.018711 
1.017787 
1.015062 
1.019760 
1.017829 
1.016193 
1.013865 
1.016676 
1.016225 
1.014045 
1.016375 
1.015264 
1.016524 
1.017618 
1.018730 
1.017892 
1.018343 
1.018372 
1.015655 
1.017825 
1.013110 
1.017090 
1.017128 
1.016467 
1.012825 
1.018972 
1.014881 
1.014437 
1.015664 
1.017374 
1.014242 
1.016794 
1.015280 
1.018503 
1.015478 
1.014497 
1.014954 
1.018545 
1.014455 
1.016852 
1.018155 
1.014958 
1.014581 
1.015108 
1.014885 
1.016055 
1.016664 
1.011848 
1.017727 
1.020013 
1.017683 
1.013527 
1.017413 
1.018285 
1.014737 
1.015239 
1.019082 
1.014028 
1.019201 
1.018027 
1.013809 
1.017352 
1.016885 
1.016206 
1.014875 
1.015951 
1.016799 
1.015778 
1.017058 
1.017613 
1.014048 
1.015924 
1.013892 
1.018963 
1.015886 
1.016932 
1.015550 
1.017221 
1.018995 
1.015228 
1.014362 
1.018300 
1.017842 
1.018711 
1.015717 
1.015238 
1.015697 
1.015418 
1.022319 
1.016551 
0.000000 
0.000000 
0.000000 
0.000000 
0.000000 
0.000000 
0.000000 
0.000000 
0.000000 
0.000000 
0.000000 
0.000000 
0.000000 
0.000000 
0.000000 
0.000000 
0.000000 
0.000000 
0.000000 
0.000000 
0.000000 
0.000000 
0.000000 
0.000000 
0.000000 
0.000000 
0.000000 
0.000000 
0.000000 
0.000000 
0.000000 
0.000000 
0.000000 
0.000000 
0.000000 
0.000000 
0.000000 
0.000000 
0.000000 
0.000000 
0.000000 
0.000000 
0.000000 
0.000000 
0.000000 
0.000000 
0.000000 
0.000000 
0.000000 
0.000000 
0.000000 
0.000000 
0.000000 
0.000000 
0.000000 
0.000000 
0.000000 
0.000000 
0.000000 
0.000000 
0.000000 
0.000000 
0.000000 
0.000000 
0.000000 
0.000000 
0.000000 
0.000000 
0.000000 
0.000000 
0.000000 
0.000000 
0.000000 
0.000000 
0.000000 
0.000000 
0.000000 
0.000000 
0.000000 
0.000000 
0.000000 
0.000000 
0.000000 
0.000000 
0.000000 
0.000000 
0.000000 
0.000000 
0.000000 
0.000000 
0.000000 
0.000000 
0.000000 
0.000000 
0.000000 
0.000000 
0.000000 
0.000000 
0.000000 
0.000000 
0.000000 
0.000000 
0.000000 
0.000000 
0.000000 
0.000000 
0.000000 
0.000000 
0.000000 
0.000000 
0.000000 
0.000000 
0.000000 
0.000000 
0.000000 
0.000000 
0.000000 
0.000000 
0.000000 
0.000000 
0.000000 
0.000000 
0.000000 
0.000000 
0.000000 
0.000000 
0.000000 
0.000000 
0.000000 
0.000000 
0.000000 
0.000000 
0.000000 
0.000000 
0.000000 
0.000000 
0.000000 
0.000000 
0.000000 
0.000000 
0.000000 
0.000000 
0.000000 
0.000000 
0.000000 
0.000000 
0.000000 
0.000000 
0.000000 
0.000000 
0.000000 
0.000000 
0.000000 
0.000000 
0.000000 
0.000000 
0.000000 
0.000000 
0.000000 
0.000000 
0.000000 
0.000000 
0.000000 
0.000000 
0.000000 
0.000000 
0.000000 
0.000000 
0.000000 
0.000000 
0.000000 
0.000000 
0.000000 
0.000000 
0.000000 
0.000000 
0.000000 
0.000000 
0.000000 
0.000000 
0.000000 
0.000000 
0.000000 
0.000000 
0.000000 
0.000000 
0.000000 
0.000000 
0.000000 
0.000000 
0.000000 
0.000000 
0.000000 
0.000000 
0.000000 
0.000000 
0.000000 
0.000000 
0.000000 
0.000000 
0.000000 
0.000000 
0.000000 
0.000000 
0.000000 
0.000000 
0.000000 
0.000000 
0.000000 
0.000000 
0.000000 
0.000000 
0.000000 
0.000000 
0.000000 
0.000000 
0.000000 
0.000000 
0.000000 
0.000000 
0.000000 
0.000000 
0.000000 
0.000000 
0.000000 
0.000000 
0.000000 
0.000000 
0.000000 
0.000000 
0.000000 
0.000000 
0.000000 
0.000000 
0.000000 
0.000000 
0.000000 
0.000000 
0.000000 
0.000000 
0.000000 
0.000000 
0.000000 
0.000000 
0.000000 
0.000000 
0.000000 
0.000000 
0.000000 
0.000000 
0.000000 
0.000000 
0.000000 
0.000000 
0.000000 
0.000000 
0.000000 
0.000000 
0.000000 
0.000000 
0.000000 
0.000000 
0.000000 
0.000000 
0.000000 
0.000000 
0.000000 
0.000000 
0.000000 
0.000000 
0.000000 
0.000000 
0.000000 
0.000000 
0.000000 
0.000000 
0.000000 
0.000000 
0.000000 
0.000000 
0.000000 
0.000000 
0.000000 
0.000000 
0.000000 
0.000000 
0.000000 
0.000000 
0.000000 
0.000000 
0.000000 
0.000000 
0.000000 
0.000000 
0.000000 
0.000000 
0.000000 
0.000000 
0.000000 
0.000000 
0.000000 
0.000000 
0.000000 
0.000000 
0.000000 
0.000000 
0.000000 
0.000000 
0.000000 
0.000000 
0.000000 
0.000000 
0.000000 
0.000000 
0.000000 
0.000000 
0.000000 
0.000000 
0.000000 
0.000000 
0.000000 
0.000000 
0.000000 
0.000000 
0.000000 
0.000000 
0.000000 
0.000000 
0.000000 
0.000000 
0.000000 
0.000000 
0.000000 
0.000000 
0.000000 
0.000000 
0.000000 
0.000000 
0.000000 
0.000000 
0.000000 
0.000000 
0.000000 
0.000000 
0.000000 
0.000000 
0.000000 
0.000000 
0.000000 
0.000000 
0.000000 
0.000000 
0.000000 
0.000000 
0.000000 
0.000000 
0.000000 
0.000000 
0.000000 
0.000000 
0.000000 
0.000000 
0.000000 
0.000000 
0.000000 
0.000000 
0.000000 
0.000000 
0.000000 
0.000000 
0.000000 
0.000000 
0.000000 
0.000000 
0.000000 
0.000000 
0.000000 
0.000000 
0.000000 
0.000000 
0.000000 
0.000000 
0.000000 
0.000000 
0.000000 
0.000000 
0.000000 
0.000000 
0.000000 
0.000000 
0.000000 
0.000000 
0.000000 
0.000000 
0.000000 
0.000000 
0.000000 
0.000000 
0.000000 
0.000000 
0.000000 
0.000000 
0.000000 
0.000000 
0.000000 
0.000000 
0.000000 
0.000000 
0.000000 
0.000000 
0.000000 
0.000000 
0.000000 
0.000000 
0.000000 
0.000000 
0.000000 
0.000000 
0.000000 
0.000000 
0.000000 
0.000000 
0.000000 
0.000000 
0.000000 
0.000000 
0.000000 
0.000000 
0.000000 
0.000000 
0.000000 
0.000000 
0.000000 
0.000000 
0.000000 
0.000000 
0.000000 
0.000000 
0.000000 
0.000000 
0.000000 
0.000000 
0.000000 
0.000000 
0.000000 
0.000000 
0.000000 
0.000000 
0.000000 
0.000000 
0.000000 
0.000000 
0.000000 
0.000000 
0.000000 
0.000000 
0.000000 
0.000000 
0.000000 
0.000000 
0.000000 
0.000000 
0.000000 
0.000000 
0.000000 
0.000000 
0.000000 
0.000000 
0.000000 
0.000000 
0.000000 
0.000000 
0.000000 
0.000000 
0.000000 
0.000000 
0.000000 
0.000000 
0.000000 
0.000000 
0.000000 
0.000000 
0.000000 
0.000000 
0.000000 
0.000000 
0.000000 
0.000000 
0.000000 
0.000000 
0.000000 
0.000000 
0.000000 
0.000000 
0.000000 
0.000000 
0.000000 
0.000000 
0.000000 
0.000000 
0.000000 
0.000000 
0.000000 
0.000000 
0.000000 
0.992573 
0.992300 
0.994638 
0.992453 
0.991627 
0.993572 
0.990989 
0.991522 
0.992488 
0.991642 
0.990217 
0.993681 
0.992607 
0.990291 
0.994319 
0.992677 
0.991119 
0.989275 
0.991638 
0.991235 
0.989349 
0.991423 
0.990484 
0.991460 
0.992526 
0.993385 
0.992707 
0.992972 
0.993087 
0.990663 
0.992677 
0.988503 
0.992073 
0.992032 
0.991553 
0.988336 
0.993794 
0.990135 
0.989700 
0.990821 
0.992189 
0.989613 
0.991635 
0.990498 
0.993292 
0.990597 
0.989739 
0.990127 
0.993347 
0.989848 
0.991802 
0.992987 
0.990112 
0.989854 
0.990340 
0.990021 
0.991132 
0.991700 
0.987563 
0.992518 
0.994536 
0.992622 
0.988850 
0.992296 
0.993042 
0.990029 
0.990361 
0.993741 
0.989403 
0.993794 
0.992852 
0.989113 
0.992222 
0.991890 
0.991289 
0.990058 
0.991020 
0.991653 
0.990917 
0.991914 
0.992475 
0.989435 
0.990919 
0.989155 
0.993596 
0.991043 
0.991812 
0.990655 
0.992313 
0.993687 
0.990341 
0.989620 
0.992982 
0.992645 
0.993470 
0.990759 
0.990523 
0.990840 
0.990624 
0.996491 
0.991552 
-0.028174 
-0.028185 
-0.028483 
-0.028162 
-0.028033 
-0.028323 
-0.027945 
-0.028049 
-0.028082 
-0.027979 
-0.027781 
-0.028397 
-0.028112 
-0.027781 
-0.028440 
-0.028170 
-0.027836 
-0.027624 
-0.028022 
-0.027905 
-0.027586 
-0.028025 
-0.027840 
-0.028046 
-0.028149 
-0.028289 
-0.028163 
-0.028281 
-0.028228 
-0.027798 
-0.028170 
-0.027458 
-0.028092 
-0.028058 
-0.028064 
-0.027456 
-0.028325 
-0.027732 
-0.027636 
-0.027854 
-0.028083 
-0.027620 
-0.028018 
-0.027720 
-0.028317 
-0.027764 
-0.027673 
-0.027682 
-0.028294 
-0.027755 
-0.028064 
-0.028192 
-0.027702 
-0.027706 
-0.027787 
-0.027651 
-0.027907 
-0.027992 
-0.027405 
-0.028049 
-0.028494 
-0.028250 
-0.027554 
-0.028066 
-0.028249 
-0.027782 
-0.027796 
-0.028356 
-0.027691 
-0.028281 
-0.028202 
-0.027483 
-0.028072 
-0.028003 
-0.027951 
-0.027719 
-0.027841 
-0.027969 
-0.027895 
-0.028032 
-0.028144 
-0.027611 
-0.027834 
-0.027589 
-0.028374 
-0.027873 
-0.028044 
-0.027815 
-0.028173 
-0.028295 
-0.027716 
-0.027607 
-0.028229 
-0.028130 
-0.028271 
-0.027850 
-0.027815 
-0.027912 
-0.027845 
-0.028888 
-0.027983 
0.000000 
0.000000 
0.000000 
0.000000 
0.000000 
0.000000 
0.000000 
0.000000 
0.000000 
0.000000 
0.000000 
0.000000 
0.000000 
0.000000 
0.000000 
0.000000 
0.000000 
0.000000 
0.000000 
0.000000 
0.000000 
0.000000 
0.000000 
0.000000 
0.000000 
0.000000 
0.000000 
0.000000 
0.000000 
0.000000 
0.000000 
0.000000 
0.000000 
0.000000 
0.000000 
0.000000 
0.000000 
0.000000 
0.000000 
0.000000 
0.000000 
0.000000 
0.000000 
0.000000 
0.000000 
0.000000 
0.000000 
0.000000 
0.000000 
0.000000 
0.000000 
0.000000 
0.000000 
0.000000 
0.000000 
0.000000 
0.000000 
0.000000 
0.000000 
0.000000 
0.000000 
0.000000 
0.000000 
0.000000 
0.000000 
0.000000 
0.000000 
0.000000 
0.000000 
0.000000 
0.000000 
0.000000 
0.000000 
0.000000 
0.000000 
0.000000 
0.000000 
0.000000 
0.000000 
0.000000 
0.000000 
0.000000 
0.000000 
0.000000 
0.000000 
0.000000 
0.000000 
0.000000 
0.000000 
0.000000 
0.000000 
0.000000 
0.000000 
0.000000 
0.000000 
0.000000 
0.000000 
0.000000 
0.000000 
0.000000 
0.000000 
0.000000 
0.000000 
0.000000 
0.000000 
0.000000 
0.000000 
0.000000 
0.000000 
0.000000 
0.000000 
0.000000 
0.000000 
0.000000 
0.000000 
0.000000 
0.000000 
0.000000 
0.000000 
0.000000 
0.000000 
0.000000 
0.000000 
0.000000 
0.000000 
0.000000 
0.000000 
0.000000 
0.000000 
0.000000 
0.000000 
0.000000 
0.000000 
0.000000 
0.000000 
0.000000 
0.000000 
0.000000 
0.000000 
0.000000 
0.000000 
0.000000 
0.000000 
0.000000 
0.000000 
0.000000 
0.000000 
0.000000 
0.000000 
0.000000 
0.000000 
0.000000 
0.000000 
0.000000 
0.000000 
0.000000 
0.000000 
0.000000 
0.000000 
0.000000 
0.000000 
0.000000 
0.000000 
0.000000 
0.000000 
0.000000 
0.000000 
0.000000 
0.000000 
0.000000 
0.000000 
0.000000 
0.000000 
0.000000 
0.000000 
0.000000 
0.000000 
0.000000 
0.000000 
0.000000 
0.000000 
0.000000 
0.000000 
0.000000 
0.000000 
0.000000 
0.000000 
0.000000 
0.000000 
0.000000 
0.000000 
0.000000 
0.000000 
0.000000 
0.000000 
0.000000 
0.000000 
0.000000 
0.000000 
0.000000 
0.000000 
0.000000 
0.000000 
0.000000 
0.000000 
0.000000 
0.000000 
0.000000 
0.000000 
0.000000 
0.000000 
0.000000 
0.000000 
0.000000 
0.000000 
0.000000 
0.000000 
0.000000 
0.000000 
0.000000 
0.000000 
0.000000 
0.000000 
0.000000 
0.000000 
0.000000 
0.000000 
0.000000 
0.000000 
0.000000 
0.000000 
0.000000 
0.000000 
0.000000 
0.000000 
0.000000 
0.000000 
0.000000 
0.000000 
0.000000 
0.000000 
0.000000 
0.000000 
0.000000 
0.000000 
0.000000 
0.000000 
0.000000 
0.000000 
0.000000 
0.000000 
0.000000 
0.000000 
0.000000 
0.000000 
0.000000 
0.000000 
0.000000 
0.000000 
0.000000 
0.000000 
0.000000 
0.000000 
0.000000 
0.000000 
0.000000 
0.000000 
0.000000 
0.000000 
0.000000 
0.000000 
0.000000 
0.000000 
0.000000 
0.000000 
0.000000 
0.000000 
0.000000 
0.000000 
0.000000 
0.000000 
0.000000 
0.000000 
0.000000 
0.000000 
0.000000 
0.000000 
0.000000 
0.000000 
0.000000 
0.000000 
0.000000 
0.000000 
0.000000 
0.000000 
0.000000 
0.000000 
0.000000 
0.000000 
0.000000 
0.000000 
0.000000 
0.000000 
-0.354955 
-0.354835 
-0.354822 
-0.355105 
-0.355568 
-0.354616 
-0.355475 
-0.355526 
-0.354649 
-0.355328 
-0.356704 
-0.355578 
-0.355173 
-0.355571 
-0.354807 
-0.355431 
-0.355824 
-0.356310 
-0.355688 
-0.355431 
-0.356084 
-0.355495 
-0.356444 
-0.355911 
-0.355405 
-0.354770 
-0.355338 
-0.355081 
-0.354929 
-0.355331 
-0.355236 
-0.355731 
-0.355515 
-0.355449 
-0.356199 
-0.356750 
-0.355694 
-0.356018 
-0.356069 
-0.355768 
-0.355022 
-0.356454 
-0.355077 
-0.356263 
-0.355041 
-0.355608 
-0.355378 
-0.355860 
-0.355288 
-0.356265 
-0.355750 
-0.355259 
-0.355973 
-0.356002 
-0.355679 
-0.355665 
-0.355219 
-0.356246 
-0.356654 
-0.355125 
-0.354833 
-0.355202 
-0.355890 
-0.355007 
-0.354886 
-0.355710 
-0.355874 
-0.355314 
-0.356464 
-0.354629 
-0.355382 
-0.355360 
-0.355142 
-0.355537 
-0.355494 
-0.356089 
-0.355610 
-0.355546 
-0.356059 
-0.355425 
-0.355446 
-0.356324 
-0.355421 
-0.355764 
-0.355088 
-0.356325 
-0.355573 
-0.355560 
-0.355956 
-0.355246 
-0.355663 
-0.355974 
-0.355022 
-0.355140 
-0.354874 
-0.355752 
-0.356637 
-0.355582 
-0.355894 
-0.353624 
-0.355545 
1.237930 
1.237670 
1.237012 
1.238113 
1.239000 
1.237375 
1.239308 
1.238823 
1.237961 
1.239198 
1.241172 
1.238279 
1.238350 
1.239815 
1.237283 
1.238740 
1.240101 
1.241224 
1.239286 
1.239427 
1.240762 
1.238973 
1.240775 
1.239151 
1.238662 
1.237590 
1.238657 
1.237585 
1.237794 
1.239592 
1.238273 
1.240590 
1.238798 
1.239054 
1.239835 
1.241883 
1.238916 
1.240435 
1.240668 
1.239797 
1.238306 
1.241419 
1.238482 
1.241194 
1.237901 
1.240111 
1.240029 
1.240328 
1.238010 
1.240681 
1.239029 
1.238535 
1.240547 
1.240560 
1.239898 
1.240297 
1.238962 
1.240298 
1.241875 
1.238927 
1.236905 
1.238158 
1.240547 
1.238799 
1.237707 
1.239946 
1.240072 
1.238105 
1.240990 
1.237727 
1.238534 
1.240671 
1.238334 
1.239398 
1.239252 
1.240534 
1.239815 
1.239347 
1.240100 
1.238918 
1.238796 
1.241362 
1.239439 
1.240616 
1.237802 
1.240656 
1.238971 
1.239916 
1.239273 
1.238341 
1.240061 
1.240617 
1.237912 
1.238522 
1.237824 
1.239742 
1.241150 
1.239361 
1.239934 
1.234673 
1.239271 
